INFO: 12-10-2021 19:01:50 __init__(130) -- This is dronelog running on Drogno_3
INFO: 12-10-2021 19:01:51 printStatus(166) -- Started
INFO: 12-10-2021 19:01:52 printStatus(169) -- Drogno_3: connecting	battery: n.p.	kalman var: 0 0 0	 batterySag: 0	link quality: 0	flight time: 0s	pos 0.00 0.00 0.00	yaw: 0.00	msg/s 0.0
INFO: 12-10-2021 19:01:54 printStatus(169) -- Drogno_3: connecting	battery: n.p.	kalman var: 0 0 0	 batterySag: 0	link quality: 0	flight time: 0s	pos 0.00 0.00 0.00	yaw: 0.00	msg/s 0.0
INFO: 12-10-2021 19:01:55 printStatus(169) -- Drogno_3: connecting	battery: n.p.	kalman var: 0 0 0	 batterySag: 0	link quality: 0	flight time: 0s	pos 0.00 0.00 0.00	yaw: 0.00	msg/s 0.0
INFO: 12-10-2021 19:01:56 printStatus(169) -- Drogno_3: connecting	battery: n.p.	kalman var: 0 0 0	 batterySag: 0	link quality: 0	flight time: 0s	pos 0.00 0.00 0.00	yaw: 0.00	msg/s 0.0
INFO: 12-10-2021 19:01:57 printStatus(169) -- Drogno_3: connecting	battery: n.p.	kalman var: 0 0 0	 batterySag: 0	link quality: 0	flight time: 0s	pos 0.00 0.00 0.00	yaw: 0.00	msg/s 0.0
INFO: 12-10-2021 19:01:59 printStatus(169) -- Drogno_3: connecting	battery: n.p.	kalman var: 0 0 0	 batterySag: 0	link quality: 0	flight time: 0s	pos 0.00 0.00 0.00	yaw: 0.00	msg/s 0.0
INFO: 12-10-2021 19:02:00 printStatus(169) -- Drogno_3: landed	battery: n.p.	kalman var: 0 0 0	 batterySag: 0	link quality: 0	flight time: 0s	pos 0.00 0.00 0.00	yaw: 0.00	msg/s 0.0
INFO: 12-10-2021 19:02:01 printStatus(169) -- Drogno_3: landed	battery: n.p.	kalman var: 0 0 0	 batterySag: 0	link quality: 0	flight time: 0s	pos 0.00 0.00 0.00	yaw: 0.00	msg/s 0.0
INFO: 12-10-2021 19:02:03 printStatus(169) -- Drogno_3: ready	battery: 4.16	kalman var: 0.001 0.001 0.0	 batterySag: 0.639	link quality: 64	flight time: 0s	pos 0.77 0.63 -0.02	yaw: -7.48	msg/s 0.0
INFO: 12-10-2021 19:02:04 printStatus(169) -- Drogno_3: ready	battery: 4.16	kalman var: 0.001 0.001 0.001	 batterySag: 0.639	link quality: 65	flight time: 0s	pos 0.77 0.63 -0.02	yaw: -7.43	msg/s 0.0
INFO: 12-10-2021 19:02:06 printStatus(169) -- Drogno_3: ready	battery: 4.16	kalman var: 0.004 0.004 0.002	 batterySag: 0.639	link quality: 65	flight time: 0s	pos 0.75 0.62 -0.01	yaw: -7.45	msg/s 0.0
INFO: 12-10-2021 19:02:07 printStatus(169) -- Drogno_3: ready	battery: 4.16	kalman var: 0.003 0.003 0.002	 batterySag: 0.639	link quality: 64	flight time: 0s	pos 0.75 0.62 -0.01	yaw: -7.40	msg/s 0.0
INFO: 12-10-2021 19:02:08 printStatus(169) -- Drogno_3: ready	battery: 4.16	kalman var: 0.001 0.001 0.001	 batterySag: 0.639	link quality: 65	flight time: 0s	pos 0.77 0.63 -0.02	yaw: -7.40	msg/s 0.0
INFO: 12-10-2021 19:02:09 printStatus(169) -- Drogno_3: ready	battery: 4.16	kalman var: 0.001 0.001 0.001	 batterySag: 0.639	link quality: 65	flight time: 0s	pos 0.77 0.63 -0.02	yaw: -7.35	msg/s 0.0
INFO: 12-10-2021 19:02:11 printStatus(169) -- Drogno_3: ready	battery: 4.16	kalman var: 0.001 0.001 0.001	 batterySag: 0.639	link quality: 65	flight time: 0s	pos 0.77 0.63 -0.02	yaw: -7.46	msg/s 0.0
INFO: 12-10-2021 19:02:12 printStatus(169) -- Drogno_3: ready	battery: 4.16	kalman var: 0.001 0.001 0.001	 batterySag: 0.639	link quality: 63	flight time: 0s	pos 0.77 0.63 -0.02	yaw: -7.44	msg/s 0.0
INFO: 12-10-2021 19:02:13 printStatus(169) -- Drogno_3: ready	battery: 4.16	kalman var: 0.002 0.002 0.001	 batterySag: 0.639	link quality: 65	flight time: 0s	pos 0.77 0.63 -0.02	yaw: -7.41	msg/s 0.0
INFO: 12-10-2021 19:02:15 printStatus(169) -- Drogno_3: ready	battery: 4.16	kalman var: 0.0 0.0 0.001	 batterySag: 0.639	link quality: 64	flight time: 0s	pos 0.77 0.63 -0.02	yaw: -7.48	msg/s 0.0
INFO: 12-10-2021 19:02:17 printStatus(169) -- Drogno_3: ready	battery: 4.16	kalman var: 0.001 0.001 0.0	 batterySag: 0.639	link quality: 64	flight time: 0s	pos 0.77 0.63 -0.02	yaw: -7.43	msg/s 0.0
INFO: 12-10-2021 19:02:18 printStatus(169) -- Drogno_3: ready	battery: 4.16	kalman var: 0.001 0.001 0.001	 batterySag: 0.639	link quality: 64	flight time: 0s	pos 0.77 0.63 -0.02	yaw: -7.40	msg/s 0.0
INFO: 12-10-2021 19:02:19 printStatus(169) -- Drogno_3: ready	battery: 4.16	kalman var: 0.001 0.001 0.001	 batterySag: 0.639	link quality: 63	flight time: 0s	pos 0.77 0.63 -0.02	yaw: -7.43	msg/s 0.0
INFO: 12-10-2021 19:02:20 printStatus(169) -- Drogno_3: ready	battery: 4.16	kalman var: 0.001 0.001 0.001	 batterySag: 0.639	link quality: 63	flight time: 0s	pos 0.76 0.63 -0.02	yaw: -7.43	msg/s 0.0
INFO: 12-10-2021 19:02:21 printStatus(169) -- Drogno_3: ready	battery: 4.16	kalman var: 0.001 0.001 0.001	 batterySag: 0.639	link quality: 65	flight time: 0s	pos 0.77 0.63 -0.02	yaw: -7.39	msg/s 0.0
INFO: 12-10-2021 19:02:23 printStatus(169) -- Drogno_3: ready	battery: 4.16	kalman var: 0.001 0.001 0.001	 batterySag: 0.639	link quality: 65	flight time: 0s	pos 0.77 0.63 -0.02	yaw: -7.33	msg/s 0.0
INFO: 12-10-2021 19:02:24 printStatus(169) -- Drogno_3: ready	battery: 4.16	kalman var: 0.0 0.0 0.0	 batterySag: 0.639	link quality: 64	flight time: 0s	pos 0.77 0.63 -0.02	yaw: -7.39	msg/s 0.0
INFO: 12-10-2021 19:02:26 printStatus(169) -- Drogno_3: ready	battery: 4.16	kalman var: 0.002 0.002 0.001	 batterySag: 0.639	link quality: 65	flight time: 0s	pos 0.76 0.63 -0.02	yaw: -7.39	msg/s 0.0
INFO: 12-10-2021 19:02:27 printStatus(169) -- Drogno_3: ready	battery: 4.16	kalman var: 0.001 0.001 0.001	 batterySag: 0.639	link quality: 65	flight time: 0s	pos 0.76 0.63 -0.02	yaw: -7.41	msg/s 0.0
INFO: 12-10-2021 19:02:28 printStatus(169) -- Drogno_3: ready	battery: 4.16	kalman var: 0.001 0.001 0.001	 batterySag: 0.639	link quality: 65	flight time: 0s	pos 0.77 0.63 -0.02	yaw: -7.41	msg/s 0.0
INFO: 12-10-2021 19:02:29 printStatus(169) -- Drogno_3: ready	battery: 4.16	kalman var: 0.0 0.0 0.0	 batterySag: 0.639	link quality: 65	flight time: 0s	pos 0.77 0.63 -0.02	yaw: -7.31	msg/s 0.0
INFO: 12-10-2021 19:02:31 printStatus(169) -- Drogno_3: ready	battery: 4.16	kalman var: 0.001 0.001 0.001	 batterySag: 0.639	link quality: 64	flight time: 0s	pos 0.77 0.63 -0.02	yaw: -7.38	msg/s 0.0
INFO: 12-10-2021 19:02:32 printStatus(169) -- Drogno_3: ready	battery: 4.16	kalman var: 0.001 0.001 0.001	 batterySag: 0.639	link quality: 63	flight time: 0s	pos 0.77 0.63 -0.02	yaw: -7.47	msg/s 0.0
INFO: 12-10-2021 19:02:33 printStatus(169) -- Drogno_3: ready	battery: 4.16	kalman var: 0.001 0.001 0.001	 batterySag: 0.639	link quality: 63	flight time: 0s	pos 0.77 0.63 -0.02	yaw: -7.42	msg/s 0.0
INFO: 12-10-2021 19:02:35 printStatus(169) -- Drogno_3: ready	battery: 4.16	kalman var: 0.001 0.001 0.001	 batterySag: 0.639	link quality: 64	flight time: 0s	pos 0.77 0.63 -0.02	yaw: -7.43	msg/s 0.0
INFO: 12-10-2021 19:02:36 printStatus(169) -- Drogno_3: ready	battery: 4.16	kalman var: 0.001 0.001 0.001	 batterySag: 0.639	link quality: 65	flight time: 0s	pos 0.77 0.63 -0.02	yaw: -7.41	msg/s 0.0
INFO: 12-10-2021 19:02:37 printStatus(169) -- Drogno_3: ready	battery: 4.16	kalman var: 0.001 0.001 0.001	 batterySag: 0.639	link quality: 65	flight time: 0s	pos 0.76 0.63 -0.02	yaw: -7.44	msg/s 0.0
INFO: 12-10-2021 19:02:38 printStatus(169) -- Drogno_3: ready	battery: 4.16	kalman var: 0.001 0.001 0.001	 batterySag: 0.639	link quality: 65	flight time: 0s	pos 0.77 0.63 -0.02	yaw: -7.42	msg/s 0.0
INFO: 12-10-2021 19:02:40 printStatus(169) -- Drogno_3: ready	battery: 4.16	kalman var: 0.0 0.0 0.0	 batterySag: 0.639	link quality: 63	flight time: 0s	pos 0.77 0.63 -0.02	yaw: -7.36	msg/s 0.0
INFO: 12-10-2021 19:02:41 printStatus(169) -- Drogno_3: ready	battery: 4.16	kalman var: 0.002 0.002 0.001	 batterySag: 0.639	link quality: 65	flight time: 0s	pos 0.76 0.63 -0.02	yaw: -7.34	msg/s 0.0
INFO: 12-10-2021 19:02:43 printStatus(169) -- Drogno_3: ready	battery: 4.16	kalman var: 0.001 0.001 0.001	 batterySag: 0.639	link quality: 65	flight time: 0s	pos 0.77 0.63 -0.02	yaw: -7.45	msg/s 0.0
INFO: 12-10-2021 19:02:44 printStatus(169) -- Drogno_3: ready	battery: 4.16	kalman var: 0.001 0.001 0.001	 batterySag: 0.639	link quality: 65	flight time: 0s	pos 0.77 0.63 -0.02	yaw: -7.43	msg/s 0.0
INFO: 12-10-2021 19:02:45 printStatus(169) -- Drogno_3: ready	battery: 4.16	kalman var: 0.001 0.001 0.001	 batterySag: 0.639	link quality: 65	flight time: 0s	pos 0.76 0.63 -0.02	yaw: -7.27	msg/s 0.0
INFO: 12-10-2021 19:02:46 printStatus(169) -- Drogno_3: ready	battery: 4.16	kalman var: 0.001 0.001 0.001	 batterySag: 0.639	link quality: 65	flight time: 0s	pos 0.76 0.63 -0.02	yaw: -7.40	msg/s 0.0
INFO: 12-10-2021 19:02:48 printStatus(169) -- Drogno_3: ready	battery: 4.16	kalman var: 0.002 0.002 0.001	 batterySag: 0.639	link quality: 64	flight time: 0s	pos 0.76 0.63 -0.02	yaw: -7.26	msg/s 0.0
INFO: 12-10-2021 19:02:50 printStatus(169) -- Drogno_3: ready	battery: 4.16	kalman var: 0.003 0.003 0.002	 batterySag: 0.639	link quality: 65	flight time: 0s	pos 0.75 0.62 -0.01	yaw: -7.40	msg/s 0.0
INFO: 12-10-2021 19:02:51 printStatus(169) -- Drogno_3: ready	battery: 4.16	kalman var: 0.002 0.002 0.001	 batterySag: 0.639	link quality: 64	flight time: 0s	pos 0.76 0.63 -0.02	yaw: -7.32	msg/s 0.0
INFO: 12-10-2021 19:02:52 printStatus(169) -- Drogno_3: ready	battery: 4.16	kalman var: 0.001 0.001 0.001	 batterySag: 0.639	link quality: 64	flight time: 0s	pos 0.77 0.63 -0.02	yaw: -7.39	msg/s 0.0
INFO: 12-10-2021 19:02:53 printStatus(169) -- Drogno_3: ready	battery: 4.16	kalman var: 0.0 0.0 0.0	 batterySag: 0.639	link quality: 65	flight time: 0s	pos 0.77 0.63 -0.02	yaw: -7.44	msg/s 0.0
INFO: 12-10-2021 19:02:54 printStatus(169) -- Drogno_3: ready	battery: 4.16	kalman var: 0.001 0.001 0.001	 batterySag: 0.639	link quality: 65	flight time: 0s	pos 0.76 0.63 -0.02	yaw: -7.40	msg/s 0.0
INFO: 12-10-2021 19:02:56 printStatus(169) -- Drogno_3: ready	battery: 4.16	kalman var: 0.001 0.001 0.001	 batterySag: 0.639	link quality: 65	flight time: 0s	pos 0.76 0.63 -0.02	yaw: -7.41	msg/s 0.0
INFO: 12-10-2021 19:02:57 printStatus(169) -- Drogno_3: ready	battery: 4.16	kalman var: 0.001 0.001 0.001	 batterySag: 0.639	link quality: 65	flight time: 0s	pos 0.76 0.63 -0.02	yaw: -7.41	msg/s 0.0
INFO: 12-10-2021 19:02:58 printStatus(169) -- Drogno_3: ready	battery: 4.16	kalman var: 0.0 0.0 0.0	 batterySag: 0.639	link quality: 66	flight time: 0s	pos 0.77 0.63 -0.02	yaw: -7.38	msg/s 0.0
INFO: 12-10-2021 19:03:00 printStatus(169) -- Drogno_3: ready	battery: 4.16	kalman var: 0.0 0.0 0.0	 batterySag: 0.639	link quality: 64	flight time: 0s	pos 0.77 0.63 -0.02	yaw: -7.40	msg/s 0.0
INFO: 12-10-2021 19:03:01 printStatus(169) -- Drogno_3: ready	battery: 4.16	kalman var: 0.002 0.002 0.001	 batterySag: 0.639	link quality: 65	flight time: 0s	pos 0.76 0.63 -0.01	yaw: -7.05	msg/s 0.0
INFO: 12-10-2021 19:03:02 printStatus(169) -- Drogno_3: ready	battery: 4.16	kalman var: 0.001 0.001 0.001	 batterySag: 0.639	link quality: 65	flight time: 0s	pos 0.77 0.63 -0.02	yaw: -7.43	msg/s 0.0
INFO: 12-10-2021 19:03:03 printStatus(169) -- Drogno_3: ready	battery: 4.16	kalman var: 0.001 0.001 0.001	 batterySag: 0.639	link quality: 65	flight time: 0s	pos 0.77 0.63 -0.02	yaw: -7.31	msg/s 0.0
INFO: 12-10-2021 19:03:05 printStatus(169) -- Drogno_3: ready	battery: 4.16	kalman var: 0.001 0.001 0.001	 batterySag: 0.639	link quality: 66	flight time: 0s	pos 0.77 0.63 -0.02	yaw: -7.45	msg/s 0.0
INFO: 12-10-2021 19:03:06 printStatus(169) -- Drogno_3: ready	battery: 4.16	kalman var: 0.001 0.001 0.001	 batterySag: 0.639	link quality: 66	flight time: 0s	pos 0.76 0.63 -0.02	yaw: -7.41	msg/s 0.0
INFO: 12-10-2021 19:03:07 printStatus(169) -- Drogno_3: ready	battery: 4.16	kalman var: 0.001 0.001 0.001	 batterySag: 0.639	link quality: 65	flight time: 0s	pos 0.76 0.63 -0.02	yaw: -7.43	msg/s 0.0
INFO: 12-10-2021 19:03:08 printStatus(169) -- Drogno_3: ready	battery: 4.16	kalman var: 0.001 0.001 0.001	 batterySag: 0.639	link quality: 65	flight time: 0s	pos 0.76 0.63 -0.02	yaw: -7.41	msg/s 0.0
INFO: 12-10-2021 19:03:10 printStatus(169) -- Drogno_3: ready	battery: 4.16	kalman var: 0.001 0.001 0.001	 batterySag: 0.639	link quality: 65	flight time: 0s	pos 0.77 0.63 -0.02	yaw: -7.41	msg/s 0.0
INFO: 12-10-2021 19:03:11 printStatus(169) -- Drogno_3: ready	battery: 4.16	kalman var: 0.0 0.0 0.0	 batterySag: 0.639	link quality: 65	flight time: 0s	pos 0.77 0.63 -0.02	yaw: -7.43	msg/s 0.0
INFO: 12-10-2021 19:03:13 printStatus(169) -- Drogno_3: ready	battery: 4.16	kalman var: 0.001 0.001 0.001	 batterySag: 0.639	link quality: 65	flight time: 0s	pos 0.77 0.63 -0.02	yaw: -7.41	msg/s 0.0
INFO: 12-10-2021 19:03:14 printStatus(169) -- Drogno_3: ready	battery: 4.16	kalman var: 0.001 0.001 0.001	 batterySag: 0.639	link quality: 65	flight time: 0s	pos 0.76 0.63 -0.02	yaw: -7.35	msg/s 0.0
INFO: 12-10-2021 19:03:15 printStatus(169) -- Drogno_3: ready	battery: 4.16	kalman var: 0.002 0.002 0.001	 batterySag: 0.639	link quality: 64	flight time: 0s	pos 0.76 0.63 -0.01	yaw: -7.42	msg/s 0.0
INFO: 12-10-2021 19:03:17 printStatus(169) -- Drogno_3: ready	battery: 4.16	kalman var: 0.001 0.001 0.001	 batterySag: 0.639	link quality: 64	flight time: 0s	pos 0.77 0.63 -0.02	yaw: -7.39	msg/s 0.0
INFO: 12-10-2021 19:03:18 printStatus(169) -- Drogno_3: ready	battery: 4.16	kalman var: 0.001 0.001 0.001	 batterySag: 0.639	link quality: 64	flight time: 0s	pos 0.77 0.63 -0.02	yaw: -7.46	msg/s 0.0
INFO: 12-10-2021 19:03:19 printStatus(169) -- Drogno_3: ready	battery: 4.16	kalman var: 0.002 0.002 0.001	 batterySag: 0.639	link quality: 65	flight time: 0s	pos 0.76 0.63 -0.02	yaw: -7.14	msg/s 0.0
INFO: 12-10-2021 19:03:21 printStatus(169) -- Drogno_3: ready	battery: 4.16	kalman var: 0.001 0.001 0.001	 batterySag: 0.639	link quality: 64	flight time: 0s	pos 0.77 0.63 -0.02	yaw: -7.41	msg/s 0.0
INFO: 12-10-2021 19:03:22 printStatus(169) -- Drogno_3: ready	battery: 4.16	kalman var: 0.001 0.001 0.001	 batterySag: 0.639	link quality: 64	flight time: 0s	pos 0.76 0.63 -0.02	yaw: -7.37	msg/s 0.0
INFO: 12-10-2021 19:03:23 printStatus(169) -- Drogno_3: ready	battery: 4.16	kalman var: 0.006 0.006 0.002	 batterySag: 0.639	link quality: 65	flight time: 0s	pos 0.75 0.63 -0.01	yaw: -7.41	msg/s 0.0
INFO: 12-10-2021 19:03:24 printStatus(169) -- Drogno_3: ready	battery: 4.16	kalman var: 0.001 0.001 0.001	 batterySag: 0.639	link quality: 65	flight time: 0s	pos 0.77 0.63 -0.02	yaw: -7.42	msg/s 0.0
INFO: 12-10-2021 19:03:26 printStatus(169) -- Drogno_3: ready	battery: 4.16	kalman var: 0.001 0.001 0.001	 batterySag: 0.639	link quality: 65	flight time: 0s	pos 0.77 0.63 -0.02	yaw: -7.28	msg/s 0.0
INFO: 12-10-2021 19:03:27 printStatus(169) -- Drogno_3: ready	battery: 4.16	kalman var: 0.001 0.001 0.001	 batterySag: 0.639	link quality: 65	flight time: 0s	pos 0.77 0.63 -0.02	yaw: -7.41	msg/s 0.0
INFO: 12-10-2021 19:03:28 printStatus(169) -- Drogno_3: ready	battery: 4.16	kalman var: 0.001 0.001 0.001	 batterySag: 0.639	link quality: 65	flight time: 0s	pos 0.77 0.63 -0.02	yaw: -7.41	msg/s 0.0
INFO: 12-10-2021 19:03:30 printStatus(169) -- Drogno_3: ready	battery: 4.16	kalman var: 0.001 0.001 0.001	 batterySag: 0.639	link quality: 63	flight time: 0s	pos 0.76 0.63 -0.02	yaw: -7.37	msg/s 0.0
INFO: 12-10-2021 19:03:31 printStatus(169) -- Drogno_3: ready	battery: 4.16	kalman var: 0.001 0.001 0.001	 batterySag: 0.639	link quality: 65	flight time: 0s	pos 0.77 0.63 -0.02	yaw: -7.42	msg/s 0.0
INFO: 12-10-2021 19:03:32 printStatus(169) -- Drogno_3: ready	battery: 4.15	kalman var: 0.005 0.005 0.002	 batterySag: 0.639	link quality: 65	flight time: 0s	pos 0.75 0.63 -0.01	yaw: -7.39	msg/s 0.0
INFO: 12-10-2021 19:03:34 printStatus(169) -- Drogno_3: ready	battery: 3.87	kalman var: 0.0 0.0 0.001	 batterySag: 0.639	link quality: 67	flight time: 0s	pos 0.79 0.62 -0.00	yaw: -12.85	msg/s 0.0
INFO: 12-10-2021 19:03:36 printStatus(169) -- Drogno_3: ready	battery: 3.85	kalman var: 0.0 0.0 0.0	 batterySag: 0.639	link quality: 61	flight time: 1s	pos 0.79 0.58 0.44	yaw: -5.34	msg/s 0.0
INFO: 12-10-2021 19:03:37 printStatus(169) -- Drogno_3: ready	battery: 3.83	kalman var: 0.0 0.0 0.0	 batterySag: 0.639	link quality: 57	flight time: 2s	pos 0.77 0.62 0.83	yaw: -4.57	msg/s 0.0
INFO: 12-10-2021 19:03:38 printStatus(169) -- Drogno_3: ready	battery: 3.8	kalman var: 0.0 0.0 0.0	 batterySag: 0.639	link quality: 56	flight time: 3s	pos 0.77 0.62 0.85	yaw: -2.51	msg/s 0.0
INFO: 12-10-2021 19:03:40 printStatus(169) -- Drogno_3: ready	battery: 3.79	kalman var: 0.0 0.0 0.0	 batterySag: 0.639	link quality: 56	flight time: 5s	pos 0.77 0.61 0.85	yaw: -4.02	msg/s 0.0
INFO: 12-10-2021 19:03:41 printStatus(169) -- Drogno_3: hovering	battery: 3.79	kalman var: 0.0 0.0 0.0	 batterySag: 0.639	link quality: 57	flight time: 6s	pos 0.77 0.64 0.85	yaw: -3.00	msg/s 3.6
INFO: 12-10-2021 19:03:42 printStatus(169) -- Drogno_3: ready	battery: 3.81	kalman var: 0.0 0.0 0.0	 batterySag: 0.639	link quality: 61	flight time: 7s	pos 0.68 0.48 1.14	yaw: -0.75	msg/s 0.0
INFO: 12-10-2021 19:03:43 printStatus(169) -- Drogno_3: ready	battery: 3.78	kalman var: 0.0 0.0 0.0	 batterySag: 0.639	link quality: 62	flight time: 8s	pos 0.67 0.42 1.15	yaw: -1.16	msg/s 0.0
INFO: 12-10-2021 19:03:45 printStatus(169) -- Drogno_3: ready	battery: 3.76	kalman var: 0.0 0.0 0.0	 batterySag: 0.639	link quality: 66	flight time: 10s	pos 0.68 0.42 1.15	yaw: 0.99	msg/s 0.0
INFO: 12-10-2021 19:03:46 printStatus(169) -- Drogno_3: ready	battery: 3.76	kalman var: 0.0 0.0 0.0	 batterySag: 0.639	link quality: 66	flight time: 11s	pos 0.68 0.44 1.13	yaw: -0.61	msg/s 0.0
INFO: 12-10-2021 19:03:47 printStatus(169) -- Drogno_3: ready	battery: 3.76	kalman var: 0.0 0.0 0.0	 batterySag: 0.639	link quality: 65	flight time: 12s	pos 0.67 0.42 1.13	yaw: 3.91	msg/s 0.0
INFO: 12-10-2021 19:03:48 printStatus(169) -- Drogno_3: ready	battery: 3.76	kalman var: 0.001 0.001 0.001	 batterySag: 0.639	link quality: 67	flight time: 13s	pos 0.67 0.44 1.13	yaw: 5.39	msg/s 0.0
INFO: 12-10-2021 19:03:50 printStatus(169) -- Drogno_3: ready	battery: 3.75	kalman var: 0.002 0.002 0.001	 batterySag: 0.639	link quality: 65	flight time: 15s	pos 0.66 0.44 1.13	yaw: 3.65	msg/s 0.0
INFO: 12-10-2021 19:03:51 printStatus(169) -- Drogno_3: ready	battery: 3.74	kalman var: 0.0 0.0 0.0	 batterySag: 0.639	link quality: 68	flight time: 16s	pos 0.65 0.44 1.11	yaw: -1.80	msg/s 0.0
INFO: 12-10-2021 19:03:53 printStatus(169) -- Drogno_3: ready	battery: 3.74	kalman var: 0.002 0.002 0.001	 batterySag: 0.639	link quality: 66	flight time: 18s	pos 0.67 0.44 1.15	yaw: -0.08	msg/s 0.0
INFO: 12-10-2021 19:03:54 printStatus(169) -- Drogno_3: ready	battery: 3.73	kalman var: 0.0 0.0 0.0	 batterySag: 0.639	link quality: 68	flight time: 19s	pos 0.67 0.44 1.12	yaw: -1.83	msg/s 0.0
INFO: 12-10-2021 19:03:55 printStatus(169) -- Drogno_3: ready	battery: 3.71	kalman var: 0.0 0.0 0.0	 batterySag: 0.639	link quality: 68	flight time: 20s	pos 0.68 0.44 1.10	yaw: -1.48	msg/s 0.0
INFO: 12-10-2021 19:03:56 printStatus(169) -- Drogno_3: ready	battery: 3.72	kalman var: 0.0 0.0 0.001	 batterySag: 0.639	link quality: 65	flight time: 21s	pos 0.68 0.43 1.12	yaw: -1.07	msg/s 0.0
INFO: 12-10-2021 19:03:57 printStatus(169) -- Drogno_3: ready	battery: 3.73	kalman var: 0.001 0.001 0.001	 batterySag: 0.639	link quality: 65	flight time: 22s	pos 0.67 0.44 1.12	yaw: -0.25	msg/s 0.0
INFO: 12-10-2021 19:03:59 printStatus(169) -- Drogno_3: ready	battery: 3.72	kalman var: 0.0 0.0 0.0	 batterySag: 0.639	link quality: 65	flight time: 24s	pos 0.67 0.43 1.10	yaw: 0.67	msg/s 0.0
INFO: 12-10-2021 19:04:00 printStatus(169) -- Drogno_3: ready	battery: 3.71	kalman var: 0.0 0.0 0.0	 batterySag: 0.639	link quality: 67	flight time: 25s	pos 0.68 0.44 1.11	yaw: -6.19	msg/s 0.0
INFO: 12-10-2021 19:04:01 printStatus(169) -- Drogno_3: ready	battery: 3.7	kalman var: 0.001 0.001 0.001	 batterySag: 0.639	link quality: 65	flight time: 27s	pos 0.68 0.45 1.11	yaw: -6.08	msg/s 0.0
INFO: 12-10-2021 19:04:02 printStatus(169) -- Drogno_3: ready	battery: 3.72	kalman var: 0.0 0.0 0.0	 batterySag: 0.639	link quality: 62	flight time: 28s	pos 0.68 0.46 1.13	yaw: 2.39	msg/s 0.0
INFO: 12-10-2021 19:04:04 printStatus(169) -- Drogno_3: ready	battery: 3.71	kalman var: 0.001 0.001 0.001	 batterySag: 0.639	link quality: 65	flight time: 29s	pos 0.67 0.44 1.13	yaw: 3.41	msg/s 0.0
INFO: 12-10-2021 19:04:05 printStatus(169) -- Drogno_3: ready	battery: 3.72	kalman var: 0.001 0.001 0.001	 batterySag: 0.639	link quality: 67	flight time: 30s	pos 0.68 0.43 1.08	yaw: 5.33	msg/s 0.0
INFO: 12-10-2021 19:04:06 printStatus(169) -- Drogno_3: ready	battery: 3.7	kalman var: 0.0 0.0 0.001	 batterySag: 0.639	link quality: 65	flight time: 31s	pos 0.68 0.44 1.10	yaw: -0.14	msg/s 0.0
INFO: 12-10-2021 19:04:07 printStatus(169) -- Drogno_3: ready	battery: 3.7	kalman var: 0.0 0.0 0.0	 batterySag: 0.639	link quality: 66	flight time: 32s	pos 0.66 0.44 1.11	yaw: -1.64	msg/s 0.0
INFO: 12-10-2021 19:04:09 printStatus(169) -- Drogno_3: ready	battery: 3.69	kalman var: 0.0 0.0 0.0	 batterySag: 0.639	link quality: 65	flight time: 34s	pos 0.67 0.43 1.11	yaw: -1.38	msg/s 0.0
INFO: 12-10-2021 19:04:10 printStatus(169) -- Drogno_3: ready	battery: 3.68	kalman var: 0.0 0.0 0.0	 batterySag: 0.639	link quality: 64	flight time: 35s	pos 0.67 0.43 1.11	yaw: -0.45	msg/s 0.0
INFO: 12-10-2021 19:04:11 printStatus(169) -- Drogno_3: ready	battery: 3.66	kalman var: 0.0 0.0 0.0	 batterySag: 0.639	link quality: 65	flight time: 36s	pos 0.71 0.41 1.05	yaw: -1.22	msg/s 0.0
INFO: 12-10-2021 19:04:12 printStatus(169) -- Drogno_3: hovering	battery: 3.57	kalman var: 0.0 0.0 0.0	 batterySag: 0.639	link quality: 56	flight time: 37s	pos 0.60 0.33 0.96	yaw: 1.54	msg/s 7.3
INFO: 12-10-2021 19:04:14 printStatus(169) -- Drogno_3: hovering	battery: 3.67	kalman var: 0.001 0.001 0.001	 batterySag: 0.639	link quality: 57	flight time: 39s	pos 0.26 -0.20 1.12	yaw: -5.26	msg/s 5.5
INFO: 12-10-2021 19:04:15 printStatus(169) -- Drogno_3: hovering	battery: 3.65	kalman var: 0.0 0.0 0.0	 batterySag: 0.639	link quality: 56	flight time: 40s	pos -0.25 -0.60 0.82	yaw: -1.52	msg/s 7.3
INFO: 12-10-2021 19:04:16 printStatus(169) -- Drogno_3: hovering	battery: 3.66	kalman var: 0.0 0.0 0.0	 batterySag: 0.639	link quality: 57	flight time: 42s	pos -0.52 -0.54 0.69	yaw: 0.53	msg/s 5.5
INFO: 12-10-2021 19:04:17 printStatus(169) -- Drogno_3: hovering	battery: 3.66	kalman var: 0.002 0.002 0.001	 batterySag: 0.639	link quality: 53	flight time: 43s	pos -0.63 -0.51 0.58	yaw: -0.58	msg/s 7.3
INFO: 12-10-2021 19:04:19 printStatus(169) -- Drogno_3: hovering	battery: 3.65	kalman var: 0.009 0.009 0.002	 batterySag: 0.639	link quality: 51	flight time: 44s	pos -1.08 -0.59 0.70	yaw: -1.45	msg/s 7.3
INFO: 12-10-2021 19:04:20 printStatus(169) -- Drogno_3: moving	battery: 3.64	kalman var: 0.0 0.0 0.0	 batterySag: 0.639	link quality: 54	flight time: 45s	pos -1.36 -0.50 0.83	yaw: 2.03	msg/s 9.1
INFO: 12-10-2021 19:04:21 printStatus(169) -- Drogno_3: hovering	battery: 3.66	kalman var: 0.0 0.0 0.0	 batterySag: 0.639	link quality: 63	flight time: 47s	pos -1.68 -0.27 1.08	yaw: 0.83	msg/s 7.3
INFO: 12-10-2021 19:04:23 printStatus(169) -- Drogno_3: hovering	battery: 3.66	kalman var: 0.0 0.0 0.0	 batterySag: 0.639	link quality: 57	flight time: 48s	pos -1.87 0.14 1.21	yaw: 0.59	msg/s 7.3
INFO: 12-10-2021 19:04:24 printStatus(169) -- Drogno_3: hovering	battery: 3.67	kalman var: 0.0 0.0 0.0	 batterySag: 0.639	link quality: 61	flight time: 49s	pos -1.63 0.55 1.25	yaw: 2.99	msg/s 16.4
INFO: 12-10-2021 19:04:25 printStatus(169) -- Drogno_3: hovering	battery: 3.65	kalman var: 0.0 0.0 0.0	 batterySag: 0.639	link quality: 53	flight time: 50s	pos -0.91 1.28 1.18	yaw: 1.85	msg/s 14.5
INFO: 12-10-2021 19:04:26 printStatus(169) -- Drogno_3: hovering	battery: 3.64	kalman var: 0.0 0.0 0.0	 batterySag: 0.639	link quality: 57	flight time: 52s	pos -0.33 1.23 1.18	yaw: -0.33	msg/s 14.5
INFO: 12-10-2021 19:04:28 printStatus(169) -- Drogno_3: hovering	battery: 3.64	kalman var: 0.0 0.0 0.0	 batterySag: 0.639	link quality: 66	flight time: 53s	pos -0.02 0.75 1.33	yaw: -0.54	msg/s 18.2
INFO: 12-10-2021 19:04:29 printStatus(169) -- Drogno_3: hovering	battery: 3.64	kalman var: 0.0 0.0 0.0	 batterySag: 0.639	link quality: 56	flight time: 54s	pos 0.18 0.27 1.61	yaw: -0.58	msg/s 16.4
INFO: 12-10-2021 19:04:30 printStatus(169) -- Drogno_3: ready	battery: 3.66	kalman var: 0.001 0.001 0.001	 batterySag: 0.639	link quality: 58	flight time: 55s	pos 0.08 -0.94 1.58	yaw: -0.57	msg/s 18.2
INFO: 12-10-2021 19:04:31 printStatus(169) -- Drogno_3: hovering	battery: 3.64	kalman var: 0.0 0.0 0.0	 batterySag: 0.639	link quality: 57	flight time: 56s	pos -0.45 -1.11 1.22	yaw: 1.82	msg/s 18.2
INFO: 12-10-2021 19:04:32 printStatus(169) -- Drogno_3: hovering	battery: 3.63	kalman var: 0.0 0.0 0.0	 batterySag: 0.639	link quality: 53	flight time: 58s	pos -0.98 -1.08 0.88	yaw: -1.04	msg/s 20.0
INFO: 12-10-2021 19:04:33 printStatus(169) -- Drogno_3: hovering	battery: 3.64	kalman var: 0.002 0.002 0.001	 batterySag: 0.639	link quality: 51	flight time: 59s	pos -1.43 -0.77 0.62	yaw: 1.82	msg/s 16.4
INFO: 12-10-2021 19:04:35 printStatus(169) -- Drogno_3: hovering	battery: 3.64	kalman var: 0.0 0.0 0.0	 batterySag: 0.639	link quality: 52	flight time: 60s	pos -1.69 -0.42 0.41	yaw: 3.26	msg/s 18.2
INFO: 12-10-2021 19:04:36 printStatus(169) -- Drogno_3: hovering	battery: 3.62	kalman var: 0.0 0.0 0.0	 batterySag: 0.639	link quality: 61	flight time: 61s	pos -1.64 0.42 0.49	yaw: -2.79	msg/s 14.5
INFO: 12-10-2021 19:04:37 printStatus(169) -- Drogno_3: hovering	battery: 3.64	kalman var: 0.0 0.0 0.0	 batterySag: 0.639	link quality: 60	flight time: 62s	pos -0.44 1.08 1.26	yaw: -0.78	msg/s 18.2
INFO: 12-10-2021 19:04:38 printStatus(169) -- Drogno_3: hovering	battery: 3.63	kalman var: 0.0 0.0 0.0	 batterySag: 0.639	link quality: 58	flight time: 63s	pos 0.26 0.73 1.54	yaw: -0.32	msg/s 16.4
INFO: 12-10-2021 19:04:39 printStatus(169) -- Drogno_3: moving	battery: 3.64	kalman var: 0.0 0.0 0.0	 batterySag: 0.639	link quality: 65	flight time: 65s	pos 0.63 0.26 1.46	yaw: -1.68	msg/s 16.4
INFO: 12-10-2021 19:04:40 printStatus(169) -- Drogno_3: hovering	battery: 3.62	kalman var: 0.001 0.001 0.001	 batterySag: 0.639	link quality: 60	flight time: 66s	pos 0.77 0.03 1.21	yaw: -0.23	msg/s 16.4
INFO: 12-10-2021 19:04:42 printStatus(169) -- Drogno_3: hovering	battery: 3.61	kalman var: 0.0 0.0 0.0	 batterySag: 0.639	link quality: 67	flight time: 67s	pos 0.82 0.74 1.15	yaw: -1.00	msg/s 14.5
INFO: 12-10-2021 19:04:43 printStatus(169) -- Drogno_3: hovering	battery: 3.62	kalman var: 0.0 0.0 0.0	 batterySag: 0.639	link quality: 73	flight time: 69s	pos 0.76 0.87 1.33	yaw: 1.61	msg/s 18.2
INFO: 12-10-2021 19:04:44 printStatus(169) -- Drogno_3: hovering	battery: 3.61	kalman var: 0.0 0.0 0.0	 batterySag: 0.639	link quality: 63	flight time: 70s	pos 0.50 0.86 1.33	yaw: 1.22	msg/s 20.0
INFO: 12-10-2021 19:04:46 printStatus(169) -- Drogno_3: moving	battery: 3.61	kalman var: 0.0 0.0 0.0	 batterySag: 0.639	link quality: 56	flight time: 71s	pos 0.12 0.84 1.34	yaw: -0.08	msg/s 18.2
INFO: 12-10-2021 19:04:47 printStatus(169) -- Drogno_3: moving	battery: 3.61	kalman var: 0.0 0.0 0.0	 batterySag: 0.639	link quality: 69	flight time: 72s	pos -0.19 0.84 1.33	yaw: 0.43	msg/s 10.9
INFO: 12-10-2021 19:04:48 printStatus(169) -- Drogno_3: hovering	battery: 3.59	kalman var: 0.0 0.0 0.0	 batterySag: 0.639	link quality: 55	flight time: 73s	pos -0.96 0.77 1.32	yaw: -0.64	msg/s 10.9
INFO: 12-10-2021 19:04:50 printStatus(169) -- Drogno_3: hovering	battery: 3.59	kalman var: 0.0 0.0 0.0	 batterySag: 0.639	link quality: 64	flight time: 75s	pos -1.50 0.74 1.32	yaw: -0.34	msg/s 14.5
INFO: 12-10-2021 19:04:51 printStatus(169) -- Drogno_3: hovering	battery: 3.57	kalman var: 0.0 0.0 0.0	 batterySag: 0.639	link quality: 61	flight time: 76s	pos -1.42 1.36 0.85	yaw: -2.42	msg/s 12.7
INFO: 12-10-2021 19:04:52 printStatus(169) -- Drogno_3: hovering	battery: 3.59	kalman var: 0.0 0.0 0.0	 batterySag: 0.639	link quality: 65	flight time: 77s	pos -0.50 1.38 0.96	yaw: -0.35	msg/s 18.2
INFO: 12-10-2021 19:04:54 printStatus(169) -- Drogno_3: ready	battery: 3.6	kalman var: 0.0 0.0 0.001	 batterySag: 0.639	link quality: 59	flight time: 79s	pos 0.61 0.67 1.50	yaw: 1.30	msg/s 20.0
INFO: 12-10-2021 19:04:55 printStatus(169) -- Drogno_3: hovering	battery: 3.59	kalman var: 0.001 0.001 0.001	 batterySag: 0.639	link quality: 51	flight time: 80s	pos 0.30 0.56 1.62	yaw: 1.09	msg/s 20.0
INFO: 12-10-2021 19:04:57 printStatus(169) -- Drogno_3: hovering	battery: 3.58	kalman var: 0.0 0.0 0.0	 batterySag: 0.639	link quality: 53	flight time: 82s	pos 0.11 0.45 1.68	yaw: -1.19	msg/s 18.2
INFO: 12-10-2021 19:04:58 printStatus(169) -- Drogno_3: ready	battery: 3.58	kalman var: 0.0 0.0 0.0	 batterySag: 0.639	link quality: 58	flight time: 83s	pos -0.21 0.47 1.82	yaw: 0.66	msg/s 18.2
INFO: 12-10-2021 19:04:59 printStatus(169) -- Drogno_3: hovering	battery: 3.58	kalman var: 0.001 0.001 0.001	 batterySag: 0.639	link quality: 70	flight time: 84s	pos -0.09 0.44 1.90	yaw: 1.58	msg/s 20.0
INFO: 12-10-2021 19:05:00 printStatus(169) -- Drogno_3: hovering	battery: 3.57	kalman var: 0.0 0.0 0.0	 batterySag: 0.639	link quality: 61	flight time: 86s	pos 0.04 0.41 1.93	yaw: 2.18	msg/s 20.0
INFO: 12-10-2021 19:05:01 printStatus(169) -- Drogno_3: hovering	battery: 3.58	kalman var: 0.0 0.0 0.001	 batterySag: 0.639	link quality: 67	flight time: 87s	pos 0.03 0.40 1.94	yaw: 1.75	msg/s 25.5
INFO: 12-10-2021 19:05:03 printStatus(169) -- Drogno_3: hovering	battery: 3.57	kalman var: 0.0 0.0 0.0	 batterySag: 0.639	link quality: 80	flight time: 88s	pos 0.03 0.40 1.92	yaw: 1.11	msg/s 20.0
INFO: 12-10-2021 19:05:04 printStatus(169) -- Drogno_3: hovering	battery: 3.57	kalman var: 0.0 0.0 0.0	 batterySag: 0.639	link quality: 62	flight time: 89s	pos -0.01 0.42 1.92	yaw: 0.08	msg/s 18.2
INFO: 12-10-2021 19:05:05 printStatus(169) -- Drogno_3: ready	battery: 3.57	kalman var: 0.001 0.001 0.001	 batterySag: 0.639	link quality: 56	flight time: 90s	pos -0.04 0.45 1.93	yaw: 1.38	msg/s 18.2
INFO: 12-10-2021 19:05:06 printStatus(169) -- Drogno_3: hovering	battery: 3.56	kalman var: 0.0 0.0 0.0	 batterySag: 0.639	link quality: 60	flight time: 91s	pos -0.05 0.44 1.90	yaw: -0.54	msg/s 18.2
INFO: 12-10-2021 19:05:07 printStatus(169) -- Drogno_3: hovering	battery: 3.55	kalman var: 0.0 0.0 0.0	 batterySag: 0.639	link quality: 61	flight time: 93s	pos -0.05 0.44 1.90	yaw: -1.57	msg/s 12.7
INFO: 12-10-2021 19:05:09 printStatus(169) -- Drogno_3: ready	battery: 3.56	kalman var: 0.003 0.003 0.002	 batterySag: 0.639	link quality: 65	flight time: 94s	pos -0.06 0.45 1.92	yaw: -2.76	msg/s 1.8
INFO: 12-10-2021 19:05:10 printStatus(169) -- Drogno_3: ready	battery: 3.55	kalman var: 0.0 0.0 0.0	 batterySag: 0.639	link quality: 69	flight time: 95s	pos -0.05 0.45 1.88	yaw: -1.07	msg/s 0.0
INFO: 12-10-2021 19:05:11 printStatus(169) -- Drogno_3: ready	battery: 3.54	kalman var: 0.0 0.0 0.0	 batterySag: 0.639	link quality: 58	flight time: 96s	pos -0.05 0.44 1.90	yaw: -0.65	msg/s 0.0
INFO: 12-10-2021 19:05:12 printStatus(169) -- Drogno_3: ready	battery: 3.55	kalman var: 0.0 0.0 0.0	 batterySag: 0.639	link quality: 60	flight time: 98s	pos -0.06 0.44 1.91	yaw: -0.64	msg/s 0.0
INFO: 12-10-2021 19:05:13 printStatus(169) -- Drogno_3: ready	battery: 3.55	kalman var: 0.0 0.0 0.0	 batterySag: 0.639	link quality: 57	flight time: 99s	pos -0.05 0.44 1.91	yaw: 0.19	msg/s 0.0
INFO: 12-10-2021 19:05:15 printStatus(169) -- Drogno_3: ready	battery: 3.54	kalman var: 0.0 0.0 0.0	 batterySag: 0.639	link quality: 59	flight time: 100s	pos -0.05 0.44 1.91	yaw: 0.57	msg/s 0.0
INFO: 12-10-2021 19:05:16 printStatus(169) -- Drogno_3: ready	battery: 3.55	kalman var: 0.0 0.0 0.0	 batterySag: 0.639	link quality: 63	flight time: 101s	pos -0.04 0.43 1.90	yaw: 0.66	msg/s 0.0
INFO: 12-10-2021 19:05:17 printStatus(169) -- Drogno_3: ready	battery: 3.54	kalman var: 0.0 0.0 0.0	 batterySag: 0.639	link quality: 58	flight time: 102s	pos -0.05 0.44 1.90	yaw: 1.49	msg/s 0.0
INFO: 12-10-2021 19:05:18 printStatus(169) -- Drogno_3: ready	battery: 3.55	kalman var: 0.0 0.0 0.001	 batterySag: 0.639	link quality: 61	flight time: 103s	pos -0.05 0.44 1.91	yaw: 1.05	msg/s 0.0
INFO: 12-10-2021 19:05:19 printStatus(169) -- Drogno_3: ready	battery: 3.54	kalman var: 0.0 0.0 0.0	 batterySag: 0.639	link quality: 58	flight time: 105s	pos -0.05 0.43 1.91	yaw: 1.17	msg/s 0.0
INFO: 12-10-2021 19:05:20 printStatus(169) -- Drogno_3: ready	battery: 3.54	kalman var: 0.0 0.0 0.0	 batterySag: 0.639	link quality: 60	flight time: 106s	pos -0.05 0.44 1.90	yaw: 0.47	msg/s 0.0
INFO: 12-10-2021 19:05:22 printStatus(169) -- Drogno_3: ready	battery: 3.55	kalman var: 0.0 0.0 0.0	 batterySag: 0.639	link quality: 61	flight time: 107s	pos -0.05 0.45 1.90	yaw: -1.21	msg/s 0.0
INFO: 12-10-2021 19:05:23 printStatus(169) -- Drogno_3: ready	battery: 3.54	kalman var: 0.0 0.0 0.0	 batterySag: 0.639	link quality: 63	flight time: 108s	pos -0.07 0.44 1.90	yaw: -1.26	msg/s 0.0
INFO: 12-10-2021 19:05:24 printStatus(169) -- Drogno_3: ready	battery: 3.48	kalman var: 0.0 0.003 0.001	 batterySag: 0.639	link quality: 67	flight time: 109s	pos 1.72 1.67 -0.20	yaw: -55.31	msg/s 0.0
WARNING: 12-10-2021 19:05:25 evaluateBattery(804) -- battery under 3.50v
INFO: 12-10-2021 19:05:26 printStatus(169) -- Drogno_3: stand by	battery: 3.8	kalman var: 0.057 0.007 0.037	 batterySag: 0.639	link quality: 71	flight time: 111s	pos -1.64 -1.63 -6.05	yaw: -11.30	msg/s 0.0
INFO: 12-10-2021 19:05:28 printStatus(169) -- Drogno_3: stand by	battery: 3.8	kalman var: 0.057 0.007 0.037	 batterySag: 0.639	link quality: 71	flight time: 111s	pos -1.64 -1.63 -6.05	yaw: -11.30	msg/s 0.0
INFO: 12-10-2021 19:05:29 printStatus(169) -- Drogno_3: landed	battery: 3.8	kalman var: 0.057 0.007 0.037	 batterySag: 0.639	link quality: 71	flight time: 111s	pos -1.64 -1.63 -6.05	yaw: -11.30	msg/s 0.0
INFO: 12-10-2021 19:05:30 printStatus(169) -- Drogno_3: landed	battery: 3.8	kalman var: 0.057 0.007 0.037	 batterySag: 0.639	link quality: 71	flight time: 111s	pos -1.64 -1.63 -6.05	yaw: -11.30	msg/s 0.0
INFO: 12-10-2021 19:05:31 printStatus(169) -- Drogno_3: landed	battery: 3.8	kalman var: 0.057 0.007 0.037	 batterySag: 0.639	link quality: 71	flight time: 111s	pos -1.64 -1.63 -6.05	yaw: -11.30	msg/s 0.0
INFO: 12-10-2021 19:05:32 printStatus(169) -- Drogno_3: landed	battery: 3.8	kalman var: 0.057 0.007 0.037	 batterySag: 0.639	link quality: 71	flight time: 111s	pos -1.64 -1.63 -6.05	yaw: -11.30	msg/s 0.0
INFO: 12-10-2021 19:05:33 printStatus(169) -- Drogno_3: landed	battery: 3.8	kalman var: 0.057 0.007 0.037	 batterySag: 0.639	link quality: 71	flight time: 111s	pos -1.64 -1.63 -6.05	yaw: -11.30	msg/s 0.0
INFO: 12-10-2021 19:05:34 printStatus(169) -- Drogno_3: landed	battery: 3.8	kalman var: 0.057 0.007 0.037	 batterySag: 0.639	link quality: 71	flight time: 111s	pos -1.64 -1.63 -6.05	yaw: -11.30	msg/s 0.0
INFO: 12-10-2021 19:05:36 printStatus(169) -- Drogno_3: landed	battery: 3.8	kalman var: 0.057 0.007 0.037	 batterySag: 0.639	link quality: 71	flight time: 111s	pos -1.64 -1.63 -6.05	yaw: -11.30	msg/s 0.0
INFO: 12-10-2021 19:05:37 printStatus(169) -- Drogno_3: landed	battery: 3.8	kalman var: 0.057 0.007 0.037	 batterySag: 0.639	link quality: 71	flight time: 111s	pos -1.64 -1.63 -6.05	yaw: -11.30	msg/s 0.0
WARNING: 12-10-2021 19:05:38 exit(859) -- closing Drogno_3
INFO: 12-10-2021 19:05:38 printStatus(169) -- Drogno_3: sconnesso	battery: 3.8	kalman var: 0.057 0.007 0.037	 batterySag: 0.639	link quality: 71	flight time: 111s	pos -1.64 -1.63 -6.05	yaw: -11.30	msg/s 0.0
