INFO: 12-10-2021 19:01:50 __init__(130) -- This is dronelog running on Drogno_2
INFO: 12-10-2021 19:01:51 printStatus(166) -- Started
INFO: 12-10-2021 19:01:52 printStatus(169) -- Drogno_2: connecting	battery: n.p.	kalman var: 0 0 0	 batterySag: 0	link quality: 0	flight time: 0s	pos 0.00 0.00 0.00	yaw: 0.00	msg/s 0.0
INFO: 12-10-2021 19:01:54 printStatus(169) -- Drogno_2: connecting	battery: n.p.	kalman var: 0 0 0	 batterySag: 0	link quality: 0	flight time: 0s	pos 0.00 0.00 0.00	yaw: 0.00	msg/s 0.0
INFO: 12-10-2021 19:01:55 printStatus(169) -- Drogno_2: connecting	battery: n.p.	kalman var: 0 0 0	 batterySag: 0	link quality: 0	flight time: 0s	pos 0.00 0.00 0.00	yaw: 0.00	msg/s 0.0
INFO: 12-10-2021 19:01:56 printStatus(169) -- Drogno_2: connecting	battery: n.p.	kalman var: 0 0 0	 batterySag: 0	link quality: 0	flight time: 0s	pos 0.00 0.00 0.00	yaw: 0.00	msg/s 0.0
INFO: 12-10-2021 19:01:57 printStatus(169) -- Drogno_2: connecting	battery: n.p.	kalman var: 0 0 0	 batterySag: 0	link quality: 0	flight time: 0s	pos 0.00 0.00 0.00	yaw: 0.00	msg/s 0.0
INFO: 12-10-2021 19:01:58 printStatus(169) -- Drogno_2: landed	battery: n.p.	kalman var: 0 0 0	 batterySag: 0	link quality: 0	flight time: 0s	pos 0.00 0.00 0.00	yaw: 0.00	msg/s 0.0
INFO: 12-10-2021 19:02:00 printStatus(169) -- Drogno_2: landed	battery: n.p.	kalman var: 0 0 0	 batterySag: 0	link quality: 0	flight time: 0s	pos 0.00 0.00 0.00	yaw: 0.00	msg/s 0.0
INFO: 12-10-2021 19:02:01 printStatus(169) -- Drogno_2: ready	battery: 4.16	kalman var: 0.0 0.0 0.0	 batterySag: 0.66	link quality: 69	flight time: 0s	pos 0.16 0.91 -0.03	yaw: -2.57	msg/s 0.0
INFO: 12-10-2021 19:02:03 printStatus(169) -- Drogno_2: ready	battery: 4.16	kalman var: 0.003 0.003 0.001	 batterySag: 0.66	link quality: 69	flight time: 0s	pos 0.16 0.90 -0.04	yaw: -2.28	msg/s 0.0
INFO: 12-10-2021 19:02:04 printStatus(169) -- Drogno_2: ready	battery: 4.16	kalman var: 0.0 0.0 0.0	 batterySag: 0.66	link quality: 69	flight time: 0s	pos 0.16 0.91 -0.03	yaw: -2.45	msg/s 0.0
INFO: 12-10-2021 19:02:05 printStatus(169) -- Drogno_2: ready	battery: 4.16	kalman var: 0.0 0.0 0.0	 batterySag: 0.66	link quality: 69	flight time: 0s	pos 0.16 0.91 -0.03	yaw: -2.58	msg/s 0.0
INFO: 12-10-2021 19:02:07 printStatus(169) -- Drogno_2: ready	battery: 4.16	kalman var: 0.001 0.001 0.001	 batterySag: 0.66	link quality: 73	flight time: 0s	pos 0.16 0.91 -0.03	yaw: -2.52	msg/s 0.0
INFO: 12-10-2021 19:02:08 printStatus(169) -- Drogno_2: ready	battery: 4.16	kalman var: 0.001 0.001 0.001	 batterySag: 0.66	link quality: 71	flight time: 0s	pos 0.16 0.91 -0.03	yaw: -2.52	msg/s 0.0
INFO: 12-10-2021 19:02:09 printStatus(169) -- Drogno_2: ready	battery: 4.16	kalman var: 0.0 0.0 0.0	 batterySag: 0.66	link quality: 71	flight time: 0s	pos 0.16 0.91 -0.03	yaw: -2.59	msg/s 0.0
INFO: 12-10-2021 19:02:10 printStatus(169) -- Drogno_2: ready	battery: 4.16	kalman var: 0.001 0.001 0.001	 batterySag: 0.66	link quality: 73	flight time: 0s	pos 0.16 0.91 -0.03	yaw: -2.50	msg/s 0.0
INFO: 12-10-2021 19:02:12 printStatus(169) -- Drogno_2: ready	battery: 4.16	kalman var: 0.0 0.0 0.001	 batterySag: 0.66	link quality: 72	flight time: 0s	pos 0.16 0.91 -0.03	yaw: -2.61	msg/s 0.0
INFO: 12-10-2021 19:02:13 printStatus(169) -- Drogno_2: ready	battery: 4.16	kalman var: 0.0 0.0 0.001	 batterySag: 0.66	link quality: 71	flight time: 0s	pos 0.16 0.91 -0.03	yaw: -2.56	msg/s 0.0
INFO: 12-10-2021 19:02:14 printStatus(169) -- Drogno_2: ready	battery: 4.16	kalman var: 0.0 0.0 0.0	 batterySag: 0.66	link quality: 74	flight time: 0s	pos 0.16 0.91 -0.03	yaw: -2.61	msg/s 0.0
INFO: 12-10-2021 19:02:15 printStatus(169) -- Drogno_2: ready	battery: 4.16	kalman var: 0.0 0.0 0.0	 batterySag: 0.66	link quality: 73	flight time: 0s	pos 0.16 0.91 -0.03	yaw: -2.56	msg/s 0.0
INFO: 12-10-2021 19:02:17 printStatus(169) -- Drogno_2: ready	battery: 4.16	kalman var: 0.001 0.001 0.001	 batterySag: 0.66	link quality: 78	flight time: 0s	pos 0.16 0.91 -0.03	yaw: -2.57	msg/s 0.0
INFO: 12-10-2021 19:02:18 printStatus(169) -- Drogno_2: ready	battery: 4.16	kalman var: 0.001 0.001 0.001	 batterySag: 0.66	link quality: 74	flight time: 0s	pos 0.16 0.91 -0.03	yaw: -2.54	msg/s 0.0
INFO: 12-10-2021 19:02:19 printStatus(169) -- Drogno_2: ready	battery: 4.16	kalman var: 0.001 0.001 0.001	 batterySag: 0.66	link quality: 64	flight time: 0s	pos 0.16 0.90 -0.03	yaw: -2.55	msg/s 0.0
INFO: 12-10-2021 19:02:20 printStatus(169) -- Drogno_2: ready	battery: 4.16	kalman var: 0.0 0.0 0.0	 batterySag: 0.66	link quality: 71	flight time: 0s	pos 0.16 0.91 -0.03	yaw: -2.48	msg/s 0.0
INFO: 12-10-2021 19:02:22 printStatus(169) -- Drogno_2: ready	battery: 4.16	kalman var: 0.001 0.001 0.001	 batterySag: 0.66	link quality: 71	flight time: 0s	pos 0.16 0.91 -0.03	yaw: -2.50	msg/s 0.0
INFO: 12-10-2021 19:02:23 printStatus(169) -- Drogno_2: ready	battery: 4.16	kalman var: 0.001 0.001 0.001	 batterySag: 0.66	link quality: 71	flight time: 0s	pos 0.16 0.91 -0.03	yaw: -2.50	msg/s 0.0
INFO: 12-10-2021 19:02:25 printStatus(169) -- Drogno_2: ready	battery: 4.16	kalman var: 0.0 0.0 0.0	 batterySag: 0.66	link quality: 69	flight time: 0s	pos 0.16 0.91 -0.03	yaw: -2.59	msg/s 0.0
INFO: 12-10-2021 19:02:26 printStatus(169) -- Drogno_2: ready	battery: 4.16	kalman var: 0.0 0.0 0.001	 batterySag: 0.66	link quality: 71	flight time: 0s	pos 0.16 0.91 -0.03	yaw: -2.55	msg/s 0.0
INFO: 12-10-2021 19:02:27 printStatus(169) -- Drogno_2: ready	battery: 4.16	kalman var: 0.001 0.001 0.001	 batterySag: 0.66	link quality: 74	flight time: 0s	pos 0.16 0.91 -0.03	yaw: -2.58	msg/s 0.0
INFO: 12-10-2021 19:02:29 printStatus(169) -- Drogno_2: ready	battery: 4.16	kalman var: 0.001 0.001 0.001	 batterySag: 0.66	link quality: 75	flight time: 0s	pos 0.16 0.91 -0.03	yaw: -2.52	msg/s 0.0
INFO: 12-10-2021 19:02:30 printStatus(169) -- Drogno_2: ready	battery: 4.16	kalman var: 0.001 0.001 0.001	 batterySag: 0.66	link quality: 72	flight time: 0s	pos 0.16 0.91 -0.03	yaw: -2.50	msg/s 0.0
INFO: 12-10-2021 19:02:31 printStatus(169) -- Drogno_2: ready	battery: 4.16	kalman var: 0.0 0.0 0.0	 batterySag: 0.66	link quality: 75	flight time: 0s	pos 0.16 0.91 -0.03	yaw: -2.60	msg/s 0.0
INFO: 12-10-2021 19:02:32 printStatus(169) -- Drogno_2: ready	battery: 4.16	kalman var: 0.002 0.002 0.001	 batterySag: 0.66	link quality: 80	flight time: 0s	pos 0.16 0.90 -0.04	yaw: -2.53	msg/s 0.0
INFO: 12-10-2021 19:02:34 printStatus(169) -- Drogno_2: ready	battery: 4.16	kalman var: 0.0 0.0 0.001	 batterySag: 0.66	link quality: 72	flight time: 0s	pos 0.16 0.91 -0.03	yaw: -2.52	msg/s 0.0
INFO: 12-10-2021 19:02:35 printStatus(169) -- Drogno_2: ready	battery: 4.16	kalman var: 0.0 0.0 0.001	 batterySag: 0.66	link quality: 72	flight time: 0s	pos 0.16 0.91 -0.03	yaw: -2.52	msg/s 0.0
INFO: 12-10-2021 19:02:36 printStatus(169) -- Drogno_2: ready	battery: 4.16	kalman var: 0.0 0.0 0.0	 batterySag: 0.66	link quality: 73	flight time: 0s	pos 0.16 0.91 -0.03	yaw: -2.57	msg/s 0.0
INFO: 12-10-2021 19:02:38 printStatus(169) -- Drogno_2: ready	battery: 4.16	kalman var: 0.001 0.001 0.001	 batterySag: 0.66	link quality: 82	flight time: 0s	pos 0.16 0.91 -0.03	yaw: -2.50	msg/s 0.0
INFO: 12-10-2021 19:02:39 printStatus(169) -- Drogno_2: ready	battery: 4.16	kalman var: 0.001 0.001 0.001	 batterySag: 0.66	link quality: 80	flight time: 0s	pos 0.16 0.91 -0.03	yaw: -2.53	msg/s 0.0
INFO: 12-10-2021 19:02:40 printStatus(169) -- Drogno_2: ready	battery: 4.16	kalman var: 0.001 0.001 0.001	 batterySag: 0.66	link quality: 80	flight time: 0s	pos 0.16 0.91 -0.03	yaw: -2.53	msg/s 0.0
INFO: 12-10-2021 19:02:42 printStatus(169) -- Drogno_2: ready	battery: 4.16	kalman var: 0.0 0.0 0.0	 batterySag: 0.66	link quality: 75	flight time: 0s	pos 0.16 0.91 -0.03	yaw: -2.60	msg/s 0.0
INFO: 12-10-2021 19:02:43 printStatus(169) -- Drogno_2: ready	battery: 4.16	kalman var: 0.0 0.0 0.0	 batterySag: 0.66	link quality: 75	flight time: 0s	pos 0.16 0.91 -0.03	yaw: -2.60	msg/s 0.0
INFO: 12-10-2021 19:02:44 printStatus(169) -- Drogno_2: ready	battery: 4.16	kalman var: 0.0 0.0 0.0	 batterySag: 0.66	link quality: 75	flight time: 0s	pos 0.16 0.91 -0.03	yaw: -2.60	msg/s 0.0
INFO: 12-10-2021 19:02:46 printStatus(169) -- Drogno_2: ready	battery: 4.16	kalman var: 0.0 0.0 0.0	 batterySag: 0.66	link quality: 75	flight time: 0s	pos 0.16 0.91 -0.03	yaw: -2.60	msg/s 0.0
INFO: 12-10-2021 19:02:48 printStatus(169) -- Drogno_2: ready	battery: 4.16	kalman var: 0.0 0.0 0.0	 batterySag: 0.66	link quality: 75	flight time: 0s	pos 0.16 0.91 -0.03	yaw: -2.60	msg/s 0.0
INFO: 12-10-2021 19:02:50 printStatus(169) -- Drogno_2: ready	battery: 4.16	kalman var: 0.0 0.0 0.0	 batterySag: 0.66	link quality: 75	flight time: 0s	pos 0.16 0.91 -0.03	yaw: -2.60	msg/s 0.0
INFO: 12-10-2021 19:02:51 printStatus(169) -- Drogno_2: ready	battery: 4.16	kalman var: 0.0 0.0 0.0	 batterySag: 0.66	link quality: 75	flight time: 0s	pos 0.16 0.91 -0.03	yaw: -2.60	msg/s 0.0
INFO: 12-10-2021 19:02:52 printStatus(169) -- Drogno_2: ready	battery: 4.16	kalman var: 0.0 0.0 0.0	 batterySag: 0.66	link quality: 75	flight time: 0s	pos 0.16 0.91 -0.03	yaw: -2.60	msg/s 0.0
INFO: 12-10-2021 19:02:53 printStatus(169) -- Drogno_2: ready	battery: 4.16	kalman var: 0.0 0.0 0.0	 batterySag: 0.66	link quality: 75	flight time: 0s	pos 0.16 0.91 -0.03	yaw: -2.60	msg/s 0.0
INFO: 12-10-2021 19:02:54 printStatus(169) -- Drogno_2: ready	battery: 4.16	kalman var: 0.0 0.0 0.0	 batterySag: 0.66	link quality: 75	flight time: 0s	pos 0.16 0.91 -0.03	yaw: -2.60	msg/s 0.0
INFO: 12-10-2021 19:02:55 printStatus(169) -- Drogno_2: ready	battery: 4.16	kalman var: 0.0 0.0 0.0	 batterySag: 0.66	link quality: 75	flight time: 0s	pos 0.16 0.91 -0.03	yaw: -2.60	msg/s 0.0
INFO: 12-10-2021 19:02:57 printStatus(169) -- Drogno_2: ready	battery: 4.16	kalman var: 0.0 0.0 0.0	 batterySag: 0.66	link quality: 75	flight time: 0s	pos 0.16 0.91 -0.03	yaw: -2.60	msg/s 0.0
INFO: 12-10-2021 19:02:58 printStatus(169) -- Drogno_2: ready	battery: 4.16	kalman var: 0.0 0.0 0.0	 batterySag: 0.66	link quality: 75	flight time: 0s	pos 0.16 0.91 -0.03	yaw: -2.60	msg/s 0.0
INFO: 12-10-2021 19:02:59 printStatus(169) -- Drogno_2: ready	battery: 4.16	kalman var: 0.0 0.0 0.0	 batterySag: 0.66	link quality: 75	flight time: 0s	pos 0.16 0.91 -0.03	yaw: -2.60	msg/s 0.0
INFO: 12-10-2021 19:03:00 printStatus(169) -- Drogno_2: ready	battery: 4.16	kalman var: 0.0 0.0 0.0	 batterySag: 0.66	link quality: 75	flight time: 0s	pos 0.16 0.91 -0.03	yaw: -2.60	msg/s 0.0
INFO: 12-10-2021 19:03:02 printStatus(169) -- Drogno_2: ready	battery: 4.16	kalman var: 0.0 0.0 0.0	 batterySag: 0.66	link quality: 75	flight time: 0s	pos 0.16 0.91 -0.03	yaw: -2.60	msg/s 0.0
INFO: 12-10-2021 19:03:03 printStatus(169) -- Drogno_2: ready	battery: 4.16	kalman var: 0.0 0.0 0.0	 batterySag: 0.66	link quality: 75	flight time: 0s	pos 0.16 0.91 -0.03	yaw: -2.60	msg/s 0.0
INFO: 12-10-2021 19:03:05 printStatus(169) -- Drogno_2: ready	battery: 4.16	kalman var: 0.0 0.0 0.0	 batterySag: 0.66	link quality: 75	flight time: 0s	pos 0.16 0.91 -0.03	yaw: -2.60	msg/s 0.0
INFO: 12-10-2021 19:03:06 printStatus(169) -- Drogno_2: ready	battery: 4.16	kalman var: 0.0 0.0 0.0	 batterySag: 0.66	link quality: 75	flight time: 0s	pos 0.16 0.91 -0.03	yaw: -2.60	msg/s 0.0
INFO: 12-10-2021 19:03:07 printStatus(169) -- Drogno_2: ready	battery: 4.16	kalman var: 0.0 0.0 0.0	 batterySag: 0.66	link quality: 75	flight time: 0s	pos 0.16 0.91 -0.03	yaw: -2.60	msg/s 0.0
INFO: 12-10-2021 19:03:08 printStatus(169) -- Drogno_2: ready	battery: 4.16	kalman var: 0.0 0.0 0.0	 batterySag: 0.66	link quality: 75	flight time: 0s	pos 0.16 0.91 -0.03	yaw: -2.60	msg/s 0.0
INFO: 12-10-2021 19:03:10 printStatus(169) -- Drogno_2: ready	battery: 4.16	kalman var: 0.0 0.0 0.0	 batterySag: 0.66	link quality: 75	flight time: 0s	pos 0.16 0.91 -0.03	yaw: -2.60	msg/s 0.0
INFO: 12-10-2021 19:03:11 printStatus(169) -- Drogno_2: ready	battery: 4.16	kalman var: 0.0 0.0 0.0	 batterySag: 0.66	link quality: 75	flight time: 0s	pos 0.16 0.91 -0.03	yaw: -2.60	msg/s 0.0
INFO: 12-10-2021 19:03:12 printStatus(169) -- Drogno_2: ready	battery: 4.16	kalman var: 0.0 0.0 0.0	 batterySag: 0.66	link quality: 75	flight time: 0s	pos 0.16 0.91 -0.03	yaw: -2.60	msg/s 0.0
INFO: 12-10-2021 19:03:14 printStatus(169) -- Drogno_2: ready	battery: 4.16	kalman var: 0.0 0.0 0.0	 batterySag: 0.66	link quality: 75	flight time: 0s	pos 0.16 0.91 -0.03	yaw: -2.60	msg/s 0.0
INFO: 12-10-2021 19:03:15 printStatus(169) -- Drogno_2: ready	battery: 4.16	kalman var: 0.0 0.0 0.0	 batterySag: 0.66	link quality: 75	flight time: 0s	pos 0.16 0.91 -0.03	yaw: -2.60	msg/s 0.0
INFO: 12-10-2021 19:03:16 printStatus(169) -- Drogno_2: ready	battery: 4.16	kalman var: 0.0 0.0 0.0	 batterySag: 0.66	link quality: 75	flight time: 0s	pos 0.16 0.91 -0.03	yaw: -2.60	msg/s 0.0
INFO: 12-10-2021 19:03:17 printStatus(169) -- Drogno_2: ready	battery: 4.16	kalman var: 0.0 0.0 0.0	 batterySag: 0.66	link quality: 75	flight time: 0s	pos 0.16 0.91 -0.03	yaw: -2.60	msg/s 0.0
INFO: 12-10-2021 19:03:19 printStatus(169) -- Drogno_2: ready	battery: 4.16	kalman var: 0.0 0.0 0.0	 batterySag: 0.66	link quality: 75	flight time: 0s	pos 0.16 0.91 -0.03	yaw: -2.60	msg/s 0.0
INFO: 12-10-2021 19:03:20 printStatus(169) -- Drogno_2: ready	battery: 4.16	kalman var: 0.0 0.0 0.0	 batterySag: 0.66	link quality: 75	flight time: 0s	pos 0.16 0.91 -0.03	yaw: -2.60	msg/s 0.0
INFO: 12-10-2021 19:03:21 printStatus(169) -- Drogno_2: ready	battery: 4.16	kalman var: 0.0 0.0 0.0	 batterySag: 0.66	link quality: 75	flight time: 0s	pos 0.16 0.91 -0.03	yaw: -2.60	msg/s 0.0
INFO: 12-10-2021 19:03:22 printStatus(169) -- Drogno_2: ready	battery: 4.16	kalman var: 0.0 0.0 0.0	 batterySag: 0.66	link quality: 75	flight time: 0s	pos 0.16 0.91 -0.03	yaw: -2.60	msg/s 0.0
INFO: 12-10-2021 19:03:24 printStatus(169) -- Drogno_2: ready	battery: 4.16	kalman var: 0.0 0.0 0.0	 batterySag: 0.66	link quality: 75	flight time: 0s	pos 0.16 0.91 -0.03	yaw: -2.60	msg/s 0.0
INFO: 12-10-2021 19:03:25 printStatus(169) -- Drogno_2: ready	battery: 4.16	kalman var: 0.0 0.0 0.0	 batterySag: 0.66	link quality: 75	flight time: 0s	pos 0.16 0.91 -0.03	yaw: -2.60	msg/s 0.0
INFO: 12-10-2021 19:03:26 printStatus(169) -- Drogno_2: ready	battery: 4.16	kalman var: 0.0 0.0 0.0	 batterySag: 0.66	link quality: 75	flight time: 0s	pos 0.16 0.91 -0.03	yaw: -2.60	msg/s 0.0
INFO: 12-10-2021 19:03:27 printStatus(169) -- Drogno_2: ready	battery: 4.16	kalman var: 0.0 0.0 0.0	 batterySag: 0.66	link quality: 75	flight time: 0s	pos 0.16 0.91 -0.03	yaw: -2.60	msg/s 0.0
INFO: 12-10-2021 19:03:28 printStatus(169) -- Drogno_2: ready	battery: 4.16	kalman var: 0.0 0.0 0.0	 batterySag: 0.66	link quality: 75	flight time: 0s	pos 0.16 0.91 -0.03	yaw: -2.60	msg/s 0.0
INFO: 12-10-2021 19:03:30 printStatus(169) -- Drogno_2: ready	battery: 4.16	kalman var: 0.0 0.0 0.0	 batterySag: 0.66	link quality: 75	flight time: 0s	pos 0.16 0.91 -0.03	yaw: -2.60	msg/s 0.0
INFO: 12-10-2021 19:03:32 printStatus(169) -- Drogno_2: ready	battery: 4.16	kalman var: 0.0 0.0 0.0	 batterySag: 0.66	link quality: 75	flight time: 0s	pos 0.16 0.91 -0.03	yaw: -2.60	msg/s 0.0
INFO: 12-10-2021 19:03:34 printStatus(169) -- Drogno_2: hovering	battery: 4.16	kalman var: 0.0 0.0 0.0	 batterySag: 0.66	link quality: 75	flight time: 0s	pos 0.16 0.91 -0.03	yaw: -2.60	msg/s 0.0
INFO: 12-10-2021 19:03:35 printStatus(169) -- Drogno_2: hovering	battery: 4.16	kalman var: 0.0 0.0 0.0	 batterySag: 0.66	link quality: 75	flight time: 0s	pos 0.16 0.91 -0.03	yaw: -2.60	msg/s 0.0
INFO: 12-10-2021 19:03:36 printStatus(169) -- Drogno_2: hovering	battery: 4.16	kalman var: 0.0 0.0 0.0	 batterySag: 0.66	link quality: 75	flight time: 1s	pos 0.16 0.91 -0.03	yaw: -2.60	msg/s 0.0
INFO: 12-10-2021 19:03:37 printStatus(169) -- Drogno_2: hovering	battery: 4.16	kalman var: 0.0 0.0 0.0	 batterySag: 0.66	link quality: 75	flight time: 2s	pos 0.16 0.91 -0.03	yaw: -2.60	msg/s 0.0
INFO: 12-10-2021 19:03:39 printStatus(169) -- Drogno_2: hovering	battery: 4.16	kalman var: 0.0 0.0 0.0	 batterySag: 0.66	link quality: 75	flight time: 4s	pos 0.16 0.91 -0.03	yaw: -2.60	msg/s 0.0
INFO: 12-10-2021 19:03:40 printStatus(169) -- Drogno_2: hovering	battery: 4.16	kalman var: 0.0 0.0 0.0	 batterySag: 0.66	link quality: 75	flight time: 5s	pos 0.16 0.91 -0.03	yaw: -2.60	msg/s 1.8
INFO: 12-10-2021 19:03:41 printStatus(169) -- Drogno_2: hovering	battery: 4.16	kalman var: 0.0 0.0 0.0	 batterySag: 0.66	link quality: 75	flight time: 6s	pos 0.16 0.91 -0.03	yaw: -2.60	msg/s 1.8
INFO: 12-10-2021 19:03:42 printStatus(169) -- Drogno_2: hovering	battery: 4.16	kalman var: 0.0 0.0 0.0	 batterySag: 0.66	link quality: 75	flight time: 8s	pos 0.16 0.91 -0.03	yaw: -2.60	msg/s 0.0
INFO: 12-10-2021 19:03:44 printStatus(169) -- Drogno_2: hovering	battery: 4.16	kalman var: 0.0 0.0 0.0	 batterySag: 0.66	link quality: 75	flight time: 9s	pos 0.16 0.91 -0.03	yaw: -2.60	msg/s 0.0
INFO: 12-10-2021 19:03:45 printStatus(169) -- Drogno_2: hovering	battery: 4.16	kalman var: 0.0 0.0 0.0	 batterySag: 0.66	link quality: 75	flight time: 10s	pos 0.16 0.91 -0.03	yaw: -2.60	msg/s 0.0
INFO: 12-10-2021 19:03:46 printStatus(169) -- Drogno_2: hovering	battery: 4.16	kalman var: 0.0 0.0 0.0	 batterySag: 0.66	link quality: 75	flight time: 12s	pos 0.16 0.91 -0.03	yaw: -2.60	msg/s 0.0
INFO: 12-10-2021 19:03:48 printStatus(169) -- Drogno_2: hovering	battery: 4.16	kalman var: 0.0 0.0 0.0	 batterySag: 0.66	link quality: 75	flight time: 13s	pos 0.16 0.91 -0.03	yaw: -2.60	msg/s 0.0
INFO: 12-10-2021 19:03:49 printStatus(169) -- Drogno_2: hovering	battery: 4.16	kalman var: 0.0 0.0 0.0	 batterySag: 0.66	link quality: 75	flight time: 14s	pos 0.16 0.91 -0.03	yaw: -2.60	msg/s 0.0
INFO: 12-10-2021 19:03:50 printStatus(169) -- Drogno_2: hovering	battery: 4.16	kalman var: 0.0 0.0 0.0	 batterySag: 0.66	link quality: 75	flight time: 16s	pos 0.16 0.91 -0.03	yaw: -2.60	msg/s 0.0
INFO: 12-10-2021 19:03:51 printStatus(169) -- Drogno_2: hovering	battery: 4.16	kalman var: 0.0 0.0 0.0	 batterySag: 0.66	link quality: 75	flight time: 17s	pos 0.16 0.91 -0.03	yaw: -2.60	msg/s 0.0
INFO: 12-10-2021 19:03:53 printStatus(169) -- Drogno_2: hovering	battery: 4.16	kalman var: 0.0 0.0 0.0	 batterySag: 0.66	link quality: 75	flight time: 18s	pos 0.16 0.91 -0.03	yaw: -2.60	msg/s 0.0
INFO: 12-10-2021 19:03:54 printStatus(169) -- Drogno_2: hovering	battery: 4.16	kalman var: 0.0 0.0 0.0	 batterySag: 0.66	link quality: 75	flight time: 19s	pos 0.16 0.91 -0.03	yaw: -2.60	msg/s 0.0
INFO: 12-10-2021 19:03:55 printStatus(169) -- Drogno_2: hovering	battery: 4.16	kalman var: 0.0 0.0 0.0	 batterySag: 0.66	link quality: 75	flight time: 20s	pos 0.16 0.91 -0.03	yaw: -2.60	msg/s 0.0
INFO: 12-10-2021 19:03:56 printStatus(169) -- Drogno_2: hovering	battery: 4.16	kalman var: 0.0 0.0 0.0	 batterySag: 0.66	link quality: 75	flight time: 22s	pos 0.16 0.91 -0.03	yaw: -2.60	msg/s 0.0
INFO: 12-10-2021 19:03:57 printStatus(169) -- Drogno_2: hovering	battery: 4.16	kalman var: 0.0 0.0 0.0	 batterySag: 0.66	link quality: 75	flight time: 23s	pos 0.16 0.91 -0.03	yaw: -2.60	msg/s 0.0
INFO: 12-10-2021 19:03:59 printStatus(169) -- Drogno_2: hovering	battery: 4.16	kalman var: 0.0 0.0 0.0	 batterySag: 0.66	link quality: 75	flight time: 24s	pos 0.16 0.91 -0.03	yaw: -2.60	msg/s 0.0
INFO: 12-10-2021 19:04:00 printStatus(169) -- Drogno_2: hovering	battery: 4.16	kalman var: 0.0 0.0 0.0	 batterySag: 0.66	link quality: 75	flight time: 25s	pos 0.16 0.91 -0.03	yaw: -2.60	msg/s 0.0
INFO: 12-10-2021 19:04:01 printStatus(169) -- Drogno_2: hovering	battery: 4.16	kalman var: 0.0 0.0 0.0	 batterySag: 0.66	link quality: 75	flight time: 27s	pos 0.16 0.91 -0.03	yaw: -2.60	msg/s 0.0
INFO: 12-10-2021 19:04:03 printStatus(169) -- Drogno_2: hovering	battery: 4.16	kalman var: 0.0 0.0 0.0	 batterySag: 0.66	link quality: 75	flight time: 28s	pos 0.16 0.91 -0.03	yaw: -2.60	msg/s 0.0
INFO: 12-10-2021 19:04:04 printStatus(169) -- Drogno_2: hovering	battery: 4.16	kalman var: 0.0 0.0 0.0	 batterySag: 0.66	link quality: 75	flight time: 29s	pos 0.16 0.91 -0.03	yaw: -2.60	msg/s 0.0
INFO: 12-10-2021 19:04:05 printStatus(169) -- Drogno_2: hovering	battery: 4.16	kalman var: 0.0 0.0 0.0	 batterySag: 0.66	link quality: 75	flight time: 31s	pos 0.16 0.91 -0.03	yaw: -2.60	msg/s 0.0
INFO: 12-10-2021 19:04:06 printStatus(169) -- Drogno_2: hovering	battery: 4.16	kalman var: 0.0 0.0 0.0	 batterySag: 0.66	link quality: 75	flight time: 32s	pos 0.16 0.91 -0.03	yaw: -2.60	msg/s 0.0
INFO: 12-10-2021 19:04:08 printStatus(169) -- Drogno_2: hovering	battery: 4.16	kalman var: 0.0 0.0 0.0	 batterySag: 0.66	link quality: 75	flight time: 33s	pos 0.16 0.91 -0.03	yaw: -2.60	msg/s 0.0
INFO: 12-10-2021 19:04:09 printStatus(169) -- Drogno_2: hovering	battery: 4.16	kalman var: 0.0 0.0 0.0	 batterySag: 0.66	link quality: 75	flight time: 34s	pos 0.16 0.91 -0.03	yaw: -2.60	msg/s 0.0
INFO: 12-10-2021 19:04:10 printStatus(169) -- Drogno_2: hovering	battery: 4.16	kalman var: 0.0 0.0 0.0	 batterySag: 0.66	link quality: 75	flight time: 35s	pos 0.16 0.91 -0.03	yaw: -2.60	msg/s 0.0
INFO: 12-10-2021 19:04:12 printStatus(169) -- Drogno_2: moving	battery: 4.16	kalman var: 0.0 0.0 0.0	 batterySag: 0.66	link quality: 75	flight time: 37s	pos 0.16 0.91 -0.03	yaw: -2.60	msg/s 3.6
INFO: 12-10-2021 19:04:13 printStatus(169) -- Drogno_2: hovering	battery: 4.16	kalman var: 0.0 0.0 0.0	 batterySag: 0.66	link quality: 75	flight time: 38s	pos 0.16 0.91 -0.03	yaw: -2.60	msg/s 5.5
INFO: 12-10-2021 19:04:14 printStatus(169) -- Drogno_2: hovering	battery: 4.16	kalman var: 0.0 0.0 0.0	 batterySag: 0.66	link quality: 75	flight time: 39s	pos 0.16 0.91 -0.03	yaw: -2.60	msg/s 7.3
INFO: 12-10-2021 19:04:15 printStatus(169) -- Drogno_2: hovering	battery: 4.16	kalman var: 0.0 0.0 0.0	 batterySag: 0.66	link quality: 75	flight time: 41s	pos 0.16 0.91 -0.03	yaw: -2.60	msg/s 9.1
INFO: 12-10-2021 19:04:17 printStatus(169) -- Drogno_2: hovering	battery: 4.16	kalman var: 0.0 0.0 0.0	 batterySag: 0.66	link quality: 75	flight time: 42s	pos 0.16 0.91 -0.03	yaw: -2.60	msg/s 5.5
INFO: 12-10-2021 19:04:18 printStatus(169) -- Drogno_2: hovering	battery: 4.16	kalman var: 0.0 0.0 0.0	 batterySag: 0.66	link quality: 75	flight time: 43s	pos 0.16 0.91 -0.03	yaw: -2.60	msg/s 9.1
INFO: 12-10-2021 19:04:19 printStatus(169) -- Drogno_2: hovering	battery: 4.16	kalman var: 0.0 0.0 0.0	 batterySag: 0.66	link quality: 75	flight time: 45s	pos 0.16 0.91 -0.03	yaw: -2.60	msg/s 7.3
INFO: 12-10-2021 19:04:20 printStatus(169) -- Drogno_2: hovering	battery: 4.16	kalman var: 0.0 0.0 0.0	 batterySag: 0.66	link quality: 75	flight time: 46s	pos 0.16 0.91 -0.03	yaw: -2.60	msg/s 7.3
INFO: 12-10-2021 19:04:22 printStatus(169) -- Drogno_2: hovering	battery: 4.16	kalman var: 0.0 0.0 0.0	 batterySag: 0.66	link quality: 75	flight time: 47s	pos 0.16 0.91 -0.03	yaw: -2.60	msg/s 5.5
INFO: 12-10-2021 19:04:23 printStatus(169) -- Drogno_2: hovering	battery: 4.16	kalman var: 0.0 0.0 0.0	 batterySag: 0.66	link quality: 75	flight time: 48s	pos 0.16 0.91 -0.03	yaw: -2.60	msg/s 9.1
INFO: 12-10-2021 19:04:24 printStatus(169) -- Drogno_2: hovering	battery: 4.16	kalman var: 0.0 0.0 0.0	 batterySag: 0.66	link quality: 75	flight time: 49s	pos 0.16 0.91 -0.03	yaw: -2.60	msg/s 18.2
INFO: 12-10-2021 19:04:25 printStatus(169) -- Drogno_2: hovering	battery: 4.16	kalman var: 0.0 0.0 0.0	 batterySag: 0.66	link quality: 75	flight time: 50s	pos 0.16 0.91 -0.03	yaw: -2.60	msg/s 12.7
INFO: 12-10-2021 19:04:27 printStatus(169) -- Drogno_2: moving	battery: 4.16	kalman var: 0.0 0.0 0.0	 batterySag: 0.66	link quality: 75	flight time: 52s	pos 0.16 0.91 -0.03	yaw: -2.60	msg/s 14.5
INFO: 12-10-2021 19:04:28 printStatus(169) -- Drogno_2: hovering	battery: 4.16	kalman var: 0.0 0.0 0.0	 batterySag: 0.66	link quality: 75	flight time: 53s	pos 0.16 0.91 -0.03	yaw: -2.60	msg/s 18.2
INFO: 12-10-2021 19:04:29 printStatus(169) -- Drogno_2: hovering	battery: 4.16	kalman var: 0.0 0.0 0.0	 batterySag: 0.66	link quality: 75	flight time: 54s	pos 0.16 0.91 -0.03	yaw: -2.60	msg/s 16.4
INFO: 12-10-2021 19:04:30 printStatus(169) -- Drogno_2: hovering	battery: 4.16	kalman var: 0.0 0.0 0.0	 batterySag: 0.66	link quality: 75	flight time: 55s	pos 0.16 0.91 -0.03	yaw: -2.60	msg/s 18.2
INFO: 12-10-2021 19:04:31 printStatus(169) -- Drogno_2: hovering	battery: 4.16	kalman var: 0.0 0.0 0.0	 batterySag: 0.66	link quality: 75	flight time: 57s	pos 0.16 0.91 -0.03	yaw: -2.60	msg/s 20.0
INFO: 12-10-2021 19:04:32 printStatus(169) -- Drogno_2: hovering	battery: 4.16	kalman var: 0.0 0.0 0.0	 batterySag: 0.66	link quality: 75	flight time: 58s	pos 0.16 0.91 -0.03	yaw: -2.60	msg/s 20.0
INFO: 12-10-2021 19:04:34 printStatus(169) -- Drogno_2: hovering	battery: 4.16	kalman var: 0.0 0.0 0.0	 batterySag: 0.66	link quality: 75	flight time: 59s	pos 0.16 0.91 -0.03	yaw: -2.60	msg/s 14.5
INFO: 12-10-2021 19:04:35 printStatus(169) -- Drogno_2: hovering	battery: 4.16	kalman var: 0.0 0.0 0.0	 batterySag: 0.66	link quality: 75	flight time: 60s	pos 0.16 0.91 -0.03	yaw: -2.60	msg/s 18.2
INFO: 12-10-2021 19:04:36 printStatus(169) -- Drogno_2: hovering	battery: 4.16	kalman var: 0.0 0.0 0.0	 batterySag: 0.66	link quality: 75	flight time: 61s	pos 0.16 0.91 -0.03	yaw: -2.60	msg/s 16.4
INFO: 12-10-2021 19:04:37 printStatus(169) -- Drogno_2: hovering	battery: 4.16	kalman var: 0.0 0.0 0.0	 batterySag: 0.66	link quality: 75	flight time: 63s	pos 0.16 0.91 -0.03	yaw: -2.60	msg/s 18.2
INFO: 12-10-2021 19:04:38 printStatus(169) -- Drogno_2: hovering	battery: 4.16	kalman var: 0.0 0.0 0.0	 batterySag: 0.66	link quality: 75	flight time: 64s	pos 0.16 0.91 -0.03	yaw: -2.60	msg/s 18.2
INFO: 12-10-2021 19:04:39 printStatus(169) -- Drogno_2: hovering	battery: 4.16	kalman var: 0.0 0.0 0.0	 batterySag: 0.66	link quality: 75	flight time: 65s	pos 0.16 0.91 -0.03	yaw: -2.60	msg/s 14.5
INFO: 12-10-2021 19:04:41 printStatus(169) -- Drogno_2: hovering	battery: 4.16	kalman var: 0.0 0.0 0.0	 batterySag: 0.66	link quality: 75	flight time: 66s	pos 0.16 0.91 -0.03	yaw: -2.60	msg/s 16.4
INFO: 12-10-2021 19:04:42 printStatus(169) -- Drogno_2: hovering	battery: 4.16	kalman var: 0.0 0.0 0.0	 batterySag: 0.66	link quality: 75	flight time: 67s	pos 0.16 0.91 -0.03	yaw: -2.60	msg/s 12.7
INFO: 12-10-2021 19:04:43 printStatus(169) -- Drogno_2: hovering	battery: 4.16	kalman var: 0.0 0.0 0.0	 batterySag: 0.66	link quality: 75	flight time: 69s	pos 0.16 0.91 -0.03	yaw: -2.60	msg/s 18.2
INFO: 12-10-2021 19:04:45 printStatus(169) -- Drogno_2: hovering	battery: 4.16	kalman var: 0.0 0.0 0.0	 batterySag: 0.66	link quality: 75	flight time: 70s	pos 0.16 0.91 -0.03	yaw: -2.60	msg/s 23.6
INFO: 12-10-2021 19:04:46 printStatus(169) -- Drogno_2: hovering	battery: 4.16	kalman var: 0.0 0.0 0.0	 batterySag: 0.66	link quality: 75	flight time: 71s	pos 0.16 0.91 -0.03	yaw: -2.60	msg/s 10.9
INFO: 12-10-2021 19:04:47 printStatus(169) -- Drogno_2: hovering	battery: 4.16	kalman var: 0.0 0.0 0.0	 batterySag: 0.66	link quality: 75	flight time: 73s	pos 0.16 0.91 -0.03	yaw: -2.60	msg/s 9.1
INFO: 12-10-2021 19:04:49 printStatus(169) -- Drogno_2: hovering	battery: 4.16	kalman var: 0.0 0.0 0.0	 batterySag: 0.66	link quality: 75	flight time: 74s	pos 0.16 0.91 -0.03	yaw: -2.60	msg/s 14.5
INFO: 12-10-2021 19:04:50 printStatus(169) -- Drogno_2: hovering	battery: 4.16	kalman var: 0.0 0.0 0.0	 batterySag: 0.66	link quality: 75	flight time: 75s	pos 0.16 0.91 -0.03	yaw: -2.60	msg/s 16.4
INFO: 12-10-2021 19:04:51 printStatus(169) -- Drogno_2: hovering	battery: 4.16	kalman var: 0.0 0.0 0.0	 batterySag: 0.66	link quality: 75	flight time: 77s	pos 0.16 0.91 -0.03	yaw: -2.60	msg/s 18.2
INFO: 12-10-2021 19:04:52 printStatus(169) -- Drogno_2: hovering	battery: 4.16	kalman var: 0.0 0.0 0.0	 batterySag: 0.66	link quality: 75	flight time: 78s	pos 0.16 0.91 -0.03	yaw: -2.60	msg/s 18.2
INFO: 12-10-2021 19:04:54 printStatus(169) -- Drogno_2: hovering	battery: 4.16	kalman var: 0.0 0.0 0.0	 batterySag: 0.66	link quality: 75	flight time: 79s	pos 0.16 0.91 -0.03	yaw: -2.60	msg/s 21.8
INFO: 12-10-2021 19:04:55 printStatus(169) -- Drogno_2: hovering	battery: 4.16	kalman var: 0.0 0.0 0.0	 batterySag: 0.66	link quality: 75	flight time: 81s	pos 0.16 0.91 -0.03	yaw: -2.60	msg/s 20.0
INFO: 12-10-2021 19:04:57 printStatus(169) -- Drogno_2: moving	battery: 4.16	kalman var: 0.0 0.0 0.0	 batterySag: 0.66	link quality: 75	flight time: 82s	pos 0.16 0.91 -0.03	yaw: -2.60	msg/s 16.4
INFO: 12-10-2021 19:04:58 printStatus(169) -- Drogno_2: hovering	battery: 4.16	kalman var: 0.0 0.0 0.0	 batterySag: 0.66	link quality: 75	flight time: 83s	pos 0.16 0.91 -0.03	yaw: -2.60	msg/s 18.2
INFO: 12-10-2021 19:04:59 printStatus(169) -- Drogno_2: hovering	battery: 4.16	kalman var: 0.0 0.0 0.0	 batterySag: 0.66	link quality: 75	flight time: 85s	pos 0.16 0.91 -0.03	yaw: -2.60	msg/s 18.2
INFO: 12-10-2021 19:05:01 printStatus(169) -- Drogno_2: hovering	battery: 4.16	kalman var: 0.0 0.0 0.0	 batterySag: 0.66	link quality: 75	flight time: 86s	pos 0.16 0.91 -0.03	yaw: -2.60	msg/s 21.8
INFO: 12-10-2021 19:05:02 printStatus(169) -- Drogno_2: hovering	battery: 4.16	kalman var: 0.0 0.0 0.0	 batterySag: 0.66	link quality: 75	flight time: 87s	pos 0.16 0.91 -0.03	yaw: -2.60	msg/s 23.6
INFO: 12-10-2021 19:05:03 printStatus(169) -- Drogno_2: hovering	battery: 4.16	kalman var: 0.0 0.0 0.0	 batterySag: 0.66	link quality: 75	flight time: 88s	pos 0.16 0.91 -0.03	yaw: -2.60	msg/s 18.2
INFO: 12-10-2021 19:05:04 printStatus(169) -- Drogno_2: hovering	battery: 4.16	kalman var: 0.0 0.0 0.0	 batterySag: 0.66	link quality: 75	flight time: 89s	pos 0.16 0.91 -0.03	yaw: -2.60	msg/s 18.2
INFO: 12-10-2021 19:05:05 printStatus(169) -- Drogno_2: hovering	battery: 4.16	kalman var: 0.0 0.0 0.0	 batterySag: 0.66	link quality: 75	flight time: 91s	pos 0.16 0.91 -0.03	yaw: -2.60	msg/s 16.4
INFO: 12-10-2021 19:05:07 printStatus(169) -- Drogno_2: hovering	battery: 4.16	kalman var: 0.0 0.0 0.0	 batterySag: 0.66	link quality: 75	flight time: 92s	pos 0.16 0.91 -0.03	yaw: -2.60	msg/s 18.2
INFO: 12-10-2021 19:05:08 printStatus(169) -- Drogno_2: hovering	battery: 4.16	kalman var: 0.0 0.0 0.0	 batterySag: 0.66	link quality: 75	flight time: 93s	pos 0.16 0.91 -0.03	yaw: -2.60	msg/s 9.1
INFO: 12-10-2021 19:05:09 printStatus(169) -- Drogno_2: hovering	battery: 4.16	kalman var: 0.0 0.0 0.0	 batterySag: 0.66	link quality: 75	flight time: 94s	pos 0.16 0.91 -0.03	yaw: -2.60	msg/s 0.0
INFO: 12-10-2021 19:05:10 printStatus(169) -- Drogno_2: hovering	battery: 4.16	kalman var: 0.0 0.0 0.0	 batterySag: 0.66	link quality: 75	flight time: 95s	pos 0.16 0.91 -0.03	yaw: -2.60	msg/s 0.0
INFO: 12-10-2021 19:05:11 printStatus(169) -- Drogno_2: hovering	battery: 4.16	kalman var: 0.0 0.0 0.0	 batterySag: 0.66	link quality: 75	flight time: 97s	pos 0.16 0.91 -0.03	yaw: -2.60	msg/s 0.0
INFO: 12-10-2021 19:05:12 printStatus(169) -- Drogno_2: hovering	battery: 4.16	kalman var: 0.0 0.0 0.0	 batterySag: 0.66	link quality: 75	flight time: 98s	pos 0.16 0.91 -0.03	yaw: -2.60	msg/s 0.0
INFO: 12-10-2021 19:05:14 printStatus(169) -- Drogno_2: hovering	battery: 4.16	kalman var: 0.0 0.0 0.0	 batterySag: 0.66	link quality: 75	flight time: 99s	pos 0.16 0.91 -0.03	yaw: -2.60	msg/s 0.0
INFO: 12-10-2021 19:05:15 printStatus(169) -- Drogno_2: hovering	battery: 4.16	kalman var: 0.0 0.0 0.0	 batterySag: 0.66	link quality: 75	flight time: 100s	pos 0.16 0.91 -0.03	yaw: -2.60	msg/s 0.0
INFO: 12-10-2021 19:05:16 printStatus(169) -- Drogno_2: hovering	battery: 4.16	kalman var: 0.0 0.0 0.0	 batterySag: 0.66	link quality: 75	flight time: 101s	pos 0.16 0.91 -0.03	yaw: -2.60	msg/s 0.0
INFO: 12-10-2021 19:05:17 printStatus(169) -- Drogno_2: hovering	battery: 4.16	kalman var: 0.0 0.0 0.0	 batterySag: 0.66	link quality: 75	flight time: 102s	pos 0.16 0.91 -0.03	yaw: -2.60	msg/s 0.0
INFO: 12-10-2021 19:05:18 printStatus(169) -- Drogno_2: hovering	battery: 4.16	kalman var: 0.0 0.0 0.0	 batterySag: 0.66	link quality: 75	flight time: 104s	pos 0.16 0.91 -0.03	yaw: -2.60	msg/s 0.0
INFO: 12-10-2021 19:05:19 printStatus(169) -- Drogno_2: hovering	battery: 4.16	kalman var: 0.0 0.0 0.0	 batterySag: 0.66	link quality: 75	flight time: 105s	pos 0.16 0.91 -0.03	yaw: -2.60	msg/s 0.0
INFO: 12-10-2021 19:05:21 printStatus(169) -- Drogno_2: hovering	battery: 4.16	kalman var: 0.0 0.0 0.0	 batterySag: 0.66	link quality: 75	flight time: 106s	pos 0.16 0.91 -0.03	yaw: -2.60	msg/s 0.0
INFO: 12-10-2021 19:05:22 printStatus(169) -- Drogno_2: hovering	battery: 4.16	kalman var: 0.0 0.0 0.0	 batterySag: 0.66	link quality: 75	flight time: 107s	pos 0.16 0.91 -0.03	yaw: -2.60	msg/s 0.0
INFO: 12-10-2021 19:05:23 printStatus(169) -- Drogno_2: hovering	battery: 4.16	kalman var: 0.0 0.0 0.0	 batterySag: 0.66	link quality: 75	flight time: 108s	pos 0.16 0.91 -0.03	yaw: -2.60	msg/s 0.0
INFO: 12-10-2021 19:05:24 printStatus(169) -- Drogno_2: hovering	battery: 4.16	kalman var: 0.0 0.0 0.0	 batterySag: 0.66	link quality: 75	flight time: 109s	pos 0.16 0.91 -0.03	yaw: -2.60	msg/s 0.0
INFO: 12-10-2021 19:05:26 printStatus(169) -- Drogno_2: landing	battery: 4.16	kalman var: 0.0 0.0 0.0	 batterySag: 0.66	link quality: 75	flight time: 111s	pos 0.16 0.91 -0.03	yaw: -2.60	msg/s 0.0
INFO: 12-10-2021 19:05:27 printStatus(169) -- Drogno_2: landing	battery: 4.16	kalman var: 0.0 0.0 0.0	 batterySag: 0.66	link quality: 75	flight time: 111s	pos 0.16 0.91 -0.03	yaw: -2.60	msg/s 0.0
INFO: 12-10-2021 19:05:29 printStatus(169) -- Drogno_2: landed	battery: 4.16	kalman var: 0.0 0.0 0.0	 batterySag: 0.66	link quality: 75	flight time: 111s	pos 0.16 0.91 -0.03	yaw: -2.60	msg/s 0.0
INFO: 12-10-2021 19:05:30 printStatus(169) -- Drogno_2: landed	battery: 4.16	kalman var: 0.0 0.0 0.0	 batterySag: 0.66	link quality: 75	flight time: 111s	pos 0.16 0.91 -0.03	yaw: -2.60	msg/s 0.0
INFO: 12-10-2021 19:05:31 printStatus(169) -- Drogno_2: landed	battery: 4.16	kalman var: 0.0 0.0 0.0	 batterySag: 0.66	link quality: 75	flight time: 111s	pos 0.16 0.91 -0.03	yaw: -2.60	msg/s 0.0
INFO: 12-10-2021 19:05:32 printStatus(169) -- Drogno_2: landed	battery: 4.16	kalman var: 0.0 0.0 0.0	 batterySag: 0.66	link quality: 75	flight time: 111s	pos 0.16 0.91 -0.03	yaw: -2.60	msg/s 0.0
INFO: 12-10-2021 19:05:33 printStatus(169) -- Drogno_2: landed	battery: 4.16	kalman var: 0.0 0.0 0.0	 batterySag: 0.66	link quality: 75	flight time: 111s	pos 0.16 0.91 -0.03	yaw: -2.60	msg/s 0.0
INFO: 12-10-2021 19:05:34 printStatus(169) -- Drogno_2: landed	battery: 4.16	kalman var: 0.0 0.0 0.0	 batterySag: 0.66	link quality: 75	flight time: 111s	pos 0.16 0.91 -0.03	yaw: -2.60	msg/s 0.0
INFO: 12-10-2021 19:05:36 printStatus(169) -- Drogno_2: landed	battery: 4.16	kalman var: 0.0 0.0 0.0	 batterySag: 0.66	link quality: 75	flight time: 111s	pos 0.16 0.91 -0.03	yaw: -2.60	msg/s 0.0
WARNING: 12-10-2021 19:05:37 exit(859) -- closing Drogno_2
INFO: 12-10-2021 19:05:37 printStatus(169) -- Drogno_2: sconnesso	battery: 4.16	kalman var: 0.0 0.0 0.0	 batterySag: 0.66	link quality: 75	flight time: 111s	pos 0.16 0.91 -0.03	yaw: -2.60	msg/s 0.0
