INFO: 12-10-2021 19:01:50 __init__(130) -- This is dronelog running on Drogno_4
INFO: 12-10-2021 19:01:51 printStatus(166) -- Started
INFO: 12-10-2021 19:01:52 printStatus(169) -- Drogno_4: connecting	battery: n.p.	kalman var: 0 0 0	 batterySag: 0	link quality: 0	flight time: 0s	pos 0.00 0.00 0.00	yaw: 0.00	msg/s 0.0
INFO: 12-10-2021 19:01:54 printStatus(169) -- Drogno_4: connecting	battery: n.p.	kalman var: 0 0 0	 batterySag: 0	link quality: 0	flight time: 0s	pos 0.00 0.00 0.00	yaw: 0.00	msg/s 0.0
INFO: 12-10-2021 19:01:55 printStatus(169) -- Drogno_4: connecting	battery: n.p.	kalman var: 0 0 0	 batterySag: 0	link quality: 0	flight time: 0s	pos 0.00 0.00 0.00	yaw: 0.00	msg/s 0.0
INFO: 12-10-2021 19:01:56 printStatus(169) -- Drogno_4: connecting	battery: n.p.	kalman var: 0 0 0	 batterySag: 0	link quality: 0	flight time: 0s	pos 0.00 0.00 0.00	yaw: 0.00	msg/s 0.0
INFO: 12-10-2021 19:01:58 printStatus(169) -- Drogno_4: connecting	battery: n.p.	kalman var: 0 0 0	 batterySag: 0	link quality: 0	flight time: 0s	pos 0.00 0.00 0.00	yaw: 0.00	msg/s 0.0
INFO: 12-10-2021 19:01:59 printStatus(169) -- Drogno_4: landed	battery: n.p.	kalman var: 0 0 0	 batterySag: 0	link quality: 0	flight time: 0s	pos 0.00 0.00 0.00	yaw: 0.00	msg/s 0.0
INFO: 12-10-2021 19:02:00 printStatus(169) -- Drogno_4: landed	battery: n.p.	kalman var: 0 0 0	 batterySag: 0	link quality: 0	flight time: 0s	pos 0.00 0.00 0.00	yaw: 0.00	msg/s 0.0
INFO: 12-10-2021 19:02:01 printStatus(169) -- Drogno_4: landed	battery: n.p.	kalman var: 0 0 0	 batterySag: 0	link quality: 0	flight time: 0s	pos 0.00 0.00 0.00	yaw: 0.00	msg/s 0.0
INFO: 12-10-2021 19:02:03 printStatus(169) -- Drogno_4: ready	battery: 4.2	kalman var: 0.001 0.001 0.001	 batterySag: 0.644	link quality: 62	flight time: 0s	pos 1.00 0.04 0.00	yaw: 2.37	msg/s 0.0
INFO: 12-10-2021 19:02:05 printStatus(169) -- Drogno_4: ready	battery: 4.2	kalman var: 0.0 0.0 0.0	 batterySag: 0.644	link quality: 62	flight time: 0s	pos 1.00 0.04 0.00	yaw: 2.77	msg/s 0.0
INFO: 12-10-2021 19:02:06 printStatus(169) -- Drogno_4: ready	battery: 4.2	kalman var: 0.0 0.0 0.0	 batterySag: 0.644	link quality: 63	flight time: 0s	pos 1.00 0.04 0.00	yaw: 2.74	msg/s 0.0
INFO: 12-10-2021 19:02:07 printStatus(169) -- Drogno_4: ready	battery: 4.2	kalman var: 0.0 0.0 0.0	 batterySag: 0.644	link quality: 61	flight time: 0s	pos 1.00 0.04 0.00	yaw: 2.78	msg/s 0.0
INFO: 12-10-2021 19:02:08 printStatus(169) -- Drogno_4: ready	battery: 4.2	kalman var: 0.0 0.0 0.0	 batterySag: 0.644	link quality: 61	flight time: 0s	pos 1.00 0.04 0.00	yaw: 2.76	msg/s 0.0
INFO: 12-10-2021 19:02:09 printStatus(169) -- Drogno_4: ready	battery: 4.2	kalman var: 0.001 0.001 0.001	 batterySag: 0.644	link quality: 63	flight time: 0s	pos 0.99 0.04 0.00	yaw: 2.70	msg/s 0.0
INFO: 12-10-2021 19:02:11 printStatus(169) -- Drogno_4: ready	battery: 4.2	kalman var: 0.0 0.0 0.0	 batterySag: 0.644	link quality: 61	flight time: 0s	pos 1.00 0.04 0.00	yaw: 2.76	msg/s 0.0
INFO: 12-10-2021 19:02:12 printStatus(169) -- Drogno_4: ready	battery: 4.2	kalman var: 0.0 0.0 0.001	 batterySag: 0.644	link quality: 61	flight time: 0s	pos 1.00 0.04 0.00	yaw: 2.71	msg/s 0.0
INFO: 12-10-2021 19:02:13 printStatus(169) -- Drogno_4: ready	battery: 4.2	kalman var: 0.0 0.0 0.0	 batterySag: 0.644	link quality: 62	flight time: 0s	pos 1.00 0.04 0.00	yaw: 2.76	msg/s 0.0
INFO: 12-10-2021 19:02:15 printStatus(169) -- Drogno_4: ready	battery: 4.2	kalman var: 0.0 0.0 0.0	 batterySag: 0.644	link quality: 63	flight time: 0s	pos 1.00 0.04 0.00	yaw: 2.75	msg/s 0.0
INFO: 12-10-2021 19:02:16 printStatus(169) -- Drogno_4: ready	battery: 4.2	kalman var: 0.0 0.0 0.0	 batterySag: 0.644	link quality: 62	flight time: 0s	pos 1.00 0.04 0.00	yaw: 2.73	msg/s 0.0
INFO: 12-10-2021 19:02:17 printStatus(169) -- Drogno_4: ready	battery: 4.2	kalman var: 0.0 0.0 0.0	 batterySag: 0.644	link quality: 62	flight time: 0s	pos 1.00 0.04 0.00	yaw: 2.76	msg/s 0.0
INFO: 12-10-2021 19:02:18 printStatus(169) -- Drogno_4: ready	battery: 4.19	kalman var: 0.0 0.0 0.0	 batterySag: 0.644	link quality: 62	flight time: 0s	pos 1.00 0.04 0.00	yaw: 2.76	msg/s 0.0
INFO: 12-10-2021 19:02:20 printStatus(169) -- Drogno_4: ready	battery: 4.19	kalman var: 0.0 0.0 0.0	 batterySag: 0.644	link quality: 63	flight time: 0s	pos 1.00 0.04 0.00	yaw: 2.74	msg/s 0.0
INFO: 12-10-2021 19:02:21 printStatus(169) -- Drogno_4: ready	battery: 4.19	kalman var: 0.0 0.0 0.0	 batterySag: 0.644	link quality: 61	flight time: 0s	pos 1.00 0.04 0.00	yaw: 2.73	msg/s 0.0
INFO: 12-10-2021 19:02:22 printStatus(169) -- Drogno_4: ready	battery: 4.2	kalman var: 0.001 0.001 0.001	 batterySag: 0.644	link quality: 62	flight time: 0s	pos 0.99 0.04 0.00	yaw: 2.68	msg/s 0.0
INFO: 12-10-2021 19:02:24 printStatus(169) -- Drogno_4: ready	battery: 4.19	kalman var: 0.0 0.0 0.0	 batterySag: 0.644	link quality: 63	flight time: 0s	pos 1.00 0.04 0.00	yaw: 2.74	msg/s 0.0
INFO: 12-10-2021 19:02:25 printStatus(169) -- Drogno_4: ready	battery: 4.19	kalman var: 0.0 0.0 0.0	 batterySag: 0.644	link quality: 63	flight time: 0s	pos 1.00 0.04 0.00	yaw: 2.73	msg/s 0.0
INFO: 12-10-2021 19:02:26 printStatus(169) -- Drogno_4: ready	battery: 4.19	kalman var: 0.0 0.0 0.001	 batterySag: 0.644	link quality: 62	flight time: 0s	pos 1.00 0.04 0.00	yaw: 2.74	msg/s 0.0
INFO: 12-10-2021 19:02:27 printStatus(169) -- Drogno_4: ready	battery: 4.19	kalman var: 0.0 0.0 0.0	 batterySag: 0.644	link quality: 62	flight time: 0s	pos 1.00 0.04 0.00	yaw: 2.76	msg/s 0.0
INFO: 12-10-2021 19:02:29 printStatus(169) -- Drogno_4: ready	battery: 4.19	kalman var: 0.0 0.0 0.0	 batterySag: 0.644	link quality: 63	flight time: 0s	pos 1.00 0.04 0.00	yaw: 2.74	msg/s 0.0
INFO: 12-10-2021 19:02:30 printStatus(169) -- Drogno_4: ready	battery: 4.19	kalman var: 0.0 0.0 0.0	 batterySag: 0.644	link quality: 62	flight time: 0s	pos 1.00 0.04 0.00	yaw: 2.74	msg/s 0.0
INFO: 12-10-2021 19:02:32 printStatus(169) -- Drogno_4: ready	battery: 4.19	kalman var: 0.0 0.0 0.0	 batterySag: 0.644	link quality: 63	flight time: 0s	pos 1.00 0.04 0.00	yaw: 2.74	msg/s 0.0
INFO: 12-10-2021 19:02:33 printStatus(169) -- Drogno_4: ready	battery: 4.19	kalman var: 0.0 0.0 0.0	 batterySag: 0.644	link quality: 62	flight time: 0s	pos 1.00 0.04 0.00	yaw: 2.75	msg/s 0.0
INFO: 12-10-2021 19:02:34 printStatus(169) -- Drogno_4: ready	battery: 4.19	kalman var: 0.0 0.0 0.0	 batterySag: 0.644	link quality: 63	flight time: 0s	pos 1.00 0.04 0.00	yaw: 2.75	msg/s 0.0
INFO: 12-10-2021 19:02:35 printStatus(169) -- Drogno_4: ready	battery: 4.19	kalman var: 0.001 0.001 0.001	 batterySag: 0.644	link quality: 62	flight time: 0s	pos 0.99 0.04 0.00	yaw: 2.65	msg/s 0.0
INFO: 12-10-2021 19:02:36 printStatus(169) -- Drogno_4: ready	battery: 4.19	kalman var: 0.0 0.0 0.0	 batterySag: 0.644	link quality: 62	flight time: 0s	pos 1.00 0.04 0.00	yaw: 2.77	msg/s 0.0
INFO: 12-10-2021 19:02:38 printStatus(169) -- Drogno_4: ready	battery: 4.19	kalman var: 0.0 0.0 0.0	 batterySag: 0.644	link quality: 61	flight time: 0s	pos 1.00 0.04 0.00	yaw: 2.72	msg/s 0.0
INFO: 12-10-2021 19:02:39 printStatus(169) -- Drogno_4: ready	battery: 4.19	kalman var: 0.0 0.0 0.0	 batterySag: 0.644	link quality: 63	flight time: 0s	pos 1.00 0.04 0.00	yaw: 2.77	msg/s 0.0
INFO: 12-10-2021 19:02:40 printStatus(169) -- Drogno_4: ready	battery: 4.19	kalman var: 0.0 0.0 0.0	 batterySag: 0.644	link quality: 61	flight time: 0s	pos 1.00 0.04 0.00	yaw: 2.71	msg/s 0.0
INFO: 12-10-2021 19:02:42 printStatus(169) -- Drogno_4: ready	battery: 4.19	kalman var: 0.0 0.0 0.0	 batterySag: 0.644	link quality: 62	flight time: 0s	pos 1.00 0.04 0.00	yaw: 2.74	msg/s 0.0
INFO: 12-10-2021 19:02:43 printStatus(169) -- Drogno_4: ready	battery: 4.19	kalman var: 0.0 0.0 0.0	 batterySag: 0.644	link quality: 63	flight time: 0s	pos 1.00 0.04 0.00	yaw: 2.76	msg/s 0.0
INFO: 12-10-2021 19:02:44 printStatus(169) -- Drogno_4: ready	battery: 4.19	kalman var: 0.0 0.0 0.0	 batterySag: 0.644	link quality: 63	flight time: 0s	pos 1.00 0.04 0.00	yaw: 2.80	msg/s 0.0
INFO: 12-10-2021 19:02:46 printStatus(169) -- Drogno_4: ready	battery: 4.19	kalman var: 0.0 0.0 0.0	 batterySag: 0.644	link quality: 63	flight time: 0s	pos 1.00 0.04 0.00	yaw: 2.78	msg/s 0.0
INFO: 12-10-2021 19:02:47 printStatus(169) -- Drogno_4: ready	battery: 4.19	kalman var: 0.001 0.001 0.001	 batterySag: 0.644	link quality: 62	flight time: 0s	pos 1.00 0.04 0.00	yaw: 2.71	msg/s 0.0
INFO: 12-10-2021 19:02:48 printStatus(169) -- Drogno_4: ready	battery: 4.19	kalman var: 0.0 0.0 0.0	 batterySag: 0.644	link quality: 62	flight time: 0s	pos 1.00 0.04 0.00	yaw: 2.82	msg/s 0.0
INFO: 12-10-2021 19:02:50 printStatus(169) -- Drogno_4: ready	battery: 4.19	kalman var: 0.0 0.0 0.0	 batterySag: 0.644	link quality: 63	flight time: 0s	pos 1.00 0.04 0.01	yaw: 2.80	msg/s 0.0
INFO: 12-10-2021 19:02:51 printStatus(169) -- Drogno_4: ready	battery: 4.19	kalman var: 0.0 0.0 0.0	 batterySag: 0.644	link quality: 62	flight time: 0s	pos 1.00 0.04 0.00	yaw: 1.06	msg/s 0.0
INFO: 12-10-2021 19:02:53 printStatus(169) -- Drogno_4: ready	battery: 4.19	kalman var: 0.0 0.0 0.0	 batterySag: 0.644	link quality: 63	flight time: 0s	pos 1.00 0.04 0.01	yaw: 0.29	msg/s 0.0
INFO: 12-10-2021 19:02:54 printStatus(169) -- Drogno_4: ready	battery: 4.19	kalman var: 0.001 0.001 0.001	 batterySag: 0.644	link quality: 63	flight time: 0s	pos 1.00 0.04 0.01	yaw: -0.07	msg/s 0.0
INFO: 12-10-2021 19:02:55 printStatus(169) -- Drogno_4: ready	battery: 4.19	kalman var: 0.0 0.0 0.0	 batterySag: 0.644	link quality: 61	flight time: 0s	pos 1.00 0.04 0.00	yaw: -0.79	msg/s 0.0
INFO: 12-10-2021 19:02:56 printStatus(169) -- Drogno_4: ready	battery: 4.19	kalman var: 0.0 0.0 0.001	 batterySag: 0.644	link quality: 63	flight time: 0s	pos 1.00 0.04 0.01	yaw: -1.34	msg/s 0.0
INFO: 12-10-2021 19:02:58 printStatus(169) -- Drogno_4: ready	battery: 4.19	kalman var: 0.0 0.0 0.0	 batterySag: 0.644	link quality: 63	flight time: 0s	pos 1.00 0.04 0.00	yaw: -1.65	msg/s 0.0
INFO: 12-10-2021 19:02:59 printStatus(169) -- Drogno_4: ready	battery: 4.19	kalman var: 0.0 0.0 0.0	 batterySag: 0.644	link quality: 63	flight time: 0s	pos 1.00 0.04 0.00	yaw: -2.85	msg/s 0.0
INFO: 12-10-2021 19:03:00 printStatus(169) -- Drogno_4: ready	battery: 4.19	kalman var: 0.001 0.001 0.001	 batterySag: 0.644	link quality: 63	flight time: 0s	pos 1.00 0.04 0.01	yaw: -4.05	msg/s 0.0
INFO: 12-10-2021 19:03:01 printStatus(169) -- Drogno_4: ready	battery: 4.19	kalman var: 0.001 0.001 0.001	 batterySag: 0.644	link quality: 63	flight time: 0s	pos 1.00 0.04 0.00	yaw: -4.08	msg/s 0.0
INFO: 12-10-2021 19:03:03 printStatus(169) -- Drogno_4: ready	battery: 4.19	kalman var: 0.001 0.001 0.001	 batterySag: 0.644	link quality: 64	flight time: 0s	pos 1.00 0.04 0.00	yaw: -5.33	msg/s 0.0
INFO: 12-10-2021 19:03:04 printStatus(169) -- Drogno_4: ready	battery: 4.19	kalman var: 0.003 0.003 0.001	 batterySag: 0.644	link quality: 65	flight time: 0s	pos 0.99 0.04 0.00	yaw: -7.19	msg/s 0.0
INFO: 12-10-2021 19:03:05 printStatus(169) -- Drogno_4: ready	battery: 4.19	kalman var: 0.001 0.001 0.001	 batterySag: 0.644	link quality: 65	flight time: 0s	pos 1.00 0.04 0.00	yaw: -6.93	msg/s 0.0
INFO: 12-10-2021 19:03:06 printStatus(169) -- Drogno_4: ready	battery: 4.19	kalman var: 0.003 0.003 0.002	 batterySag: 0.644	link quality: 63	flight time: 0s	pos 0.98 0.04 0.00	yaw: -7.55	msg/s 0.0
INFO: 12-10-2021 19:03:08 printStatus(169) -- Drogno_4: BAD kalman	battery: 4.19	kalman var: 0.025 0.025 0.004	 batterySag: 0.644	link quality: 64	flight time: 0s	pos 0.84 -0.03 -0.01	yaw: -7.30	msg/s 0.0
INFO: 12-10-2021 19:03:10 printStatus(169) -- Drogno_4: BAD kalman	battery: 4.19	kalman var: 0.015 0.015 0.003	 batterySag: 0.644	link quality: 64	flight time: 0s	pos 0.93 0.01 0.01	yaw: -7.93	msg/s 0.0
INFO: 12-10-2021 19:03:11 printStatus(169) -- Drogno_4: ready	battery: 4.19	kalman var: 0.002 0.002 0.001	 batterySag: 0.644	link quality: 64	flight time: 0s	pos 1.00 0.04 0.00	yaw: -10.47	msg/s 0.0
INFO: 12-10-2021 19:03:12 printStatus(169) -- Drogno_4: ready	battery: 4.19	kalman var: 0.001 0.001 0.001	 batterySag: 0.644	link quality: 65	flight time: 0s	pos 1.00 0.05 0.00	yaw: -10.73	msg/s 0.0
INFO: 12-10-2021 19:03:13 printStatus(169) -- Drogno_4: ready	battery: 4.19	kalman var: 0.001 0.001 0.001	 batterySag: 0.644	link quality: 65	flight time: 0s	pos 1.00 0.04 0.01	yaw: -12.74	msg/s 0.0
INFO: 12-10-2021 19:03:15 printStatus(169) -- Drogno_4: ready	battery: 4.19	kalman var: 0.001 0.001 0.001	 batterySag: 0.644	link quality: 65	flight time: 0s	pos 1.00 0.04 0.00	yaw: -13.17	msg/s 0.0
INFO: 12-10-2021 19:03:16 printStatus(169) -- Drogno_4: ready	battery: 4.19	kalman var: 0.001 0.001 0.001	 batterySag: 0.644	link quality: 66	flight time: 0s	pos 1.00 0.04 0.01	yaw: -14.18	msg/s 0.0
INFO: 12-10-2021 19:03:17 printStatus(169) -- Drogno_4: ready	battery: 4.19	kalman var: 0.0 0.0 0.0	 batterySag: 0.644	link quality: 68	flight time: 0s	pos 1.00 0.04 0.01	yaw: -14.66	msg/s 0.0
INFO: 12-10-2021 19:03:19 printStatus(169) -- Drogno_4: ready	battery: 4.19	kalman var: 0.0 0.0 0.0	 batterySag: 0.644	link quality: 65	flight time: 0s	pos 1.00 0.04 0.00	yaw: -14.66	msg/s 0.0
INFO: 12-10-2021 19:03:20 printStatus(169) -- Drogno_4: ready	battery: 4.19	kalman var: 0.001 0.001 0.001	 batterySag: 0.644	link quality: 65	flight time: 0s	pos 1.00 0.04 0.00	yaw: -14.98	msg/s 0.0
INFO: 12-10-2021 19:03:21 printStatus(169) -- Drogno_4: ready	battery: 4.19	kalman var: 0.0 0.0 0.0	 batterySag: 0.644	link quality: 68	flight time: 0s	pos 1.00 0.04 0.00	yaw: -15.20	msg/s 0.0
INFO: 12-10-2021 19:03:22 printStatus(169) -- Drogno_4: ready	battery: 4.19	kalman var: 0.0 0.0 0.001	 batterySag: 0.644	link quality: 67	flight time: 0s	pos 1.00 0.04 0.00	yaw: -15.41	msg/s 0.0
INFO: 12-10-2021 19:03:23 printStatus(169) -- Drogno_4: ready	battery: 4.19	kalman var: 0.001 0.001 0.001	 batterySag: 0.644	link quality: 65	flight time: 0s	pos 1.00 0.04 0.00	yaw: -15.18	msg/s 0.0
INFO: 12-10-2021 19:03:25 printStatus(169) -- Drogno_4: ready	battery: 4.19	kalman var: 0.002 0.002 0.001	 batterySag: 0.644	link quality: 65	flight time: 0s	pos 0.99 0.04 0.01	yaw: -15.79	msg/s 0.0
INFO: 12-10-2021 19:03:26 printStatus(169) -- Drogno_4: ready	battery: 4.19	kalman var: 0.002 0.002 0.001	 batterySag: 0.644	link quality: 65	flight time: 0s	pos 0.99 0.04 0.01	yaw: -15.79	msg/s 0.0
INFO: 12-10-2021 19:03:27 printStatus(169) -- Drogno_4: ready	battery: 4.19	kalman var: 0.003 0.003 0.001	 batterySag: 0.644	link quality: 65	flight time: 0s	pos 0.99 0.04 0.01	yaw: -16.05	msg/s 0.0
INFO: 12-10-2021 19:03:28 printStatus(169) -- Drogno_4: ready	battery: 4.19	kalman var: 0.001 0.001 0.001	 batterySag: 0.644	link quality: 67	flight time: 0s	pos 1.00 0.04 0.00	yaw: -16.42	msg/s 0.0
INFO: 12-10-2021 19:03:30 printStatus(169) -- Drogno_4: ready	battery: 4.19	kalman var: 0.001 0.001 0.0	 batterySag: 0.644	link quality: 67	flight time: 0s	pos 1.00 0.04 0.01	yaw: -16.62	msg/s 0.0
INFO: 12-10-2021 19:03:32 printStatus(169) -- Drogno_4: ready	battery: 4.19	kalman var: 0.001 0.001 0.001	 batterySag: 0.644	link quality: 67	flight time: 0s	pos 1.00 0.04 0.01	yaw: -16.59	msg/s 0.0
INFO: 12-10-2021 19:03:33 printStatus(169) -- Drogno_4: hovering	battery: 4.19	kalman var: 0.001 0.001 0.001	 batterySag: 0.644	link quality: 67	flight time: 0s	pos 1.00 0.04 0.01	yaw: -17.05	msg/s 0.0
INFO: 12-10-2021 19:03:35 printStatus(169) -- Drogno_4: ready	battery: 3.83	kalman var: 0.003 0.003 0.001	 batterySag: 0.644	link quality: 60	flight time: 0s	pos 0.98 0.05 0.18	yaw: -6.62	msg/s 0.0
INFO: 12-10-2021 19:03:36 printStatus(169) -- Drogno_4: ready	battery: 3.87	kalman var: 0.0 0.0 0.0	 batterySag: 0.644	link quality: 58	flight time: 1s	pos 1.12 0.12 0.76	yaw: 2.09	msg/s 0.0
INFO: 12-10-2021 19:03:37 printStatus(169) -- Drogno_4: ready	battery: 3.85	kalman var: 0.0 0.0 0.0	 batterySag: 0.644	link quality: 57	flight time: 2s	pos 1.02 0.06 0.86	yaw: 3.09	msg/s 0.0
INFO: 12-10-2021 19:03:39 printStatus(169) -- Drogno_4: ready	battery: 3.83	kalman var: 0.0 0.0 0.0	 batterySag: 0.644	link quality: 56	flight time: 3s	pos 0.97 0.02 0.86	yaw: 1.06	msg/s 0.0
INFO: 12-10-2021 19:03:40 printStatus(169) -- Drogno_4: ready	battery: 3.82	kalman var: 0.0 0.0 0.0	 batterySag: 0.644	link quality: 59	flight time: 5s	pos 0.98 0.03 0.85	yaw: 0.69	msg/s 0.0
INFO: 12-10-2021 19:03:41 printStatus(169) -- Drogno_4: ready	battery: 3.83	kalman var: 0.0 0.0 0.0	 batterySag: 0.644	link quality: 53	flight time: 6s	pos 1.03 0.03 0.97	yaw: 3.44	msg/s 3.6
INFO: 12-10-2021 19:03:42 printStatus(169) -- Drogno_4: ready	battery: 3.81	kalman var: 0.0 0.0 0.0	 batterySag: 0.644	link quality: 56	flight time: 7s	pos 1.11 0.01 1.18	yaw: -1.31	msg/s 0.0
INFO: 12-10-2021 19:03:44 printStatus(169) -- Drogno_4: ready	battery: 3.79	kalman var: 0.001 0.001 0.001	 batterySag: 0.644	link quality: 65	flight time: 9s	pos 1.10 -0.00 1.14	yaw: -0.84	msg/s 0.0
INFO: 12-10-2021 19:03:45 printStatus(169) -- Drogno_4: ready	battery: 3.79	kalman var: 0.0 0.0 0.0	 batterySag: 0.644	link quality: 65	flight time: 10s	pos 1.09 0.00 1.13	yaw: 0.85	msg/s 0.0
INFO: 12-10-2021 19:03:46 printStatus(169) -- Drogno_4: ready	battery: 3.78	kalman var: 0.0 0.0 0.0	 batterySag: 0.644	link quality: 65	flight time: 11s	pos 1.10 -0.00 1.13	yaw: 2.19	msg/s 0.0
INFO: 12-10-2021 19:03:47 printStatus(169) -- Drogno_4: ready	battery: 3.77	kalman var: 0.0 0.0 0.0	 batterySag: 0.644	link quality: 65	flight time: 13s	pos 1.11 -0.00 1.13	yaw: -1.62	msg/s 0.0
INFO: 12-10-2021 19:03:48 printStatus(169) -- Drogno_4: ready	battery: 3.77	kalman var: 0.001 0.001 0.001	 batterySag: 0.644	link quality: 62	flight time: 14s	pos 1.10 -0.00 1.12	yaw: -1.46	msg/s 0.0
INFO: 12-10-2021 19:03:50 printStatus(169) -- Drogno_4: ready	battery: 3.76	kalman var: 0.0 0.0 0.001	 batterySag: 0.644	link quality: 62	flight time: 15s	pos 1.10 0.01 1.12	yaw: -1.79	msg/s 0.0
INFO: 12-10-2021 19:03:51 printStatus(169) -- Drogno_4: ready	battery: 3.76	kalman var: 0.0 0.0 0.001	 batterySag: 0.644	link quality: 63	flight time: 16s	pos 1.10 -0.01 1.11	yaw: -1.84	msg/s 0.0
INFO: 12-10-2021 19:03:53 printStatus(169) -- Drogno_4: ready	battery: 3.75	kalman var: 0.001 0.001 0.001	 batterySag: 0.644	link quality: 63	flight time: 18s	pos 1.11 -0.01 1.11	yaw: -2.13	msg/s 0.0
INFO: 12-10-2021 19:03:54 printStatus(169) -- Drogno_4: ready	battery: 3.75	kalman var: 0.001 0.001 0.001	 batterySag: 0.644	link quality: 64	flight time: 19s	pos 1.10 -0.00 1.11	yaw: 0.19	msg/s 0.0
INFO: 12-10-2021 19:03:55 printStatus(169) -- Drogno_4: ready	battery: 3.75	kalman var: 0.0 0.0 0.0	 batterySag: 0.644	link quality: 62	flight time: 20s	pos 1.11 -0.00 1.11	yaw: 2.38	msg/s 0.0
INFO: 12-10-2021 19:03:56 printStatus(169) -- Drogno_4: ready	battery: 3.74	kalman var: 0.0 0.0 0.0	 batterySag: 0.644	link quality: 70	flight time: 22s	pos 1.10 -0.01 1.11	yaw: 1.97	msg/s 0.0
INFO: 12-10-2021 19:03:57 printStatus(169) -- Drogno_4: ready	battery: 3.74	kalman var: 0.0 0.0 0.0	 batterySag: 0.644	link quality: 69	flight time: 23s	pos 1.09 -0.01 1.11	yaw: 0.96	msg/s 0.0
INFO: 12-10-2021 19:03:59 printStatus(169) -- Drogno_4: ready	battery: 3.74	kalman var: 0.0 0.0 0.0	 batterySag: 0.644	link quality: 65	flight time: 24s	pos 1.10 -0.00 1.11	yaw: 1.28	msg/s 0.0
INFO: 12-10-2021 19:04:00 printStatus(169) -- Drogno_4: ready	battery: 3.74	kalman var: 0.0 0.0 0.0	 batterySag: 0.644	link quality: 64	flight time: 25s	pos 1.10 0.00 1.11	yaw: 2.88	msg/s 0.0
INFO: 12-10-2021 19:04:01 printStatus(169) -- Drogno_4: ready	battery: 3.73	kalman var: 0.0 0.0 0.0	 batterySag: 0.644	link quality: 67	flight time: 27s	pos 1.09 -0.00 1.11	yaw: 2.75	msg/s 0.0
INFO: 12-10-2021 19:04:03 printStatus(169) -- Drogno_4: ready	battery: 3.73	kalman var: 0.0 0.0 0.0	 batterySag: 0.644	link quality: 75	flight time: 28s	pos 1.08 -0.01 1.10	yaw: -1.36	msg/s 0.0
INFO: 12-10-2021 19:04:04 printStatus(169) -- Drogno_4: ready	battery: 3.72	kalman var: 0.0 0.0 0.0	 batterySag: 0.644	link quality: 65	flight time: 29s	pos 1.11 -0.01 1.10	yaw: -1.57	msg/s 0.0
INFO: 12-10-2021 19:04:05 printStatus(169) -- Drogno_4: ready	battery: 3.72	kalman var: 0.0 0.0 0.0	 batterySag: 0.644	link quality: 66	flight time: 30s	pos 1.10 -0.01 1.11	yaw: -0.49	msg/s 0.0
INFO: 12-10-2021 19:04:06 printStatus(169) -- Drogno_4: ready	battery: 3.72	kalman var: 0.0 0.0 0.0	 batterySag: 0.644	link quality: 66	flight time: 31s	pos 1.10 -0.01 1.11	yaw: -0.49	msg/s 0.0
INFO: 12-10-2021 19:04:07 printStatus(169) -- Drogno_4: ready	battery: 3.72	kalman var: 0.0 0.0 0.0	 batterySag: 0.644	link quality: 71	flight time: 33s	pos 1.10 -0.01 1.11	yaw: -1.45	msg/s 0.0
INFO: 12-10-2021 19:04:09 printStatus(169) -- Drogno_4: ready	battery: 3.72	kalman var: 0.0 0.0 0.0	 batterySag: 0.644	link quality: 67	flight time: 34s	pos 1.10 -0.00 1.11	yaw: -2.21	msg/s 0.0
INFO: 12-10-2021 19:04:10 printStatus(169) -- Drogno_4: ready	battery: 3.71	kalman var: 0.0 0.0 0.0	 batterySag: 0.644	link quality: 68	flight time: 35s	pos 1.10 -0.01 1.11	yaw: -2.43	msg/s 0.0
INFO: 12-10-2021 19:04:11 printStatus(169) -- Drogno_4: ready	battery: 3.71	kalman var: 0.001 0.001 0.001	 batterySag: 0.644	link quality: 63	flight time: 36s	pos 1.10 -0.00 1.11	yaw: -1.72	msg/s 0.0
INFO: 12-10-2021 19:04:12 printStatus(169) -- Drogno_4: hovering	battery: 3.7	kalman var: 0.0 0.0 0.0	 batterySag: 0.644	link quality: 61	flight time: 38s	pos 1.11 -0.01 1.11	yaw: -1.15	msg/s 7.3
INFO: 12-10-2021 19:04:14 printStatus(169) -- Drogno_4: hovering	battery: 3.65	kalman var: 0.001 0.001 0.001	 batterySag: 0.644	link quality: 60	flight time: 39s	pos -0.63 -0.04 1.03	yaw: 1.18	msg/s 5.5
INFO: 12-10-2021 19:04:15 printStatus(169) -- Drogno_4: hovering	battery: 3.68	kalman var: 0.0 0.0 0.0	 batterySag: 0.644	link quality: 61	flight time: 40s	pos -0.71 -0.02 0.82	yaw: 7.64	msg/s 7.3
INFO: 12-10-2021 19:04:16 printStatus(169) -- Drogno_4: hovering	battery: 3.7	kalman var: 0.0 0.0 0.0	 batterySag: 0.644	link quality: 58	flight time: 42s	pos -0.69 -0.02 0.77	yaw: 4.02	msg/s 7.3
INFO: 12-10-2021 19:04:18 printStatus(169) -- Drogno_4: ready	battery: 3.67	kalman var: 0.0 0.0 0.0	 batterySag: 0.644	link quality: 53	flight time: 43s	pos -0.95 -0.11 0.55	yaw: 2.34	msg/s 7.3
INFO: 12-10-2021 19:04:19 printStatus(169) -- Drogno_4: moving	battery: 3.7	kalman var: 0.0 0.0 0.0	 batterySag: 0.644	link quality: 64	flight time: 44s	pos -1.17 -0.05 0.65	yaw: -1.75	msg/s 7.3
INFO: 12-10-2021 19:04:20 printStatus(169) -- Drogno_4: hovering	battery: 3.67	kalman var: 0.0 0.0 0.0	 batterySag: 0.644	link quality: 73	flight time: 45s	pos -1.42 0.12 0.79	yaw: -2.21	msg/s 7.3
INFO: 12-10-2021 19:04:21 printStatus(169) -- Drogno_4: hovering	battery: 3.67	kalman var: 0.0 0.0 0.0	 batterySag: 0.644	link quality: 75	flight time: 47s	pos -1.58 0.44 0.98	yaw: -3.04	msg/s 7.3
INFO: 12-10-2021 19:04:23 printStatus(169) -- Drogno_4: hovering	battery: 3.68	kalman var: 0.001 0.001 0.001	 batterySag: 0.644	link quality: 63	flight time: 48s	pos -1.29 0.96 1.23	yaw: 0.27	msg/s 7.3
INFO: 12-10-2021 19:04:24 printStatus(169) -- Drogno_4: hovering	battery: 3.68	kalman var: 0.001 0.001 0.001	 batterySag: 0.644	link quality: 61	flight time: 49s	pos -0.88 1.01 1.23	yaw: 0.96	msg/s 16.4
INFO: 12-10-2021 19:04:25 printStatus(169) -- Drogno_4: hovering	battery: 3.68	kalman var: 0.001 0.001 0.001	 batterySag: 0.644	link quality: 58	flight time: 50s	pos -0.35 1.13 1.19	yaw: -0.06	msg/s 16.4
INFO: 12-10-2021 19:04:26 printStatus(169) -- Drogno_4: hovering	battery: 3.65	kalman var: 0.001 0.001 0.001	 batterySag: 0.644	link quality: 67	flight time: 51s	pos 0.17 0.92 1.16	yaw: 0.27	msg/s 12.7
INFO: 12-10-2021 19:04:27 printStatus(169) -- Drogno_4: hovering	battery: 3.65	kalman var: 0.0 0.0 0.0	 batterySag: 0.644	link quality: 62	flight time: 53s	pos 0.33 0.47 1.31	yaw: -0.52	msg/s 18.2
INFO: 12-10-2021 19:04:28 printStatus(169) -- Drogno_4: hovering	battery: 3.67	kalman var: 0.0 0.0 0.0	 batterySag: 0.644	link quality: 65	flight time: 54s	pos 0.12 -0.18 1.54	yaw: -0.50	msg/s 20.0
INFO: 12-10-2021 19:04:30 printStatus(169) -- Drogno_4: hovering	battery: 3.68	kalman var: 0.001 0.001 0.001	 batterySag: 0.644	link quality: 62	flight time: 55s	pos -0.42 -1.28 1.32	yaw: -3.17	msg/s 18.2
INFO: 12-10-2021 19:04:31 printStatus(169) -- Drogno_4: hovering	battery: 3.65	kalman var: 0.0 0.0 0.0	 batterySag: 0.644	link quality: 67	flight time: 56s	pos -0.95 -1.10 0.92	yaw: 5.98	msg/s 14.5
INFO: 12-10-2021 19:04:32 printStatus(169) -- Drogno_4: hovering	battery: 3.65	kalman var: 0.0 0.0 0.0	 batterySag: 0.644	link quality: 61	flight time: 57s	pos -1.41 -0.71 0.70	yaw: 0.14	msg/s 18.2
INFO: 12-10-2021 19:04:33 printStatus(169) -- Drogno_4: hovering	battery: 3.64	kalman var: 0.0 0.0 0.0	 batterySag: 0.644	link quality: 57	flight time: 58s	pos -1.64 -0.18 0.52	yaw: -4.50	msg/s 18.2
INFO: 12-10-2021 19:04:34 printStatus(169) -- Drogno_4: moving	battery: 3.65	kalman var: 0.0 0.0 0.0	 batterySag: 0.644	link quality: 58	flight time: 60s	pos -1.61 0.44 0.52	yaw: 0.62	msg/s 18.2
INFO: 12-10-2021 19:04:36 printStatus(169) -- Drogno_4: hovering	battery: 3.64	kalman var: 0.0 0.0 0.0	 batterySag: 0.644	link quality: 60	flight time: 61s	pos -1.33 1.00 0.73	yaw: 2.92	msg/s 16.4
INFO: 12-10-2021 19:04:37 printStatus(169) -- Drogno_4: hovering	battery: 3.64	kalman var: 0.0 0.0 0.001	 batterySag: 0.644	link quality: 71	flight time: 62s	pos -0.21 1.26 1.56	yaw: 0.99	msg/s 18.2
INFO: 12-10-2021 19:04:38 printStatus(169) -- Drogno_4: hovering	battery: 3.66	kalman var: 0.0 0.0 0.0	 batterySag: 0.644	link quality: 80	flight time: 63s	pos 0.40 0.36 1.75	yaw: -1.04	msg/s 18.2
INFO: 12-10-2021 19:04:39 printStatus(169) -- Drogno_4: hovering	battery: 3.65	kalman var: 0.0 0.0 0.0	 batterySag: 0.644	link quality: 56	flight time: 64s	pos 0.54 -0.52 1.53	yaw: -0.55	msg/s 16.4
INFO: 12-10-2021 19:04:40 printStatus(169) -- Drogno_4: hovering	battery: 3.63	kalman var: 0.0 0.0 0.0	 batterySag: 0.644	link quality: 55	flight time: 66s	pos 0.44 -1.30 1.19	yaw: -0.61	msg/s 14.5
INFO: 12-10-2021 19:04:42 printStatus(169) -- Drogno_4: hovering	battery: 3.62	kalman var: 0.002 0.002 0.001	 batterySag: 0.644	link quality: 57	flight time: 67s	pos 0.67 -1.22 1.06	yaw: -1.22	msg/s 14.5
INFO: 12-10-2021 19:04:43 printStatus(169) -- Drogno_4: hovering	battery: 3.63	kalman var: 0.007 0.007 0.002	 batterySag: 0.644	link quality: 54	flight time: 68s	pos 0.75 -0.88 1.27	yaw: -2.79	msg/s 16.4
INFO: 12-10-2021 19:04:44 printStatus(169) -- Drogno_4: hovering	battery: 3.63	kalman var: 0.0 0.0 0.0	 batterySag: 0.644	link quality: 67	flight time: 70s	pos 0.67 -0.81 1.33	yaw: -0.94	msg/s 21.8
INFO: 12-10-2021 19:04:45 printStatus(169) -- Drogno_4: hovering	battery: 3.63	kalman var: 0.0 0.0 0.001	 batterySag: 0.644	link quality: 61	flight time: 71s	pos 0.29 -0.81 1.36	yaw: 2.44	msg/s 18.2
INFO: 12-10-2021 19:04:47 printStatus(169) -- Drogno_4: hovering	battery: 3.63	kalman var: 0.0 0.0 0.0	 batterySag: 0.644	link quality: 65	flight time: 72s	pos -0.40 -0.80 1.33	yaw: -1.06	msg/s 10.9
INFO: 12-10-2021 19:04:48 printStatus(169) -- Drogno_4: moving	battery: 3.62	kalman var: 0.0 0.0 0.0	 batterySag: 0.644	link quality: 65	flight time: 73s	pos -0.84 -0.81 1.32	yaw: 4.38	msg/s 12.7
INFO: 12-10-2021 19:04:50 printStatus(169) -- Drogno_4: ready	battery: 3.62	kalman var: 0.0 0.0 0.0	 batterySag: 0.644	link quality: 65	flight time: 75s	pos -1.67 -0.87 1.26	yaw: -0.53	msg/s 14.5
INFO: 12-10-2021 19:04:51 printStatus(169) -- Drogno_4: hovering	battery: 3.59	kalman var: 0.0 0.0 0.0	 batterySag: 0.644	link quality: 67	flight time: 76s	pos -1.70 -1.35 0.94	yaw: -0.21	msg/s 14.5
INFO: 12-10-2021 19:04:52 printStatus(169) -- Drogno_4: hovering	battery: 3.62	kalman var: 0.0 0.0 0.0	 batterySag: 0.644	link quality: 67	flight time: 77s	pos -0.82 -1.50 0.91	yaw: 1.09	msg/s 18.2
INFO: 12-10-2021 19:04:54 printStatus(169) -- Drogno_4: hovering	battery: 3.61	kalman var: 0.001 0.001 0.001	 batterySag: 0.644	link quality: 63	flight time: 79s	pos 0.59 -0.93 1.38	yaw: -1.58	msg/s 20.0
INFO: 12-10-2021 19:04:55 printStatus(169) -- Drogno_4: hovering	battery: 3.61	kalman var: 0.0 0.0 0.0	 batterySag: 0.644	link quality: 63	flight time: 80s	pos 0.37 -0.48 1.63	yaw: -0.19	msg/s 20.0
INFO: 12-10-2021 19:04:57 printStatus(169) -- Drogno_4: moving	battery: 3.61	kalman var: 0.0 0.0 0.0	 batterySag: 0.644	link quality: 74	flight time: 82s	pos -0.36 -0.26 1.82	yaw: -0.72	msg/s 16.4
INFO: 12-10-2021 19:04:58 printStatus(169) -- Drogno_4: hovering	battery: 3.6	kalman var: 0.001 0.001 0.001	 batterySag: 0.644	link quality: 61	flight time: 83s	pos -0.50 -0.19 1.91	yaw: 1.30	msg/s 18.2
INFO: 12-10-2021 19:04:59 printStatus(169) -- Drogno_4: moving	battery: 3.59	kalman var: 0.0 0.0 0.001	 batterySag: 0.644	link quality: 73	flight time: 84s	pos -0.49 -0.11 1.99	yaw: 0.53	msg/s 20.0
INFO: 12-10-2021 19:05:00 printStatus(169) -- Drogno_4: hovering	battery: 3.6	kalman var: 0.003 0.003 0.002	 batterySag: 0.644	link quality: 58	flight time: 85s	pos -0.36 -0.02 2.06	yaw: -0.95	msg/s 20.0
INFO: 12-10-2021 19:05:01 printStatus(169) -- Drogno_4: hovering	battery: 3.59	kalman var: 0.0 0.0 0.0	 batterySag: 0.644	link quality: 63	flight time: 87s	pos -0.31 0.02 2.06	yaw: -1.17	msg/s 25.5
INFO: 12-10-2021 19:05:02 printStatus(169) -- Drogno_4: moving	battery: 3.6	kalman var: 0.0 0.0 0.001	 batterySag: 0.644	link quality: 67	flight time: 88s	pos -0.32 0.03 2.07	yaw: -2.49	msg/s 21.8
INFO: 12-10-2021 19:05:04 printStatus(169) -- Drogno_4: moving	battery: 3.59	kalman var: 0.0 0.0 0.0	 batterySag: 0.644	link quality: 67	flight time: 89s	pos -0.40 0.06 2.05	yaw: 1.80	msg/s 18.2
INFO: 12-10-2021 19:05:05 printStatus(169) -- Drogno_4: hovering	battery: 3.59	kalman var: 0.002 0.002 0.001	 batterySag: 0.644	link quality: 65	flight time: 90s	pos -0.42 0.08 2.04	yaw: -1.04	msg/s 16.4
INFO: 12-10-2021 19:05:06 printStatus(169) -- Drogno_4: hovering	battery: 3.58	kalman var: 0.001 0.001 0.001	 batterySag: 0.644	link quality: 64	flight time: 91s	pos -0.44 0.07 2.02	yaw: 1.67	msg/s 16.4
INFO: 12-10-2021 19:05:07 printStatus(169) -- Drogno_4: hovering	battery: 3.58	kalman var: 0.001 0.001 0.001	 batterySag: 0.644	link quality: 67	flight time: 92s	pos -0.43 0.10 2.04	yaw: 0.89	msg/s 10.9
INFO: 12-10-2021 19:05:08 printStatus(169) -- Drogno_4: hovering	battery: 3.58	kalman var: 0.0 0.0 0.0	 batterySag: 0.644	link quality: 67	flight time: 94s	pos -0.41 0.08 2.03	yaw: 1.30	msg/s 3.6
INFO: 12-10-2021 19:05:10 printStatus(169) -- Drogno_4: ready	battery: 3.57	kalman var: 0.0 0.0 0.0	 batterySag: 0.644	link quality: 65	flight time: 95s	pos -0.41 0.07 2.04	yaw: 0.32	msg/s 0.0
INFO: 12-10-2021 19:05:11 printStatus(169) -- Drogno_4: ready	battery: 3.57	kalman var: 0.0 0.0 0.001	 batterySag: 0.644	link quality: 66	flight time: 96s	pos -0.40 0.07 2.04	yaw: 0.94	msg/s 0.0
INFO: 12-10-2021 19:05:12 printStatus(169) -- Drogno_4: ready	battery: 3.58	kalman var: 0.003 0.003 0.001	 batterySag: 0.644	link quality: 65	flight time: 97s	pos -0.42 0.07 2.04	yaw: -0.01	msg/s 0.0
INFO: 12-10-2021 19:05:13 printStatus(169) -- Drogno_4: ready	battery: 3.57	kalman var: 0.001 0.001 0.001	 batterySag: 0.644	link quality: 65	flight time: 98s	pos -0.40 0.07 2.03	yaw: 0.02	msg/s 0.0
INFO: 12-10-2021 19:05:14 printStatus(169) -- Drogno_4: ready	battery: 3.57	kalman var: 0.0 0.0 0.0	 batterySag: 0.644	link quality: 67	flight time: 99s	pos -0.38 0.06 2.03	yaw: 0.30	msg/s 0.0
INFO: 12-10-2021 19:05:15 printStatus(169) -- Drogno_4: ready	battery: 3.57	kalman var: 0.002 0.002 0.001	 batterySag: 0.644	link quality: 65	flight time: 101s	pos -0.42 0.08 2.04	yaw: 0.10	msg/s 0.0
INFO: 12-10-2021 19:05:17 printStatus(169) -- Drogno_4: ready	battery: 3.57	kalman var: 0.003 0.003 0.002	 batterySag: 0.644	link quality: 66	flight time: 102s	pos -0.42 0.07 2.04	yaw: -1.41	msg/s 0.0
INFO: 12-10-2021 19:05:18 printStatus(169) -- Drogno_4: ready	battery: 3.57	kalman var: 0.002 0.002 0.001	 batterySag: 0.644	link quality: 64	flight time: 103s	pos -0.40 0.09 2.02	yaw: -1.28	msg/s 0.0
INFO: 12-10-2021 19:05:19 printStatus(169) -- Drogno_4: ready	battery: 3.56	kalman var: 0.004 0.004 0.002	 batterySag: 0.644	link quality: 65	flight time: 104s	pos -0.41 0.07 2.04	yaw: -0.40	msg/s 0.0
INFO: 12-10-2021 19:05:20 printStatus(169) -- Drogno_4: BAD kalman	battery: 3.56	kalman var: 0.011 0.011 0.003	 batterySag: 0.644	link quality: 65	flight time: 105s	pos -0.41 0.07 2.04	yaw: -0.28	msg/s 0.0
INFO: 12-10-2021 19:05:21 printStatus(169) -- Drogno_4: BAD kalman	battery: 3.56	kalman var: 0.025 0.025 0.004	 batterySag: 0.644	link quality: 61	flight time: 107s	pos -0.42 0.07 2.03	yaw: -0.34	msg/s 0.0
INFO: 12-10-2021 19:05:23 printStatus(169) -- Drogno_4: BAD kalman	battery: 3.55	kalman var: 0.08 0.08 0.006	 batterySag: 0.644	link quality: 62	flight time: 108s	pos -0.41 0.08 2.04	yaw: -0.23	msg/s 0.0
INFO: 12-10-2021 19:05:24 printStatus(169) -- Drogno_4: ready	battery: 3.38	kalman var: 0.0 0.0 0.0	 batterySag: 0.644	link quality: 57	flight time: 109s	pos -0.00 -0.04 -0.06	yaw: 13.95	msg/s 0.0
WARNING: 12-10-2021 19:05:24 evaluateBattery(804) -- battery under 3.50v
WARNING: 12-10-2021 19:05:25 evaluateBattery(804) -- battery under 3.50v
INFO: 12-10-2021 19:05:26 printStatus(169) -- Drogno_4: stand by	battery: 3.85	kalman var: 0.006 0.007 0.009	 batterySag: 0.644	link quality: 67	flight time: 110s	pos 1.63 -3.59 -3.51	yaw: 70.19	msg/s 0.0
INFO: 12-10-2021 19:05:27 printStatus(169) -- Drogno_4: stand by	battery: 3.85	kalman var: 0.006 0.007 0.009	 batterySag: 0.644	link quality: 67	flight time: 110s	pos 1.63 -3.59 -3.51	yaw: 70.19	msg/s 0.0
INFO: 12-10-2021 19:05:28 printStatus(169) -- Drogno_4: stand by	battery: 3.85	kalman var: 0.006 0.007 0.009	 batterySag: 0.644	link quality: 67	flight time: 110s	pos 1.63 -3.59 -3.51	yaw: 70.19	msg/s 0.0
INFO: 12-10-2021 19:05:29 printStatus(169) -- Drogno_4: stand by	battery: 3.85	kalman var: 0.006 0.007 0.009	 batterySag: 0.644	link quality: 67	flight time: 110s	pos 1.63 -3.59 -3.51	yaw: 70.19	msg/s 0.0
INFO: 12-10-2021 19:05:30 printStatus(169) -- Drogno_4: stand by	battery: 3.85	kalman var: 0.006 0.007 0.009	 batterySag: 0.644	link quality: 67	flight time: 110s	pos 1.63 -3.59 -3.51	yaw: 70.19	msg/s 0.0
INFO: 12-10-2021 19:05:32 printStatus(169) -- Drogno_4: stand by	battery: 3.85	kalman var: 0.006 0.007 0.009	 batterySag: 0.644	link quality: 67	flight time: 110s	pos 1.63 -3.59 -3.51	yaw: 70.19	msg/s 0.0
INFO: 12-10-2021 19:05:33 printStatus(169) -- Drogno_4: stand by	battery: 3.85	kalman var: 0.006 0.007 0.009	 batterySag: 0.644	link quality: 67	flight time: 110s	pos 1.63 -3.59 -3.51	yaw: 70.19	msg/s 0.0
INFO: 12-10-2021 19:05:34 printStatus(169) -- Drogno_4: stand by	battery: 3.85	kalman var: 0.006 0.007 0.009	 batterySag: 0.644	link quality: 67	flight time: 110s	pos 1.63 -3.59 -3.51	yaw: 70.19	msg/s 0.0
INFO: 12-10-2021 19:05:35 printStatus(169) -- Drogno_4: stand by	battery: 3.85	kalman var: 0.006 0.007 0.009	 batterySag: 0.644	link quality: 67	flight time: 110s	pos 1.63 -3.59 -3.51	yaw: 70.19	msg/s 0.0
INFO: 12-10-2021 19:05:36 printStatus(169) -- Drogno_4: stand by	battery: 3.85	kalman var: 0.006 0.007 0.009	 batterySag: 0.644	link quality: 67	flight time: 110s	pos 1.63 -3.59 -3.51	yaw: 70.19	msg/s 0.0
INFO: 12-10-2021 19:05:37 printStatus(169) -- Drogno_4: stand by	battery: 3.85	kalman var: 0.006 0.007 0.009	 batterySag: 0.644	link quality: 67	flight time: 110s	pos 1.63 -3.59 -3.51	yaw: 70.19	msg/s 0.0
WARNING: 12-10-2021 19:05:38 exit(859) -- closing Drogno_4
