INFO: 12-10-2021 19:01:50 __init__(130) -- This is dronelog running on Drogno_1
INFO: 12-10-2021 19:01:51 printStatus(166) -- Started
INFO: 12-10-2021 19:01:52 printStatus(169) -- Drogno_1: connecting	battery: n.p.	kalman var: 0 0 0	 batterySag: 0	link quality: 0	flight time: 0s	pos 0.00 0.00 0.00	yaw: 0.00	msg/s 0.0
INFO: 12-10-2021 19:01:54 printStatus(169) -- Drogno_1: connecting	battery: n.p.	kalman var: 0 0 0	 batterySag: 0	link quality: 0	flight time: 0s	pos 0.00 0.00 0.00	yaw: 0.00	msg/s 0.0
INFO: 12-10-2021 19:01:55 printStatus(169) -- Drogno_1: connecting	battery: n.p.	kalman var: 0 0 0	 batterySag: 0	link quality: 0	flight time: 0s	pos 0.00 0.00 0.00	yaw: 0.00	msg/s 0.0
INFO: 12-10-2021 19:01:56 printStatus(169) -- Drogno_1: connecting	battery: n.p.	kalman var: 0 0 0	 batterySag: 0	link quality: 0	flight time: 0s	pos 0.00 0.00 0.00	yaw: 0.00	msg/s 0.0
INFO: 12-10-2021 19:01:57 printStatus(169) -- Drogno_1: landed	battery: n.p.	kalman var: 0 0 0	 batterySag: 0	link quality: 0	flight time: 0s	pos 0.00 0.00 0.00	yaw: 0.00	msg/s 0.0
INFO: 12-10-2021 19:01:59 printStatus(169) -- Drogno_1: landed	battery: n.p.	kalman var: 0 0 0	 batterySag: 0	link quality: 0	flight time: 0s	pos 0.00 0.00 0.00	yaw: 0.00	msg/s 0.0
INFO: 12-10-2021 19:02:01 printStatus(169) -- Drogno_1: ready	battery: 4.16	kalman var: 0.003 0.003 0.001	 batterySag: 0.649	link quality: 64	flight time: 0s	pos -0.43 0.99 0.03	yaw: -10.52	msg/s 0.0
INFO: 12-10-2021 19:02:02 printStatus(169) -- Drogno_1: ready	battery: 4.16	kalman var: 0.009 0.009 0.001	 batterySag: 0.649	link quality: 64	flight time: 0s	pos -0.06 0.00 0.00	yaw: -10.41	msg/s 0.0
INFO: 12-10-2021 19:02:03 printStatus(169) -- Drogno_1: BAD kalman	battery: 4.16	kalman var: 0.039 0.039 0.002	 batterySag: 0.649	link quality: 65	flight time: 0s	pos -0.25 0.02 0.00	yaw: -10.50	msg/s 0.0
INFO: 12-10-2021 19:02:05 printStatus(169) -- Drogno_1: BAD kalman	battery: 4.16	kalman var: 0.17 0.17 0.004	 batterySag: 0.649	link quality: 63	flight time: 0s	pos -1.04 0.07 0.03	yaw: -10.81	msg/s 0.0
INFO: 12-10-2021 19:02:06 printStatus(169) -- Drogno_1: BAD kalman	battery: 4.16	kalman var: 0.275 0.275 0.005	 batterySag: 0.649	link quality: 63	flight time: 0s	pos -1.65 0.11 0.05	yaw: -10.55	msg/s 0.0
INFO: 12-10-2021 19:02:07 printStatus(169) -- Drogno_1: BAD kalman	battery: 4.16	kalman var: 0.4 0.4 0.006	 batterySag: 0.649	link quality: 63	flight time: 0s	pos -0.80 1.01 0.05	yaw: -10.79	msg/s 0.0
INFO: 12-10-2021 19:02:08 printStatus(169) -- Drogno_1: ready	battery: 4.16	kalman var: 0.009 0.009 0.002	 batterySag: 0.649	link quality: 63	flight time: 0s	pos -0.43 0.98 0.03	yaw: -10.51	msg/s 0.0
INFO: 12-10-2021 19:02:10 printStatus(169) -- Drogno_1: BAD kalman	battery: 4.16	kalman var: 0.023 0.023 0.003	 batterySag: 0.649	link quality: 63	flight time: 0s	pos -0.45 0.98 0.03	yaw: -10.34	msg/s 0.0
INFO: 12-10-2021 19:02:11 printStatus(169) -- Drogno_1: BAD kalman	battery: 4.16	kalman var: 0.047 0.047 0.004	 batterySag: 0.649	link quality: 63	flight time: 0s	pos -0.50 1.00 0.04	yaw: -10.46	msg/s 0.0
INFO: 12-10-2021 19:02:12 printStatus(169) -- Drogno_1: BAD kalman	battery: 4.16	kalman var: 0.083 0.084 0.005	 batterySag: 0.649	link quality: 63	flight time: 0s	pos -0.59 1.02 0.06	yaw: -10.21	msg/s 0.0
INFO: 12-10-2021 19:02:13 printStatus(169) -- Drogno_1: BAD kalman	battery: 4.16	kalman var: 0.133 0.133 0.006	 batterySag: 0.649	link quality: 63	flight time: 0s	pos -0.74 1.06 0.08	yaw: -10.41	msg/s 0.0
INFO: 12-10-2021 19:02:15 printStatus(169) -- Drogno_1: BAD kalman	battery: 4.16	kalman var: 0.282 0.282 0.008	 batterySag: 0.649	link quality: 64	flight time: 0s	pos -1.23 1.17 0.16	yaw: -10.45	msg/s 0.0
INFO: 12-10-2021 19:02:16 printStatus(169) -- Drogno_1: BAD kalman	battery: 4.16	kalman var: 0.51 0.511 0.01	 batterySag: 0.649	link quality: 63	flight time: 0s	pos -2.05 1.34 0.27	yaw: -10.38	msg/s 0.0
INFO: 12-10-2021 19:02:18 printStatus(169) -- Drogno_1: out of BOX	battery: 4.16	kalman var: 0.659 0.66 0.011	 batterySag: 0.649	link quality: 64	flight time: 0s	pos -2.61 1.46 0.33	yaw: -10.41	msg/s 0.0
INFO: 12-10-2021 19:02:19 printStatus(169) -- Drogno_1: BAD kalman	battery: 4.16	kalman var: 0.058 0.058 0.004	 batterySag: 0.649	link quality: 63	flight time: 0s	pos -0.54 1.01 0.04	yaw: -10.64	msg/s 0.0
INFO: 12-10-2021 19:02:20 printStatus(169) -- Drogno_1: ready	battery: 4.16	kalman var: 0.001 0.001 0.0	 batterySag: 0.649	link quality: 59	flight time: 0s	pos -0.44 0.98 0.03	yaw: 2.18	msg/s 0.0
INFO: 12-10-2021 19:02:21 printStatus(169) -- Drogno_1: ready	battery: 4.16	kalman var: 0.0 0.0 0.0	 batterySag: 0.649	link quality: 62	flight time: 0s	pos -0.44 0.98 0.03	yaw: 2.13	msg/s 0.0
INFO: 12-10-2021 19:02:22 printStatus(169) -- Drogno_1: ready	battery: 4.16	kalman var: 0.0 0.0 0.0	 batterySag: 0.649	link quality: 60	flight time: 0s	pos -0.44 0.98 0.03	yaw: 2.35	msg/s 0.0
INFO: 12-10-2021 19:02:24 printStatus(169) -- Drogno_1: ready	battery: 4.16	kalman var: 0.0 0.0 0.0	 batterySag: 0.649	link quality: 59	flight time: 0s	pos -0.44 0.98 0.03	yaw: 2.37	msg/s 0.0
INFO: 12-10-2021 19:02:25 printStatus(169) -- Drogno_1: ready	battery: 4.16	kalman var: 0.0 0.0 0.0	 batterySag: 0.649	link quality: 60	flight time: 0s	pos -0.44 0.98 0.03	yaw: 2.39	msg/s 0.0
INFO: 12-10-2021 19:02:26 printStatus(169) -- Drogno_1: ready	battery: 4.16	kalman var: 0.0 0.0 0.0	 batterySag: 0.649	link quality: 60	flight time: 0s	pos -0.44 0.98 0.03	yaw: 2.40	msg/s 0.0
INFO: 12-10-2021 19:02:28 printStatus(169) -- Drogno_1: ready	battery: 4.16	kalman var: 0.0 0.0 0.0	 batterySag: 0.649	link quality: 60	flight time: 0s	pos -0.44 0.98 0.03	yaw: 2.38	msg/s 0.0
INFO: 12-10-2021 19:02:29 printStatus(169) -- Drogno_1: ready	battery: 4.16	kalman var: 0.0 0.0 0.0	 batterySag: 0.649	link quality: 61	flight time: 0s	pos -0.44 0.98 0.03	yaw: 2.31	msg/s 0.0
INFO: 12-10-2021 19:02:31 printStatus(169) -- Drogno_1: ready	battery: 4.16	kalman var: 0.0 0.0 0.0	 batterySag: 0.649	link quality: 61	flight time: 0s	pos -0.44 0.98 0.03	yaw: 2.38	msg/s 0.0
INFO: 12-10-2021 19:02:32 printStatus(169) -- Drogno_1: ready	battery: 4.16	kalman var: 0.001 0.001 0.001	 batterySag: 0.649	link quality: 61	flight time: 0s	pos -0.45 0.98 0.03	yaw: 2.33	msg/s 0.0
INFO: 12-10-2021 19:02:33 printStatus(169) -- Drogno_1: ready	battery: 4.16	kalman var: 0.0 0.0 0.0	 batterySag: 0.649	link quality: 62	flight time: 0s	pos -0.44 0.98 0.03	yaw: 2.41	msg/s 0.0
INFO: 12-10-2021 19:02:34 printStatus(169) -- Drogno_1: ready	battery: 4.16	kalman var: 0.0 0.0 0.0	 batterySag: 0.649	link quality: 61	flight time: 0s	pos -0.44 0.98 0.03	yaw: 2.42	msg/s 0.0
INFO: 12-10-2021 19:02:35 printStatus(169) -- Drogno_1: ready	battery: 4.16	kalman var: 0.001 0.001 0.001	 batterySag: 0.649	link quality: 60	flight time: 0s	pos -0.44 0.98 0.03	yaw: 2.38	msg/s 0.0
INFO: 12-10-2021 19:02:36 printStatus(169) -- Drogno_1: ready	battery: 4.16	kalman var: 0.0 0.0 0.0	 batterySag: 0.649	link quality: 59	flight time: 0s	pos -0.44 0.98 0.03	yaw: 2.36	msg/s 0.0
INFO: 12-10-2021 19:02:38 printStatus(169) -- Drogno_1: ready	battery: 4.16	kalman var: 0.0 0.0 0.0	 batterySag: 0.649	link quality: 60	flight time: 0s	pos -0.44 0.98 0.03	yaw: 2.40	msg/s 0.0
INFO: 12-10-2021 19:02:40 printStatus(169) -- Drogno_1: ready	battery: 4.16	kalman var: 0.0 0.0 0.0	 batterySag: 0.649	link quality: 61	flight time: 0s	pos -0.44 0.98 0.03	yaw: 2.39	msg/s 0.0
INFO: 12-10-2021 19:02:41 printStatus(169) -- Drogno_1: ready	battery: 4.16	kalman var: 0.0 0.0 0.0	 batterySag: 0.649	link quality: 60	flight time: 0s	pos -0.44 0.98 0.03	yaw: 2.41	msg/s 0.0
INFO: 12-10-2021 19:02:42 printStatus(169) -- Drogno_1: ready	battery: 4.16	kalman var: 0.0 0.0 0.0	 batterySag: 0.649	link quality: 60	flight time: 0s	pos -0.44 0.98 0.03	yaw: 2.39	msg/s 0.0
INFO: 12-10-2021 19:02:43 printStatus(169) -- Drogno_1: ready	battery: 4.16	kalman var: 0.0 0.0 0.0	 batterySag: 0.649	link quality: 60	flight time: 0s	pos -0.44 0.98 0.03	yaw: 2.37	msg/s 0.0
INFO: 12-10-2021 19:02:44 printStatus(169) -- Drogno_1: ready	battery: 4.16	kalman var: 0.0 0.0 0.0	 batterySag: 0.649	link quality: 60	flight time: 0s	pos -0.44 0.98 0.03	yaw: 2.38	msg/s 0.0
INFO: 12-10-2021 19:02:46 printStatus(169) -- Drogno_1: ready	battery: 4.16	kalman var: 0.0 0.0 0.0	 batterySag: 0.649	link quality: 60	flight time: 0s	pos -0.44 0.98 0.03	yaw: 2.32	msg/s 0.0
INFO: 12-10-2021 19:02:48 printStatus(169) -- Drogno_1: ready	battery: 4.16	kalman var: 0.001 0.001 0.001	 batterySag: 0.649	link quality: 59	flight time: 0s	pos -0.44 0.98 0.03	yaw: 2.40	msg/s 0.0
INFO: 12-10-2021 19:02:49 printStatus(169) -- Drogno_1: ready	battery: 4.16	kalman var: 0.0 0.0 0.0	 batterySag: 0.649	link quality: 60	flight time: 0s	pos -0.44 0.98 0.03	yaw: 2.37	msg/s 0.0
INFO: 12-10-2021 19:02:50 printStatus(169) -- Drogno_1: ready	battery: 4.16	kalman var: 0.0 0.0 0.0	 batterySag: 0.649	link quality: 59	flight time: 0s	pos -0.44 0.98 0.03	yaw: 2.40	msg/s 0.0
INFO: 12-10-2021 19:02:51 printStatus(169) -- Drogno_1: ready	battery: 4.16	kalman var: 0.0 0.0 0.0	 batterySag: 0.649	link quality: 60	flight time: 0s	pos -0.44 0.98 0.03	yaw: 2.36	msg/s 0.0
INFO: 12-10-2021 19:02:53 printStatus(169) -- Drogno_1: ready	battery: 4.16	kalman var: 0.0 0.0 0.0	 batterySag: 0.649	link quality: 60	flight time: 0s	pos -0.44 0.98 0.03	yaw: 2.29	msg/s 0.0
INFO: 12-10-2021 19:02:54 printStatus(169) -- Drogno_1: ready	battery: 4.16	kalman var: 0.001 0.001 0.001	 batterySag: 0.649	link quality: 60	flight time: 0s	pos -0.44 0.99 0.03	yaw: 2.33	msg/s 0.0
INFO: 12-10-2021 19:02:55 printStatus(169) -- Drogno_1: ready	battery: 4.16	kalman var: 0.0 0.0 0.0	 batterySag: 0.649	link quality: 61	flight time: 0s	pos -0.44 0.98 0.03	yaw: 2.36	msg/s 0.0
INFO: 12-10-2021 19:02:56 printStatus(169) -- Drogno_1: ready	battery: 4.16	kalman var: 0.0 0.0 0.0	 batterySag: 0.649	link quality: 60	flight time: 0s	pos -0.44 0.98 0.03	yaw: 2.30	msg/s 0.0
INFO: 12-10-2021 19:02:58 printStatus(169) -- Drogno_1: ready	battery: 4.16	kalman var: 0.0 0.0 0.0	 batterySag: 0.649	link quality: 60	flight time: 0s	pos -0.44 0.98 0.03	yaw: 2.36	msg/s 0.0
INFO: 12-10-2021 19:02:59 printStatus(169) -- Drogno_1: ready	battery: 4.16	kalman var: 0.0 0.0 0.0	 batterySag: 0.649	link quality: 60	flight time: 0s	pos -0.44 0.98 0.03	yaw: 2.34	msg/s 0.0
INFO: 12-10-2021 19:03:00 printStatus(169) -- Drogno_1: ready	battery: 4.16	kalman var: 0.0 0.0 0.0	 batterySag: 0.649	link quality: 61	flight time: 0s	pos -0.44 0.98 0.03	yaw: 2.35	msg/s 0.0
INFO: 12-10-2021 19:03:02 printStatus(169) -- Drogno_1: ready	battery: 4.16	kalman var: 0.0 0.0 0.0	 batterySag: 0.649	link quality: 60	flight time: 0s	pos -0.44 0.98 0.03	yaw: 2.26	msg/s 0.0
INFO: 12-10-2021 19:03:03 printStatus(169) -- Drogno_1: ready	battery: 4.16	kalman var: 0.0 0.0 0.0	 batterySag: 0.649	link quality: 60	flight time: 0s	pos -0.44 0.98 0.03	yaw: 2.31	msg/s 0.0
INFO: 12-10-2021 19:03:04 printStatus(169) -- Drogno_1: ready	battery: 4.16	kalman var: 0.0 0.0 0.0	 batterySag: 0.649	link quality: 61	flight time: 0s	pos -0.44 0.98 0.03	yaw: 2.30	msg/s 0.0
INFO: 12-10-2021 19:03:06 printStatus(169) -- Drogno_1: ready	battery: 4.15	kalman var: 0.0 0.0 0.0	 batterySag: 0.649	link quality: 61	flight time: 0s	pos -0.44 0.98 0.03	yaw: 2.30	msg/s 0.0
INFO: 12-10-2021 19:03:07 printStatus(169) -- Drogno_1: ready	battery: 4.15	kalman var: 0.0 0.0 0.001	 batterySag: 0.649	link quality: 61	flight time: 0s	pos -0.44 0.98 0.03	yaw: 2.19	msg/s 0.0
INFO: 12-10-2021 19:03:08 printStatus(169) -- Drogno_1: ready	battery: 4.15	kalman var: 0.0 0.0 0.0	 batterySag: 0.649	link quality: 60	flight time: 0s	pos -0.44 0.98 0.03	yaw: 2.21	msg/s 0.0
INFO: 12-10-2021 19:03:10 printStatus(169) -- Drogno_1: ready	battery: 4.15	kalman var: 0.001 0.001 0.001	 batterySag: 0.649	link quality: 61	flight time: 0s	pos -0.44 0.99 0.03	yaw: 2.13	msg/s 0.0
INFO: 12-10-2021 19:03:11 printStatus(169) -- Drogno_1: ready	battery: 4.16	kalman var: 0.0 0.0 0.0	 batterySag: 0.649	link quality: 61	flight time: 0s	pos -0.44 0.98 0.03	yaw: 2.19	msg/s 0.0
INFO: 12-10-2021 19:03:12 printStatus(169) -- Drogno_1: ready	battery: 4.15	kalman var: 0.0 0.0 0.0	 batterySag: 0.649	link quality: 61	flight time: 0s	pos -0.44 0.98 0.03	yaw: 2.19	msg/s 0.0
INFO: 12-10-2021 19:03:13 printStatus(169) -- Drogno_1: ready	battery: 4.15	kalman var: 0.0 0.0 0.0	 batterySag: 0.649	link quality: 61	flight time: 0s	pos -0.44 0.98 0.03	yaw: 2.16	msg/s 0.0
INFO: 12-10-2021 19:03:15 printStatus(169) -- Drogno_1: ready	battery: 4.15	kalman var: 0.0 0.0 0.0	 batterySag: 0.649	link quality: 59	flight time: 0s	pos -0.44 0.98 0.03	yaw: 2.20	msg/s 0.0
INFO: 12-10-2021 19:03:16 printStatus(169) -- Drogno_1: ready	battery: 4.15	kalman var: 0.0 0.0 0.0	 batterySag: 0.649	link quality: 61	flight time: 0s	pos -0.44 0.98 0.03	yaw: 2.15	msg/s 0.0
INFO: 12-10-2021 19:03:18 printStatus(169) -- Drogno_1: ready	battery: 4.15	kalman var: 0.0 0.0 0.0	 batterySag: 0.649	link quality: 61	flight time: 0s	pos -0.44 0.98 0.03	yaw: 2.05	msg/s 0.0
INFO: 12-10-2021 19:03:19 printStatus(169) -- Drogno_1: ready	battery: 4.15	kalman var: 0.001 0.001 0.001	 batterySag: 0.649	link quality: 61	flight time: 0s	pos -0.44 0.98 0.03	yaw: 2.07	msg/s 0.0
INFO: 12-10-2021 19:03:20 printStatus(169) -- Drogno_1: ready	battery: 4.15	kalman var: 0.0 0.0 0.0	 batterySag: 0.649	link quality: 62	flight time: 0s	pos -0.44 0.98 0.03	yaw: 2.11	msg/s 0.0
INFO: 12-10-2021 19:03:21 printStatus(169) -- Drogno_1: ready	battery: 4.15	kalman var: 0.0 0.0 0.0	 batterySag: 0.649	link quality: 61	flight time: 0s	pos -0.44 0.98 0.03	yaw: 2.11	msg/s 0.0
INFO: 12-10-2021 19:03:23 printStatus(169) -- Drogno_1: ready	battery: 4.15	kalman var: 0.0 0.0 0.0	 batterySag: 0.649	link quality: 59	flight time: 0s	pos -0.44 0.98 0.03	yaw: 2.10	msg/s 0.0
INFO: 12-10-2021 19:03:24 printStatus(169) -- Drogno_1: ready	battery: 4.15	kalman var: 0.0 0.0 0.0	 batterySag: 0.649	link quality: 61	flight time: 0s	pos -0.44 0.98 0.03	yaw: 2.08	msg/s 0.0
INFO: 12-10-2021 19:03:25 printStatus(169) -- Drogno_1: ready	battery: 4.15	kalman var: 0.001 0.001 0.001	 batterySag: 0.649	link quality: 62	flight time: 0s	pos -0.44 0.99 0.03	yaw: 2.08	msg/s 0.0
INFO: 12-10-2021 19:03:26 printStatus(169) -- Drogno_1: ready	battery: 4.15	kalman var: 0.0 0.0 0.0	 batterySag: 0.649	link quality: 63	flight time: 0s	pos -0.44 0.98 0.03	yaw: 1.99	msg/s 0.0
INFO: 12-10-2021 19:03:27 printStatus(169) -- Drogno_1: ready	battery: 4.15	kalman var: 0.001 0.001 0.001	 batterySag: 0.649	link quality: 62	flight time: 0s	pos -0.44 0.99 0.03	yaw: 1.94	msg/s 0.0
INFO: 12-10-2021 19:03:28 printStatus(169) -- Drogno_1: ready	battery: 4.15	kalman var: 0.0 0.0 0.0	 batterySag: 0.649	link quality: 61	flight time: 0s	pos -0.44 0.98 0.03	yaw: 1.98	msg/s 0.0
INFO: 12-10-2021 19:03:30 printStatus(169) -- Drogno_1: ready	battery: 4.15	kalman var: 0.0 0.0 0.0	 batterySag: 0.649	link quality: 61	flight time: 0s	pos -0.44 0.98 0.03	yaw: 2.07	msg/s 0.0
INFO: 12-10-2021 19:03:32 printStatus(169) -- Drogno_1: ready	battery: 4.15	kalman var: 0.0 0.0 0.0	 batterySag: 0.649	link quality: 62	flight time: 0s	pos -0.44 0.98 0.03	yaw: 2.04	msg/s 0.0
INFO: 12-10-2021 19:03:34 printStatus(169) -- Drogno_1: ready	battery: 3.9	kalman var: 0.0 0.0 0.0	 batterySag: 0.649	link quality: 61	flight time: 0s	pos -0.44 0.98 0.03	yaw: 3.89	msg/s 0.0
INFO: 12-10-2021 19:03:35 printStatus(169) -- Drogno_1: ready	battery: 3.81	kalman var: 0.0 0.0 0.0	 batterySag: 0.649	link quality: 63	flight time: 1s	pos -0.45 0.99 0.29	yaw: 3.17	msg/s 0.0
INFO: 12-10-2021 19:03:36 printStatus(169) -- Drogno_1: ready	battery: 3.84	kalman var: 0.0 0.0 0.0	 batterySag: 0.649	link quality: 61	flight time: 2s	pos -0.45 0.98 0.81	yaw: 1.12	msg/s 0.0
INFO: 12-10-2021 19:03:37 printStatus(169) -- Drogno_1: ready	battery: 3.81	kalman var: 0.0 0.0 0.0	 batterySag: 0.649	link quality: 69	flight time: 3s	pos -0.44 0.98 0.86	yaw: -0.23	msg/s 0.0
INFO: 12-10-2021 19:03:39 printStatus(169) -- Drogno_1: ready	battery: 3.79	kalman var: 0.001 0.001 0.001	 batterySag: 0.649	link quality: 65	flight time: 4s	pos -0.44 0.99 0.85	yaw: 0.29	msg/s 0.0
INFO: 12-10-2021 19:03:40 printStatus(169) -- Drogno_1: hovering	battery: 3.78	kalman var: 0.0 0.0 0.0	 batterySag: 0.649	link quality: 67	flight time: 6s	pos -0.43 0.99 0.85	yaw: 1.09	msg/s 3.6
INFO: 12-10-2021 19:03:41 printStatus(169) -- Drogno_1: ready	battery: 3.77	kalman var: 0.0 0.0 0.0	 batterySag: 0.649	link quality: 52	flight time: 7s	pos -0.47 1.25 1.15	yaw: -1.02	msg/s 0.0
INFO: 12-10-2021 19:03:43 printStatus(169) -- Drogno_1: ready	battery: 3.76	kalman var: 0.003 0.003 0.002	 batterySag: 0.649	link quality: 54	flight time: 8s	pos -0.48 1.28 1.15	yaw: -1.29	msg/s 0.0
INFO: 12-10-2021 19:03:44 printStatus(169) -- Drogno_1: ready	battery: 3.75	kalman var: 0.01 0.01 0.003	 batterySag: 0.649	link quality: 63	flight time: 9s	pos -0.48 1.28 1.14	yaw: -1.34	msg/s 0.0
INFO: 12-10-2021 19:03:45 printStatus(169) -- Drogno_1: BAD kalman	battery: 3.74	kalman var: 0.023 0.023 0.004	 batterySag: 0.649	link quality: 56	flight time: 11s	pos -0.48 1.27 1.12	yaw: -0.95	msg/s 0.0
INFO: 12-10-2021 19:03:46 printStatus(169) -- Drogno_1: ready	battery: 3.74	kalman var: 0.001 0.001 0.001	 batterySag: 0.649	link quality: 53	flight time: 12s	pos -0.49 1.29 1.10	yaw: -1.34	msg/s 0.0
INFO: 12-10-2021 19:03:48 printStatus(169) -- Drogno_1: ready	battery: 3.73	kalman var: 0.0 0.0 0.0	 batterySag: 0.649	link quality: 58	flight time: 13s	pos -0.46 1.24 1.10	yaw: 0.02	msg/s 0.0
INFO: 12-10-2021 19:03:49 printStatus(169) -- Drogno_1: ready	battery: 3.73	kalman var: 0.0 0.0 0.0	 batterySag: 0.649	link quality: 53	flight time: 15s	pos -0.47 1.28 1.09	yaw: -0.12	msg/s 0.0
INFO: 12-10-2021 19:03:51 printStatus(169) -- Drogno_1: ready	battery: 3.72	kalman var: 0.0 0.0 0.0	 batterySag: 0.649	link quality: 53	flight time: 16s	pos -0.48 1.28 1.09	yaw: 0.09	msg/s 0.0
INFO: 12-10-2021 19:03:52 printStatus(169) -- Drogno_1: ready	battery: 3.73	kalman var: 0.0 0.0 0.0	 batterySag: 0.649	link quality: 52	flight time: 17s	pos -0.49 1.28 1.10	yaw: 0.26	msg/s 0.0
INFO: 12-10-2021 19:03:53 printStatus(169) -- Drogno_1: ready	battery: 3.72	kalman var: 0.0 0.0 0.0	 batterySag: 0.649	link quality: 53	flight time: 19s	pos -0.48 1.28 1.10	yaw: 0.20	msg/s 0.0
INFO: 12-10-2021 19:03:54 printStatus(169) -- Drogno_1: ready	battery: 3.71	kalman var: 0.003 0.003 0.001	 batterySag: 0.649	link quality: 51	flight time: 20s	pos -0.48 1.28 1.09	yaw: -0.43	msg/s 0.0
INFO: 12-10-2021 19:03:56 printStatus(169) -- Drogno_1: ready	battery: 3.71	kalman var: 0.0 0.0 0.0	 batterySag: 0.649	link quality: 51	flight time: 21s	pos -0.48 1.28 1.10	yaw: 1.13	msg/s 0.0
INFO: 12-10-2021 19:03:57 printStatus(169) -- Drogno_1: ready	battery: 3.71	kalman var: 0.0 0.0 0.0	 batterySag: 0.649	link quality: 51	flight time: 22s	pos -0.48 1.28 1.10	yaw: 0.05	msg/s 0.0
INFO: 12-10-2021 19:03:58 printStatus(169) -- Drogno_1: ready	battery: 3.7	kalman var: 0.0 0.0 0.001	 batterySag: 0.649	link quality: 52	flight time: 24s	pos -0.48 1.27 1.10	yaw: 2.69	msg/s 0.0
INFO: 12-10-2021 19:03:59 printStatus(169) -- Drogno_1: ready	battery: 3.7	kalman var: 0.0 0.0 0.0	 batterySag: 0.649	link quality: 54	flight time: 25s	pos -0.48 1.26 1.10	yaw: 2.21	msg/s 0.0
INFO: 12-10-2021 19:04:00 printStatus(169) -- Drogno_1: ready	battery: 3.7	kalman var: 0.0 0.0 0.0	 batterySag: 0.649	link quality: 55	flight time: 26s	pos -0.48 1.26 1.10	yaw: 1.27	msg/s 0.0
INFO: 12-10-2021 19:04:02 printStatus(169) -- Drogno_1: ready	battery: 3.69	kalman var: 0.002 0.002 0.001	 batterySag: 0.649	link quality: 58	flight time: 27s	pos -0.48 1.27 1.09	yaw: -3.06	msg/s 0.0
INFO: 12-10-2021 19:04:03 printStatus(169) -- Drogno_1: ready	battery: 3.69	kalman var: 0.008 0.008 0.002	 batterySag: 0.649	link quality: 58	flight time: 28s	pos -0.48 1.28 1.09	yaw: -2.72	msg/s 0.0
INFO: 12-10-2021 19:04:04 printStatus(169) -- Drogno_1: ready	battery: 3.74	kalman var: 0.001 0.001 0.001	 batterySag: 0.649	link quality: 61	flight time: 30s	pos -0.38 1.05 1.21	yaw: -0.61	msg/s 0.0
INFO: 12-10-2021 19:04:05 printStatus(169) -- Drogno_1: ready	battery: 3.68	kalman var: 0.001 0.001 0.001	 batterySag: 0.649	link quality: 53	flight time: 31s	pos -0.48 1.28 1.09	yaw: -2.39	msg/s 0.0
INFO: 12-10-2021 19:04:07 printStatus(169) -- Drogno_1: ready	battery: 3.68	kalman var: 0.001 0.001 0.001	 batterySag: 0.649	link quality: 51	flight time: 32s	pos -0.46 1.30 1.10	yaw: -1.61	msg/s 0.0
INFO: 12-10-2021 19:04:08 printStatus(169) -- Drogno_1: ready	battery: 3.7	kalman var: 0.0 0.0 0.0	 batterySag: 0.649	link quality: 53	flight time: 33s	pos -0.45 1.32 1.12	yaw: 0.64	msg/s 0.0
INFO: 12-10-2021 19:04:09 printStatus(169) -- Drogno_1: ready	battery: 3.68	kalman var: 0.0 0.0 0.0	 batterySag: 0.649	link quality: 53	flight time: 35s	pos -0.49 1.28 1.10	yaw: 1.05	msg/s 0.0
INFO: 12-10-2021 19:04:10 printStatus(169) -- Drogno_1: ready	battery: 3.67	kalman var: 0.0 0.0 0.0	 batterySag: 0.649	link quality: 54	flight time: 36s	pos -0.47 1.28 1.09	yaw: 0.16	msg/s 0.0
INFO: 12-10-2021 19:04:12 printStatus(169) -- Drogno_1: hovering	battery: 3.67	kalman var: 0.0 0.0 0.0	 batterySag: 0.649	link quality: 53	flight time: 37s	pos -0.49 1.27 1.10	yaw: 0.56	msg/s 3.6
INFO: 12-10-2021 19:04:13 printStatus(169) -- Drogno_1: hovering	battery: 3.71	kalman var: 0.0 0.0 0.0	 batterySag: 0.649	link quality: 56	flight time: 38s	pos -0.54 0.67 1.23	yaw: 0.25	msg/s 7.3
INFO: 12-10-2021 19:04:14 printStatus(169) -- Drogno_1: hovering	battery: 3.68	kalman var: 0.0 0.0 0.0	 batterySag: 0.649	link quality: 64	flight time: 40s	pos -0.57 -0.28 1.08	yaw: -0.48	msg/s 7.3
INFO: 12-10-2021 19:04:15 printStatus(169) -- Drogno_1: moving	battery: 3.66	kalman var: 0.001 0.001 0.001	 batterySag: 0.649	link quality: 57	flight time: 41s	pos -0.57 -1.42 0.74	yaw: 0.02	msg/s 9.1
INFO: 12-10-2021 19:04:17 printStatus(169) -- Drogno_1: hovering	battery: 3.66	kalman var: 0.001 0.001 0.001	 batterySag: 0.649	link quality: 58	flight time: 42s	pos -0.56 -1.60 0.52	yaw: 1.79	msg/s 5.5
INFO: 12-10-2021 19:04:18 printStatus(169) -- Drogno_1: hovering	battery: 3.65	kalman var: 0.005 0.005 0.002	 batterySag: 0.649	link quality: 57	flight time: 44s	pos -0.46 -1.35 0.46	yaw: -0.30	msg/s 7.3
INFO: 12-10-2021 19:04:19 printStatus(169) -- Drogno_1: ready	battery: 3.65	kalman var: 0.003 0.003 0.001	 batterySag: 0.649	link quality: 55	flight time: 45s	pos -0.39 -1.50 0.69	yaw: -0.30	msg/s 7.3
INFO: 12-10-2021 19:04:21 printStatus(169) -- Drogno_1: hovering	battery: 3.62	kalman var: 0.002 0.002 0.001	 batterySag: 0.649	link quality: 56	flight time: 46s	pos -0.54 -1.45 0.89	yaw: -0.11	msg/s 7.3
INFO: 12-10-2021 19:04:22 printStatus(169) -- Drogno_1: hovering	battery: 3.65	kalman var: 0.0 0.0 0.0	 batterySag: 0.649	link quality: 56	flight time: 47s	pos -0.89 -1.21 1.09	yaw: -1.04	msg/s 5.5
INFO: 12-10-2021 19:04:23 printStatus(169) -- Drogno_1: moving	battery: 3.65	kalman var: 0.0 0.0 0.001	 batterySag: 0.649	link quality: 59	flight time: 49s	pos -1.27 -0.93 1.20	yaw: -1.79	msg/s 12.7
INFO: 12-10-2021 19:04:24 printStatus(169) -- Drogno_1: hovering	battery: 3.64	kalman var: 0.0 0.0 0.0	 batterySag: 0.649	link quality: 60	flight time: 50s	pos -1.49 -0.56 1.22	yaw: -0.22	msg/s 18.2
INFO: 12-10-2021 19:04:25 printStatus(169) -- Drogno_1: hovering	battery: 3.64	kalman var: 0.0 0.0 0.0	 batterySag: 0.649	link quality: 53	flight time: 51s	pos -2.02 0.25 1.15	yaw: 0.61	msg/s 16.4
INFO: 12-10-2021 19:04:27 printStatus(169) -- Drogno_1: hovering	battery: 3.63	kalman var: 0.001 0.001 0.001	 batterySag: 0.649	link quality: 59	flight time: 52s	pos -1.65 0.72 1.00	yaw: -0.66	msg/s 14.5
INFO: 12-10-2021 19:04:28 printStatus(169) -- Drogno_1: hovering	battery: 3.62	kalman var: 0.0 0.0 0.0	 batterySag: 0.649	link quality: 66	flight time: 54s	pos -1.10 0.91 0.95	yaw: 0.20	msg/s 20.0
INFO: 12-10-2021 19:04:29 printStatus(169) -- Drogno_1: hovering	battery: 3.62	kalman var: 0.0 0.0 0.0	 batterySag: 0.649	link quality: 64	flight time: 55s	pos -0.60 1.14 1.16	yaw: -0.31	msg/s 18.2
INFO: 12-10-2021 19:04:30 printStatus(169) -- Drogno_1: hovering	battery: 3.65	kalman var: 0.0 0.0 0.0	 batterySag: 0.649	link quality: 63	flight time: 56s	pos 0.14 0.58 1.68	yaw: -0.23	msg/s 18.2
INFO: 12-10-2021 19:04:32 printStatus(169) -- Drogno_1: hovering	battery: 3.63	kalman var: 0.0 0.0 0.0	 batterySag: 0.649	link quality: 55	flight time: 57s	pos 0.07 -0.09 1.61	yaw: 0.46	msg/s 18.2
INFO: 12-10-2021 19:04:33 printStatus(169) -- Drogno_1: hovering	battery: 3.63	kalman var: 0.001 0.001 0.001	 batterySag: 0.649	link quality: 56	flight time: 58s	pos -0.14 -0.68 1.48	yaw: 1.63	msg/s 20.0
INFO: 12-10-2021 19:04:34 printStatus(169) -- Drogno_1: hovering	battery: 3.63	kalman var: 0.0 0.0 0.0	 batterySag: 0.649	link quality: 56	flight time: 59s	pos -0.55 -1.13 1.23	yaw: -3.28	msg/s 14.5
INFO: 12-10-2021 19:04:35 printStatus(169) -- Drogno_1: hovering	battery: 3.61	kalman var: 0.0 0.0 0.0	 batterySag: 0.649	link quality: 61	flight time: 61s	pos -1.14 -1.16 0.83	yaw: -3.16	msg/s 18.2
INFO: 12-10-2021 19:04:36 printStatus(169) -- Drogno_1: hovering	battery: 3.61	kalman var: 0.0 0.0 0.0	 batterySag: 0.649	link quality: 56	flight time: 62s	pos -1.72 -0.73 0.46	yaw: 1.90	msg/s 14.5
INFO: 12-10-2021 19:04:37 printStatus(169) -- Drogno_1: moving	battery: 3.61	kalman var: 0.0 0.0 0.0	 batterySag: 0.649	link quality: 55	flight time: 63s	pos -1.78 0.80 0.54	yaw: 1.64	msg/s 20.0
INFO: 12-10-2021 19:04:39 printStatus(169) -- Drogno_1: hovering	battery: 3.61	kalman var: 0.0 0.0 0.0	 batterySag: 0.649	link quality: 66	flight time: 64s	pos -1.13 1.18 0.99	yaw: 0.68	msg/s 16.4
INFO: 12-10-2021 19:04:40 printStatus(169) -- Drogno_1: hovering	battery: 3.63	kalman var: 0.0 0.0 0.0	 batterySag: 0.649	link quality: 55	flight time: 65s	pos -0.68 1.17 1.33	yaw: 1.07	msg/s 14.5
INFO: 12-10-2021 19:04:41 printStatus(169) -- Drogno_1: hovering	battery: 3.62	kalman var: 0.0 0.0 0.0	 batterySag: 0.649	link quality: 52	flight time: 67s	pos -0.61 0.89 1.42	yaw: 0.93	msg/s 14.5
INFO: 12-10-2021 19:04:42 printStatus(169) -- Drogno_1: hovering	battery: 3.61	kalman var: 0.0 0.0 0.0	 batterySag: 0.649	link quality: 63	flight time: 68s	pos -1.21 0.76 1.35	yaw: 0.02	msg/s 12.7
INFO: 12-10-2021 19:04:44 printStatus(169) -- Drogno_1: hovering	battery: 3.61	kalman var: 0.0 0.0 0.0	 batterySag: 0.649	link quality: 70	flight time: 69s	pos -1.61 0.78 1.34	yaw: -0.28	msg/s 18.2
INFO: 12-10-2021 19:04:45 printStatus(169) -- Drogno_1: hovering	battery: 3.62	kalman var: 0.0 0.0 0.0	 batterySag: 0.649	link quality: 71	flight time: 70s	pos -1.97 0.82 1.31	yaw: 0.19	msg/s 21.8
INFO: 12-10-2021 19:04:46 printStatus(169) -- Drogno_1: hovering	battery: 3.59	kalman var: 0.001 0.001 0.001	 batterySag: 0.649	link quality: 53	flight time: 72s	pos -1.94 1.39 0.89	yaw: -0.22	msg/s 9.1
INFO: 12-10-2021 19:04:48 printStatus(169) -- Drogno_1: hovering	battery: 3.59	kalman var: 0.001 0.001 0.001	 batterySag: 0.649	link quality: 55	flight time: 73s	pos -1.03 1.58 0.86	yaw: 0.06	msg/s 9.1
INFO: 12-10-2021 19:04:49 printStatus(169) -- Drogno_1: hovering	battery: 3.58	kalman var: 0.002 0.002 0.001	 batterySag: 0.649	link quality: 60	flight time: 74s	pos -0.02 1.53 0.88	yaw: -0.08	msg/s 14.5
INFO: 12-10-2021 19:04:50 printStatus(169) -- Drogno_1: hovering	battery: 3.59	kalman var: 0.0 0.0 0.0	 batterySag: 0.649	link quality: 54	flight time: 76s	pos 0.30 0.82 1.34	yaw: -0.27	msg/s 14.5
INFO: 12-10-2021 19:04:52 printStatus(169) -- Drogno_1: hovering	battery: 3.59	kalman var: 0.0 0.0 0.001	 batterySag: 0.649	link quality: 57	flight time: 77s	pos -0.18 0.79 1.33	yaw: 0.05	msg/s 20.0
INFO: 12-10-2021 19:04:53 printStatus(169) -- Drogno_1: hovering	battery: 3.58	kalman var: 0.0 0.0 0.0	 batterySag: 0.649	link quality: 86	flight time: 79s	pos -0.48 0.84 1.31	yaw: 0.79	msg/s 20.0
INFO: 12-10-2021 19:04:55 printStatus(169) -- Drogno_1: moving	battery: 3.58	kalman var: 0.0 0.0 0.001	 batterySag: 0.649	link quality: 54	flight time: 80s	pos -0.91 1.09 1.24	yaw: -0.10	msg/s 20.0
INFO: 12-10-2021 19:04:56 printStatus(169) -- Drogno_1: ready	battery: 3.57	kalman var: 0.0 0.0 0.0	 batterySag: 0.649	link quality: 57	flight time: 82s	pos -0.21 1.49 1.02	yaw: -0.61	msg/s 20.0
INFO: 12-10-2021 19:04:58 printStatus(169) -- Drogno_1: hovering	battery: 3.57	kalman var: 0.002 0.002 0.001	 batterySag: 0.649	link quality: 58	flight time: 83s	pos 0.51 1.47 1.03	yaw: 0.36	msg/s 18.2
INFO: 12-10-2021 19:04:59 printStatus(169) -- Drogno_1: hovering	battery: 3.57	kalman var: 0.002 0.002 0.001	 batterySag: 0.649	link quality: 68	flight time: 84s	pos 0.73 1.40 1.07	yaw: -0.69	msg/s 20.0
INFO: 12-10-2021 19:05:00 printStatus(169) -- Drogno_1: hovering	battery: 3.57	kalman var: 0.002 0.002 0.001	 batterySag: 0.649	link quality: 73	flight time: 86s	pos 0.72 1.31 1.09	yaw: 0.03	msg/s 20.0
INFO: 12-10-2021 19:05:01 printStatus(169) -- Drogno_1: hovering	battery: 3.57	kalman var: 0.007 0.007 0.002	 batterySag: 0.649	link quality: 56	flight time: 87s	pos 0.73 1.29 1.09	yaw: -0.42	msg/s 23.6
INFO: 12-10-2021 19:05:02 printStatus(169) -- Drogno_1: hovering	battery: 3.57	kalman var: 0.018 0.018 0.003	 batterySag: 0.649	link quality: 65	flight time: 88s	pos 0.73 1.26 1.10	yaw: 0.51	msg/s 25.5
INFO: 12-10-2021 19:05:03 printStatus(169) -- Drogno_1: hovering	battery: 3.54	kalman var: 0.001 0.001 0.001	 batterySag: 0.649	link quality: 75	flight time: 89s	pos 1.39 1.23 1.08	yaw: 0.78	msg/s 14.5
INFO: 12-10-2021 19:05:05 printStatus(169) -- Drogno_1: hovering	battery: 3.55	kalman var: 0.005 0.005 0.002	 batterySag: 0.649	link quality: 66	flight time: 90s	pos 0.68 1.21 1.07	yaw: 0.18	msg/s 14.5
INFO: 12-10-2021 19:05:06 printStatus(169) -- Drogno_1: hovering	battery: 3.55	kalman var: 0.001 0.001 0.001	 batterySag: 0.649	link quality: 67	flight time: 91s	pos 1.04 1.20 1.07	yaw: 0.73	msg/s 16.4
INFO: 12-10-2021 19:05:07 printStatus(169) -- Drogno_1: hovering	battery: 3.56	kalman var: 0.001 0.001 0.001	 batterySag: 0.649	link quality: 60	flight time: 92s	pos 0.77 1.21 1.08	yaw: -0.64	msg/s 14.5
WARNING: 12-10-2021 19:05:07 evaluateBattery(804) -- battery under 3.50v
WARNING: 12-10-2021 19:05:08 evaluateBattery(804) -- battery under 3.50v
INFO: 12-10-2021 19:05:08 printStatus(169) -- Drogno_1: hovering	battery: 3.48	kalman var: 0.001 0.001 0.001	 batterySag: 0.649	link quality: 73	flight time: 94s	pos 0.53 1.21 0.71	yaw: -153.00	msg/s 7.3
INFO: 12-10-2021 19:05:09 printStatus(169) -- Drogno_1: stand by	battery: 3.84	kalman var: 0.002 0.01 0.008	 batterySag: 0.649	link quality: 54	flight time: 95s	pos 2.54 -0.09 -8.86	yaw: 52.78	msg/s 0.0
INFO: 12-10-2021 19:05:10 printStatus(169) -- Drogno_1: stand by	battery: 3.84	kalman var: 0.002 0.01 0.008	 batterySag: 0.649	link quality: 54	flight time: 95s	pos 2.54 -0.09 -8.86	yaw: 52.78	msg/s 0.0
INFO: 12-10-2021 19:05:11 printStatus(169) -- Drogno_1: stand by	battery: 3.84	kalman var: 0.002 0.01 0.008	 batterySag: 0.649	link quality: 54	flight time: 95s	pos 2.54 -0.09 -8.86	yaw: 52.78	msg/s 0.0
INFO: 12-10-2021 19:05:13 printStatus(169) -- Drogno_1: stand by	battery: 3.84	kalman var: 0.002 0.01 0.008	 batterySag: 0.649	link quality: 54	flight time: 95s	pos 2.54 -0.09 -8.86	yaw: 52.78	msg/s 0.0
INFO: 12-10-2021 19:05:14 printStatus(169) -- Drogno_1: stand by	battery: 3.84	kalman var: 0.002 0.01 0.008	 batterySag: 0.649	link quality: 54	flight time: 95s	pos 2.54 -0.09 -8.86	yaw: 52.78	msg/s 0.0
INFO: 12-10-2021 19:05:15 printStatus(169) -- Drogno_1: stand by	battery: 3.84	kalman var: 0.002 0.01 0.008	 batterySag: 0.649	link quality: 54	flight time: 95s	pos 2.54 -0.09 -8.86	yaw: 52.78	msg/s 0.0
INFO: 12-10-2021 19:05:16 printStatus(169) -- Drogno_1: stand by	battery: 3.84	kalman var: 0.002 0.01 0.008	 batterySag: 0.649	link quality: 54	flight time: 95s	pos 2.54 -0.09 -8.86	yaw: 52.78	msg/s 0.0
INFO: 12-10-2021 19:05:17 printStatus(169) -- Drogno_1: stand by	battery: 3.84	kalman var: 0.002 0.01 0.008	 batterySag: 0.649	link quality: 54	flight time: 95s	pos 2.54 -0.09 -8.86	yaw: 52.78	msg/s 0.0
INFO: 12-10-2021 19:05:18 printStatus(169) -- Drogno_1: stand by	battery: 3.84	kalman var: 0.002 0.01 0.008	 batterySag: 0.649	link quality: 54	flight time: 95s	pos 2.54 -0.09 -8.86	yaw: 52.78	msg/s 0.0
INFO: 12-10-2021 19:05:20 printStatus(169) -- Drogno_1: stand by	battery: 3.84	kalman var: 0.002 0.01 0.008	 batterySag: 0.649	link quality: 54	flight time: 95s	pos 2.54 -0.09 -8.86	yaw: 52.78	msg/s 0.0
INFO: 12-10-2021 19:05:21 printStatus(169) -- Drogno_1: stand by	battery: 3.84	kalman var: 0.002 0.01 0.008	 batterySag: 0.649	link quality: 54	flight time: 95s	pos 2.54 -0.09 -8.86	yaw: 52.78	msg/s 0.0
INFO: 12-10-2021 19:05:22 printStatus(169) -- Drogno_1: stand by	battery: 3.84	kalman var: 0.002 0.01 0.008	 batterySag: 0.649	link quality: 54	flight time: 95s	pos 2.54 -0.09 -8.86	yaw: 52.78	msg/s 0.0
INFO: 12-10-2021 19:05:23 printStatus(169) -- Drogno_1: stand by	battery: 3.84	kalman var: 0.002 0.01 0.008	 batterySag: 0.649	link quality: 54	flight time: 95s	pos 2.54 -0.09 -8.86	yaw: 52.78	msg/s 0.0
INFO: 12-10-2021 19:05:24 printStatus(169) -- Drogno_1: stand by	battery: 3.84	kalman var: 0.002 0.01 0.008	 batterySag: 0.649	link quality: 54	flight time: 95s	pos 2.54 -0.09 -8.86	yaw: 52.78	msg/s 0.0
INFO: 12-10-2021 19:05:26 printStatus(169) -- Drogno_1: stand by	battery: 3.84	kalman var: 0.002 0.01 0.008	 batterySag: 0.649	link quality: 54	flight time: 95s	pos 2.54 -0.09 -8.86	yaw: 52.78	msg/s 0.0
INFO: 12-10-2021 19:05:27 printStatus(169) -- Drogno_1: stand by	battery: 3.84	kalman var: 0.002 0.01 0.008	 batterySag: 0.649	link quality: 54	flight time: 95s	pos 2.54 -0.09 -8.86	yaw: 52.78	msg/s 0.0
INFO: 12-10-2021 19:05:28 printStatus(169) -- Drogno_1: stand by	battery: 3.84	kalman var: 0.002 0.01 0.008	 batterySag: 0.649	link quality: 54	flight time: 95s	pos 2.54 -0.09 -8.86	yaw: 52.78	msg/s 0.0
INFO: 12-10-2021 19:05:29 printStatus(169) -- Drogno_1: stand by	battery: 3.84	kalman var: 0.002 0.01 0.008	 batterySag: 0.649	link quality: 54	flight time: 95s	pos 2.54 -0.09 -8.86	yaw: 52.78	msg/s 0.0
INFO: 12-10-2021 19:05:30 printStatus(169) -- Drogno_1: stand by	battery: 3.84	kalman var: 0.002 0.01 0.008	 batterySag: 0.649	link quality: 54	flight time: 95s	pos 2.54 -0.09 -8.86	yaw: 52.78	msg/s 0.0
INFO: 12-10-2021 19:05:32 printStatus(169) -- Drogno_1: stand by	battery: 3.84	kalman var: 0.002 0.01 0.008	 batterySag: 0.649	link quality: 54	flight time: 95s	pos 2.54 -0.09 -8.86	yaw: 52.78	msg/s 0.0
INFO: 12-10-2021 19:05:33 printStatus(169) -- Drogno_1: stand by	battery: 3.84	kalman var: 0.002 0.01 0.008	 batterySag: 0.649	link quality: 54	flight time: 95s	pos 2.54 -0.09 -8.86	yaw: 52.78	msg/s 0.0
INFO: 12-10-2021 19:05:34 printStatus(169) -- Drogno_1: stand by	battery: 3.84	kalman var: 0.002 0.01 0.008	 batterySag: 0.649	link quality: 54	flight time: 95s	pos 2.54 -0.09 -8.86	yaw: 52.78	msg/s 0.0
INFO: 12-10-2021 19:05:35 printStatus(169) -- Drogno_1: stand by	battery: 3.84	kalman var: 0.002 0.01 0.008	 batterySag: 0.649	link quality: 54	flight time: 95s	pos 2.54 -0.09 -8.86	yaw: 52.78	msg/s 0.0
INFO: 12-10-2021 19:05:36 printStatus(169) -- Drogno_1: stand by	battery: 3.84	kalman var: 0.002 0.01 0.008	 batterySag: 0.649	link quality: 54	flight time: 95s	pos 2.54 -0.09 -8.86	yaw: 52.78	msg/s 0.0
WARNING: 12-10-2021 19:05:37 exit(859) -- closing Drogno_1
INFO: 12-10-2021 19:05:37 printStatus(169) -- Drogno_1: sconnesso	battery: 3.84	kalman var: 0.002 0.01 0.008	 batterySag: 0.649	link quality: 54	flight time: 95s	pos 2.54 -0.09 -8.86	yaw: 52.78	msg/s 0.0
