INFO: 2021-10-09 18:34:53 __init__(134) -- This is dronelog running on Drogno_3
INFO: 2021-10-09 18:34:53 printStatus(172) -- Started
INFO: 2021-10-09 18:34:55 printStatus(175) -- Drogno_3: connecting		battery n.p.	pos 0.00 0.00 0.00	yaw: 0.00	msg/s 0.0	link quality: 0	kalman var: 0 0 0	flight time: 0s	 batterySag: 0
INFO: 2021-10-09 18:34:56 printStatus(175) -- Drogno_3: connecting		battery n.p.	pos 0.00 0.00 0.00	yaw: 0.00	msg/s 0.0	link quality: 0	kalman var: 0 0 0	flight time: 0s	 batterySag: 0
INFO: 2021-10-09 18:34:58 printStatus(175) -- Drogno_3: landed		battery n.p.	pos 0.00 0.00 0.00	yaw: 0.00	msg/s 0.0	link quality: 0	kalman var: 0 0 0	flight time: 0s	 batterySag: 0
INFO: 2021-10-09 18:35:00 printStatus(175) -- Drogno_3: landed		battery n.p.	pos 0.00 0.00 0.00	yaw: 0.00	msg/s 0.0	link quality: 0	kalman var: 0 0 0	flight time: 0s	 batterySag: 0
INFO: 2021-10-09 18:35:01 printStatus(175) -- Drogno_3: ready		battery 4.18	pos -0.01 -0.92 0.04	yaw: 157.00	msg/s 0.0	link quality: 37	kalman var: 0.001 0.001 0.0	flight time: 0s	 batterySag: 0.69677734375
INFO: 2021-10-09 18:35:03 printStatus(175) -- Drogno_3: ready		battery 4.18	pos -0.01 -0.92 0.04	yaw: 164.12	msg/s 0.0	link quality: 37	kalman var: 0.001 0.001 0.001	flight time: 0s	 batterySag: 0.69677734375
INFO: 2021-10-09 18:35:04 printStatus(175) -- Drogno_3: ready		battery 4.18	pos -0.01 -0.92 0.04	yaw: 166.50	msg/s 0.0	link quality: 37	kalman var: 0.0 0.0 0.0	flight time: 0s	 batterySag: 0.69677734375
INFO: 2021-10-09 18:35:06 printStatus(175) -- Drogno_3: ready		battery 4.18	pos -0.01 -0.92 0.04	yaw: 164.88	msg/s 0.0	link quality: 37	kalman var: 0.0 0.0 0.0	flight time: 0s	 batterySag: 0.69677734375
INFO: 2021-10-09 18:35:07 printStatus(175) -- Drogno_3: ready		battery 4.18	pos -0.01 -0.92 0.04	yaw: 165.88	msg/s 0.0	link quality: 37	kalman var: 0.0 0.0 0.0	flight time: 0s	 batterySag: 0.69677734375
INFO: 2021-10-09 18:35:09 printStatus(175) -- Drogno_3: ready		battery 4.18	pos -0.01 -0.92 0.04	yaw: 164.50	msg/s 0.0	link quality: 37	kalman var: 0.001 0.001 0.001	flight time: 0s	 batterySag: 0.69677734375
INFO: 2021-10-09 18:35:10 printStatus(175) -- Drogno_3: ready		battery 4.18	pos -0.01 -0.92 0.04	yaw: 166.38	msg/s 0.0	link quality: 37	kalman var: 0.0 0.0 0.0	flight time: 0s	 batterySag: 0.69677734375
INFO: 2021-10-09 18:35:12 printStatus(175) -- Drogno_3: ready		battery 4.18	pos -0.01 -0.92 0.04	yaw: 165.38	msg/s 0.0	link quality: 37	kalman var: 0.0 0.0 0.0	flight time: 0s	 batterySag: 0.69677734375
INFO: 2021-10-09 18:35:14 printStatus(175) -- Drogno_3: ready		battery 4.18	pos -0.01 -0.92 0.04	yaw: 166.38	msg/s 0.0	link quality: 37	kalman var: 0.0 0.0 0.0	flight time: 0s	 batterySag: 0.69677734375
INFO: 2021-10-09 18:35:15 printStatus(175) -- Drogno_3: ready		battery 4.18	pos -0.01 -0.92 0.04	yaw: 165.25	msg/s 0.0	link quality: 37	kalman var: 0.0 0.0 0.0	flight time: 0s	 batterySag: 0.69677734375
INFO: 2021-10-09 18:35:17 printStatus(175) -- Drogno_3: ready		battery 4.18	pos -0.01 -0.92 0.04	yaw: 166.12	msg/s 0.0	link quality: 37	kalman var: 0.0 0.0 0.0	flight time: 0s	 batterySag: 0.69677734375
INFO: 2021-10-09 18:35:18 printStatus(175) -- Drogno_3: ready		battery 4.18	pos -0.01 -0.92 0.04	yaw: 166.50	msg/s 0.0	link quality: 37	kalman var: 0.0 0.0 0.0	flight time: 0s	 batterySag: 0.69677734375
INFO: 2021-10-09 18:35:20 printStatus(175) -- Drogno_3: ready		battery 4.18	pos -0.01 -0.92 0.04	yaw: 165.88	msg/s 0.0	link quality: 37	kalman var: 0.0 0.0 0.0	flight time: 0s	 batterySag: 0.69677734375
INFO: 2021-10-09 18:35:21 printStatus(175) -- Drogno_3: ready		battery 4.18	pos -0.01 -0.92 0.04	yaw: 166.12	msg/s 0.0	link quality: 37	kalman var: 0.0 0.0 0.0	flight time: 0s	 batterySag: 0.69677734375
INFO: 2021-10-09 18:35:23 printStatus(175) -- Drogno_3: ready		battery 3.88	pos -0.02 -0.92 0.04	yaw: 159.00	msg/s 0.0	link quality: 37	kalman var: 0.0 0.0 0.0	flight time: 0s	 batterySag: 0.69677734375
INFO: 2021-10-09 18:35:25 printStatus(175) -- Drogno_3: ready		battery 3.79	pos -0.05 -0.93 0.80	yaw: -5.24	msg/s 0.0	link quality: 42	kalman var: 0.0 0.0 0.0	flight time: 1s	 batterySag: 0.69677734375
INFO: 2021-10-09 18:35:26 printStatus(175) -- Drogno_3: landed		battery 3.79	pos -0.01 -0.91 0.86	yaw: -3.75	msg/s 0.0	link quality: 44	kalman var: 0.0 0.0 0.0	flight time: 2s	 batterySag: 0.69677734375
INFO: 2021-10-09 18:35:28 printStatus(175) -- Drogno_3: ready		battery 3.76	pos -0.04 -0.91 0.06	yaw: -3.40	msg/s 0.0	link quality: 38	kalman var: 0.001 0.001 0.001	flight time: 2s	 batterySag: 0.69677734375
INFO: 2021-10-09 18:35:29 printStatus(175) -- Drogno_3: ready		battery 4.11	pos 0.04 -1.04 0.07	yaw: -1.74	msg/s 0.0	link quality: 37	kalman var: 0.004 0.004 0.002	flight time: 2s	 batterySag: 0.69677734375
INFO: 2021-10-09 18:35:31 printStatus(175) -- Drogno_3: ready		battery 4.13	pos -0.06 -0.89 0.04	yaw: -1.67	msg/s 0.0	link quality: 37	kalman var: 0.001 0.001 0.001	flight time: 2s	 batterySag: 0.69677734375
INFO: 2021-10-09 18:35:32 printStatus(175) -- Drogno_3: ready		battery 4.13	pos -0.05 -0.89 0.03	yaw: -1.66	msg/s 0.0	link quality: 37	kalman var: 0.004 0.004 0.002	flight time: 2s	 batterySag: 0.69677734375
INFO: 2021-10-09 18:35:34 printStatus(175) -- Drogno_3: ready		battery 4.14	pos -0.06 -0.89 0.04	yaw: -1.90	msg/s 0.0	link quality: 37	kalman var: 0.001 0.001 0.001	flight time: 2s	 batterySag: 0.69677734375
INFO: 2021-10-09 18:35:35 printStatus(175) -- Drogno_3: ready		battery 4.14	pos -0.06 -0.89 0.04	yaw: -1.73	msg/s 0.0	link quality: 37	kalman var: 0.002 0.002 0.001	flight time: 2s	 batterySag: 0.69677734375
INFO: 2021-10-09 18:35:37 printStatus(175) -- Drogno_3: ready		battery 4.15	pos -0.06 -0.89 0.03	yaw: -1.97	msg/s 0.0	link quality: 37	kalman var: 0.001 0.001 0.001	flight time: 2s	 batterySag: 0.69677734375
INFO: 2021-10-09 18:35:39 printStatus(175) -- Drogno_3: ready		battery 4.15	pos -0.06 -0.89 0.03	yaw: -2.06	msg/s 0.0	link quality: 36	kalman var: 0.001 0.001 0.001	flight time: 2s	 batterySag: 0.69677734375
INFO: 2021-10-09 18:35:40 printStatus(175) -- Drogno_3: ready		battery 4.15	pos -0.06 -0.89 0.03	yaw: -1.98	msg/s 0.0	link quality: 39	kalman var: 0.001 0.001 0.001	flight time: 2s	 batterySag: 0.69677734375
INFO: 2021-10-09 18:35:42 printStatus(175) -- Drogno_3: ready		battery 4.15	pos 0.04 -1.01 0.38	yaw: 10.53	msg/s 0.0	link quality: 43	kalman var: 0.005 0.004 0.005	flight time: 2s	 batterySag: 0.69677734375
INFO: 2021-10-09 18:35:43 printStatus(175) -- Drogno_3: BAD kalman		battery 4.15	pos 0.59 -1.61 0.44	yaw: 10.52	msg/s 0.0	link quality: 44	kalman var: 0.014 0.009 0.013	flight time: 2s	 batterySag: 0.69677734375
INFO: 2021-10-09 18:35:45 printStatus(175) -- Drogno_3: out of BOX		battery 4.15	pos 2.82 -8.07 -0.16	yaw: -6.22	msg/s 0.0	link quality: 40	kalman var: 0.058 0.059 0.005	flight time: 2s	 batterySag: 0.69677734375
INFO: 2021-10-09 18:35:46 printStatus(175) -- Drogno_3: out of BOX		battery 4.16	pos 5.57 -13.80 -0.51	yaw: -6.22	msg/s 0.0	link quality: 38	kalman var: 0.094 0.096 0.007	flight time: 2s	 batterySag: 0.69677734375
INFO: 2021-10-09 18:35:48 printStatus(175) -- Drogno_3: out of BOX		battery 4.15	pos 14.35 -29.45 -1.30	yaw: -5.41	msg/s 0.0	link quality: 38	kalman var: 0.21 0.212 0.012	flight time: 2s	 batterySag: 0.69677734375
INFO: 2021-10-09 18:35:50 printStatus(175) -- Drogno_3: ready		battery 4.15	pos 0.02 -0.01 -0.00	yaw: -0.98	msg/s 0.0	link quality: 38	kalman var: 0.003 0.003 0.001	flight time: 2s	 batterySag: 0.69677734375
INFO: 2021-10-09 18:35:51 printStatus(175) -- Drogno_3: BAD kalman		battery 4.15	pos 0.14 -0.08 -0.00	yaw: -0.94	msg/s 0.0	link quality: 38	kalman var: 0.025 0.025 0.002	flight time: 2s	 batterySag: 0.69677734375
INFO: 2021-10-09 18:35:53 printStatus(175) -- Drogno_3: BAD kalman		battery 4.16	pos 0.73 -0.44 -0.01	yaw: -1.10	msg/s 0.0	link quality: 38	kalman var: 0.139 0.139 0.004	flight time: 2s	 batterySag: 0.69677734375
INFO: 2021-10-09 18:35:54 printStatus(175) -- Drogno_3: BAD kalman		battery 4.16	pos 1.19 -0.72 -0.01	yaw: -1.01	msg/s 0.0	link quality: 38	kalman var: 0.234 0.234 0.005	flight time: 2s	 batterySag: 0.69677734375
INFO: 2021-10-09 18:35:56 printStatus(175) -- Drogno_3: out of BOX		battery 4.16	pos 2.42 -1.49 -0.03	yaw: -0.85	msg/s 0.0	link quality: 38	kalman var: 0.512 0.512 0.007	flight time: 2s	 batterySag: 0.69677734375
INFO: 2021-10-09 18:35:57 printStatus(175) -- Drogno_3: out of BOX		battery 4.16	pos 3.20 -1.99 -0.04	yaw: -0.82	msg/s 0.0	link quality: 38	kalman var: 0.699 0.699 0.008	flight time: 2s	 batterySag: 0.69677734375
INFO: 2021-10-09 18:35:59 printStatus(175) -- Drogno_3: out of BOX		battery 4.16	pos 5.05 -3.20 -0.08	yaw: -0.94	msg/s 0.0	link quality: 38	kalman var: 1.18 1.18 0.01	flight time: 2s	 batterySag: 0.69677734375
INFO: 2021-10-09 18:36:00 printStatus(175) -- Drogno_3: out of BOX		battery 4.16	pos 6.12 -3.91 -0.09	yaw: -0.89	msg/s 0.0	link quality: 38	kalman var: 1.477 1.477 0.011	flight time: 2s	 batterySag: 0.69677734375
INFO: 2021-10-09 18:36:02 printStatus(175) -- Drogno_3: out of BOX		battery 4.16	pos 8.56 -5.56 -0.14	yaw: -0.86	msg/s 0.0	link quality: 38	kalman var: 2.197 2.197 0.013	flight time: 2s	 batterySag: 0.69677734375
INFO: 2021-10-09 18:36:04 printStatus(175) -- Drogno_3: out of BOX		battery 4.16	pos 11.37 -7.52 -0.19	yaw: -0.76	msg/s 0.0	link quality: 39	kalman var: 3.096 3.096 0.016	flight time: 2s	 batterySag: 0.69677734375
INFO: 2021-10-09 18:36:05 printStatus(175) -- Drogno_3: stand by		battery 4.16	pos 11.37 -7.52 -0.19	yaw: -0.76	msg/s 0.0	link quality: 39	kalman var: 3.096 3.096 0.016	flight time: 2s	 batterySag: 0.69677734375
INFO: 2021-10-09 18:36:07 printStatus(175) -- Drogno_3: waking up		battery 4.16	pos 11.37 -7.52 -0.19	yaw: -0.76	msg/s 0.0	link quality: 39	kalman var: 3.096 3.096 0.016	flight time: 2s	 batterySag: 0.69677734375
INFO: 2021-10-09 18:36:08 printStatus(175) -- Drogno_3: waking up		battery 4.16	pos 11.37 -7.52 -0.19	yaw: -0.76	msg/s 0.0	link quality: 39	kalman var: 3.096 3.096 0.016	flight time: 2s	 batterySag: 0.69677734375
INFO: 2021-10-09 18:36:10 printStatus(175) -- Drogno_3: connecting		battery 4.16	pos 11.37 -7.52 -0.19	yaw: -0.76	msg/s 0.0	link quality: 39	kalman var: 3.096 3.096 0.016	flight time: 2s	 batterySag: 0.69677734375
INFO: 2021-10-09 18:36:11 printStatus(175) -- Drogno_3: connecting		battery 4.16	pos 11.37 -7.52 -0.19	yaw: -0.76	msg/s 0.0	link quality: 39	kalman var: 3.096 3.096 0.016	flight time: 2s	 batterySag: 0.69677734375
INFO: 2021-10-09 18:36:13 printStatus(175) -- Drogno_3: connecting		battery 4.16	pos 11.37 -7.52 -0.19	yaw: -0.76	msg/s 0.0	link quality: 39	kalman var: 3.096 3.096 0.016	flight time: 2s	 batterySag: 0.69677734375
INFO: 2021-10-09 18:36:14 printStatus(175) -- Drogno_3: landed		battery 4.16	pos 11.37 -7.52 -0.19	yaw: -0.76	msg/s 0.0	link quality: 39	kalman var: 3.096 3.096 0.016	flight time: 2s	 batterySag: 0.69677734375
INFO: 2021-10-09 18:36:16 printStatus(175) -- Drogno_3: landed		battery 4.16	pos -0.01 -0.92 0.00	yaw: -0.76	msg/s 0.0	link quality: 39	kalman var: 3.096 3.096 0.016	flight time: 2s	 batterySag: 0.69677734375
INFO: 2021-10-09 18:36:17 printStatus(175) -- Drogno_3: BAD kalman		battery 4.16	pos 0.10 -0.05 -0.00	yaw: -1.08	msg/s 0.0	link quality: 38	kalman var: 0.018 0.018 0.001	flight time: 2s	 batterySag: 0.69140625
INFO: 2021-10-09 18:36:19 printStatus(175) -- Drogno_3: BAD kalman		battery 4.16	pos 0.32 -0.17 -0.00	yaw: -1.10	msg/s 0.0	link quality: 38	kalman var: 0.056 0.056 0.003	flight time: 2s	 batterySag: 0.69140625
INFO: 2021-10-09 18:36:21 printStatus(175) -- Drogno_3: BAD kalman		battery 4.16	pos 1.12 -0.62 -0.02	yaw: -1.05	msg/s 0.0	link quality: 38	kalman var: 0.206 0.206 0.005	flight time: 2s	 batterySag: 0.69140625
INFO: 2021-10-09 18:36:22 printStatus(175) -- Drogno_3: BAD kalman		battery 4.16	pos 1.71 -0.95 -0.03	yaw: -1.14	msg/s 0.0	link quality: 38	kalman var: 0.322 0.322 0.006	flight time: 2s	 batterySag: 0.69140625
INFO: 2021-10-09 18:36:24 printStatus(175) -- Drogno_3: out of BOX		battery 4.16	pos 3.23 -1.82 -0.07	yaw: -1.03	msg/s 0.0	link quality: 38	kalman var: 0.647 0.647 0.008	flight time: 2s	 batterySag: 0.69140625
INFO: 2021-10-09 18:36:25 printStatus(175) -- Drogno_3: out of BOX		battery 4.16	pos 4.19 -2.36 -0.10	yaw: -0.98	msg/s 0.0	link quality: 38	kalman var: 0.86 0.86 0.009	flight time: 2s	 batterySag: 0.69140625
INFO: 2021-10-09 18:36:27 printStatus(175) -- Drogno_3: out of BOX		battery 4.16	pos 6.45 -3.67 -0.17	yaw: -1.20	msg/s 0.0	link quality: 38	kalman var: 1.393 1.393 0.011	flight time: 2s	 batterySag: 0.69140625
INFO: 2021-10-09 18:36:28 printStatus(175) -- Drogno_3: out of BOX		battery 4.16	pos 7.75 -4.43 -0.22	yaw: -1.05	msg/s 0.0	link quality: 38	kalman var: 1.72 1.72 0.012	flight time: 2s	 batterySag: 0.69140625
INFO: 2021-10-09 18:36:30 printStatus(175) -- Drogno_3: out of BOX		battery 4.16	pos 10.73 -6.14 -0.32	yaw: -1.04	msg/s 0.0	link quality: 38	kalman var: 2.502 2.502 0.014	flight time: 2s	 batterySag: 0.69140625
INFO: 2021-10-09 18:36:31 printStatus(175) -- Drogno_3: out of BOX		battery 4.16	pos 14.20 -8.15 -0.43	yaw: -0.92	msg/s 0.0	link quality: 38	kalman var: 3.471 3.471 0.016	flight time: 2s	 batterySag: 0.69140625
INFO: 2021-10-09 18:36:33 printStatus(175) -- Drogno_3: out of BOX		battery 4.16	pos 16.09 -9.25 -0.50	yaw: -1.00	msg/s 0.0	link quality: 38	kalman var: 4.027 4.027 0.017	flight time: 2s	 batterySag: 0.69140625
INFO: 2021-10-09 18:36:35 printStatus(175) -- Drogno_3: out of BOX		battery 4.16	pos 20.25 -11.67 -0.63	yaw: -1.15	msg/s 0.0	link quality: 38	kalman var: 5.305 5.305 0.019	flight time: 2s	 batterySag: 0.69140625
INFO: 2021-10-09 18:36:36 printStatus(175) -- Drogno_3: out of BOX		battery 4.16	pos 22.50 -13.00 -0.71	yaw: -1.19	msg/s 0.0	link quality: 38	kalman var: 6.023 6.023 0.02	flight time: 2s	 batterySag: 0.69140625
INFO: 2021-10-09 18:36:38 printStatus(175) -- Drogno_3: out of BOX		battery 4.16	pos 27.39 -15.86 -0.87	yaw: -0.90	msg/s 0.0	link quality: 39	kalman var: 7.645 7.645 0.023	flight time: 2s	 batterySag: 0.69140625
INFO: 2021-10-09 18:36:39 printStatus(175) -- Drogno_3: out of BOX		battery 4.16	pos 30.00 -17.41 -0.95	yaw: -0.99	msg/s 0.0	link quality: 38	kalman var: 8.547 8.547 0.024	flight time: 2s	 batterySag: 0.69140625
INFO: 2021-10-09 18:36:41 printStatus(175) -- Drogno_3: out of BOX		battery 4.16	pos 35.41 -20.70 -1.13	yaw: -1.08	msg/s 0.0	link quality: 40	kalman var: 10.555 10.555 0.026	flight time: 2s	 batterySag: 0.69140625
INFO: 2021-10-09 18:36:42 printStatus(175) -- Drogno_3: ready		battery 4.15	pos -0.08 -0.87 0.04	yaw: 103.38	msg/s 0.0	link quality: 37	kalman var: 0.003 0.003 0.001	flight time: 2s	 batterySag: 0.69140625
INFO: 2021-10-09 18:36:44 printStatus(175) -- Drogno_3: ready		battery 4.14	pos -0.25 -0.71 0.03	yaw: 97.19	msg/s 0.0	link quality: 43	kalman var: 0.0 0.0 0.0	flight time: 2s	 batterySag: 0.69140625
INFO: 2021-10-09 18:36:45 printStatus(175) -- Drogno_3: ready		battery 4.14	pos -0.25 -0.71 0.03	yaw: 97.06	msg/s 0.0	link quality: 43	kalman var: 0.0 0.0 0.0	flight time: 2s	 batterySag: 0.69140625
INFO: 2021-10-09 18:36:47 printStatus(175) -- Drogno_3: ready		battery 4.15	pos -0.25 -0.71 0.03	yaw: 97.06	msg/s 0.0	link quality: 42	kalman var: 0.0 0.0 0.0	flight time: 2s	 batterySag: 0.69140625
INFO: 2021-10-09 18:36:49 printStatus(175) -- Drogno_3: ready		battery 4.15	pos -0.25 -0.71 0.03	yaw: 96.88	msg/s 0.0	link quality: 42	kalman var: 0.0 0.0 0.0	flight time: 2s	 batterySag: 0.69140625
INFO: 2021-10-09 18:36:50 printStatus(175) -- Drogno_3: ready		battery 3.89	pos -0.26 -0.71 0.03	yaw: 100.25	msg/s 0.0	link quality: 44	kalman var: 0.0 0.0 0.0	flight time: 2s	 batterySag: 0.69140625
INFO: 2021-10-09 18:36:52 printStatus(175) -- Drogno_3: ready		battery 3.77	pos -0.23 -0.73 0.75	yaw: -2.31	msg/s 12.666666666666666	link quality: 36	kalman var: 0.0 0.0 0.0	flight time: 1s	 batterySag: 0.69140625
INFO: 2021-10-09 18:36:53 printStatus(175) -- Drogno_3: ready		battery 3.75	pos -0.26 -0.70 0.85	yaw: -3.19	msg/s 22.0	link quality: 37	kalman var: 0.003 0.003 0.001	flight time: 2s	 batterySag: 0.69140625
INFO: 2021-10-09 18:36:55 printStatus(175) -- Drogno_3: ready		battery 3.73	pos -0.33 -0.74 0.87	yaw: -1.41	msg/s 22.0	link quality: 39	kalman var: 0.0 0.0 0.0	flight time: 4s	 batterySag: 0.69140625
INFO: 2021-10-09 18:36:56 printStatus(175) -- Drogno_3: ready		battery 3.72	pos -0.29 -0.72 0.86	yaw: -2.32	msg/s 22.0	link quality: 36	kalman var: 0.0 0.0 0.0	flight time: 5s	 batterySag: 0.69140625
INFO: 2021-10-09 18:36:58 printStatus(175) -- Drogno_3: ready		battery 3.7	pos -0.22 -0.65 0.82	yaw: -1.31	msg/s 22.666666666666668	link quality: 35	kalman var: 0.0 0.0 0.0	flight time: 7s	 batterySag: 0.69140625
INFO: 2021-10-09 18:36:59 printStatus(175) -- Drogno_3: ready		battery 3.68	pos -0.25 -0.70 0.83	yaw: 0.69	msg/s 22.0	link quality: 35	kalman var: 0.0 0.0 0.0	flight time: 8s	 batterySag: 0.69140625
INFO: 2021-10-09 18:37:01 printStatus(175) -- Drogno_3: ready		battery 3.68	pos -0.24 -0.71 0.83	yaw: 0.32	msg/s 22.0	link quality: 35	kalman var: 0.001 0.001 0.001	flight time: 10s	 batterySag: 0.69140625
INFO: 2021-10-09 18:37:02 printStatus(175) -- Drogno_3: ready		battery 3.67	pos -0.24 -0.70 0.82	yaw: 0.73	msg/s 22.666666666666668	link quality: 35	kalman var: 0.0 0.0 0.0	flight time: 12s	 batterySag: 0.69140625
INFO: 2021-10-09 18:37:04 printStatus(175) -- Drogno_3: ready		battery 3.67	pos -0.24 -0.70 0.81	yaw: -0.06	msg/s 22.0	link quality: 35	kalman var: 0.001 0.001 0.001	flight time: 13s	 batterySag: 0.69140625
INFO: 2021-10-09 18:37:05 printStatus(175) -- Drogno_3: ready		battery 3.66	pos -0.24 -0.70 0.81	yaw: 0.97	msg/s 21.333333333333332	link quality: 35	kalman var: 0.0 0.0 0.0	flight time: 15s	 batterySag: 0.69140625
INFO: 2021-10-09 18:37:07 printStatus(175) -- Drogno_3: ready		battery 3.66	pos -0.25 -0.72 0.81	yaw: -0.15	msg/s 22.666666666666668	link quality: 46	kalman var: 0.001 0.001 0.001	flight time: 16s	 batterySag: 0.69140625
INFO: 2021-10-09 18:37:09 printStatus(175) -- Drogno_3: ready		battery 3.64	pos -0.25 -0.70 0.80	yaw: 0.02	msg/s 22.666666666666668	link quality: 43	kalman var: 0.0 0.0 0.0	flight time: 18s	 batterySag: 0.69140625
INFO: 2021-10-09 18:37:10 printStatus(175) -- Drogno_3: ready		battery 3.64	pos -0.25 -0.70 0.81	yaw: -0.10	msg/s 21.333333333333332	link quality: 38	kalman var: 0.001 0.001 0.001	flight time: 19s	 batterySag: 0.69140625
INFO: 2021-10-09 18:37:12 printStatus(175) -- Drogno_3: ready		battery 3.63	pos -0.26 -0.70 0.80	yaw: -0.18	msg/s 22.666666666666668	link quality: 40	kalman var: 0.0 0.0 0.0	flight time: 21s	 batterySag: 0.69140625
INFO: 2021-10-09 18:37:13 printStatus(175) -- Drogno_3: ready		battery 3.63	pos -0.25 -0.70 0.80	yaw: 0.02	msg/s 22.666666666666668	link quality: 37	kalman var: 0.0 0.0 0.0	flight time: 22s	 batterySag: 0.69140625
INFO: 2021-10-09 18:37:15 printStatus(175) -- Drogno_3: ready		battery 3.62	pos -0.23 -0.70 0.80	yaw: -1.23	msg/s 22.0	link quality: 35	kalman var: 0.0 0.0 0.0	flight time: 24s	 batterySag: 0.69140625
INFO: 2021-10-09 18:37:16 printStatus(175) -- Drogno_3: ready		battery 3.62	pos -0.28 -0.73 0.80	yaw: -0.91	msg/s 23.333333333333332	link quality: 35	kalman var: 0.0 0.0 0.0	flight time: 25s	 batterySag: 0.69140625
INFO: 2021-10-09 18:37:18 printStatus(175) -- Drogno_3: ready		battery 3.62	pos -0.26 -0.70 0.80	yaw: 0.08	msg/s 22.666666666666668	link quality: 43	kalman var: 0.0 0.0 0.0	flight time: 27s	 batterySag: 0.69140625
INFO: 2021-10-09 18:37:19 printStatus(175) -- Drogno_3: ready		battery 3.6	pos -0.23 -0.70 0.80	yaw: -0.36	msg/s 22.666666666666668	link quality: 35	kalman var: 0.0 0.0 0.001	flight time: 29s	 batterySag: 0.69140625
INFO: 2021-10-09 18:37:21 printStatus(175) -- Drogno_3: ready		battery 3.61	pos -0.26 -0.70 0.80	yaw: 0.33	msg/s 22.666666666666668	link quality: 40	kalman var: 0.0 0.0 0.0	flight time: 30s	 batterySag: 0.69140625
INFO: 2021-10-09 18:37:22 printStatus(175) -- Drogno_3: ready		battery 3.59	pos -0.25 -0.72 0.81	yaw: -0.06	msg/s 22.0	link quality: 38	kalman var: 0.0 0.0 0.001	flight time: 32s	 batterySag: 0.69140625
INFO: 2021-10-09 18:37:24 printStatus(175) -- Drogno_3: ready		battery 3.59	pos -0.27 -0.71 0.80	yaw: -0.04	msg/s 22.666666666666668	link quality: 37	kalman var: 0.0 0.0 0.0	flight time: 33s	 batterySag: 0.69140625
INFO: 2021-10-09 18:37:26 printStatus(175) -- Drogno_3: ready		battery 3.58	pos -0.28 -0.72 0.80	yaw: -0.67	msg/s 22.0	link quality: 41	kalman var: 0.001 0.001 0.001	flight time: 35s	 batterySag: 0.69140625
INFO: 2021-10-09 18:37:27 printStatus(175) -- Drogno_3: ready		battery 3.58	pos -0.27 -0.70 0.80	yaw: 0.26	msg/s 22.0	link quality: 37	kalman var: 0.0 0.0 0.0	flight time: 36s	 batterySag: 0.69140625
INFO: 2021-10-09 18:37:29 printStatus(175) -- Drogno_3: ready		battery 3.57	pos -0.24 -0.69 0.80	yaw: 1.24	msg/s 22.0	link quality: 35	kalman var: 0.001 0.001 0.001	flight time: 38s	 batterySag: 0.69140625
INFO: 2021-10-09 18:37:30 printStatus(175) -- Drogno_3: ready		battery 3.58	pos -0.24 -0.68 0.81	yaw: 0.49	msg/s 22.0	link quality: 37	kalman var: 0.0 0.0 0.0	flight time: 39s	 batterySag: 0.69140625
INFO: 2021-10-09 18:37:32 printStatus(175) -- Drogno_3: ready		battery 3.58	pos -0.27 -0.72 0.80	yaw: -0.41	msg/s 22.666666666666668	link quality: 35	kalman var: 0.0 0.0 0.0	flight time: 41s	 batterySag: 0.69140625
INFO: 2021-10-09 18:37:33 printStatus(175) -- Drogno_3: ready		battery 3.57	pos -0.29 -0.73 0.80	yaw: 0.24	msg/s 22.666666666666668	link quality: 35	kalman var: 0.0 0.0 0.0	flight time: 42s	 batterySag: 0.69140625
INFO: 2021-10-09 18:37:35 printStatus(175) -- Drogno_3: ready		battery 3.57	pos -0.23 -0.68 0.80	yaw: 0.13	msg/s 22.666666666666668	link quality: 35	kalman var: 0.0 0.0 0.0	flight time: 44s	 batterySag: 0.69140625
INFO: 2021-10-09 18:37:36 printStatus(175) -- Drogno_3: ready		battery 3.57	pos -0.24 -0.70 0.80	yaw: 1.74	msg/s 22.0	link quality: 36	kalman var: 0.0 0.0 0.0	flight time: 45s	 batterySag: 0.69140625
INFO: 2021-10-09 18:37:38 printStatus(175) -- Drogno_3: ready		battery 3.57	pos -0.24 -0.69 0.80	yaw: 2.27	msg/s 22.0	link quality: 38	kalman var: 0.0 0.0 0.0	flight time: 47s	 batterySag: 0.69140625
INFO: 2021-10-09 18:37:39 printStatus(175) -- Drogno_3: ready		battery 3.56	pos -0.26 -0.71 0.79	yaw: -0.18	msg/s 22.666666666666668	link quality: 48	kalman var: 0.0 0.0 0.0	flight time: 48s	 batterySag: 0.69140625
INFO: 2021-10-09 18:37:41 printStatus(175) -- Drogno_3: ready		battery 3.55	pos -0.24 -0.69 0.80	yaw: 0.22	msg/s 22.0	link quality: 36	kalman var: 0.0 0.0 0.0	flight time: 50s	 batterySag: 0.69140625
INFO: 2021-10-09 18:37:42 printStatus(175) -- Drogno_3: ready		battery 3.55	pos -0.23 -0.71 0.80	yaw: 1.36	msg/s 22.0	link quality: 35	kalman var: 0.0 0.0 0.0	flight time: 52s	 batterySag: 0.69140625
INFO: 2021-10-09 18:37:44 printStatus(175) -- Drogno_3: ready		battery 3.55	pos -0.24 -0.70 0.80	yaw: 0.18	msg/s 22.0	link quality: 35	kalman var: 0.0 0.0 0.0	flight time: 53s	 batterySag: 0.69140625
INFO: 2021-10-09 18:37:46 printStatus(175) -- Drogno_3: ready		battery 3.54	pos -0.25 -0.71 0.79	yaw: -2.53	msg/s 22.0	link quality: 56	kalman var: 0.003 0.003 0.002	flight time: 55s	 batterySag: 0.69140625
INFO: 2021-10-09 18:37:47 printStatus(175) -- Drogno_3: ready		battery 3.54	pos -0.26 -0.69 0.80	yaw: -0.76	msg/s 22.0	link quality: 42	kalman var: 0.0 0.0 0.0	flight time: 56s	 batterySag: 0.69140625
INFO: 2021-10-09 18:37:49 printStatus(175) -- Drogno_3: ready		battery 3.53	pos -0.25 -0.72 0.80	yaw: -2.49	msg/s 22.0	link quality: 43	kalman var: 0.002 0.002 0.001	flight time: 58s	 batterySag: 0.69140625
INFO: 2021-10-09 18:37:50 printStatus(175) -- Drogno_3: ready		battery 3.53	pos -0.26 -0.70 0.80	yaw: -1.63	msg/s 22.666666666666668	link quality: 38	kalman var: 0.0 0.0 0.0	flight time: 59s	 batterySag: 0.69140625
INFO: 2021-10-09 18:37:52 printStatus(175) -- Drogno_3: ready		battery 3.52	pos -0.20 -0.65 0.80	yaw: 1.02	msg/s 22.0	link quality: 35	kalman var: 0.0 0.0 0.0	flight time: 61s	 batterySag: 0.69140625
INFO: 2021-10-09 18:37:53 printStatus(175) -- Drogno_3: ready		battery 3.53	pos -0.24 -0.67 0.81	yaw: 0.28	msg/s 22.666666666666668	link quality: 35	kalman var: 0.0 0.0 0.0	flight time: 62s	 batterySag: 0.69140625
INFO: 2021-10-09 18:37:55 printStatus(175) -- Drogno_3: ready		battery 3.53	pos -0.20 -0.68 0.82	yaw: 1.24	msg/s 22.0	link quality: 35	kalman var: 0.0 0.0 0.0	flight time: 64s	 batterySag: 0.69140625
INFO: 2021-10-09 18:37:56 printStatus(175) -- Drogno_3: ready		battery 3.53	pos -0.24 -0.68 0.81	yaw: 0.45	msg/s 22.0	link quality: 38	kalman var: 0.0 0.0 0.0	flight time: 65s	 batterySag: 0.69140625
INFO: 2021-10-09 18:37:58 printStatus(175) -- Drogno_3: ready		battery 3.5	pos -0.25 -0.69 0.79	yaw: 0.85	msg/s 22.666666666666668	link quality: 58	kalman var: 0.0 0.0 0.0	flight time: 67s	 batterySag: 0.69140625
INFO: 2021-10-09 18:37:59 printStatus(175) -- Drogno_3: ready		battery 3.51	pos -0.22 -0.69 0.80	yaw: -0.31	msg/s 22.0	link quality: 35	kalman var: 0.0 0.0 0.0	flight time: 68s	 batterySag: 0.69140625
INFO: 2021-10-09 18:38:01 printStatus(175) -- Drogno_3: ready		battery 3.5	pos -0.21 -0.69 0.80	yaw: -1.57	msg/s 22.0	link quality: 35	kalman var: 0.0 0.0 0.0	flight time: 70s	 batterySag: 0.69140625
INFO: 2021-10-09 18:38:02 printStatus(175) -- Drogno_3: ready		battery 3.48	pos -0.25 -0.69 0.79	yaw: -3.21	msg/s 22.0	link quality: 46	kalman var: 0.0 0.0 0.0	flight time: 72s	 batterySag: 0.69140625
INFO: 2021-10-09 18:38:04 printStatus(175) -- Drogno_3: ready		battery 3.49	pos -0.25 -0.67 0.81	yaw: -2.05	msg/s 22.0	link quality: 46	kalman var: 0.0 0.0 0.0	flight time: 73s	 batterySag: 0.69140625
INFO: 2021-10-09 18:38:05 printStatus(175) -- Drogno_3: ready		battery 3.49	pos -0.22 -0.69 0.80	yaw: -0.11	msg/s 22.666666666666668	link quality: 35	kalman var: 0.0 0.0 0.0	flight time: 75s	 batterySag: 0.69140625
INFO: 2021-10-09 18:38:07 printStatus(175) -- Drogno_3: ready		battery 3.48	pos -0.24 -0.71 0.81	yaw: 0.45	msg/s 22.666666666666668	link quality: 35	kalman var: 0.0 0.0 0.0	flight time: 76s	 batterySag: 0.69140625
INFO: 2021-10-09 18:38:09 printStatus(175) -- Drogno_3: ready		battery 3.49	pos -0.21 -0.67 0.80	yaw: 2.28	msg/s 22.666666666666668	link quality: 35	kalman var: 0.0 0.0 0.0	flight time: 78s	 batterySag: 0.69140625
INFO: 2021-10-09 18:38:10 printStatus(175) -- Drogno_3: ready		battery 3.48	pos -0.24 -0.69 0.81	yaw: 1.72	msg/s 22.666666666666668	link quality: 35	kalman var: 0.0 0.0 0.0	flight time: 79s	 batterySag: 0.69140625
INFO: 2021-10-09 18:38:12 printStatus(175) -- Drogno_3: ready		battery 3.48	pos -0.28 -0.73 0.80	yaw: 2.36	msg/s 22.0	link quality: 35	kalman var: 0.0 0.0 0.0	flight time: 81s	 batterySag: 0.69140625
INFO: 2021-10-09 18:38:13 printStatus(175) -- Drogno_3: ready		battery 3.49	pos -0.26 -0.71 0.81	yaw: 2.06	msg/s 22.666666666666668	link quality: 37	kalman var: 0.0 0.0 0.0	flight time: 82s	 batterySag: 0.69140625
INFO: 2021-10-09 18:38:15 printStatus(175) -- Drogno_3: ready		battery 3.48	pos -0.27 -0.72 0.80	yaw: 2.00	msg/s 22.666666666666668	link quality: 37	kalman var: 0.0 0.0 0.0	flight time: 84s	 batterySag: 0.69140625
INFO: 2021-10-09 18:38:16 printStatus(175) -- Drogno_3: ready		battery 3.48	pos -0.26 -0.71 0.80	yaw: 0.43	msg/s 22.0	link quality: 39	kalman var: 0.0 0.0 0.0	flight time: 85s	 batterySag: 0.69140625
INFO: 2021-10-09 18:38:18 printStatus(175) -- Drogno_3: ready		battery 3.47	pos -0.26 -0.73 0.80	yaw: -0.27	msg/s 22.0	link quality: 37	kalman var: 0.0 0.0 0.0	flight time: 87s	 batterySag: 0.69140625
INFO: 2021-10-09 18:38:19 printStatus(175) -- Drogno_3: ready		battery 3.47	pos -0.25 -0.70 0.81	yaw: 0.36	msg/s 22.0	link quality: 36	kalman var: 0.0 0.0 0.0	flight time: 88s	 batterySag: 0.69140625
INFO: 2021-10-09 18:38:21 printStatus(175) -- Drogno_3: ready		battery 3.47	pos -0.26 -0.72 0.80	yaw: -0.68	msg/s 22.666666666666668	link quality: 38	kalman var: 0.0 0.0 0.0	flight time: 90s	 batterySag: 0.69140625
INFO: 2021-10-09 18:38:22 printStatus(175) -- Drogno_3: ready		battery 3.46	pos -0.28 -0.72 0.79	yaw: -2.73	msg/s 21.333333333333332	link quality: 40	kalman var: 0.0 0.0 0.0	flight time: 91s	 batterySag: 0.69140625
INFO: 2021-10-09 18:38:24 printStatus(175) -- Drogno_3: ready		battery 3.46	pos -0.29 -0.71 0.78	yaw: -2.20	msg/s 22.0	link quality: 58	kalman var: 0.0 0.0 0.0	flight time: 93s	 batterySag: 0.69140625
INFO: 2021-10-09 18:38:25 printStatus(175) -- Drogno_3: ready		battery 3.45	pos -0.28 -0.72 0.81	yaw: -2.41	msg/s 22.0	link quality: 35	kalman var: 0.0 0.0 0.0	flight time: 95s	 batterySag: 0.69140625
INFO: 2021-10-09 18:38:27 printStatus(175) -- Drogno_3: ready		battery 3.46	pos -0.27 -0.71 0.81	yaw: 0.23	msg/s 22.0	link quality: 37	kalman var: 0.001 0.001 0.001	flight time: 96s	 batterySag: 0.69140625
INFO: 2021-10-09 18:38:29 printStatus(175) -- Drogno_3: ready		battery 3.45	pos -0.25 -0.70 0.81	yaw: -1.08	msg/s 22.666666666666668	link quality: 37	kalman var: 0.0 0.0 0.0	flight time: 98s	 batterySag: 0.69140625
INFO: 2021-10-09 18:38:30 printStatus(175) -- Drogno_3: ready		battery 3.45	pos -0.24 -0.70 0.81	yaw: 0.64	msg/s 22.666666666666668	link quality: 35	kalman var: 0.001 0.001 0.001	flight time: 99s	 batterySag: 0.69140625
INFO: 2021-10-09 18:38:32 printStatus(175) -- Drogno_3: ready		battery 3.45	pos -0.26 -0.70 0.81	yaw: 1.46	msg/s 22.666666666666668	link quality: 40	kalman var: 0.0 0.0 0.0	flight time: 101s	 batterySag: 0.69140625
INFO: 2021-10-09 18:38:33 printStatus(175) -- Drogno_3: ready		battery 3.44	pos -0.25 -0.71 0.81	yaw: 0.12	msg/s 21.333333333333332	link quality: 40	kalman var: 0.001 0.001 0.001	flight time: 102s	 batterySag: 0.69140625
INFO: 2021-10-09 18:38:35 printStatus(175) -- Drogno_3: ready		battery 3.44	pos -0.26 -0.69 0.79	yaw: 0.67	msg/s 21.333333333333332	link quality: 49	kalman var: 0.0 0.0 0.0	flight time: 104s	 batterySag: 0.69140625
INFO: 2021-10-09 18:38:36 printStatus(175) -- Drogno_3: ready		battery 3.45	pos -0.25 -0.71 0.80	yaw: 2.21	msg/s 22.0	link quality: 38	kalman var: 0.0 0.0 0.0	flight time: 105s	 batterySag: 0.69140625
INFO: 2021-10-09 18:38:38 printStatus(175) -- Drogno_3: ready		battery 3.44	pos -0.26 -0.70 0.81	yaw: 0.90	msg/s 22.0	link quality: 38	kalman var: 0.0 0.0 0.0	flight time: 107s	 batterySag: 0.69140625
INFO: 2021-10-09 18:38:39 printStatus(175) -- Drogno_3: ready		battery 3.57	pos -0.26 -0.71 0.09	yaw: 0.93	msg/s 22.0	link quality: 42	kalman var: 0.002 0.002 0.001	flight time: 107s	 batterySag: 0.69140625
INFO: 2021-10-09 18:38:41 printStatus(175) -- Drogno_3: ready		battery 3.79	pos -0.11 -0.62 0.03	yaw: -0.82	msg/s 22.0	link quality: 53	kalman var: 0.0 0.0 0.0	flight time: 107s	 batterySag: 0.69140625
INFO: 2021-10-09 18:38:42 printStatus(175) -- Drogno_3: ready		battery 3.82	pos -0.12 -0.62 0.02	yaw: -1.75	msg/s 22.666666666666668	link quality: 56	kalman var: 0.001 0.001 0.001	flight time: 107s	 batterySag: 0.69140625
INFO: 2021-10-09 18:38:44 printStatus(175) -- Drogno_3: ready		battery 3.83	pos -0.12 -0.61 0.02	yaw: -1.76	msg/s 22.0	link quality: 63	kalman var: 0.0 0.0 0.0	flight time: 107s	 batterySag: 0.69140625
INFO: 2021-10-09 18:38:45 printStatus(175) -- Drogno_3: ready		battery 3.84	pos -0.12 -0.61 0.02	yaw: -1.84	msg/s 22.0	link quality: 56	kalman var: 0.0 0.0 0.001	flight time: 107s	 batterySag: 0.69140625
INFO: 2021-10-09 18:38:47 printStatus(175) -- Drogno_3: ready		battery 3.85	pos -0.12 -0.61 0.02	yaw: -1.88	msg/s 22.0	link quality: 58	kalman var: 0.0 0.0 0.0	flight time: 107s	 batterySag: 0.69140625
INFO: 2021-10-09 18:38:48 printStatus(175) -- Drogno_3: ready		battery 3.85	pos -0.12 -0.62 0.03	yaw: -1.82	msg/s 22.0	link quality: 59	kalman var: 0.001 0.001 0.001	flight time: 107s	 batterySag: 0.69140625
INFO: 2021-10-09 18:38:50 printStatus(175) -- Drogno_3: hovering		battery 3.86	pos -0.12 -0.61 0.02	yaw: -1.88	msg/s 22.666666666666668	link quality: 58	kalman var: 0.0 0.0 0.0	flight time: 107s	 batterySag: 0.69140625
INFO: 2021-10-09 18:38:52 printStatus(175) -- Drogno_3: ready		battery 3.49	pos -0.10 -0.63 0.32	yaw: -4.75	msg/s 22.0	link quality: 37	kalman var: 0.001 0.001 0.001	flight time: 0s	 batterySag: 0.69140625
INFO: 2021-10-09 18:38:53 printStatus(175) -- Drogno_3: ready		battery 3.49	pos -0.15 -0.64 0.78	yaw: -2.58	msg/s 22.0	link quality: 39	kalman var: 0.0 0.0 0.0	flight time: 1s	 batterySag: 0.69140625
INFO: 2021-10-09 18:38:55 printStatus(175) -- Drogno_3: ready		battery 3.46	pos -0.12 -0.60 0.88	yaw: -2.36	msg/s 22.0	link quality: 46	kalman var: 0.0 0.0 0.001	flight time: 3s	 batterySag: 0.69140625
INFO: 2021-10-09 18:38:56 printStatus(175) -- Drogno_3: ready		battery 3.5	pos -0.09 -0.55 1.19	yaw: 0.54	msg/s 22.0	link quality: 35	kalman var: 0.0 0.0 0.0	flight time: 5s	 batterySag: 0.69140625
INFO: 2021-10-09 18:38:58 printStatus(175) -- Drogno_3: hovering		battery 3.45	pos -0.15 -0.61 1.22	yaw: 0.22	msg/s 22.0	link quality: 35	kalman var: 0.0 0.0 0.0	flight time: 6s	 batterySag: 0.69140625
INFO: 2021-10-09 18:38:59 printStatus(175) -- Drogno_3: ready		battery 3.45	pos -0.15 -0.59 1.36	yaw: -0.09	msg/s 22.666666666666668	link quality: 37	kalman var: 0.0 0.0 0.0	flight time: 8s	 batterySag: 0.69140625
INFO: 2021-10-09 18:39:01 printStatus(175) -- Drogno_3: ready		battery 3.46	pos -0.11 -0.55 1.60	yaw: 0.96	msg/s 22.666666666666668	link quality: 35	kalman var: 0.001 0.001 0.001	flight time: 9s	 batterySag: 0.69140625
INFO: 2021-10-09 18:39:02 printStatus(175) -- Drogno_3: ready		battery 3.44	pos -0.15 -0.62 1.59	yaw: 0.82	msg/s 22.0	link quality: 37	kalman var: 0.001 0.001 0.001	flight time: 11s	 batterySag: 0.69140625
INFO: 2021-10-09 18:39:04 printStatus(175) -- Drogno_3: ready		battery 3.43	pos -0.13 -0.57 1.55	yaw: 0.14	msg/s 22.666666666666668	link quality: 35	kalman var: 0.0 0.0 0.0	flight time: 12s	 batterySag: 0.69140625
INFO: 2021-10-09 18:39:06 printStatus(175) -- Drogno_3: ready		battery 3.43	pos -0.16 -0.61 1.56	yaw: -0.23	msg/s 22.0	link quality: 35	kalman var: 0.001 0.001 0.001	flight time: 14s	 batterySag: 0.69140625
INFO: 2021-10-09 18:39:07 printStatus(175) -- Drogno_3: ready		battery 3.41	pos -0.22 -0.59 1.57	yaw: -0.05	msg/s 22.0	link quality: 35	kalman var: 0.001 0.001 0.001	flight time: 16s	 batterySag: 0.69140625
INFO: 2021-10-09 18:39:09 printStatus(175) -- Drogno_3: ready		battery 3.42	pos -0.16 -0.61 1.53	yaw: -0.42	msg/s 22.0	link quality: 37	kalman var: 0.0 0.0 0.0	flight time: 17s	 batterySag: 0.69140625
INFO: 2021-10-09 18:39:10 printStatus(175) -- Drogno_3: ready		battery 3.4	pos -0.15 -0.61 1.55	yaw: 0.65	msg/s 22.666666666666668	link quality: 36	kalman var: 0.0 0.0 0.0	flight time: 19s	 batterySag: 0.69140625
INFO: 2021-10-09 18:39:12 printStatus(175) -- Drogno_3: ready		battery 3.4	pos -0.11 -0.58 1.54	yaw: -0.14	msg/s 22.0	link quality: 35	kalman var: 0.001 0.001 0.001	flight time: 20s	 batterySag: 0.69140625
INFO: 2021-10-09 18:39:13 printStatus(175) -- Drogno_3: ready		battery 3.4	pos -0.14 -0.60 1.55	yaw: 2.86	msg/s 22.0	link quality: 35	kalman var: 0.001 0.001 0.001	flight time: 22s	 batterySag: 0.69140625
INFO: 2021-10-09 18:39:15 printStatus(175) -- Drogno_3: ready		battery 3.4	pos -0.12 -0.58 1.54	yaw: 3.51	msg/s 22.0	link quality: 36	kalman var: 0.0 0.0 0.0	flight time: 23s	 batterySag: 0.69140625
INFO: 2021-10-09 18:39:16 printStatus(175) -- Drogno_3: ready		battery 3.39	pos -0.16 -0.63 1.53	yaw: 1.20	msg/s 22.0	link quality: 42	kalman var: 0.0 0.0 0.0	flight time: 25s	 batterySag: 0.69140625
INFO: 2021-10-09 18:39:18 printStatus(175) -- Drogno_3: ready		battery 3.4	pos -0.15 -0.61 1.54	yaw: 1.22	msg/s 22.0	link quality: 37	kalman var: 0.001 0.001 0.001	flight time: 26s	 batterySag: 0.69140625
INFO: 2021-10-09 18:39:19 printStatus(175) -- Drogno_3: ready		battery 3.38	pos -0.15 -0.61 1.52	yaw: -1.90	msg/s 22.666666666666668	link quality: 38	kalman var: 0.0 0.0 0.001	flight time: 28s	 batterySag: 0.69140625
INFO: 2021-10-09 18:39:21 printStatus(175) -- Drogno_3: ready		battery 3.39	pos -0.14 -0.61 1.52	yaw: -1.55	msg/s 22.0	link quality: 36	kalman var: 0.001 0.001 0.001	flight time: 29s	 batterySag: 0.69140625
INFO: 2021-10-09 18:39:22 printStatus(175) -- Drogno_3: ready		battery 3.39	pos -0.14 -0.59 1.54	yaw: -0.79	msg/s 22.666666666666668	link quality: 37	kalman var: 0.001 0.001 0.001	flight time: 31s	 batterySag: 0.69140625
INFO: 2021-10-09 18:39:24 printStatus(175) -- Drogno_3: ready		battery 3.37	pos -0.10 -0.55 1.52	yaw: -0.81	msg/s 22.666666666666668	link quality: 45	kalman var: 0.0 0.0 0.0	flight time: 32s	 batterySag: 0.69140625
INFO: 2021-10-09 18:39:26 printStatus(175) -- Drogno_3: ready		battery 3.38	pos -0.15 -0.62 1.53	yaw: 0.44	msg/s 22.666666666666668	link quality: 38	kalman var: 0.0 0.0 0.0	flight time: 34s	 batterySag: 0.69140625
INFO: 2021-10-09 18:39:27 printStatus(175) -- Drogno_3: ready		battery 3.39	pos -0.16 -0.61 1.54	yaw: 0.07	msg/s 22.666666666666668	link quality: 37	kalman var: 0.0 0.0 0.0	flight time: 35s	 batterySag: 0.69140625
INFO: 2021-10-09 18:39:29 printStatus(175) -- Drogno_3: ready		battery 3.38	pos -0.17 -0.62 1.53	yaw: -0.26	msg/s 22.666666666666668	link quality: 37	kalman var: 0.0 0.0 0.0	flight time: 37s	 batterySag: 0.69140625
INFO: 2021-10-09 18:39:30 printStatus(175) -- Drogno_3: ready		battery 3.37	pos -0.12 -0.60 1.51	yaw: 0.44	msg/s 22.0	link quality: 37	kalman var: 0.0 0.0 0.0	flight time: 39s	 batterySag: 0.69140625
INFO: 2021-10-09 18:39:32 printStatus(175) -- Drogno_3: ready		battery 3.38	pos -0.20 -0.11 1.55	yaw: 1.20	msg/s 22.0	link quality: 35	kalman var: 0.0 0.0 0.0	flight time: 40s	 batterySag: 0.69140625
INFO: 2021-10-09 18:39:33 printStatus(175) -- Drogno_3: ready		battery 3.38	pos -0.13 -0.08 1.54	yaw: 0.64	msg/s 22.0	link quality: 35	kalman var: 0.0 0.0 0.0	flight time: 42s	 batterySag: 0.69140625
INFO: 2021-10-09 18:39:35 printStatus(175) -- Drogno_3: ready		battery 3.37	pos -0.16 -0.10 1.54	yaw: 0.31	msg/s 22.666666666666668	link quality: 35	kalman var: 0.0 0.0 0.0	flight time: 43s	 batterySag: 0.69140625
INFO: 2021-10-09 18:39:36 printStatus(175) -- Drogno_3: ready		battery 3.37	pos -0.18 -0.13 1.54	yaw: 0.96	msg/s 21.333333333333332	link quality: 35	kalman var: 0.0 0.0 0.0	flight time: 45s	 batterySag: 0.69140625
INFO: 2021-10-09 18:39:38 printStatus(175) -- Drogno_3: ready		battery 3.37	pos -0.14 -0.10 1.53	yaw: 0.53	msg/s 22.0	link quality: 35	kalman var: 0.0 0.0 0.0	flight time: 46s	 batterySag: 0.69140625
INFO: 2021-10-09 18:39:39 printStatus(175) -- Drogno_3: ready		battery 3.36	pos -0.16 -0.11 1.53	yaw: 0.73	msg/s 22.666666666666668	link quality: 35	kalman var: 0.0 0.0 0.0	flight time: 48s	 batterySag: 0.69140625
INFO: 2021-10-09 18:39:41 printStatus(175) -- Drogno_3: ready		battery 3.36	pos -0.16 -0.12 1.53	yaw: 0.39	msg/s 22.0	link quality: 35	kalman var: 0.0 0.0 0.0	flight time: 49s	 batterySag: 0.69140625
INFO: 2021-10-09 18:39:42 printStatus(175) -- Drogno_3: ready		battery 3.36	pos -0.17 -0.12 1.53	yaw: -0.95	msg/s 22.0	link quality: 35	kalman var: 0.001 0.001 0.001	flight time: 51s	 batterySag: 0.69140625
INFO: 2021-10-09 18:39:44 printStatus(175) -- Drogno_3: landed		battery 3.34	pos -0.18 -0.12 1.52	yaw: 0.72	msg/s 22.0	link quality: 35	kalman var: 0.0 0.0 0.0	flight time: 52s	 batterySag: 0.69140625
INFO: 2021-10-09 18:39:46 printStatus(175) -- Drogno_3: ready		battery 3.39	pos -0.15 -0.12 1.14	yaw: 4.90	msg/s 22.666666666666668	link quality: 35	kalman var: 0.0 0.0 0.0	flight time: 52s	 batterySag: 0.69140625
INFO: 2021-10-09 18:39:47 printStatus(175) -- Drogno_3: ready		battery 3.27	pos -0.16 -0.13 0.02	yaw: 6.86	msg/s 22.0	link quality: 46	kalman var: 0.0 0.0 0.0	flight time: 52s	 batterySag: 0.69140625
INFO: 2021-10-09 18:39:49 printStatus(175) -- Drogno_3: ready		battery 3.73	pos -0.15 -0.12 0.00	yaw: 5.62	msg/s 22.666666666666668	link quality: 40	kalman var: 0.0 0.0 0.0	flight time: 52s	 batterySag: 0.69140625
INFO: 2021-10-09 18:39:50 printStatus(175) -- Drogno_3: ready		battery 3.74	pos -0.15 -0.12 0.00	yaw: 5.37	msg/s 22.0	link quality: 41	kalman var: 0.0 0.0 0.001	flight time: 52s	 batterySag: 0.69140625
INFO: 2021-10-09 18:39:52 printStatus(175) -- Drogno_3: ready		battery 3.75	pos -0.15 -0.12 0.00	yaw: 5.41	msg/s 22.666666666666668	link quality: 40	kalman var: 0.0 0.0 0.0	flight time: 52s	 batterySag: 0.69140625
INFO: 2021-10-09 18:39:53 printStatus(175) -- Drogno_3: ready		battery 3.76	pos -0.15 -0.12 0.00	yaw: 5.36	msg/s 22.666666666666668	link quality: 40	kalman var: 0.001 0.001 0.001	flight time: 52s	 batterySag: 0.69140625
INFO: 2021-10-09 18:39:55 printStatus(175) -- Drogno_3: ready		battery 3.77	pos -0.15 -0.12 0.00	yaw: 5.51	msg/s 22.0	link quality: 40	kalman var: 0.0 0.0 0.0	flight time: 52s	 batterySag: 0.69140625
INFO: 2021-10-09 18:39:56 printStatus(175) -- Drogno_3: ready		battery 3.77	pos -0.15 -0.12 0.00	yaw: 5.50	msg/s 22.0	link quality: 41	kalman var: 0.0 0.0 0.0	flight time: 52s	 batterySag: 0.69140625
INFO: 2021-10-09 18:39:58 printStatus(175) -- Drogno_3: ready		battery 3.77	pos -0.15 -0.12 0.00	yaw: 5.43	msg/s 22.0	link quality: 41	kalman var: 0.0 0.0 0.0	flight time: 52s	 batterySag: 0.69140625
INFO: 2021-10-09 18:39:59 printStatus(175) -- Drogno_3: ready		battery 3.78	pos -0.15 -0.12 0.00	yaw: 5.40	msg/s 22.666666666666668	link quality: 41	kalman var: 0.0 0.0 0.0	flight time: 52s	 batterySag: 0.69140625
INFO: 2021-10-09 18:40:01 printStatus(175) -- Drogno_3: ready		battery 3.78	pos -0.15 -0.12 0.00	yaw: 5.41	msg/s 22.0	link quality: 41	kalman var: 0.0 0.0 0.0	flight time: 52s	 batterySag: 0.69140625
INFO: 2021-10-09 18:40:02 printStatus(175) -- Drogno_3: ready		battery 3.79	pos -0.15 -0.12 0.00	yaw: 5.34	msg/s 22.666666666666668	link quality: 41	kalman var: 0.001 0.001 0.001	flight time: 52s	 batterySag: 0.69140625
INFO: 2021-10-09 18:40:04 printStatus(175) -- Drogno_3: ready		battery 3.79	pos -0.15 -0.12 0.00	yaw: 5.46	msg/s 22.0	link quality: 41	kalman var: 0.0 0.0 0.0	flight time: 52s	 batterySag: 0.69140625
INFO: 2021-10-09 18:40:06 printStatus(175) -- Drogno_3: ready		battery 3.79	pos -0.15 -0.12 0.00	yaw: 5.46	msg/s 22.666666666666668	link quality: 41	kalman var: 0.0 0.0 0.0	flight time: 52s	 batterySag: 0.69140625
INFO: 2021-10-09 18:40:07 printStatus(175) -- Drogno_3: ready		battery 3.79	pos -0.15 -0.12 0.00	yaw: 5.43	msg/s 22.666666666666668	link quality: 41	kalman var: 0.0 0.0 0.0	flight time: 52s	 batterySag: 0.69140625
INFO: 2021-10-09 18:40:09 printStatus(175) -- Drogno_3: ready		battery 3.79	pos -0.15 -0.12 0.00	yaw: 5.33	msg/s 22.0	link quality: 41	kalman var: 0.0 0.0 0.0	flight time: 52s	 batterySag: 0.69140625
INFO: 2021-10-09 18:40:10 printStatus(175) -- Drogno_3: ready		battery 3.79	pos -0.15 -0.12 0.00	yaw: 5.46	msg/s 22.666666666666668	link quality: 41	kalman var: 0.0 0.0 0.0	flight time: 52s	 batterySag: 0.69140625
INFO: 2021-10-09 18:40:12 printStatus(175) -- Drogno_3: ready		battery 3.79	pos -0.15 -0.12 0.00	yaw: 5.41	msg/s 22.0	link quality: 41	kalman var: 0.001 0.001 0.001	flight time: 52s	 batterySag: 0.69140625
INFO: 2021-10-09 18:40:13 printStatus(175) -- Drogno_3: ready		battery 3.79	pos -0.15 -0.12 0.00	yaw: 5.39	msg/s 22.0	link quality: 42	kalman var: 0.0 0.0 0.0	flight time: 52s	 batterySag: 0.69140625
INFO: 2021-10-09 18:40:15 printStatus(175) -- Drogno_3: ready		battery 3.79	pos -0.15 -0.12 0.00	yaw: 5.46	msg/s 22.666666666666668	link quality: 42	kalman var: 0.0 0.0 0.0	flight time: 52s	 batterySag: 0.69140625
INFO: 2021-10-09 18:40:16 printStatus(175) -- Drogno_3: ready		battery 3.79	pos -0.15 -0.12 0.00	yaw: 5.39	msg/s 22.0	link quality: 40	kalman var: 0.0 0.0 0.0	flight time: 52s	 batterySag: 0.69140625
INFO: 2021-10-09 18:40:18 printStatus(175) -- Drogno_3: ready		battery 3.79	pos -0.15 -0.12 0.00	yaw: 5.40	msg/s 22.666666666666668	link quality: 42	kalman var: 0.0 0.0 0.0	flight time: 52s	 batterySag: 0.69140625
INFO: 2021-10-09 18:40:19 printStatus(175) -- Drogno_3: ready		battery 3.8	pos -0.15 -0.12 0.00	yaw: 5.47	msg/s 22.666666666666668	link quality: 41	kalman var: 0.0 0.0 0.0	flight time: 52s	 batterySag: 0.69140625
INFO: 2021-10-09 18:40:21 printStatus(175) -- Drogno_3: ready		battery 3.8	pos -0.15 -0.12 0.00	yaw: 5.41	msg/s 22.666666666666668	link quality: 40	kalman var: 0.0 0.0 0.0	flight time: 52s	 batterySag: 0.69140625
INFO: 2021-10-09 18:40:22 printStatus(175) -- Drogno_3: ready		battery 3.8	pos -0.15 -0.12 0.00	yaw: 5.46	msg/s 22.666666666666668	link quality: 41	kalman var: 0.0 0.0 0.0	flight time: 52s	 batterySag: 0.69140625
INFO: 2021-10-09 18:40:24 printStatus(175) -- Drogno_3: ready		battery 3.8	pos -0.15 -0.12 0.00	yaw: 5.45	msg/s 22.666666666666668	link quality: 41	kalman var: 0.0 0.0 0.0	flight time: 52s	 batterySag: 0.69140625
INFO: 2021-10-09 18:40:25 printStatus(175) -- Drogno_3: ready		battery 3.8	pos -0.15 -0.12 0.00	yaw: 5.39	msg/s 22.0	link quality: 41	kalman var: 0.0 0.0 0.0	flight time: 52s	 batterySag: 0.69140625
INFO: 2021-10-09 18:40:27 printStatus(175) -- Drogno_3: ready		battery 3.8	pos -0.15 -0.12 0.00	yaw: 5.39	msg/s 22.666666666666668	link quality: 41	kalman var: 0.0 0.0 0.0	flight time: 52s	 batterySag: 0.69140625
INFO: 2021-10-09 18:40:29 printStatus(175) -- Drogno_3: ready		battery 3.8	pos -0.15 -0.12 0.00	yaw: 5.40	msg/s 22.0	link quality: 41	kalman var: 0.0 0.0 0.0	flight time: 52s	 batterySag: 0.69140625
INFO: 2021-10-09 18:40:30 printStatus(175) -- Drogno_3: ready		battery 3.8	pos -0.15 -0.12 0.00	yaw: 5.44	msg/s 22.0	link quality: 41	kalman var: 0.0 0.0 0.0	flight time: 52s	 batterySag: 0.69140625
INFO: 2021-10-09 18:40:32 printStatus(175) -- Drogno_3: ready		battery 3.8	pos -0.15 -0.12 0.00	yaw: 5.52	msg/s 22.666666666666668	link quality: 41	kalman var: 0.0 0.0 0.0	flight time: 52s	 batterySag: 0.69140625
INFO: 2021-10-09 18:40:33 printStatus(175) -- Drogno_3: ready		battery 3.8	pos -0.15 -0.12 0.00	yaw: 5.51	msg/s 23.333333333333332	link quality: 41	kalman var: 0.0 0.0 0.0	flight time: 52s	 batterySag: 0.69140625
INFO: 2021-10-09 18:40:35 printStatus(175) -- Drogno_3: ready		battery 3.81	pos -0.15 -0.12 0.00	yaw: 5.35	msg/s 22.666666666666668	link quality: 41	kalman var: 0.0 0.0 0.0	flight time: 52s	 batterySag: 0.69140625
INFO: 2021-10-09 18:40:36 printStatus(175) -- Drogno_3: ready		battery 3.81	pos -0.15 -0.12 0.00	yaw: 5.42	msg/s 22.666666666666668	link quality: 41	kalman var: 0.0 0.0 0.0	flight time: 52s	 batterySag: 0.69140625
INFO: 2021-10-09 18:40:38 printStatus(175) -- Drogno_3: ready		battery 3.81	pos -0.15 -0.12 0.00	yaw: 5.36	msg/s 22.666666666666668	link quality: 41	kalman var: 0.0 0.0 0.0	flight time: 52s	 batterySag: 0.69140625
INFO: 2021-10-09 18:40:39 printStatus(175) -- Drogno_3: ready		battery 3.81	pos -0.15 -0.12 0.00	yaw: 5.39	msg/s 22.666666666666668	link quality: 41	kalman var: 0.0 0.0 0.0	flight time: 52s	 batterySag: 0.69140625
INFO: 2021-10-09 18:40:41 printStatus(175) -- Drogno_3: ready		battery 3.81	pos -0.15 -0.12 0.00	yaw: 5.36	msg/s 22.666666666666668	link quality: 41	kalman var: 0.0 0.0 0.0	flight time: 52s	 batterySag: 0.69140625
INFO: 2021-10-09 18:40:42 printStatus(175) -- Drogno_3: ready		battery 3.81	pos -0.15 -0.12 0.00	yaw: 5.43	msg/s 22.666666666666668	link quality: 40	kalman var: 0.0 0.0 0.0	flight time: 52s	 batterySag: 0.69140625
INFO: 2021-10-09 18:40:44 printStatus(175) -- Drogno_3: ready		battery 3.81	pos -0.15 -0.12 0.00	yaw: 5.34	msg/s 22.666666666666668	link quality: 40	kalman var: 0.001 0.001 0.001	flight time: 52s	 batterySag: 0.69140625
INFO: 2021-10-09 18:40:45 printStatus(175) -- Drogno_3: ready		battery 3.81	pos -0.15 -0.12 0.00	yaw: 5.39	msg/s 22.0	link quality: 41	kalman var: 0.0 0.0 0.0	flight time: 52s	 batterySag: 0.69140625
INFO: 2021-10-09 18:40:47 printStatus(175) -- Drogno_3: ready		battery 3.81	pos -0.15 -0.12 0.00	yaw: 5.42	msg/s 22.0	link quality: 40	kalman var: 0.0 0.0 0.0	flight time: 52s	 batterySag: 0.69140625
INFO: 2021-10-09 18:40:49 printStatus(175) -- Drogno_3: ready		battery 3.81	pos -0.15 -0.12 0.00	yaw: 5.37	msg/s 22.0	link quality: 43	kalman var: 0.0 0.0 0.0	flight time: 52s	 batterySag: 0.69140625
INFO: 2021-10-09 18:40:50 printStatus(175) -- Drogno_3: ready		battery 3.81	pos -0.15 -0.12 0.00	yaw: 5.35	msg/s 22.666666666666668	link quality: 48	kalman var: 0.0 0.0 0.0	flight time: 52s	 batterySag: 0.69140625
INFO: 2021-10-09 18:40:52 printStatus(175) -- Drogno_3: ready		battery 3.81	pos -0.15 -0.12 0.00	yaw: 5.43	msg/s 22.0	link quality: 38	kalman var: 0.0 0.0 0.0	flight time: 52s	 batterySag: 0.69140625
INFO: 2021-10-09 18:40:53 printStatus(175) -- Drogno_3: ready		battery 3.81	pos -0.15 -0.12 0.00	yaw: 5.38	msg/s 22.666666666666668	link quality: 40	kalman var: 0.0 0.0 0.0	flight time: 52s	 batterySag: 0.69140625
INFO: 2021-10-09 18:40:55 printStatus(175) -- Drogno_3: ready		battery 3.81	pos -0.15 -0.12 0.00	yaw: 5.38	msg/s 22.0	link quality: 39	kalman var: 0.0 0.0 0.0	flight time: 52s	 batterySag: 0.69140625
INFO: 2021-10-09 18:40:56 printStatus(175) -- Drogno_3: ready		battery 3.81	pos -0.15 -0.12 0.00	yaw: 5.37	msg/s 22.666666666666668	link quality: 46	kalman var: 0.001 0.001 0.001	flight time: 52s	 batterySag: 0.69140625
INFO: 2021-10-09 18:40:58 printStatus(175) -- Drogno_3: ready		battery 3.81	pos -0.15 -0.12 0.00	yaw: 5.46	msg/s 22.666666666666668	link quality: 41	kalman var: 0.0 0.0 0.0	flight time: 52s	 batterySag: 0.69140625
INFO: 2021-10-09 18:40:59 printStatus(175) -- Drogno_3: ready		battery 3.81	pos -0.15 -0.12 0.00	yaw: 5.36	msg/s 22.0	link quality: 49	kalman var: 0.0 0.0 0.0	flight time: 52s	 batterySag: 0.69140625
INFO: 2021-10-09 18:41:01 printStatus(175) -- Drogno_3: ready		battery 3.81	pos -0.15 -0.12 0.00	yaw: 5.34	msg/s 22.666666666666668	link quality: 37	kalman var: 0.0 0.0 0.0	flight time: 52s	 batterySag: 0.69140625
INFO: 2021-10-09 18:41:02 printStatus(175) -- Drogno_3: ready		battery 3.81	pos -0.15 -0.12 0.00	yaw: 5.36	msg/s 22.666666666666668	link quality: 41	kalman var: 0.0 0.0 0.001	flight time: 52s	 batterySag: 0.69140625
INFO: 2021-10-09 18:41:04 printStatus(175) -- Drogno_3: ready		battery 3.81	pos -0.15 -0.12 0.00	yaw: 5.46	msg/s 22.0	link quality: 42	kalman var: 0.0 0.0 0.0	flight time: 52s	 batterySag: 0.69140625
INFO: 2021-10-09 18:41:05 printStatus(175) -- Drogno_3: ready		battery 3.81	pos -0.15 -0.12 0.00	yaw: 5.46	msg/s 22.0	link quality: 41	kalman var: 0.0 0.0 0.0	flight time: 52s	 batterySag: 0.69140625
INFO: 2021-10-09 18:41:07 printStatus(175) -- Drogno_3: ready		battery 3.81	pos -0.15 -0.12 0.00	yaw: 5.43	msg/s 22.666666666666668	link quality: 42	kalman var: 0.0 0.0 0.0	flight time: 52s	 batterySag: 0.69140625
INFO: 2021-10-09 18:41:09 printStatus(175) -- Drogno_3: ready		battery 3.81	pos -0.15 -0.12 0.00	yaw: 5.44	msg/s 22.0	link quality: 41	kalman var: 0.0 0.0 0.0	flight time: 52s	 batterySag: 0.69140625
INFO: 2021-10-09 18:41:10 printStatus(175) -- Drogno_3: ready		battery 3.81	pos -0.15 -0.12 0.00	yaw: 5.37	msg/s 22.0	link quality: 40	kalman var: 0.0 0.0 0.0	flight time: 52s	 batterySag: 0.69140625
INFO: 2021-10-09 18:41:12 printStatus(175) -- Drogno_3: ready		battery 3.81	pos -0.15 -0.12 0.00	yaw: 5.39	msg/s 22.666666666666668	link quality: 41	kalman var: 0.0 0.0 0.0	flight time: 52s	 batterySag: 0.69140625
INFO: 2021-10-09 18:41:13 printStatus(175) -- Drogno_3: ready		battery 3.81	pos -0.15 -0.12 0.00	yaw: 5.43	msg/s 22.0	link quality: 41	kalman var: 0.0 0.0 0.0	flight time: 52s	 batterySag: 0.69140625
INFO: 2021-10-09 18:41:15 printStatus(175) -- Drogno_3: ready		battery 3.81	pos -0.15 -0.12 0.00	yaw: 5.49	msg/s 22.0	link quality: 41	kalman var: 0.0 0.0 0.0	flight time: 52s	 batterySag: 0.69140625
INFO: 2021-10-09 18:41:16 printStatus(175) -- Drogno_3: ready		battery 3.81	pos -0.15 -0.12 0.00	yaw: 5.42	msg/s 22.666666666666668	link quality: 41	kalman var: 0.0 0.0 0.0	flight time: 52s	 batterySag: 0.69140625
INFO: 2021-10-09 18:41:18 printStatus(175) -- Drogno_3: ready		battery 3.81	pos -0.15 -0.12 0.00	yaw: 5.47	msg/s 22.666666666666668	link quality: 41	kalman var: 0.0 0.0 0.0	flight time: 52s	 batterySag: 0.69140625
INFO: 2021-10-09 18:41:19 printStatus(175) -- Drogno_3: ready		battery 3.81	pos -0.15 -0.12 0.00	yaw: 5.40	msg/s 22.666666666666668	link quality: 39	kalman var: 0.0 0.0 0.0	flight time: 52s	 batterySag: 0.69140625
INFO: 2021-10-09 18:41:21 printStatus(175) -- Drogno_3: ready		battery 3.81	pos -0.15 -0.12 0.00	yaw: 5.38	msg/s 22.0	link quality: 47	kalman var: 0.0 0.0 0.0	flight time: 52s	 batterySag: 0.69140625
INFO: 2021-10-09 18:41:22 printStatus(175) -- Drogno_3: ready		battery 3.81	pos -0.15 -0.12 0.00	yaw: 5.38	msg/s 22.0	link quality: 39	kalman var: 0.0 0.0 0.0	flight time: 52s	 batterySag: 0.69140625
INFO: 2021-10-09 18:41:24 printStatus(175) -- Drogno_3: ready		battery 3.81	pos -0.15 -0.12 0.00	yaw: 5.48	msg/s 22.666666666666668	link quality: 41	kalman var: 0.0 0.0 0.0	flight time: 52s	 batterySag: 0.69140625
INFO: 2021-10-09 18:41:26 printStatus(175) -- Drogno_3: ready		battery 3.81	pos -0.15 -0.12 0.00	yaw: 5.33	msg/s 22.0	link quality: 41	kalman var: 0.0 0.0 0.0	flight time: 52s	 batterySag: 0.69140625
INFO: 2021-10-09 18:41:27 printStatus(175) -- Drogno_3: ready		battery 3.81	pos -0.15 -0.12 0.00	yaw: 5.39	msg/s 22.0	link quality: 41	kalman var: 0.0 0.0 0.0	flight time: 52s	 batterySag: 0.69140625
INFO: 2021-10-09 18:41:29 printStatus(175) -- Drogno_3: ready		battery 3.81	pos -0.15 -0.12 0.00	yaw: 5.36	msg/s 22.666666666666668	link quality: 41	kalman var: 0.001 0.001 0.001	flight time: 52s	 batterySag: 0.69140625
INFO: 2021-10-09 18:41:30 printStatus(175) -- Drogno_3: ready		battery 3.81	pos -0.15 -0.12 0.00	yaw: 5.40	msg/s 22.0	link quality: 41	kalman var: 0.0 0.0 0.0	flight time: 52s	 batterySag: 0.69140625
INFO: 2021-10-09 18:41:32 printStatus(175) -- Drogno_3: ready		battery 3.81	pos -0.15 -0.12 0.00	yaw: 5.37	msg/s 22.0	link quality: 41	kalman var: 0.0 0.0 0.0	flight time: 52s	 batterySag: 0.69140625
INFO: 2021-10-09 18:41:33 printStatus(175) -- Drogno_3: sconnesso		battery 3.81	pos -0.15 -0.12 0.00	yaw: 5.47	msg/s 22.0	link quality: 41	kalman var: 0.0 0.0 0.0	flight time: 52s	 batterySag: 0.69140625
