INFO: 01-08-2022 17:01:15 __init__(126) -- This is dronelog running on Drogno_3
INFO: 01-08-2022 17:01:16 printStatus(162) -- Started
INFO: 01-08-2022 17:01:19 printStatus(167) -- Drogno_3: landed	battery: n.p.	kalman var: 0 0 0	 batterySag: 0	link quality: 0	flight time: 0s	pos 0.00 0.00 0.00	yaw: 0.00	msg/s 0.0
INFO: 01-08-2022 17:01:20 printStatus(167) -- Drogno_3: ready	battery: 3.83	kalman var: 0.001 0.001 0.001	 batterySag: 0.676	link quality: 50	flight time: 0s	pos 0.00 -0.00 -0.00	yaw: -2.89	msg/s 0.0
INFO: 01-08-2022 17:01:21 printStatus(167) -- Drogno_3: ready	battery: 3.83	kalman var: 0.0 0.0 0.0	 batterySag: 0.676	link quality: 51	flight time: 0s	pos -0.00 -0.00 -0.00	yaw: -3.55	msg/s 0.0
INFO: 01-08-2022 17:01:22 printStatus(167) -- Drogno_3: ready	battery: 3.83	kalman var: 0.0 0.0 0.0	 batterySag: 0.676	link quality: 50	flight time: 0s	pos 0.00 -0.00 -0.00	yaw: -3.64	msg/s 0.0
INFO: 01-08-2022 17:01:23 printStatus(167) -- Drogno_3: ready	battery: 3.83	kalman var: 0.001 0.001 0.001	 batterySag: 0.676	link quality: 46	flight time: 0s	pos 0.00 -0.00 -0.00	yaw: -3.60	msg/s 0.0
INFO: 01-08-2022 17:01:24 printStatus(167) -- Drogno_3: ready	battery: 3.83	kalman var: 0.0 0.0 0.0	 batterySag: 0.676	link quality: 56	flight time: 0s	pos 0.00 -0.00 -0.00	yaw: -3.68	msg/s 0.0
INFO: 01-08-2022 17:01:25 printStatus(167) -- Drogno_3: ready	battery: 3.83	kalman var: 0.0 0.0 0.0	 batterySag: 0.676	link quality: 49	flight time: 0s	pos 0.00 -0.00 -0.00	yaw: -3.63	msg/s 0.0
INFO: 01-08-2022 17:01:27 printStatus(167) -- Drogno_3: hovering	battery: 3.83	kalman var: 0.0 0.0 0.0	 batterySag: 0.676	link quality: 53	flight time: 0s	pos 0.00 -0.00 -0.00	yaw: -3.66	msg/s 0.0
WARNING: 01-08-2022 17:01:28 evaluateBattery(752) -- battery under 3.50v
INFO: 01-08-2022 17:01:28 printStatus(167) -- Drogno_3: ready	battery: 3.46	kalman var: 0.0 0.0 0.0	 batterySag: 0.676	link quality: 39	flight time: 0s	pos 0.00 -0.02 0.08	yaw: -3.18	msg/s 0.0
WARNING: 01-08-2022 17:01:28 evaluateBattery(752) -- battery under 3.50v
INFO: 01-08-2022 17:01:29 printStatus(167) -- Drogno_3: ready	battery: 3.51	kalman var: 0.0 0.0 0.0	 batterySag: 0.676	link quality: 45	flight time: 1s	pos -0.00 -0.00 0.71	yaw: -1.04	msg/s 0.0
WARNING: 01-08-2022 17:01:29 evaluateBattery(752) -- battery under 3.50v
WARNING: 01-08-2022 17:01:30 evaluateBattery(752) -- battery under 3.50v
INFO: 01-08-2022 17:01:30 printStatus(167) -- Drogno_3: ready	battery: 3.47	kalman var: 0.0 0.0 0.0	 batterySag: 0.676	link quality: 36	flight time: 2s	pos -0.01 0.01 0.86	yaw: -1.17	msg/s 0.0
WARNING: 01-08-2022 17:01:30 evaluateBattery(752) -- battery under 3.50v
WARNING: 01-08-2022 17:01:31 evaluateBattery(752) -- battery under 3.50v
INFO: 01-08-2022 17:01:31 printStatus(167) -- Drogno_3: ready	battery: 3.46	kalman var: 0.0 0.0 0.0	 batterySag: 0.676	link quality: 36	flight time: 3s	pos 0.01 0.00 0.87	yaw: 0.73	msg/s 0.0
WARNING: 01-08-2022 17:01:31 evaluateBattery(752) -- battery under 3.50v
WARNING: 01-08-2022 17:01:32 evaluateBattery(752) -- battery under 3.50v
WARNING: 01-08-2022 17:01:32 evaluateBattery(752) -- battery under 3.50v
INFO: 01-08-2022 17:01:32 printStatus(167) -- Drogno_3: ready	battery: 3.45	kalman var: 0.0 0.0 0.0	 batterySag: 0.676	link quality: 35	flight time: 4s	pos -0.01 0.02 0.86	yaw: 0.29	msg/s 0.0
WARNING: 01-08-2022 17:01:33 evaluateBattery(752) -- battery under 3.50v
WARNING: 01-08-2022 17:01:33 evaluateBattery(752) -- battery under 3.50v
INFO: 01-08-2022 17:01:33 printStatus(167) -- Drogno_3: ready	battery: 3.45	kalman var: 0.0 0.0 0.0	 batterySag: 0.676	link quality: 37	flight time: 5s	pos -0.02 0.01 0.85	yaw: -1.67	msg/s 0.0
WARNING: 01-08-2022 17:01:34 evaluateBattery(752) -- battery under 3.50v
WARNING: 01-08-2022 17:01:34 evaluateBattery(752) -- battery under 3.50v
INFO: 01-08-2022 17:01:34 printStatus(167) -- Drogno_3: ready	battery: 3.44	kalman var: 0.0 0.0 0.001	 batterySag: 0.676	link quality: 36	flight time: 6s	pos 0.01 -0.02 0.48	yaw: 2.10	msg/s 0.0
WARNING: 01-08-2022 17:01:35 evaluateBattery(752) -- battery under 3.50v
WARNING: 01-08-2022 17:01:35 evaluateBattery(752) -- battery under 3.50v
INFO: 01-08-2022 17:01:35 printStatus(167) -- Drogno_3: ready	battery: 3.75	kalman var: 0.0 0.0 0.0	 batterySag: 0.676	link quality: 44	flight time: 7s	pos -0.03 -0.04 -0.00	yaw: 4.71	msg/s 0.0
INFO: 01-08-2022 17:01:37 printStatus(167) -- Drogno_3: ready	battery: 3.77	kalman var: 0.0 0.0 0.0	 batterySag: 0.676	link quality: 43	flight time: 8s	pos -0.04 -0.05 -0.00	yaw: 4.91	msg/s 0.0
INFO: 01-08-2022 17:01:38 printStatus(167) -- Drogno_3: ready	battery: 3.78	kalman var: 0.0 0.0 0.0	 batterySag: 0.676	link quality: 46	flight time: 8s	pos -0.04 -0.04 -0.00	yaw: 4.98	msg/s 0.0
INFO: 01-08-2022 17:01:39 printStatus(167) -- Drogno_3: ready	battery: 3.79	kalman var: 0.0 0.0 0.0	 batterySag: 0.676	link quality: 50	flight time: 8s	pos -0.04 -0.04 -0.00	yaw: 4.98	msg/s 0.0
INFO: 01-08-2022 17:01:40 printStatus(167) -- Drogno_3: ready	battery: 3.79	kalman var: 0.0 0.0 0.0	 batterySag: 0.676	link quality: 44	flight time: 8s	pos -0.04 -0.04 -0.00	yaw: 4.94	msg/s 0.0
INFO: 01-08-2022 17:01:41 printStatus(167) -- Drogno_3: ready	battery: 3.79	kalman var: 0.0 0.0 0.0	 batterySag: 0.676	link quality: 44	flight time: 8s	pos -0.04 -0.04 -0.00	yaw: 4.95	msg/s 0.0
INFO: 01-08-2022 17:01:42 printStatus(167) -- Drogno_3: ready	battery: 3.79	kalman var: 0.0 0.0 0.001	 batterySag: 0.676	link quality: 40	flight time: 8s	pos -0.04 -0.04 -0.00	yaw: 4.92	msg/s 0.0
INFO: 01-08-2022 17:01:43 printStatus(167) -- Drogno_3: ready	battery: 3.8	kalman var: 0.001 0.001 0.001	 batterySag: 0.676	link quality: 43	flight time: 8s	pos -0.04 -0.04 -0.00	yaw: 4.86	msg/s 0.0
INFO: 01-08-2022 17:01:44 printStatus(167) -- Drogno_3: ready	battery: 3.8	kalman var: 0.001 0.001 0.001	 batterySag: 0.676	link quality: 42	flight time: 8s	pos -0.03 -0.04 -0.00	yaw: 4.75	msg/s 0.0
INFO: 01-08-2022 17:01:45 printStatus(167) -- Drogno_3: ready	battery: 3.81	kalman var: 0.001 0.001 0.001	 batterySag: 0.676	link quality: 41	flight time: 8s	pos -0.04 -0.04 -0.00	yaw: 4.78	msg/s 0.0
INFO: 01-08-2022 17:01:46 printStatus(167) -- Drogno_3: ready	battery: 3.81	kalman var: 0.0 0.0 0.0	 batterySag: 0.676	link quality: 42	flight time: 8s	pos -0.04 -0.04 -0.00	yaw: 4.95	msg/s 0.0
INFO: 01-08-2022 17:01:48 printStatus(167) -- Drogno_3: ready	battery: 3.81	kalman var: 0.0 0.0 0.0	 batterySag: 0.676	link quality: 42	flight time: 8s	pos -0.04 -0.04 -0.00	yaw: 4.97	msg/s 0.0
INFO: 01-08-2022 17:01:49 printStatus(167) -- Drogno_3: ready	battery: 3.81	kalman var: 0.0 0.0 0.0	 batterySag: 0.676	link quality: 42	flight time: 8s	pos -0.04 -0.04 -0.00	yaw: 4.93	msg/s 0.0
INFO: 01-08-2022 17:01:50 printStatus(167) -- Drogno_3: ready	battery: 3.81	kalman var: 0.0 0.0 0.0	 batterySag: 0.676	link quality: 42	flight time: 8s	pos -0.04 -0.04 -0.00	yaw: 4.95	msg/s 0.0
INFO: 01-08-2022 17:01:51 printStatus(167) -- Drogno_3: ready	battery: 3.81	kalman var: 0.0 0.0 0.0	 batterySag: 0.676	link quality: 42	flight time: 8s	pos -0.04 -0.04 -0.00	yaw: 4.90	msg/s 0.0
INFO: 01-08-2022 17:01:52 printStatus(167) -- Drogno_3: ready	battery: 3.81	kalman var: 0.001 0.001 0.001	 batterySag: 0.676	link quality: 43	flight time: 8s	pos -0.03 -0.04 -0.00	yaw: 4.91	msg/s 0.0
INFO: 01-08-2022 17:01:53 printStatus(167) -- Drogno_3: ready	battery: 3.81	kalman var: 0.0 0.0 0.0	 batterySag: 0.676	link quality: 42	flight time: 8s	pos -0.04 -0.04 -0.00	yaw: 4.87	msg/s 0.0
INFO: 01-08-2022 17:01:54 printStatus(167) -- Drogno_3: ready	battery: 3.81	kalman var: 0.001 0.001 0.001	 batterySag: 0.676	link quality: 46	flight time: 8s	pos -0.04 -0.04 -0.00	yaw: 4.85	msg/s 0.0
INFO: 01-08-2022 17:01:55 printStatus(167) -- Drogno_3: ready	battery: 3.81	kalman var: 0.0 0.0 0.001	 batterySag: 0.676	link quality: 44	flight time: 8s	pos -0.04 -0.04 -0.00	yaw: 4.91	msg/s 0.0
INFO: 01-08-2022 17:01:56 printStatus(167) -- Drogno_3: ready	battery: 3.81	kalman var: 0.0 0.0 0.0	 batterySag: 0.676	link quality: 42	flight time: 8s	pos -0.04 -0.04 -0.00	yaw: 4.96	msg/s 0.0
INFO: 01-08-2022 17:01:58 printStatus(167) -- Drogno_3: ready	battery: 3.81	kalman var: 0.0 0.0 0.0	 batterySag: 0.676	link quality: 42	flight time: 8s	pos -0.04 -0.04 -0.00	yaw: 4.98	msg/s 0.0
INFO: 01-08-2022 17:01:59 printStatus(167) -- Drogno_3: ready	battery: 3.81	kalman var: 0.0 0.0 0.0	 batterySag: 0.676	link quality: 42	flight time: 8s	pos -0.04 -0.04 -0.00	yaw: 4.89	msg/s 0.0
INFO: 01-08-2022 17:02:00 printStatus(167) -- Drogno_3: ready	battery: 3.81	kalman var: 0.0 0.0 0.0	 batterySag: 0.676	link quality: 42	flight time: 8s	pos -0.04 -0.04 -0.00	yaw: 4.92	msg/s 0.0
INFO: 01-08-2022 17:02:01 printStatus(167) -- Drogno_3: ready	battery: 3.81	kalman var: 0.0 0.0 0.0	 batterySag: 0.676	link quality: 42	flight time: 8s	pos -0.04 -0.04 -0.00	yaw: 4.90	msg/s 0.0
INFO: 01-08-2022 17:02:02 printStatus(167) -- Drogno_3: ready	battery: 3.81	kalman var: 0.0 0.0 0.0	 batterySag: 0.676	link quality: 42	flight time: 8s	pos -0.04 -0.04 -0.00	yaw: 4.96	msg/s 0.0
INFO: 01-08-2022 17:02:03 printStatus(167) -- Drogno_3: ready	battery: 3.81	kalman var: 0.0 0.0 0.0	 batterySag: 0.676	link quality: 42	flight time: 8s	pos -0.04 -0.04 -0.00	yaw: 4.92	msg/s 0.0
INFO: 01-08-2022 17:02:04 printStatus(167) -- Drogno_3: ready	battery: 3.81	kalman var: 0.001 0.001 0.001	 batterySag: 0.676	link quality: 42	flight time: 8s	pos -0.04 -0.04 -0.00	yaw: 4.85	msg/s 0.0
INFO: 01-08-2022 17:02:05 printStatus(167) -- Drogno_3: ready	battery: 3.81	kalman var: 0.0 0.0 0.0	 batterySag: 0.676	link quality: 42	flight time: 8s	pos -0.04 -0.04 -0.00	yaw: 4.91	msg/s 0.0
INFO: 01-08-2022 17:02:06 printStatus(167) -- Drogno_3: ready	battery: 3.82	kalman var: 0.0 0.0 0.0	 batterySag: 0.676	link quality: 44	flight time: 8s	pos -0.04 -0.04 -0.00	yaw: 4.98	msg/s 0.0
INFO: 01-08-2022 17:02:07 printStatus(167) -- Drogno_3: ready	battery: 3.81	kalman var: 0.0 0.0 0.0	 batterySag: 0.676	link quality: 46	flight time: 8s	pos -0.04 -0.04 -0.00	yaw: 4.91	msg/s 0.0
INFO: 01-08-2022 17:02:09 printStatus(167) -- Drogno_3: ready	battery: 3.81	kalman var: 0.0 0.0 0.0	 batterySag: 0.676	link quality: 46	flight time: 8s	pos -0.04 -0.04 -0.00	yaw: 4.91	msg/s 0.0
INFO: 01-08-2022 17:02:10 printStatus(167) -- Drogno_3: ready	battery: 3.81	kalman var: 0.0 0.0 0.0	 batterySag: 0.676	link quality: 46	flight time: 8s	pos -0.04 -0.04 -0.00	yaw: 4.91	msg/s 0.0
INFO: 01-08-2022 17:02:11 printStatus(167) -- Drogno_3: ready	battery: 3.81	kalman var: 0.0 0.0 0.0	 batterySag: 0.676	link quality: 50	flight time: 8s	pos -0.04 -0.04 -0.00	yaw: 4.91	msg/s 0.0
INFO: 01-08-2022 17:02:12 printStatus(167) -- Drogno_3: ready	battery: 3.82	kalman var: 0.001 0.001 0.001	 batterySag: 0.676	link quality: 45	flight time: 8s	pos -0.04 -0.04 -0.00	yaw: 4.84	msg/s 0.0
INFO: 01-08-2022 17:02:13 printStatus(167) -- Drogno_3: ready	battery: 3.82	kalman var: 0.001 0.001 0.001	 batterySag: 0.676	link quality: 45	flight time: 8s	pos -0.04 -0.04 -0.00	yaw: 4.82	msg/s 0.0
INFO: 01-08-2022 17:02:14 printStatus(167) -- Drogno_3: ready	battery: 3.82	kalman var: 0.0 0.0 0.0	 batterySag: 0.676	link quality: 45	flight time: 8s	pos -0.04 -0.04 -0.00	yaw: 4.95	msg/s 0.0
INFO: 01-08-2022 17:02:15 printStatus(167) -- Drogno_3: ready	battery: 3.82	kalman var: 0.0 0.0 0.0	 batterySag: 0.676	link quality: 45	flight time: 8s	pos -0.04 -0.04 -0.00	yaw: 4.96	msg/s 0.0
INFO: 01-08-2022 17:02:16 printStatus(167) -- Drogno_3: ready	battery: 3.81	kalman var: 0.0 0.0 0.0	 batterySag: 0.676	link quality: 44	flight time: 8s	pos -0.04 -0.04 -0.00	yaw: 4.96	msg/s 0.0
INFO: 01-08-2022 17:02:17 printStatus(167) -- Drogno_3: ready	battery: 3.82	kalman var: 0.0 0.0 0.0	 batterySag: 0.676	link quality: 45	flight time: 8s	pos -0.04 -0.04 -0.00	yaw: 4.89	msg/s 0.0
INFO: 01-08-2022 17:02:19 printStatus(167) -- Drogno_3: ready	battery: 3.82	kalman var: 0.0 0.0 0.0	 batterySag: 0.676	link quality: 45	flight time: 8s	pos -0.04 -0.04 -0.00	yaw: 4.95	msg/s 0.0
INFO: 01-08-2022 17:02:20 printStatus(167) -- Drogno_3: ready	battery: 3.82	kalman var: 0.0 0.0 0.0	 batterySag: 0.676	link quality: 46	flight time: 8s	pos -0.04 -0.04 -0.00	yaw: 4.93	msg/s 0.0
INFO: 01-08-2022 17:02:21 printStatus(167) -- Drogno_3: ready	battery: 3.81	kalman var: 0.0 0.0 0.0	 batterySag: 0.676	link quality: 45	flight time: 8s	pos -0.04 -0.04 -0.00	yaw: 4.94	msg/s 0.0
INFO: 01-08-2022 17:02:22 printStatus(167) -- Drogno_3: ready	battery: 3.82	kalman var: 0.0 0.0 0.0	 batterySag: 0.676	link quality: 45	flight time: 8s	pos -0.04 -0.04 -0.00	yaw: 4.90	msg/s 0.0
INFO: 01-08-2022 17:02:23 printStatus(167) -- Drogno_3: ready	battery: 3.82	kalman var: 0.0 0.0 0.0	 batterySag: 0.676	link quality: 45	flight time: 8s	pos -0.04 -0.04 -0.00	yaw: 4.90	msg/s 0.0
INFO: 01-08-2022 17:02:24 printStatus(167) -- Drogno_3: ready	battery: 3.82	kalman var: 0.0 0.0 0.0	 batterySag: 0.676	link quality: 45	flight time: 8s	pos -0.04 -0.04 -0.00	yaw: 4.91	msg/s 0.0
INFO: 01-08-2022 17:02:25 printStatus(167) -- Drogno_3: ready	battery: 3.82	kalman var: 0.0 0.0 0.0	 batterySag: 0.676	link quality: 45	flight time: 8s	pos -0.04 -0.04 -0.00	yaw: 4.99	msg/s 0.0
INFO: 01-08-2022 17:02:26 printStatus(167) -- Drogno_3: ready	battery: 3.81	kalman var: 0.0 0.0 0.0	 batterySag: 0.676	link quality: 45	flight time: 8s	pos -0.04 -0.04 -0.00	yaw: 4.95	msg/s 0.0
INFO: 01-08-2022 17:02:27 printStatus(167) -- Drogno_3: ready	battery: 3.82	kalman var: 0.0 0.0 0.0	 batterySag: 0.676	link quality: 45	flight time: 8s	pos -0.04 -0.04 -0.00	yaw: 4.94	msg/s 0.0
WARNING: 01-08-2022 17:02:28 exit(805) -- closing Drogno_3
