INFO: 14-07-2022 19:19:46 __init__(129) -- This is dronelog running on Drogno_0
INFO: 14-07-2022 19:19:46 printStatus(165) -- Started
INFO: 14-07-2022 19:19:47 printStatus(168) -- Drogno_0: connecting	battery: n.p.	kalman var: 0 0 0	 batterySag: 0	link quality: 0	flight time: 0s	pos 0.00 0.00 0.00	yaw: 0.00	msg/s 0.0
INFO: 14-07-2022 19:19:48 printStatus(168) -- Drogno_0: connecting	battery: n.p.	kalman var: 0 0 0	 batterySag: 0	link quality: 0	flight time: 0s	pos 0.00 0.00 0.00	yaw: 0.00	msg/s 0.0
INFO: 14-07-2022 19:19:50 printStatus(168) -- Drogno_0: connecting	battery: n.p.	kalman var: 0 0 0	 batterySag: 0	link quality: 0	flight time: 0s	pos 0.00 0.00 0.00	yaw: 0.00	msg/s 0.0
INFO: 14-07-2022 19:19:51 printStatus(168) -- Drogno_0: connecting	battery: n.p.	kalman var: 0 0 0	 batterySag: 0	link quality: 0	flight time: 0s	pos 0.00 0.00 0.00	yaw: 0.00	msg/s 0.0
INFO: 14-07-2022 19:19:52 printStatus(168) -- Drogno_0: connecting	battery: n.p.	kalman var: 0 0 0	 batterySag: 0	link quality: 0	flight time: 0s	pos 0.00 0.00 0.00	yaw: 0.00	msg/s 0.0
INFO: 14-07-2022 19:19:53 printStatus(168) -- Drogno_0: connecting	battery: n.p.	kalman var: 0 0 0	 batterySag: 0	link quality: 0	flight time: 0s	pos 0.00 0.00 0.00	yaw: 0.00	msg/s 0.0
INFO: 14-07-2022 19:19:54 printStatus(168) -- Drogno_0: connecting	battery: n.p.	kalman var: 0 0 0	 batterySag: 0	link quality: 0	flight time: 0s	pos 0.00 0.00 0.00	yaw: 0.00	msg/s 0.0
INFO: 14-07-2022 19:19:55 printStatus(168) -- Drogno_0: connecting	battery: n.p.	kalman var: 0 0 0	 batterySag: 0	link quality: 0	flight time: 0s	pos 0.00 0.00 0.00	yaw: 0.00	msg/s 0.0
INFO: 14-07-2022 19:19:57 printStatus(168) -- Drogno_0: connecting	battery: n.p.	kalman var: 0 0 0	 batterySag: 0	link quality: 0	flight time: 0s	pos 0.00 0.00 0.00	yaw: 0.00	msg/s 0.0
INFO: 14-07-2022 19:19:58 printStatus(168) -- Drogno_0: connecting	battery: n.p.	kalman var: 0 0 0	 batterySag: 0	link quality: 0	flight time: 0s	pos 0.00 0.00 0.00	yaw: 0.00	msg/s 0.0
INFO: 14-07-2022 19:19:59 printStatus(168) -- Drogno_0: connecting	battery: n.p.	kalman var: 0 0 0	 batterySag: 0	link quality: 0	flight time: 0s	pos 0.00 0.00 0.00	yaw: 0.00	msg/s 0.0
INFO: 14-07-2022 19:20:00 printStatus(168) -- Drogno_0: connecting	battery: n.p.	kalman var: 0 0 0	 batterySag: 0	link quality: 0	flight time: 0s	pos 0.00 0.00 0.00	yaw: 0.00	msg/s 0.0
INFO: 14-07-2022 19:20:01 printStatus(168) -- Drogno_0: connecting	battery: n.p.	kalman var: 0 0 0	 batterySag: 0	link quality: 0	flight time: 0s	pos 0.00 0.00 0.00	yaw: 0.00	msg/s 0.0
INFO: 14-07-2022 19:20:03 printStatus(168) -- Drogno_0: connecting	battery: n.p.	kalman var: 0 0 0	 batterySag: 0	link quality: 0	flight time: 0s	pos 0.00 0.00 0.00	yaw: 0.00	msg/s 0.0
INFO: 14-07-2022 19:20:04 printStatus(168) -- Drogno_0: connecting	battery: n.p.	kalman var: 0 0 0	 batterySag: 0	link quality: 0	flight time: 0s	pos 0.00 0.00 0.00	yaw: 0.00	msg/s 0.0
INFO: 14-07-2022 19:20:05 printStatus(168) -- Drogno_0: connecting	battery: n.p.	kalman var: 0 0 0	 batterySag: 0	link quality: 0	flight time: 0s	pos 0.00 0.00 0.00	yaw: 0.00	msg/s 0.0
INFO: 14-07-2022 19:20:06 printStatus(168) -- Drogno_0: connecting	battery: n.p.	kalman var: 0 0 0	 batterySag: 0	link quality: 0	flight time: 0s	pos 0.00 0.00 0.00	yaw: 0.00	msg/s 0.0
INFO: 14-07-2022 19:20:07 printStatus(168) -- Drogno_0: connecting	battery: n.p.	kalman var: 0 0 0	 batterySag: 0	link quality: 0	flight time: 0s	pos 0.00 0.00 0.00	yaw: 0.00	msg/s 0.0
INFO: 14-07-2022 19:20:08 printStatus(168) -- Drogno_0: connecting	battery: n.p.	kalman var: 0 0 0	 batterySag: 0	link quality: 0	flight time: 0s	pos 0.00 0.00 0.00	yaw: 0.00	msg/s 0.0
INFO: 14-07-2022 19:20:10 printStatus(168) -- Drogno_0: connecting	battery: n.p.	kalman var: 0 0 0	 batterySag: 0	link quality: 0	flight time: 0s	pos 0.00 0.00 0.00	yaw: 0.00	msg/s 0.0
INFO: 14-07-2022 19:20:11 printStatus(168) -- Drogno_0: connecting	battery: n.p.	kalman var: 0 0 0	 batterySag: 0	link quality: 0	flight time: 0s	pos 0.00 0.00 0.00	yaw: 0.00	msg/s 0.0
INFO: 14-07-2022 19:20:12 printStatus(168) -- Drogno_0: connecting	battery: n.p.	kalman var: 0 0 0	 batterySag: 0	link quality: 0	flight time: 0s	pos 0.00 0.00 0.00	yaw: 0.00	msg/s 0.0
INFO: 14-07-2022 19:20:13 printStatus(168) -- Drogno_0: connecting	battery: n.p.	kalman var: 0 0 0	 batterySag: 0	link quality: 0	flight time: 0s	pos 0.00 0.00 0.00	yaw: 0.00	msg/s 0.0
INFO: 14-07-2022 19:20:14 printStatus(168) -- Drogno_0: connecting	battery: n.p.	kalman var: 0 0 0	 batterySag: 0	link quality: 0	flight time: 0s	pos 0.00 0.00 0.00	yaw: 0.00	msg/s 0.0
INFO: 14-07-2022 19:20:16 printStatus(168) -- Drogno_0: connecting	battery: n.p.	kalman var: 0 0 0	 batterySag: 0	link quality: 0	flight time: 0s	pos 0.00 0.00 0.00	yaw: 0.00	msg/s 0.0
INFO: 14-07-2022 19:20:17 printStatus(168) -- Drogno_0: ready	battery: 3.630859375	kalman var: 0.0 0.0 0.0	 batterySag: 0	link quality: 35	flight time: 0s	pos -0.01 -0.00 -0.00	yaw: 0.48	msg/s 0.0
INFO: 14-07-2022 19:20:18 printStatus(168) -- Drogno_0: ready	battery: 3.630859375	kalman var: 0.0 0.0 0.0	 batterySag: 0	link quality: 35	flight time: 0s	pos -0.01 -0.00 -0.00	yaw: 0.44	msg/s 0.0
INFO: 14-07-2022 19:20:19 printStatus(168) -- Drogno_0: ready	battery: 3.630859375	kalman var: 0.0 0.0 0.0	 batterySag: 0	link quality: 35	flight time: 0s	pos -0.01 -0.00 -0.00	yaw: 0.47	msg/s 0.0
INFO: 14-07-2022 19:20:20 printStatus(168) -- Drogno_0: ready	battery: 3.630859375	kalman var: 0.0 0.0 0.0	 batterySag: 0	link quality: 35	flight time: 0s	pos -0.01 -0.00 -0.00	yaw: 0.47	msg/s 0.0
INFO: 14-07-2022 19:20:21 printStatus(168) -- Drogno_0: ready	battery: 3.630859375	kalman var: 0.0 0.0 0.0	 batterySag: 0	link quality: 35	flight time: 0s	pos -0.09 -0.01 0.03	yaw: -4.84	msg/s 0.0
INFO: 14-07-2022 19:20:23 printStatus(168) -- Drogno_0: ready	battery: 3.630859375	kalman var: 0.0 0.0 0.0	 batterySag: 0	link quality: 35	flight time: 0s	pos -0.24 0.02 0.05	yaw: -1.44	msg/s 0.0
INFO: 14-07-2022 19:20:24 printStatus(168) -- Drogno_0: ready	battery: 3.626953125	kalman var: 0.0 0.0 0.0	 batterySag: 0	link quality: 35	flight time: 0s	pos -0.24 0.02 0.04	yaw: -1.71	msg/s 0.0
INFO: 14-07-2022 19:20:25 printStatus(168) -- Drogno_0: ready	battery: 3.630859375	kalman var: 0.0 0.0 0.0	 batterySag: 0	link quality: 35	flight time: 0s	pos -0.09 0.03 0.05	yaw: 0.34	msg/s 0.0
INFO: 14-07-2022 19:20:26 printStatus(168) -- Drogno_0: ready	battery: 3.630859375	kalman var: 0.0 0.0 0.0	 batterySag: 0	link quality: 35	flight time: 0s	pos 0.01 0.03 0.04	yaw: 3.25	msg/s 0.0
INFO: 14-07-2022 19:20:27 printStatus(168) -- Drogno_0: ready	battery: 3.630859375	kalman var: 0.0 0.0 0.0	 batterySag: 0	link quality: 35	flight time: 0s	pos 0.03 0.03 0.04	yaw: 4.23	msg/s 0.0
INFO: 14-07-2022 19:20:28 printStatus(168) -- Drogno_0: ready	battery: 3.630859375	kalman var: 0.0 0.0 0.0	 batterySag: 0	link quality: 35	flight time: 0s	pos 0.10 0.02 0.03	yaw: 3.58	msg/s 0.0
INFO: 14-07-2022 19:20:30 printStatus(168) -- Drogno_0: ready	battery: 3.630859375	kalman var: 0.0 0.0 0.0	 batterySag: 0	link quality: 35	flight time: 0s	pos 0.14 0.01 0.01	yaw: 3.50	msg/s 0.0
INFO: 14-07-2022 19:20:31 printStatus(168) -- Drogno_0: ready	battery: 3.630859375	kalman var: 0.0 0.0 0.0	 batterySag: 0	link quality: 35	flight time: 0s	pos 0.11 0.02 0.01	yaw: 3.16	msg/s 0.0
INFO: 14-07-2022 19:20:32 printStatus(168) -- Drogno_0: ready	battery: 3.626953125	kalman var: 0.0 0.0 0.0	 batterySag: 0	link quality: 35	flight time: 0s	pos -0.04 -0.07 0.07	yaw: -6.55	msg/s 0.0
INFO: 14-07-2022 19:20:33 printStatus(168) -- Drogno_0: ready	battery: 3.630859375	kalman var: 0.0 0.0 0.0	 batterySag: 0	link quality: 35	flight time: 0s	pos -0.06 0.11 0.05	yaw: 5.27	msg/s 0.0
INFO: 14-07-2022 19:20:34 printStatus(168) -- Drogno_0: ready	battery: 3.630859375	kalman var: 0.0 0.0 0.0	 batterySag: 0	link quality: 35	flight time: 0s	pos -0.05 -0.09 0.04	yaw: -5.93	msg/s 0.0
INFO: 14-07-2022 19:20:35 printStatus(168) -- Drogno_0: ready	battery: 3.630859375	kalman var: 0.0 0.0 0.0	 batterySag: 0	link quality: 35	flight time: 0s	pos -0.06 0.01 0.22	yaw: 0.16	msg/s 0.0
INFO: 14-07-2022 19:20:37 printStatus(168) -- Drogno_0: ready	battery: 3.630859375	kalman var: 0.0 0.0 0.0	 batterySag: 0	link quality: 35	flight time: 0s	pos -0.06 0.02 0.20	yaw: 0.76	msg/s 0.0
INFO: 14-07-2022 19:20:38 printStatus(168) -- Drogno_0: ready	battery: 3.630859375	kalman var: 0.0 0.0 0.0	 batterySag: 0	link quality: 35	flight time: 0s	pos -0.06 0.02 0.18	yaw: 0.35	msg/s 0.0
INFO: 14-07-2022 19:20:39 printStatus(168) -- Drogno_0: ready	battery: 3.630859375	kalman var: 0.0 0.001 0.001	 batterySag: 0	link quality: 35	flight time: 0s	pos -0.05 0.03 0.01	yaw: -1.57	msg/s 0.0
INFO: 14-07-2022 19:20:40 printStatus(168) -- Drogno_0: ready	battery: 3.630859375	kalman var: 0.0 0.0 0.0	 batterySag: 0	link quality: 35	flight time: 0s	pos -0.05 0.03 -0.00	yaw: 1.19	msg/s 0.0
INFO: 14-07-2022 19:20:41 printStatus(168) -- Drogno_0: ready	battery: 3.626953125	kalman var: 0.0 0.0 0.0	 batterySag: 0	link quality: 35	flight time: 0s	pos -0.05 0.03 -0.00	yaw: 1.30	msg/s 0.0
INFO: 14-07-2022 19:20:43 printStatus(168) -- Drogno_0: ready	battery: 3.630859375	kalman var: 0.0 0.0 0.0	 batterySag: 0	link quality: 35	flight time: 0s	pos -0.05 0.03 -0.00	yaw: 1.31	msg/s 0.0
INFO: 14-07-2022 19:20:44 printStatus(168) -- Drogno_0: ready	battery: 3.630859375	kalman var: 0.0 0.0 0.0	 batterySag: 0	link quality: 35	flight time: 0s	pos -0.08 -0.02 -0.08	yaw: 7.38	msg/s 0.0
