INFO: 14-07-2022 18:32:20 __init__(129) -- This is dronelog running on Drogno_0
INFO: 14-07-2022 18:32:20 printStatus(165) -- Started
INFO: 14-07-2022 18:32:21 printStatus(168) -- Drogno_0: connecting	battery: n.p.	kalman var: 0 0 0	 batterySag: 0	link quality: 0	flight time: 0s	pos 0.00 0.00 0.00	yaw: 0.00	msg/s 0.0
INFO: 14-07-2022 18:32:22 printStatus(168) -- Drogno_0: connecting	battery: n.p.	kalman var: 0 0 0	 batterySag: 0	link quality: 0	flight time: 0s	pos 0.00 0.00 0.00	yaw: 0.00	msg/s 0.0
INFO: 14-07-2022 18:32:24 printStatus(168) -- Drogno_0: connecting	battery: n.p.	kalman var: 0 0 0	 batterySag: 0	link quality: 0	flight time: 0s	pos 0.00 0.00 0.00	yaw: 0.00	msg/s 0.0
INFO: 14-07-2022 18:32:25 printStatus(168) -- Drogno_0: connecting	battery: n.p.	kalman var: 0 0 0	 batterySag: 0	link quality: 0	flight time: 0s	pos 0.00 0.00 0.00	yaw: 0.00	msg/s 0.0
INFO: 14-07-2022 18:32:26 printStatus(168) -- Drogno_0: connecting	battery: n.p.	kalman var: 0 0 0	 batterySag: 0	link quality: 0	flight time: 0s	pos 0.00 0.00 0.00	yaw: 0.00	msg/s 0.0
INFO: 14-07-2022 18:32:27 printStatus(168) -- Drogno_0: connecting	battery: n.p.	kalman var: 0 0 0	 batterySag: 0	link quality: 0	flight time: 0s	pos 0.00 0.00 0.00	yaw: 0.00	msg/s 0.0
INFO: 14-07-2022 18:32:28 printStatus(168) -- Drogno_0: connecting	battery: n.p.	kalman var: 0 0 0	 batterySag: 0	link quality: 0	flight time: 0s	pos 0.00 0.00 0.00	yaw: 0.00	msg/s 0.0
INFO: 14-07-2022 18:32:29 printStatus(168) -- Drogno_0: connecting	battery: n.p.	kalman var: 0 0 0	 batterySag: 0	link quality: 0	flight time: 0s	pos 0.00 0.00 0.00	yaw: 0.00	msg/s 0.0
INFO: 14-07-2022 18:32:31 printStatus(168) -- Drogno_0: connecting	battery: n.p.	kalman var: 0 0 0	 batterySag: 0	link quality: 0	flight time: 0s	pos 0.00 0.00 0.00	yaw: 0.00	msg/s 0.0
INFO: 14-07-2022 18:32:32 printStatus(168) -- Drogno_0: connecting	battery: n.p.	kalman var: 0 0 0	 batterySag: 0	link quality: 0	flight time: 0s	pos 0.00 0.00 0.00	yaw: 0.00	msg/s 0.0
INFO: 14-07-2022 18:32:33 printStatus(168) -- Drogno_0: connecting	battery: n.p.	kalman var: 0 0 0	 batterySag: 0	link quality: 0	flight time: 0s	pos 0.00 0.00 0.00	yaw: 0.00	msg/s 0.0
INFO: 14-07-2022 18:32:34 printStatus(168) -- Drogno_0: connecting	battery: n.p.	kalman var: 0 0 0	 batterySag: 0	link quality: 0	flight time: 0s	pos 0.00 0.00 0.00	yaw: 0.00	msg/s 0.0
INFO: 14-07-2022 18:32:35 printStatus(168) -- Drogno_0: connecting	battery: n.p.	kalman var: 0 0 0	 batterySag: 0	link quality: 0	flight time: 0s	pos 0.00 0.00 0.00	yaw: 0.00	msg/s 0.0
INFO: 14-07-2022 18:32:37 printStatus(168) -- Drogno_0: connecting	battery: n.p.	kalman var: 0 0 0	 batterySag: 0	link quality: 0	flight time: 0s	pos 0.00 0.00 0.00	yaw: 0.00	msg/s 0.0
INFO: 14-07-2022 18:32:38 printStatus(168) -- Drogno_0: connecting	battery: n.p.	kalman var: 0 0 0	 batterySag: 0	link quality: 0	flight time: 0s	pos 0.00 0.00 0.00	yaw: 0.00	msg/s 0.0
INFO: 14-07-2022 18:32:39 printStatus(168) -- Drogno_0: connecting	battery: n.p.	kalman var: 0 0 0	 batterySag: 0	link quality: 0	flight time: 0s	pos 0.00 0.00 0.00	yaw: 0.00	msg/s 0.0
INFO: 14-07-2022 18:32:40 printStatus(168) -- Drogno_0: connecting	battery: n.p.	kalman var: 0 0 0	 batterySag: 0	link quality: 0	flight time: 0s	pos 0.00 0.00 0.00	yaw: 0.00	msg/s 0.0
INFO: 14-07-2022 18:32:41 printStatus(168) -- Drogno_0: connecting	battery: n.p.	kalman var: 0 0 0	 batterySag: 0	link quality: 0	flight time: 0s	pos 0.00 0.00 0.00	yaw: 0.00	msg/s 0.0
INFO: 14-07-2022 18:32:42 printStatus(168) -- Drogno_0: connecting	battery: n.p.	kalman var: 0 0 0	 batterySag: 0	link quality: 0	flight time: 0s	pos 0.00 0.00 0.00	yaw: 0.00	msg/s 0.0
INFO: 14-07-2022 18:32:43 printStatus(168) -- Drogno_0: connecting	battery: n.p.	kalman var: 0 0 0	 batterySag: 0	link quality: 0	flight time: 0s	pos 0.00 0.00 0.00	yaw: 0.00	msg/s 0.0
INFO: 14-07-2022 18:32:45 printStatus(168) -- Drogno_0: connecting	battery: n.p.	kalman var: 0 0 0	 batterySag: 0	link quality: 0	flight time: 0s	pos 0.00 0.00 0.00	yaw: 0.00	msg/s 0.0
INFO: 14-07-2022 18:32:46 printStatus(168) -- Drogno_0: connecting	battery: n.p.	kalman var: 0 0 0	 batterySag: 0	link quality: 0	flight time: 0s	pos 0.00 0.00 0.00	yaw: 0.00	msg/s 0.0
INFO: 14-07-2022 18:32:47 printStatus(168) -- Drogno_0: connecting	battery: n.p.	kalman var: 0 0 0	 batterySag: 0	link quality: 0	flight time: 0s	pos 0.00 0.00 0.00	yaw: 0.00	msg/s 0.0
INFO: 14-07-2022 18:32:48 printStatus(168) -- Drogno_0: connecting	battery: n.p.	kalman var: 0 0 0	 batterySag: 0	link quality: 0	flight time: 0s	pos 0.00 0.00 0.00	yaw: 0.00	msg/s 0.0
INFO: 14-07-2022 18:32:49 printStatus(168) -- Drogno_0: connecting	battery: n.p.	kalman var: 0 0 0	 batterySag: 0	link quality: 0	flight time: 0s	pos 0.00 0.00 0.00	yaw: 0.00	msg/s 0.0
INFO: 14-07-2022 18:32:51 printStatus(168) -- Drogno_0: connecting	battery: n.p.	kalman var: 0 0 0	 batterySag: 0	link quality: 0	flight time: 0s	pos 0.00 0.00 0.00	yaw: 0.00	msg/s 0.0
INFO: 14-07-2022 18:32:52 printStatus(168) -- Drogno_0: connecting	battery: n.p.	kalman var: 0 0 0	 batterySag: 0	link quality: 0	flight time: 0s	pos 0.00 0.00 0.00	yaw: 0.00	msg/s 0.0
INFO: 14-07-2022 18:32:53 printStatus(168) -- Drogno_0: connecting	battery: 3.720703125	kalman var: 0.0 0.0 0.0	 batterySag: 0	link quality: 35	flight time: 0s	pos -0.03 0.00 -0.00	yaw: -0.68	msg/s 0.0
INFO: 14-07-2022 18:32:54 printStatus(168) -- Drogno_0: connecting	battery: 3.720703125	kalman var: 0.0 0.0 0.0	 batterySag: 0	link quality: 35	flight time: 0s	pos -0.03 0.00 -0.00	yaw: -0.72	msg/s 0.0
INFO: 14-07-2022 18:32:55 printStatus(168) -- Drogno_0: connecting	battery: 3.7265625	kalman var: 0.0 0.0 0.0	 batterySag: 0	link quality: 35	flight time: 0s	pos -0.03 0.00 -0.00	yaw: -0.72	msg/s 0.0
INFO: 14-07-2022 18:32:57 printStatus(168) -- Drogno_0: connecting	battery: 3.720703125	kalman var: 0.0 0.0 0.0	 batterySag: 0	link quality: 35	flight time: 0s	pos -0.02 -0.01 -0.01	yaw: -2.68	msg/s 0.0
INFO: 14-07-2022 18:32:58 printStatus(168) -- Drogno_0: connecting	battery: 3.720703125	kalman var: 0.0 0.001 0.0	 batterySag: 0	link quality: 35	flight time: 0s	pos -0.05 -0.04 0.19	yaw: 0.03	msg/s 0.0
INFO: 14-07-2022 18:32:59 printStatus(168) -- Drogno_0: connecting	battery: 3.720703125	kalman var: 0.0 0.001 0.0	 batterySag: 0	link quality: 35	flight time: 0s	pos -0.05 -0.01 0.25	yaw: 2.24	msg/s 0.0
INFO: 14-07-2022 18:33:00 printStatus(168) -- Drogno_0: connecting	battery: 3.720703125	kalman var: 0.0 0.0 0.0	 batterySag: 0	link quality: 39	flight time: 0s	pos -0.04 -0.02 0.12	yaw: 3.31	msg/s 0.0
INFO: 14-07-2022 18:33:01 printStatus(168) -- Drogno_0: connecting	battery: 3.720703125	kalman var: 0.0 0.0 0.0	 batterySag: 0	link quality: 35	flight time: 0s	pos -0.07 -0.02 0.01	yaw: 3.09	msg/s 0.0
INFO: 14-07-2022 18:33:02 printStatus(168) -- Drogno_0: connecting	battery: 3.720703125	kalman var: 0.002 0.003 0.001	 batterySag: 0	link quality: 35	flight time: 0s	pos -0.32 0.10 0.04	yaw: -1.54	msg/s 0.0
INFO: 14-07-2022 18:33:03 printStatus(168) -- Drogno_0: connecting	battery: 3.720703125	kalman var: 0.008 0.01 0.002	 batterySag: 0	link quality: 36	flight time: 0s	pos -0.38 0.34 0.05	yaw: -1.64	msg/s 0.0
INFO: 14-07-2022 18:33:05 printStatus(168) -- Drogno_0: connecting	battery: 3.720703125	kalman var: 0.0 0.002 0.001	 batterySag: 0	link quality: 35	flight time: 0s	pos 0.08 0.05 0.04	yaw: 6.12	msg/s 0.0
INFO: 14-07-2022 18:33:06 printStatus(168) -- Drogno_0: connecting	battery: 3.720703125	kalman var: 0.0 0.0 0.0	 batterySag: 0	link quality: 35	flight time: 0s	pos 0.22 -0.08 -0.03	yaw: 5.96	msg/s 0.0
INFO: 14-07-2022 18:33:07 printStatus(168) -- Drogno_0: connecting	battery: 3.720703125	kalman var: 0.004 0.004 0.002	 batterySag: 0	link quality: 35	flight time: 0s	pos 0.42 -0.40 -0.13	yaw: 5.07	msg/s 0.0
INFO: 14-07-2022 18:33:08 printStatus(168) -- Drogno_0: connecting	battery: 3.720703125	kalman var: 0.013 0.014 0.003	 batterySag: 0	link quality: 35	flight time: 0s	pos 0.71 -0.86 -0.20	yaw: -1.40	msg/s 0.0
INFO: 14-07-2022 18:33:09 printStatus(168) -- Drogno_0: connecting	battery: 3.720703125	kalman var: 0.001 0.001 0.001	 batterySag: 0	link quality: 37	flight time: 0s	pos 1.14 -0.70 -1.53	yaw: 7.48	msg/s 0.0
INFO: 14-07-2022 18:33:11 printStatus(168) -- Drogno_0: connecting	battery: 3.720703125	kalman var: 0.0 0.0 0.0	 batterySag: 0	link quality: 37	flight time: 0s	pos 1.87 -1.53 -2.81	yaw: 23.91	msg/s 0.0
INFO: 14-07-2022 18:33:12 printStatus(168) -- Drogno_0: connecting	battery: 3.720703125	kalman var: 0.001 0.002 0.001	 batterySag: 0	link quality: 35	flight time: 0s	pos 1.95 -3.63 -3.87	yaw: 17.28	msg/s 0.0
INFO: 14-07-2022 18:33:13 printStatus(168) -- Drogno_0: connecting	battery: 3.716796875	kalman var: 0.0 0.001 0.0	 batterySag: 0	link quality: 35	flight time: 0s	pos -0.06 -3.46 -3.17	yaw: 17.84	msg/s 0.0
INFO: 14-07-2022 18:33:14 printStatus(168) -- Drogno_0: connecting	battery: 3.720703125	kalman var: 0.001 0.004 0.001	 batterySag: 0	link quality: 35	flight time: 0s	pos -0.09 -6.19 -5.63	yaw: 12.13	msg/s 0.0
INFO: 14-07-2022 18:33:15 printStatus(168) -- Drogno_0: connecting	battery: 3.720703125	kalman var: 0.004 0.01 0.002	 batterySag: 0	link quality: 35	flight time: 0s	pos -0.18 -9.77 -8.26	yaw: 11.16	msg/s 0.0
INFO: 14-07-2022 18:33:16 printStatus(168) -- Drogno_0: connecting	battery: 3.720703125	kalman var: 0.001 0.007 0.002	 batterySag: 0	link quality: 35	flight time: 0s	pos -0.14 -14.59 -13.41	yaw: 7.78	msg/s 0.0
INFO: 14-07-2022 18:33:17 printStatus(168) -- Drogno_0: connecting	battery: 3.720703125	kalman var: 0.0 0.0 0.0	 batterySag: 0	link quality: 35	flight time: 0s	pos -0.03 -0.01 -0.00	yaw: 6.28	msg/s 0.0
INFO: 14-07-2022 18:33:19 printStatus(168) -- Drogno_0: connecting	battery: 3.720703125	kalman var: 0.0 0.0 0.0	 batterySag: 0	link quality: 35	flight time: 0s	pos -0.03 -0.02 -0.00	yaw: 6.76	msg/s 0.0
INFO: 14-07-2022 18:33:20 printStatus(168) -- Drogno_0: connecting	battery: 3.720703125	kalman var: 0.0 0.0 0.0	 batterySag: 0	link quality: 35	flight time: 0s	pos -0.03 -0.02 -0.00	yaw: 6.63	msg/s 0.0
INFO: 14-07-2022 18:33:21 printStatus(168) -- Drogno_0: connecting	battery: 3.720703125	kalman var: 0.0 0.0 0.0	 batterySag: 0	link quality: 35	flight time: 0s	pos -0.03 -0.02 -0.00	yaw: 6.86	msg/s 0.0
INFO: 14-07-2022 18:33:22 printStatus(168) -- Drogno_0: connecting	battery: 3.720703125	kalman var: 0.0 0.0 0.0	 batterySag: 0	link quality: 35	flight time: 0s	pos -0.03 -0.02 -0.00	yaw: 6.80	msg/s 0.0
INFO: 14-07-2022 18:33:23 printStatus(168) -- Drogno_0: connecting	battery: 3.720703125	kalman var: 0.0 0.0 0.0	 batterySag: 0	link quality: 35	flight time: 0s	pos -0.03 -0.02 -0.00	yaw: 6.78	msg/s 0.0
INFO: 14-07-2022 18:33:25 printStatus(168) -- Drogno_0: connecting	battery: 3.720703125	kalman var: 0.0 0.0 0.001	 batterySag: 0	link quality: 35	flight time: 0s	pos -0.03 -0.02 -0.00	yaw: 6.57	msg/s 0.0
INFO: 14-07-2022 18:33:26 printStatus(168) -- Drogno_0: connecting	battery: 3.716796875	kalman var: 0.0 0.0 0.0	 batterySag: 0	link quality: 35	flight time: 0s	pos -0.03 -0.02 -0.00	yaw: 6.82	msg/s 0.0
INFO: 14-07-2022 18:33:27 printStatus(168) -- Drogno_0: connecting	battery: 3.720703125	kalman var: 0.001 0.001 0.001	 batterySag: 0	link quality: 35	flight time: 0s	pos -0.03 -0.01 -0.00	yaw: 6.48	msg/s 0.0
INFO: 14-07-2022 18:33:28 printStatus(168) -- Drogno_0: connecting	battery: 3.716796875	kalman var: 0.0 0.0 0.0	 batterySag: 0	link quality: 35	flight time: 0s	pos -0.03 -0.02 -0.00	yaw: 6.68	msg/s 0.0
INFO: 14-07-2022 18:33:29 printStatus(168) -- Drogno_0: connecting	battery: 3.716796875	kalman var: 0.0 0.0 0.0	 batterySag: 0	link quality: 35	flight time: 0s	pos -0.09 0.00 0.17	yaw: 2.18	msg/s 0.0
INFO: 14-07-2022 18:33:31 printStatus(168) -- Drogno_0: connecting	battery: 3.720703125	kalman var: 0.001 0.001 0.001	 batterySag: 0	link quality: 35	flight time: 0s	pos -0.04 0.03 0.15	yaw: 4.28	msg/s 0.0
INFO: 14-07-2022 18:33:32 printStatus(168) -- Drogno_0: connecting	battery: 3.720703125	kalman var: 0.001 0.001 0.001	 batterySag: 0	link quality: 35	flight time: 0s	pos -0.28 0.04 0.23	yaw: 0.68	msg/s 0.0
INFO: 14-07-2022 18:33:33 printStatus(168) -- Drogno_0: connecting	battery: 3.720703125	kalman var: 0.0 0.0 0.0	 batterySag: 0	link quality: 35	flight time: 0s	pos -0.31 0.02 0.26	yaw: 4.72	msg/s 0.0
INFO: 14-07-2022 18:33:34 printStatus(168) -- Drogno_0: connecting	battery: 3.720703125	kalman var: 0.002 0.002 0.001	 batterySag: 0	link quality: 35	flight time: 0s	pos -0.30 0.00 0.25	yaw: 2.17	msg/s 0.0
INFO: 14-07-2022 18:33:35 printStatus(168) -- Drogno_0: connecting	battery: 3.720703125	kalman var: 0.0 0.0 0.0	 batterySag: 0	link quality: 35	flight time: 0s	pos -0.03 -0.05 0.21	yaw: 5.68	msg/s 0.0
INFO: 14-07-2022 18:33:36 printStatus(168) -- Drogno_0: connecting	battery: 3.720703125	kalman var: 0.0 0.0 0.0	 batterySag: 0	link quality: 42	flight time: 0s	pos 0.13 0.01 0.16	yaw: 6.07	msg/s 0.0
INFO: 14-07-2022 18:33:38 printStatus(168) -- Drogno_0: connecting	battery: 3.720703125	kalman var: 0.0 0.0 0.0	 batterySag: 0	link quality: 40	flight time: 0s	pos 0.11 -0.01 0.16	yaw: 1.87	msg/s 0.0
INFO: 14-07-2022 18:33:39 printStatus(168) -- Drogno_0: connecting	battery: 3.720703125	kalman var: 0.0 0.0 0.0	 batterySag: 0	link quality: 37	flight time: 0s	pos 0.09 -0.09 0.17	yaw: 0.84	msg/s 0.0
INFO: 14-07-2022 18:33:40 printStatus(168) -- Drogno_0: connecting	battery: 3.720703125	kalman var: 0.0 0.0 0.0	 batterySag: 0	link quality: 36	flight time: 0s	pos 0.05 -0.19 0.17	yaw: 3.32	msg/s 0.0
INFO: 14-07-2022 18:33:41 printStatus(168) -- Drogno_0: connecting	battery: 3.720703125	kalman var: 0.0 0.0 0.0	 batterySag: 0	link quality: 46	flight time: 0s	pos 0.06 0.11 0.15	yaw: 8.68	msg/s 0.0
INFO: 14-07-2022 18:33:42 printStatus(168) -- Drogno_0: connecting	battery: 3.716796875	kalman var: 0.0 0.0 0.0	 batterySag: 0	link quality: 39	flight time: 0s	pos 0.06 0.21 0.15	yaw: 11.02	msg/s 0.0
INFO: 14-07-2022 18:33:44 printStatus(168) -- Drogno_0: connecting	battery: 3.720703125	kalman var: 0.0 0.0 0.0	 batterySag: 0	link quality: 38	flight time: 0s	pos 0.05 0.17 0.15	yaw: 10.34	msg/s 0.0
INFO: 14-07-2022 18:33:45 printStatus(168) -- Drogno_0: connecting	battery: 3.720703125	kalman var: 0.0 0.0 0.0	 batterySag: 0	link quality: 35	flight time: 0s	pos -0.03 0.02 0.05	yaw: -2.55	msg/s 0.0
INFO: 14-07-2022 18:33:46 printStatus(168) -- Drogno_0: connecting	battery: 3.720703125	kalman var: 0.001 0.001 0.001	 batterySag: 0	link quality: 35	flight time: 0s	pos -0.06 -0.04 -0.01	yaw: 2.17	msg/s 0.0
INFO: 14-07-2022 18:33:47 printStatus(168) -- Drogno_0: connecting	battery: 3.720703125	kalman var: 0.0 0.0 0.0	 batterySag: 0	link quality: 35	flight time: 0s	pos -0.02 -0.03 -0.00	yaw: 1.46	msg/s 0.0
INFO: 14-07-2022 18:33:48 printStatus(168) -- Drogno_0: connecting	battery: 3.716796875	kalman var: 0.0 0.001 0.0	 batterySag: 0	link quality: 35	flight time: 0s	pos -0.04 -0.24 -0.07	yaw: -13.74	msg/s 0.0
INFO: 14-07-2022 18:33:49 printStatus(168) -- Drogno_0: connecting	battery: 3.720703125	kalman var: 0.0 0.0 0.0	 batterySag: 0	link quality: 35	flight time: 0s	pos -0.02 -0.03 -0.00	yaw: -0.26	msg/s 0.0
INFO: 14-07-2022 18:33:51 printStatus(168) -- Drogno_0: connecting	battery: 3.720703125	kalman var: 0.0 0.0 0.0	 batterySag: 0	link quality: 35	flight time: 0s	pos -0.02 -0.03 -0.00	yaw: 1.04	msg/s 0.0
INFO: 14-07-2022 18:33:52 printStatus(168) -- Drogno_0: connecting	battery: 3.716796875	kalman var: 0.0 0.0 0.0	 batterySag: 0	link quality: 35	flight time: 0s	pos -0.02 -0.03 -0.00	yaw: 1.21	msg/s 0.0
INFO: 14-07-2022 18:33:53 printStatus(168) -- Drogno_0: connecting	battery: 3.720703125	kalman var: 0.0 0.0 0.0	 batterySag: 0	link quality: 35	flight time: 0s	pos -0.02 -0.03 -0.00	yaw: 1.24	msg/s 0.0
