INFO: 15-07-2022 12:05:11 __init__(129) -- This is dronelog running on Drogno_0
INFO: 15-07-2022 12:05:11 printStatus(165) -- Started
INFO: 15-07-2022 12:05:12 printStatus(168) -- Drogno_0: connecting	battery: n.p.	kalman var: 0 0 0	 batterySag: 0	link quality: 0	flight time: 0s	pos 0.00 0.00 0.00	yaw: 0.00	msg/s 0.0
INFO: 15-07-2022 12:05:13 printStatus(168) -- Drogno_0: connecting	battery: n.p.	kalman var: 0 0 0	 batterySag: 0	link quality: 0	flight time: 0s	pos 0.00 0.00 0.00	yaw: 0.00	msg/s 0.0
INFO: 15-07-2022 12:05:14 printStatus(168) -- Drogno_0: connecting	battery: n.p.	kalman var: 0 0 0	 batterySag: 0	link quality: 0	flight time: 0s	pos 0.00 0.00 0.00	yaw: 0.00	msg/s 0.0
INFO: 15-07-2022 12:05:15 printStatus(168) -- Drogno_0: connecting	battery: n.p.	kalman var: 0 0 0	 batterySag: 0	link quality: 0	flight time: 0s	pos 0.00 0.00 0.00	yaw: 0.00	msg/s 0.0
INFO: 15-07-2022 12:05:17 printStatus(168) -- Drogno_0: connecting	battery: n.p.	kalman var: 0 0 0	 batterySag: 0	link quality: 0	flight time: 0s	pos 0.00 0.00 0.00	yaw: 0.00	msg/s 0.0
INFO: 15-07-2022 12:05:18 printStatus(168) -- Drogno_0: connecting	battery: n.p.	kalman var: 0 0 0	 batterySag: 0	link quality: 0	flight time: 0s	pos 0.00 0.00 0.00	yaw: 0.00	msg/s 0.0
INFO: 15-07-2022 12:05:19 printStatus(168) -- Drogno_0: connecting	battery: n.p.	kalman var: 0 0 0	 batterySag: 0	link quality: 0	flight time: 0s	pos 0.00 0.00 0.00	yaw: 0.00	msg/s 0.0
INFO: 15-07-2022 12:05:20 printStatus(168) -- Drogno_0: connecting	battery: n.p.	kalman var: 0 0 0	 batterySag: 0	link quality: 0	flight time: 0s	pos 0.00 0.00 0.00	yaw: 0.00	msg/s 0.0
INFO: 15-07-2022 12:05:21 printStatus(168) -- Drogno_0: connecting	battery: n.p.	kalman var: 0 0 0	 batterySag: 0	link quality: 0	flight time: 0s	pos 0.00 0.00 0.00	yaw: 0.00	msg/s 0.0
INFO: 15-07-2022 12:05:22 printStatus(168) -- Drogno_0: connecting	battery: n.p.	kalman var: 0 0 0	 batterySag: 0	link quality: 0	flight time: 0s	pos 0.00 0.00 0.00	yaw: 0.00	msg/s 0.0
INFO: 15-07-2022 12:05:23 printStatus(168) -- Drogno_0: connecting	battery: n.p.	kalman var: 0 0 0	 batterySag: 0	link quality: 0	flight time: 0s	pos 0.00 0.00 0.00	yaw: 0.00	msg/s 0.0
INFO: 15-07-2022 12:05:25 printStatus(168) -- Drogno_0: connecting	battery: n.p.	kalman var: 0 0 0	 batterySag: 0	link quality: 0	flight time: 0s	pos 0.00 0.00 0.00	yaw: 0.00	msg/s 0.0
INFO: 15-07-2022 12:05:26 printStatus(168) -- Drogno_0: connecting	battery: n.p.	kalman var: 0 0 0	 batterySag: 0	link quality: 0	flight time: 0s	pos 0.00 0.00 0.00	yaw: 0.00	msg/s 0.0
INFO: 15-07-2022 12:05:27 printStatus(168) -- Drogno_0: connecting	battery: n.p.	kalman var: 0 0 0	 batterySag: 0	link quality: 0	flight time: 0s	pos 0.00 0.00 0.00	yaw: 0.00	msg/s 0.0
INFO: 15-07-2022 12:05:28 printStatus(168) -- Drogno_0: connecting	battery: n.p.	kalman var: 0 0 0	 batterySag: 0	link quality: 0	flight time: 0s	pos 0.00 0.00 0.00	yaw: 0.00	msg/s 0.0
INFO: 15-07-2022 12:05:29 printStatus(168) -- Drogno_0: connecting	battery: n.p.	kalman var: 0 0 0	 batterySag: 0	link quality: 0	flight time: 0s	pos 0.00 0.00 0.00	yaw: 0.00	msg/s 0.0
INFO: 15-07-2022 12:05:30 printStatus(168) -- Drogno_0: connecting	battery: n.p.	kalman var: 0 0 0	 batterySag: 0	link quality: 0	flight time: 0s	pos 0.00 0.00 0.00	yaw: 0.00	msg/s 0.0
INFO: 15-07-2022 12:05:32 printStatus(168) -- Drogno_0: connecting	battery: n.p.	kalman var: 0 0 0	 batterySag: 0	link quality: 0	flight time: 0s	pos 0.00 0.00 0.00	yaw: 0.00	msg/s 0.0
INFO: 15-07-2022 12:05:33 printStatus(168) -- Drogno_0: connecting	battery: n.p.	kalman var: 0 0 0	 batterySag: 0	link quality: 0	flight time: 0s	pos 0.00 0.00 0.00	yaw: 0.00	msg/s 0.0
INFO: 15-07-2022 12:05:34 printStatus(168) -- Drogno_0: connecting	battery: n.p.	kalman var: 0 0 0	 batterySag: 0	link quality: 0	flight time: 0s	pos 0.00 0.00 0.00	yaw: 0.00	msg/s 0.0
INFO: 15-07-2022 12:05:35 printStatus(168) -- Drogno_0: connecting	battery: n.p.	kalman var: 0 0 0	 batterySag: 0	link quality: 0	flight time: 0s	pos 0.00 0.00 0.00	yaw: 0.00	msg/s 0.0
INFO: 15-07-2022 12:05:36 printStatus(168) -- Drogno_0: connecting	battery: n.p.	kalman var: 0 0 0	 batterySag: 0	link quality: 0	flight time: 0s	pos 0.00 0.00 0.00	yaw: 0.00	msg/s 0.0
INFO: 15-07-2022 12:05:38 printStatus(168) -- Drogno_0: connecting	battery: n.p.	kalman var: 0 0 0	 batterySag: 0	link quality: 0	flight time: 0s	pos 0.00 0.00 0.00	yaw: 0.00	msg/s 0.0
INFO: 15-07-2022 12:05:39 printStatus(168) -- Drogno_0: connecting	battery: n.p.	kalman var: 0 0 0	 batterySag: 0	link quality: 0	flight time: 0s	pos 0.00 0.00 0.00	yaw: 0.00	msg/s 0.0
INFO: 15-07-2022 12:05:40 printStatus(168) -- Drogno_0: connecting	battery: n.p.	kalman var: 0 0 0	 batterySag: 0	link quality: 0	flight time: 0s	pos 0.00 0.00 0.00	yaw: 0.00	msg/s 0.0
INFO: 15-07-2022 12:05:41 printStatus(168) -- Drogno_0: connecting	battery: n.p.	kalman var: 0 0 0	 batterySag: 0	link quality: 0	flight time: 0s	pos 0.00 0.00 0.00	yaw: 0.00	msg/s 0.0
INFO: 15-07-2022 12:05:42 printStatus(168) -- Drogno_0: connecting	battery: n.p.	kalman var: 0 0 0	 batterySag: 0	link quality: 0	flight time: 0s	pos 0.00 0.00 0.00	yaw: 0.00	msg/s 0.0
INFO: 15-07-2022 12:05:44 printStatus(168) -- Drogno_0: connecting	battery: n.p.	kalman var: 0 0 0	 batterySag: 0	link quality: 0	flight time: 0s	pos 0.00 0.00 0.00	yaw: 0.00	msg/s 0.0
INFO: 15-07-2022 12:05:45 printStatus(168) -- Drogno_0: connecting	battery: n.p.	kalman var: 0 0 0	 batterySag: 0	link quality: 0	flight time: 0s	pos 0.00 0.00 0.00	yaw: 0.00	msg/s 0.0
INFO: 15-07-2022 12:05:46 printStatus(168) -- Drogno_0: connecting	battery: n.p.	kalman var: 0 0 0	 batterySag: 0	link quality: 0	flight time: 0s	pos 0.00 0.00 0.00	yaw: 0.00	msg/s 0.0
INFO: 15-07-2022 12:05:47 printStatus(168) -- Drogno_0: connecting	battery: n.p.	kalman var: 0 0 0	 batterySag: 0	link quality: 0	flight time: 0s	pos 0.00 0.00 0.00	yaw: 0.00	msg/s 0.0
INFO: 15-07-2022 12:05:48 printStatus(168) -- Drogno_0: connecting	battery: n.p.	kalman var: 0 0 0	 batterySag: 0	link quality: 0	flight time: 0s	pos 0.00 0.00 0.00	yaw: 0.00	msg/s 0.0
INFO: 15-07-2022 12:05:49 printStatus(168) -- Drogno_0: connecting	battery: n.p.	kalman var: 0 0 0	 batterySag: 0	link quality: 0	flight time: 0s	pos 0.00 0.00 0.00	yaw: 0.00	msg/s 0.0
INFO: 15-07-2022 12:05:51 printStatus(168) -- Drogno_0: connecting	battery: n.p.	kalman var: 0 0 0	 batterySag: 0	link quality: 0	flight time: 0s	pos 0.00 0.00 0.00	yaw: 0.00	msg/s 0.0
INFO: 15-07-2022 12:05:52 printStatus(168) -- Drogno_0: connecting	battery: n.p.	kalman var: 0 0 0	 batterySag: 0	link quality: 0	flight time: 0s	pos 0.00 0.00 0.00	yaw: 0.00	msg/s 0.0
INFO: 15-07-2022 12:05:53 printStatus(168) -- Drogno_0: connecting	battery: n.p.	kalman var: 0 0 0	 batterySag: 0	link quality: 0	flight time: 0s	pos 0.00 0.00 0.00	yaw: 0.00	msg/s 0.0
INFO: 15-07-2022 12:05:54 printStatus(168) -- Drogno_0: connecting	battery: n.p.	kalman var: 0 0 0	 batterySag: 0	link quality: 0	flight time: 0s	pos 0.00 0.00 0.00	yaw: 0.00	msg/s 0.0
INFO: 15-07-2022 12:05:55 printStatus(168) -- Drogno_0: connecting	battery: n.p.	kalman var: 0 0 0	 batterySag: 0	link quality: 0	flight time: 0s	pos 0.00 0.00 0.00	yaw: 0.00	msg/s 0.0
INFO: 15-07-2022 12:05:57 printStatus(168) -- Drogno_0: connecting	battery: n.p.	kalman var: 0 0 0	 batterySag: 0	link quality: 0	flight time: 0s	pos 0.00 0.00 0.00	yaw: 0.00	msg/s 0.0
INFO: 15-07-2022 12:05:58 printStatus(168) -- Drogno_0: connecting	battery: n.p.	kalman var: 0 0 0	 batterySag: 0	link quality: 0	flight time: 0s	pos 0.00 0.00 0.00	yaw: 0.00	msg/s 0.0
INFO: 15-07-2022 12:05:59 printStatus(168) -- Drogno_0: connecting	battery: n.p.	kalman var: 0 0 0	 batterySag: 0	link quality: 0	flight time: 0s	pos 0.00 0.00 0.00	yaw: 0.00	msg/s 0.0
INFO: 15-07-2022 12:06:00 printStatus(168) -- Drogno_0: connecting	battery: n.p.	kalman var: 0 0 0	 batterySag: 0	link quality: 0	flight time: 0s	pos 0.00 0.00 0.00	yaw: 0.00	msg/s 0.0
INFO: 15-07-2022 12:06:01 printStatus(168) -- Drogno_0: connecting	battery: n.p.	kalman var: 0 0 0	 batterySag: 0	link quality: 0	flight time: 0s	pos 0.00 0.00 0.00	yaw: 0.00	msg/s 0.0
INFO: 15-07-2022 12:06:02 printStatus(168) -- Drogno_0: connecting	battery: n.p.	kalman var: 0 0 0	 batterySag: 0	link quality: 0	flight time: 0s	pos 0.00 0.00 0.00	yaw: 0.00	msg/s 0.0
INFO: 15-07-2022 12:06:04 printStatus(168) -- Drogno_0: connecting	battery: n.p.	kalman var: 0 0 0	 batterySag: 0	link quality: 0	flight time: 0s	pos 0.00 0.00 0.00	yaw: 0.00	msg/s 0.0
INFO: 15-07-2022 12:06:05 printStatus(168) -- Drogno_0: connecting	battery: n.p.	kalman var: 0 0 0	 batterySag: 0	link quality: 0	flight time: 0s	pos 0.00 0.00 0.00	yaw: 0.00	msg/s 0.0
INFO: 15-07-2022 12:06:06 printStatus(168) -- Drogno_0: connecting	battery: n.p.	kalman var: 0 0 0	 batterySag: 0	link quality: 0	flight time: 0s	pos 0.00 0.00 0.00	yaw: 0.00	msg/s 0.0
INFO: 15-07-2022 12:06:07 printStatus(168) -- Drogno_0: connecting	battery: n.p.	kalman var: 0 0 0	 batterySag: 0	link quality: 0	flight time: 0s	pos 0.00 0.00 0.00	yaw: 0.00	msg/s 0.0
INFO: 15-07-2022 12:06:08 printStatus(168) -- Drogno_0: connecting	battery: n.p.	kalman var: 0 0 0	 batterySag: 0	link quality: 0	flight time: 0s	pos 0.00 0.00 0.00	yaw: 0.00	msg/s 0.0
INFO: 15-07-2022 12:06:10 printStatus(168) -- Drogno_0: connecting	battery: n.p.	kalman var: 0 0 0	 batterySag: 0	link quality: 0	flight time: 0s	pos 0.00 0.00 0.00	yaw: 0.00	msg/s 0.0
INFO: 15-07-2022 12:06:11 printStatus(168) -- Drogno_0: connecting	battery: n.p.	kalman var: 0 0 0	 batterySag: 0	link quality: 0	flight time: 0s	pos 0.00 0.00 0.00	yaw: 0.00	msg/s 0.0
INFO: 15-07-2022 12:06:12 printStatus(168) -- Drogno_0: connecting	battery: n.p.	kalman var: 0 0 0	 batterySag: 0	link quality: 0	flight time: 0s	pos 0.00 0.00 0.00	yaw: 0.00	msg/s 0.0
INFO: 15-07-2022 12:06:13 printStatus(168) -- Drogno_0: connecting	battery: n.p.	kalman var: 0 0 0	 batterySag: 0	link quality: 0	flight time: 0s	pos 0.00 0.00 0.00	yaw: 0.00	msg/s 0.0
INFO: 15-07-2022 12:06:14 printStatus(168) -- Drogno_0: connecting	battery: n.p.	kalman var: 0 0 0	 batterySag: 0	link quality: 0	flight time: 0s	pos 0.00 0.00 0.00	yaw: 0.00	msg/s 0.0
INFO: 15-07-2022 12:06:16 printStatus(168) -- Drogno_0: connecting	battery: n.p.	kalman var: 0 0 0	 batterySag: 0	link quality: 0	flight time: 0s	pos 0.00 0.00 0.00	yaw: 0.00	msg/s 0.0
INFO: 15-07-2022 12:06:17 printStatus(168) -- Drogno_0: connecting	battery: n.p.	kalman var: 0 0 0	 batterySag: 0	link quality: 0	flight time: 0s	pos 0.00 0.00 0.00	yaw: 0.00	msg/s 0.0
INFO: 15-07-2022 12:06:18 printStatus(168) -- Drogno_0: connecting	battery: n.p.	kalman var: 0 0 0	 batterySag: 0	link quality: 0	flight time: 0s	pos 0.00 0.00 0.00	yaw: 0.00	msg/s 0.0
INFO: 15-07-2022 12:06:19 printStatus(168) -- Drogno_0: connecting	battery: n.p.	kalman var: 0 0 0	 batterySag: 0	link quality: 0	flight time: 0s	pos 0.00 0.00 0.00	yaw: 0.00	msg/s 0.0
INFO: 15-07-2022 12:06:20 printStatus(168) -- Drogno_0: connecting	battery: n.p.	kalman var: 0 0 0	 batterySag: 0	link quality: 0	flight time: 0s	pos 0.00 0.00 0.00	yaw: 0.00	msg/s 0.0
INFO: 15-07-2022 12:06:21 printStatus(168) -- Drogno_0: connecting	battery: n.p.	kalman var: 0 0 0	 batterySag: 0	link quality: 0	flight time: 0s	pos 0.00 0.00 0.00	yaw: 0.00	msg/s 0.0
INFO: 15-07-2022 12:06:23 printStatus(168) -- Drogno_0: connecting	battery: n.p.	kalman var: 0 0 0	 batterySag: 0	link quality: 0	flight time: 0s	pos 0.00 0.00 0.00	yaw: 0.00	msg/s 0.0
INFO: 15-07-2022 12:06:24 printStatus(168) -- Drogno_0: connecting	battery: n.p.	kalman var: 0 0 0	 batterySag: 0	link quality: 0	flight time: 0s	pos 0.00 0.00 0.00	yaw: 0.00	msg/s 0.0
INFO: 15-07-2022 12:06:25 printStatus(168) -- Drogno_0: connecting	battery: n.p.	kalman var: 0 0 0	 batterySag: 0	link quality: 0	flight time: 0s	pos 0.00 0.00 0.00	yaw: 0.00	msg/s 0.0
INFO: 15-07-2022 12:06:26 printStatus(168) -- Drogno_0: connecting	battery: n.p.	kalman var: 0 0 0	 batterySag: 0	link quality: 0	flight time: 0s	pos 0.00 0.00 0.00	yaw: 0.00	msg/s 0.0
INFO: 15-07-2022 12:06:27 printStatus(168) -- Drogno_0: connecting	battery: n.p.	kalman var: 0 0 0	 batterySag: 0	link quality: 0	flight time: 0s	pos 0.00 0.00 0.00	yaw: 0.00	msg/s 0.0
INFO: 15-07-2022 12:06:28 printStatus(168) -- Drogno_0: connecting	battery: n.p.	kalman var: 0 0 0	 batterySag: 0	link quality: 0	flight time: 0s	pos 0.00 0.00 0.00	yaw: 0.00	msg/s 0.0
INFO: 15-07-2022 12:06:30 printStatus(168) -- Drogno_0: connecting	battery: n.p.	kalman var: 0 0 0	 batterySag: 0	link quality: 0	flight time: 0s	pos 0.00 0.00 0.00	yaw: 0.00	msg/s 0.0
INFO: 15-07-2022 12:06:31 printStatus(168) -- Drogno_0: connecting	battery: n.p.	kalman var: 0 0 0	 batterySag: 0	link quality: 0	flight time: 0s	pos 0.00 0.00 0.00	yaw: 0.00	msg/s 0.0
INFO: 15-07-2022 12:06:32 printStatus(168) -- Drogno_0: connecting	battery: n.p.	kalman var: 0 0 0	 batterySag: 0	link quality: 0	flight time: 0s	pos 0.00 0.00 0.00	yaw: 0.00	msg/s 0.0
INFO: 15-07-2022 12:06:33 printStatus(168) -- Drogno_0: connecting	battery: n.p.	kalman var: 0 0 0	 batterySag: 0	link quality: 0	flight time: 0s	pos 0.00 0.00 0.00	yaw: 0.00	msg/s 0.0
INFO: 15-07-2022 12:06:34 printStatus(168) -- Drogno_0: connecting	battery: n.p.	kalman var: 0 0 0	 batterySag: 0	link quality: 0	flight time: 0s	pos 0.00 0.00 0.00	yaw: 0.00	msg/s 0.0
INFO: 15-07-2022 12:06:35 printStatus(168) -- Drogno_0: connecting	battery: n.p.	kalman var: 0 0 0	 batterySag: 0	link quality: 0	flight time: 0s	pos 0.00 0.00 0.00	yaw: 0.00	msg/s 0.0
INFO: 15-07-2022 12:06:37 printStatus(168) -- Drogno_0: connecting	battery: n.p.	kalman var: 0 0 0	 batterySag: 0	link quality: 0	flight time: 0s	pos 0.00 0.00 0.00	yaw: 0.00	msg/s 0.0
INFO: 15-07-2022 12:06:38 printStatus(168) -- Drogno_0: connecting	battery: n.p.	kalman var: 0 0 0	 batterySag: 0	link quality: 0	flight time: 0s	pos 0.00 0.00 0.00	yaw: 0.00	msg/s 0.0
INFO: 15-07-2022 12:06:39 printStatus(168) -- Drogno_0: connecting	battery: n.p.	kalman var: 0 0 0	 batterySag: 0	link quality: 0	flight time: 0s	pos 0.00 0.00 0.00	yaw: 0.00	msg/s 0.0
INFO: 15-07-2022 12:06:40 printStatus(168) -- Drogno_0: connecting	battery: n.p.	kalman var: 0 0 0	 batterySag: 0	link quality: 0	flight time: 0s	pos 0.00 0.00 0.00	yaw: 0.00	msg/s 0.0
INFO: 15-07-2022 12:06:41 printStatus(168) -- Drogno_0: connecting	battery: n.p.	kalman var: 0 0 0	 batterySag: 0	link quality: 0	flight time: 0s	pos 0.00 0.00 0.00	yaw: 0.00	msg/s 0.0
INFO: 15-07-2022 12:06:43 printStatus(168) -- Drogno_0: connecting	battery: n.p.	kalman var: 0 0 0	 batterySag: 0	link quality: 0	flight time: 0s	pos 0.00 0.00 0.00	yaw: 0.00	msg/s 0.0
INFO: 15-07-2022 12:06:44 printStatus(168) -- Drogno_0: connecting	battery: n.p.	kalman var: 0 0 0	 batterySag: 0	link quality: 0	flight time: 0s	pos 0.00 0.00 0.00	yaw: 0.00	msg/s 0.0
INFO: 15-07-2022 12:06:45 printStatus(168) -- Drogno_0: connecting	battery: n.p.	kalman var: 0 0 0	 batterySag: 0	link quality: 0	flight time: 0s	pos 0.00 0.00 0.00	yaw: 0.00	msg/s 0.0
INFO: 15-07-2022 12:06:46 printStatus(168) -- Drogno_0: connecting	battery: n.p.	kalman var: 0 0 0	 batterySag: 0	link quality: 0	flight time: 0s	pos 0.00 0.00 0.00	yaw: 0.00	msg/s 0.0
INFO: 15-07-2022 12:06:47 printStatus(168) -- Drogno_0: ready	battery: 3.63671875	kalman var: 0.0 0.0 0.0	 batterySag: 0	link quality: 37	flight time: 0s	pos -0.00 -0.01 -0.00	yaw: 1.12	msg/s 0.0
INFO: 15-07-2022 12:06:49 printStatus(168) -- Drogno_0: ready	battery: 3.63671875	kalman var: 0.0 0.0 0.0	 batterySag: 0	link quality: 39	flight time: 0s	pos 0.02 0.02 -0.05	yaw: 10.54	msg/s 0.0
INFO: 15-07-2022 12:06:50 printStatus(168) -- Drogno_0: ready	battery: 3.630859375	kalman var: 0.0 0.0 0.0	 batterySag: 0	link quality: 39	flight time: 0s	pos -0.00 -0.01 -0.00	yaw: 1.58	msg/s 0.0
INFO: 15-07-2022 12:06:51 printStatus(168) -- Drogno_0: ready	battery: 3.63671875	kalman var: 0.0 0.0 0.0	 batterySag: 0	link quality: 41	flight time: 0s	pos -0.00 -0.01 -0.00	yaw: 1.16	msg/s 0.0
INFO: 15-07-2022 12:06:52 printStatus(168) -- Drogno_0: ready	battery: 3.63671875	kalman var: 0.0 0.0 0.0	 batterySag: 0	link quality: 41	flight time: 0s	pos -0.01 -0.01 -0.00	yaw: 1.09	msg/s 0.0
INFO: 15-07-2022 12:06:53 printStatus(168) -- Drogno_0: ready	battery: 3.63671875	kalman var: 0.001 0.001 0.001	 batterySag: 0	link quality: 44	flight time: 0s	pos 0.00 -0.01 -0.01	yaw: 1.08	msg/s 0.0
INFO: 15-07-2022 12:06:55 printStatus(168) -- Drogno_0: ready	battery: 3.630859375	kalman var: 0.0 0.0 0.0	 batterySag: 0	link quality: 41	flight time: 0s	pos -0.00 -0.01 -0.00	yaw: 1.12	msg/s 0.0
INFO: 15-07-2022 12:06:56 printStatus(168) -- Drogno_0: ready	battery: 3.63671875	kalman var: 0.001 0.001 0.001	 batterySag: 0	link quality: 36	flight time: 0s	pos -0.01 -0.01 -0.01	yaw: 1.12	msg/s 0.0
INFO: 15-07-2022 12:06:57 printStatus(168) -- Drogno_0: ready	battery: 3.630859375	kalman var: 0.0 0.0 0.0	 batterySag: 0	link quality: 35	flight time: 0s	pos -0.00 -0.01 -0.00	yaw: 1.15	msg/s 0.0
INFO: 15-07-2022 12:06:58 printStatus(168) -- Drogno_0: ready	battery: 3.630859375	kalman var: 0.0 0.0 0.0	 batterySag: 0	link quality: 35	flight time: 0s	pos -0.00 -0.01 -0.00	yaw: 1.10	msg/s 0.0
INFO: 15-07-2022 12:06:59 printStatus(168) -- Drogno_0: ready	battery: 3.630859375	kalman var: 0.0 0.0 0.0	 batterySag: 0	link quality: 36	flight time: 0s	pos -0.00 -0.01 -0.00	yaw: 1.12	msg/s 0.0
INFO: 15-07-2022 12:07:00 printStatus(168) -- Drogno_0: ready	battery: 3.63671875	kalman var: 0.0 0.0 0.0	 batterySag: 0	link quality: 36	flight time: 0s	pos -0.00 -0.01 -0.00	yaw: 1.14	msg/s 0.0
INFO: 15-07-2022 12:07:02 printStatus(168) -- Drogno_0: ready	battery: 3.630859375	kalman var: 0.0 0.0 0.0	 batterySag: 0	link quality: 36	flight time: 0s	pos -0.00 -0.01 -0.00	yaw: 1.14	msg/s 0.0
INFO: 15-07-2022 12:07:03 printStatus(168) -- Drogno_0: ready	battery: 3.63671875	kalman var: 0.0 0.0 0.0	 batterySag: 0	link quality: 35	flight time: 0s	pos -0.01 -0.01 -0.00	yaw: 1.11	msg/s 0.0
INFO: 15-07-2022 12:07:04 printStatus(168) -- Drogno_0: ready	battery: 3.630859375	kalman var: 0.0 0.0 0.0	 batterySag: 0	link quality: 36	flight time: 0s	pos -0.02 0.00 0.08	yaw: -10.59	msg/s 0.0
INFO: 15-07-2022 12:07:05 printStatus(168) -- Drogno_0: ready	battery: 3.630859375	kalman var: 0.001 0.001 0.001	 batterySag: 0	link quality: 43	flight time: 0s	pos 0.04 -0.02 0.13	yaw: 0.40	msg/s 0.0
INFO: 15-07-2022 12:07:06 printStatus(168) -- Drogno_0: ready	battery: 3.630859375	kalman var: 0.0 0.0 0.0	 batterySag: 0	link quality: 35	flight time: 0s	pos -0.04 -0.02 0.19	yaw: 1.86	msg/s 0.0
INFO: 15-07-2022 12:07:08 printStatus(168) -- Drogno_0: ready	battery: 3.630859375	kalman var: 0.0 0.0 0.0	 batterySag: 0	link quality: 35	flight time: 0s	pos -0.03 -0.03 0.21	yaw: 2.41	msg/s 0.0
INFO: 15-07-2022 12:07:09 printStatus(168) -- Drogno_0: ready	battery: 3.630859375	kalman var: 0.0 0.0 0.0	 batterySag: 0	link quality: 39	flight time: 0s	pos -0.01 -0.01 0.06	yaw: 4.55	msg/s 0.0
INFO: 15-07-2022 12:07:10 printStatus(168) -- Drogno_0: ready	battery: 3.630859375	kalman var: 0.001 0.001 0.001	 batterySag: 0	link quality: 44	flight time: 0s	pos -0.06 0.01 0.04	yaw: -81.19	msg/s 0.0
INFO: 15-07-2022 12:07:11 printStatus(168) -- Drogno_0: ready	battery: 3.630859375	kalman var: 0.005 0.005 0.002	 batterySag: 0	link quality: 63	flight time: 0s	pos -0.01 0.33 -0.01	yaw: -76.25	msg/s 0.0
INFO: 15-07-2022 12:07:12 printStatus(168) -- Drogno_0: ready	battery: 3.630859375	kalman var: 0.004 0.004 0.002	 batterySag: 0	link quality: 35	flight time: 0s	pos 0.08 0.48 -0.37	yaw: 29.94	msg/s 0.0
INFO: 15-07-2022 12:07:13 printStatus(168) -- Drogno_0: ready	battery: 3.630859375	kalman var: 0.0 0.0 0.0	 batterySag: 0	link quality: 35	flight time: 0s	pos 0.03 -0.17 0.16	yaw: 85.31	msg/s 0.0
INFO: 15-07-2022 12:07:15 printStatus(168) -- Drogno_0: ready	battery: 3.630859375	kalman var: 0.001 0.001 0.001	 batterySag: 0	link quality: 35	flight time: 0s	pos 0.08 0.08 0.01	yaw: 81.31	msg/s 0.0
INFO: 15-07-2022 12:07:16 printStatus(168) -- Drogno_0: ready	battery: 3.630859375	kalman var: 0.0 0.0 0.0	 batterySag: 0	link quality: 35	flight time: 0s	pos 0.01 -0.00 -0.00	yaw: 0.24	msg/s 0.0
INFO: 15-07-2022 12:07:17 printStatus(168) -- Drogno_0: ready	battery: 3.630859375	kalman var: 0.0 0.001 0.001	 batterySag: 0	link quality: 35	flight time: 0s	pos 0.00 0.01 0.01	yaw: -3.75	msg/s 0.0
INFO: 15-07-2022 12:07:18 printStatus(168) -- Drogno_0: ready	battery: 3.630859375	kalman var: 0.0 0.0 0.0	 batterySag: 0	link quality: 35	flight time: 0s	pos -0.01 -0.06 0.06	yaw: -7.61	msg/s 0.0
INFO: 15-07-2022 12:07:19 printStatus(168) -- Drogno_0: ready	battery: 3.630859375	kalman var: 0.0 0.0 0.0	 batterySag: 0	link quality: 35	flight time: 0s	pos -0.01 -0.14 0.06	yaw: 0.72	msg/s 0.0
INFO: 15-07-2022 12:07:21 printStatus(168) -- Drogno_0: ready	battery: 3.630859375	kalman var: 0.0 0.0 0.0	 batterySag: 0	link quality: 49	flight time: 0s	pos -0.01 0.02 0.07	yaw: 3.40	msg/s 0.0
INFO: 15-07-2022 12:07:22 printStatus(168) -- Drogno_0: ready	battery: 3.630859375	kalman var: 0.0 0.001 0.001	 batterySag: 0	link quality: 40	flight time: 0s	pos -0.04 0.16 0.05	yaw: -1.24	msg/s 0.0
INFO: 15-07-2022 12:07:23 printStatus(168) -- Drogno_0: ready	battery: 3.630859375	kalman var: 0.0 0.0 0.0	 batterySag: 0	link quality: 35	flight time: 0s	pos -0.02 0.12 0.05	yaw: 0.43	msg/s 0.0
INFO: 15-07-2022 12:07:24 printStatus(168) -- Drogno_0: ready	battery: 3.630859375	kalman var: 0.001 0.001 0.001	 batterySag: 0	link quality: 35	flight time: 0s	pos -0.01 0.00 -0.00	yaw: 2.23	msg/s 0.0
INFO: 15-07-2022 12:07:25 printStatus(168) -- Drogno_0: ready	battery: 3.630859375	kalman var: 0.0 0.0 0.0	 batterySag: 0	link quality: 37	flight time: 0s	pos -0.00 -0.00 -0.00	yaw: -0.29	msg/s 0.0
INFO: 15-07-2022 12:07:26 printStatus(168) -- Drogno_0: ready	battery: 3.630859375	kalman var: 0.0 0.0 0.0	 batterySag: 0	link quality: 37	flight time: 0s	pos -0.01 -0.11 -0.08	yaw: -7.27	msg/s 0.0
INFO: 15-07-2022 12:07:28 printStatus(168) -- Drogno_0: ready	battery: 3.626953125	kalman var: 0.0 0.0 0.0	 batterySag: 0	link quality: 37	flight time: 0s	pos -0.00 -0.00 -0.00	yaw: -0.90	msg/s 0.0
INFO: 15-07-2022 12:07:29 printStatus(168) -- Drogno_0: ready	battery: 3.630859375	kalman var: 0.0 0.0 0.0	 batterySag: 0	link quality: 37	flight time: 0s	pos -0.00 -0.00 -0.00	yaw: -0.43	msg/s 0.0
INFO: 15-07-2022 12:07:30 printStatus(168) -- Drogno_0: ready	battery: 3.630859375	kalman var: 0.0 0.0 0.0	 batterySag: 0	link quality: 37	flight time: 0s	pos -0.00 -0.00 -0.00	yaw: -0.40	msg/s 0.0
INFO: 15-07-2022 12:07:31 printStatus(168) -- Drogno_0: ready	battery: 3.630859375	kalman var: 0.0 0.0 0.0	 batterySag: 0	link quality: 37	flight time: 0s	pos -0.00 -0.00 -0.00	yaw: -0.35	msg/s 0.0
INFO: 15-07-2022 12:07:32 printStatus(168) -- Drogno_0: ready	battery: 3.630859375	kalman var: 0.0 0.0 0.0	 batterySag: 0	link quality: 37	flight time: 0s	pos -0.00 -0.00 -0.01	yaw: -1.09	msg/s 0.0
INFO: 15-07-2022 12:07:33 printStatus(168) -- Drogno_0: ready	battery: 3.630859375	kalman var: 0.001 0.0 0.001	 batterySag: 0	link quality: 37	flight time: 0s	pos -0.00 -0.00 -0.01	yaw: -0.46	msg/s 0.0
INFO: 15-07-2022 12:07:35 printStatus(168) -- Drogno_0: ready	battery: 3.630859375	kalman var: 0.0 0.0 0.0	 batterySag: 0	link quality: 36	flight time: 0s	pos -0.00 -0.00 -0.00	yaw: -0.41	msg/s 0.0
INFO: 15-07-2022 12:07:36 printStatus(168) -- Drogno_0: ready	battery: 3.630859375	kalman var: 0.0 0.0 0.0	 batterySag: 0	link quality: 37	flight time: 0s	pos -0.00 -0.00 -0.00	yaw: -0.44	msg/s 0.0
INFO: 15-07-2022 12:07:37 printStatus(168) -- Drogno_0: ready	battery: 3.630859375	kalman var: 0.0 0.0 0.0	 batterySag: 0	link quality: 37	flight time: 0s	pos -0.00 0.00 -0.01	yaw: -2.54	msg/s 0.0
INFO: 15-07-2022 12:07:38 printStatus(168) -- Drogno_0: ready	battery: 3.626953125	kalman var: 0.0 0.0 0.0	 batterySag: 0	link quality: 37	flight time: 0s	pos -0.00 -0.00 -0.00	yaw: -0.53	msg/s 0.0
INFO: 15-07-2022 12:07:39 printStatus(168) -- Drogno_0: ready	battery: 3.630859375	kalman var: 0.0 0.0 0.0	 batterySag: 0	link quality: 37	flight time: 0s	pos -0.00 -0.00 -0.00	yaw: -0.44	msg/s 0.0
INFO: 15-07-2022 12:07:40 printStatus(168) -- Drogno_0: ready	battery: 3.626953125	kalman var: 0.0 0.0 0.0	 batterySag: 0	link quality: 37	flight time: 0s	pos -0.00 -0.00 -0.00	yaw: -0.38	msg/s 0.0
INFO: 15-07-2022 12:07:42 printStatus(168) -- Drogno_0: ready	battery: 3.630859375	kalman var: 0.0 0.0 0.0	 batterySag: 0	link quality: 37	flight time: 0s	pos -0.00 -0.00 -0.00	yaw: 0.38	msg/s 0.0
INFO: 15-07-2022 12:07:43 printStatus(168) -- Drogno_0: ready	battery: 3.626953125	kalman var: 0.0 0.0 0.0	 batterySag: 0	link quality: 37	flight time: 0s	pos -0.01 -0.00 -0.00	yaw: -0.29	msg/s 0.0
INFO: 15-07-2022 12:07:44 printStatus(168) -- Drogno_0: ready	battery: 3.626953125	kalman var: 0.0 0.0 0.0	 batterySag: 0	link quality: 37	flight time: 0s	pos -0.00 -0.00 -0.00	yaw: -0.38	msg/s 0.0
INFO: 15-07-2022 12:07:45 printStatus(168) -- Drogno_0: ready	battery: 3.630859375	kalman var: 0.0 0.0 0.0	 batterySag: 0	link quality: 37	flight time: 0s	pos -0.00 -0.00 -0.00	yaw: -0.42	msg/s 0.0
INFO: 15-07-2022 12:07:46 printStatus(168) -- Drogno_0: ready	battery: 3.626953125	kalman var: 0.0 0.0 0.0	 batterySag: 0	link quality: 37	flight time: 0s	pos -0.00 0.00 0.00	yaw: -2.46	msg/s 0.0
INFO: 15-07-2022 12:07:48 printStatus(168) -- Drogno_0: ready	battery: 3.626953125	kalman var: 0.0 0.0 0.0	 batterySag: 0	link quality: 37	flight time: 0s	pos -0.00 -0.00 -0.00	yaw: -0.67	msg/s 0.0
INFO: 15-07-2022 12:07:49 printStatus(168) -- Drogno_0: ready	battery: 3.626953125	kalman var: 0.0 0.0 0.0	 batterySag: 0	link quality: 37	flight time: 0s	pos -0.00 -0.00 -0.00	yaw: -0.45	msg/s 0.0
INFO: 15-07-2022 12:07:50 printStatus(168) -- Drogno_0: ready	battery: 3.626953125	kalman var: 0.0 0.0 0.0	 batterySag: 0	link quality: 37	flight time: 0s	pos -0.00 -0.00 -0.00	yaw: -0.38	msg/s 0.0
INFO: 15-07-2022 12:07:51 printStatus(168) -- Drogno_0: ready	battery: 3.626953125	kalman var: 0.0 0.0 0.0	 batterySag: 0	link quality: 37	flight time: 0s	pos -0.00 -0.00 -0.00	yaw: -0.42	msg/s 0.0
INFO: 15-07-2022 12:07:52 printStatus(168) -- Drogno_0: ready	battery: 3.626953125	kalman var: 0.0 0.0 0.0	 batterySag: 0	link quality: 37	flight time: 0s	pos -0.01 -0.00 -0.00	yaw: -0.37	msg/s 0.0
INFO: 15-07-2022 12:07:54 printStatus(168) -- Drogno_0: ready	battery: 3.626953125	kalman var: 0.0 0.0 0.0	 batterySag: 0	link quality: 37	flight time: 0s	pos -0.00 -0.00 -0.00	yaw: -0.42	msg/s 0.0
INFO: 15-07-2022 12:07:55 printStatus(168) -- Drogno_0: ready	battery: 3.626953125	kalman var: 0.0 0.0 0.0	 batterySag: 0	link quality: 37	flight time: 0s	pos -0.00 -0.00 -0.00	yaw: -0.36	msg/s 0.0
INFO: 15-07-2022 12:07:56 printStatus(168) -- Drogno_0: ready	battery: 3.626953125	kalman var: 0.0 0.0 0.0	 batterySag: 0	link quality: 37	flight time: 0s	pos -0.00 -0.00 -0.00	yaw: -1.59	msg/s 0.0
INFO: 15-07-2022 12:07:57 printStatus(168) -- Drogno_0: ready	battery: 3.626953125	kalman var: 0.0 0.0 0.0	 batterySag: 0	link quality: 37	flight time: 0s	pos -0.00 -0.00 -0.00	yaw: -0.47	msg/s 0.0
INFO: 15-07-2022 12:07:58 printStatus(168) -- Drogno_0: ready	battery: 3.626953125	kalman var: 0.0 0.0 0.0	 batterySag: 0	link quality: 37	flight time: 0s	pos -0.00 -0.00 -0.00	yaw: -0.40	msg/s 0.0
INFO: 15-07-2022 12:07:59 printStatus(168) -- Drogno_0: ready	battery: 3.626953125	kalman var: 0.0 0.0 0.0	 batterySag: 0	link quality: 37	flight time: 0s	pos -0.00 -0.00 -0.00	yaw: -0.42	msg/s 0.0
INFO: 15-07-2022 12:08:00 printStatus(168) -- Drogno_0: ready	battery: 3.626953125	kalman var: 0.0 0.0 0.0	 batterySag: 0	link quality: 37	flight time: 0s	pos -0.00 -0.00 -0.00	yaw: -0.40	msg/s 0.0
INFO: 15-07-2022 12:08:02 printStatus(168) -- Drogno_0: ready	battery: 3.626953125	kalman var: 0.0 0.0 0.0	 batterySag: 0	link quality: 37	flight time: 0s	pos -0.00 -0.00 -0.00	yaw: -0.37	msg/s 0.0
INFO: 15-07-2022 12:08:03 printStatus(168) -- Drogno_0: ready	battery: 3.626953125	kalman var: 0.0 0.0 0.0	 batterySag: 0	link quality: 37	flight time: 0s	pos -0.00 -0.00 -0.00	yaw: -0.42	msg/s 0.0
INFO: 15-07-2022 12:08:04 printStatus(168) -- Drogno_0: ready	battery: 3.626953125	kalman var: 0.0 0.0 0.0	 batterySag: 0	link quality: 37	flight time: 0s	pos -0.00 -0.00 -0.00	yaw: -0.43	msg/s 0.0
INFO: 15-07-2022 12:08:05 printStatus(168) -- Drogno_0: ready	battery: 3.62109375	kalman var: 0.0 0.0 0.0	 batterySag: 0	link quality: 37	flight time: 0s	pos -0.00 -0.00 -0.00	yaw: -0.32	msg/s 0.0
INFO: 15-07-2022 12:08:06 printStatus(168) -- Drogno_0: ready	battery: 3.626953125	kalman var: 0.0 0.0 0.0	 batterySag: 0	link quality: 37	flight time: 0s	pos -0.00 -0.00 -0.00	yaw: -0.43	msg/s 0.0
INFO: 15-07-2022 12:08:08 printStatus(168) -- Drogno_0: ready	battery: 3.62109375	kalman var: 0.0 0.0 0.0	 batterySag: 0	link quality: 37	flight time: 0s	pos -0.00 -0.00 -0.00	yaw: -0.37	msg/s 0.0
INFO: 15-07-2022 12:08:09 printStatus(168) -- Drogno_0: ready	battery: 3.62109375	kalman var: 0.0 0.0 0.0	 batterySag: 0	link quality: 37	flight time: 0s	pos -0.00 -0.00 -0.00	yaw: -0.41	msg/s 0.0
INFO: 15-07-2022 12:08:10 printStatus(168) -- Drogno_0: ready	battery: 3.626953125	kalman var: 0.0 0.0 0.0	 batterySag: 0	link quality: 37	flight time: 0s	pos -0.00 -0.00 -0.00	yaw: -0.39	msg/s 0.0
INFO: 15-07-2022 12:08:11 printStatus(168) -- Drogno_0: ready	battery: 3.62109375	kalman var: 0.0 0.0 0.0	 batterySag: 0	link quality: 37	flight time: 0s	pos -0.00 -0.00 -0.00	yaw: -0.43	msg/s 0.0
INFO: 15-07-2022 12:08:12 printStatus(168) -- Drogno_0: ready	battery: 3.62109375	kalman var: 0.0 0.0 0.0	 batterySag: 0	link quality: 37	flight time: 0s	pos -0.00 -0.00 -0.00	yaw: -0.42	msg/s 0.0
INFO: 15-07-2022 12:08:13 printStatus(168) -- Drogno_0: ready	battery: 3.62109375	kalman var: 0.0 0.0 0.0	 batterySag: 0	link quality: 37	flight time: 0s	pos -0.00 -0.00 -0.00	yaw: -0.41	msg/s 0.0
INFO: 15-07-2022 12:08:15 printStatus(168) -- Drogno_0: ready	battery: 3.62109375	kalman var: 0.0 0.0 0.0	 batterySag: 0	link quality: 36	flight time: 0s	pos -0.11 -0.03 0.05	yaw: 3.64	msg/s 0.0
INFO: 15-07-2022 12:08:16 printStatus(168) -- Drogno_0: ready	battery: 3.62109375	kalman var: 0.0 0.0 0.0	 batterySag: 0	link quality: 42	flight time: 0s	pos -0.19 -0.12 -0.00	yaw: 0.49	msg/s 0.0
INFO: 15-07-2022 12:08:17 printStatus(168) -- Drogno_0: ready	battery: 3.62109375	kalman var: 0.0 0.0 0.0	 batterySag: 0	link quality: 43	flight time: 0s	pos -0.16 -0.03 0.07	yaw: 4.85	msg/s 0.0
INFO: 15-07-2022 12:08:18 printStatus(168) -- Drogno_0: ready	battery: 3.62109375	kalman var: 0.0 0.0 0.0	 batterySag: 0	link quality: 35	flight time: 0s	pos -0.14 -0.05 0.17	yaw: 3.59	msg/s 0.0
INFO: 15-07-2022 12:08:19 printStatus(168) -- Drogno_0: ready	battery: 3.62109375	kalman var: 0.0 0.0 0.001	 batterySag: 0	link quality: 35	flight time: 0s	pos -0.13 -0.07 0.17	yaw: 1.72	msg/s 0.0
INFO: 15-07-2022 12:08:21 printStatus(168) -- Drogno_0: ready	battery: 3.62109375	kalman var: 0.0 0.001 0.001	 batterySag: 0	link quality: 42	flight time: 0s	pos 0.09 -0.05 0.15	yaw: 4.77	msg/s 0.0
INFO: 15-07-2022 12:08:22 printStatus(168) -- Drogno_0: ready	battery: 3.62109375	kalman var: 0.0 0.0 0.0	 batterySag: 0	link quality: 43	flight time: 0s	pos 0.08 -0.04 0.14	yaw: 4.28	msg/s 0.0
INFO: 15-07-2022 12:08:23 printStatus(168) -- Drogno_0: ready	battery: 3.62109375	kalman var: 0.0 0.0 0.0	 batterySag: 0	link quality: 38	flight time: 0s	pos 0.08 -0.05 0.04	yaw: 3.42	msg/s 0.0
INFO: 15-07-2022 12:08:24 printStatus(168) -- Drogno_0: ready	battery: 3.615234375	kalman var: 0.0 0.0 0.0	 batterySag: 0	link quality: 36	flight time: 0s	pos 0.10 -0.03 0.01	yaw: 2.06	msg/s 0.0
INFO: 15-07-2022 12:08:25 printStatus(168) -- Drogno_0: ready	battery: 3.62109375	kalman var: 0.0 0.0 0.0	 batterySag: 0	link quality: 37	flight time: 0s	pos 0.14 -0.02 0.01	yaw: 2.13	msg/s 0.0
INFO: 15-07-2022 12:08:26 printStatus(168) -- Drogno_0: ready	battery: 3.62109375	kalman var: 0.0 0.0 0.0	 batterySag: 0	link quality: 36	flight time: 0s	pos -0.04 -0.00 0.06	yaw: 0.70	msg/s 0.0
INFO: 15-07-2022 12:08:28 printStatus(168) -- Drogno_0: ready	battery: 3.62109375	kalman var: 0.0 0.0 0.0	 batterySag: 0	link quality: 35	flight time: 0s	pos -0.05 -0.17 0.05	yaw: -2.65	msg/s 0.0
INFO: 15-07-2022 12:08:29 printStatus(168) -- Drogno_0: ready	battery: 3.62109375	kalman var: 0.001 0.001 0.0	 batterySag: 0	link quality: 35	flight time: 0s	pos -0.04 -0.09 0.05	yaw: -3.07	msg/s 0.0
INFO: 15-07-2022 12:08:30 printStatus(168) -- Drogno_0: ready	battery: 3.62109375	kalman var: 0.0 0.0 0.0	 batterySag: 0	link quality: 40	flight time: 0s	pos -0.05 0.15 0.04	yaw: -0.64	msg/s 0.0
INFO: 15-07-2022 12:08:31 printStatus(168) -- Drogno_0: ready	battery: 3.62109375	kalman var: 0.0 0.0 0.0	 batterySag: 0	link quality: 38	flight time: 0s	pos -0.02 0.22 -0.07	yaw: 15.05	msg/s 0.0
INFO: 15-07-2022 12:08:33 printStatus(168) -- Drogno_0: ready	battery: 3.62109375	kalman var: 0.0 0.0 0.0	 batterySag: 0	link quality: 35	flight time: 0s	pos -0.17 -0.02 0.03	yaw: 4.65	msg/s 0.0
INFO: 15-07-2022 12:08:34 printStatus(168) -- Drogno_0: ready	battery: 3.62109375	kalman var: 0.0 0.0 0.0	 batterySag: 0	link quality: 46	flight time: 0s	pos -0.11 -0.02 0.08	yaw: 2.47	msg/s 0.0
INFO: 15-07-2022 12:08:35 printStatus(168) -- Drogno_0: ready	battery: 3.62109375	kalman var: 0.0 0.0 0.0	 batterySag: 0	link quality: 35	flight time: 0s	pos 0.01 -0.01 -0.01	yaw: 1.56	msg/s 0.0
INFO: 15-07-2022 12:08:36 printStatus(168) -- Drogno_0: ready	battery: 3.615234375	kalman var: 0.0 0.0 0.0	 batterySag: 0	link quality: 35	flight time: 0s	pos 0.01 -0.01 -0.00	yaw: 1.94	msg/s 0.0
INFO: 15-07-2022 12:08:37 printStatus(168) -- Drogno_0: ready	battery: 3.615234375	kalman var: 0.0 0.0 0.0	 batterySag: 0	link quality: 35	flight time: 0s	pos 0.01 -0.00 0.00	yaw: 2.13	msg/s 0.0
INFO: 15-07-2022 12:08:38 printStatus(168) -- Drogno_0: ready	battery: 3.615234375	kalman var: 0.0 0.0 0.0	 batterySag: 0	link quality: 35	flight time: 0s	pos 0.01 -0.00 -0.02	yaw: 8.97	msg/s 0.0
INFO: 15-07-2022 12:08:40 printStatus(168) -- Drogno_0: ready	battery: 3.615234375	kalman var: 0.0 0.0 0.0	 batterySag: 0	link quality: 35	flight time: 0s	pos 0.01 -0.01 -0.00	yaw: 2.60	msg/s 0.0
INFO: 15-07-2022 12:08:41 printStatus(168) -- Drogno_0: ready	battery: 3.615234375	kalman var: 0.001 0.001 0.001	 batterySag: 0	link quality: 35	flight time: 0s	pos 0.00 0.00 -0.00	yaw: 0.13	msg/s 0.0
INFO: 15-07-2022 12:08:42 printStatus(168) -- Drogno_0: ready	battery: 3.615234375	kalman var: 0.0 0.0 0.0	 batterySag: 0	link quality: 35	flight time: 0s	pos 0.01 -0.00 -0.00	yaw: -0.15	msg/s 0.0
INFO: 15-07-2022 12:08:43 printStatus(168) -- Drogno_0: ready	battery: 3.615234375	kalman var: 0.0 0.001 0.001	 batterySag: 0	link quality: 35	flight time: 0s	pos 0.01 -0.07 -0.02	yaw: -7.77	msg/s 0.0
INFO: 15-07-2022 12:08:44 printStatus(168) -- Drogno_0: ready	battery: 3.611328125	kalman var: 0.0 0.0 0.0	 batterySag: 0	link quality: 35	flight time: 0s	pos 0.01 -0.00 -0.00	yaw: -0.58	msg/s 0.0
INFO: 15-07-2022 12:08:45 printStatus(168) -- Drogno_0: ready	battery: 3.615234375	kalman var: 0.0 0.0 0.0	 batterySag: 0	link quality: 35	flight time: 0s	pos 0.01 -0.00 -0.00	yaw: -0.14	msg/s 0.0
INFO: 15-07-2022 12:08:46 printStatus(168) -- Drogno_0: ready	battery: 3.615234375	kalman var: 0.0 0.0 0.0	 batterySag: 0	link quality: 35	flight time: 0s	pos 0.01 -0.00 -0.00	yaw: -0.01	msg/s 0.0
INFO: 15-07-2022 12:08:48 printStatus(168) -- Drogno_0: ready	battery: 3.615234375	kalman var: 0.001 0.001 0.001	 batterySag: 0	link quality: 35	flight time: 0s	pos 0.01 -0.00 -0.00	yaw: -0.43	msg/s 0.0
INFO: 15-07-2022 12:08:49 printStatus(168) -- Drogno_0: ready	battery: 3.615234375	kalman var: 0.0 0.0 0.0	 batterySag: 0	link quality: 42	flight time: 0s	pos 0.01 -0.00 -0.00	yaw: -0.38	msg/s 0.0
INFO: 15-07-2022 12:08:50 printStatus(168) -- Drogno_0: ready	battery: 3.615234375	kalman var: 0.0 0.001 0.001	 batterySag: 0	link quality: 38	flight time: 0s	pos 0.01 -0.00 -0.01	yaw: -0.35	msg/s 0.0
INFO: 15-07-2022 12:08:51 printStatus(168) -- Drogno_0: ready	battery: 3.615234375	kalman var: 0.0 0.0 0.0	 batterySag: 0	link quality: 46	flight time: 0s	pos 0.01 -0.00 -0.00	yaw: -0.39	msg/s 0.0
INFO: 15-07-2022 12:08:53 printStatus(168) -- Drogno_0: ready	battery: 3.615234375	kalman var: 0.0 0.0 0.0	 batterySag: 0	link quality: 41	flight time: 0s	pos 0.01 -0.00 -0.01	yaw: -0.36	msg/s 0.0
INFO: 15-07-2022 12:08:54 printStatus(168) -- Drogno_0: ready	battery: 3.611328125	kalman var: 0.0 0.0 0.0	 batterySag: 0	link quality: 35	flight time: 0s	pos 0.01 -0.00 -0.00	yaw: -0.42	msg/s 0.0
INFO: 15-07-2022 12:08:55 printStatus(168) -- Drogno_0: ready	battery: 3.611328125	kalman var: 0.0 0.0 0.0	 batterySag: 0	link quality: 35	flight time: 0s	pos 0.01 -0.00 -0.00	yaw: -0.43	msg/s 0.0
INFO: 15-07-2022 12:08:56 printStatus(168) -- Drogno_0: ready	battery: 3.611328125	kalman var: 0.0 0.0 0.0	 batterySag: 0	link quality: 35	flight time: 0s	pos 0.01 -0.00 -0.00	yaw: -0.42	msg/s 0.0
INFO: 15-07-2022 12:08:57 printStatus(168) -- Drogno_0: ready	battery: 3.611328125	kalman var: 0.001 0.0 0.001	 batterySag: 0	link quality: 36	flight time: 0s	pos 0.00 -0.00 -0.01	yaw: -0.37	msg/s 0.0
INFO: 15-07-2022 12:08:58 printStatus(168) -- Drogno_0: ready	battery: 3.611328125	kalman var: 0.0 0.0 0.0	 batterySag: 0	link quality: 36	flight time: 0s	pos 0.01 -0.00 -0.00	yaw: -0.46	msg/s 0.0
INFO: 15-07-2022 12:09:00 printStatus(168) -- Drogno_0: ready	battery: 3.611328125	kalman var: 0.001 0.001 0.001	 batterySag: 0	link quality: 36	flight time: 0s	pos 0.00 -0.00 -0.01	yaw: -0.43	msg/s 0.0
INFO: 15-07-2022 12:09:01 printStatus(168) -- Drogno_0: ready	battery: 3.611328125	kalman var: 0.0 0.0 0.0	 batterySag: 0	link quality: 37	flight time: 0s	pos 0.01 -0.00 -0.00	yaw: -0.42	msg/s 0.0
INFO: 15-07-2022 12:09:02 printStatus(168) -- Drogno_0: ready	battery: 3.611328125	kalman var: 0.0 0.0 0.0	 batterySag: 0	link quality: 37	flight time: 0s	pos 0.00 -0.10 -0.07	yaw: -6.59	msg/s 0.0
INFO: 15-07-2022 12:09:03 printStatus(168) -- Drogno_0: ready	battery: 3.611328125	kalman var: 0.0 0.0 0.0	 batterySag: 0	link quality: 36	flight time: 0s	pos 0.01 -0.00 -0.00	yaw: -0.70	msg/s 0.0
INFO: 15-07-2022 12:09:04 printStatus(168) -- Drogno_0: ready	battery: 3.611328125	kalman var: 0.0 0.0 0.0	 batterySag: 0	link quality: 40	flight time: 0s	pos 0.01 -0.00 -0.00	yaw: -0.41	msg/s 0.0
INFO: 15-07-2022 12:09:06 printStatus(168) -- Drogno_0: ready	battery: 3.611328125	kalman var: 0.0 0.0 0.0	 batterySag: 0	link quality: 36	flight time: 0s	pos 0.01 -0.00 -0.00	yaw: -0.43	msg/s 0.0
INFO: 15-07-2022 12:09:07 printStatus(168) -- Drogno_0: ready	battery: 3.611328125	kalman var: 0.001 0.0 0.001	 batterySag: 0	link quality: 35	flight time: 0s	pos 0.01 -0.00 -0.01	yaw: -0.44	msg/s 0.0
INFO: 15-07-2022 12:09:08 printStatus(168) -- Drogno_0: ready	battery: 3.611328125	kalman var: 0.0 0.0 0.0	 batterySag: 0	link quality: 35	flight time: 0s	pos 0.01 -0.00 -0.00	yaw: -0.47	msg/s 0.0
INFO: 15-07-2022 12:09:09 printStatus(168) -- Drogno_0: ready	battery: 3.611328125	kalman var: 0.001 0.001 0.001	 batterySag: 0	link quality: 35	flight time: 0s	pos 0.00 -0.00 -0.00	yaw: -0.39	msg/s 0.0
INFO: 15-07-2022 12:09:10 printStatus(168) -- Drogno_0: ready	battery: 3.60546875	kalman var: 0.0 0.0 0.0	 batterySag: 0	link quality: 35	flight time: 0s	pos 0.01 -0.00 -0.00	yaw: -0.43	msg/s 0.0
INFO: 15-07-2022 12:09:11 printStatus(168) -- Drogno_0: ready	battery: 3.611328125	kalman var: 0.0 0.0 0.0	 batterySag: 0	link quality: 35	flight time: 0s	pos 0.01 -0.00 -0.00	yaw: -0.41	msg/s 0.0
INFO: 15-07-2022 12:09:12 printStatus(168) -- Drogno_0: ready	battery: 3.60546875	kalman var: 0.0 0.0 0.0	 batterySag: 0	link quality: 35	flight time: 0s	pos 0.01 -0.00 -0.00	yaw: -0.87	msg/s 0.0
INFO: 15-07-2022 12:09:14 printStatus(168) -- Drogno_0: ready	battery: 3.60546875	kalman var: 0.0 0.0 0.0	 batterySag: 0	link quality: 35	flight time: 0s	pos 0.01 -0.00 -0.00	yaw: -0.49	msg/s 0.0
INFO: 15-07-2022 12:09:15 printStatus(168) -- Drogno_0: ready	battery: 3.60546875	kalman var: 0.0 0.0 0.0	 batterySag: 0	link quality: 35	flight time: 0s	pos 0.01 -0.00 -0.00	yaw: -0.43	msg/s 0.0
INFO: 15-07-2022 12:09:16 printStatus(168) -- Drogno_0: ready	battery: 3.60546875	kalman var: 0.0 0.0 0.0	 batterySag: 0	link quality: 35	flight time: 0s	pos 0.01 -0.00 -0.00	yaw: -0.38	msg/s 0.0
INFO: 15-07-2022 12:09:17 printStatus(168) -- Drogno_0: ready	battery: 3.60546875	kalman var: 0.0 0.0 0.0	 batterySag: 0	link quality: 35	flight time: 0s	pos 0.01 -0.00 -0.00	yaw: -0.44	msg/s 0.0
INFO: 15-07-2022 12:09:18 printStatus(168) -- Drogno_0: ready	battery: 3.60546875	kalman var: 0.0 0.0 0.0	 batterySag: 0	link quality: 35	flight time: 0s	pos 0.01 -0.00 -0.00	yaw: -0.41	msg/s 0.0
INFO: 15-07-2022 12:09:19 printStatus(168) -- Drogno_0: ready	battery: 3.60546875	kalman var: 0.0 0.0 0.0	 batterySag: 0	link quality: 35	flight time: 0s	pos 0.01 -0.00 -0.00	yaw: -0.45	msg/s 0.0
INFO: 15-07-2022 12:09:21 printStatus(168) -- Drogno_0: ready	battery: 3.60546875	kalman var: 0.0 0.0 0.0	 batterySag: 0	link quality: 35	flight time: 0s	pos 0.01 -0.00 -0.00	yaw: -0.41	msg/s 0.0
INFO: 15-07-2022 12:09:22 printStatus(168) -- Drogno_0: ready	battery: 3.599609375	kalman var: 0.0 0.0 0.0	 batterySag: 0	link quality: 35	flight time: 0s	pos 0.01 -0.00 -0.00	yaw: -0.86	msg/s 0.0
INFO: 15-07-2022 12:09:23 printStatus(168) -- Drogno_0: ready	battery: 3.599609375	kalman var: 0.0 0.0 0.0	 batterySag: 0	link quality: 35	flight time: 0s	pos 0.01 -0.00 -0.00	yaw: -0.43	msg/s 0.0
INFO: 15-07-2022 12:09:24 printStatus(168) -- Drogno_0: ready	battery: 3.599609375	kalman var: 0.0 0.0 0.0	 batterySag: 0	link quality: 35	flight time: 0s	pos 0.01 -0.00 -0.00	yaw: -0.38	msg/s 0.0
INFO: 15-07-2022 12:09:25 printStatus(168) -- Drogno_0: ready	battery: 3.599609375	kalman var: 0.0 0.0 0.0	 batterySag: 0	link quality: 35	flight time: 0s	pos 0.01 -0.00 -0.00	yaw: -0.41	msg/s 0.0
INFO: 15-07-2022 12:09:27 printStatus(168) -- Drogno_0: ready	battery: 3.599609375	kalman var: 0.0 0.0 0.0	 batterySag: 0	link quality: 35	flight time: 0s	pos 0.01 -0.00 -0.00	yaw: -0.41	msg/s 0.0
INFO: 15-07-2022 12:09:28 printStatus(168) -- Drogno_0: ready	battery: 3.599609375	kalman var: 0.0 0.0 0.0	 batterySag: 0	link quality: 35	flight time: 0s	pos 0.01 -0.00 -0.00	yaw: -0.40	msg/s 0.0
INFO: 15-07-2022 12:09:29 printStatus(168) -- Drogno_0: ready	battery: 3.599609375	kalman var: 0.0 0.0 0.0	 batterySag: 0	link quality: 35	flight time: 0s	pos 0.01 -0.00 -0.00	yaw: -0.42	msg/s 0.0
INFO: 15-07-2022 12:09:30 printStatus(168) -- Drogno_0: ready	battery: 3.599609375	kalman var: 0.0 0.0 0.0	 batterySag: 0	link quality: 35	flight time: 0s	pos 0.01 -0.00 -0.00	yaw: -0.44	msg/s 0.0
