INFO: 14-07-2022 18:41:56 __init__(129) -- This is dronelog running on Drogno_0
INFO: 14-07-2022 18:41:56 printStatus(165) -- Started
INFO: 14-07-2022 18:41:57 printStatus(168) -- Drogno_0: connecting	battery: n.p.	kalman var: 0 0 0	 batterySag: 0	link quality: 0	flight time: 0s	pos 0.00 0.00 0.00	yaw: 0.00	msg/s 0.0
INFO: 14-07-2022 18:41:58 printStatus(168) -- Drogno_0: connecting	battery: n.p.	kalman var: 0 0 0	 batterySag: 0	link quality: 0	flight time: 0s	pos 0.00 0.00 0.00	yaw: 0.00	msg/s 0.0
INFO: 14-07-2022 18:42:00 printStatus(168) -- Drogno_0: connecting	battery: n.p.	kalman var: 0 0 0	 batterySag: 0	link quality: 0	flight time: 0s	pos 0.00 0.00 0.00	yaw: 0.00	msg/s 0.0
INFO: 14-07-2022 18:42:01 printStatus(168) -- Drogno_0: connecting	battery: n.p.	kalman var: 0 0 0	 batterySag: 0	link quality: 0	flight time: 0s	pos 0.00 0.00 0.00	yaw: 0.00	msg/s 0.0
INFO: 14-07-2022 18:42:02 printStatus(168) -- Drogno_0: connecting	battery: n.p.	kalman var: 0 0 0	 batterySag: 0	link quality: 0	flight time: 0s	pos 0.00 0.00 0.00	yaw: 0.00	msg/s 0.0
INFO: 14-07-2022 18:42:03 printStatus(168) -- Drogno_0: connecting	battery: n.p.	kalman var: 0 0 0	 batterySag: 0	link quality: 0	flight time: 0s	pos 0.00 0.00 0.00	yaw: 0.00	msg/s 0.0
INFO: 14-07-2022 18:42:04 printStatus(168) -- Drogno_0: connecting	battery: n.p.	kalman var: 0 0 0	 batterySag: 0	link quality: 0	flight time: 0s	pos 0.00 0.00 0.00	yaw: 0.00	msg/s 0.0
INFO: 14-07-2022 18:42:06 printStatus(168) -- Drogno_0: connecting	battery: n.p.	kalman var: 0 0 0	 batterySag: 0	link quality: 0	flight time: 0s	pos 0.00 0.00 0.00	yaw: 0.00	msg/s 0.0
INFO: 14-07-2022 18:42:07 printStatus(168) -- Drogno_0: connecting	battery: n.p.	kalman var: 0 0 0	 batterySag: 0	link quality: 0	flight time: 0s	pos 0.00 0.00 0.00	yaw: 0.00	msg/s 0.0
INFO: 14-07-2022 18:42:08 printStatus(168) -- Drogno_0: connecting	battery: n.p.	kalman var: 0 0 0	 batterySag: 0	link quality: 0	flight time: 0s	pos 0.00 0.00 0.00	yaw: 0.00	msg/s 0.0
INFO: 14-07-2022 18:42:09 printStatus(168) -- Drogno_0: connecting	battery: n.p.	kalman var: 0 0 0	 batterySag: 0	link quality: 0	flight time: 0s	pos 0.00 0.00 0.00	yaw: 0.00	msg/s 0.0
INFO: 14-07-2022 18:42:10 printStatus(168) -- Drogno_0: connecting	battery: n.p.	kalman var: 0 0 0	 batterySag: 0	link quality: 0	flight time: 0s	pos 0.00 0.00 0.00	yaw: 0.00	msg/s 0.0
INFO: 14-07-2022 18:42:11 printStatus(168) -- Drogno_0: connecting	battery: n.p.	kalman var: 0 0 0	 batterySag: 0	link quality: 0	flight time: 0s	pos 0.00 0.00 0.00	yaw: 0.00	msg/s 0.0
INFO: 14-07-2022 18:42:13 printStatus(168) -- Drogno_0: connecting	battery: n.p.	kalman var: 0 0 0	 batterySag: 0	link quality: 0	flight time: 0s	pos 0.00 0.00 0.00	yaw: 0.00	msg/s 0.0
INFO: 14-07-2022 18:42:14 printStatus(168) -- Drogno_0: connecting	battery: n.p.	kalman var: 0 0 0	 batterySag: 0	link quality: 0	flight time: 0s	pos 0.00 0.00 0.00	yaw: 0.00	msg/s 0.0
INFO: 14-07-2022 18:42:15 printStatus(168) -- Drogno_0: connecting	battery: n.p.	kalman var: 0 0 0	 batterySag: 0	link quality: 0	flight time: 0s	pos 0.00 0.00 0.00	yaw: 0.00	msg/s 0.0
INFO: 14-07-2022 18:42:16 printStatus(168) -- Drogno_0: connecting	battery: n.p.	kalman var: 0 0 0	 batterySag: 0	link quality: 0	flight time: 0s	pos 0.00 0.00 0.00	yaw: 0.00	msg/s 0.0
INFO: 14-07-2022 18:42:17 printStatus(168) -- Drogno_0: connecting	battery: n.p.	kalman var: 0 0 0	 batterySag: 0	link quality: 0	flight time: 0s	pos 0.00 0.00 0.00	yaw: 0.00	msg/s 0.0
INFO: 14-07-2022 18:42:18 printStatus(168) -- Drogno_0: connecting	battery: n.p.	kalman var: 0 0 0	 batterySag: 0	link quality: 0	flight time: 0s	pos 0.00 0.00 0.00	yaw: 0.00	msg/s 0.0
INFO: 14-07-2022 18:42:20 printStatus(168) -- Drogno_0: connecting	battery: n.p.	kalman var: 0 0 0	 batterySag: 0	link quality: 0	flight time: 0s	pos 0.00 0.00 0.00	yaw: 0.00	msg/s 0.0
INFO: 14-07-2022 18:42:21 printStatus(168) -- Drogno_0: connecting	battery: n.p.	kalman var: 0 0 0	 batterySag: 0	link quality: 0	flight time: 0s	pos 0.00 0.00 0.00	yaw: 0.00	msg/s 0.0
INFO: 14-07-2022 18:42:22 printStatus(168) -- Drogno_0: connecting	battery: n.p.	kalman var: 0 0 0	 batterySag: 0	link quality: 0	flight time: 0s	pos 0.00 0.00 0.00	yaw: 0.00	msg/s 0.0
INFO: 14-07-2022 18:42:23 printStatus(168) -- Drogno_0: connecting	battery: n.p.	kalman var: 0 0 0	 batterySag: 0	link quality: 0	flight time: 0s	pos 0.00 0.00 0.00	yaw: 0.00	msg/s 0.0
INFO: 14-07-2022 18:42:24 printStatus(168) -- Drogno_0: connecting	battery: n.p.	kalman var: 0 0 0	 batterySag: 0	link quality: 0	flight time: 0s	pos 0.00 0.00 0.00	yaw: 0.00	msg/s 0.0
INFO: 14-07-2022 18:42:25 printStatus(168) -- Drogno_0: connecting	battery: n.p.	kalman var: 0 0 0	 batterySag: 0	link quality: 0	flight time: 0s	pos 0.00 0.00 0.00	yaw: 0.00	msg/s 0.0
INFO: 14-07-2022 18:42:27 printStatus(168) -- Drogno_0: connecting	battery: n.p.	kalman var: 0 0 0	 batterySag: 0	link quality: 0	flight time: 0s	pos 0.00 0.00 0.00	yaw: 0.00	msg/s 0.0
INFO: 14-07-2022 18:42:28 printStatus(168) -- Drogno_0: connecting	battery: n.p.	kalman var: 0 0 0	 batterySag: 0	link quality: 0	flight time: 0s	pos 0.00 0.00 0.00	yaw: 0.00	msg/s 0.0
INFO: 14-07-2022 18:42:29 printStatus(168) -- Drogno_0: connecting	battery: n.p.	kalman var: 0 0 0	 batterySag: 0	link quality: 0	flight time: 0s	pos 0.00 0.00 0.00	yaw: 0.00	msg/s 0.0
INFO: 14-07-2022 18:42:30 printStatus(168) -- Drogno_0: connecting	battery: n.p.	kalman var: 0 0 0	 batterySag: 0	link quality: 0	flight time: 0s	pos 0.00 0.00 0.00	yaw: 0.00	msg/s 0.0
INFO: 14-07-2022 18:42:31 printStatus(168) -- Drogno_0: connecting	battery: n.p.	kalman var: 0 0 0	 batterySag: 0	link quality: 0	flight time: 0s	pos 0.00 0.00 0.00	yaw: 0.00	msg/s 0.0
INFO: 14-07-2022 18:42:32 printStatus(168) -- Drogno_0: ready	battery: 3.7109375	kalman var: 0.0 0.0 0.0	 batterySag: 0	link quality: 35	flight time: 0s	pos -0.02 -0.03 -0.00	yaw: 1.19	msg/s 0.0
INFO: 14-07-2022 18:42:34 printStatus(168) -- Drogno_0: ready	battery: 3.7109375	kalman var: 0.0 0.0 0.0	 batterySag: 0	link quality: 35	flight time: 0s	pos -0.02 -0.03 -0.00	yaw: 1.19	msg/s 0.0
INFO: 14-07-2022 18:42:35 printStatus(168) -- Drogno_0: ready	battery: 3.7109375	kalman var: 0.0 0.0 0.0	 batterySag: 0	link quality: 35	flight time: 0s	pos -0.02 -0.02 -0.01	yaw: -0.01	msg/s 0.0
INFO: 14-07-2022 18:42:36 printStatus(168) -- Drogno_0: ready	battery: 3.705078125	kalman var: 0.0 0.0 0.0	 batterySag: 0	link quality: 35	flight time: 0s	pos -0.02 -0.03 -0.00	yaw: 1.03	msg/s 0.0
INFO: 14-07-2022 18:42:37 printStatus(168) -- Drogno_0: ready	battery: 3.7109375	kalman var: 0.0 0.0 0.0	 batterySag: 0	link quality: 35	flight time: 0s	pos -0.02 -0.03 -0.00	yaw: 1.16	msg/s 0.0
INFO: 14-07-2022 18:42:38 printStatus(168) -- Drogno_0: ready	battery: 3.7109375	kalman var: 0.001 0.001 0.001	 batterySag: 0	link quality: 35	flight time: 0s	pos -0.02 -0.03 -0.00	yaw: -0.49	msg/s 0.0
INFO: 14-07-2022 18:42:40 printStatus(168) -- Drogno_0: ready	battery: 3.7109375	kalman var: 0.0 0.0 0.0	 batterySag: 0	link quality: 42	flight time: 0s	pos -0.03 -0.03 0.12	yaw: 1.04	msg/s 0.0
INFO: 14-07-2022 18:42:41 printStatus(168) -- Drogno_0: ready	battery: 3.7109375	kalman var: 0.0 0.0 0.0	 batterySag: 0	link quality: 42	flight time: 0s	pos -0.04 -0.04 0.17	yaw: 0.66	msg/s 0.0
INFO: 14-07-2022 18:42:42 printStatus(168) -- Drogno_0: ready	battery: 3.7109375	kalman var: 0.001 0.001 0.001	 batterySag: 0	link quality: 41	flight time: 0s	pos -0.04 -0.04 0.16	yaw: 0.44	msg/s 0.0
INFO: 14-07-2022 18:42:43 printStatus(168) -- Drogno_0: ready	battery: 3.7109375	kalman var: 0.0 0.0 0.0	 batterySag: 0	link quality: 36	flight time: 0s	pos 0.07 -0.02 0.17	yaw: 4.43	msg/s 0.0
INFO: 14-07-2022 18:42:44 printStatus(168) -- Drogno_0: ready	battery: 3.705078125	kalman var: 0.0 0.0 0.0	 batterySag: 0	link quality: 36	flight time: 0s	pos 0.07 -0.03 0.17	yaw: 3.33	msg/s 0.0
INFO: 14-07-2022 18:42:45 printStatus(168) -- Drogno_0: ready	battery: 3.7109375	kalman var: 0.0 0.0 0.0	 batterySag: 0	link quality: 52	flight time: 0s	pos 0.12 -0.03 0.16	yaw: 4.66	msg/s 0.0
INFO: 14-07-2022 18:42:47 printStatus(168) -- Drogno_0: ready	battery: 3.7109375	kalman var: 0.0 0.0 0.0	 batterySag: 0	link quality: 38	flight time: 0s	pos 0.14 -0.02 0.15	yaw: 4.54	msg/s 0.0
INFO: 14-07-2022 18:42:48 printStatus(168) -- Drogno_0: ready	battery: 3.705078125	kalman var: 0.0 0.0 0.0	 batterySag: 0	link quality: 42	flight time: 0s	pos -0.07 -0.04 0.12	yaw: 0.19	msg/s 0.0
INFO: 14-07-2022 18:42:49 printStatus(168) -- Drogno_0: ready	battery: 3.7109375	kalman var: 0.0 0.0 0.0	 batterySag: 0	link quality: 35	flight time: 0s	pos -0.19 -0.01 0.08	yaw: 1.79	msg/s 0.0
INFO: 14-07-2022 18:42:50 printStatus(168) -- Drogno_0: ready	battery: 3.7109375	kalman var: 0.0 0.0 0.0	 batterySag: 0	link quality: 35	flight time: 0s	pos -0.20 -0.01 0.08	yaw: 1.71	msg/s 0.0
INFO: 14-07-2022 18:42:51 printStatus(168) -- Drogno_0: ready	battery: 3.705078125	kalman var: 0.0 0.0 0.0	 batterySag: 0	link quality: 35	flight time: 0s	pos -0.20 -0.03 0.08	yaw: 1.74	msg/s 0.0
INFO: 14-07-2022 18:42:53 printStatus(168) -- Drogno_0: ready	battery: 3.705078125	kalman var: 0.0 0.0 0.0	 batterySag: 0	link quality: 35	flight time: 0s	pos -0.19 -0.20 0.10	yaw: -1.19	msg/s 0.0
INFO: 14-07-2022 18:42:54 printStatus(168) -- Drogno_0: ready	battery: 3.705078125	kalman var: 0.0 0.0 0.0	 batterySag: 0	link quality: 35	flight time: 0s	pos -0.20 -0.22 0.11	yaw: -2.04	msg/s 0.0
INFO: 14-07-2022 18:42:55 printStatus(168) -- Drogno_0: ready	battery: 3.7109375	kalman var: 0.0 0.0 0.0	 batterySag: 0	link quality: 35	flight time: 0s	pos -0.25 0.06 0.12	yaw: 0.55	msg/s 0.0
INFO: 14-07-2022 18:42:56 printStatus(168) -- Drogno_0: ready	battery: 3.7109375	kalman var: 0.0 0.0 0.0	 batterySag: 0	link quality: 37	flight time: 0s	pos -0.25 0.11 0.11	yaw: 8.01	msg/s 0.0
INFO: 14-07-2022 18:42:57 printStatus(168) -- Drogno_0: ready	battery: 3.705078125	kalman var: 0.0 0.0 0.0	 batterySag: 0	link quality: 39	flight time: 0s	pos -0.24 0.11 0.10	yaw: 8.05	msg/s 0.0
INFO: 14-07-2022 18:42:58 printStatus(168) -- Drogno_0: ready	battery: 3.7109375	kalman var: 0.0 0.0 0.0	 batterySag: 0	link quality: 35	flight time: 0s	pos -0.22 0.13 0.00	yaw: 8.00	msg/s 0.0
INFO: 14-07-2022 18:43:00 printStatus(168) -- Drogno_0: ready	battery: 3.705078125	kalman var: 0.0 0.0 0.0	 batterySag: 0	link quality: 35	flight time: 0s	pos -0.23 0.13 -0.01	yaw: 9.27	msg/s 0.0
INFO: 14-07-2022 18:43:01 printStatus(168) -- Drogno_0: ready	battery: 3.705078125	kalman var: 0.0 0.0 0.0	 batterySag: 0	link quality: 35	flight time: 0s	pos -0.23 0.13 -0.01	yaw: 9.33	msg/s 0.0
INFO: 14-07-2022 18:43:02 printStatus(168) -- Drogno_0: ready	battery: 3.705078125	kalman var: 0.0 0.0 0.0	 batterySag: 0	link quality: 35	flight time: 0s	pos -0.19 0.08 0.02	yaw: 5.04	msg/s 0.0
INFO: 14-07-2022 18:43:03 printStatus(168) -- Drogno_0: ready	battery: 3.7109375	kalman var: 0.0 0.0 0.0	 batterySag: 0	link quality: 35	flight time: 0s	pos -0.02 -0.03 0.02	yaw: 5.38	msg/s 0.0
INFO: 14-07-2022 18:43:04 printStatus(168) -- Drogno_0: ready	battery: 3.705078125	kalman var: 0.0 0.0 0.0	 batterySag: 0	link quality: 35	flight time: 0s	pos -0.01 -0.01 -0.00	yaw: 8.49	msg/s 0.0
INFO: 14-07-2022 18:43:05 printStatus(168) -- Drogno_0: ready	battery: 3.705078125	kalman var: 0.0 0.0 0.0	 batterySag: 0	link quality: 35	flight time: 0s	pos -0.01 -0.01 -0.00	yaw: 8.62	msg/s 0.0
INFO: 14-07-2022 18:43:07 printStatus(168) -- Drogno_0: ready	battery: 3.705078125	kalman var: 0.0 0.0 0.0	 batterySag: 0	link quality: 35	flight time: 0s	pos -0.02 -0.01 -0.00	yaw: 8.66	msg/s 0.0
INFO: 14-07-2022 18:43:08 printStatus(168) -- Drogno_0: ready	battery: 3.7109375	kalman var: 0.0 0.0 0.0	 batterySag: 0	link quality: 35	flight time: 0s	pos -0.02 -0.01 -0.00	yaw: 8.03	msg/s 0.0
INFO: 14-07-2022 18:43:09 printStatus(168) -- Drogno_0: ready	battery: 3.705078125	kalman var: 0.0 0.0 0.0	 batterySag: 0	link quality: 35	flight time: 0s	pos -0.01 -0.01 -0.00	yaw: 8.66	msg/s 0.0
INFO: 14-07-2022 18:43:10 printStatus(168) -- Drogno_0: ready	battery: 3.7109375	kalman var: 0.001 0.001 0.001	 batterySag: 0	link quality: 35	flight time: 0s	pos -0.01 -0.01 -0.00	yaw: 7.94	msg/s 0.0
INFO: 14-07-2022 18:43:11 printStatus(168) -- Drogno_0: ready	battery: 3.705078125	kalman var: 0.0 0.0 0.0	 batterySag: 0	link quality: 35	flight time: 0s	pos -0.01 -0.01 -0.00	yaw: -3.73	msg/s 0.0
INFO: 14-07-2022 18:43:13 printStatus(168) -- Drogno_0: ready	battery: 3.705078125	kalman var: 0.001 0.001 0.001	 batterySag: 0	link quality: 35	flight time: 0s	pos -0.03 -0.03 -0.02	yaw: -59.62	msg/s 0.0
INFO: 14-07-2022 18:43:14 printStatus(168) -- Drogno_0: ready	battery: 3.705078125	kalman var: 0.0 0.0 0.0	 batterySag: 0	link quality: 37	flight time: 0s	pos -0.02 0.00 -0.00	yaw: -91.81	msg/s 0.0
INFO: 14-07-2022 18:43:15 printStatus(168) -- Drogno_0: ready	battery: 3.7109375	kalman var: 0.0 0.0 0.0	 batterySag: 0	link quality: 35	flight time: 0s	pos -0.01 -0.01 -0.01	yaw: -85.38	msg/s 0.0
INFO: 14-07-2022 18:43:16 printStatus(168) -- Drogno_0: ready	battery: 3.705078125	kalman var: 0.0 0.0 0.0	 batterySag: 0	link quality: 35	flight time: 0s	pos -0.02 0.00 -0.00	yaw: -85.62	msg/s 0.0
INFO: 14-07-2022 18:43:17 printStatus(168) -- Drogno_0: ready	battery: 3.705078125	kalman var: 0.0 0.0 0.0	 batterySag: 0	link quality: 47	flight time: 0s	pos -0.03 -0.00 0.09	yaw: -83.44	msg/s 0.0
INFO: 14-07-2022 18:43:18 printStatus(168) -- Drogno_0: ready	battery: 3.7109375	kalman var: 0.0 0.0 0.0	 batterySag: 0	link quality: 45	flight time: 0s	pos -0.03 -0.01 0.09	yaw: -84.38	msg/s 0.0
INFO: 14-07-2022 18:43:20 printStatus(168) -- Drogno_0: ready	battery: 3.7109375	kalman var: 0.001 0.001 0.001	 batterySag: 0	link quality: 38	flight time: 0s	pos -0.03 -0.03 0.11	yaw: -110.75	msg/s 0.0
INFO: 14-07-2022 18:43:21 printStatus(168) -- Drogno_0: ready	battery: 3.7109375	kalman var: 0.0 0.0 0.0	 batterySag: 0	link quality: 35	flight time: 0s	pos -0.09 0.01 0.13	yaw: -167.88	msg/s 0.0
INFO: 14-07-2022 18:43:22 printStatus(168) -- Drogno_0: ready	battery: 3.7109375	kalman var: 0.0 0.0 0.0	 batterySag: 0	link quality: 35	flight time: 0s	pos -0.10 0.02 0.11	yaw: -167.25	msg/s 0.0
INFO: 14-07-2022 18:43:23 printStatus(168) -- Drogno_0: ready	battery: 3.705078125	kalman var: 0.0 0.001 0.001	 batterySag: 0	link quality: 35	flight time: 0s	pos -0.11 0.04 0.10	yaw: -162.12	msg/s 0.0
INFO: 14-07-2022 18:43:24 printStatus(168) -- Drogno_0: ready	battery: 3.705078125	kalman var: 0.0 0.0 0.0	 batterySag: 0	link quality: 35	flight time: 0s	pos -0.10 0.00 0.13	yaw: 176.25	msg/s 0.0
INFO: 14-07-2022 18:43:26 printStatus(168) -- Drogno_0: ready	battery: 3.7109375	kalman var: 0.0 0.0 0.0	 batterySag: 0	link quality: 35	flight time: 0s	pos -0.12 0.01 0.14	yaw: 161.88	msg/s 0.0
INFO: 14-07-2022 18:43:27 printStatus(168) -- Drogno_0: ready	battery: 3.7109375	kalman var: 0.0 0.0 0.0	 batterySag: 0	link quality: 35	flight time: 0s	pos -0.12 0.00 0.14	yaw: 168.50	msg/s 0.0
INFO: 14-07-2022 18:43:28 printStatus(168) -- Drogno_0: ready	battery: 3.705078125	kalman var: 0.0 0.0 0.0	 batterySag: 0	link quality: 35	flight time: 0s	pos -0.12 0.00 0.14	yaw: 175.75	msg/s 0.0
INFO: 14-07-2022 18:43:29 printStatus(168) -- Drogno_0: ready	battery: 3.7109375	kalman var: 0.0 0.0 0.0	 batterySag: 0	link quality: 35	flight time: 0s	pos -0.12 -0.01 0.14	yaw: -179.12	msg/s 0.0
INFO: 14-07-2022 18:43:30 printStatus(168) -- Drogno_0: ready	battery: 3.705078125	kalman var: 0.0 0.0 0.0	 batterySag: 0	link quality: 35	flight time: 0s	pos -0.11 -0.02 0.14	yaw: -173.50	msg/s 0.0
INFO: 14-07-2022 18:43:31 printStatus(168) -- Drogno_0: ready	battery: 3.705078125	kalman var: 0.0 0.0 0.0	 batterySag: 0	link quality: 35	flight time: 0s	pos -0.12 -0.01 0.13	yaw: -177.38	msg/s 0.0
INFO: 14-07-2022 18:43:33 printStatus(168) -- Drogno_0: ready	battery: 3.705078125	kalman var: 0.0 0.0 0.0	 batterySag: 0	link quality: 37	flight time: 0s	pos -0.06 -0.03 0.09	yaw: -116.31	msg/s 0.0
INFO: 14-07-2022 18:43:34 printStatus(168) -- Drogno_0: ready	battery: 3.705078125	kalman var: 0.0 0.0 0.0	 batterySag: 0	link quality: 35	flight time: 0s	pos -0.02 0.01 0.00	yaw: -42.69	msg/s 0.0
INFO: 14-07-2022 18:43:35 printStatus(168) -- Drogno_0: ready	battery: 3.705078125	kalman var: 0.0 0.0 0.0	 batterySag: 0	link quality: 35	flight time: 0s	pos -0.03 -0.01 -0.00	yaw: -29.83	msg/s 0.0
INFO: 14-07-2022 18:43:36 printStatus(168) -- Drogno_0: ready	battery: 3.7109375	kalman var: 0.0 0.0 0.0	 batterySag: 0	link quality: 35	flight time: 0s	pos -0.03 -0.02 -0.00	yaw: 27.19	msg/s 0.0
INFO: 14-07-2022 18:43:37 printStatus(168) -- Drogno_0: ready	battery: 3.705078125	kalman var: 0.0 0.0 0.0	 batterySag: 0	link quality: 35	flight time: 0s	pos -0.02 -0.01 -0.00	yaw: 85.12	msg/s 0.0
INFO: 14-07-2022 18:43:39 printStatus(168) -- Drogno_0: ready	battery: 3.7109375	kalman var: 0.0 0.0 0.0	 batterySag: 0	link quality: 35	flight time: 0s	pos -0.02 -0.00 -0.00	yaw: 91.31	msg/s 0.0
INFO: 14-07-2022 18:43:40 printStatus(168) -- Drogno_0: ready	battery: 3.7109375	kalman var: 0.0 0.0 0.0	 batterySag: 0	link quality: 35	flight time: 0s	pos -0.02 -0.00 -0.00	yaw: 91.31	msg/s 0.0
INFO: 14-07-2022 18:43:41 printStatus(168) -- Drogno_0: ready	battery: 3.7109375	kalman var: 0.0 0.001 0.0	 batterySag: 0	link quality: 35	flight time: 0s	pos 0.00 -0.00 -0.00	yaw: 89.44	msg/s 0.0
INFO: 14-07-2022 18:43:42 printStatus(168) -- Drogno_0: ready	battery: 3.7109375	kalman var: 0.0 0.0 0.0	 batterySag: 0	link quality: 35	flight time: 0s	pos -0.03 0.00 -0.00	yaw: 36.88	msg/s 0.0
INFO: 14-07-2022 18:43:43 printStatus(168) -- Drogno_0: ready	battery: 3.7109375	kalman var: 0.0 0.0 0.0	 batterySag: 0	link quality: 35	flight time: 0s	pos -0.03 0.00 -0.00	yaw: -1.15	msg/s 0.0
INFO: 14-07-2022 18:43:44 printStatus(168) -- Drogno_0: ready	battery: 3.7109375	kalman var: 0.0 0.0 0.0	 batterySag: 0	link quality: 35	flight time: 0s	pos -0.03 0.00 -0.00	yaw: -0.73	msg/s 0.0
INFO: 14-07-2022 18:43:46 printStatus(168) -- Drogno_0: ready	battery: 3.7109375	kalman var: 0.0 0.0 0.0	 batterySag: 0	link quality: 35	flight time: 0s	pos -0.03 0.00 -0.00	yaw: -0.75	msg/s 0.0
INFO: 14-07-2022 18:43:47 printStatus(168) -- Drogno_0: ready	battery: 3.7109375	kalman var: 0.0 0.0 0.0	 batterySag: 0	link quality: 35	flight time: 0s	pos -0.03 0.00 -0.00	yaw: -0.79	msg/s 0.0
INFO: 14-07-2022 18:43:48 printStatus(168) -- Drogno_0: ready	battery: 3.7109375	kalman var: 0.0 0.0 0.0	 batterySag: 0	link quality: 35	flight time: 0s	pos -0.03 0.00 -0.00	yaw: -0.69	msg/s 0.0
INFO: 14-07-2022 18:43:49 printStatus(168) -- Drogno_0: ready	battery: 3.705078125	kalman var: 0.0 0.0 0.0	 batterySag: 0	link quality: 35	flight time: 0s	pos -0.03 0.00 -0.00	yaw: -0.75	msg/s 0.0
INFO: 14-07-2022 18:43:50 printStatus(168) -- Drogno_0: ready	battery: 3.7109375	kalman var: 0.0 0.0 0.0	 batterySag: 0	link quality: 35	flight time: 0s	pos -0.03 0.00 -0.00	yaw: -0.71	msg/s 0.0
INFO: 14-07-2022 18:43:51 printStatus(168) -- Drogno_0: ready	battery: 3.7109375	kalman var: 0.0 0.0 0.0	 batterySag: 0	link quality: 35	flight time: 0s	pos -0.03 0.00 -0.00	yaw: -0.71	msg/s 0.0
INFO: 14-07-2022 18:43:52 printStatus(168) -- Drogno_0: ready	battery: 3.705078125	kalman var: 0.0 0.0 0.0	 batterySag: 0	link quality: 35	flight time: 0s	pos -0.03 0.00 -0.00	yaw: -0.74	msg/s 0.0
INFO: 14-07-2022 18:43:54 printStatus(168) -- Drogno_0: ready	battery: 3.705078125	kalman var: 0.0 0.0 0.0	 batterySag: 0	link quality: 35	flight time: 0s	pos -0.03 0.00 -0.00	yaw: -0.76	msg/s 0.0
INFO: 14-07-2022 18:43:55 printStatus(168) -- Drogno_0: ready	battery: 3.705078125	kalman var: 0.0 0.0 0.0	 batterySag: 0	link quality: 35	flight time: 0s	pos -0.03 0.00 -0.00	yaw: -0.74	msg/s 0.0
INFO: 14-07-2022 18:43:56 printStatus(168) -- Drogno_0: ready	battery: 3.705078125	kalman var: 0.0 0.0 0.0	 batterySag: 0	link quality: 35	flight time: 0s	pos -0.03 0.00 -0.00	yaw: -0.72	msg/s 0.0
INFO: 14-07-2022 18:43:57 printStatus(168) -- Drogno_0: ready	battery: 3.705078125	kalman var: 0.0 0.0 0.0	 batterySag: 0	link quality: 35	flight time: 0s	pos -0.03 0.00 -0.00	yaw: -0.73	msg/s 0.0
INFO: 14-07-2022 18:43:58 printStatus(168) -- Drogno_0: ready	battery: 3.705078125	kalman var: 0.0 0.0 0.0	 batterySag: 0	link quality: 35	flight time: 0s	pos -0.03 0.00 -0.00	yaw: -0.77	msg/s 0.0
INFO: 14-07-2022 18:43:59 printStatus(168) -- Drogno_0: ready	battery: 3.7109375	kalman var: 0.0 0.0 0.0	 batterySag: 0	link quality: 35	flight time: 0s	pos -0.03 0.00 -0.00	yaw: -0.71	msg/s 0.0
INFO: 14-07-2022 18:44:01 printStatus(168) -- Drogno_0: ready	battery: 3.705078125	kalman var: 0.0 0.0 0.0	 batterySag: 0	link quality: 35	flight time: 0s	pos -0.03 0.00 -0.00	yaw: -2.16	msg/s 0.0
INFO: 14-07-2022 18:44:02 printStatus(168) -- Drogno_0: ready	battery: 3.705078125	kalman var: 0.0 0.0 0.0	 batterySag: 0	link quality: 35	flight time: 0s	pos -0.03 0.00 -0.00	yaw: -0.80	msg/s 0.0
INFO: 14-07-2022 18:44:03 printStatus(168) -- Drogno_0: ready	battery: 3.705078125	kalman var: 0.0 0.0 0.0	 batterySag: 0	link quality: 35	flight time: 0s	pos -0.03 0.00 -0.00	yaw: -0.73	msg/s 0.0
INFO: 14-07-2022 18:44:04 printStatus(168) -- Drogno_0: ready	battery: 3.705078125	kalman var: 0.0 0.0 0.0	 batterySag: 0	link quality: 35	flight time: 0s	pos -0.03 0.00 -0.00	yaw: -0.75	msg/s 0.0
INFO: 14-07-2022 18:44:05 printStatus(168) -- Drogno_0: ready	battery: 3.705078125	kalman var: 0.0 0.0 0.0	 batterySag: 0	link quality: 35	flight time: 0s	pos -0.03 0.00 -0.00	yaw: -0.71	msg/s 0.0
INFO: 14-07-2022 18:44:06 printStatus(168) -- Drogno_0: ready	battery: 3.705078125	kalman var: 0.0 0.0 0.0	 batterySag: 0	link quality: 35	flight time: 0s	pos -0.03 0.00 -0.00	yaw: -0.74	msg/s 0.0
INFO: 14-07-2022 18:44:08 printStatus(168) -- Drogno_0: ready	battery: 3.705078125	kalman var: 0.0 0.0 0.0	 batterySag: 0	link quality: 35	flight time: 0s	pos -0.03 0.00 -0.00	yaw: -0.71	msg/s 0.0
INFO: 14-07-2022 18:44:09 printStatus(168) -- Drogno_0: ready	battery: 3.705078125	kalman var: 0.0 0.0 0.0	 batterySag: 0	link quality: 35	flight time: 0s	pos -0.03 0.00 -0.00	yaw: -0.68	msg/s 0.0
INFO: 14-07-2022 18:44:10 printStatus(168) -- Drogno_0: ready	battery: 3.705078125	kalman var: 0.0 0.0 0.0	 batterySag: 0	link quality: 35	flight time: 0s	pos -0.03 -0.01 -0.00	yaw: -5.48	msg/s 0.0
