INFO: 2021-10-09 17:36:18 __init__(134) -- This is dronelog running on Drogno_4
INFO: 2021-10-09 17:36:19 printStatus(172) -- Started
INFO: 2021-10-09 17:36:20 printStatus(175) -- Drogno_4: connecting		battery n.p.	pos 0.00 0.00 0.00	yaw: 0.00	msg/s 0.0	link quality: 0	kalman var: 0 0 0	flight time: 0s	 batterySag: 0
INFO: 2021-10-09 17:36:22 printStatus(175) -- Drogno_4: connecting		battery n.p.	pos 0.00 0.00 0.00	yaw: 0.00	msg/s 0.0	link quality: 0	kalman var: 0 0 0	flight time: 0s	 batterySag: 0
INFO: 2021-10-09 17:36:23 printStatus(175) -- Drogno_4: landed		battery n.p.	pos 0.00 0.00 0.00	yaw: 0.00	msg/s 0.0	link quality: 0	kalman var: 0 0 0	flight time: 0s	 batterySag: 0
INFO: 2021-10-09 17:36:25 printStatus(175) -- Drogno_4: landed		battery n.p.	pos 0.00 0.00 0.00	yaw: 0.00	msg/s 0.0	link quality: 0	kalman var: 0 0 0	flight time: 0s	 batterySag: 0
INFO: 2021-10-09 17:36:26 printStatus(175) -- Drogno_4: ready		battery 4.14	pos 1.32 0.75 -0.00	yaw: -154.50	msg/s 0.0	link quality: 43	kalman var: 0.001 0.001 0.0	flight time: 0s	 batterySag: 0.7548828125
INFO: 2021-10-09 17:36:28 printStatus(175) -- Drogno_4: ready		battery 4.14	pos 1.33 0.75 -0.00	yaw: -161.38	msg/s 0.0	link quality: 43	kalman var: 0.001 0.001 0.001	flight time: 0s	 batterySag: 0.7548828125
INFO: 2021-10-09 17:36:30 printStatus(175) -- Drogno_4: hovering		battery 4.14	pos 1.33 0.75 -0.00	yaw: -164.00	msg/s 0.0	link quality: 43	kalman var: 0.0 0.0 0.0	flight time: 0s	 batterySag: 0.7548828125
INFO: 2021-10-09 17:36:31 printStatus(175) -- Drogno_4: ready		battery 3.71	pos 1.31 0.76 0.21	yaw: -68.12	msg/s 0.0	link quality: 44	kalman var: 0.001 0.001 0.001	flight time: 0s	 batterySag: 0.7548828125
INFO: 2021-10-09 17:36:33 printStatus(175) -- Drogno_4: ready		battery 3.76	pos 1.33 0.77 0.78	yaw: 4.00	msg/s 0.0	link quality: 45	kalman var: 0.0 0.0 0.0	flight time: 1s	 batterySag: 0.7548828125
INFO: 2021-10-09 17:36:34 printStatus(175) -- Drogno_4: ready		battery 3.73	pos 1.32 0.75 0.86	yaw: 2.73	msg/s 0.0	link quality: 44	kalman var: 0.001 0.001 0.001	flight time: 3s	 batterySag: 0.7548828125
INFO: 2021-10-09 17:36:36 printStatus(175) -- Drogno_4: ready		battery 3.71	pos 1.33 0.75 0.84	yaw: 1.86	msg/s 0.0	link quality: 45	kalman var: 0.0 0.0 0.0	flight time: 4s	 batterySag: 0.7548828125
INFO: 2021-10-09 17:36:38 printStatus(175) -- Drogno_4: ready		battery 3.7	pos 1.33 0.75 0.84	yaw: 1.50	msg/s 0.0	link quality: 45	kalman var: 0.001 0.001 0.001	flight time: 6s	 batterySag: 0.7548828125
INFO: 2021-10-09 17:36:39 printStatus(175) -- Drogno_4: ready		battery 3.68	pos 1.33 0.75 0.82	yaw: 0.89	msg/s 0.0	link quality: 46	kalman var: 0.0 0.0 0.0	flight time: 8s	 batterySag: 0.7548828125
INFO: 2021-10-09 17:36:41 printStatus(175) -- Drogno_4: ready		battery 3.66	pos 1.32 0.75 0.81	yaw: 0.33	msg/s 0.0	link quality: 42	kalman var: 0.0 0.0 0.0	flight time: 10s	 batterySag: 0.7548828125
INFO: 2021-10-09 17:36:43 printStatus(175) -- Drogno_4: hovering		battery 3.66	pos 1.33 0.76 0.81	yaw: 0.34	msg/s 2.6666666666666665	link quality: 46	kalman var: 0.0 0.0 0.0	flight time: 11s	 batterySag: 0.7548828125
INFO: 2021-10-09 17:36:44 printStatus(175) -- Drogno_4: hovering		battery 3.67	pos 0.51 0.08 1.16	yaw: 2.24	msg/s 36.0	link quality: 46	kalman var: 0.0 0.0 0.001	flight time: 13s	 batterySag: 0.7548828125
INFO: 2021-10-09 17:36:46 printStatus(175) -- Drogno_4: ready		battery 3.63	pos -0.17 -0.25 1.13	yaw: 1.48	msg/s 34.666666666666664	link quality: 53	kalman var: 0.001 0.001 0.001	flight time: 14s	 batterySag: 0.7548828125
INFO: 2021-10-09 17:36:47 printStatus(175) -- Drogno_4: hovering		battery 3.64	pos -0.36 -0.08 1.14	yaw: 0.85	msg/s 38.666666666666664	link quality: 48	kalman var: 0.0 0.0 0.0	flight time: 16s	 batterySag: 0.7548828125
INFO: 2021-10-09 17:36:49 printStatus(175) -- Drogno_4: hovering		battery 3.63	pos -0.23 -0.03 1.13	yaw: -0.42	msg/s 37.333333333333336	link quality: 42	kalman var: 0.001 0.001 0.001	flight time: 18s	 batterySag: 0.7548828125
INFO: 2021-10-09 17:36:50 printStatus(175) -- Drogno_4: hovering		battery 3.63	pos -0.23 -0.03 1.13	yaw: -0.47	msg/s 38.666666666666664	link quality: 44	kalman var: 0.0 0.0 0.0	flight time: 19s	 batterySag: 0.7548828125
INFO: 2021-10-09 17:36:52 printStatus(175) -- Drogno_4: moving		battery 3.61	pos -0.24 -0.02 1.12	yaw: 0.86	msg/s 36.0	link quality: 47	kalman var: 0.0 0.0 0.0	flight time: 21s	 batterySag: 0.7548828125
INFO: 2021-10-09 17:36:54 printStatus(175) -- Drogno_4: hovering		battery 3.61	pos -0.23 -0.02 1.12	yaw: 1.56	msg/s 34.666666666666664	link quality: 42	kalman var: 0.0 0.0 0.0	flight time: 22s	 batterySag: 0.7548828125
INFO: 2021-10-09 17:36:55 printStatus(175) -- Drogno_4: hovering		battery 3.61	pos -0.23 -0.03 1.12	yaw: 1.25	msg/s 36.0	link quality: 42	kalman var: 0.001 0.001 0.001	flight time: 24s	 batterySag: 0.7548828125
INFO: 2021-10-09 17:36:57 printStatus(175) -- Drogno_4: hovering		battery 3.61	pos -0.23 -0.02 1.12	yaw: 0.82	msg/s 37.333333333333336	link quality: 43	kalman var: 0.0 0.0 0.0	flight time: 25s	 batterySag: 0.7548828125
INFO: 2021-10-09 17:36:58 printStatus(175) -- Drogno_4: hovering		battery 3.59	pos -0.24 -0.03 1.12	yaw: 0.12	msg/s 36.0	link quality: 46	kalman var: 0.0 0.0 0.0	flight time: 27s	 batterySag: 0.7548828125
INFO: 2021-10-09 17:37:00 printStatus(175) -- Drogno_4: hovering		battery 3.59	pos -0.32 -0.02 1.13	yaw: 0.53	msg/s 38.666666666666664	link quality: 40	kalman var: 0.0 0.0 0.0	flight time: 28s	 batterySag: 0.7548828125
INFO: 2021-10-09 17:37:01 printStatus(175) -- Drogno_4: moving		battery 3.59	pos -0.34 -0.03 1.15	yaw: -0.04	msg/s 40.0	link quality: 38	kalman var: 0.0 0.0 0.0	flight time: 30s	 batterySag: 0.7548828125
INFO: 2021-10-09 17:37:03 printStatus(175) -- Drogno_4: moving		battery 3.59	pos -0.34 -0.02 1.20	yaw: -0.80	msg/s 40.0	link quality: 40	kalman var: 0.0 0.0 0.0	flight time: 32s	 batterySag: 0.7548828125
INFO: 2021-10-09 17:37:05 printStatus(175) -- Drogno_4: hovering		battery 3.58	pos 0.67 0.01 1.05	yaw: -0.28	msg/s 36.0	link quality: 39	kalman var: 0.001 0.001 0.001	flight time: 33s	 batterySag: 0.7548828125
INFO: 2021-10-09 17:37:07 printStatus(175) -- Drogno_4: hovering		battery 3.57	pos 0.80 0.02 1.02	yaw: 1.02	msg/s 37.333333333333336	link quality: 46	kalman var: 0.001 0.001 0.001	flight time: 35s	 batterySag: 0.7548828125
INFO: 2021-10-09 17:37:08 printStatus(175) -- Drogno_4: hovering		battery 3.55	pos 1.09 0.06 1.03	yaw: -1.70	msg/s 36.0	link quality: 40	kalman var: 0.0 0.0 0.0	flight time: 37s	 batterySag: 0.7548828125
INFO: 2021-10-09 17:37:10 printStatus(175) -- Drogno_4: hovering		battery 3.56	pos 1.56 0.03 0.92	yaw: 2.37	msg/s 40.0	link quality: 39	kalman var: 0.0 0.0 0.0	flight time: 39s	 batterySag: 0.7548828125
INFO: 2021-10-09 17:37:11 printStatus(175) -- Drogno_4: hovering		battery 3.56	pos 1.68 0.03 0.90	yaw: -0.73	msg/s 41.333333333333336	link quality: 40	kalman var: 0.0 0.0 0.0	flight time: 40s	 batterySag: 0.7548828125
INFO: 2021-10-09 17:37:13 printStatus(175) -- Drogno_4: hovering		battery 3.56	pos 1.60 0.01 0.23	yaw: -0.34	msg/s 38.666666666666664	link quality: 46	kalman var: 0.0 0.0 0.0	flight time: 42s	 batterySag: 0.7548828125
INFO: 2021-10-09 17:37:14 printStatus(175) -- Drogno_4: hovering		battery 3.56	pos 1.59 -0.00 0.22	yaw: 1.05	msg/s 41.333333333333336	link quality: 51	kalman var: 0.0 0.0 0.0	flight time: 43s	 batterySag: 0.7548828125
INFO: 2021-10-09 17:37:16 printStatus(175) -- Drogno_4: hovering		battery 3.58	pos 1.63 0.01 0.87	yaw: 1.28	msg/s 37.333333333333336	link quality: 41	kalman var: 0.002 0.002 0.001	flight time: 45s	 batterySag: 0.7548828125
INFO: 2021-10-09 17:37:18 printStatus(175) -- Drogno_4: hovering		battery 3.55	pos 1.66 0.00 0.92	yaw: 0.18	msg/s 37.333333333333336	link quality: 42	kalman var: 0.0 0.0 0.0	flight time: 47s	 batterySag: 0.7548828125
INFO: 2021-10-09 17:37:19 printStatus(175) -- Drogno_4: hovering		battery 3.54	pos 1.66 0.01 0.92	yaw: -0.92	msg/s 38.666666666666664	link quality: 42	kalman var: 0.0 0.0 0.0	flight time: 48s	 batterySag: 0.7548828125
INFO: 2021-10-09 17:37:21 printStatus(175) -- Drogno_4: hovering		battery 3.53	pos 1.64 0.01 0.96	yaw: 1.13	msg/s 37.333333333333336	link quality: 44	kalman var: 0.001 0.001 0.001	flight time: 50s	 batterySag: 0.7548828125
INFO: 2021-10-09 17:37:23 printStatus(175) -- Drogno_4: hovering		battery 3.53	pos 1.62 0.01 0.97	yaw: 0.95	msg/s 37.333333333333336	link quality: 44	kalman var: 0.001 0.001 0.001	flight time: 51s	 batterySag: 0.7548828125
INFO: 2021-10-09 17:37:24 printStatus(175) -- Drogno_4: hovering		battery 3.53	pos 1.34 0.01 1.01	yaw: -0.43	msg/s 38.666666666666664	link quality: 42	kalman var: 0.001 0.001 0.001	flight time: 53s	 batterySag: 0.7548828125
INFO: 2021-10-09 17:37:26 printStatus(175) -- Drogno_4: hovering		battery 3.52	pos 1.35 0.01 1.00	yaw: -0.26	msg/s 38.666666666666664	link quality: 42	kalman var: 0.002 0.002 0.001	flight time: 54s	 batterySag: 0.7548828125
INFO: 2021-10-09 17:37:27 printStatus(175) -- Drogno_4: hovering		battery 3.52	pos 1.15 0.01 1.03	yaw: -0.19	msg/s 38.666666666666664	link quality: 39	kalman var: 0.003 0.003 0.002	flight time: 56s	 batterySag: 0.7548828125
INFO: 2021-10-09 17:37:29 printStatus(175) -- Drogno_4: moving		battery 3.51	pos 1.01 0.01 1.03	yaw: -0.77	msg/s 41.333333333333336	link quality: 48	kalman var: 0.0 0.0 0.0	flight time: 57s	 batterySag: 0.7548828125
INFO: 2021-10-09 17:37:30 printStatus(175) -- Drogno_4: hovering		battery 3.52	pos 0.96 0.01 1.05	yaw: -0.51	msg/s 38.666666666666664	link quality: 44	kalman var: 0.001 0.001 0.001	flight time: 59s	 batterySag: 0.7548828125
INFO: 2021-10-09 17:37:32 printStatus(175) -- Drogno_4: hovering		battery 3.51	pos 0.71 0.02 1.06	yaw: -0.33	msg/s 37.333333333333336	link quality: 53	kalman var: 0.0 0.0 0.0	flight time: 61s	 batterySag: 0.7548828125
INFO: 2021-10-09 17:37:33 printStatus(175) -- Drogno_4: hovering		battery 3.51	pos 0.62 0.01 1.07	yaw: 0.60	msg/s 36.0	link quality: 40	kalman var: 0.001 0.001 0.001	flight time: 62s	 batterySag: 0.7548828125
INFO: 2021-10-09 17:37:35 printStatus(175) -- Drogno_4: hovering		battery 3.51	pos 0.17 -0.01 1.10	yaw: -0.77	msg/s 37.333333333333336	link quality: 38	kalman var: 0.0 0.0 0.0	flight time: 64s	 batterySag: 0.7548828125
INFO: 2021-10-09 17:37:37 printStatus(175) -- Drogno_4: hovering		battery 3.5	pos 0.08 -0.02 1.08	yaw: 1.47	msg/s 41.333333333333336	link quality: 37	kalman var: 0.0 0.0 0.0	flight time: 65s	 batterySag: 0.7548828125
INFO: 2021-10-09 17:37:38 printStatus(175) -- Drogno_4: hovering		battery 3.49	pos -0.34 -0.04 1.13	yaw: 0.35	msg/s 37.333333333333336	link quality: 37	kalman var: 0.0 0.0 0.0	flight time: 67s	 batterySag: 0.7548828125
INFO: 2021-10-09 17:37:40 printStatus(175) -- Drogno_4: hovering		battery 3.49	pos 0.35 0.01 1.08	yaw: -0.29	msg/s 38.666666666666664	link quality: 39	kalman var: 0.0 0.0 0.0	flight time: 68s	 batterySag: 0.7548828125
INFO: 2021-10-09 17:37:42 printStatus(175) -- Drogno_4: hovering		battery 3.51	pos 1.11 0.02 1.02	yaw: -0.48	msg/s 38.666666666666664	link quality: 42	kalman var: 0.0 0.0 0.0	flight time: 70s	 batterySag: 0.7548828125
INFO: 2021-10-09 17:37:43 printStatus(175) -- Drogno_4: hovering		battery 3.47	pos 1.66 0.01 0.23	yaw: -5.22	msg/s 40.0	link quality: 44	kalman var: 0.0 0.0 0.0	flight time: 72s	 batterySag: 0.7548828125
INFO: 2021-10-09 17:37:45 printStatus(175) -- Drogno_4: hovering		battery 3.47	pos 1.61 0.01 0.21	yaw: 2.49	msg/s 41.333333333333336	link quality: 44	kalman var: 0.0 0.0 0.0	flight time: 73s	 batterySag: 0.7548828125
INFO: 2021-10-09 17:37:46 printStatus(175) -- Drogno_4: hovering		battery 3.48	pos 1.63 -0.02 0.67	yaw: 0.60	msg/s 41.333333333333336	link quality: 45	kalman var: 0.0 0.0 0.0	flight time: 75s	 batterySag: 0.7548828125
INFO: 2021-10-09 17:37:48 printStatus(175) -- Drogno_4: moving		battery 3.47	pos 1.61 0.00 0.67	yaw: -0.22	msg/s 37.333333333333336	link quality: 46	kalman var: 0.0 0.0 0.0	flight time: 77s	 batterySag: 0.7548828125
INFO: 2021-10-09 17:37:49 printStatus(175) -- Drogno_4: moving		battery 3.47	pos 1.61 0.01 0.68	yaw: 0.24	msg/s 41.333333333333336	link quality: 46	kalman var: 0.0 0.0 0.0	flight time: 78s	 batterySag: 0.7548828125
INFO: 2021-10-09 17:37:51 printStatus(175) -- Drogno_4: hovering		battery 3.46	pos 1.62 0.01 0.68	yaw: -0.16	msg/s 34.666666666666664	link quality: 46	kalman var: 0.0 0.0 0.0	flight time: 80s	 batterySag: 0.7548828125
INFO: 2021-10-09 17:37:53 printStatus(175) -- Drogno_4: hovering		battery 3.46	pos 1.61 0.00 0.68	yaw: -0.90	msg/s 38.666666666666664	link quality: 46	kalman var: 0.0 0.0 0.0	flight time: 81s	 batterySag: 0.7548828125
INFO: 2021-10-09 17:37:54 printStatus(175) -- Drogno_4: hovering		battery 3.46	pos 1.61 0.00 0.69	yaw: 1.76	msg/s 38.666666666666664	link quality: 46	kalman var: 0.001 0.001 0.001	flight time: 83s	 batterySag: 0.7548828125
INFO: 2021-10-09 17:37:56 printStatus(175) -- Drogno_4: moving		battery 3.46	pos 1.60 0.01 0.68	yaw: 1.90	msg/s 38.666666666666664	link quality: 46	kalman var: 0.001 0.001 0.001	flight time: 84s	 batterySag: 0.7548828125
INFO: 2021-10-09 17:37:57 printStatus(175) -- Drogno_4: hovering		battery 3.45	pos 1.62 -0.01 0.68	yaw: 0.73	msg/s 36.0	link quality: 46	kalman var: 0.0 0.0 0.0	flight time: 86s	 batterySag: 0.7548828125
INFO: 2021-10-09 17:37:59 printStatus(175) -- Drogno_4: moving		battery 3.45	pos 1.71 0.15 0.68	yaw: -0.63	msg/s 41.333333333333336	link quality: 44	kalman var: 0.0 0.0 0.0	flight time: 87s	 batterySag: 0.7548828125
INFO: 2021-10-09 17:38:00 printStatus(175) -- Drogno_4: hovering		battery 3.45	pos 1.88 0.30 0.69	yaw: -1.27	msg/s 40.0	link quality: 51	kalman var: 0.002 0.002 0.001	flight time: 89s	 batterySag: 0.7548828125
INFO: 2021-10-09 17:38:02 printStatus(175) -- Drogno_4: hovering		battery 3.44	pos 1.96 0.39 0.68	yaw: -1.10	msg/s 36.0	link quality: 47	kalman var: 0.0 0.0 0.0	flight time: 91s	 batterySag: 0.7548828125
INFO: 2021-10-09 17:38:04 printStatus(175) -- Drogno_4: hovering		battery 3.44	pos 1.95 0.44 0.68	yaw: -2.18	msg/s 40.0	link quality: 46	kalman var: 0.0 0.0 0.0	flight time: 92s	 batterySag: 0.7548828125
INFO: 2021-10-09 17:38:05 printStatus(175) -- Drogno_4: moving		battery 3.44	pos 1.35 1.16 0.68	yaw: -2.56	msg/s 38.666666666666664	link quality: 43	kalman var: 0.0 0.0 0.0	flight time: 94s	 batterySag: 0.7548828125
INFO: 2021-10-09 17:38:07 printStatus(175) -- Drogno_4: moving		battery 3.44	pos 1.51 1.42 0.68	yaw: -2.27	msg/s 40.0	link quality: 40	kalman var: 0.0 0.0 0.0	flight time: 95s	 batterySag: 0.7548828125
INFO: 2021-10-09 17:38:08 printStatus(175) -- Drogno_4: hovering		battery 3.43	pos 1.78 1.29 0.68	yaw: 0.55	msg/s 36.0	link quality: 43	kalman var: 0.0 0.0 0.0	flight time: 97s	 batterySag: 0.7548828125
INFO: 2021-10-09 17:38:10 printStatus(175) -- Drogno_4: moving		battery 3.43	pos 1.74 1.24 0.68	yaw: 2.46	msg/s 37.333333333333336	link quality: 50	kalman var: 0.0 0.0 0.001	flight time: 99s	 batterySag: 0.7548828125
INFO: 2021-10-09 17:38:11 printStatus(175) -- Drogno_4: hovering		battery 3.43	pos 1.75 1.25 0.68	yaw: 1.16	msg/s 36.0	link quality: 46	kalman var: 0.0 0.0 0.0	flight time: 100s	 batterySag: 0.7548828125
INFO: 2021-10-09 17:38:13 printStatus(175) -- Drogno_4: hovering		battery 3.42	pos 1.75 1.24 0.68	yaw: -0.89	msg/s 37.333333333333336	link quality: 49	kalman var: 0.0 0.0 0.001	flight time: 102s	 batterySag: 0.7548828125
INFO: 2021-10-09 17:38:15 printStatus(175) -- Drogno_4: moving		battery 3.42	pos 1.76 1.23 0.84	yaw: 0.34	msg/s 34.666666666666664	link quality: 49	kalman var: 0.0 0.0 0.0	flight time: 104s	 batterySag: 0.7548828125
INFO: 2021-10-09 17:38:17 printStatus(175) -- Drogno_4: hovering		battery 3.42	pos 1.77 1.24 0.91	yaw: 0.52	msg/s 37.333333333333336	link quality: 44	kalman var: 0.001 0.001 0.001	flight time: 105s	 batterySag: 0.7548828125
INFO: 2021-10-09 17:38:19 printStatus(175) -- Drogno_4: hovering		battery 3.41	pos 1.78 1.25 0.91	yaw: 1.28	msg/s 37.333333333333336	link quality: 44	kalman var: 0.0 0.0 0.0	flight time: 107s	 batterySag: 0.7548828125
INFO: 2021-10-09 17:38:21 printStatus(175) -- Drogno_4: hovering		battery 3.41	pos 1.78 1.25 0.92	yaw: 1.18	msg/s 34.666666666666664	link quality: 44	kalman var: 0.0 0.0 0.0	flight time: 109s	 batterySag: 0.7548828125
INFO: 2021-10-09 17:38:23 printStatus(175) -- Drogno_4: hovering		battery 3.4	pos 1.79 1.25 0.92	yaw: -0.14	msg/s 37.333333333333336	link quality: 44	kalman var: 0.0 0.0 0.0	flight time: 111s	 batterySag: 0.7548828125
INFO: 2021-10-09 17:38:25 printStatus(175) -- Drogno_4: hovering		battery 3.4	pos 1.78 1.25 0.94	yaw: 1.85	msg/s 34.666666666666664	link quality: 44	kalman var: 0.0 0.0 0.0	flight time: 113s	 batterySag: 0.7548828125
INFO: 2021-10-09 17:38:27 printStatus(175) -- Drogno_4: hovering		battery 3.4	pos 1.77 1.26 0.95	yaw: -0.51	msg/s 33.333333333333336	link quality: 44	kalman var: 0.0 0.0 0.0	flight time: 115s	 batterySag: 0.7548828125
INFO: 2021-10-09 17:38:29 printStatus(175) -- Drogno_4: hovering		battery 3.39	pos 1.75 1.24 0.96	yaw: -1.03	msg/s 37.333333333333336	link quality: 54	kalman var: 0.0 0.0 0.001	flight time: 117s	 batterySag: 0.7548828125
INFO: 2021-10-09 17:38:31 printStatus(175) -- Drogno_4: hovering		battery 3.39	pos 1.68 1.24 0.98	yaw: -0.11	msg/s 37.333333333333336	link quality: 49	kalman var: 0.0 0.0 0.0	flight time: 119s	 batterySag: 0.7548828125
INFO: 2021-10-09 17:38:33 printStatus(175) -- Drogno_4: hovering		battery 3.39	pos 1.63 1.24 0.98	yaw: -0.71	msg/s 36.0	link quality: 47	kalman var: 0.0 0.0 0.001	flight time: 121s	 batterySag: 0.7548828125
INFO: 2021-10-09 17:38:34 printStatus(175) -- Drogno_4: hovering		battery 3.39	pos 1.51 1.23 0.99	yaw: -2.69	msg/s 38.0	link quality: 44	kalman var: 0.0 0.0 0.0	flight time: 123s	 batterySag: 0.7548828125
INFO: 2021-10-09 17:38:36 printStatus(175) -- Drogno_4: hovering		battery 3.38	pos 1.37 1.25 1.01	yaw: -2.79	msg/s 37.333333333333336	link quality: 47	kalman var: 0.0 0.0 0.0	flight time: 125s	 batterySag: 0.7548828125
INFO: 2021-10-09 17:38:38 printStatus(175) -- Drogno_4: hovering		battery 3.38	pos 0.97 1.24 1.05	yaw: -2.33	msg/s 38.666666666666664	link quality: 41	kalman var: 0.0 0.0 0.0	flight time: 127s	 batterySag: 0.7548828125
INFO: 2021-10-09 17:38:40 printStatus(175) -- Drogno_4: hovering		battery 3.39	pos 0.02 1.23 1.08	yaw: -0.50	msg/s 37.333333333333336	link quality: 39	kalman var: 0.0 0.0 0.0	flight time: 129s	 batterySag: 0.7548828125
INFO: 2021-10-09 17:38:42 printStatus(175) -- Drogno_4: hovering		battery 3.4	pos -0.27 1.23 1.25	yaw: -0.15	msg/s 37.333333333333336	link quality: 45	kalman var: 0.0 0.0 0.001	flight time: 130s	 batterySag: 0.7548828125
INFO: 2021-10-09 17:38:44 printStatus(175) -- Drogno_4: hovering		battery 3.34	pos -0.21 1.20 1.02	yaw: 1.19	msg/s 34.666666666666664	link quality: 40	kalman var: 0.009 0.009 0.003	flight time: 132s	 batterySag: 0.7548828125
INFO: 2021-10-09 17:38:46 printStatus(175) -- Drogno_4: ready		battery 3.38	pos -0.21 1.20 0.66	yaw: -5.65	msg/s 42.666666666666664	link quality: 48	kalman var: 0.0 0.0 0.0	flight time: 134s	 batterySag: 0.7548828125
INFO: 2021-10-09 17:38:48 printStatus(175) -- Drogno_4: ready		battery 3.73	pos -0.20 1.20 -0.01	yaw: -3.84	msg/s 44.0	link quality: 53	kalman var: 0.001 0.001 0.001	flight time: 134s	 batterySag: 0.7548828125
INFO: 2021-10-09 17:38:49 printStatus(175) -- Drogno_4: ready		battery 3.77	pos -0.20 1.20 -0.02	yaw: -1.63	msg/s 45.333333333333336	link quality: 50	kalman var: 0.0 0.0 0.0	flight time: 134s	 batterySag: 0.7548828125
INFO: 2021-10-09 17:38:51 printStatus(175) -- Drogno_4: ready		battery 3.79	pos -0.23 1.25 -0.02	yaw: -1.51	msg/s 44.0	link quality: 50	kalman var: 0.002 0.002 0.001	flight time: 134s	 batterySag: 0.7548828125
INFO: 2021-10-09 17:38:52 printStatus(175) -- Drogno_4: ready		battery 3.79	pos -0.20 1.20 -0.02	yaw: -1.59	msg/s 45.333333333333336	link quality: 48	kalman var: 0.0 0.0 0.0	flight time: 134s	 batterySag: 0.7548828125
INFO: 2021-10-09 17:38:54 printStatus(175) -- Drogno_4: ready		battery 3.8	pos -0.20 1.21 -0.02	yaw: -1.51	msg/s 45.333333333333336	link quality: 53	kalman var: 0.0 0.0 0.0	flight time: 134s	 batterySag: 0.7548828125
INFO: 2021-10-09 17:38:55 printStatus(175) -- Drogno_4: ready		battery 3.8	pos -0.20 1.20 -0.02	yaw: -1.58	msg/s 42.666666666666664	link quality: 49	kalman var: 0.0 0.0 0.0	flight time: 134s	 batterySag: 0.7548828125
INFO: 2021-10-09 17:38:57 printStatus(175) -- Drogno_4: ready		battery 3.81	pos -0.20 1.20 -0.02	yaw: -1.57	msg/s 44.0	link quality: 50	kalman var: 0.0 0.0 0.0	flight time: 134s	 batterySag: 0.7548828125
INFO: 2021-10-09 17:38:59 printStatus(175) -- Drogno_4: ready		battery 3.81	pos -0.20 1.21 -0.02	yaw: -1.56	msg/s 45.333333333333336	link quality: 49	kalman var: 0.0 0.0 0.0	flight time: 134s	 batterySag: 0.7548828125
INFO: 2021-10-09 17:39:00 printStatus(175) -- Drogno_4: ready		battery 3.82	pos -0.20 1.21 -0.02	yaw: -1.55	msg/s 44.0	link quality: 49	kalman var: 0.0 0.0 0.0	flight time: 134s	 batterySag: 0.7548828125
INFO: 2021-10-09 17:39:02 printStatus(175) -- Drogno_4: ready		battery 3.82	pos -0.20 1.21 -0.02	yaw: -1.55	msg/s 44.0	link quality: 49	kalman var: 0.0 0.0 0.0	flight time: 134s	 batterySag: 0.7548828125
INFO: 2021-10-09 17:39:03 printStatus(175) -- Drogno_4: ready		battery 3.82	pos -0.20 1.21 -0.02	yaw: -1.60	msg/s 44.0	link quality: 49	kalman var: 0.0 0.0 0.0	flight time: 134s	 batterySag: 0.7548828125
INFO: 2021-10-09 17:39:05 printStatus(175) -- Drogno_4: ready		battery 3.82	pos -0.20 1.20 -0.02	yaw: -1.61	msg/s 44.0	link quality: 50	kalman var: 0.0 0.0 0.0	flight time: 134s	 batterySag: 0.7548828125
INFO: 2021-10-09 17:39:06 printStatus(175) -- Drogno_4: stand by		battery 3.82	pos -0.20 1.20 -0.02	yaw: -1.61	msg/s 29.333333333333332	link quality: 50	kalman var: 0.0 0.0 0.0	flight time: 134s	 batterySag: 0.7548828125
INFO: 2021-10-09 17:39:08 printStatus(175) -- Drogno_4: stand by		battery 3.82	pos -0.20 1.20 -0.02	yaw: -1.61	msg/s 53.333333333333336	link quality: 50	kalman var: 0.0 0.0 0.0	flight time: 134s	 batterySag: 0.7548828125
INFO: 2021-10-09 17:39:09 printStatus(175) -- Drogno_4: stand by		battery 3.82	pos -0.20 1.20 -0.02	yaw: -1.61	msg/s 76.0	link quality: 50	kalman var: 0.0 0.0 0.0	flight time: 134s	 batterySag: 0.7548828125
INFO: 2021-10-09 17:39:11 printStatus(175) -- Drogno_4: stand by		battery 3.82	pos -0.20 1.20 -0.02	yaw: -1.61	msg/s 100.0	link quality: 50	kalman var: 0.0 0.0 0.0	flight time: 134s	 batterySag: 0.7548828125
INFO: 2021-10-09 17:39:13 printStatus(175) -- Drogno_4: stand by		battery 3.82	pos -0.20 1.20 -0.02	yaw: -1.61	msg/s 124.0	link quality: 50	kalman var: 0.0 0.0 0.0	flight time: 134s	 batterySag: 0.7548828125
INFO: 2021-10-09 17:39:14 printStatus(175) -- Drogno_4: stand by		battery 3.82	pos -0.20 1.20 -0.02	yaw: -1.61	msg/s 148.0	link quality: 50	kalman var: 0.0 0.0 0.0	flight time: 134s	 batterySag: 0.7548828125
INFO: 2021-10-09 17:39:16 printStatus(175) -- Drogno_4: stand by		battery 3.82	pos -0.20 1.20 -0.02	yaw: -1.61	msg/s 171.33333333333334	link quality: 50	kalman var: 0.0 0.0 0.0	flight time: 134s	 batterySag: 0.7548828125
INFO: 2021-10-09 17:39:17 printStatus(175) -- Drogno_4: stand by		battery 3.82	pos -0.20 1.20 -0.02	yaw: -1.61	msg/s 195.33333333333334	link quality: 50	kalman var: 0.0 0.0 0.0	flight time: 134s	 batterySag: 0.7548828125
INFO: 2021-10-09 17:39:19 printStatus(175) -- Drogno_4: stand by		battery 3.82	pos -0.20 1.20 -0.02	yaw: -1.61	msg/s 218.66666666666666	link quality: 50	kalman var: 0.0 0.0 0.0	flight time: 134s	 batterySag: 0.7548828125
INFO: 2021-10-09 17:39:20 printStatus(175) -- Drogno_4: stand by		battery 3.82	pos -0.20 1.20 -0.02	yaw: -1.61	msg/s 242.0	link quality: 50	kalman var: 0.0 0.0 0.0	flight time: 134s	 batterySag: 0.7548828125
INFO: 2021-10-09 17:39:22 printStatus(175) -- Drogno_4: stand by		battery 3.82	pos -0.20 1.20 -0.02	yaw: -1.61	msg/s 266.0	link quality: 50	kalman var: 0.0 0.0 0.0	flight time: 134s	 batterySag: 0.7548828125
INFO: 2021-10-09 17:39:23 printStatus(175) -- Drogno_4: stand by		battery 3.82	pos -0.20 1.20 -0.02	yaw: -1.61	msg/s 290.0	link quality: 50	kalman var: 0.0 0.0 0.0	flight time: 134s	 batterySag: 0.7548828125
INFO: 2021-10-09 17:39:25 printStatus(175) -- Drogno_4: stand by		battery 3.82	pos -0.20 1.20 -0.02	yaw: -1.61	msg/s 314.0	link quality: 50	kalman var: 0.0 0.0 0.0	flight time: 134s	 batterySag: 0.7548828125
INFO: 2021-10-09 17:39:26 printStatus(175) -- Drogno_4: stand by		battery 3.82	pos -0.20 1.20 -0.02	yaw: -1.61	msg/s 336.6666666666667	link quality: 50	kalman var: 0.0 0.0 0.0	flight time: 134s	 batterySag: 0.7548828125
INFO: 2021-10-09 17:39:28 printStatus(175) -- Drogno_4: stand by		battery 3.82	pos -0.20 1.20 -0.02	yaw: -1.61	msg/s 360.6666666666667	link quality: 50	kalman var: 0.0 0.0 0.0	flight time: 134s	 batterySag: 0.7548828125
INFO: 2021-10-09 17:39:29 printStatus(175) -- Drogno_4: stand by		battery 3.82	pos -0.20 1.20 -0.02	yaw: -1.61	msg/s 384.0	link quality: 50	kalman var: 0.0 0.0 0.0	flight time: 134s	 batterySag: 0.7548828125
INFO: 2021-10-09 17:39:31 printStatus(175) -- Drogno_4: stand by		battery 3.82	pos -0.20 1.20 -0.02	yaw: -1.61	msg/s 408.0	link quality: 50	kalman var: 0.0 0.0 0.0	flight time: 134s	 batterySag: 0.7548828125
INFO: 2021-10-09 17:39:32 printStatus(175) -- Drogno_4: stand by		battery 3.82	pos -0.20 1.20 -0.02	yaw: -1.61	msg/s 431.3333333333333	link quality: 50	kalman var: 0.0 0.0 0.0	flight time: 134s	 batterySag: 0.7548828125
INFO: 2021-10-09 17:39:34 printStatus(175) -- Drogno_4: stand by		battery 3.82	pos -0.20 1.20 -0.02	yaw: -1.61	msg/s 454.6666666666667	link quality: 50	kalman var: 0.0 0.0 0.0	flight time: 134s	 batterySag: 0.7548828125
INFO: 2021-10-09 17:39:36 printStatus(175) -- Drogno_4: stand by		battery 3.82	pos -0.20 1.20 -0.02	yaw: -1.61	msg/s 477.3333333333333	link quality: 50	kalman var: 0.0 0.0 0.0	flight time: 134s	 batterySag: 0.7548828125
INFO: 2021-10-09 17:39:37 printStatus(175) -- Drogno_4: stand by		battery 3.82	pos -0.20 1.20 -0.02	yaw: -1.61	msg/s 500.6666666666667	link quality: 50	kalman var: 0.0 0.0 0.0	flight time: 134s	 batterySag: 0.7548828125
INFO: 2021-10-09 17:39:39 printStatus(175) -- Drogno_4: stand by		battery 3.82	pos -0.20 1.20 -0.02	yaw: -1.61	msg/s 524.6666666666666	link quality: 50	kalman var: 0.0 0.0 0.0	flight time: 134s	 batterySag: 0.7548828125
INFO: 2021-10-09 17:39:40 printStatus(175) -- Drogno_4: stand by		battery 3.82	pos -0.20 1.20 -0.02	yaw: -1.61	msg/s 547.3333333333334	link quality: 50	kalman var: 0.0 0.0 0.0	flight time: 134s	 batterySag: 0.7548828125
INFO: 2021-10-09 17:39:42 printStatus(175) -- Drogno_4: stand by		battery 3.82	pos -0.20 1.20 -0.02	yaw: -1.61	msg/s 568.6666666666666	link quality: 50	kalman var: 0.0 0.0 0.0	flight time: 134s	 batterySag: 0.7548828125
