INFO: 11-10-2021 20:22:53 __init__(130) -- This is dronelog running on Drogno_2
INFO: 11-10-2021 20:22:53 printStatus(166) -- Started
INFO: 11-10-2021 20:22:55 printStatus(169) -- Drogno_2: connecting	battery: n.p.	kalman var: 0 0 0	 batterySag: 0	link quality: 0	flight time: 0s	pos 0.00 0.00 0.00	yaw: 0.00	msg/s 0.0
INFO: 11-10-2021 20:22:56 printStatus(169) -- Drogno_2: connecting	battery: n.p.	kalman var: 0 0 0	 batterySag: 0	link quality: 0	flight time: 0s	pos 0.00 0.00 0.00	yaw: 0.00	msg/s 0.0
INFO: 11-10-2021 20:22:57 printStatus(169) -- Drogno_2: connecting	battery: n.p.	kalman var: 0 0 0	 batterySag: 0	link quality: 0	flight time: 0s	pos 0.00 0.00 0.00	yaw: 0.00	msg/s 0.0
INFO: 11-10-2021 20:22:58 printStatus(169) -- Drogno_2: connecting	battery: n.p.	kalman var: 0 0 0	 batterySag: 0	link quality: 0	flight time: 0s	pos 0.00 0.00 0.00	yaw: 0.00	msg/s 0.0
INFO: 11-10-2021 20:22:59 printStatus(169) -- Drogno_2: connecting	battery: n.p.	kalman var: 0 0 0	 batterySag: 0	link quality: 0	flight time: 0s	pos 0.00 0.00 0.00	yaw: 0.00	msg/s 0.0
INFO: 11-10-2021 20:23:01 printStatus(169) -- Drogno_2: landed	battery: n.p.	kalman var: 0 0 0	 batterySag: 0	link quality: 0	flight time: 0s	pos 0.00 0.00 0.00	yaw: 0.00	msg/s 0.0
INFO: 11-10-2021 20:23:02 printStatus(169) -- Drogno_2: landed	battery: n.p.	kalman var: 0 0 0	 batterySag: 0	link quality: 0	flight time: 0s	pos 0.00 0.00 0.00	yaw: 0.00	msg/s 0.0
INFO: 11-10-2021 20:23:04 printStatus(169) -- Drogno_2: landed	battery: n.p.	kalman var: 0 0 0	 batterySag: 0	link quality: 0	flight time: 0s	pos 0.00 0.00 0.00	yaw: 0.00	msg/s 0.0
INFO: 11-10-2021 20:23:05 printStatus(169) -- Drogno_2: landed	battery: n.p.	kalman var: 0 0 0	 batterySag: 0	link quality: 0	flight time: 0s	pos 0.00 0.00 0.00	yaw: 0.00	msg/s 0.0
INFO: 11-10-2021 20:23:07 printStatus(169) -- Drogno_2: landed	battery: n.p.	kalman var: 0 0 0	 batterySag: 0	link quality: 0	flight time: 0s	pos 0.00 0.00 0.00	yaw: 0.00	msg/s 0.0
INFO: 11-10-2021 20:23:08 printStatus(169) -- Drogno_2: landed	battery: n.p.	kalman var: 0 0 0	 batterySag: 0	link quality: 0	flight time: 0s	pos 0.00 0.00 0.00	yaw: 0.00	msg/s 0.0
INFO: 11-10-2021 20:23:09 printStatus(169) -- Drogno_2: landed	battery: n.p.	kalman var: 0 0 0	 batterySag: 0	link quality: 0	flight time: 0s	pos 0.00 0.00 0.00	yaw: 0.00	msg/s 0.0
INFO: 11-10-2021 20:23:11 printStatus(169) -- Drogno_2: landed	battery: n.p.	kalman var: 0 0 0	 batterySag: 0	link quality: 0	flight time: 0s	pos 0.00 0.00 0.00	yaw: 0.00	msg/s 0.0
INFO: 11-10-2021 20:23:12 printStatus(169) -- Drogno_2: landed	battery: n.p.	kalman var: 0 0 0	 batterySag: 0	link quality: 0	flight time: 0s	pos 0.00 0.00 0.00	yaw: 0.00	msg/s 0.0
INFO: 11-10-2021 20:23:13 printStatus(169) -- Drogno_2: landed	battery: n.p.	kalman var: 0 0 0	 batterySag: 0	link quality: 0	flight time: 0s	pos 0.00 0.00 0.00	yaw: 0.00	msg/s 0.0
INFO: 11-10-2021 20:23:14 printStatus(169) -- Drogno_2: landed	battery: n.p.	kalman var: 0 0 0	 batterySag: 0	link quality: 0	flight time: 0s	pos 0.00 0.00 0.00	yaw: 0.00	msg/s 0.0
INFO: 11-10-2021 20:23:15 printStatus(169) -- Drogno_2: landed	battery: n.p.	kalman var: 0 0 0	 batterySag: 0	link quality: 0	flight time: 0s	pos 0.00 0.00 0.00	yaw: 0.00	msg/s 0.0
INFO: 11-10-2021 20:23:16 printStatus(169) -- Drogno_2: landed	battery: n.p.	kalman var: 0 0 0	 batterySag: 0	link quality: 0	flight time: 0s	pos 0.00 0.00 0.00	yaw: 0.00	msg/s 0.0
INFO: 11-10-2021 20:23:18 printStatus(169) -- Drogno_2: landed	battery: n.p.	kalman var: 0 0 0	 batterySag: 0	link quality: 0	flight time: 0s	pos 0.00 0.00 0.00	yaw: 0.00	msg/s 0.0
INFO: 11-10-2021 20:23:19 printStatus(169) -- Drogno_2: landed	battery: n.p.	kalman var: 0 0 0	 batterySag: 0	link quality: 0	flight time: 0s	pos 0.00 0.00 0.00	yaw: 0.00	msg/s 0.0
INFO: 11-10-2021 20:23:20 printStatus(169) -- Drogno_2: landed	battery: n.p.	kalman var: 0 0 0	 batterySag: 0	link quality: 0	flight time: 0s	pos 0.00 0.00 0.00	yaw: 0.00	msg/s 0.0
INFO: 11-10-2021 20:23:22 printStatus(169) -- Drogno_2: landed	battery: n.p.	kalman var: 0 0 0	 batterySag: 0	link quality: 0	flight time: 0s	pos 0.00 0.00 0.00	yaw: 0.00	msg/s 0.0
INFO: 11-10-2021 20:23:23 printStatus(169) -- Drogno_2: landed	battery: n.p.	kalman var: 0 0 0	 batterySag: 0	link quality: 0	flight time: 0s	pos 0.00 0.00 0.00	yaw: 0.00	msg/s 0.0
INFO: 11-10-2021 20:23:24 printStatus(169) -- Drogno_2: landed	battery: n.p.	kalman var: 0 0 0	 batterySag: 0	link quality: 0	flight time: 0s	pos 0.00 0.00 0.00	yaw: 0.00	msg/s 0.0
INFO: 11-10-2021 20:23:25 printStatus(169) -- Drogno_2: landed	battery: n.p.	kalman var: 0 0 0	 batterySag: 0	link quality: 0	flight time: 0s	pos 0.00 0.00 0.00	yaw: 0.00	msg/s 0.0
INFO: 11-10-2021 20:23:26 printStatus(169) -- Drogno_2: landed	battery: n.p.	kalman var: 0 0 0	 batterySag: 0	link quality: 0	flight time: 0s	pos 0.00 0.00 0.00	yaw: 0.00	msg/s 0.0
INFO: 11-10-2021 20:23:28 printStatus(169) -- Drogno_2: landed	battery: n.p.	kalman var: 0 0 0	 batterySag: 0	link quality: 0	flight time: 0s	pos 0.00 0.00 0.00	yaw: 0.00	msg/s 0.0
INFO: 11-10-2021 20:23:29 printStatus(169) -- Drogno_2: landed	battery: n.p.	kalman var: 0 0 0	 batterySag: 0	link quality: 0	flight time: 0s	pos 0.00 0.00 0.00	yaw: 0.00	msg/s 0.0
INFO: 11-10-2021 20:23:30 printStatus(169) -- Drogno_2: landed	battery: n.p.	kalman var: 0 0 0	 batterySag: 0	link quality: 0	flight time: 0s	pos 0.00 0.00 0.00	yaw: 0.00	msg/s 0.0
INFO: 11-10-2021 20:23:32 printStatus(169) -- Drogno_2: landed	battery: n.p.	kalman var: 0 0 0	 batterySag: 0	link quality: 0	flight time: 0s	pos 0.00 0.00 0.00	yaw: 0.00	msg/s 0.0
INFO: 11-10-2021 20:23:34 printStatus(169) -- Drogno_2: stand by	battery: n.p.	kalman var: 0 0 0	 batterySag: 0	link quality: 0	flight time: 0s	pos 0.00 0.00 0.00	yaw: 0.00	msg/s 0.0
INFO: 11-10-2021 20:23:35 printStatus(169) -- Drogno_2: waking up	battery: n.p.	kalman var: 0 0 0	 batterySag: 0	link quality: 0	flight time: 0s	pos 0.00 0.00 0.00	yaw: 0.00	msg/s 0.0
INFO: 11-10-2021 20:23:36 printStatus(169) -- Drogno_2: waking up	battery: n.p.	kalman var: 0 0 0	 batterySag: 0	link quality: 0	flight time: 0s	pos 0.00 0.00 0.00	yaw: 0.00	msg/s 0.0
INFO: 11-10-2021 20:23:38 printStatus(169) -- Drogno_2: connecting	battery: n.p.	kalman var: 0 0 0	 batterySag: 0	link quality: 0	flight time: 0s	pos 0.00 0.00 0.00	yaw: 0.00	msg/s 0.0
INFO: 11-10-2021 20:23:39 printStatus(169) -- Drogno_2: connecting	battery: n.p.	kalman var: 0 0 0	 batterySag: 0	link quality: 0	flight time: 0s	pos 0.00 0.00 0.00	yaw: 0.00	msg/s 0.0
INFO: 11-10-2021 20:23:40 printStatus(169) -- Drogno_2: connecting	battery: n.p.	kalman var: 0 0 0	 batterySag: 0	link quality: 0	flight time: 0s	pos 0.00 0.00 0.00	yaw: 0.00	msg/s 0.0
INFO: 11-10-2021 20:23:41 printStatus(169) -- Drogno_2: connecting	battery: n.p.	kalman var: 0 0 0	 batterySag: 0	link quality: 0	flight time: 0s	pos 0.00 0.00 0.00	yaw: 0.00	msg/s 0.0
INFO: 11-10-2021 20:23:42 printStatus(169) -- Drogno_2: landed	battery: n.p.	kalman var: 0 0 0	 batterySag: 0	link quality: 0	flight time: 0s	pos 0.00 0.00 0.00	yaw: 0.00	msg/s 0.0
INFO: 11-10-2021 20:23:44 printStatus(169) -- Drogno_2: landed	battery: n.p.	kalman var: 0 0 0	 batterySag: 0	link quality: 0	flight time: 0s	pos 0.00 0.00 0.00	yaw: 0.00	msg/s 0.0
INFO: 11-10-2021 20:23:46 printStatus(169) -- Drogno_2: out of BOX	battery: 4.14	kalman var: 0.005 0.01 0.003	 batterySag: 0.638671875	link quality: 63	flight time: 0s	pos 2.88 4.31 -3.88	yaw: -29.92	msg/s 0.0
INFO: 11-10-2021 20:23:48 printStatus(169) -- Drogno_2: BAD kalman	battery: 4.14	kalman var: 0.01 0.01 0.001	 batterySag: 0.638671875	link quality: 64	flight time: 0s	pos -0.02 -0.03 -0.00	yaw: -30.08	msg/s 0.0
INFO: 11-10-2021 20:23:49 printStatus(169) -- Drogno_2: BAD kalman	battery: 4.14	kalman var: 0.096 0.096 0.003	 batterySag: 0.638671875	link quality: 66	flight time: 0s	pos -0.22 -0.23 0.00	yaw: -29.81	msg/s 0.0
INFO: 11-10-2021 20:23:50 printStatus(169) -- Drogno_2: BAD kalman	battery: 4.14	kalman var: 0.175 0.175 0.004	 batterySag: 0.638671875	link quality: 64	flight time: 0s	pos -0.40 -0.41 0.01	yaw: -30.19	msg/s 0.0
INFO: 11-10-2021 20:23:52 printStatus(169) -- Drogno_2: BAD kalman	battery: 4.14	kalman var: 0.282 0.282 0.005	 batterySag: 0.638671875	link quality: 65	flight time: 0s	pos -0.62 -0.64 0.02	yaw: -30.02	msg/s 0.0
INFO: 11-10-2021 20:23:53 printStatus(169) -- Drogno_2: BAD kalman	battery: 4.14	kalman var: 0.575 0.575 0.007	 batterySag: 0.638671875	link quality: 67	flight time: 0s	pos -0.40 0.34 0.03	yaw: -30.19	msg/s 0.0
INFO: 11-10-2021 20:23:55 printStatus(169) -- Drogno_2: BAD kalman	battery: 4.14	kalman var: 0.772 0.772 0.008	 batterySag: 0.638671875	link quality: 65	flight time: 0s	pos -0.79 -0.07 0.06	yaw: -30.05	msg/s 0.0
INFO: 11-10-2021 20:23:56 printStatus(169) -- Drogno_2: BAD kalman	battery: 4.14	kalman var: 1.004 1.004 0.009	 batterySag: 0.638671875	link quality: 66	flight time: 0s	pos -1.21 -0.54 0.08	yaw: -29.58	msg/s 0.0
INFO: 11-10-2021 20:23:57 printStatus(169) -- Drogno_2: out of BOX	battery: 4.14	kalman var: 1.578 1.578 0.011	 batterySag: 0.638671875	link quality: 64	flight time: 0s	pos -2.21 -1.57 0.14	yaw: -30.42	msg/s 0.0
INFO: 11-10-2021 20:23:59 printStatus(169) -- Drogno_2: ready	battery: 4.14	kalman var: 0.004 0.004 0.002	 batterySag: 0.638671875	link quality: 71	flight time: 0s	pos 0.15 0.93 -0.00	yaw: -4.41	msg/s 0.0
INFO: 11-10-2021 20:24:00 printStatus(169) -- Drogno_2: BAD kalman	battery: 4.14	kalman var: 0.011 0.011 0.003	 batterySag: 0.638671875	link quality: 66	flight time: 0s	pos 0.15 0.95 0.01	yaw: -4.09	msg/s 0.0
INFO: 11-10-2021 20:24:01 printStatus(169) -- Drogno_2: BAD kalman	battery: 4.14	kalman var: 0.046 0.046 0.005	 batterySag: 0.638671875	link quality: 75	flight time: 0s	pos 0.15 0.99 0.02	yaw: -4.21	msg/s 0.0
INFO: 11-10-2021 20:24:02 printStatus(169) -- Drogno_2: BAD kalman	battery: 4.14	kalman var: 0.078 0.078 0.006	 batterySag: 0.638671875	link quality: 75	flight time: 0s	pos 0.13 1.00 0.03	yaw: -4.25	msg/s 0.0
INFO: 11-10-2021 20:24:03 printStatus(169) -- Drogno_2: BAD kalman	battery: 4.14	kalman var: 0.122 0.123 0.007	 batterySag: 0.638671875	link quality: 78	flight time: 0s	pos 0.10 1.00 0.05	yaw: -4.11	msg/s 0.0
INFO: 11-10-2021 20:24:05 printStatus(169) -- Drogno_2: BAD kalman	battery: 4.14	kalman var: 0.181 0.182 0.008	 batterySag: 0.638671875	link quality: 69	flight time: 0s	pos 0.05 0.98 0.07	yaw: -4.35	msg/s 0.0
INFO: 11-10-2021 20:24:07 printStatus(169) -- Drogno_2: BAD kalman	battery: 4.14	kalman var: 0.35 0.35 0.01	 batterySag: 0.638671875	link quality: 71	flight time: 0s	pos -0.12 0.86 0.11	yaw: -4.19	msg/s 0.0
INFO: 11-10-2021 20:24:08 printStatus(169) -- Drogno_2: BAD kalman	battery: 4.14	kalman var: 0.464 0.465 0.011	 batterySag: 0.638671875	link quality: 75	flight time: 0s	pos -0.24 0.76 0.14	yaw: -4.23	msg/s 0.0
INFO: 11-10-2021 20:24:09 printStatus(169) -- Drogno_2: BAD kalman	battery: 4.14	kalman var: 0.602 0.602 0.012	 batterySag: 0.638671875	link quality: 72	flight time: 0s	pos -0.40 0.62 0.18	yaw: -3.98	msg/s 0.0
INFO: 11-10-2021 20:24:10 printStatus(169) -- Drogno_2: BAD kalman	battery: 4.14	kalman var: 0.952 0.952 0.014	 batterySag: 0.638671875	link quality: 61	flight time: 0s	pos -0.81 0.23 0.25	yaw: -4.39	msg/s 0.0
INFO: 11-10-2021 20:24:11 printStatus(169) -- Drogno_2: ready	battery: 4.14	kalman var: 0.004 0.004 0.002	 batterySag: 0.638671875	link quality: 58	flight time: 0s	pos 0.14 0.93 0.00	yaw: 31.58	msg/s 0.0
INFO: 11-10-2021 20:24:12 printStatus(169) -- Drogno_2: BAD kalman	battery: 4.14	kalman var: 0.011 0.011 0.003	 batterySag: 0.638671875	link quality: 61	flight time: 0s	pos 0.17 0.96 0.01	yaw: 39.91	msg/s 0.0
INFO: 11-10-2021 20:24:14 printStatus(169) -- Drogno_2: BAD kalman	battery: 4.14	kalman var: 0.025 0.025 0.004	 batterySag: 0.638671875	link quality: 63	flight time: 0s	pos 0.21 1.01 0.02	yaw: 39.06	msg/s 0.0
INFO: 11-10-2021 20:24:15 printStatus(169) -- Drogno_2: BAD kalman	battery: 4.14	kalman var: 0.049 0.049 0.005	 batterySag: 0.638671875	link quality: 63	flight time: 0s	pos 0.26 1.08 0.03	yaw: 38.50	msg/s 0.0
INFO: 11-10-2021 20:24:16 printStatus(169) -- Drogno_2: BAD kalman	battery: 4.14	kalman var: 0.013 0.013 0.002	 batterySag: 0.638671875	link quality: 63	flight time: 0s	pos 0.14 0.90 0.01	yaw: 39.06	msg/s 0.0
INFO: 11-10-2021 20:24:17 printStatus(169) -- Drogno_2: BAD kalman	battery: 4.14	kalman var: 0.028 0.028 0.004	 batterySag: 0.638671875	link quality: 63	flight time: 0s	pos 0.13 0.86 0.02	yaw: 38.50	msg/s 0.0
INFO: 11-10-2021 20:24:18 printStatus(169) -- Drogno_2: BAD kalman	battery: 4.14	kalman var: 0.051 0.051 0.005	 batterySag: 0.638671875	link quality: 61	flight time: 0s	pos 0.12 0.81 0.04	yaw: 39.47	msg/s 0.0
INFO: 11-10-2021 20:24:19 printStatus(169) -- Drogno_2: BAD kalman	battery: 4.14	kalman var: 0.086 0.086 0.006	 batterySag: 0.638671875	link quality: 62	flight time: 0s	pos 0.09 0.74 0.06	yaw: 38.47	msg/s 0.0
INFO: 11-10-2021 20:24:21 printStatus(169) -- Drogno_2: ready	battery: 4.14	kalman var: 0.001 0.001 0.001	 batterySag: 0.638671875	link quality: 59	flight time: 0s	pos 0.14 0.91 -0.00	yaw: 19.66	msg/s 0.0
INFO: 11-10-2021 20:24:22 printStatus(169) -- Drogno_2: ready	battery: 4.14	kalman var: 0.002 0.002 0.001	 batterySag: 0.638671875	link quality: 71	flight time: 0s	pos 0.14 0.90 0.00	yaw: 15.07	msg/s 0.0
INFO: 11-10-2021 20:24:23 printStatus(169) -- Drogno_2: ready	battery: 4.14	kalman var: 0.009 0.009 0.002	 batterySag: 0.638671875	link quality: 71	flight time: 0s	pos 0.11 0.87 0.00	yaw: 14.20	msg/s 0.0
INFO: 11-10-2021 20:24:24 printStatus(169) -- Drogno_2: BAD kalman	battery: 4.13	kalman var: 0.021 0.021 0.003	 batterySag: 0.638671875	link quality: 74	flight time: 0s	pos 0.08 0.81 0.01	yaw: 14.70	msg/s 0.0
INFO: 11-10-2021 20:24:25 printStatus(169) -- Drogno_2: BAD kalman	battery: 4.14	kalman var: 0.042 0.042 0.004	 batterySag: 0.638671875	link quality: 65	flight time: 0s	pos 0.03 0.73 0.02	yaw: 15.54	msg/s 0.0
INFO: 11-10-2021 20:24:27 printStatus(169) -- Drogno_2: ready	battery: 4.14	kalman var: 0.005 0.005 0.001	 batterySag: 0.638671875	link quality: 69	flight time: 0s	pos 0.14 0.92 0.00	yaw: 15.67	msg/s 0.0
INFO: 11-10-2021 20:24:28 printStatus(169) -- Drogno_2: BAD kalman	battery: 4.14	kalman var: 0.014 0.014 0.002	 batterySag: 0.638671875	link quality: 63	flight time: 0s	pos 0.14 0.92 0.01	yaw: 15.62	msg/s 0.0
INFO: 11-10-2021 20:24:29 printStatus(169) -- Drogno_2: BAD kalman	battery: 4.13	kalman var: 0.057 0.057 0.005	 batterySag: 0.638671875	link quality: 64	flight time: 0s	pos 0.12 0.90 0.04	yaw: 15.81	msg/s 0.0
INFO: 11-10-2021 20:24:30 printStatus(169) -- Drogno_2: BAD kalman	battery: 4.13	kalman var: 0.095 0.095 0.006	 batterySag: 0.638671875	link quality: 66	flight time: 0s	pos 0.09 0.86 0.07	yaw: 15.09	msg/s 0.0
INFO: 11-10-2021 20:24:32 printStatus(169) -- Drogno_2: BAD kalman	battery: 4.14	kalman var: 0.146 0.146 0.007	 batterySag: 0.638671875	link quality: 65	flight time: 0s	pos 0.05 0.80 0.10	yaw: 15.16	msg/s 0.0
INFO: 11-10-2021 20:24:34 printStatus(169) -- Drogno_2: ready	battery: 4.13	kalman var: 0.003 0.003 0.001	 batterySag: 0.638671875	link quality: 67	flight time: 0s	pos 0.15 0.91 0.00	yaw: 15.80	msg/s 0.0
INFO: 11-10-2021 20:24:35 printStatus(169) -- Drogno_2: ready	battery: 4.13	kalman var: 0.004 0.004 0.002	 batterySag: 0.638671875	link quality: 66	flight time: 0s	pos 0.14 0.91 0.00	yaw: 15.45	msg/s 0.0
INFO: 11-10-2021 20:24:36 printStatus(169) -- Drogno_2: BAD kalman	battery: 4.13	kalman var: 0.013 0.013 0.003	 batterySag: 0.638671875	link quality: 65	flight time: 0s	pos 0.13 0.89 0.01	yaw: 15.74	msg/s 0.0
INFO: 11-10-2021 20:24:37 printStatus(169) -- Drogno_2: BAD kalman	battery: 4.13	kalman var: 0.029 0.029 0.004	 batterySag: 0.638671875	link quality: 65	flight time: 0s	pos 0.10 0.86 0.03	yaw: 15.91	msg/s 0.0
INFO: 11-10-2021 20:24:39 printStatus(169) -- Drogno_2: BAD kalman	battery: 4.13	kalman var: 0.053 0.053 0.005	 batterySag: 0.638671875	link quality: 65	flight time: 0s	pos 0.06 0.81 0.04	yaw: 15.68	msg/s 0.0
INFO: 11-10-2021 20:24:40 printStatus(169) -- Drogno_2: BAD kalman	battery: 4.13	kalman var: 0.019 0.019 0.003	 batterySag: 0.638671875	link quality: 66	flight time: 0s	pos 0.13 0.89 0.01	yaw: 15.43	msg/s 0.0
INFO: 11-10-2021 20:24:41 printStatus(169) -- Drogno_2: BAD kalman	battery: 4.13	kalman var: 0.039 0.039 0.004	 batterySag: 0.638671875	link quality: 64	flight time: 0s	pos 0.12 0.85 0.02	yaw: 15.35	msg/s 0.0
INFO: 11-10-2021 20:24:42 printStatus(169) -- Drogno_2: ready	battery: 4.13	kalman var: 0.001 0.001 0.001	 batterySag: 0.638671875	link quality: 65	flight time: 0s	pos 0.14 0.92 0.00	yaw: 15.70	msg/s 0.0
INFO: 11-10-2021 20:24:43 printStatus(169) -- Drogno_2: ready	battery: 4.13	kalman var: 0.004 0.004 0.002	 batterySag: 0.638671875	link quality: 65	flight time: 0s	pos 0.14 0.91 0.00	yaw: 15.24	msg/s 0.0
INFO: 11-10-2021 20:24:45 printStatus(169) -- Drogno_2: ready	battery: 4.13	kalman var: 0.001 0.001 0.001	 batterySag: 0.638671875	link quality: 66	flight time: 0s	pos 0.14 0.92 0.00	yaw: 15.69	msg/s 0.0
INFO: 11-10-2021 20:24:46 printStatus(169) -- Drogno_2: BAD kalman	battery: 4.13	kalman var: 0.016 0.016 0.003	 batterySag: 0.638671875	link quality: 65	flight time: 0s	pos 0.13 0.88 0.02	yaw: 15.42	msg/s 0.0
INFO: 11-10-2021 20:24:47 printStatus(169) -- Drogno_2: ready	battery: 4.13	kalman var: 0.001 0.001 0.001	 batterySag: 0.638671875	link quality: 64	flight time: 0s	pos 0.14 0.92 0.00	yaw: 15.77	msg/s 0.0
INFO: 11-10-2021 20:24:48 printStatus(169) -- Drogno_2: ready	battery: 4.13	kalman var: 0.001 0.001 0.001	 batterySag: 0.638671875	link quality: 65	flight time: 0s	pos 0.14 0.92 0.00	yaw: 15.69	msg/s 0.0
INFO: 11-10-2021 20:24:50 printStatus(169) -- Drogno_2: ready	battery: 4.13	kalman var: 0.003 0.003 0.002	 batterySag: 0.638671875	link quality: 64	flight time: 0s	pos 0.14 0.91 0.00	yaw: 15.37	msg/s 0.0
INFO: 11-10-2021 20:24:51 printStatus(169) -- Drogno_2: ready	battery: 4.13	kalman var: 0.004 0.004 0.002	 batterySag: 0.638671875	link quality: 64	flight time: 0s	pos 0.14 0.91 0.00	yaw: 15.52	msg/s 0.0
INFO: 11-10-2021 20:24:53 printStatus(169) -- Drogno_2: BAD kalman	battery: 4.13	kalman var: 0.027 0.027 0.004	 batterySag: 0.638671875	link quality: 64	flight time: 0s	pos 0.12 0.88 0.02	yaw: 15.12	msg/s 0.0
INFO: 11-10-2021 20:24:54 printStatus(169) -- Drogno_2: BAD kalman	battery: 4.13	kalman var: 0.051 0.051 0.005	 batterySag: 0.638671875	link quality: 63	flight time: 0s	pos 0.09 0.84 0.04	yaw: 15.57	msg/s 0.0
INFO: 11-10-2021 20:24:56 printStatus(169) -- Drogno_2: BAD kalman	battery: 4.13	kalman var: 0.085 0.085 0.006	 batterySag: 0.638671875	link quality: 65	flight time: 0s	pos 0.06 0.79 0.07	yaw: 15.45	msg/s 0.0
INFO: 11-10-2021 20:24:57 printStatus(169) -- Drogno_2: BAD kalman	battery: 4.13	kalman var: 0.132 0.132 0.007	 batterySag: 0.638671875	link quality: 64	flight time: 0s	pos 0.01 0.72 0.10	yaw: 15.12	msg/s 0.0
INFO: 11-10-2021 20:24:58 printStatus(169) -- Drogno_2: BAD kalman	battery: 4.13	kalman var: 0.033 0.033 0.003	 batterySag: 0.638671875	link quality: 65	flight time: 0s	pos 0.12 0.89 0.02	yaw: 15.34	msg/s 0.0
INFO: 11-10-2021 20:24:59 printStatus(169) -- Drogno_2: BAD kalman	battery: 4.13	kalman var: 0.061 0.061 0.004	 batterySag: 0.638671875	link quality: 65	flight time: 0s	pos 0.09 0.84 0.04	yaw: 14.93	msg/s 0.0
INFO: 11-10-2021 20:25:00 printStatus(169) -- Drogno_2: BAD kalman	battery: 4.13	kalman var: 0.101 0.101 0.005	 batterySag: 0.638671875	link quality: 66	flight time: 0s	pos 0.05 0.78 0.06	yaw: 14.98	msg/s 0.0
INFO: 11-10-2021 20:25:02 printStatus(169) -- Drogno_2: BAD kalman	battery: 4.13	kalman var: 0.013 0.013 0.002	 batterySag: 0.638671875	link quality: 65	flight time: 0s	pos 0.14 0.91 0.00	yaw: 15.20	msg/s 0.0
INFO: 11-10-2021 20:25:03 printStatus(169) -- Drogno_2: ready	battery: 4.13	kalman var: 0.001 0.001 0.001	 batterySag: 0.638671875	link quality: 63	flight time: 0s	pos 0.14 0.92 0.00	yaw: 15.77	msg/s 0.0
INFO: 11-10-2021 20:25:04 printStatus(169) -- Drogno_2: ready	battery: 4.13	kalman var: 0.001 0.001 0.001	 batterySag: 0.638671875	link quality: 63	flight time: 0s	pos 0.14 0.92 0.00	yaw: 15.87	msg/s 0.0
INFO: 11-10-2021 20:25:06 printStatus(169) -- Drogno_2: ready	battery: 4.13	kalman var: 0.002 0.002 0.001	 batterySag: 0.638671875	link quality: 63	flight time: 0s	pos 0.14 0.91 0.00	yaw: 15.68	msg/s 0.0
INFO: 11-10-2021 20:25:07 printStatus(169) -- Drogno_2: ready	battery: 4.13	kalman var: 0.001 0.001 0.001	 batterySag: 0.638671875	link quality: 63	flight time: 0s	pos 0.14 0.92 0.00	yaw: 15.62	msg/s 0.0
INFO: 11-10-2021 20:25:08 printStatus(169) -- Drogno_2: ready	battery: 4.13	kalman var: 0.002 0.002 0.001	 batterySag: 0.638671875	link quality: 64	flight time: 0s	pos 0.14 0.91 0.00	yaw: 15.62	msg/s 0.0
INFO: 11-10-2021 20:25:09 printStatus(169) -- Drogno_2: ready	battery: 4.13	kalman var: 0.001 0.001 0.001	 batterySag: 0.638671875	link quality: 66	flight time: 0s	pos 0.14 0.92 0.00	yaw: 15.77	msg/s 0.0
INFO: 11-10-2021 20:25:10 printStatus(169) -- Drogno_2: ready	battery: 4.13	kalman var: 0.006 0.006 0.002	 batterySag: 0.638671875	link quality: 65	flight time: 0s	pos 0.13 0.91 0.01	yaw: 15.34	msg/s 0.0
INFO: 11-10-2021 20:25:11 printStatus(169) -- Drogno_2: BAD kalman	battery: 4.13	kalman var: 0.016 0.016 0.003	 batterySag: 0.638671875	link quality: 65	flight time: 0s	pos 0.11 0.88 0.02	yaw: 15.71	msg/s 0.0
INFO: 11-10-2021 20:25:13 printStatus(169) -- Drogno_2: ready	battery: 4.13	kalman var: 0.008 0.008 0.002	 batterySag: 0.638671875	link quality: 64	flight time: 0s	pos 0.14 0.91 0.01	yaw: 16.08	msg/s 0.0
INFO: 11-10-2021 20:25:15 printStatus(169) -- Drogno_2: BAD kalman	battery: 4.13	kalman var: 0.021 0.021 0.003	 batterySag: 0.638671875	link quality: 65	flight time: 0s	pos 0.13 0.89 0.02	yaw: 15.47	msg/s 0.0
INFO: 11-10-2021 20:25:16 printStatus(169) -- Drogno_2: ready	battery: 4.13	kalman var: 0.002 0.002 0.001	 batterySag: 0.638671875	link quality: 65	flight time: 0s	pos 0.14 0.91 0.00	yaw: 15.55	msg/s 0.0
INFO: 11-10-2021 20:25:17 printStatus(169) -- Drogno_2: ready	battery: 4.13	kalman var: 0.007 0.007 0.002	 batterySag: 0.638671875	link quality: 63	flight time: 0s	pos 0.14 0.91 0.01	yaw: 15.30	msg/s 0.0
INFO: 11-10-2021 20:25:18 printStatus(169) -- Drogno_2: ready	battery: 4.13	kalman var: 0.003 0.003 0.001	 batterySag: 0.638671875	link quality: 63	flight time: 0s	pos 0.14 0.92 0.00	yaw: 15.23	msg/s 0.0
INFO: 11-10-2021 20:25:19 printStatus(169) -- Drogno_2: ready	battery: 4.13	kalman var: 0.002 0.002 0.001	 batterySag: 0.638671875	link quality: 65	flight time: 0s	pos 0.14 0.92 0.00	yaw: 15.40	msg/s 0.0
INFO: 11-10-2021 20:25:21 printStatus(169) -- Drogno_2: ready	battery: 4.13	kalman var: 0.007 0.007 0.002	 batterySag: 0.638671875	link quality: 65	flight time: 0s	pos 0.14 0.91 0.01	yaw: 15.90	msg/s 0.0
INFO: 11-10-2021 20:25:22 printStatus(169) -- Drogno_2: ready	battery: 4.13	kalman var: 0.004 0.004 0.001	 batterySag: 0.638671875	link quality: 63	flight time: 0s	pos 0.14 0.91 0.00	yaw: 15.72	msg/s 0.0
INFO: 11-10-2021 20:25:24 printStatus(169) -- Drogno_2: ready	battery: 4.13	kalman var: 0.002 0.002 0.001	 batterySag: 0.638671875	link quality: 66	flight time: 0s	pos 0.14 0.92 0.00	yaw: 15.59	msg/s 0.0
INFO: 11-10-2021 20:25:25 printStatus(169) -- Drogno_2: ready	battery: 4.13	kalman var: 0.007 0.007 0.002	 batterySag: 0.638671875	link quality: 66	flight time: 0s	pos 0.13 0.91 0.01	yaw: 15.70	msg/s 0.0
INFO: 11-10-2021 20:25:26 printStatus(169) -- Drogno_2: ready	battery: 4.13	kalman var: 0.001 0.001 0.001	 batterySag: 0.638671875	link quality: 63	flight time: 0s	pos 0.14 0.92 0.00	yaw: 15.75	msg/s 0.0
INFO: 11-10-2021 20:25:27 printStatus(169) -- Drogno_2: ready	battery: 4.13	kalman var: 0.005 0.005 0.002	 batterySag: 0.638671875	link quality: 65	flight time: 0s	pos 0.14 0.91 0.01	yaw: 15.21	msg/s 0.0
INFO: 11-10-2021 20:25:29 printStatus(169) -- Drogno_2: BAD kalman	battery: 4.13	kalman var: 0.029 0.029 0.004	 batterySag: 0.638671875	link quality: 66	flight time: 0s	pos 0.11 0.85 0.03	yaw: 16.03	msg/s 0.0
INFO: 11-10-2021 20:25:31 printStatus(169) -- Drogno_2: BAD kalman	battery: 4.13	kalman var: 0.019 0.019 0.003	 batterySag: 0.638671875	link quality: 61	flight time: 0s	pos 0.13 0.90 0.02	yaw: 15.47	msg/s 0.0
INFO: 11-10-2021 20:25:33 printStatus(169) -- Drogno_2: ready	battery: 4.13	kalman var: 0.003 0.003 0.001	 batterySag: 0.638671875	link quality: 64	flight time: 0s	pos 0.14 0.91 0.00	yaw: 15.52	msg/s 0.0
INFO: 11-10-2021 20:25:34 printStatus(169) -- Drogno_2: BAD kalman	battery: 4.13	kalman var: 0.023 0.023 0.003	 batterySag: 0.638671875	link quality: 62	flight time: 0s	pos 0.11 0.86 0.02	yaw: 15.41	msg/s 0.0
INFO: 11-10-2021 20:25:36 printStatus(169) -- Drogno_2: ready	battery: 4.13	kalman var: 0.002 0.002 0.001	 batterySag: 0.638671875	link quality: 65	flight time: 0s	pos 0.14 0.92 0.00	yaw: 15.62	msg/s 0.0
INFO: 11-10-2021 20:25:37 printStatus(169) -- Drogno_2: ready	battery: 4.13	kalman var: 0.007 0.007 0.002	 batterySag: 0.638671875	link quality: 65	flight time: 0s	pos 0.13 0.91 0.01	yaw: 15.48	msg/s 0.0
INFO: 11-10-2021 20:25:38 printStatus(169) -- Drogno_2: BAD kalman	battery: 4.13	kalman var: 0.01 0.01 0.002	 batterySag: 0.638671875	link quality: 65	flight time: 0s	pos 0.13 0.90 0.01	yaw: 15.86	msg/s 0.0
INFO: 11-10-2021 20:25:40 printStatus(169) -- Drogno_2: ready	battery: 4.13	kalman var: 0.002 0.002 0.001	 batterySag: 0.638671875	link quality: 65	flight time: 0s	pos 0.14 0.92 0.00	yaw: 15.99	msg/s 0.0
INFO: 11-10-2021 20:25:41 printStatus(169) -- Drogno_2: BAD kalman	battery: 4.13	kalman var: 0.02 0.02 0.003	 batterySag: 0.638671875	link quality: 66	flight time: 0s	pos 0.12 0.89 0.02	yaw: 15.07	msg/s 0.0
INFO: 11-10-2021 20:25:42 printStatus(169) -- Drogno_2: ready	battery: 4.13	kalman var: 0.002 0.002 0.001	 batterySag: 0.638671875	link quality: 74	flight time: 0s	pos 0.14 0.92 -0.00	yaw: 15.77	msg/s 0.0
INFO: 11-10-2021 20:25:44 printStatus(169) -- Drogno_2: ready	battery: 4.13	kalman var: 0.009 0.009 0.002	 batterySag: 0.638671875	link quality: 67	flight time: 0s	pos 0.13 0.90 0.01	yaw: 15.55	msg/s 0.0
INFO: 11-10-2021 20:25:45 printStatus(169) -- Drogno_2: BAD kalman	battery: 4.13	kalman var: 0.022 0.022 0.003	 batterySag: 0.638671875	link quality: 63	flight time: 0s	pos 0.12 0.87 0.02	yaw: 15.46	msg/s 0.0
INFO: 11-10-2021 20:25:46 printStatus(169) -- Drogno_2: BAD kalman	battery: 4.13	kalman var: 0.044 0.044 0.004	 batterySag: 0.638671875	link quality: 65	flight time: 0s	pos 0.11 0.82 0.04	yaw: 15.50	msg/s 0.0
INFO: 11-10-2021 20:25:47 printStatus(169) -- Drogno_2: BAD kalman	battery: 4.13	kalman var: 0.021 0.021 0.003	 batterySag: 0.638671875	link quality: 67	flight time: 0s	pos 0.13 0.89 0.02	yaw: 15.48	msg/s 0.0
INFO: 11-10-2021 20:25:49 printStatus(169) -- Drogno_2: ready	battery: 4.13	kalman var: 0.005 0.005 0.001	 batterySag: 0.638671875	link quality: 66	flight time: 0s	pos 0.14 0.91 0.00	yaw: 15.77	msg/s 0.0
INFO: 11-10-2021 20:25:50 printStatus(169) -- Drogno_2: BAD kalman	battery: 4.13	kalman var: 0.014 0.014 0.002	 batterySag: 0.638671875	link quality: 67	flight time: 0s	pos 0.13 0.89 0.02	yaw: 15.27	msg/s 9.09090909090909
INFO: 11-10-2021 20:25:51 printStatus(169) -- Drogno_2: BAD kalman	battery: 4.13	kalman var: 0.014 0.014 0.002	 batterySag: 0.638671875	link quality: 67	flight time: 0s	pos 0.13 0.89 0.02	yaw: 15.27	msg/s 18.18181818181818
INFO: 11-10-2021 20:25:52 printStatus(169) -- Drogno_2: ready	battery: 4.13	kalman var: 0.002 0.002 0.001	 batterySag: 0.638671875	link quality: 67	flight time: 0s	pos 0.14 0.92 0.01	yaw: 15.65	msg/s 16.363636363636363
INFO: 11-10-2021 20:25:54 printStatus(169) -- Drogno_2: BAD kalman	battery: 4.13	kalman var: 0.02 0.02 0.003	 batterySag: 0.638671875	link quality: 67	flight time: 0s	pos 0.12 0.88 0.04	yaw: 15.78	msg/s 23.636363636363633
INFO: 11-10-2021 20:25:55 printStatus(169) -- Drogno_2: ready	battery: 4.12	kalman var: 0.004 0.004 0.001	 batterySag: 0.638671875	link quality: 68	flight time: 0s	pos 0.14 0.91 0.00	yaw: 15.55	msg/s 20.0
INFO: 11-10-2021 20:25:56 printStatus(169) -- Drogno_2: ready	battery: 4.12	kalman var: 0.002 0.002 0.001	 batterySag: 0.638671875	link quality: 66	flight time: 0s	pos 0.14 0.92 0.00	yaw: 15.34	msg/s 21.818181818181817
INFO: 11-10-2021 20:25:57 printStatus(169) -- Drogno_2: ready	battery: 4.13	kalman var: 0.007 0.007 0.002	 batterySag: 0.638671875	link quality: 66	flight time: 0s	pos 0.14 0.90 0.02	yaw: 15.51	msg/s 21.818181818181817
INFO: 11-10-2021 20:25:59 printStatus(169) -- Drogno_2: ready	battery: 4.12	kalman var: 0.002 0.002 0.001	 batterySag: 0.638671875	link quality: 67	flight time: 0s	pos 0.14 0.92 0.00	yaw: 15.63	msg/s 21.818181818181817
INFO: 11-10-2021 20:26:00 printStatus(169) -- Drogno_2: ready	battery: 4.12	kalman var: 0.001 0.001 0.001	 batterySag: 0.638671875	link quality: 67	flight time: 0s	pos 0.14 0.92 0.00	yaw: 15.42	msg/s 20.0
INFO: 11-10-2021 20:26:02 printStatus(169) -- Drogno_2: ready	battery: 4.12	kalman var: 0.004 0.004 0.002	 batterySag: 0.638671875	link quality: 65	flight time: 0s	pos 0.15 0.91 0.01	yaw: 15.78	msg/s 20.0
INFO: 11-10-2021 20:26:03 printStatus(169) -- Drogno_2: BAD kalman	battery: 4.12	kalman var: 0.013 0.013 0.003	 batterySag: 0.638671875	link quality: 67	flight time: 0s	pos 0.14 0.90 0.03	yaw: 15.76	msg/s 23.636363636363633
INFO: 11-10-2021 20:26:04 printStatus(169) -- Drogno_2: BAD kalman	battery: 4.12	kalman var: 0.053 0.053 0.005	 batterySag: 0.638671875	link quality: 69	flight time: 0s	pos 0.10 0.81 0.09	yaw: 15.52	msg/s 21.818181818181817
INFO: 11-10-2021 20:26:05 printStatus(169) -- Drogno_2: ready	battery: 4.12	kalman var: 0.007 0.007 0.002	 batterySag: 0.638671875	link quality: 67	flight time: 0s	pos 0.14 0.91 0.00	yaw: 15.83	msg/s 21.818181818181817
INFO: 11-10-2021 20:26:06 printStatus(169) -- Drogno_2: BAD kalman	battery: 4.12	kalman var: 0.019 0.019 0.003	 batterySag: 0.638671875	link quality: 65	flight time: 0s	pos 0.12 0.88 0.02	yaw: 15.44	msg/s 18.18181818181818
INFO: 11-10-2021 20:26:07 printStatus(169) -- Drogno_2: BAD kalman	battery: 4.12	kalman var: 0.038 0.038 0.004	 batterySag: 0.638671875	link quality: 68	flight time: 0s	pos 0.09 0.83 0.05	yaw: 15.52	msg/s 21.818181818181817
INFO: 11-10-2021 20:26:09 printStatus(169) -- Drogno_2: BAD kalman	battery: 4.12	kalman var: 0.068 0.068 0.005	 batterySag: 0.638671875	link quality: 65	flight time: 0s	pos 0.05 0.76 0.08	yaw: 15.62	msg/s 21.818181818181817
INFO: 11-10-2021 20:26:10 printStatus(169) -- Drogno_2: BAD kalman	battery: 4.12	kalman var: 0.014 0.014 0.002	 batterySag: 0.638671875	link quality: 65	flight time: 0s	pos 0.15 0.91 0.01	yaw: 15.82	msg/s 21.818181818181817
INFO: 11-10-2021 20:26:11 printStatus(169) -- Drogno_2: BAD kalman	battery: 4.12	kalman var: 0.031 0.031 0.003	 batterySag: 0.638671875	link quality: 67	flight time: 0s	pos 0.15 0.89 0.03	yaw: 15.73	msg/s 20.0
INFO: 11-10-2021 20:26:12 printStatus(169) -- Drogno_2: BAD kalman	battery: 4.12	kalman var: 0.057 0.057 0.004	 batterySag: 0.638671875	link quality: 65	flight time: 0s	pos 0.15 0.85 0.05	yaw: 14.79	msg/s 21.818181818181817
INFO: 11-10-2021 20:26:13 printStatus(169) -- Drogno_2: BAD kalman	battery: 4.12	kalman var: 0.096 0.096 0.005	 batterySag: 0.638671875	link quality: 67	flight time: 0s	pos 0.15 0.80 0.08	yaw: 15.70	msg/s 20.0
INFO: 11-10-2021 20:26:15 printStatus(169) -- Drogno_2: BAD kalman	battery: 4.12	kalman var: 0.148 0.148 0.006	 batterySag: 0.638671875	link quality: 67	flight time: 0s	pos 0.14 0.73 0.13	yaw: 15.66	msg/s 27.27272727272727
INFO: 11-10-2021 20:26:16 printStatus(169) -- Drogno_2: BAD kalman	battery: 4.12	kalman var: 0.021 0.021 0.002	 batterySag: 0.638671875	link quality: 65	flight time: 0s	pos 0.13 0.90 0.01	yaw: 15.30	msg/s 23.636363636363633
INFO: 11-10-2021 20:26:17 printStatus(169) -- Drogno_2: BAD kalman	battery: 4.12	kalman var: 0.042 0.042 0.003	 batterySag: 0.638671875	link quality: 69	flight time: 0s	pos 0.11 0.86 0.03	yaw: 15.80	msg/s 27.27272727272727
INFO: 11-10-2021 20:26:19 printStatus(169) -- Drogno_2: ready	battery: 4.12	kalman var: 0.004 0.004 0.001	 batterySag: 0.638671875	link quality: 67	flight time: 0s	pos 0.14 0.91 0.00	yaw: 15.70	msg/s 25.454545454545453
INFO: 11-10-2021 20:26:20 printStatus(169) -- Drogno_2: ready	battery: 4.12	kalman var: 0.001 0.001 0.001	 batterySag: 0.638671875	link quality: 67	flight time: 0s	pos 0.14 0.92 0.00	yaw: 15.87	msg/s 21.818181818181817
INFO: 11-10-2021 20:26:21 printStatus(169) -- Drogno_2: BAD kalman	battery: 4.12	kalman var: 0.013 0.013 0.003	 batterySag: 0.638671875	link quality: 67	flight time: 0s	pos 0.12 0.89 0.03	yaw: 15.81	msg/s 23.636363636363633
INFO: 11-10-2021 20:26:22 printStatus(169) -- Drogno_2: BAD kalman	battery: 4.12	kalman var: 0.028 0.028 0.004	 batterySag: 0.638671875	link quality: 65	flight time: 0s	pos 0.10 0.85 0.05	yaw: 15.64	msg/s 23.636363636363633
INFO: 11-10-2021 20:26:24 printStatus(169) -- Drogno_2: BAD kalman	battery: 4.12	kalman var: 0.053 0.053 0.005	 batterySag: 0.638671875	link quality: 67	flight time: 0s	pos 0.07 0.80 0.09	yaw: 15.34	msg/s 23.636363636363633
INFO: 11-10-2021 20:26:25 printStatus(169) -- Drogno_2: BAD kalman	battery: 4.12	kalman var: 0.137 0.137 0.007	 batterySag: 0.638671875	link quality: 62	flight time: 0s	pos -0.03 0.63 0.19	yaw: 14.59	msg/s 25.454545454545453
INFO: 11-10-2021 20:26:26 printStatus(169) -- Drogno_2: BAD kalman	battery: 4.12	kalman var: 0.2 0.2 0.008	 batterySag: 0.638671875	link quality: 63	flight time: 0s	pos -0.10 0.51 0.26	yaw: 15.22	msg/s 25.454545454545453
INFO: 11-10-2021 20:26:28 printStatus(169) -- Drogno_2: stand by	battery: 4.12	kalman var: 0.025 0.025 0.003	 batterySag: 0.638671875	link quality: 65	flight time: 0s	pos 0.14 0.90 0.01	yaw: 15.38	msg/s 10.909090909090908
INFO: 11-10-2021 20:26:29 printStatus(169) -- Drogno_2: stand by	battery: 4.12	kalman var: 0.025 0.025 0.003	 batterySag: 0.638671875	link quality: 65	flight time: 0s	pos 0.14 0.90 0.01	yaw: 15.38	msg/s 10.909090909090908
INFO: 11-10-2021 20:26:30 printStatus(169) -- Drogno_2: stand by	battery: 4.12	kalman var: 0.025 0.025 0.003	 batterySag: 0.638671875	link quality: 65	flight time: 0s	pos 0.14 0.90 0.01	yaw: 15.38	msg/s 12.727272727272727
INFO: 11-10-2021 20:26:31 printStatus(169) -- Drogno_2: stand by	battery: 4.12	kalman var: 0.025 0.025 0.003	 batterySag: 0.638671875	link quality: 65	flight time: 0s	pos 0.14 0.90 0.01	yaw: 15.38	msg/s 10.909090909090908
INFO: 11-10-2021 20:26:32 printStatus(169) -- Drogno_2: stand by	battery: 4.12	kalman var: 0.025 0.025 0.003	 batterySag: 0.638671875	link quality: 65	flight time: 0s	pos 0.14 0.90 0.01	yaw: 15.38	msg/s 11.818181818181817
INFO: 11-10-2021 20:26:34 printStatus(169) -- Drogno_2: stand by	battery: 4.12	kalman var: 0.025 0.025 0.003	 batterySag: 0.638671875	link quality: 65	flight time: 0s	pos 0.14 0.90 0.01	yaw: 15.38	msg/s 11.818181818181817
INFO: 11-10-2021 20:26:35 printStatus(169) -- Drogno_2: stand by	battery: 4.12	kalman var: 0.025 0.025 0.003	 batterySag: 0.638671875	link quality: 65	flight time: 0s	pos 0.14 0.90 0.01	yaw: 15.38	msg/s 12.727272727272727
INFO: 11-10-2021 20:26:36 printStatus(169) -- Drogno_2: stand by	battery: 4.12	kalman var: 0.025 0.025 0.003	 batterySag: 0.638671875	link quality: 65	flight time: 0s	pos 0.14 0.90 0.01	yaw: 15.38	msg/s 12.727272727272727
INFO: 11-10-2021 20:26:37 printStatus(169) -- Drogno_2: stand by	battery: 4.12	kalman var: 0.025 0.025 0.003	 batterySag: 0.638671875	link quality: 65	flight time: 0s	pos 0.14 0.90 0.01	yaw: 15.38	msg/s 10.0
INFO: 11-10-2021 20:26:39 printStatus(169) -- Drogno_2: stand by	battery: 4.12	kalman var: 0.025 0.025 0.003	 batterySag: 0.638671875	link quality: 65	flight time: 0s	pos 0.14 0.90 0.01	yaw: 15.38	msg/s 12.727272727272727
INFO: 11-10-2021 20:26:40 printStatus(169) -- Drogno_2: stand by	battery: 4.12	kalman var: 0.025 0.025 0.003	 batterySag: 0.638671875	link quality: 65	flight time: 0s	pos 0.14 0.90 0.01	yaw: 15.38	msg/s 12.727272727272727
INFO: 11-10-2021 20:26:41 printStatus(169) -- Drogno_2: stand by	battery: 4.12	kalman var: 0.025 0.025 0.003	 batterySag: 0.638671875	link quality: 65	flight time: 0s	pos 0.14 0.90 0.01	yaw: 15.38	msg/s 12.727272727272727
INFO: 11-10-2021 20:26:42 printStatus(169) -- Drogno_2: stand by	battery: 4.12	kalman var: 0.025 0.025 0.003	 batterySag: 0.638671875	link quality: 65	flight time: 0s	pos 0.14 0.90 0.01	yaw: 15.38	msg/s 13.636363636363635
INFO: 11-10-2021 20:26:43 printStatus(169) -- Drogno_2: stand by	battery: 4.12	kalman var: 0.025 0.025 0.003	 batterySag: 0.638671875	link quality: 65	flight time: 0s	pos 0.14 0.90 0.01	yaw: 15.38	msg/s 10.0
INFO: 11-10-2021 20:26:44 printStatus(169) -- Drogno_2: stand by	battery: 4.12	kalman var: 0.025 0.025 0.003	 batterySag: 0.638671875	link quality: 65	flight time: 0s	pos 0.14 0.90 0.01	yaw: 15.38	msg/s 10.909090909090908
INFO: 11-10-2021 20:26:45 printStatus(169) -- Drogno_2: stand by	battery: 4.12	kalman var: 0.025 0.025 0.003	 batterySag: 0.638671875	link quality: 65	flight time: 0s	pos 0.14 0.90 0.01	yaw: 15.38	msg/s 10.909090909090908
INFO: 11-10-2021 20:26:47 printStatus(169) -- Drogno_2: stand by	battery: 4.12	kalman var: 0.025 0.025 0.003	 batterySag: 0.638671875	link quality: 65	flight time: 0s	pos 0.14 0.90 0.01	yaw: 15.38	msg/s 10.909090909090908
INFO: 11-10-2021 20:26:48 printStatus(169) -- Drogno_2: stand by	battery: 4.12	kalman var: 0.025 0.025 0.003	 batterySag: 0.638671875	link quality: 65	flight time: 0s	pos 0.14 0.90 0.01	yaw: 15.38	msg/s 11.818181818181817
INFO: 11-10-2021 20:26:49 printStatus(169) -- Drogno_2: stand by	battery: 4.12	kalman var: 0.025 0.025 0.003	 batterySag: 0.638671875	link quality: 65	flight time: 0s	pos 0.14 0.90 0.01	yaw: 15.38	msg/s 11.818181818181817
INFO: 11-10-2021 20:26:50 printStatus(169) -- Drogno_2: stand by	battery: 4.12	kalman var: 0.025 0.025 0.003	 batterySag: 0.638671875	link quality: 65	flight time: 0s	pos 0.14 0.90 0.01	yaw: 15.38	msg/s 11.818181818181817
INFO: 11-10-2021 20:26:52 printStatus(169) -- Drogno_2: stand by	battery: 4.12	kalman var: 0.025 0.025 0.003	 batterySag: 0.638671875	link quality: 65	flight time: 0s	pos 0.14 0.90 0.01	yaw: 15.38	msg/s 10.909090909090908
INFO: 11-10-2021 20:26:53 printStatus(169) -- Drogno_2: stand by	battery: 4.12	kalman var: 0.025 0.025 0.003	 batterySag: 0.638671875	link quality: 65	flight time: 0s	pos 0.14 0.90 0.01	yaw: 15.38	msg/s 12.727272727272727
INFO: 11-10-2021 20:26:54 printStatus(169) -- Drogno_2: stand by	battery: 4.12	kalman var: 0.025 0.025 0.003	 batterySag: 0.638671875	link quality: 65	flight time: 0s	pos 0.14 0.90 0.01	yaw: 15.38	msg/s 12.727272727272727
INFO: 11-10-2021 20:26:55 printStatus(169) -- Drogno_2: stand by	battery: 4.12	kalman var: 0.025 0.025 0.003	 batterySag: 0.638671875	link quality: 65	flight time: 0s	pos 0.14 0.90 0.01	yaw: 15.38	msg/s 10.909090909090908
INFO: 11-10-2021 20:26:57 printStatus(169) -- Drogno_2: stand by	battery: 4.12	kalman var: 0.025 0.025 0.003	 batterySag: 0.638671875	link quality: 65	flight time: 0s	pos 0.14 0.90 0.01	yaw: 15.38	msg/s 9.09090909090909
INFO: 11-10-2021 20:26:58 printStatus(169) -- Drogno_2: stand by	battery: 4.12	kalman var: 0.025 0.025 0.003	 batterySag: 0.638671875	link quality: 65	flight time: 0s	pos 0.14 0.90 0.01	yaw: 15.38	msg/s 12.727272727272727
INFO: 11-10-2021 20:26:59 printStatus(169) -- Drogno_2: stand by	battery: 4.12	kalman var: 0.025 0.025 0.003	 batterySag: 0.638671875	link quality: 65	flight time: 0s	pos 0.14 0.90 0.01	yaw: 15.38	msg/s 10.909090909090908
INFO: 11-10-2021 20:27:00 printStatus(169) -- Drogno_2: stand by	battery: 4.12	kalman var: 0.025 0.025 0.003	 batterySag: 0.638671875	link quality: 65	flight time: 0s	pos 0.14 0.90 0.01	yaw: 15.38	msg/s 11.818181818181817
INFO: 11-10-2021 20:27:01 printStatus(169) -- Drogno_2: stand by	battery: 4.12	kalman var: 0.025 0.025 0.003	 batterySag: 0.638671875	link quality: 65	flight time: 0s	pos 0.14 0.90 0.01	yaw: 15.38	msg/s 12.727272727272727
INFO: 11-10-2021 20:27:02 printStatus(169) -- Drogno_2: stand by	battery: 4.12	kalman var: 0.025 0.025 0.003	 batterySag: 0.638671875	link quality: 65	flight time: 0s	pos 0.14 0.90 0.01	yaw: 15.38	msg/s 10.909090909090908
INFO: 11-10-2021 20:27:03 printStatus(169) -- Drogno_2: stand by	battery: 4.12	kalman var: 0.025 0.025 0.003	 batterySag: 0.638671875	link quality: 65	flight time: 0s	pos 0.14 0.90 0.01	yaw: 15.38	msg/s 13.636363636363635
INFO: 11-10-2021 20:27:05 printStatus(169) -- Drogno_2: stand by	battery: 4.12	kalman var: 0.025 0.025 0.003	 batterySag: 0.638671875	link quality: 65	flight time: 0s	pos 0.14 0.90 0.01	yaw: 15.38	msg/s 11.818181818181817
INFO: 11-10-2021 20:27:06 printStatus(169) -- Drogno_2: stand by	battery: 4.12	kalman var: 0.025 0.025 0.003	 batterySag: 0.638671875	link quality: 65	flight time: 0s	pos 0.14 0.90 0.01	yaw: 15.38	msg/s 10.909090909090908
INFO: 11-10-2021 20:27:07 printStatus(169) -- Drogno_2: stand by	battery: 4.12	kalman var: 0.025 0.025 0.003	 batterySag: 0.638671875	link quality: 65	flight time: 0s	pos 0.14 0.90 0.01	yaw: 15.38	msg/s 11.818181818181817
INFO: 11-10-2021 20:27:08 printStatus(169) -- Drogno_2: stand by	battery: 4.12	kalman var: 0.025 0.025 0.003	 batterySag: 0.638671875	link quality: 65	flight time: 0s	pos 0.14 0.90 0.01	yaw: 15.38	msg/s 10.909090909090908
INFO: 11-10-2021 20:27:09 printStatus(169) -- Drogno_2: stand by	battery: 4.12	kalman var: 0.025 0.025 0.003	 batterySag: 0.638671875	link quality: 65	flight time: 0s	pos 0.14 0.90 0.01	yaw: 15.38	msg/s 12.727272727272727
INFO: 11-10-2021 20:27:11 printStatus(169) -- Drogno_2: stand by	battery: 4.12	kalman var: 0.025 0.025 0.003	 batterySag: 0.638671875	link quality: 65	flight time: 0s	pos 0.14 0.90 0.01	yaw: 15.38	msg/s 9.09090909090909
INFO: 11-10-2021 20:27:12 printStatus(169) -- Drogno_2: stand by	battery: 4.12	kalman var: 0.025 0.025 0.003	 batterySag: 0.638671875	link quality: 65	flight time: 0s	pos 0.14 0.90 0.01	yaw: 15.38	msg/s 3.6363636363636362
INFO: 11-10-2021 20:27:13 printStatus(169) -- Drogno_2: stand by	battery: 4.12	kalman var: 0.025 0.025 0.003	 batterySag: 0.638671875	link quality: 65	flight time: 0s	pos 0.14 0.90 0.01	yaw: 15.38	msg/s 2.727272727272727
INFO: 11-10-2021 20:27:14 printStatus(169) -- Drogno_2: stand by	battery: 4.12	kalman var: 0.025 0.025 0.003	 batterySag: 0.638671875	link quality: 65	flight time: 0s	pos 0.14 0.90 0.01	yaw: 15.38	msg/s 11.818181818181817
INFO: 11-10-2021 20:27:16 printStatus(169) -- Drogno_2: stand by	battery: 4.12	kalman var: 0.025 0.025 0.003	 batterySag: 0.638671875	link quality: 65	flight time: 0s	pos 0.14 0.90 0.01	yaw: 15.38	msg/s 12.727272727272727
INFO: 11-10-2021 20:27:17 printStatus(169) -- Drogno_2: stand by	battery: 4.12	kalman var: 0.025 0.025 0.003	 batterySag: 0.638671875	link quality: 65	flight time: 0s	pos 0.14 0.90 0.01	yaw: 15.38	msg/s 11.818181818181817
INFO: 11-10-2021 20:27:18 printStatus(169) -- Drogno_2: stand by	battery: 4.12	kalman var: 0.025 0.025 0.003	 batterySag: 0.638671875	link quality: 65	flight time: 0s	pos 0.14 0.90 0.01	yaw: 15.38	msg/s 13.636363636363635
INFO: 11-10-2021 20:27:20 printStatus(169) -- Drogno_2: stand by	battery: 4.12	kalman var: 0.025 0.025 0.003	 batterySag: 0.638671875	link quality: 65	flight time: 0s	pos 0.14 0.90 0.01	yaw: 15.38	msg/s 11.818181818181817
INFO: 11-10-2021 20:27:21 printStatus(169) -- Drogno_2: stand by	battery: 4.12	kalman var: 0.025 0.025 0.003	 batterySag: 0.638671875	link quality: 65	flight time: 0s	pos 0.14 0.90 0.01	yaw: 15.38	msg/s 21.818181818181817
INFO: 11-10-2021 20:27:22 printStatus(169) -- Drogno_2: stand by	battery: 4.12	kalman var: 0.025 0.025 0.003	 batterySag: 0.638671875	link quality: 65	flight time: 0s	pos 0.14 0.90 0.01	yaw: 15.38	msg/s 21.818181818181817
INFO: 11-10-2021 20:27:24 printStatus(169) -- Drogno_2: stand by	battery: 4.12	kalman var: 0.025 0.025 0.003	 batterySag: 0.638671875	link quality: 65	flight time: 0s	pos 0.14 0.90 0.01	yaw: 15.38	msg/s 20.909090909090907
INFO: 11-10-2021 20:27:25 printStatus(169) -- Drogno_2: stand by	battery: 4.12	kalman var: 0.025 0.025 0.003	 batterySag: 0.638671875	link quality: 65	flight time: 0s	pos 0.14 0.90 0.01	yaw: 15.38	msg/s 21.818181818181817
INFO: 11-10-2021 20:27:26 printStatus(169) -- Drogno_2: stand by	battery: 4.12	kalman var: 0.025 0.025 0.003	 batterySag: 0.638671875	link quality: 65	flight time: 0s	pos 0.14 0.90 0.01	yaw: 15.38	msg/s 21.818181818181817
INFO: 11-10-2021 20:27:28 printStatus(169) -- Drogno_2: stand by	battery: 4.12	kalman var: 0.025 0.025 0.003	 batterySag: 0.638671875	link quality: 65	flight time: 0s	pos 0.14 0.90 0.01	yaw: 15.38	msg/s 21.818181818181817
INFO: 11-10-2021 20:27:29 printStatus(169) -- Drogno_2: stand by	battery: 4.12	kalman var: 0.025 0.025 0.003	 batterySag: 0.638671875	link quality: 65	flight time: 0s	pos 0.14 0.90 0.01	yaw: 15.38	msg/s 21.818181818181817
INFO: 11-10-2021 20:27:30 printStatus(169) -- Drogno_2: stand by	battery: 4.12	kalman var: 0.025 0.025 0.003	 batterySag: 0.638671875	link quality: 65	flight time: 0s	pos 0.14 0.90 0.01	yaw: 15.38	msg/s 20.0
INFO: 11-10-2021 20:27:31 printStatus(169) -- Drogno_2: stand by	battery: 4.12	kalman var: 0.025 0.025 0.003	 batterySag: 0.638671875	link quality: 65	flight time: 0s	pos 0.14 0.90 0.01	yaw: 15.38	msg/s 21.818181818181817
INFO: 11-10-2021 20:27:32 printStatus(169) -- Drogno_2: stand by	battery: 4.12	kalman var: 0.025 0.025 0.003	 batterySag: 0.638671875	link quality: 65	flight time: 0s	pos 0.14 0.90 0.01	yaw: 15.38	msg/s 21.818181818181817
INFO: 11-10-2021 20:27:33 printStatus(169) -- Drogno_2: stand by	battery: 4.12	kalman var: 0.025 0.025 0.003	 batterySag: 0.638671875	link quality: 65	flight time: 0s	pos 0.14 0.90 0.01	yaw: 15.38	msg/s 20.909090909090907
INFO: 11-10-2021 20:27:34 printStatus(169) -- Drogno_2: stand by	battery: 4.12	kalman var: 0.025 0.025 0.003	 batterySag: 0.638671875	link quality: 65	flight time: 0s	pos 0.14 0.90 0.01	yaw: 15.38	msg/s 20.909090909090907
INFO: 11-10-2021 20:27:36 printStatus(169) -- Drogno_2: stand by	battery: 4.12	kalman var: 0.025 0.025 0.003	 batterySag: 0.638671875	link quality: 65	flight time: 0s	pos 0.14 0.90 0.01	yaw: 15.38	msg/s 22.727272727272727
INFO: 11-10-2021 20:27:37 printStatus(169) -- Drogno_2: stand by	battery: 4.12	kalman var: 0.025 0.025 0.003	 batterySag: 0.638671875	link quality: 65	flight time: 0s	pos 0.14 0.90 0.01	yaw: 15.38	msg/s 22.727272727272727
INFO: 11-10-2021 20:27:38 printStatus(169) -- Drogno_2: stand by	battery: 4.12	kalman var: 0.025 0.025 0.003	 batterySag: 0.638671875	link quality: 65	flight time: 0s	pos 0.14 0.90 0.01	yaw: 15.38	msg/s 21.818181818181817
INFO: 11-10-2021 20:27:39 printStatus(169) -- Drogno_2: stand by	battery: 4.12	kalman var: 0.025 0.025 0.003	 batterySag: 0.638671875	link quality: 65	flight time: 0s	pos 0.14 0.90 0.01	yaw: 15.38	msg/s 20.909090909090907
INFO: 11-10-2021 20:27:40 printStatus(169) -- Drogno_2: stand by	battery: 4.12	kalman var: 0.025 0.025 0.003	 batterySag: 0.638671875	link quality: 65	flight time: 0s	pos 0.14 0.90 0.01	yaw: 15.38	msg/s 21.818181818181817
INFO: 11-10-2021 20:27:41 printStatus(169) -- Drogno_2: stand by	battery: 4.12	kalman var: 0.025 0.025 0.003	 batterySag: 0.638671875	link quality: 65	flight time: 0s	pos 0.14 0.90 0.01	yaw: 15.38	msg/s 20.909090909090907
INFO: 11-10-2021 20:27:43 printStatus(169) -- Drogno_2: stand by	battery: 4.12	kalman var: 0.025 0.025 0.003	 batterySag: 0.638671875	link quality: 65	flight time: 0s	pos 0.14 0.90 0.01	yaw: 15.38	msg/s 20.909090909090907
INFO: 11-10-2021 20:27:44 printStatus(169) -- Drogno_2: stand by	battery: 4.12	kalman var: 0.025 0.025 0.003	 batterySag: 0.638671875	link quality: 65	flight time: 0s	pos 0.14 0.90 0.01	yaw: 15.38	msg/s 20.909090909090907
INFO: 11-10-2021 20:27:45 printStatus(169) -- Drogno_2: stand by	battery: 4.12	kalman var: 0.025 0.025 0.003	 batterySag: 0.638671875	link quality: 65	flight time: 0s	pos 0.14 0.90 0.01	yaw: 15.38	msg/s 22.727272727272727
INFO: 11-10-2021 20:27:46 printStatus(169) -- Drogno_2: stand by	battery: 4.12	kalman var: 0.025 0.025 0.003	 batterySag: 0.638671875	link quality: 65	flight time: 0s	pos 0.14 0.90 0.01	yaw: 15.38	msg/s 21.818181818181817
INFO: 11-10-2021 20:27:48 printStatus(169) -- Drogno_2: stand by	battery: 4.12	kalman var: 0.025 0.025 0.003	 batterySag: 0.638671875	link quality: 65	flight time: 0s	pos 0.14 0.90 0.01	yaw: 15.38	msg/s 20.909090909090907
INFO: 11-10-2021 20:27:49 printStatus(169) -- Drogno_2: stand by	battery: 4.12	kalman var: 0.025 0.025 0.003	 batterySag: 0.638671875	link quality: 65	flight time: 0s	pos 0.14 0.90 0.01	yaw: 15.38	msg/s 22.727272727272727
INFO: 11-10-2021 20:27:50 printStatus(169) -- Drogno_2: stand by	battery: 4.12	kalman var: 0.025 0.025 0.003	 batterySag: 0.638671875	link quality: 65	flight time: 0s	pos 0.14 0.90 0.01	yaw: 15.38	msg/s 21.818181818181817
INFO: 11-10-2021 20:27:51 printStatus(169) -- Drogno_2: stand by	battery: 4.12	kalman var: 0.025 0.025 0.003	 batterySag: 0.638671875	link quality: 65	flight time: 0s	pos 0.14 0.90 0.01	yaw: 15.38	msg/s 20.909090909090907
INFO: 11-10-2021 20:27:52 printStatus(169) -- Drogno_2: stand by	battery: 4.12	kalman var: 0.025 0.025 0.003	 batterySag: 0.638671875	link quality: 65	flight time: 0s	pos 0.14 0.90 0.01	yaw: 15.38	msg/s 20.909090909090907
INFO: 11-10-2021 20:27:53 printStatus(169) -- Drogno_2: stand by	battery: 4.12	kalman var: 0.025 0.025 0.003	 batterySag: 0.638671875	link quality: 65	flight time: 0s	pos 0.14 0.90 0.01	yaw: 15.38	msg/s 20.909090909090907
INFO: 11-10-2021 20:27:54 printStatus(169) -- Drogno_2: stand by	battery: 4.12	kalman var: 0.025 0.025 0.003	 batterySag: 0.638671875	link quality: 65	flight time: 0s	pos 0.14 0.90 0.01	yaw: 15.38	msg/s 20.909090909090907
INFO: 11-10-2021 20:27:56 printStatus(169) -- Drogno_2: stand by	battery: 4.12	kalman var: 0.025 0.025 0.003	 batterySag: 0.638671875	link quality: 65	flight time: 0s	pos 0.14 0.90 0.01	yaw: 15.38	msg/s 20.909090909090907
INFO: 11-10-2021 20:27:57 printStatus(169) -- Drogno_2: stand by	battery: 4.12	kalman var: 0.025 0.025 0.003	 batterySag: 0.638671875	link quality: 65	flight time: 0s	pos 0.14 0.90 0.01	yaw: 15.38	msg/s 20.909090909090907
INFO: 11-10-2021 20:27:58 printStatus(169) -- Drogno_2: stand by	battery: 4.12	kalman var: 0.025 0.025 0.003	 batterySag: 0.638671875	link quality: 65	flight time: 0s	pos 0.14 0.90 0.01	yaw: 15.38	msg/s 21.818181818181817
INFO: 11-10-2021 20:27:59 printStatus(169) -- Drogno_2: stand by	battery: 4.12	kalman var: 0.025 0.025 0.003	 batterySag: 0.638671875	link quality: 65	flight time: 0s	pos 0.14 0.90 0.01	yaw: 15.38	msg/s 21.818181818181817
INFO: 11-10-2021 20:28:01 printStatus(169) -- Drogno_2: stand by	battery: 4.12	kalman var: 0.025 0.025 0.003	 batterySag: 0.638671875	link quality: 65	flight time: 0s	pos 0.14 0.90 0.01	yaw: 15.38	msg/s 22.727272727272727
INFO: 11-10-2021 20:28:02 printStatus(169) -- Drogno_2: stand by	battery: 4.12	kalman var: 0.025 0.025 0.003	 batterySag: 0.638671875	link quality: 65	flight time: 0s	pos 0.14 0.90 0.01	yaw: 15.38	msg/s 21.818181818181817
INFO: 11-10-2021 20:28:03 printStatus(169) -- Drogno_2: stand by	battery: 4.12	kalman var: 0.025 0.025 0.003	 batterySag: 0.638671875	link quality: 65	flight time: 0s	pos 0.14 0.90 0.01	yaw: 15.38	msg/s 21.818181818181817
INFO: 11-10-2021 20:28:04 printStatus(169) -- Drogno_2: stand by	battery: 4.12	kalman var: 0.025 0.025 0.003	 batterySag: 0.638671875	link quality: 65	flight time: 0s	pos 0.14 0.90 0.01	yaw: 15.38	msg/s 22.727272727272727
INFO: 11-10-2021 20:28:05 printStatus(169) -- Drogno_2: stand by	battery: 4.12	kalman var: 0.025 0.025 0.003	 batterySag: 0.638671875	link quality: 65	flight time: 0s	pos 0.14 0.90 0.01	yaw: 15.38	msg/s 20.909090909090907
INFO: 11-10-2021 20:28:06 printStatus(169) -- Drogno_2: stand by	battery: 4.12	kalman var: 0.025 0.025 0.003	 batterySag: 0.638671875	link quality: 65	flight time: 0s	pos 0.14 0.90 0.01	yaw: 15.38	msg/s 21.818181818181817
INFO: 11-10-2021 20:28:07 printStatus(169) -- Drogno_2: stand by	battery: 4.12	kalman var: 0.025 0.025 0.003	 batterySag: 0.638671875	link quality: 65	flight time: 0s	pos 0.14 0.90 0.01	yaw: 15.38	msg/s 20.909090909090907
INFO: 11-10-2021 20:28:09 printStatus(169) -- Drogno_2: stand by	battery: 4.12	kalman var: 0.025 0.025 0.003	 batterySag: 0.638671875	link quality: 65	flight time: 0s	pos 0.14 0.90 0.01	yaw: 15.38	msg/s 20.909090909090907
INFO: 11-10-2021 20:28:10 printStatus(169) -- Drogno_2: stand by	battery: 4.12	kalman var: 0.025 0.025 0.003	 batterySag: 0.638671875	link quality: 65	flight time: 0s	pos 0.14 0.90 0.01	yaw: 15.38	msg/s 22.727272727272727
INFO: 11-10-2021 20:28:11 printStatus(169) -- Drogno_2: stand by	battery: 4.12	kalman var: 0.025 0.025 0.003	 batterySag: 0.638671875	link quality: 65	flight time: 0s	pos 0.14 0.90 0.01	yaw: 15.38	msg/s 20.909090909090907
INFO: 11-10-2021 20:28:12 printStatus(169) -- Drogno_2: stand by	battery: 4.12	kalman var: 0.025 0.025 0.003	 batterySag: 0.638671875	link quality: 65	flight time: 0s	pos 0.14 0.90 0.01	yaw: 15.38	msg/s 21.818181818181817
INFO: 11-10-2021 20:28:13 printStatus(169) -- Drogno_2: stand by	battery: 4.12	kalman var: 0.025 0.025 0.003	 batterySag: 0.638671875	link quality: 65	flight time: 0s	pos 0.14 0.90 0.01	yaw: 15.38	msg/s 20.909090909090907
INFO: 11-10-2021 20:28:15 printStatus(169) -- Drogno_2: stand by	battery: 4.12	kalman var: 0.025 0.025 0.003	 batterySag: 0.638671875	link quality: 65	flight time: 0s	pos 0.14 0.90 0.01	yaw: 15.38	msg/s 21.818181818181817
INFO: 11-10-2021 20:28:16 printStatus(169) -- Drogno_2: stand by	battery: 4.12	kalman var: 0.025 0.025 0.003	 batterySag: 0.638671875	link quality: 65	flight time: 0s	pos 0.14 0.90 0.01	yaw: 15.38	msg/s 22.727272727272727
INFO: 11-10-2021 20:28:17 printStatus(169) -- Drogno_2: stand by	battery: 4.12	kalman var: 0.025 0.025 0.003	 batterySag: 0.638671875	link quality: 65	flight time: 0s	pos 0.14 0.90 0.01	yaw: 15.38	msg/s 22.727272727272727
INFO: 11-10-2021 20:28:18 printStatus(169) -- Drogno_2: stand by	battery: 4.12	kalman var: 0.025 0.025 0.003	 batterySag: 0.638671875	link quality: 65	flight time: 0s	pos 0.14 0.90 0.01	yaw: 15.38	msg/s 22.727272727272727
INFO: 11-10-2021 20:28:19 printStatus(169) -- Drogno_2: stand by	battery: 4.12	kalman var: 0.025 0.025 0.003	 batterySag: 0.638671875	link quality: 65	flight time: 0s	pos 0.14 0.90 0.01	yaw: 15.38	msg/s 22.727272727272727
INFO: 11-10-2021 20:28:21 printStatus(169) -- Drogno_2: stand by	battery: 4.12	kalman var: 0.025 0.025 0.003	 batterySag: 0.638671875	link quality: 65	flight time: 0s	pos 0.14 0.90 0.01	yaw: 15.38	msg/s 22.727272727272727
INFO: 11-10-2021 20:28:22 printStatus(169) -- Drogno_2: stand by	battery: 4.12	kalman var: 0.025 0.025 0.003	 batterySag: 0.638671875	link quality: 65	flight time: 0s	pos 0.14 0.90 0.01	yaw: 15.38	msg/s 22.727272727272727
INFO: 11-10-2021 20:28:23 printStatus(169) -- Drogno_2: stand by	battery: 4.12	kalman var: 0.025 0.025 0.003	 batterySag: 0.638671875	link quality: 65	flight time: 0s	pos 0.14 0.90 0.01	yaw: 15.38	msg/s 22.727272727272727
INFO: 11-10-2021 20:28:24 printStatus(169) -- Drogno_2: stand by	battery: 4.12	kalman var: 0.025 0.025 0.003	 batterySag: 0.638671875	link quality: 65	flight time: 0s	pos 0.14 0.90 0.01	yaw: 15.38	msg/s 22.727272727272727
INFO: 11-10-2021 20:28:25 printStatus(169) -- Drogno_2: stand by	battery: 4.12	kalman var: 0.025 0.025 0.003	 batterySag: 0.638671875	link quality: 65	flight time: 0s	pos 0.14 0.90 0.01	yaw: 15.38	msg/s 23.636363636363633
INFO: 11-10-2021 20:28:27 printStatus(169) -- Drogno_2: stand by	battery: 4.12	kalman var: 0.025 0.025 0.003	 batterySag: 0.638671875	link quality: 65	flight time: 0s	pos 0.14 0.90 0.01	yaw: 15.38	msg/s 22.727272727272727
INFO: 11-10-2021 20:28:28 printStatus(169) -- Drogno_2: stand by	battery: 4.12	kalman var: 0.025 0.025 0.003	 batterySag: 0.638671875	link quality: 65	flight time: 0s	pos 0.14 0.90 0.01	yaw: 15.38	msg/s 22.727272727272727
INFO: 11-10-2021 20:28:29 printStatus(169) -- Drogno_2: stand by	battery: 4.12	kalman var: 0.025 0.025 0.003	 batterySag: 0.638671875	link quality: 65	flight time: 0s	pos 0.14 0.90 0.01	yaw: 15.38	msg/s 23.636363636363633
INFO: 11-10-2021 20:28:30 printStatus(169) -- Drogno_2: stand by	battery: 4.12	kalman var: 0.025 0.025 0.003	 batterySag: 0.638671875	link quality: 65	flight time: 0s	pos 0.14 0.90 0.01	yaw: 15.38	msg/s 22.727272727272727
INFO: 11-10-2021 20:28:31 printStatus(169) -- Drogno_2: stand by	battery: 4.12	kalman var: 0.025 0.025 0.003	 batterySag: 0.638671875	link quality: 65	flight time: 0s	pos 0.14 0.90 0.01	yaw: 15.38	msg/s 23.636363636363633
INFO: 11-10-2021 20:28:33 printStatus(169) -- Drogno_2: stand by	battery: 4.12	kalman var: 0.025 0.025 0.003	 batterySag: 0.638671875	link quality: 65	flight time: 0s	pos 0.14 0.90 0.01	yaw: 15.38	msg/s 22.727272727272727
INFO: 11-10-2021 20:28:34 printStatus(169) -- Drogno_2: stand by	battery: 4.12	kalman var: 0.025 0.025 0.003	 batterySag: 0.638671875	link quality: 65	flight time: 0s	pos 0.14 0.90 0.01	yaw: 15.38	msg/s 22.727272727272727
INFO: 11-10-2021 20:28:35 printStatus(169) -- Drogno_2: stand by	battery: 4.12	kalman var: 0.025 0.025 0.003	 batterySag: 0.638671875	link quality: 65	flight time: 0s	pos 0.14 0.90 0.01	yaw: 15.38	msg/s 21.818181818181817
INFO: 11-10-2021 20:28:36 printStatus(169) -- Drogno_2: stand by	battery: 4.12	kalman var: 0.025 0.025 0.003	 batterySag: 0.638671875	link quality: 65	flight time: 0s	pos 0.14 0.90 0.01	yaw: 15.38	msg/s 15.454545454545453
INFO: 11-10-2021 20:28:37 printStatus(169) -- Drogno_2: stand by	battery: 4.12	kalman var: 0.025 0.025 0.003	 batterySag: 0.638671875	link quality: 65	flight time: 0s	pos 0.14 0.90 0.01	yaw: 15.38	msg/s 0.0
INFO: 11-10-2021 20:28:38 printStatus(169) -- Drogno_2: stand by	battery: 4.12	kalman var: 0.025 0.025 0.003	 batterySag: 0.638671875	link quality: 65	flight time: 0s	pos 0.14 0.90 0.01	yaw: 15.38	msg/s 0.0
INFO: 11-10-2021 20:28:39 printStatus(169) -- Drogno_2: stand by	battery: 4.12	kalman var: 0.025 0.025 0.003	 batterySag: 0.638671875	link quality: 65	flight time: 0s	pos 0.14 0.90 0.01	yaw: 15.38	msg/s 0.0
INFO: 11-10-2021 20:28:41 printStatus(169) -- Drogno_2: stand by	battery: 4.12	kalman var: 0.025 0.025 0.003	 batterySag: 0.638671875	link quality: 65	flight time: 0s	pos 0.14 0.90 0.01	yaw: 15.38	msg/s 0.0
INFO: 11-10-2021 20:28:42 printStatus(169) -- Drogno_2: stand by	battery: 4.12	kalman var: 0.025 0.025 0.003	 batterySag: 0.638671875	link quality: 65	flight time: 0s	pos 0.14 0.90 0.01	yaw: 15.38	msg/s 0.0
INFO: 11-10-2021 20:28:43 printStatus(169) -- Drogno_2: stand by	battery: 4.12	kalman var: 0.025 0.025 0.003	 batterySag: 0.638671875	link quality: 65	flight time: 0s	pos 0.14 0.90 0.01	yaw: 15.38	msg/s 0.0
INFO: 11-10-2021 20:28:44 printStatus(169) -- Drogno_2: stand by	battery: 4.12	kalman var: 0.025 0.025 0.003	 batterySag: 0.638671875	link quality: 65	flight time: 0s	pos 0.14 0.90 0.01	yaw: 15.38	msg/s 0.0
WARNING: 11-10-2021 20:28:44 exit(859) -- closing Drogno_2
INFO: 11-10-2021 20:28:45 printStatus(169) -- Drogno_2: sconnesso	battery: 4.12	kalman var: 0.025 0.025 0.003	 batterySag: 0.638671875	link quality: 65	flight time: 0s	pos 0.14 0.90 0.01	yaw: 15.38	msg/s 0.0
