INFO: 2021-10-09 17:42:37 __init__(134) -- This is dronelog running on Drogno_4
INFO: 2021-10-09 17:42:38 printStatus(172) -- Started
INFO: 2021-10-09 17:42:39 printStatus(175) -- Drogno_4: connecting		battery n.p.	pos 0.00 0.00 0.00	yaw: 0.00	msg/s 0.0	link quality: 0	kalman var: 0 0 0	flight time: 0s	 batterySag: 0
INFO: 2021-10-09 17:42:41 printStatus(175) -- Drogno_4: connecting		battery n.p.	pos 0.00 0.00 0.00	yaw: 0.00	msg/s 0.0	link quality: 0	kalman var: 0 0 0	flight time: 0s	 batterySag: 0
INFO: 2021-10-09 17:42:42 printStatus(175) -- Drogno_4: landed		battery n.p.	pos 0.00 0.00 0.00	yaw: 0.00	msg/s 0.0	link quality: 0	kalman var: 0 0 0	flight time: 0s	 batterySag: 0
INFO: 2021-10-09 17:42:44 printStatus(175) -- Drogno_4: landed		battery n.p.	pos 0.00 0.00 0.00	yaw: 0.00	msg/s 0.0	link quality: 0	kalman var: 0 0 0	flight time: 0s	 batterySag: 0
INFO: 2021-10-09 17:42:45 printStatus(175) -- Drogno_4: ready		battery 4.14	pos 1.19 1.14 -0.01	yaw: 132.12	msg/s 0.0	link quality: 40	kalman var: 0.001 0.001 0.0	flight time: 0s	 batterySag: 0.765625
INFO: 2021-10-09 17:42:47 printStatus(175) -- Drogno_4: ready		battery 4.14	pos 1.19 1.14 -0.01	yaw: 139.12	msg/s 0.0	link quality: 42	kalman var: 0.0 0.0 0.0	flight time: 0s	 batterySag: 0.765625
INFO: 2021-10-09 17:42:48 printStatus(175) -- Drogno_4: ready		battery 4.14	pos 1.19 1.14 -0.01	yaw: 139.75	msg/s 0.0	link quality: 42	kalman var: 0.0 0.0 0.0	flight time: 0s	 batterySag: 0.765625
INFO: 2021-10-09 17:42:50 printStatus(175) -- Drogno_4: ready		battery 4.14	pos 1.18 1.14 -0.00	yaw: 137.50	msg/s 0.0	link quality: 42	kalman var: 0.001 0.001 0.001	flight time: 0s	 batterySag: 0.765625
INFO: 2021-10-09 17:42:51 printStatus(175) -- Drogno_4: ready		battery 4.14	pos 1.19 1.14 -0.01	yaw: 140.00	msg/s 0.0	link quality: 42	kalman var: 0.0 0.0 0.0	flight time: 0s	 batterySag: 0.765625
INFO: 2021-10-09 17:42:53 printStatus(175) -- Drogno_4: ready		battery 4.14	pos 1.19 1.14 -0.01	yaw: 138.12	msg/s 0.0	link quality: 42	kalman var: 0.001 0.001 0.001	flight time: 0s	 batterySag: 0.765625
INFO: 2021-10-09 17:42:55 printStatus(175) -- Drogno_4: ready		battery 4.14	pos 1.19 1.14 -0.01	yaw: 139.75	msg/s 0.0	link quality: 42	kalman var: 0.0 0.0 0.0	flight time: 0s	 batterySag: 0.765625
INFO: 2021-10-09 17:42:56 printStatus(175) -- Drogno_4: ready		battery 4.14	pos 1.19 1.14 -0.01	yaw: 139.88	msg/s 0.0	link quality: 42	kalman var: 0.0 0.0 0.0	flight time: 0s	 batterySag: 0.765625
INFO: 2021-10-09 17:42:58 printStatus(175) -- Drogno_4: ready		battery 4.14	pos 1.19 1.14 -0.01	yaw: 139.88	msg/s 0.0	link quality: 42	kalman var: 0.0 0.0 0.0	flight time: 0s	 batterySag: 0.765625
INFO: 2021-10-09 17:42:59 printStatus(175) -- Drogno_4: ready		battery 4.14	pos 1.19 1.14 -0.01	yaw: 139.62	msg/s 0.0	link quality: 42	kalman var: 0.0 0.0 0.0	flight time: 0s	 batterySag: 0.765625
INFO: 2021-10-09 17:43:01 printStatus(175) -- Drogno_4: ready		battery 4.14	pos 1.19 1.14 -0.01	yaw: 140.00	msg/s 0.0	link quality: 42	kalman var: 0.0 0.0 0.0	flight time: 0s	 batterySag: 0.765625
INFO: 2021-10-09 17:43:02 printStatus(175) -- Drogno_4: ready		battery 4.14	pos 1.19 1.14 -0.01	yaw: 139.88	msg/s 0.0	link quality: 42	kalman var: 0.0 0.0 0.0	flight time: 0s	 batterySag: 0.765625
INFO: 2021-10-09 17:43:04 printStatus(175) -- Drogno_4: ready		battery 4.14	pos 1.19 1.14 -0.01	yaw: 140.00	msg/s 0.0	link quality: 42	kalman var: 0.0 0.0 0.0	flight time: 0s	 batterySag: 0.765625
INFO: 2021-10-09 17:43:05 printStatus(175) -- Drogno_4: ready		battery 3.82	pos 1.18 1.13 -0.00	yaw: 137.25	msg/s 0.0	link quality: 42	kalman var: 0.0 0.0 0.001	flight time: 0s	 batterySag: 0.765625
INFO: 2021-10-09 17:43:07 printStatus(175) -- Drogno_4: ready		battery 3.75	pos 1.20 1.15 0.81	yaw: -4.14	msg/s 0.0	link quality: 37	kalman var: 0.0 0.0 0.0	flight time: 1s	 batterySag: 0.765625
INFO: 2021-10-09 17:43:09 printStatus(175) -- Drogno_4: ready		battery 3.73	pos 1.20 1.14 0.86	yaw: -2.96	msg/s 0.0	link quality: 37	kalman var: 0.0 0.0 0.0	flight time: 2s	 batterySag: 0.765625
INFO: 2021-10-09 17:43:10 printStatus(175) -- Drogno_4: ready		battery 3.71	pos 1.19 1.14 0.85	yaw: -2.02	msg/s 0.0	link quality: 36	kalman var: 0.0 0.0 0.0	flight time: 4s	 batterySag: 0.765625
INFO: 2021-10-09 17:43:12 printStatus(175) -- Drogno_4: ready		battery 3.7	pos 1.19 1.14 0.84	yaw: -1.64	msg/s 0.0	link quality: 36	kalman var: 0.0 0.0 0.0	flight time: 5s	 batterySag: 0.765625
INFO: 2021-10-09 17:43:13 printStatus(175) -- Drogno_4: ready		battery 3.68	pos 1.18 1.14 0.83	yaw: -1.15	msg/s 0.0	link quality: 36	kalman var: 0.0 0.0 0.0	flight time: 7s	 batterySag: 0.765625
INFO: 2021-10-09 17:43:15 printStatus(175) -- Drogno_4: ready		battery 3.67	pos 1.19 1.14 0.82	yaw: -0.81	msg/s 0.0	link quality: 36	kalman var: 0.0 0.0 0.001	flight time: 9s	 batterySag: 0.765625
INFO: 2021-10-09 17:43:17 printStatus(175) -- Drogno_4: ready		battery 3.67	pos 1.19 1.15 0.82	yaw: -0.44	msg/s 0.0	link quality: 36	kalman var: 0.0 0.0 0.0	flight time: 10s	 batterySag: 0.765625
INFO: 2021-10-09 17:43:18 printStatus(175) -- Drogno_4: hovering		battery 3.48	pos 1.18 1.14 0.81	yaw: -0.95	msg/s 17.333333333333332	link quality: 36	kalman var: 0.0 0.0 0.0	flight time: 12s	 batterySag: 0.765625
INFO: 2021-10-09 17:43:20 printStatus(175) -- Drogno_4: hovering		battery 3.67	pos 0.30 1.23 1.23	yaw: -1.12	msg/s 37.333333333333336	link quality: 37	kalman var: 0.0 0.0 0.0	flight time: 14s	 batterySag: 0.765625
INFO: 2021-10-09 17:43:21 printStatus(175) -- Drogno_4: ready		battery 3.66	pos -0.21 1.21 1.22	yaw: -2.63	msg/s 25.333333333333332	link quality: 36	kalman var: 0.003 0.003 0.002	flight time: 15s	 batterySag: 0.765625
INFO: 2021-10-09 17:43:23 printStatus(175) -- Drogno_4: sconnesso		battery 4.01	pos 0.64 3.44 -0.42	yaw: -19.17	msg/s 0.0	link quality: 42	kalman var: 0.002 0.003 0.005	flight time: 17s	 batterySag: 0.765625
INFO: 2021-10-09 17:43:24 printStatus(175) -- Drogno_4: waking up		battery 4.01	pos 0.64 3.44 -0.42	yaw: -19.17	msg/s 0.0	link quality: 42	kalman var: 0.002 0.003 0.005	flight time: 17s	 batterySag: 0.765625
INFO: 2021-10-09 17:43:26 printStatus(175) -- Drogno_4: waking up		battery 4.01	pos 0.64 3.44 -0.42	yaw: -19.17	msg/s 0.0	link quality: 42	kalman var: 0.002 0.003 0.005	flight time: 17s	 batterySag: 0.765625
INFO: 2021-10-09 17:43:27 printStatus(175) -- Drogno_4: connecting		battery 4.01	pos 0.64 3.44 -0.42	yaw: -19.17	msg/s 0.0	link quality: 42	kalman var: 0.002 0.003 0.005	flight time: 17s	 batterySag: 0.765625
INFO: 2021-10-09 17:43:29 printStatus(175) -- Drogno_4: connecting		battery 4.01	pos 0.64 3.44 -0.42	yaw: -19.17	msg/s 0.0	link quality: 42	kalman var: 0.002 0.003 0.005	flight time: 17s	 batterySag: 0.765625
INFO: 2021-10-09 17:43:30 printStatus(175) -- Drogno_4: connecting		battery 4.01	pos 0.64 3.44 -0.42	yaw: -19.17	msg/s 0.0	link quality: 42	kalman var: 0.002 0.003 0.005	flight time: 17s	 batterySag: 0.765625
INFO: 2021-10-09 17:43:32 printStatus(175) -- Drogno_4: landed		battery 4.01	pos 0.64 3.44 -0.42	yaw: -19.17	msg/s 0.0	link quality: 42	kalman var: 0.002 0.003 0.005	flight time: 17s	 batterySag: 0.765625
INFO: 2021-10-09 17:43:34 printStatus(175) -- Drogno_4: landed		battery 4.01	pos 1.19 1.14 0.00	yaw: -19.17	msg/s 0.0	link quality: 42	kalman var: 0.002 0.003 0.005	flight time: 17s	 batterySag: 0.765625
INFO: 2021-10-09 17:43:35 printStatus(175) -- Drogno_4: stand by		battery 4.07	pos 0.01 0.01 -0.67	yaw: 0.00	msg/s 0.0	link quality: 38	kalman var: 0.001 0.001 0.0	flight time: 17s	 batterySag: 0.6123046875
INFO: 2021-10-09 17:43:37 printStatus(175) -- Drogno_4: stand by		battery 4.07	pos 0.01 0.01 -0.67	yaw: 0.00	msg/s 0.0	link quality: 38	kalman var: 0.001 0.001 0.0	flight time: 17s	 batterySag: 0.6123046875
INFO: 2021-10-09 17:43:38 printStatus(175) -- Drogno_4: stand by		battery 4.07	pos 0.01 0.01 -0.67	yaw: 0.00	msg/s 0.0	link quality: 38	kalman var: 0.001 0.001 0.0	flight time: 17s	 batterySag: 0.6123046875
INFO: 2021-10-09 17:43:40 printStatus(175) -- Drogno_4: stand by		battery 4.07	pos 0.01 0.01 -0.67	yaw: 0.00	msg/s 0.0	link quality: 38	kalman var: 0.001 0.001 0.0	flight time: 17s	 batterySag: 0.6123046875
INFO: 2021-10-09 17:43:41 printStatus(175) -- Drogno_4: stand by		battery 4.07	pos 0.01 0.01 -0.67	yaw: 0.00	msg/s 0.0	link quality: 38	kalman var: 0.001 0.001 0.0	flight time: 17s	 batterySag: 0.6123046875
INFO: 2021-10-09 17:43:43 printStatus(175) -- Drogno_4: stand by		battery 4.07	pos 0.01 0.01 -0.67	yaw: 0.00	msg/s 0.0	link quality: 38	kalman var: 0.001 0.001 0.0	flight time: 17s	 batterySag: 0.6123046875
INFO: 2021-10-09 17:43:44 printStatus(175) -- Drogno_4: stand by		battery 4.07	pos 0.01 0.01 -0.67	yaw: 0.00	msg/s 0.0	link quality: 38	kalman var: 0.001 0.001 0.0	flight time: 17s	 batterySag: 0.6123046875
INFO: 2021-10-09 17:43:46 printStatus(175) -- Drogno_4: stand by		battery 4.07	pos 0.01 0.01 -0.67	yaw: 0.00	msg/s 0.0	link quality: 38	kalman var: 0.001 0.001 0.0	flight time: 17s	 batterySag: 0.6123046875
INFO: 2021-10-09 17:43:47 printStatus(175) -- Drogno_4: stand by		battery 4.07	pos 0.01 0.01 -0.67	yaw: 0.00	msg/s 0.0	link quality: 38	kalman var: 0.001 0.001 0.0	flight time: 17s	 batterySag: 0.6123046875
INFO: 2021-10-09 17:43:49 printStatus(175) -- Drogno_4: stand by		battery 4.07	pos 0.01 0.01 -0.67	yaw: 0.00	msg/s 0.0	link quality: 38	kalman var: 0.001 0.001 0.0	flight time: 17s	 batterySag: 0.6123046875
INFO: 2021-10-09 17:43:50 printStatus(175) -- Drogno_4: stand by		battery 4.07	pos 0.01 0.01 -0.67	yaw: 0.00	msg/s 0.0	link quality: 38	kalman var: 0.001 0.001 0.0	flight time: 17s	 batterySag: 0.6123046875
INFO: 2021-10-09 17:43:52 printStatus(175) -- Drogno_4: stand by		battery 4.07	pos 0.01 0.01 -0.67	yaw: 0.00	msg/s 0.0	link quality: 38	kalman var: 0.001 0.001 0.0	flight time: 17s	 batterySag: 0.6123046875
INFO: 2021-10-09 17:43:54 printStatus(175) -- Drogno_4: stand by		battery 4.07	pos 0.01 0.01 -0.67	yaw: 0.00	msg/s 0.0	link quality: 38	kalman var: 0.001 0.001 0.0	flight time: 17s	 batterySag: 0.6123046875
INFO: 2021-10-09 17:43:55 printStatus(175) -- Drogno_4: stand by		battery 4.07	pos 0.01 0.01 -0.67	yaw: 0.00	msg/s 0.0	link quality: 38	kalman var: 0.001 0.001 0.0	flight time: 17s	 batterySag: 0.6123046875
INFO: 2021-10-09 17:43:57 printStatus(175) -- Drogno_4: stand by		battery 4.07	pos 0.01 0.01 -0.67	yaw: 0.00	msg/s 0.0	link quality: 38	kalman var: 0.001 0.001 0.0	flight time: 17s	 batterySag: 0.6123046875
INFO: 2021-10-09 17:43:58 printStatus(175) -- Drogno_4: stand by		battery 4.07	pos 0.01 0.01 -0.67	yaw: 0.00	msg/s 0.0	link quality: 38	kalman var: 0.001 0.001 0.0	flight time: 17s	 batterySag: 0.6123046875
INFO: 2021-10-09 17:44:00 printStatus(175) -- Drogno_4: stand by		battery 4.07	pos 0.01 0.01 -0.67	yaw: 0.00	msg/s 0.0	link quality: 38	kalman var: 0.001 0.001 0.0	flight time: 17s	 batterySag: 0.6123046875
INFO: 2021-10-09 17:44:01 printStatus(175) -- Drogno_4: stand by		battery 4.07	pos 0.01 0.01 -0.67	yaw: 0.00	msg/s 0.0	link quality: 38	kalman var: 0.001 0.001 0.0	flight time: 17s	 batterySag: 0.6123046875
INFO: 2021-10-09 17:44:03 printStatus(175) -- Drogno_4: stand by		battery 4.07	pos 0.01 0.01 -0.67	yaw: 0.00	msg/s 0.0	link quality: 38	kalman var: 0.001 0.001 0.0	flight time: 17s	 batterySag: 0.6123046875
INFO: 2021-10-09 17:44:04 printStatus(175) -- Drogno_4: stand by		battery 4.07	pos 0.01 0.01 -0.67	yaw: 0.00	msg/s 0.0	link quality: 38	kalman var: 0.001 0.001 0.0	flight time: 17s	 batterySag: 0.6123046875
INFO: 2021-10-09 17:44:06 printStatus(175) -- Drogno_4: stand by		battery 4.07	pos 0.01 0.01 -0.67	yaw: 0.00	msg/s 0.0	link quality: 38	kalman var: 0.001 0.001 0.0	flight time: 17s	 batterySag: 0.6123046875
INFO: 2021-10-09 17:44:07 printStatus(175) -- Drogno_4: stand by		battery 4.07	pos 0.01 0.01 -0.67	yaw: 0.00	msg/s 0.0	link quality: 38	kalman var: 0.001 0.001 0.0	flight time: 17s	 batterySag: 0.6123046875
INFO: 2021-10-09 17:44:09 printStatus(175) -- Drogno_4: stand by		battery 4.07	pos 0.01 0.01 -0.67	yaw: 0.00	msg/s 0.0	link quality: 38	kalman var: 0.001 0.001 0.0	flight time: 17s	 batterySag: 0.6123046875
INFO: 2021-10-09 17:44:10 printStatus(175) -- Drogno_4: stand by		battery 4.07	pos 0.01 0.01 -0.67	yaw: 0.00	msg/s 0.0	link quality: 38	kalman var: 0.001 0.001 0.0	flight time: 17s	 batterySag: 0.6123046875
INFO: 2021-10-09 17:44:12 printStatus(175) -- Drogno_4: stand by		battery 4.07	pos 0.01 0.01 -0.67	yaw: 0.00	msg/s 0.0	link quality: 38	kalman var: 0.001 0.001 0.0	flight time: 17s	 batterySag: 0.6123046875
INFO: 2021-10-09 17:44:13 printStatus(175) -- Drogno_4: stand by		battery 4.07	pos 0.01 0.01 -0.67	yaw: 0.00	msg/s 0.0	link quality: 38	kalman var: 0.001 0.001 0.0	flight time: 17s	 batterySag: 0.6123046875
INFO: 2021-10-09 17:44:15 printStatus(175) -- Drogno_4: stand by		battery 4.07	pos 0.01 0.01 -0.67	yaw: 0.00	msg/s 0.0	link quality: 38	kalman var: 0.001 0.001 0.0	flight time: 17s	 batterySag: 0.6123046875
INFO: 2021-10-09 17:44:17 printStatus(175) -- Drogno_4: stand by		battery 4.07	pos 0.01 0.01 -0.67	yaw: 0.00	msg/s 0.0	link quality: 38	kalman var: 0.001 0.001 0.0	flight time: 17s	 batterySag: 0.6123046875
INFO: 2021-10-09 17:44:18 printStatus(175) -- Drogno_4: stand by		battery 4.07	pos 0.01 0.01 -0.67	yaw: 0.00	msg/s 0.0	link quality: 38	kalman var: 0.001 0.001 0.0	flight time: 17s	 batterySag: 0.6123046875
INFO: 2021-10-09 17:44:20 printStatus(175) -- Drogno_4: stand by		battery 4.07	pos 0.01 0.01 -0.67	yaw: 0.00	msg/s 0.0	link quality: 38	kalman var: 0.001 0.001 0.0	flight time: 17s	 batterySag: 0.6123046875
INFO: 2021-10-09 17:44:21 printStatus(175) -- Drogno_4: stand by		battery 4.07	pos 0.01 0.01 -0.67	yaw: 0.00	msg/s 0.0	link quality: 38	kalman var: 0.001 0.001 0.0	flight time: 17s	 batterySag: 0.6123046875
INFO: 2021-10-09 17:44:23 printStatus(175) -- Drogno_4: stand by		battery 4.07	pos 0.01 0.01 -0.67	yaw: 0.00	msg/s 0.0	link quality: 38	kalman var: 0.001 0.001 0.0	flight time: 17s	 batterySag: 0.6123046875
INFO: 2021-10-09 17:44:24 printStatus(175) -- Drogno_4: stand by		battery 4.07	pos 0.01 0.01 -0.67	yaw: 0.00	msg/s 0.0	link quality: 38	kalman var: 0.001 0.001 0.0	flight time: 17s	 batterySag: 0.6123046875
INFO: 2021-10-09 17:44:26 printStatus(175) -- Drogno_4: stand by		battery 4.07	pos 0.01 0.01 -0.67	yaw: 0.00	msg/s 0.0	link quality: 38	kalman var: 0.001 0.001 0.0	flight time: 17s	 batterySag: 0.6123046875
INFO: 2021-10-09 17:44:27 printStatus(175) -- Drogno_4: stand by		battery 4.07	pos 0.01 0.01 -0.67	yaw: 0.00	msg/s 0.0	link quality: 38	kalman var: 0.001 0.001 0.0	flight time: 17s	 batterySag: 0.6123046875
INFO: 2021-10-09 17:44:29 printStatus(175) -- Drogno_4: stand by		battery 4.07	pos 0.01 0.01 -0.67	yaw: 0.00	msg/s 0.0	link quality: 38	kalman var: 0.001 0.001 0.0	flight time: 17s	 batterySag: 0.6123046875
INFO: 2021-10-09 17:44:30 printStatus(175) -- Drogno_4: stand by		battery 4.07	pos 0.01 0.01 -0.67	yaw: 0.00	msg/s 0.0	link quality: 38	kalman var: 0.001 0.001 0.0	flight time: 17s	 batterySag: 0.6123046875
INFO: 2021-10-09 17:44:32 printStatus(175) -- Drogno_4: stand by		battery 4.07	pos 0.01 0.01 -0.67	yaw: 0.00	msg/s 0.0	link quality: 38	kalman var: 0.001 0.001 0.0	flight time: 17s	 batterySag: 0.6123046875
INFO: 2021-10-09 17:44:33 printStatus(175) -- Drogno_4: stand by		battery 4.07	pos 0.01 0.01 -0.67	yaw: 0.00	msg/s 0.0	link quality: 38	kalman var: 0.001 0.001 0.0	flight time: 17s	 batterySag: 0.6123046875
INFO: 2021-10-09 17:44:35 printStatus(175) -- Drogno_4: stand by		battery 4.07	pos 0.01 0.01 -0.67	yaw: 0.00	msg/s 0.0	link quality: 38	kalman var: 0.001 0.001 0.0	flight time: 17s	 batterySag: 0.6123046875
INFO: 2021-10-09 17:44:36 printStatus(175) -- Drogno_4: stand by		battery 4.07	pos 0.01 0.01 -0.67	yaw: 0.00	msg/s 0.0	link quality: 38	kalman var: 0.001 0.001 0.0	flight time: 17s	 batterySag: 0.6123046875
INFO: 2021-10-09 17:44:38 printStatus(175) -- Drogno_4: stand by		battery 4.07	pos 0.01 0.01 -0.67	yaw: 0.00	msg/s 0.0	link quality: 38	kalman var: 0.001 0.001 0.0	flight time: 17s	 batterySag: 0.6123046875
INFO: 2021-10-09 17:44:40 printStatus(175) -- Drogno_4: stand by		battery 4.07	pos 0.01 0.01 -0.67	yaw: 0.00	msg/s 0.0	link quality: 38	kalman var: 0.001 0.001 0.0	flight time: 17s	 batterySag: 0.6123046875
INFO: 2021-10-09 17:44:41 printStatus(175) -- Drogno_4: stand by		battery 4.07	pos 0.01 0.01 -0.67	yaw: 0.00	msg/s 0.0	link quality: 38	kalman var: 0.001 0.001 0.0	flight time: 17s	 batterySag: 0.6123046875
INFO: 2021-10-09 17:44:43 printStatus(175) -- Drogno_4: stand by		battery 4.07	pos 0.01 0.01 -0.67	yaw: 0.00	msg/s 0.0	link quality: 38	kalman var: 0.001 0.001 0.0	flight time: 17s	 batterySag: 0.6123046875
INFO: 2021-10-09 17:44:44 printStatus(175) -- Drogno_4: stand by		battery 4.07	pos 0.01 0.01 -0.67	yaw: 0.00	msg/s 0.0	link quality: 38	kalman var: 0.001 0.001 0.0	flight time: 17s	 batterySag: 0.6123046875
INFO: 2021-10-09 17:44:46 printStatus(175) -- Drogno_4: stand by		battery 4.07	pos 0.01 0.01 -0.67	yaw: 0.00	msg/s 0.0	link quality: 38	kalman var: 0.001 0.001 0.0	flight time: 17s	 batterySag: 0.6123046875
INFO: 2021-10-09 17:44:47 printStatus(175) -- Drogno_4: stand by		battery 4.07	pos 0.01 0.01 -0.67	yaw: 0.00	msg/s 0.0	link quality: 38	kalman var: 0.001 0.001 0.0	flight time: 17s	 batterySag: 0.6123046875
INFO: 2021-10-09 17:44:49 printStatus(175) -- Drogno_4: stand by		battery 4.07	pos 0.01 0.01 -0.67	yaw: 0.00	msg/s 0.0	link quality: 38	kalman var: 0.001 0.001 0.0	flight time: 17s	 batterySag: 0.6123046875
INFO: 2021-10-09 17:44:50 printStatus(175) -- Drogno_4: stand by		battery 4.07	pos 0.01 0.01 -0.67	yaw: 0.00	msg/s 0.0	link quality: 38	kalman var: 0.001 0.001 0.0	flight time: 17s	 batterySag: 0.6123046875
INFO: 2021-10-09 17:44:52 printStatus(175) -- Drogno_4: stand by		battery 4.07	pos 0.01 0.01 -0.67	yaw: 0.00	msg/s 0.0	link quality: 38	kalman var: 0.001 0.001 0.0	flight time: 17s	 batterySag: 0.6123046875
INFO: 2021-10-09 17:44:53 printStatus(175) -- Drogno_4: stand by		battery 4.07	pos 0.01 0.01 -0.67	yaw: 0.00	msg/s 0.0	link quality: 38	kalman var: 0.001 0.001 0.0	flight time: 17s	 batterySag: 0.6123046875
INFO: 2021-10-09 17:44:55 printStatus(175) -- Drogno_4: stand by		battery 4.07	pos 0.01 0.01 -0.67	yaw: 0.00	msg/s 0.0	link quality: 38	kalman var: 0.001 0.001 0.0	flight time: 17s	 batterySag: 0.6123046875
INFO: 2021-10-09 17:44:56 printStatus(175) -- Drogno_4: stand by		battery 4.07	pos 0.01 0.01 -0.67	yaw: 0.00	msg/s 0.0	link quality: 38	kalman var: 0.001 0.001 0.0	flight time: 17s	 batterySag: 0.6123046875
INFO: 2021-10-09 17:44:58 printStatus(175) -- Drogno_4: stand by		battery 4.07	pos 0.01 0.01 -0.67	yaw: 0.00	msg/s 0.0	link quality: 38	kalman var: 0.001 0.001 0.0	flight time: 17s	 batterySag: 0.6123046875
INFO: 2021-10-09 17:44:59 printStatus(175) -- Drogno_4: stand by		battery 4.07	pos 0.01 0.01 -0.67	yaw: 0.00	msg/s 0.0	link quality: 38	kalman var: 0.001 0.001 0.0	flight time: 17s	 batterySag: 0.6123046875
INFO: 2021-10-09 17:45:01 printStatus(175) -- Drogno_4: stand by		battery 4.07	pos 0.01 0.01 -0.67	yaw: 0.00	msg/s 0.0	link quality: 38	kalman var: 0.001 0.001 0.0	flight time: 17s	 batterySag: 0.6123046875
INFO: 2021-10-09 17:45:03 printStatus(175) -- Drogno_4: stand by		battery 4.07	pos 0.01 0.01 -0.67	yaw: 0.00	msg/s 0.0	link quality: 38	kalman var: 0.001 0.001 0.0	flight time: 17s	 batterySag: 0.6123046875
INFO: 2021-10-09 17:45:04 printStatus(175) -- Drogno_4: stand by		battery 4.07	pos 0.01 0.01 -0.67	yaw: 0.00	msg/s 0.0	link quality: 38	kalman var: 0.001 0.001 0.0	flight time: 17s	 batterySag: 0.6123046875
INFO: 2021-10-09 17:45:06 printStatus(175) -- Drogno_4: stand by		battery 4.07	pos 0.01 0.01 -0.67	yaw: 0.00	msg/s 0.0	link quality: 38	kalman var: 0.001 0.001 0.0	flight time: 17s	 batterySag: 0.6123046875
INFO: 2021-10-09 17:45:07 printStatus(175) -- Drogno_4: stand by		battery 4.07	pos 0.01 0.01 -0.67	yaw: 0.00	msg/s 0.0	link quality: 38	kalman var: 0.001 0.001 0.0	flight time: 17s	 batterySag: 0.6123046875
INFO: 2021-10-09 17:45:09 printStatus(175) -- Drogno_4: stand by		battery 4.07	pos 0.01 0.01 -0.67	yaw: 0.00	msg/s 0.0	link quality: 38	kalman var: 0.001 0.001 0.0	flight time: 17s	 batterySag: 0.6123046875
INFO: 2021-10-09 17:45:10 printStatus(175) -- Drogno_4: stand by		battery 4.07	pos 0.01 0.01 -0.67	yaw: 0.00	msg/s 0.0	link quality: 38	kalman var: 0.001 0.001 0.0	flight time: 17s	 batterySag: 0.6123046875
INFO: 2021-10-09 17:45:12 printStatus(175) -- Drogno_4: stand by		battery 4.07	pos 0.01 0.01 -0.67	yaw: 0.00	msg/s 0.0	link quality: 38	kalman var: 0.001 0.001 0.0	flight time: 17s	 batterySag: 0.6123046875
INFO: 2021-10-09 17:45:13 printStatus(175) -- Drogno_4: stand by		battery 4.07	pos 0.01 0.01 -0.67	yaw: 0.00	msg/s 0.0	link quality: 38	kalman var: 0.001 0.001 0.0	flight time: 17s	 batterySag: 0.6123046875
INFO: 2021-10-09 17:45:15 printStatus(175) -- Drogno_4: stand by		battery 4.07	pos 0.01 0.01 -0.67	yaw: 0.00	msg/s 0.0	link quality: 38	kalman var: 0.001 0.001 0.0	flight time: 17s	 batterySag: 0.6123046875
INFO: 2021-10-09 17:45:16 printStatus(175) -- Drogno_4: stand by		battery 4.07	pos 0.01 0.01 -0.67	yaw: 0.00	msg/s 0.0	link quality: 38	kalman var: 0.001 0.001 0.0	flight time: 17s	 batterySag: 0.6123046875
INFO: 2021-10-09 17:45:18 printStatus(175) -- Drogno_4: stand by		battery 4.07	pos 0.01 0.01 -0.67	yaw: 0.00	msg/s 0.0	link quality: 38	kalman var: 0.001 0.001 0.0	flight time: 17s	 batterySag: 0.6123046875
INFO: 2021-10-09 17:45:19 printStatus(175) -- Drogno_4: stand by		battery 4.07	pos 0.01 0.01 -0.67	yaw: 0.00	msg/s 0.0	link quality: 38	kalman var: 0.001 0.001 0.0	flight time: 17s	 batterySag: 0.6123046875
INFO: 2021-10-09 17:45:21 printStatus(175) -- Drogno_4: stand by		battery 4.07	pos 0.01 0.01 -0.67	yaw: 0.00	msg/s 0.0	link quality: 38	kalman var: 0.001 0.001 0.0	flight time: 17s	 batterySag: 0.6123046875
INFO: 2021-10-09 17:45:23 printStatus(175) -- Drogno_4: stand by		battery 4.07	pos 0.01 0.01 -0.67	yaw: 0.00	msg/s 0.0	link quality: 38	kalman var: 0.001 0.001 0.0	flight time: 17s	 batterySag: 0.6123046875
INFO: 2021-10-09 17:45:24 printStatus(175) -- Drogno_4: stand by		battery 4.07	pos 0.01 0.01 -0.67	yaw: 0.00	msg/s 0.0	link quality: 38	kalman var: 0.001 0.001 0.0	flight time: 17s	 batterySag: 0.6123046875
INFO: 2021-10-09 17:45:26 printStatus(175) -- Drogno_4: stand by		battery 4.07	pos 0.01 0.01 -0.67	yaw: 0.00	msg/s 0.0	link quality: 38	kalman var: 0.001 0.001 0.0	flight time: 17s	 batterySag: 0.6123046875
INFO: 2021-10-09 17:45:27 printStatus(175) -- Drogno_4: stand by		battery 4.07	pos 0.01 0.01 -0.67	yaw: 0.00	msg/s 0.0	link quality: 38	kalman var: 0.001 0.001 0.0	flight time: 17s	 batterySag: 0.6123046875
INFO: 2021-10-09 17:45:29 printStatus(175) -- Drogno_4: stand by		battery 4.07	pos 0.01 0.01 -0.67	yaw: 0.00	msg/s 0.0	link quality: 38	kalman var: 0.001 0.001 0.0	flight time: 17s	 batterySag: 0.6123046875
INFO: 2021-10-09 17:45:30 printStatus(175) -- Drogno_4: stand by		battery 4.07	pos 0.01 0.01 -0.67	yaw: 0.00	msg/s 0.0	link quality: 38	kalman var: 0.001 0.001 0.0	flight time: 17s	 batterySag: 0.6123046875
INFO: 2021-10-09 17:45:32 printStatus(175) -- Drogno_4: stand by		battery 4.07	pos 0.01 0.01 -0.67	yaw: 0.00	msg/s 0.0	link quality: 38	kalman var: 0.001 0.001 0.0	flight time: 17s	 batterySag: 0.6123046875
INFO: 2021-10-09 17:45:33 printStatus(175) -- Drogno_4: stand by		battery 4.07	pos 0.01 0.01 -0.67	yaw: 0.00	msg/s 0.0	link quality: 38	kalman var: 0.001 0.001 0.0	flight time: 17s	 batterySag: 0.6123046875
INFO: 2021-10-09 17:45:35 printStatus(175) -- Drogno_4: stand by		battery 4.07	pos 0.01 0.01 -0.67	yaw: 0.00	msg/s 0.0	link quality: 38	kalman var: 0.001 0.001 0.0	flight time: 17s	 batterySag: 0.6123046875
INFO: 2021-10-09 17:45:36 printStatus(175) -- Drogno_4: stand by		battery 4.07	pos 0.01 0.01 -0.67	yaw: 0.00	msg/s 0.0	link quality: 38	kalman var: 0.001 0.001 0.0	flight time: 17s	 batterySag: 0.6123046875
INFO: 2021-10-09 17:45:38 printStatus(175) -- Drogno_4: stand by		battery 4.07	pos 0.01 0.01 -0.67	yaw: 0.00	msg/s 0.0	link quality: 38	kalman var: 0.001 0.001 0.0	flight time: 17s	 batterySag: 0.6123046875
INFO: 2021-10-09 17:45:39 printStatus(175) -- Drogno_4: stand by		battery 4.07	pos 0.01 0.01 -0.67	yaw: 0.00	msg/s 0.0	link quality: 38	kalman var: 0.001 0.001 0.0	flight time: 17s	 batterySag: 0.6123046875
INFO: 2021-10-09 17:45:41 printStatus(175) -- Drogno_4: stand by		battery 4.07	pos 0.01 0.01 -0.67	yaw: 0.00	msg/s 0.0	link quality: 38	kalman var: 0.001 0.001 0.0	flight time: 17s	 batterySag: 0.6123046875
INFO: 2021-10-09 17:45:43 printStatus(175) -- Drogno_4: stand by		battery 4.07	pos 0.01 0.01 -0.67	yaw: 0.00	msg/s 0.0	link quality: 38	kalman var: 0.001 0.001 0.0	flight time: 17s	 batterySag: 0.6123046875
INFO: 2021-10-09 17:45:44 printStatus(175) -- Drogno_4: stand by		battery 4.07	pos 0.01 0.01 -0.67	yaw: 0.00	msg/s 0.0	link quality: 38	kalman var: 0.001 0.001 0.0	flight time: 17s	 batterySag: 0.6123046875
INFO: 2021-10-09 17:45:46 printStatus(175) -- Drogno_4: stand by		battery 4.07	pos 0.01 0.01 -0.67	yaw: 0.00	msg/s 0.0	link quality: 38	kalman var: 0.001 0.001 0.0	flight time: 17s	 batterySag: 0.6123046875
INFO: 2021-10-09 17:45:47 printStatus(175) -- Drogno_4: stand by		battery 4.07	pos 0.01 0.01 -0.67	yaw: 0.00	msg/s 0.0	link quality: 38	kalman var: 0.001 0.001 0.0	flight time: 17s	 batterySag: 0.6123046875
INFO: 2021-10-09 17:45:49 printStatus(175) -- Drogno_4: stand by		battery 4.07	pos 0.01 0.01 -0.67	yaw: 0.00	msg/s 0.0	link quality: 38	kalman var: 0.001 0.001 0.0	flight time: 17s	 batterySag: 0.6123046875
INFO: 2021-10-09 17:45:50 printStatus(175) -- Drogno_4: stand by		battery 4.07	pos 0.01 0.01 -0.67	yaw: 0.00	msg/s 0.0	link quality: 38	kalman var: 0.001 0.001 0.0	flight time: 17s	 batterySag: 0.6123046875
INFO: 2021-10-09 17:45:52 printStatus(175) -- Drogno_4: stand by		battery 4.07	pos 0.01 0.01 -0.67	yaw: 0.00	msg/s 0.0	link quality: 38	kalman var: 0.001 0.001 0.0	flight time: 17s	 batterySag: 0.6123046875
INFO: 2021-10-09 17:45:53 printStatus(175) -- Drogno_4: stand by		battery 4.07	pos 0.01 0.01 -0.67	yaw: 0.00	msg/s 0.0	link quality: 38	kalman var: 0.001 0.001 0.0	flight time: 17s	 batterySag: 0.6123046875
INFO: 2021-10-09 17:45:55 printStatus(175) -- Drogno_4: stand by		battery 4.07	pos 0.01 0.01 -0.67	yaw: 0.00	msg/s 0.0	link quality: 38	kalman var: 0.001 0.001 0.0	flight time: 17s	 batterySag: 0.6123046875
INFO: 2021-10-09 17:45:56 printStatus(175) -- Drogno_4: stand by		battery 4.07	pos 0.01 0.01 -0.67	yaw: 0.00	msg/s 0.0	link quality: 38	kalman var: 0.001 0.001 0.0	flight time: 17s	 batterySag: 0.6123046875
INFO: 2021-10-09 17:45:58 printStatus(175) -- Drogno_4: stand by		battery 4.07	pos 0.01 0.01 -0.67	yaw: 0.00	msg/s 0.0	link quality: 38	kalman var: 0.001 0.001 0.0	flight time: 17s	 batterySag: 0.6123046875
INFO: 2021-10-09 17:45:59 printStatus(175) -- Drogno_4: stand by		battery 4.07	pos 0.01 0.01 -0.67	yaw: 0.00	msg/s 0.0	link quality: 38	kalman var: 0.001 0.001 0.0	flight time: 17s	 batterySag: 0.6123046875
INFO: 2021-10-09 17:46:01 printStatus(175) -- Drogno_4: stand by		battery 4.07	pos 0.01 0.01 -0.67	yaw: 0.00	msg/s 0.0	link quality: 38	kalman var: 0.001 0.001 0.0	flight time: 17s	 batterySag: 0.6123046875
INFO: 2021-10-09 17:46:02 printStatus(175) -- Drogno_4: stand by		battery 4.07	pos 0.01 0.01 -0.67	yaw: 0.00	msg/s 0.0	link quality: 38	kalman var: 0.001 0.001 0.0	flight time: 17s	 batterySag: 0.6123046875
INFO: 2021-10-09 17:46:04 printStatus(175) -- Drogno_4: stand by		battery 4.07	pos 0.01 0.01 -0.67	yaw: 0.00	msg/s 0.0	link quality: 38	kalman var: 0.001 0.001 0.0	flight time: 17s	 batterySag: 0.6123046875
INFO: 2021-10-09 17:46:06 printStatus(175) -- Drogno_4: sconnesso		battery 4.07	pos 0.01 0.01 -0.67	yaw: 0.00	msg/s 0.0	link quality: 38	kalman var: 0.001 0.001 0.0	flight time: 17s	 batterySag: 0.6123046875
