INFO: 12-10-2021 14:11:19 __init__(130) -- This is dronelog running on Drogno_7
INFO: 12-10-2021 14:11:19 printStatus(166) -- Started
INFO: 12-10-2021 14:11:20 printStatus(169) -- Drogno_7: connecting	battery: n.p.	kalman var: 0 0 0	 batterySag: 0	link quality: 0	flight time: 0s	pos 0.00 0.00 0.00	yaw: 0.00	msg/s 0.0
INFO: 12-10-2021 14:11:22 printStatus(169) -- Drogno_7: connecting	battery: n.p.	kalman var: 0 0 0	 batterySag: 0	link quality: 0	flight time: 0s	pos 0.00 0.00 0.00	yaw: 0.00	msg/s 0.0
INFO: 12-10-2021 14:11:23 printStatus(169) -- Drogno_7: connecting	battery: n.p.	kalman var: 0 0 0	 batterySag: 0	link quality: 0	flight time: 0s	pos 0.00 0.00 0.00	yaw: 0.00	msg/s 0.0
INFO: 12-10-2021 14:11:24 printStatus(169) -- Drogno_7: connecting	battery: n.p.	kalman var: 0 0 0	 batterySag: 0	link quality: 0	flight time: 0s	pos 0.00 0.00 0.00	yaw: 0.00	msg/s 0.0
INFO: 12-10-2021 14:11:26 printStatus(169) -- Drogno_7: landed	battery: n.p.	kalman var: 0 0 0	 batterySag: 0	link quality: 0	flight time: 0s	pos 0.00 0.00 0.00	yaw: 0.00	msg/s 0.0
INFO: 12-10-2021 14:11:27 printStatus(169) -- Drogno_7: landed	battery: n.p.	kalman var: 0 0 0	 batterySag: 0	link quality: 0	flight time: 0s	pos 0.00 0.00 0.00	yaw: 0.00	msg/s 0.0
INFO: 12-10-2021 14:11:28 printStatus(169) -- Drogno_7: landed	battery: n.p.	kalman var: 0 0 0	 batterySag: 0	link quality: 0	flight time: 0s	pos 0.00 0.00 0.00	yaw: 0.00	msg/s 0.0
INFO: 12-10-2021 14:11:29 printStatus(169) -- Drogno_7: ready	battery: 4.14	kalman var: 0.001 0.001 0.0	 batterySag: 0.67	link quality: 61	flight time: 0s	pos -0.44 -1.01 -0.01	yaw: 3.52	msg/s 0.0
INFO: 12-10-2021 14:11:31 printStatus(169) -- Drogno_7: ready	battery: 4.14	kalman var: 0.001 0.001 0.001	 batterySag: 0.67	link quality: 62	flight time: 0s	pos -0.44 -1.01 -0.00	yaw: 4.24	msg/s 0.0
INFO: 12-10-2021 14:11:32 printStatus(169) -- Drogno_7: ready	battery: 4.14	kalman var: 0.001 0.001 0.001	 batterySag: 0.67	link quality: 62	flight time: 0s	pos -0.44 -1.01 -0.00	yaw: 4.29	msg/s 0.0
INFO: 12-10-2021 14:11:33 printStatus(169) -- Drogno_7: ready	battery: 4.14	kalman var: 0.0 0.0 0.0	 batterySag: 0.67	link quality: 62	flight time: 0s	pos -0.44 -1.01 -0.00	yaw: 4.20	msg/s 0.0
INFO: 12-10-2021 14:11:34 printStatus(169) -- Drogno_7: ready	battery: 4.14	kalman var: 0.001 0.001 0.001	 batterySag: 0.67	link quality: 62	flight time: 0s	pos -0.44 -1.01 -0.00	yaw: 4.26	msg/s 0.0
INFO: 12-10-2021 14:11:35 printStatus(169) -- Drogno_7: ready	battery: 4.14	kalman var: 0.001 0.001 0.001	 batterySag: 0.67	link quality: 62	flight time: 0s	pos -0.44 -1.01 -0.00	yaw: 4.28	msg/s 0.0
INFO: 12-10-2021 14:11:37 printStatus(169) -- Drogno_7: ready	battery: 4.14	kalman var: 0.0 0.0 0.0	 batterySag: 0.67	link quality: 62	flight time: 0s	pos -0.44 -1.01 -0.00	yaw: 4.28	msg/s 0.0
INFO: 12-10-2021 14:11:38 printStatus(169) -- Drogno_7: ready	battery: 4.14	kalman var: 0.0 0.0 0.0	 batterySag: 0.67	link quality: 62	flight time: 0s	pos -0.44 -1.01 -0.00	yaw: 4.29	msg/s 0.0
INFO: 12-10-2021 14:11:39 printStatus(169) -- Drogno_7: ready	battery: 4.14	kalman var: 0.001 0.001 0.001	 batterySag: 0.67	link quality: 62	flight time: 0s	pos -0.44 -1.01 -0.00	yaw: 4.27	msg/s 0.0
INFO: 12-10-2021 14:11:40 printStatus(169) -- Drogno_7: ready	battery: 4.14	kalman var: 0.001 0.001 0.001	 batterySag: 0.67	link quality: 62	flight time: 0s	pos -0.44 -1.01 -0.00	yaw: 4.30	msg/s 0.0
INFO: 12-10-2021 14:11:41 printStatus(169) -- Drogno_7: ready	battery: 4.14	kalman var: 0.001 0.001 0.001	 batterySag: 0.67	link quality: 61	flight time: 0s	pos -0.44 -1.01 -0.00	yaw: 4.30	msg/s 0.0
INFO: 12-10-2021 14:11:42 printStatus(169) -- Drogno_7: ready	battery: 4.14	kalman var: 0.0 0.0 0.0	 batterySag: 0.67	link quality: 61	flight time: 0s	pos -0.44 -1.01 -0.00	yaw: 4.27	msg/s 0.0
INFO: 12-10-2021 14:11:44 printStatus(169) -- Drogno_7: ready	battery: 4.14	kalman var: 0.001 0.001 0.001	 batterySag: 0.67	link quality: 61	flight time: 0s	pos -0.44 -1.01 -0.00	yaw: 4.21	msg/s 0.0
INFO: 12-10-2021 14:11:45 printStatus(169) -- Drogno_7: ready	battery: 4.14	kalman var: 0.001 0.001 0.001	 batterySag: 0.67	link quality: 61	flight time: 0s	pos -0.44 -1.01 -0.00	yaw: 4.24	msg/s 0.0
INFO: 12-10-2021 14:11:46 printStatus(169) -- Drogno_7: ready	battery: 4.14	kalman var: 0.001 0.001 0.001	 batterySag: 0.67	link quality: 61	flight time: 0s	pos -0.44 -1.01 -0.00	yaw: 4.25	msg/s 0.0
INFO: 12-10-2021 14:11:47 printStatus(169) -- Drogno_7: ready	battery: 4.14	kalman var: 0.001 0.001 0.001	 batterySag: 0.67	link quality: 61	flight time: 0s	pos -0.44 -1.01 -0.00	yaw: 4.22	msg/s 0.0
INFO: 12-10-2021 14:11:48 printStatus(169) -- Drogno_7: ready	battery: 4.14	kalman var: 0.001 0.001 0.001	 batterySag: 0.67	link quality: 62	flight time: 0s	pos -0.44 -1.01 -0.00	yaw: 4.19	msg/s 0.0
INFO: 12-10-2021 14:11:49 printStatus(169) -- Drogno_7: ready	battery: 4.14	kalman var: 0.002 0.002 0.001	 batterySag: 0.67	link quality: 61	flight time: 0s	pos -0.45 -1.00 -0.00	yaw: 4.12	msg/s 0.0
INFO: 12-10-2021 14:11:51 printStatus(169) -- Drogno_7: ready	battery: 4.14	kalman var: 0.001 0.001 0.001	 batterySag: 0.67	link quality: 62	flight time: 0s	pos -0.44 -1.01 -0.00	yaw: 4.26	msg/s 0.0
INFO: 12-10-2021 14:11:52 printStatus(169) -- Drogno_7: ready	battery: 4.14	kalman var: 0.002 0.002 0.001	 batterySag: 0.67	link quality: 61	flight time: 0s	pos -0.45 -1.00 -0.00	yaw: 4.16	msg/s 0.0
INFO: 12-10-2021 14:11:53 printStatus(169) -- Drogno_7: ready	battery: 4.14	kalman var: 0.001 0.001 0.001	 batterySag: 0.67	link quality: 61	flight time: 0s	pos -0.44 -1.00 -0.00	yaw: 4.27	msg/s 0.0
INFO: 12-10-2021 14:11:54 printStatus(169) -- Drogno_7: ready	battery: 4.14	kalman var: 0.002 0.002 0.001	 batterySag: 0.67	link quality: 62	flight time: 0s	pos -0.45 -1.00 -0.00	yaw: 4.26	msg/s 0.0
INFO: 12-10-2021 14:11:56 printStatus(169) -- Drogno_7: ready	battery: 4.14	kalman var: 0.001 0.001 0.001	 batterySag: 0.67	link quality: 61	flight time: 0s	pos -0.44 -1.01 -0.00	yaw: 4.18	msg/s 0.0
INFO: 12-10-2021 14:11:57 printStatus(169) -- Drogno_7: ready	battery: 4.14	kalman var: 0.001 0.001 0.001	 batterySag: 0.67	link quality: 61	flight time: 0s	pos -0.44 -1.01 -0.00	yaw: 4.18	msg/s 0.0
INFO: 12-10-2021 14:11:58 printStatus(169) -- Drogno_7: ready	battery: 4.14	kalman var: 0.0 0.0 0.0	 batterySag: 0.67	link quality: 62	flight time: 0s	pos -0.44 -1.01 -0.00	yaw: 4.30	msg/s 0.0
INFO: 12-10-2021 14:12:00 printStatus(169) -- Drogno_7: ready	battery: 4.14	kalman var: 0.0 0.0 0.0	 batterySag: 0.67	link quality: 63	flight time: 0s	pos -0.44 -1.01 -0.00	yaw: 4.27	msg/s 0.0
INFO: 12-10-2021 14:12:01 printStatus(169) -- Drogno_7: ready	battery: 4.14	kalman var: 0.0 0.0 0.001	 batterySag: 0.67	link quality: 63	flight time: 0s	pos -0.44 -1.01 -0.00	yaw: 4.34	msg/s 0.0
INFO: 12-10-2021 14:12:02 printStatus(169) -- Drogno_7: ready	battery: 4.14	kalman var: 0.001 0.001 0.001	 batterySag: 0.67	link quality: 61	flight time: 0s	pos -0.44 -1.01 -0.00	yaw: 4.26	msg/s 0.0
INFO: 12-10-2021 14:12:03 printStatus(169) -- Drogno_7: ready	battery: 4.14	kalman var: 0.0 0.0 0.0	 batterySag: 0.67	link quality: 62	flight time: 0s	pos -0.44 -1.01 -0.00	yaw: 4.33	msg/s 0.0
INFO: 12-10-2021 14:12:04 printStatus(169) -- Drogno_7: ready	battery: 4.14	kalman var: 0.0 0.0 0.0	 batterySag: 0.67	link quality: 62	flight time: 0s	pos -0.44 -1.01 -0.00	yaw: 4.33	msg/s 0.0
INFO: 12-10-2021 14:12:06 printStatus(169) -- Drogno_7: ready	battery: 4.14	kalman var: 0.0 0.0 0.0	 batterySag: 0.67	link quality: 62	flight time: 0s	pos -0.44 -1.01 -0.00	yaw: 4.34	msg/s 0.0
INFO: 12-10-2021 14:12:08 printStatus(169) -- Drogno_7: ready	battery: 4.14	kalman var: 0.001 0.001 0.001	 batterySag: 0.67	link quality: 61	flight time: 0s	pos -0.44 -1.01 -0.00	yaw: 4.16	msg/s 0.0
INFO: 12-10-2021 14:12:09 printStatus(169) -- Drogno_7: ready	battery: 4.14	kalman var: 0.0 0.0 0.0	 batterySag: 0.67	link quality: 62	flight time: 0s	pos -0.44 -1.01 -0.00	yaw: 4.32	msg/s 0.0
INFO: 12-10-2021 14:12:11 printStatus(169) -- Drogno_7: ready	battery: 4.14	kalman var: 0.001 0.001 0.001	 batterySag: 0.67	link quality: 63	flight time: 0s	pos -0.44 -1.01 -0.00	yaw: 4.05	msg/s 0.0
INFO: 12-10-2021 14:12:12 printStatus(169) -- Drogno_7: ready	battery: 4.14	kalman var: 0.001 0.001 0.001	 batterySag: 0.67	link quality: 62	flight time: 0s	pos -0.44 -1.01 -0.00	yaw: 4.27	msg/s 0.0
INFO: 12-10-2021 14:12:14 printStatus(169) -- Drogno_7: ready	battery: 4.14	kalman var: 0.001 0.001 0.001	 batterySag: 0.67	link quality: 62	flight time: 0s	pos -0.44 -1.01 -0.00	yaw: 4.27	msg/s 0.0
INFO: 12-10-2021 14:12:15 printStatus(169) -- Drogno_7: ready	battery: 4.14	kalman var: 0.001 0.001 0.001	 batterySag: 0.67	link quality: 62	flight time: 0s	pos -0.44 -1.01 -0.00	yaw: 4.09	msg/s 0.0
INFO: 12-10-2021 14:12:16 printStatus(169) -- Drogno_7: ready	battery: 4.14	kalman var: 0.001 0.001 0.001	 batterySag: 0.67	link quality: 61	flight time: 0s	pos -0.44 -1.01 -0.00	yaw: 4.19	msg/s 0.0
INFO: 12-10-2021 14:12:17 printStatus(169) -- Drogno_7: ready	battery: 4.14	kalman var: 0.001 0.001 0.001	 batterySag: 0.67	link quality: 61	flight time: 0s	pos -0.45 -1.01 -0.00	yaw: 4.12	msg/s 0.0
INFO: 12-10-2021 14:12:19 printStatus(169) -- Drogno_7: ready	battery: 4.14	kalman var: 0.004 0.004 0.002	 batterySag: 0.67	link quality: 61	flight time: 0s	pos -0.47 -1.00 0.00	yaw: 3.76	msg/s 0.0
INFO: 12-10-2021 14:12:20 printStatus(169) -- Drogno_7: ready	battery: 4.14	kalman var: 0.001 0.001 0.001	 batterySag: 0.67	link quality: 62	flight time: 0s	pos -0.44 -1.00 -0.00	yaw: 3.92	msg/s 0.0
INFO: 12-10-2021 14:12:21 printStatus(169) -- Drogno_7: ready	battery: 4.14	kalman var: 0.004 0.004 0.002	 batterySag: 0.67	link quality: 62	flight time: 0s	pos -0.46 -1.00 -0.00	yaw: 4.12	msg/s 0.0
INFO: 12-10-2021 14:12:22 printStatus(169) -- Drogno_7: ready	battery: 4.14	kalman var: 0.001 0.001 0.001	 batterySag: 0.67	link quality: 63	flight time: 0s	pos -0.44 -1.01 -0.00	yaw: 4.25	msg/s 0.0
INFO: 12-10-2021 14:12:23 printStatus(169) -- Drogno_7: ready	battery: 4.14	kalman var: 0.0 0.0 0.0	 batterySag: 0.67	link quality: 62	flight time: 0s	pos -0.44 -1.01 -0.00	yaw: 4.27	msg/s 0.0
INFO: 12-10-2021 14:12:25 printStatus(169) -- Drogno_7: ready	battery: 4.14	kalman var: 0.001 0.001 0.001	 batterySag: 0.67	link quality: 62	flight time: 0s	pos -0.44 -1.01 -0.00	yaw: 4.25	msg/s 0.0
INFO: 12-10-2021 14:12:26 printStatus(169) -- Drogno_7: ready	battery: 4.14	kalman var: 0.001 0.001 0.001	 batterySag: 0.67	link quality: 62	flight time: 0s	pos -0.44 -1.00 -0.00	yaw: 4.11	msg/s 0.0
INFO: 12-10-2021 14:12:27 printStatus(169) -- Drogno_7: ready	battery: 4.14	kalman var: 0.001 0.001 0.001	 batterySag: 0.67	link quality: 62	flight time: 0s	pos -0.44 -1.00 -0.00	yaw: 4.19	msg/s 0.0
INFO: 12-10-2021 14:12:29 printStatus(169) -- Drogno_7: ready	battery: 4.14	kalman var: 0.001 0.001 0.001	 batterySag: 0.67	link quality: 61	flight time: 0s	pos -0.44 -1.01 -0.00	yaw: 4.19	msg/s 0.0
INFO: 12-10-2021 14:12:30 printStatus(169) -- Drogno_7: ready	battery: 4.14	kalman var: 0.001 0.001 0.001	 batterySag: 0.67	link quality: 62	flight time: 0s	pos -0.44 -1.01 -0.00	yaw: 4.18	msg/s 0.0
INFO: 12-10-2021 14:12:31 printStatus(169) -- Drogno_7: ready	battery: 4.14	kalman var: 0.001 0.001 0.001	 batterySag: 0.67	link quality: 63	flight time: 0s	pos -0.44 -1.01 -0.00	yaw: 4.25	msg/s 0.0
INFO: 12-10-2021 14:12:32 printStatus(169) -- Drogno_7: ready	battery: 4.14	kalman var: 0.0 0.0 0.0	 batterySag: 0.67	link quality: 63	flight time: 0s	pos -0.44 -1.01 -0.00	yaw: 4.26	msg/s 0.0
INFO: 12-10-2021 14:12:34 printStatus(169) -- Drogno_7: ready	battery: 4.14	kalman var: 0.0 0.0 0.0	 batterySag: 0.67	link quality: 62	flight time: 0s	pos -0.44 -1.01 -0.00	yaw: 4.27	msg/s 0.0
INFO: 12-10-2021 14:12:35 printStatus(169) -- Drogno_7: ready	battery: 4.14	kalman var: 0.001 0.001 0.001	 batterySag: 0.67	link quality: 62	flight time: 0s	pos -0.44 -1.01 -0.00	yaw: 4.22	msg/s 0.0
INFO: 12-10-2021 14:12:36 printStatus(169) -- Drogno_7: ready	battery: 4.14	kalman var: 0.0 0.0 0.0	 batterySag: 0.67	link quality: 62	flight time: 0s	pos -0.44 -1.01 -0.00	yaw: 4.26	msg/s 0.0
INFO: 12-10-2021 14:12:38 printStatus(169) -- Drogno_7: ready	battery: 4.14	kalman var: 0.0 0.0 0.0	 batterySag: 0.67	link quality: 63	flight time: 0s	pos -0.44 -1.01 -0.00	yaw: 4.30	msg/s 0.0
INFO: 12-10-2021 14:12:39 printStatus(169) -- Drogno_7: ready	battery: 4.14	kalman var: 0.0 0.0 0.0	 batterySag: 0.67	link quality: 63	flight time: 0s	pos -0.44 -1.01 -0.00	yaw: 4.36	msg/s 0.0
INFO: 12-10-2021 14:12:41 printStatus(169) -- Drogno_7: ready	battery: 4.14	kalman var: 0.0 0.0 0.0	 batterySag: 0.67	link quality: 63	flight time: 0s	pos -0.44 -1.01 -0.00	yaw: 4.29	msg/s 0.0
INFO: 12-10-2021 14:12:42 printStatus(169) -- Drogno_7: ready	battery: 4.14	kalman var: 0.001 0.001 0.001	 batterySag: 0.67	link quality: 63	flight time: 0s	pos -0.44 -1.01 -0.00	yaw: 4.29	msg/s 0.0
INFO: 12-10-2021 14:12:43 printStatus(169) -- Drogno_7: ready	battery: 4.14	kalman var: 0.0 0.0 0.0	 batterySag: 0.67	link quality: 62	flight time: 0s	pos -0.44 -1.01 -0.00	yaw: 4.24	msg/s 0.0
INFO: 12-10-2021 14:12:45 printStatus(169) -- Drogno_7: ready	battery: 4.14	kalman var: 0.0 0.0 0.001	 batterySag: 0.67	link quality: 62	flight time: 0s	pos -0.44 -1.01 -0.00	yaw: 4.27	msg/s 0.0
INFO: 12-10-2021 14:12:46 printStatus(169) -- Drogno_7: ready	battery: 4.14	kalman var: 0.001 0.001 0.001	 batterySag: 0.67	link quality: 62	flight time: 0s	pos -0.44 -1.01 -0.00	yaw: 4.27	msg/s 0.0
INFO: 12-10-2021 14:12:47 printStatus(169) -- Drogno_7: ready	battery: 4.14	kalman var: 0.0 0.0 0.0	 batterySag: 0.67	link quality: 62	flight time: 0s	pos -0.44 -1.01 -0.00	yaw: 4.34	msg/s 0.0
INFO: 12-10-2021 14:12:48 printStatus(169) -- Drogno_7: ready	battery: 4.14	kalman var: 0.001 0.001 0.001	 batterySag: 0.67	link quality: 62	flight time: 0s	pos -0.44 -1.01 -0.00	yaw: 4.30	msg/s 0.0
INFO: 12-10-2021 14:12:50 printStatus(169) -- Drogno_7: ready	battery: 3.88	kalman var: 0.001 0.001 0.001	 batterySag: 0.67	link quality: 65	flight time: 0s	pos -0.43 -1.02 0.00	yaw: 2.09	msg/s 0.0
INFO: 12-10-2021 14:12:51 printStatus(169) -- Drogno_7: ready	battery: 3.8	kalman var: 0.001 0.001 0.001	 batterySag: 0.67	link quality: 59	flight time: 0s	pos -0.41 -1.00 0.32	yaw: -2.11	msg/s 0.0
INFO: 12-10-2021 14:12:52 printStatus(169) -- Drogno_7: ready	battery: 3.81	kalman var: 0.001 0.001 0.001	 batterySag: 0.67	link quality: 56	flight time: 2s	pos -0.44 -1.01 0.82	yaw: -1.31	msg/s 0.0
INFO: 12-10-2021 14:12:53 printStatus(169) -- Drogno_7: ready	battery: 3.79	kalman var: 0.004 0.004 0.002	 batterySag: 0.67	link quality: 68	flight time: 3s	pos -0.45 -1.00 0.86	yaw: -0.74	msg/s 0.0
INFO: 12-10-2021 14:12:54 printStatus(169) -- Drogno_7: ready	battery: 3.69	kalman var: 0.001 0.001 0.001	 batterySag: 0.67	link quality: 68	flight time: 4s	pos -0.28 -0.88 0.72	yaw: 0.15	msg/s 0.0
INFO: 12-10-2021 14:12:55 printStatus(169) -- Drogno_7: ready	battery: 3.77	kalman var: 0.002 0.002 0.001	 batterySag: 0.67	link quality: 58	flight time: 5s	pos -0.45 -1.01 0.87	yaw: 2.57	msg/s 0.0
INFO: 12-10-2021 14:12:57 printStatus(169) -- Drogno_7: ready	battery: 3.76	kalman var: 0.0 0.0 0.0	 batterySag: 0.67	link quality: 56	flight time: 6s	pos -0.43 -1.03 0.85	yaw: -0.05	msg/s 0.0
INFO: 12-10-2021 14:12:58 printStatus(169) -- Drogno_7: ready	battery: 3.75	kalman var: 0.001 0.001 0.001	 batterySag: 0.67	link quality: 54	flight time: 7s	pos -0.45 -1.00 0.85	yaw: 1.38	msg/s 0.0
INFO: 12-10-2021 14:12:59 printStatus(169) -- Drogno_7: ready	battery: 3.75	kalman var: 0.001 0.001 0.001	 batterySag: 0.67	link quality: 55	flight time: 9s	pos -0.45 -1.00 0.83	yaw: 0.18	msg/s 0.0
INFO: 12-10-2021 14:13:01 printStatus(169) -- Drogno_7: ready	battery: 3.73	kalman var: 0.001 0.001 0.001	 batterySag: 0.67	link quality: 61	flight time: 10s	pos -0.48 -0.98 0.82	yaw: 2.02	msg/s 0.0
INFO: 12-10-2021 14:13:02 printStatus(169) -- Drogno_7: ready	battery: 3.73	kalman var: 0.002 0.002 0.001	 batterySag: 0.67	link quality: 56	flight time: 11s	pos -0.45 -1.00 0.83	yaw: 3.49	msg/s 0.0
INFO: 12-10-2021 14:13:03 printStatus(169) -- Drogno_7: ready	battery: 3.72	kalman var: 0.001 0.001 0.001	 batterySag: 0.67	link quality: 58	flight time: 13s	pos -0.45 -0.93 0.80	yaw: 0.69	msg/s 0.0
INFO: 12-10-2021 14:13:05 printStatus(169) -- Drogno_7: ready	battery: 3.71	kalman var: 0.0 0.0 0.0	 batterySag: 0.67	link quality: 57	flight time: 14s	pos -0.42 -1.06 0.82	yaw: -8.18	msg/s 0.0
INFO: 12-10-2021 14:13:06 printStatus(169) -- Drogno_7: hovering	battery: 3.71	kalman var: 0.0 0.0 0.0	 batterySag: 0.67	link quality: 56	flight time: 15s	pos -0.44 -1.00 0.82	yaw: -9.16	msg/s 5.5
INFO: 12-10-2021 14:13:07 printStatus(169) -- Drogno_7: hovering	battery: 3.74	kalman var: 0.0 0.0 0.0	 batterySag: 0.67	link quality: 63	flight time: 17s	pos -0.44 -1.26 0.98	yaw: -2.66	msg/s 7.3
INFO: 12-10-2021 14:13:09 printStatus(169) -- Drogno_7: hovering	battery: 3.7	kalman var: 0.001 0.001 0.001	 batterySag: 0.67	link quality: 60	flight time: 18s	pos -0.45 -1.41 1.12	yaw: -2.16	msg/s 7.3
INFO: 12-10-2021 14:13:10 printStatus(169) -- Drogno_7: hovering	battery: 3.7	kalman var: 0.0 0.0 0.001	 batterySag: 0.67	link quality: 61	flight time: 19s	pos -0.46 -1.41 1.12	yaw: -1.63	msg/s 9.1
INFO: 12-10-2021 14:13:11 printStatus(169) -- Drogno_7: hovering	battery: 3.69	kalman var: 0.0 0.0 0.0	 batterySag: 0.67	link quality: 64	flight time: 20s	pos -0.49 -1.37 1.11	yaw: 0.73	msg/s 9.1
INFO: 12-10-2021 14:13:12 printStatus(169) -- Drogno_7: ready	battery: 3.69	kalman var: 0.0 0.0 0.0	 batterySag: 0.67	link quality: 65	flight time: 22s	pos -0.50 -1.31 1.09	yaw: 0.62	msg/s 9.1
INFO: 12-10-2021 14:13:14 printStatus(169) -- Drogno_7: ready	battery: 3.69	kalman var: 0.0 0.0 0.0	 batterySag: 0.67	link quality: 72	flight time: 23s	pos -0.52 -1.31 1.11	yaw: 3.59	msg/s 3.6
INFO: 12-10-2021 14:13:15 printStatus(169) -- Drogno_7: moving	battery: 3.68	kalman var: 0.0 0.0 0.0	 batterySag: 0.67	link quality: 66	flight time: 24s	pos -0.52 -1.32 1.11	yaw: 2.11	msg/s 5.5
INFO: 12-10-2021 14:13:16 printStatus(169) -- Drogno_7: hovering	battery: 3.68	kalman var: 0.0 0.0 0.0	 batterySag: 0.67	link quality: 65	flight time: 25s	pos -0.60 -1.29 1.11	yaw: 2.15	msg/s 7.3
INFO: 12-10-2021 14:13:17 printStatus(169) -- Drogno_7: hovering	battery: 3.68	kalman var: 0.0 0.0 0.0	 batterySag: 0.67	link quality: 58	flight time: 27s	pos -0.68 -1.28 1.11	yaw: 3.79	msg/s 9.1
INFO: 12-10-2021 14:13:18 printStatus(169) -- Drogno_7: hovering	battery: 3.67	kalman var: 0.0 0.0 0.0	 batterySag: 0.67	link quality: 55	flight time: 28s	pos -0.57 -1.26 1.10	yaw: 3.98	msg/s 9.1
INFO: 12-10-2021 14:13:19 printStatus(169) -- Drogno_7: hovering	battery: 3.67	kalman var: 0.0 0.0 0.0	 batterySag: 0.67	link quality: 55	flight time: 29s	pos -0.20 -1.29 1.10	yaw: -1.39	msg/s 18.2
INFO: 12-10-2021 14:13:21 printStatus(169) -- Drogno_7: hovering	battery: 3.67	kalman var: 0.002 0.002 0.001	 batterySag: 0.67	link quality: 57	flight time: 30s	pos 0.49 -0.72 1.09	yaw: -0.17	msg/s 16.4
INFO: 12-10-2021 14:13:23 printStatus(169) -- Drogno_7: hovering	battery: 3.69	kalman var: 0.02 0.02 0.003	 batterySag: 0.67	link quality: 62	flight time: 32s	pos 0.66 0.01 1.20	yaw: -0.16	msg/s 7.3
INFO: 12-10-2021 14:13:24 printStatus(169) -- Drogno_7: hovering	battery: 3.67	kalman var: 0.005 0.005 0.002	 batterySag: 0.67	link quality: 73	flight time: 33s	pos 0.72 -0.28 0.96	yaw: -3.35	msg/s 7.3
INFO: 12-10-2021 14:13:25 printStatus(169) -- Drogno_7: hovering	battery: 3.63	kalman var: 0.0 0.0 0.0	 batterySag: 0.67	link quality: 58	flight time: 35s	pos 0.74 0.53 1.04	yaw: -0.64	msg/s 9.1
INFO: 12-10-2021 14:13:26 printStatus(169) -- Drogno_7: hovering	battery: 3.67	kalman var: 0.0 0.0 0.0	 batterySag: 0.67	link quality: 60	flight time: 36s	pos 0.40 0.94 1.29	yaw: -0.33	msg/s 16.4
INFO: 12-10-2021 14:13:28 printStatus(169) -- Drogno_7: hovering	battery: 3.63	kalman var: 0.0 0.0 0.0	 batterySag: 0.67	link quality: 69	flight time: 37s	pos -0.07 1.25 0.99	yaw: 0.12	msg/s 23.6
INFO: 12-10-2021 14:13:29 printStatus(169) -- Drogno_7: hovering	battery: 3.66	kalman var: 0.0 0.0 0.0	 batterySag: 0.67	link quality: 56	flight time: 38s	pos -0.26 1.28 1.20	yaw: 1.97	msg/s 14.5
INFO: 12-10-2021 14:13:31 printStatus(169) -- Drogno_7: ready	battery: 3.65	kalman var: 0.001 0.001 0.001	 batterySag: 0.67	link quality: 62	flight time: 40s	pos -0.47 1.30 1.09	yaw: -0.45	msg/s 7.3
INFO: 12-10-2021 14:13:32 printStatus(169) -- Drogno_7: hovering	battery: 3.65	kalman var: 0.0 0.0 0.0	 batterySag: 0.67	link quality: 60	flight time: 41s	pos -0.46 1.18 1.10	yaw: -0.04	msg/s 7.3
INFO: 12-10-2021 14:13:33 printStatus(169) -- Drogno_7: moving	battery: 3.64	kalman var: 0.0 0.0 0.0	 batterySag: 0.67	link quality: 57	flight time: 42s	pos -0.50 1.02 1.10	yaw: 0.84	msg/s 21.8
INFO: 12-10-2021 14:13:34 printStatus(169) -- Drogno_7: hovering	battery: 3.64	kalman var: 0.0 0.0 0.0	 batterySag: 0.67	link quality: 61	flight time: 44s	pos -0.87 0.80 0.99	yaw: -0.30	msg/s 18.2
INFO: 12-10-2021 14:13:35 printStatus(169) -- Drogno_7: hovering	battery: 3.64	kalman var: 0.0 0.0 0.0	 batterySag: 0.67	link quality: 58	flight time: 45s	pos -1.27 0.33 0.68	yaw: -0.06	msg/s 21.8
INFO: 12-10-2021 14:13:36 printStatus(169) -- Drogno_7: moving	battery: 3.62	kalman var: 0.0 0.0 0.001	 batterySag: 0.67	link quality: 60	flight time: 46s	pos -1.05 -0.45 0.33	yaw: 0.82	msg/s 20.0
INFO: 12-10-2021 14:13:38 printStatus(169) -- Drogno_7: hovering	battery: 3.62	kalman var: 0.0 0.0 0.0	 batterySag: 0.67	link quality: 65	flight time: 47s	pos 0.30 -0.12 0.57	yaw: 2.63	msg/s 25.5
INFO: 12-10-2021 14:13:39 printStatus(169) -- Drogno_7: hovering	battery: 3.63	kalman var: 0.0 0.0 0.0	 batterySag: 0.67	link quality: 71	flight time: 48s	pos 0.22 0.64 0.86	yaw: 0.08	msg/s 20.0
INFO: 12-10-2021 14:13:40 printStatus(169) -- Drogno_7: hovering	battery: 3.64	kalman var: 0.0 0.0 0.0	 batterySag: 0.67	link quality: 58	flight time: 49s	pos -0.32 1.00 1.07	yaw: -0.95	msg/s 16.4
INFO: 12-10-2021 14:13:41 printStatus(169) -- Drogno_7: hovering	battery: 3.64	kalman var: 0.0 0.0 0.0	 batterySag: 0.67	link quality: 58	flight time: 51s	pos -0.47 1.11 1.16	yaw: -0.04	msg/s 25.5
INFO: 12-10-2021 14:13:42 printStatus(169) -- Drogno_7: hovering	battery: 3.61	kalman var: 0.0 0.0 0.0	 batterySag: 0.67	link quality: 63	flight time: 52s	pos -0.48 1.08 0.95	yaw: 1.57	msg/s 21.8
INFO: 12-10-2021 14:13:44 printStatus(169) -- Drogno_7: hovering	battery: 3.67	kalman var: 0.0 0.0 0.0	 batterySag: 0.67	link quality: 56	flight time: 53s	pos -0.43 1.07 1.38	yaw: -0.38	msg/s 20.0
INFO: 12-10-2021 14:13:45 printStatus(169) -- Drogno_7: hovering	battery: 3.59	kalman var: 0.0 0.0 0.0	 batterySag: 0.67	link quality: 69	flight time: 54s	pos -0.45 1.14 0.92	yaw: 0.44	msg/s 21.8
INFO: 12-10-2021 14:13:46 printStatus(169) -- Drogno_7: hovering	battery: 3.63	kalman var: 0.0 0.0 0.0	 batterySag: 0.67	link quality: 63	flight time: 56s	pos -0.45 1.20 0.86	yaw: 0.12	msg/s 21.8
INFO: 12-10-2021 14:13:48 printStatus(169) -- Drogno_7: hovering	battery: 3.61	kalman var: 0.0 0.0 0.0	 batterySag: 0.67	link quality: 61	flight time: 57s	pos -0.43 1.31 0.55	yaw: 0.49	msg/s 21.8
INFO: 12-10-2021 14:13:49 printStatus(169) -- Drogno_7: hovering	battery: 3.61	kalman var: 0.0 0.0 0.0	 batterySag: 0.67	link quality: 62	flight time: 58s	pos -0.39 1.30 0.56	yaw: 0.19	msg/s 18.2
INFO: 12-10-2021 14:13:50 printStatus(169) -- Drogno_7: hovering	battery: 3.62	kalman var: 0.001 0.001 0.001	 batterySag: 0.67	link quality: 67	flight time: 59s	pos -0.25 1.25 0.67	yaw: -0.59	msg/s 20.0
INFO: 12-10-2021 14:13:51 printStatus(169) -- Drogno_7: hovering	battery: 3.6	kalman var: 0.0 0.0 0.0	 batterySag: 0.67	link quality: 61	flight time: 61s	pos -0.04 1.14 0.82	yaw: -1.83	msg/s 21.8
INFO: 12-10-2021 14:13:53 printStatus(169) -- Drogno_7: hovering	battery: 3.6	kalman var: 0.0 0.0 0.0	 batterySag: 0.67	link quality: 63	flight time: 62s	pos 0.47 0.45 1.16	yaw: -0.29	msg/s 16.4
INFO: 12-10-2021 14:13:54 printStatus(169) -- Drogno_7: hovering	battery: 3.6	kalman var: 0.0 0.0 0.0	 batterySag: 0.67	link quality: 56	flight time: 63s	pos 0.37 -0.14 1.23	yaw: -0.93	msg/s 21.8
INFO: 12-10-2021 14:13:55 printStatus(169) -- Drogno_7: hovering	battery: 3.59	kalman var: 0.0 0.0 0.0	 batterySag: 0.67	link quality: 61	flight time: 64s	pos 0.24 -0.56 1.20	yaw: 0.02	msg/s 21.8
INFO: 12-10-2021 14:13:56 printStatus(169) -- Drogno_7: hovering	battery: 3.59	kalman var: 0.0 0.0 0.0	 batterySag: 0.67	link quality: 63	flight time: 66s	pos 0.04 -1.10 1.18	yaw: -1.99	msg/s 25.5
INFO: 12-10-2021 14:13:57 printStatus(169) -- Drogno_7: hovering	battery: 3.59	kalman var: 0.001 0.001 0.001	 batterySag: 0.67	link quality: 59	flight time: 67s	pos -0.48 -1.28 1.14	yaw: -0.86	msg/s 20.0
INFO: 12-10-2021 14:13:59 printStatus(169) -- Drogno_7: hovering	battery: 3.59	kalman var: 0.0 0.0 0.0	 batterySag: 0.67	link quality: 63	flight time: 68s	pos -1.36 -0.69 0.72	yaw: -0.19	msg/s 24.5
INFO: 12-10-2021 14:14:00 printStatus(169) -- Drogno_7: hovering	battery: 3.58	kalman var: 0.0 0.0 0.0	 batterySag: 0.67	link quality: 61	flight time: 69s	pos -1.71 -0.27 0.43	yaw: -0.96	msg/s 16.4
INFO: 12-10-2021 14:14:02 printStatus(169) -- Drogno_7: moving	battery: 3.61	kalman var: 0.0 0.0 0.0	 batterySag: 0.67	link quality: 63	flight time: 71s	pos -1.30 0.77 0.74	yaw: 0.10	msg/s 23.6
INFO: 12-10-2021 14:14:03 printStatus(169) -- Drogno_7: hovering	battery: 3.56	kalman var: 0.0 0.0 0.001	 batterySag: 0.67	link quality: 62	flight time: 73s	pos -0.81 0.97 1.04	yaw: 0.53	msg/s 20.0
INFO: 12-10-2021 14:14:04 printStatus(169) -- Drogno_7: hovering	battery: 3.59	kalman var: 0.0 0.0 0.0	 batterySag: 0.67	link quality: 58	flight time: 74s	pos -0.31 0.95 1.36	yaw: 0.60	msg/s 23.6
INFO: 12-10-2021 14:14:05 printStatus(169) -- Drogno_7: hovering	battery: 3.58	kalman var: 0.0 0.0 0.0	 batterySag: 0.67	link quality: 62	flight time: 75s	pos 0.14 0.63 1.64	yaw: 0.14	msg/s 16.4
INFO: 12-10-2021 14:14:07 printStatus(169) -- Drogno_7: hovering	battery: 3.56	kalman var: 0.001 0.001 0.001	 batterySag: 0.67	link quality: 65	flight time: 76s	pos 0.25 -0.80 1.63	yaw: -0.68	msg/s 23.6
INFO: 12-10-2021 14:14:08 printStatus(169) -- Drogno_7: hovering	battery: 3.56	kalman var: 0.001 0.001 0.001	 batterySag: 0.67	link quality: 59	flight time: 77s	pos -0.25 -1.28 1.28	yaw: -1.08	msg/s 16.4
INFO: 12-10-2021 14:14:09 printStatus(169) -- Drogno_7: hovering	battery: 3.56	kalman var: 0.001 0.001 0.001	 batterySag: 0.67	link quality: 58	flight time: 78s	pos -1.04 -1.23 0.88	yaw: -1.38	msg/s 23.6
INFO: 12-10-2021 14:14:10 printStatus(169) -- Drogno_7: hovering	battery: 3.56	kalman var: 0.0 0.0 0.0	 batterySag: 0.67	link quality: 57	flight time: 80s	pos -1.22 -0.76 0.79	yaw: 0.61	msg/s 20.0
INFO: 12-10-2021 14:14:11 printStatus(169) -- Drogno_7: hovering	battery: 3.57	kalman var: 0.0 0.0 0.0	 batterySag: 0.67	link quality: 65	flight time: 81s	pos -0.73 -0.43 0.95	yaw: 6.20	msg/s 20.0
INFO: 12-10-2021 14:14:12 printStatus(169) -- Drogno_7: moving	battery: 3.57	kalman var: 0.001 0.001 0.001	 batterySag: 0.67	link quality: 65	flight time: 82s	pos 0.09 -0.66 1.28	yaw: 0.76	msg/s 23.6
INFO: 12-10-2021 14:14:14 printStatus(169) -- Drogno_7: hovering	battery: 3.57	kalman var: 0.0 0.0 0.0	 batterySag: 0.67	link quality: 63	flight time: 83s	pos 0.05 -0.81 1.32	yaw: -2.34	msg/s 23.6
INFO: 12-10-2021 14:14:15 printStatus(169) -- Drogno_7: moving	battery: 3.56	kalman var: 0.0 0.0 0.0	 batterySag: 0.67	link quality: 60	flight time: 85s	pos -0.33 -0.84 1.33	yaw: -0.18	msg/s 21.8
INFO: 12-10-2021 14:14:16 printStatus(169) -- Drogno_7: hovering	battery: 3.55	kalman var: 0.0 0.0 0.0	 batterySag: 0.67	link quality: 57	flight time: 86s	pos -1.11 -0.83 1.32	yaw: -0.12	msg/s 21.8
INFO: 12-10-2021 14:14:18 printStatus(169) -- Drogno_7: hovering	battery: 3.56	kalman var: 0.0 0.0 0.0	 batterySag: 0.67	link quality: 56	flight time: 87s	pos -1.57 -0.82 1.32	yaw: 1.46	msg/s 21.8
INFO: 12-10-2021 14:14:19 printStatus(169) -- Drogno_7: hovering	battery: 3.55	kalman var: 0.0 0.0 0.0	 batterySag: 0.67	link quality: 63	flight time: 88s	pos -1.81 -1.12 1.13	yaw: 3.00	msg/s 20.0
INFO: 12-10-2021 14:14:20 printStatus(169) -- Drogno_7: ready	battery: 3.56	kalman var: 0.0 0.0 0.0	 batterySag: 0.67	link quality: 62	flight time: 90s	pos -0.39 -1.58 0.86	yaw: -1.30	msg/s 16.4
INFO: 12-10-2021 14:14:22 printStatus(169) -- Drogno_7: hovering	battery: 3.53	kalman var: 0.001 0.0 0.001	 batterySag: 0.67	link quality: 63	flight time: 91s	pos 0.59 -1.52 0.91	yaw: -0.48	msg/s 20.0
INFO: 12-10-2021 14:14:23 printStatus(169) -- Drogno_7: hovering	battery: 3.56	kalman var: 0.0 0.0 0.0	 batterySag: 0.67	link quality: 63	flight time: 92s	pos 0.89 -1.08 1.22	yaw: -0.66	msg/s 21.8
INFO: 12-10-2021 14:14:24 printStatus(169) -- Drogno_7: hovering	battery: 3.55	kalman var: 0.001 0.001 0.001	 batterySag: 0.67	link quality: 59	flight time: 94s	pos 0.69 -0.92 1.29	yaw: 0.37	msg/s 21.8
INFO: 12-10-2021 14:14:26 printStatus(169) -- Drogno_7: hovering	battery: 3.54	kalman var: 0.001 0.001 0.001	 batterySag: 0.67	link quality: 57	flight time: 95s	pos 0.55 -1.07 1.21	yaw: 0.02	msg/s 18.2
INFO: 12-10-2021 14:14:27 printStatus(169) -- Drogno_7: hovering	battery: 3.54	kalman var: 0.0 0.0 0.0	 batterySag: 0.67	link quality: 57	flight time: 97s	pos 0.59 -1.15 1.19	yaw: -0.61	msg/s 20.0
INFO: 12-10-2021 14:14:29 printStatus(169) -- Drogno_7: hovering	battery: 3.53	kalman var: 0.002 0.002 0.001	 batterySag: 0.67	link quality: 60	flight time: 98s	pos 0.78 -1.34 1.06	yaw: -2.51	msg/s 20.0
INFO: 12-10-2021 14:14:30 printStatus(169) -- Drogno_7: hovering	battery: 3.54	kalman var: 0.002 0.002 0.001	 batterySag: 0.67	link quality: 67	flight time: 100s	pos 0.86 -1.31 1.03	yaw: -1.95	msg/s 18.2
INFO: 12-10-2021 14:14:32 printStatus(169) -- Drogno_7: hovering	battery: 3.53	kalman var: 0.0 0.0 0.0	 batterySag: 0.67	link quality: 56	flight time: 101s	pos 0.80 -1.16 1.05	yaw: 1.33	msg/s 7.3
INFO: 12-10-2021 14:14:33 printStatus(169) -- Drogno_7: hovering	battery: 3.53	kalman var: 0.0 0.0 0.0	 batterySag: 0.67	link quality: 61	flight time: 102s	pos 0.77 -1.11 1.06	yaw: -0.96	msg/s 9.1
INFO: 12-10-2021 14:14:35 printStatus(169) -- Drogno_7: ready	battery: 3.53	kalman var: 0.009 0.009 0.002	 batterySag: 0.67	link quality: 63	flight time: 104s	pos 0.75 -1.14 1.07	yaw: -2.36	msg/s 1.8
INFO: 12-10-2021 14:14:36 printStatus(169) -- Drogno_7: ready	battery: 3.54	kalman var: 0.001 0.001 0.001	 batterySag: 0.67	link quality: 59	flight time: 106s	pos 0.76 -1.08 1.02	yaw: 2.19	msg/s 0.0
INFO: 12-10-2021 14:14:38 printStatus(169) -- Drogno_7: ready	battery: 3.53	kalman var: 0.001 0.001 0.001	 batterySag: 0.67	link quality: 61	flight time: 107s	pos 0.77 -1.15 1.08	yaw: 1.58	msg/s 0.0
INFO: 12-10-2021 14:14:40 printStatus(169) -- Drogno_7: ready	battery: 3.52	kalman var: 0.0 0.0 0.0	 batterySag: 0.67	link quality: 59	flight time: 109s	pos 0.77 -1.13 1.07	yaw: -0.10	msg/s 0.0
INFO: 12-10-2021 14:14:42 printStatus(169) -- Drogno_7: ready	battery: 3.53	kalman var: 0.001 0.001 0.001	 batterySag: 0.67	link quality: 61	flight time: 110s	pos 0.76 -1.13 1.07	yaw: 0.31	msg/s 0.0
INFO: 12-10-2021 14:14:43 printStatus(169) -- Drogno_7: ready	battery: 3.54	kalman var: 0.003 0.003 0.001	 batterySag: 0.67	link quality: 64	flight time: 110s	pos 0.76 -1.15 0.71	yaw: -0.87	msg/s 0.0
INFO: 12-10-2021 14:14:44 printStatus(169) -- Drogno_7: landed	battery: 3.64	kalman var: 0.01 0.01 0.003	 batterySag: 0.67	link quality: 63	flight time: 110s	pos 0.74 -1.12 0.12	yaw: 0.74	msg/s 0.0
INFO: 12-10-2021 14:14:46 printStatus(169) -- Drogno_7: BAD kalman	battery: 3.82	kalman var: 0.044 0.044 0.005	 batterySag: 0.67	link quality: 59	flight time: 110s	pos 0.51 -0.88 0.25	yaw: 0.72	msg/s 0.0
INFO: 12-10-2021 14:14:48 printStatus(169) -- Drogno_7: BAD kalman	battery: 3.83	kalman var: 0.12 0.12 0.007	 batterySag: 0.67	link quality: 60	flight time: 110s	pos -0.04 -0.15 0.47	yaw: 0.71	msg/s 0.0
INFO: 12-10-2021 14:14:49 printStatus(169) -- Drogno_7: BAD kalman	battery: 3.84	kalman var: 0.177 0.177 0.008	 batterySag: 0.67	link quality: 61	flight time: 110s	pos -0.44 0.39 0.59	yaw: 0.67	msg/s 0.0
INFO: 12-10-2021 14:14:50 printStatus(169) -- Drogno_7: BAD kalman	battery: 3.84	kalman var: 0.252 0.252 0.009	 batterySag: 0.67	link quality: 60	flight time: 110s	pos -0.96 1.04 0.71	yaw: 0.64	msg/s 0.0
INFO: 12-10-2021 14:14:51 printStatus(169) -- Drogno_7: ready	battery: 3.85	kalman var: 0.002 0.002 0.001	 batterySag: 0.67	link quality: 61	flight time: 110s	pos 0.83 -1.08 0.02	yaw: 0.77	msg/s 0.0
WARNING: 12-10-2021 14:14:51 exit(859) -- closing Drogno_7
