INFO: 14-07-2022 19:16:56 __init__(129) -- This is dronelog running on Drogno_0
INFO: 14-07-2022 19:16:56 printStatus(165) -- Started
INFO: 14-07-2022 19:16:57 printStatus(168) -- Drogno_0: connecting	battery: n.p.	kalman var: 0 0 0	 batterySag: 0	link quality: 0	flight time: 0s	pos 0.00 0.00 0.00	yaw: 0.00	msg/s 0.0
INFO: 14-07-2022 19:16:58 printStatus(168) -- Drogno_0: connecting	battery: n.p.	kalman var: 0 0 0	 batterySag: 0	link quality: 0	flight time: 0s	pos 0.00 0.00 0.00	yaw: 0.00	msg/s 0.0
INFO: 14-07-2022 19:16:59 printStatus(168) -- Drogno_0: connecting	battery: n.p.	kalman var: 0 0 0	 batterySag: 0	link quality: 0	flight time: 0s	pos 0.00 0.00 0.00	yaw: 0.00	msg/s 0.0
INFO: 14-07-2022 19:17:00 printStatus(168) -- Drogno_0: connecting	battery: n.p.	kalman var: 0 0 0	 batterySag: 0	link quality: 0	flight time: 0s	pos 0.00 0.00 0.00	yaw: 0.00	msg/s 0.0
INFO: 14-07-2022 19:17:01 printStatus(168) -- Drogno_0: connecting	battery: n.p.	kalman var: 0 0 0	 batterySag: 0	link quality: 0	flight time: 0s	pos 0.00 0.00 0.00	yaw: 0.00	msg/s 0.0
INFO: 14-07-2022 19:17:03 printStatus(168) -- Drogno_0: connecting	battery: n.p.	kalman var: 0 0 0	 batterySag: 0	link quality: 0	flight time: 0s	pos 0.00 0.00 0.00	yaw: 0.00	msg/s 0.0
INFO: 14-07-2022 19:17:04 printStatus(168) -- Drogno_0: connecting	battery: n.p.	kalman var: 0 0 0	 batterySag: 0	link quality: 0	flight time: 0s	pos 0.00 0.00 0.00	yaw: 0.00	msg/s 0.0
INFO: 14-07-2022 19:17:05 printStatus(168) -- Drogno_0: connecting	battery: n.p.	kalman var: 0 0 0	 batterySag: 0	link quality: 0	flight time: 0s	pos 0.00 0.00 0.00	yaw: 0.00	msg/s 0.0
INFO: 14-07-2022 19:17:06 printStatus(168) -- Drogno_0: connecting	battery: n.p.	kalman var: 0 0 0	 batterySag: 0	link quality: 0	flight time: 0s	pos 0.00 0.00 0.00	yaw: 0.00	msg/s 0.0
INFO: 14-07-2022 19:17:07 printStatus(168) -- Drogno_0: connecting	battery: n.p.	kalman var: 0 0 0	 batterySag: 0	link quality: 0	flight time: 0s	pos 0.00 0.00 0.00	yaw: 0.00	msg/s 0.0
INFO: 14-07-2022 19:17:08 printStatus(168) -- Drogno_0: connecting	battery: n.p.	kalman var: 0 0 0	 batterySag: 0	link quality: 0	flight time: 0s	pos 0.00 0.00 0.00	yaw: 0.00	msg/s 0.0
INFO: 14-07-2022 19:17:10 printStatus(168) -- Drogno_0: connecting	battery: n.p.	kalman var: 0 0 0	 batterySag: 0	link quality: 0	flight time: 0s	pos 0.00 0.00 0.00	yaw: 0.00	msg/s 0.0
INFO: 14-07-2022 19:17:11 printStatus(168) -- Drogno_0: connecting	battery: n.p.	kalman var: 0 0 0	 batterySag: 0	link quality: 0	flight time: 0s	pos 0.00 0.00 0.00	yaw: 0.00	msg/s 0.0
INFO: 14-07-2022 19:17:12 printStatus(168) -- Drogno_0: connecting	battery: n.p.	kalman var: 0 0 0	 batterySag: 0	link quality: 0	flight time: 0s	pos 0.00 0.00 0.00	yaw: 0.00	msg/s 0.0
INFO: 14-07-2022 19:17:13 printStatus(168) -- Drogno_0: connecting	battery: n.p.	kalman var: 0 0 0	 batterySag: 0	link quality: 0	flight time: 0s	pos 0.00 0.00 0.00	yaw: 0.00	msg/s 0.0
INFO: 14-07-2022 19:17:14 printStatus(168) -- Drogno_0: connecting	battery: n.p.	kalman var: 0 0 0	 batterySag: 0	link quality: 0	flight time: 0s	pos 0.00 0.00 0.00	yaw: 0.00	msg/s 0.0
INFO: 14-07-2022 19:17:15 printStatus(168) -- Drogno_0: connecting	battery: n.p.	kalman var: 0 0 0	 batterySag: 0	link quality: 0	flight time: 0s	pos 0.00 0.00 0.00	yaw: 0.00	msg/s 0.0
INFO: 14-07-2022 19:17:17 printStatus(168) -- Drogno_0: connecting	battery: n.p.	kalman var: 0 0 0	 batterySag: 0	link quality: 0	flight time: 0s	pos 0.00 0.00 0.00	yaw: 0.00	msg/s 0.0
INFO: 14-07-2022 19:17:18 printStatus(168) -- Drogno_0: connecting	battery: n.p.	kalman var: 0 0 0	 batterySag: 0	link quality: 0	flight time: 0s	pos 0.00 0.00 0.00	yaw: 0.00	msg/s 0.0
INFO: 14-07-2022 19:17:19 printStatus(168) -- Drogno_0: connecting	battery: n.p.	kalman var: 0 0 0	 batterySag: 0	link quality: 0	flight time: 0s	pos 0.00 0.00 0.00	yaw: 0.00	msg/s 0.0
INFO: 14-07-2022 19:17:20 printStatus(168) -- Drogno_0: connecting	battery: n.p.	kalman var: 0 0 0	 batterySag: 0	link quality: 0	flight time: 0s	pos 0.00 0.00 0.00	yaw: 0.00	msg/s 0.0
INFO: 14-07-2022 19:17:21 printStatus(168) -- Drogno_0: connecting	battery: n.p.	kalman var: 0 0 0	 batterySag: 0	link quality: 0	flight time: 0s	pos 0.00 0.00 0.00	yaw: 0.00	msg/s 0.0
INFO: 14-07-2022 19:17:23 printStatus(168) -- Drogno_0: connecting	battery: n.p.	kalman var: 0 0 0	 batterySag: 0	link quality: 0	flight time: 0s	pos 0.00 0.00 0.00	yaw: 0.00	msg/s 0.0
INFO: 14-07-2022 19:17:24 printStatus(168) -- Drogno_0: connecting	battery: n.p.	kalman var: 0 0 0	 batterySag: 0	link quality: 0	flight time: 0s	pos 0.00 0.00 0.00	yaw: 0.00	msg/s 0.0
INFO: 14-07-2022 19:17:25 printStatus(168) -- Drogno_0: connecting	battery: n.p.	kalman var: 0 0 0	 batterySag: 0	link quality: 0	flight time: 0s	pos 0.00 0.00 0.00	yaw: 0.00	msg/s 0.0
INFO: 14-07-2022 19:17:26 printStatus(168) -- Drogno_0: connecting	battery: n.p.	kalman var: 0 0 0	 batterySag: 0	link quality: 0	flight time: 0s	pos 0.00 0.00 0.00	yaw: 0.00	msg/s 0.0
INFO: 14-07-2022 19:17:27 printStatus(168) -- Drogno_0: connecting	battery: n.p.	kalman var: 0 0 0	 batterySag: 0	link quality: 0	flight time: 0s	pos 0.00 0.00 0.00	yaw: 0.00	msg/s 0.0
INFO: 14-07-2022 19:17:28 printStatus(168) -- Drogno_0: connecting	battery: n.p.	kalman var: 0 0 0	 batterySag: 0	link quality: 0	flight time: 0s	pos 0.00 0.00 0.00	yaw: 0.00	msg/s 0.0
INFO: 14-07-2022 19:17:30 printStatus(168) -- Drogno_0: connecting	battery: n.p.	kalman var: 0 0 0	 batterySag: 0	link quality: 0	flight time: 0s	pos 0.00 0.00 0.00	yaw: 0.00	msg/s 0.0
INFO: 14-07-2022 19:17:31 printStatus(168) -- Drogno_0: ready	battery: 3.630859375	kalman var: 0.0 0.0 0.0	 batterySag: 0	link quality: 35	flight time: 0s	pos 0.01 -0.01 -0.00	yaw: 8.86	msg/s 0.0
INFO: 14-07-2022 19:17:32 printStatus(168) -- Drogno_0: ready	battery: 3.63671875	kalman var: 0.0 0.0 0.0	 batterySag: 0	link quality: 35	flight time: 0s	pos 0.01 0.08 -0.05	yaw: 2.96	msg/s 0.0
INFO: 14-07-2022 19:17:33 printStatus(168) -- Drogno_0: ready	battery: 3.63671875	kalman var: 0.0 0.0 0.0	 batterySag: 0	link quality: 35	flight time: 0s	pos 0.01 -0.01 -0.00	yaw: 7.96	msg/s 0.0
INFO: 14-07-2022 19:17:34 printStatus(168) -- Drogno_0: ready	battery: 3.63671875	kalman var: 0.0 0.0 0.0	 batterySag: 0	link quality: 35	flight time: 0s	pos 0.01 -0.01 -0.00	yaw: 8.59	msg/s 0.0
INFO: 14-07-2022 19:17:35 printStatus(168) -- Drogno_0: ready	battery: 3.63671875	kalman var: 0.0 0.0 0.0	 batterySag: 0	link quality: 35	flight time: 0s	pos -0.01 0.00 0.02	yaw: -2.74	msg/s 0.0
INFO: 14-07-2022 19:17:37 printStatus(168) -- Drogno_0: ready	battery: 3.63671875	kalman var: 0.0 0.0 0.0	 batterySag: 0	link quality: 35	flight time: 0s	pos -0.17 0.03 0.01	yaw: 8.41	msg/s 0.0
INFO: 14-07-2022 19:17:38 printStatus(168) -- Drogno_0: ready	battery: 3.63671875	kalman var: 0.0 0.0 0.0	 batterySag: 0	link quality: 35	flight time: 0s	pos -0.18 0.03 0.00	yaw: 8.73	msg/s 0.0
INFO: 14-07-2022 19:17:39 printStatus(168) -- Drogno_0: ready	battery: 3.63671875	kalman var: 0.0 0.0 0.0	 batterySag: 0	link quality: 35	flight time: 0s	pos -0.04 0.04 0.03	yaw: 13.93	msg/s 0.0
INFO: 14-07-2022 19:17:40 printStatus(168) -- Drogno_0: ready	battery: 3.63671875	kalman var: 0.0 0.0 0.0	 batterySag: 0	link quality: 35	flight time: 0s	pos 0.10 0.02 0.03	yaw: 3.79	msg/s 0.0
INFO: 14-07-2022 19:17:41 printStatus(168) -- Drogno_0: ready	battery: 3.63671875	kalman var: 0.0 0.0 0.0	 batterySag: 0	link quality: 35	flight time: 0s	pos 0.10 0.02 0.03	yaw: 2.84	msg/s 0.0
INFO: 14-07-2022 19:17:42 printStatus(168) -- Drogno_0: ready	battery: 3.63671875	kalman var: 0.0 0.0 0.0	 batterySag: 0	link quality: 37	flight time: 0s	pos 0.09 0.03 0.13	yaw: 2.36	msg/s 0.0
INFO: 14-07-2022 19:17:44 printStatus(168) -- Drogno_0: ready	battery: 3.63671875	kalman var: 0.0 0.001 0.0	 batterySag: 0	link quality: 42	flight time: 0s	pos 0.07 0.05 0.15	yaw: 3.27	msg/s 0.0
INFO: 14-07-2022 19:17:45 printStatus(168) -- Drogno_0: ready	battery: 3.63671875	kalman var: 0.0 0.0 0.0	 batterySag: 0	link quality: 45	flight time: 0s	pos 0.03 0.06 0.17	yaw: -2.02	msg/s 0.0
INFO: 14-07-2022 19:17:46 printStatus(168) -- Drogno_0: ready	battery: 3.63671875	kalman var: 0.001 0.002 0.001	 batterySag: 0	link quality: 37	flight time: 0s	pos -0.17 0.17 0.10	yaw: -1.97	msg/s 0.0
INFO: 14-07-2022 19:17:47 printStatus(168) -- Drogno_0: ready	battery: 3.63671875	kalman var: 0.0 0.0 0.0	 batterySag: 0	link quality: 35	flight time: 0s	pos -0.22 0.18 0.11	yaw: 2.58	msg/s 0.0
INFO: 14-07-2022 19:17:48 printStatus(168) -- Drogno_0: ready	battery: 3.63671875	kalman var: 0.001 0.001 0.001	 batterySag: 0	link quality: 35	flight time: 0s	pos -0.21 0.19 0.11	yaw: 2.81	msg/s 0.0
INFO: 14-07-2022 19:17:50 printStatus(168) -- Drogno_0: ready	battery: 3.63671875	kalman var: 0.0 0.0 0.0	 batterySag: 0	link quality: 35	flight time: 0s	pos -0.22 0.18 0.11	yaw: 3.19	msg/s 0.0
INFO: 14-07-2022 19:17:51 printStatus(168) -- Drogno_0: ready	battery: 3.63671875	kalman var: 0.0 0.0 0.0	 batterySag: 0	link quality: 44	flight time: 0s	pos -0.05 0.02 0.10	yaw: -2.99	msg/s 0.0
INFO: 14-07-2022 19:17:52 printStatus(168) -- Drogno_0: ready	battery: 3.63671875	kalman var: 0.0 0.0 0.0	 batterySag: 0	link quality: 44	flight time: 0s	pos -0.04 0.00 0.11	yaw: -0.71	msg/s 0.0
INFO: 14-07-2022 19:17:53 printStatus(168) -- Drogno_0: ready	battery: 3.630859375	kalman var: 0.0 0.0 0.0	 batterySag: 0	link quality: 35	flight time: 0s	pos -0.06 0.02 0.03	yaw: -56.09	msg/s 0.0
INFO: 14-07-2022 19:17:54 printStatus(168) -- Drogno_0: ready	battery: 3.63671875	kalman var: 0.003 0.003 0.002	 batterySag: 0	link quality: 40	flight time: 0s	pos -0.12 0.05 0.00	yaw: -73.94	msg/s 0.0
INFO: 14-07-2022 19:17:55 printStatus(168) -- Drogno_0: BAD kalman	battery: 3.63671875	kalman var: 0.01 0.01 0.003	 batterySag: 0	link quality: 40	flight time: 0s	pos -0.13 0.13 -0.05	yaw: -76.62	msg/s 0.0
INFO: 14-07-2022 19:17:57 printStatus(168) -- Drogno_0: BAD kalman	battery: 3.63671875	kalman var: 0.025 0.025 0.004	 batterySag: 0	link quality: 38	flight time: 0s	pos -0.00 0.27 -0.13	yaw: -71.50	msg/s 0.0
INFO: 14-07-2022 19:17:58 printStatus(168) -- Drogno_0: ready	battery: 3.63671875	kalman var: 0.001 0.001 0.001	 batterySag: 0	link quality: 39	flight time: 0s	pos -0.23 0.28 -0.21	yaw: -99.94	msg/s 0.0
INFO: 14-07-2022 19:17:59 printStatus(168) -- Drogno_0: ready	battery: 3.63671875	kalman var: 0.0 0.0 0.0	 batterySag: 0	link quality: 42	flight time: 0s	pos -0.12 0.02 0.01	yaw: -104.19	msg/s 0.0
INFO: 14-07-2022 19:18:00 printStatus(168) -- Drogno_0: ready	battery: 3.63671875	kalman var: 0.0 0.0 0.0	 batterySag: 0	link quality: 37	flight time: 0s	pos -0.10 -0.01 0.03	yaw: -95.19	msg/s 0.0
INFO: 14-07-2022 19:18:01 printStatus(168) -- Drogno_0: ready	battery: 3.63671875	kalman var: 0.001 0.0 0.001	 batterySag: 0	link quality: 38	flight time: 0s	pos -0.09 -0.01 0.04	yaw: -91.81	msg/s 0.0
INFO: 14-07-2022 19:18:02 printStatus(168) -- Drogno_0: ready	battery: 3.63671875	kalman var: 0.0 0.0 0.0	 batterySag: 0	link quality: 37	flight time: 0s	pos -0.10 -0.01 0.03	yaw: -91.38	msg/s 0.0
INFO: 14-07-2022 19:18:04 printStatus(168) -- Drogno_0: ready	battery: 3.63671875	kalman var: 0.0 0.0 0.0	 batterySag: 0	link quality: 36	flight time: 0s	pos -0.10 -0.01 0.03	yaw: -91.75	msg/s 0.0
INFO: 14-07-2022 19:18:05 printStatus(168) -- Drogno_0: ready	battery: 3.63671875	kalman var: 0.0 0.0 0.0	 batterySag: 0	link quality: 35	flight time: 0s	pos -0.01 -0.00 -0.00	yaw: -0.33	msg/s 0.0
INFO: 14-07-2022 19:18:06 printStatus(168) -- Drogno_0: ready	battery: 3.63671875	kalman var: 0.001 0.001 0.001	 batterySag: 0	link quality: 35	flight time: 0s	pos 0.00 0.01 -0.01	yaw: 1.42	msg/s 0.0
INFO: 14-07-2022 19:18:07 printStatus(168) -- Drogno_0: ready	battery: 3.630859375	kalman var: 0.0 0.0 0.0	 batterySag: 0	link quality: 35	flight time: 0s	pos -0.01 -0.00 -0.00	yaw: 0.48	msg/s 0.0
INFO: 14-07-2022 19:18:08 printStatus(168) -- Drogno_0: ready	battery: 3.63671875	kalman var: 0.0 0.0 0.0	 batterySag: 0	link quality: 35	flight time: 0s	pos -0.01 -0.00 -0.00	yaw: 0.47	msg/s 0.0
INFO: 14-07-2022 19:18:10 printStatus(168) -- Drogno_0: ready	battery: 3.63671875	kalman var: 0.0 0.0 0.0	 batterySag: 0	link quality: 35	flight time: 0s	pos -0.01 -0.00 -0.00	yaw: 0.47	msg/s 0.0
INFO: 14-07-2022 19:18:11 printStatus(168) -- Drogno_0: ready	battery: 3.63671875	kalman var: 0.0 0.0 0.0	 batterySag: 0	link quality: 39	flight time: 0s	pos -0.01 -0.00 -0.00	yaw: 0.48	msg/s 0.0
INFO: 14-07-2022 19:18:12 printStatus(168) -- Drogno_0: ready	battery: 3.63671875	kalman var: 0.0 0.0 0.0	 batterySag: 0	link quality: 35	flight time: 0s	pos -0.01 -0.00 -0.00	yaw: 0.45	msg/s 0.0
INFO: 14-07-2022 19:18:13 printStatus(168) -- Drogno_0: ready	battery: 3.63671875	kalman var: 0.0 0.0 0.0	 batterySag: 0	link quality: 35	flight time: 0s	pos -0.01 -0.00 -0.00	yaw: 0.44	msg/s 0.0
