INFO: 2021-10-09 18:09:56 __init__(134) -- This is dronelog running on Drogno_7
INFO: 2021-10-09 18:09:56 printStatus(172) -- Started
INFO: 2021-10-09 18:09:58 printStatus(175) -- Drogno_7: connecting		battery n.p.	pos 0.00 0.00 0.00	yaw: 0.00	msg/s 0.0	link quality: 0	kalman var: 0 0 0	flight time: 0s	 batterySag: 0
INFO: 2021-10-09 18:09:59 printStatus(175) -- Drogno_7: connecting		battery n.p.	pos 0.00 0.00 0.00	yaw: 0.00	msg/s 0.0	link quality: 0	kalman var: 0 0 0	flight time: 0s	 batterySag: 0
INFO: 2021-10-09 18:10:01 printStatus(175) -- Drogno_7: landed		battery n.p.	pos 0.00 0.00 0.00	yaw: 0.00	msg/s 0.0	link quality: 0	kalman var: 0 0 0	flight time: 0s	 batterySag: 0
INFO: 2021-10-09 18:10:03 printStatus(175) -- Drogno_7: landed		battery n.p.	pos 0.00 0.00 0.00	yaw: 0.00	msg/s 0.0	link quality: 0	kalman var: 0 0 0	flight time: 0s	 batterySag: 0
INFO: 2021-10-09 18:10:04 printStatus(175) -- Drogno_7: ready		battery 3.8	pos 1.07 0.07 -0.03	yaw: 37.53	msg/s 0.0	link quality: 46	kalman var: 0.001 0.001 0.0	flight time: 0s	 batterySag: 0.6015625
INFO: 2021-10-09 18:10:06 printStatus(175) -- Drogno_7: ready		battery 3.8	pos 1.06 0.07 -0.03	yaw: 40.06	msg/s 0.0	link quality: 47	kalman var: 0.0 0.0 0.0	flight time: 0s	 batterySag: 0.6015625
INFO: 2021-10-09 18:10:07 printStatus(175) -- Drogno_7: ready		battery 3.8	pos 1.06 0.07 -0.03	yaw: 40.09	msg/s 0.0	link quality: 47	kalman var: 0.0 0.0 0.0	flight time: 0s	 batterySag: 0.6015625
INFO: 2021-10-09 18:10:09 printStatus(175) -- Drogno_7: ready		battery 3.8	pos 1.06 0.07 -0.03	yaw: 40.00	msg/s 0.0	link quality: 47	kalman var: 0.0 0.0 0.0	flight time: 0s	 batterySag: 0.6015625
INFO: 2021-10-09 18:10:10 printStatus(175) -- Drogno_7: ready		battery 3.8	pos 1.06 0.07 -0.03	yaw: 40.16	msg/s 0.0	link quality: 47	kalman var: 0.0 0.0 0.0	flight time: 0s	 batterySag: 0.6015625
INFO: 2021-10-09 18:10:12 printStatus(175) -- Drogno_7: ready		battery 3.56	pos 1.06 0.07 -0.03	yaw: 39.94	msg/s 0.0	link quality: 46	kalman var: 0.001 0.001 0.001	flight time: 0s	 batterySag: 0.6015625
INFO: 2021-10-09 18:10:13 printStatus(175) -- Drogno_7: ready		battery 3.46	pos 1.08 0.10 0.10	yaw: 20.38	msg/s 0.0	link quality: 44	kalman var: 0.0 0.0 0.0	flight time: 0s	 batterySag: 0.6015625
INFO: 2021-10-09 18:10:15 printStatus(175) -- Drogno_7: ready		battery 3.49	pos 1.06 0.06 0.86	yaw: -1.18	msg/s 0.0	link quality: 46	kalman var: 0.001 0.001 0.001	flight time: 2s	 batterySag: 0.6015625
INFO: 2021-10-09 18:10:17 printStatus(175) -- Drogno_7: ready		battery 3.47	pos 1.07 0.07 0.87	yaw: -0.81	msg/s 0.0	link quality: 50	kalman var: 0.0 0.0 0.0	flight time: 3s	 batterySag: 0.6015625
INFO: 2021-10-09 18:10:18 printStatus(175) -- Drogno_7: ready		battery 3.47	pos 1.06 0.07 0.86	yaw: -0.00	msg/s 0.0	link quality: 52	kalman var: 0.0 0.0 0.0	flight time: 5s	 batterySag: 0.6015625
INFO: 2021-10-09 18:10:20 printStatus(175) -- Drogno_7: ready		battery 3.45	pos 1.06 0.06 0.83	yaw: 0.20	msg/s 0.0	link quality: 46	kalman var: 0.0 0.0 0.0	flight time: 6s	 batterySag: 0.6015625
INFO: 2021-10-09 18:10:21 printStatus(175) -- Drogno_7: ready		battery 3.44	pos 1.07 0.06 0.83	yaw: 0.24	msg/s 0.0	link quality: 50	kalman var: 0.0 0.0 0.0	flight time: 8s	 batterySag: 0.6015625
INFO: 2021-10-09 18:10:23 printStatus(175) -- Drogno_7: ready		battery 3.44	pos 1.07 0.07 0.82	yaw: -0.18	msg/s 0.0	link quality: 51	kalman var: 0.0 0.0 0.0	flight time: 10s	 batterySag: 0.6015625
INFO: 2021-10-09 18:10:24 printStatus(175) -- Drogno_7: ready		battery 3.44	pos 1.07 0.06 0.82	yaw: -0.26	msg/s 0.0	link quality: 55	kalman var: 0.0 0.0 0.0	flight time: 11s	 batterySag: 0.6015625
INFO: 2021-10-09 18:10:26 printStatus(175) -- Drogno_7: ready		battery 3.42	pos 1.07 0.07 0.81	yaw: -0.52	msg/s 0.0	link quality: 53	kalman var: 0.0 0.0 0.0	flight time: 13s	 batterySag: 0.6015625
INFO: 2021-10-09 18:10:28 printStatus(175) -- Drogno_7: ready		battery 3.42	pos 1.07 0.07 0.80	yaw: -0.24	msg/s 0.0	link quality: 51	kalman var: 0.0 0.0 0.0	flight time: 14s	 batterySag: 0.6015625
INFO: 2021-10-09 18:10:29 printStatus(175) -- Drogno_7: ready		battery 3.42	pos 1.07 0.07 0.80	yaw: -0.52	msg/s 16.666666666666668	link quality: 52	kalman var: 0.0 0.0 0.0	flight time: 16s	 batterySag: 0.6015625
INFO: 2021-10-09 18:10:31 printStatus(175) -- Drogno_7: ready		battery 3.41	pos 1.06 0.07 0.80	yaw: -0.42	msg/s 22.0	link quality: 48	kalman var: 0.0 0.0 0.0	flight time: 17s	 batterySag: 0.6015625
INFO: 2021-10-09 18:10:32 printStatus(175) -- Drogno_7: ready		battery 3.41	pos 1.07 0.06 0.80	yaw: -0.41	msg/s 22.666666666666668	link quality: 51	kalman var: 0.0 0.0 0.0	flight time: 19s	 batterySag: 0.6015625
INFO: 2021-10-09 18:10:34 printStatus(175) -- Drogno_7: ready		battery 3.4	pos 1.06 0.07 0.80	yaw: -0.24	msg/s 22.0	link quality: 51	kalman var: 0.001 0.001 0.001	flight time: 20s	 batterySag: 0.6015625
INFO: 2021-10-09 18:10:35 printStatus(175) -- Drogno_7: ready		battery 3.4	pos 1.07 0.07 0.80	yaw: -0.09	msg/s 22.0	link quality: 49	kalman var: 0.0 0.0 0.0	flight time: 22s	 batterySag: 0.6015625
INFO: 2021-10-09 18:10:37 printStatus(175) -- Drogno_7: ready		battery 3.4	pos 1.07 0.07 0.80	yaw: 0.07	msg/s 22.666666666666668	link quality: 53	kalman var: 0.0 0.0 0.0	flight time: 23s	 batterySag: 0.6015625
INFO: 2021-10-09 18:10:38 printStatus(175) -- Drogno_7: ready		battery 3.4	pos 1.07 0.06 0.80	yaw: 0.07	msg/s 22.0	link quality: 53	kalman var: 0.0 0.0 0.0	flight time: 25s	 batterySag: 0.6015625
INFO: 2021-10-09 18:10:40 printStatus(175) -- Drogno_7: ready		battery 3.39	pos 1.06 0.07 0.80	yaw: 0.06	msg/s 22.0	link quality: 51	kalman var: 0.0 0.0 0.0	flight time: 27s	 batterySag: 0.6015625
INFO: 2021-10-09 18:10:41 printStatus(175) -- Drogno_7: ready		battery 3.39	pos 1.06 0.07 0.80	yaw: -0.10	msg/s 22.0	link quality: 50	kalman var: 0.0 0.0 0.0	flight time: 28s	 batterySag: 0.6015625
INFO: 2021-10-09 18:10:43 printStatus(175) -- Drogno_7: ready		battery 3.39	pos 1.06 0.06 0.80	yaw: -0.08	msg/s 21.333333333333332	link quality: 49	kalman var: 0.0 0.0 0.0	flight time: 30s	 batterySag: 0.6015625
INFO: 2021-10-09 18:10:44 printStatus(175) -- Drogno_7: ready		battery 3.39	pos 1.06 0.07 0.80	yaw: 0.17	msg/s 22.0	link quality: 48	kalman var: 0.0 0.0 0.0	flight time: 31s	 batterySag: 0.6015625
INFO: 2021-10-09 18:10:46 printStatus(175) -- Drogno_7: ready		battery 3.39	pos 1.07 0.06 0.80	yaw: 0.08	msg/s 22.666666666666668	link quality: 54	kalman var: 0.0 0.0 0.0	flight time: 33s	 batterySag: 0.6015625
INFO: 2021-10-09 18:10:48 printStatus(175) -- Drogno_7: ready		battery 3.39	pos 1.07 0.06 0.80	yaw: -0.10	msg/s 22.666666666666668	link quality: 55	kalman var: 0.0 0.0 0.0	flight time: 34s	 batterySag: 0.6015625
INFO: 2021-10-09 18:10:49 printStatus(175) -- Drogno_7: ready		battery 3.38	pos 1.07 0.06 0.80	yaw: -0.04	msg/s 22.0	link quality: 53	kalman var: 0.0 0.0 0.0	flight time: 36s	 batterySag: 0.6015625
INFO: 2021-10-09 18:10:51 printStatus(175) -- Drogno_7: ready		battery 3.38	pos 1.07 0.06 0.80	yaw: 0.08	msg/s 22.666666666666668	link quality: 51	kalman var: 0.0 0.0 0.0	flight time: 37s	 batterySag: 0.6015625
INFO: 2021-10-09 18:10:52 printStatus(175) -- Drogno_7: ready		battery 3.38	pos 1.06 0.07 0.80	yaw: -0.05	msg/s 22.0	link quality: 49	kalman var: 0.0 0.0 0.0	flight time: 39s	 batterySag: 0.6015625
INFO: 2021-10-09 18:10:54 printStatus(175) -- Drogno_7: ready		battery 3.38	pos 1.06 0.07 0.80	yaw: 0.29	msg/s 22.666666666666668	link quality: 49	kalman var: 0.0 0.0 0.0	flight time: 40s	 batterySag: 0.6015625
INFO: 2021-10-09 18:10:55 printStatus(175) -- Drogno_7: ready		battery 3.38	pos 1.07 0.07 0.80	yaw: 0.67	msg/s 22.0	link quality: 51	kalman var: 0.0 0.0 0.0	flight time: 42s	 batterySag: 0.6015625
INFO: 2021-10-09 18:10:57 printStatus(175) -- Drogno_7: ready		battery 3.38	pos 1.07 0.07 0.80	yaw: 0.99	msg/s 22.666666666666668	link quality: 51	kalman var: 0.0 0.0 0.0	flight time: 44s	 batterySag: 0.6015625
INFO: 2021-10-09 18:10:58 printStatus(175) -- Drogno_7: ready		battery 3.38	pos 1.07 0.07 0.80	yaw: 0.35	msg/s 22.0	link quality: 53	kalman var: 0.0 0.0 0.0	flight time: 45s	 batterySag: 0.6015625
INFO: 2021-10-09 18:11:00 printStatus(175) -- Drogno_7: ready		battery 3.37	pos 1.07 0.07 0.80	yaw: 0.40	msg/s 22.0	link quality: 52	kalman var: 0.0 0.0 0.0	flight time: 47s	 batterySag: 0.6015625
INFO: 2021-10-09 18:11:01 printStatus(175) -- Drogno_7: ready		battery 3.38	pos 1.06 0.06 0.80	yaw: 0.23	msg/s 22.666666666666668	link quality: 51	kalman var: 0.0 0.0 0.0	flight time: 48s	 batterySag: 0.6015625
INFO: 2021-10-09 18:11:03 printStatus(175) -- Drogno_7: ready		battery 3.36	pos 1.06 0.07 0.79	yaw: -0.13	msg/s 22.666666666666668	link quality: 53	kalman var: 0.0 0.0 0.0	flight time: 50s	 batterySag: 0.6015625
INFO: 2021-10-09 18:11:04 printStatus(175) -- Drogno_7: ready		battery 3.37	pos 1.07 0.07 0.80	yaw: -0.62	msg/s 22.666666666666668	link quality: 53	kalman var: 0.0 0.0 0.0	flight time: 51s	 batterySag: 0.6015625
INFO: 2021-10-09 18:11:06 printStatus(175) -- Drogno_7: ready		battery 3.37	pos 1.06 0.07 0.79	yaw: 0.10	msg/s 22.666666666666668	link quality: 46	kalman var: 0.0 0.0 0.0	flight time: 53s	 batterySag: 0.6015625
INFO: 2021-10-09 18:11:08 printStatus(175) -- Drogno_7: ready		battery 3.37	pos 1.06 0.06 0.80	yaw: 0.04	msg/s 22.666666666666668	link quality: 51	kalman var: 0.0 0.0 0.0	flight time: 54s	 batterySag: 0.6015625
INFO: 2021-10-09 18:11:09 printStatus(175) -- Drogno_7: ready		battery 3.37	pos 1.07 0.06 0.80	yaw: -0.13	msg/s 22.0	link quality: 53	kalman var: 0.0 0.0 0.0	flight time: 56s	 batterySag: 0.6015625
INFO: 2021-10-09 18:11:11 printStatus(175) -- Drogno_7: ready		battery 3.37	pos 1.06 0.06 0.80	yaw: 0.20	msg/s 22.0	link quality: 49	kalman var: 0.0 0.0 0.0	flight time: 57s	 batterySag: 0.6015625
INFO: 2021-10-09 18:11:12 printStatus(175) -- Drogno_7: ready		battery 3.37	pos 1.06 0.07 0.80	yaw: 0.15	msg/s 22.666666666666668	link quality: 50	kalman var: 0.0 0.0 0.0	flight time: 59s	 batterySag: 0.6015625
INFO: 2021-10-09 18:11:14 printStatus(175) -- Drogno_7: ready		battery 3.36	pos 1.07 0.06 0.80	yaw: -1.47	msg/s 22.666666666666668	link quality: 53	kalman var: 0.0 0.0 0.0	flight time: 60s	 batterySag: 0.6015625
INFO: 2021-10-09 18:11:15 printStatus(175) -- Drogno_7: ready		battery 3.37	pos 1.06 0.07 0.80	yaw: -1.23	msg/s 22.666666666666668	link quality: 47	kalman var: 0.001 0.001 0.001	flight time: 62s	 batterySag: 0.6015625
INFO: 2021-10-09 18:11:17 printStatus(175) -- Drogno_7: ready		battery 3.36	pos 1.06 0.07 0.80	yaw: -0.81	msg/s 22.666666666666668	link quality: 51	kalman var: 0.0 0.0 0.0	flight time: 64s	 batterySag: 0.6015625
INFO: 2021-10-09 18:11:18 printStatus(175) -- Drogno_7: ready		battery 3.36	pos 1.06 0.06 0.80	yaw: -0.73	msg/s 22.666666666666668	link quality: 53	kalman var: 0.0 0.0 0.001	flight time: 65s	 batterySag: 0.6015625
INFO: 2021-10-09 18:11:20 printStatus(175) -- Drogno_7: ready		battery 3.36	pos 1.07 0.07 0.80	yaw: -1.15	msg/s 22.666666666666668	link quality: 54	kalman var: 0.0 0.0 0.0	flight time: 67s	 batterySag: 0.6015625
INFO: 2021-10-09 18:11:21 printStatus(175) -- Drogno_7: ready		battery 3.36	pos 1.06 0.06 0.80	yaw: -0.62	msg/s 22.0	link quality: 49	kalman var: 0.0 0.0 0.0	flight time: 68s	 batterySag: 0.6015625
INFO: 2021-10-09 18:11:23 printStatus(175) -- Drogno_7: ready		battery 3.36	pos 1.06 0.07 0.80	yaw: 0.42	msg/s 22.0	link quality: 47	kalman var: 0.0 0.0 0.0	flight time: 70s	 batterySag: 0.6015625
INFO: 2021-10-09 18:11:24 printStatus(175) -- Drogno_7: ready		battery 3.36	pos 1.06 0.07 0.80	yaw: 0.67	msg/s 22.666666666666668	link quality: 46	kalman var: 0.0 0.0 0.0	flight time: 71s	 batterySag: 0.6015625
INFO: 2021-10-09 18:11:26 printStatus(175) -- Drogno_7: ready		battery 3.35	pos 1.06 0.07 0.80	yaw: -0.04	msg/s 22.0	link quality: 47	kalman var: 0.0 0.0 0.0	flight time: 73s	 batterySag: 0.6015625
INFO: 2021-10-09 18:11:28 printStatus(175) -- Drogno_7: ready		battery 3.35	pos 1.07 0.07 0.80	yaw: 0.66	msg/s 22.0	link quality: 52	kalman var: 0.0 0.0 0.0	flight time: 74s	 batterySag: 0.6015625
INFO: 2021-10-09 18:11:29 printStatus(175) -- Drogno_7: ready		battery 3.35	pos 1.05 0.06 0.79	yaw: 1.60	msg/s 22.666666666666668	link quality: 44	kalman var: 0.0 0.0 0.0	flight time: 76s	 batterySag: 0.6015625
INFO: 2021-10-09 18:11:31 printStatus(175) -- Drogno_7: ready		battery 3.35	pos 1.07 0.07 0.80	yaw: 1.36	msg/s 22.0	link quality: 53	kalman var: 0.0 0.0 0.0	flight time: 77s	 batterySag: 0.6015625
INFO: 2021-10-09 18:11:32 printStatus(175) -- Drogno_7: ready		battery 3.35	pos 1.07 0.07 0.80	yaw: 1.06	msg/s 22.0	link quality: 49	kalman var: 0.0 0.0 0.0	flight time: 79s	 batterySag: 0.6015625
INFO: 2021-10-09 18:11:34 printStatus(175) -- Drogno_7: ready		battery 3.35	pos 1.07 0.07 0.80	yaw: -1.04	msg/s 22.666666666666668	link quality: 53	kalman var: 0.0 0.0 0.0	flight time: 80s	 batterySag: 0.6015625
INFO: 2021-10-09 18:11:35 printStatus(175) -- Drogno_7: ready		battery 3.35	pos 1.06 0.06 0.80	yaw: -1.07	msg/s 22.0	link quality: 53	kalman var: 0.0 0.0 0.0	flight time: 82s	 batterySag: 0.6015625
INFO: 2021-10-09 18:11:37 printStatus(175) -- Drogno_7: ready		battery 3.35	pos 1.06 0.07 0.80	yaw: -0.55	msg/s 22.0	link quality: 49	kalman var: 0.0 0.0 0.0	flight time: 83s	 batterySag: 0.6015625
INFO: 2021-10-09 18:11:38 printStatus(175) -- Drogno_7: landed		battery 3.34	pos 1.07 0.06 0.80	yaw: -0.14	msg/s 22.0	link quality: 54	kalman var: 0.001 0.001 0.001	flight time: 85s	 batterySag: 0.6015625
INFO: 2021-10-09 18:11:40 printStatus(175) -- Drogno_7: ready		battery 3.38	pos 1.06 0.06 0.73	yaw: 0.65	msg/s 22.666666666666668	link quality: 49	kalman var: 0.0 0.0 0.0	flight time: 85s	 batterySag: 0.6015625
INFO: 2021-10-09 18:11:41 printStatus(175) -- Drogno_7: ready		battery 3.31	pos 1.06 0.06 0.16	yaw: 3.57	msg/s 22.666666666666668	link quality: 43	kalman var: 0.0 0.0 0.0	flight time: 85s	 batterySag: 0.6015625
INFO: 2021-10-09 18:11:43 printStatus(175) -- Drogno_7: ready		battery 3.65	pos 1.08 0.09 -0.03	yaw: 2.41	msg/s 22.666666666666668	link quality: 50	kalman var: 0.0 0.0 0.0	flight time: 85s	 batterySag: 0.6015625
INFO: 2021-10-09 18:11:45 printStatus(175) -- Drogno_7: ready		battery 3.66	pos 1.07 0.08 -0.03	yaw: 2.63	msg/s 22.0	link quality: 50	kalman var: 0.0 0.0 0.0	flight time: 85s	 batterySag: 0.6015625
INFO: 2021-10-09 18:11:46 printStatus(175) -- Drogno_7: ready		battery 3.67	pos 1.07 0.08 -0.02	yaw: 2.55	msg/s 22.666666666666668	link quality: 50	kalman var: 0.001 0.001 0.001	flight time: 85s	 batterySag: 0.6015625
INFO: 2021-10-09 18:11:48 printStatus(175) -- Drogno_7: ready		battery 3.68	pos 1.07 0.08 -0.03	yaw: 2.52	msg/s 22.0	link quality: 50	kalman var: 0.001 0.001 0.001	flight time: 85s	 batterySag: 0.6015625
INFO: 2021-10-09 18:11:49 printStatus(175) -- Drogno_7: ready		battery 3.68	pos 1.07 0.08 -0.03	yaw: 2.63	msg/s 22.666666666666668	link quality: 50	kalman var: 0.0 0.0 0.0	flight time: 85s	 batterySag: 0.6015625
INFO: 2021-10-09 18:11:51 printStatus(175) -- Drogno_7: ready		battery 3.69	pos 1.07 0.08 -0.03	yaw: 2.57	msg/s 22.0	link quality: 50	kalman var: 0.0 0.0 0.0	flight time: 85s	 batterySag: 0.6015625
INFO: 2021-10-09 18:11:52 printStatus(175) -- Drogno_7: ready		battery 3.69	pos 1.07 0.08 -0.03	yaw: 2.53	msg/s 22.0	link quality: 50	kalman var: 0.0 0.0 0.0	flight time: 85s	 batterySag: 0.6015625
INFO: 2021-10-09 18:11:54 printStatus(175) -- Drogno_7: ready		battery 3.7	pos 1.07 0.08 -0.03	yaw: 2.55	msg/s 22.0	link quality: 50	kalman var: 0.0 0.0 0.0	flight time: 85s	 batterySag: 0.6015625
INFO: 2021-10-09 18:11:55 printStatus(175) -- Drogno_7: ready		battery 3.7	pos 1.07 0.08 -0.03	yaw: 2.54	msg/s 22.666666666666668	link quality: 50	kalman var: 0.0 0.0 0.0	flight time: 85s	 batterySag: 0.6015625
INFO: 2021-10-09 18:11:57 printStatus(175) -- Drogno_7: ready		battery 3.7	pos 1.07 0.08 -0.02	yaw: 2.46	msg/s 22.666666666666668	link quality: 50	kalman var: 0.001 0.001 0.001	flight time: 85s	 batterySag: 0.6015625
INFO: 2021-10-09 18:11:58 printStatus(175) -- Drogno_7: ready		battery 3.7	pos 1.07 0.08 -0.02	yaw: 2.48	msg/s 22.0	link quality: 50	kalman var: 0.001 0.001 0.001	flight time: 85s	 batterySag: 0.6015625
INFO: 2021-10-09 18:12:00 printStatus(175) -- Drogno_7: ready		battery 3.7	pos 1.08 0.08 -0.02	yaw: 2.60	msg/s 22.0	link quality: 49	kalman var: 0.001 0.001 0.001	flight time: 85s	 batterySag: 0.6015625
INFO: 2021-10-09 18:12:01 printStatus(175) -- Drogno_7: ready		battery 3.7	pos 1.07 0.08 -0.03	yaw: 2.65	msg/s 22.666666666666668	link quality: 50	kalman var: 0.0 0.0 0.0	flight time: 85s	 batterySag: 0.6015625
INFO: 2021-10-09 18:12:03 printStatus(175) -- Drogno_7: ready		battery 3.71	pos 1.07 0.08 -0.03	yaw: 2.57	msg/s 22.666666666666668	link quality: 50	kalman var: 0.0 0.0 0.0	flight time: 85s	 batterySag: 0.6015625
INFO: 2021-10-09 18:12:05 printStatus(175) -- Drogno_7: ready		battery 3.71	pos 1.07 0.08 -0.03	yaw: 2.53	msg/s 22.666666666666668	link quality: 50	kalman var: 0.0 0.0 0.001	flight time: 85s	 batterySag: 0.6015625
INFO: 2021-10-09 18:12:06 printStatus(175) -- Drogno_7: ready		battery 3.71	pos 1.08 0.08 -0.02	yaw: 2.47	msg/s 22.666666666666668	link quality: 50	kalman var: 0.001 0.001 0.001	flight time: 85s	 batterySag: 0.6015625
INFO: 2021-10-09 18:12:08 printStatus(175) -- Drogno_7: ready		battery 3.71	pos 1.07 0.08 -0.03	yaw: 2.57	msg/s 22.0	link quality: 50	kalman var: 0.0 0.0 0.0	flight time: 85s	 batterySag: 0.6015625
INFO: 2021-10-09 18:12:09 printStatus(175) -- Drogno_7: ready		battery 3.71	pos 1.07 0.08 -0.03	yaw: 2.55	msg/s 22.0	link quality: 50	kalman var: 0.0 0.0 0.0	flight time: 85s	 batterySag: 0.6015625
INFO: 2021-10-09 18:12:11 printStatus(175) -- Drogno_7: ready		battery 3.71	pos 1.07 0.08 -0.03	yaw: 2.59	msg/s 22.666666666666668	link quality: 50	kalman var: 0.0 0.0 0.0	flight time: 85s	 batterySag: 0.6015625
INFO: 2021-10-09 18:12:12 printStatus(175) -- Drogno_7: ready		battery 3.71	pos 1.07 0.08 -0.03	yaw: 2.52	msg/s 22.666666666666668	link quality: 50	kalman var: 0.0 0.0 0.001	flight time: 85s	 batterySag: 0.6015625
INFO: 2021-10-09 18:12:14 printStatus(175) -- Drogno_7: ready		battery 3.71	pos 1.07 0.08 -0.02	yaw: 2.42	msg/s 22.0	link quality: 50	kalman var: 0.001 0.001 0.001	flight time: 85s	 batterySag: 0.6015625
INFO: 2021-10-09 18:12:15 printStatus(175) -- Drogno_7: ready		battery 3.71	pos 1.07 0.08 -0.02	yaw: 2.48	msg/s 22.666666666666668	link quality: 50	kalman var: 0.001 0.001 0.001	flight time: 85s	 batterySag: 0.6015625
INFO: 2021-10-09 18:12:17 printStatus(175) -- Drogno_7: ready		battery 3.71	pos 1.07 0.08 -0.03	yaw: 2.59	msg/s 22.0	link quality: 50	kalman var: 0.001 0.001 0.001	flight time: 85s	 batterySag: 0.6015625
INFO: 2021-10-09 18:12:18 printStatus(175) -- Drogno_7: ready		battery 3.71	pos 1.07 0.08 -0.03	yaw: 2.62	msg/s 22.666666666666668	link quality: 50	kalman var: 0.0 0.0 0.0	flight time: 85s	 batterySag: 0.6015625
INFO: 2021-10-09 18:12:20 printStatus(175) -- Drogno_7: ready		battery 3.71	pos 1.07 0.08 -0.03	yaw: 2.65	msg/s 22.666666666666668	link quality: 50	kalman var: 0.0 0.0 0.0	flight time: 85s	 batterySag: 0.6015625
INFO: 2021-10-09 18:12:22 printStatus(175) -- Drogno_7: ready		battery 3.71	pos 1.07 0.08 -0.03	yaw: 2.53	msg/s 22.0	link quality: 50	kalman var: 0.0 0.0 0.0	flight time: 85s	 batterySag: 0.6015625
INFO: 2021-10-09 18:12:23 printStatus(175) -- Drogno_7: ready		battery 3.71	pos 1.07 0.08 -0.03	yaw: 2.49	msg/s 22.666666666666668	link quality: 50	kalman var: 0.0 0.0 0.001	flight time: 85s	 batterySag: 0.6015625
INFO: 2021-10-09 18:12:25 printStatus(175) -- Drogno_7: ready		battery 3.71	pos 1.07 0.08 -0.02	yaw: 2.50	msg/s 22.0	link quality: 50	kalman var: 0.001 0.001 0.001	flight time: 85s	 batterySag: 0.6015625
INFO: 2021-10-09 18:12:26 printStatus(175) -- Drogno_7: ready		battery 3.71	pos 1.07 0.08 -0.03	yaw: 2.57	msg/s 21.333333333333332	link quality: 50	kalman var: 0.0 0.0 0.0	flight time: 85s	 batterySag: 0.6015625
INFO: 2021-10-09 18:12:28 printStatus(175) -- Drogno_7: ready		battery 3.71	pos 1.07 0.08 -0.03	yaw: 2.61	msg/s 22.666666666666668	link quality: 50	kalman var: 0.0 0.0 0.0	flight time: 85s	 batterySag: 0.6015625
INFO: 2021-10-09 18:12:29 printStatus(175) -- Drogno_7: ready		battery 3.72	pos 1.07 0.08 -0.03	yaw: 3.21	msg/s 22.666666666666668	link quality: 50	kalman var: 0.0 0.0 0.0	flight time: 85s	 batterySag: 0.6015625
INFO: 2021-10-09 18:12:31 printStatus(175) -- Drogno_7: ready		battery 3.71	pos 1.07 0.08 -0.03	yaw: 2.68	msg/s 22.0	link quality: 50	kalman var: 0.0 0.0 0.0	flight time: 85s	 batterySag: 0.6015625
INFO: 2021-10-09 18:12:32 printStatus(175) -- Drogno_7: ready		battery 3.71	pos 1.08 0.08 -0.02	yaw: 2.62	msg/s 22.0	link quality: 50	kalman var: 0.001 0.001 0.001	flight time: 85s	 batterySag: 0.6015625
INFO: 2021-10-09 18:12:34 printStatus(175) -- Drogno_7: ready		battery 3.72	pos 1.07 0.08 -0.03	yaw: 2.58	msg/s 22.666666666666668	link quality: 50	kalman var: 0.0 0.0 0.0	flight time: 85s	 batterySag: 0.6015625
INFO: 2021-10-09 18:12:35 printStatus(175) -- Drogno_7: ready		battery 3.71	pos 1.07 0.08 -0.03	yaw: 2.48	msg/s 22.0	link quality: 50	kalman var: 0.0 0.0 0.0	flight time: 85s	 batterySag: 0.6015625
INFO: 2021-10-09 18:12:37 printStatus(175) -- Drogno_7: ready		battery 3.72	pos 1.07 0.08 -0.03	yaw: 2.53	msg/s 22.0	link quality: 50	kalman var: 0.0 0.0 0.0	flight time: 85s	 batterySag: 0.6015625
INFO: 2021-10-09 18:12:38 printStatus(175) -- Drogno_7: ready		battery 3.72	pos 1.07 0.08 -0.02	yaw: 2.58	msg/s 22.0	link quality: 50	kalman var: 0.001 0.001 0.001	flight time: 85s	 batterySag: 0.6015625
INFO: 2021-10-09 18:12:40 printStatus(175) -- Drogno_7: ready		battery 3.72	pos 1.07 0.08 -0.02	yaw: 2.63	msg/s 22.666666666666668	link quality: 50	kalman var: 0.001 0.001 0.001	flight time: 85s	 batterySag: 0.6015625
INFO: 2021-10-09 18:12:41 printStatus(175) -- Drogno_7: ready		battery 3.72	pos 1.07 0.08 -0.03	yaw: 2.56	msg/s 22.666666666666668	link quality: 50	kalman var: 0.0 0.0 0.0	flight time: 85s	 batterySag: 0.6015625
INFO: 2021-10-09 18:12:43 printStatus(175) -- Drogno_7: ready		battery 3.72	pos 1.07 0.08 -0.03	yaw: 2.64	msg/s 22.0	link quality: 50	kalman var: 0.0 0.0 0.0	flight time: 85s	 batterySag: 0.6015625
INFO: 2021-10-09 18:12:45 printStatus(175) -- Drogno_7: ready		battery 3.72	pos 1.07 0.08 -0.02	yaw: 2.59	msg/s 22.0	link quality: 50	kalman var: 0.001 0.001 0.001	flight time: 85s	 batterySag: 0.6015625
INFO: 2021-10-09 18:12:46 printStatus(175) -- Drogno_7: ready		battery 3.72	pos 1.07 0.08 -0.03	yaw: 2.57	msg/s 22.666666666666668	link quality: 50	kalman var: 0.001 0.001 0.001	flight time: 85s	 batterySag: 0.6015625
INFO: 2021-10-09 18:12:48 printStatus(175) -- Drogno_7: ready		battery 3.72	pos 1.07 0.08 -0.03	yaw: 2.65	msg/s 22.666666666666668	link quality: 51	kalman var: 0.0 0.0 0.0	flight time: 85s	 batterySag: 0.6015625
INFO: 2021-10-09 18:12:49 printStatus(175) -- Drogno_7: ready		battery 3.72	pos 1.07 0.08 -0.03	yaw: 2.59	msg/s 22.666666666666668	link quality: 50	kalman var: 0.0 0.0 0.0	flight time: 85s	 batterySag: 0.6015625
INFO: 2021-10-09 18:12:51 printStatus(175) -- Drogno_7: ready		battery 3.72	pos 1.07 0.08 -0.03	yaw: 2.46	msg/s 22.666666666666668	link quality: 51	kalman var: 0.001 0.001 0.001	flight time: 85s	 batterySag: 0.6015625
INFO: 2021-10-09 18:12:52 printStatus(175) -- Drogno_7: ready		battery 3.72	pos 1.07 0.08 -0.03	yaw: 2.60	msg/s 22.0	link quality: 50	kalman var: 0.0 0.0 0.0	flight time: 85s	 batterySag: 0.6015625
INFO: 2021-10-09 18:12:54 printStatus(175) -- Drogno_7: ready		battery 3.72	pos 1.07 0.08 -0.03	yaw: 2.59	msg/s 22.0	link quality: 50	kalman var: 0.0 0.0 0.0	flight time: 85s	 batterySag: 0.6015625
INFO: 2021-10-09 18:12:55 printStatus(175) -- Drogno_7: ready		battery 3.72	pos 1.07 0.08 -0.03	yaw: 2.60	msg/s 22.666666666666668	link quality: 50	kalman var: 0.0 0.0 0.0	flight time: 85s	 batterySag: 0.6015625
INFO: 2021-10-09 18:12:57 printStatus(175) -- Drogno_7: ready		battery 3.72	pos 1.07 0.08 -0.03	yaw: 2.55	msg/s 22.0	link quality: 50	kalman var: 0.001 0.001 0.001	flight time: 85s	 batterySag: 0.6015625
INFO: 2021-10-09 18:12:58 printStatus(175) -- Drogno_7: ready		battery 3.72	pos 1.07 0.08 -0.03	yaw: 2.54	msg/s 22.666666666666668	link quality: 50	kalman var: 0.001 0.001 0.001	flight time: 85s	 batterySag: 0.6015625
INFO: 2021-10-09 18:13:00 printStatus(175) -- Drogno_7: ready		battery 3.72	pos 1.07 0.08 -0.03	yaw: 2.47	msg/s 22.0	link quality: 50	kalman var: 0.0 0.0 0.0	flight time: 85s	 batterySag: 0.6015625
INFO: 2021-10-09 18:13:02 printStatus(175) -- Drogno_7: ready		battery 3.72	pos 1.07 0.08 -0.03	yaw: 2.57	msg/s 22.0	link quality: 50	kalman var: 0.001 0.001 0.001	flight time: 85s	 batterySag: 0.6015625
INFO: 2021-10-09 18:13:03 printStatus(175) -- Drogno_7: ready		battery 3.72	pos 1.07 0.08 -0.03	yaw: 2.57	msg/s 22.0	link quality: 50	kalman var: 0.0 0.0 0.0	flight time: 85s	 batterySag: 0.6015625
INFO: 2021-10-09 18:13:05 printStatus(175) -- Drogno_7: ready		battery 3.72	pos 1.07 0.08 -0.03	yaw: 2.63	msg/s 22.0	link quality: 50	kalman var: 0.0 0.0 0.0	flight time: 85s	 batterySag: 0.6015625
INFO: 2021-10-09 18:13:06 printStatus(175) -- Drogno_7: ready		battery 3.72	pos 1.07 0.08 -0.03	yaw: 2.60	msg/s 22.666666666666668	link quality: 50	kalman var: 0.0 0.0 0.0	flight time: 85s	 batterySag: 0.6015625
INFO: 2021-10-09 18:13:08 printStatus(175) -- Drogno_7: ready		battery 3.72	pos 1.07 0.08 -0.03	yaw: 2.54	msg/s 22.666666666666668	link quality: 50	kalman var: 0.0 0.0 0.0	flight time: 85s	 batterySag: 0.6015625
INFO: 2021-10-09 18:13:09 printStatus(175) -- Drogno_7: ready		battery 3.72	pos 1.07 0.08 -0.03	yaw: 2.63	msg/s 22.0	link quality: 50	kalman var: 0.0 0.0 0.0	flight time: 85s	 batterySag: 0.6015625
INFO: 2021-10-09 18:13:11 printStatus(175) -- Drogno_7: ready		battery 3.72	pos 1.07 0.08 -0.03	yaw: 2.63	msg/s 21.333333333333332	link quality: 50	kalman var: 0.0 0.0 0.0	flight time: 85s	 batterySag: 0.6015625
INFO: 2021-10-09 18:13:12 printStatus(175) -- Drogno_7: ready		battery 3.72	pos 1.07 0.08 -0.03	yaw: 2.61	msg/s 22.666666666666668	link quality: 50	kalman var: 0.0 0.0 0.001	flight time: 85s	 batterySag: 0.6015625
INFO: 2021-10-09 18:13:14 printStatus(175) -- Drogno_7: ready		battery 3.72	pos 1.07 0.08 -0.03	yaw: 2.56	msg/s 22.0	link quality: 50	kalman var: 0.0 0.0 0.0	flight time: 85s	 batterySag: 0.6015625
INFO: 2021-10-09 18:13:15 printStatus(175) -- Drogno_7: ready		battery 3.72	pos 1.07 0.08 -0.03	yaw: 2.53	msg/s 22.666666666666668	link quality: 50	kalman var: 0.0 0.0 0.0	flight time: 85s	 batterySag: 0.6015625
INFO: 2021-10-09 18:13:17 printStatus(175) -- Drogno_7: ready		battery 3.72	pos 1.07 0.08 -0.03	yaw: 2.52	msg/s 22.666666666666668	link quality: 50	kalman var: 0.0 0.0 0.0	flight time: 85s	 batterySag: 0.6015625
INFO: 2021-10-09 18:13:18 printStatus(175) -- Drogno_7: ready		battery 3.72	pos 1.07 0.08 -0.03	yaw: 2.55	msg/s 22.0	link quality: 50	kalman var: 0.0 0.0 0.0	flight time: 85s	 batterySag: 0.6015625
INFO: 2021-10-09 18:13:20 printStatus(175) -- Drogno_7: ready		battery 3.72	pos 1.07 0.08 -0.03	yaw: 2.59	msg/s 22.666666666666668	link quality: 50	kalman var: 0.0 0.0 0.0	flight time: 85s	 batterySag: 0.6015625
INFO: 2021-10-09 18:13:21 printStatus(175) -- Drogno_7: ready		battery 3.72	pos 1.07 0.08 -0.03	yaw: 2.62	msg/s 23.333333333333332	link quality: 51	kalman var: 0.0 0.0 0.001	flight time: 85s	 batterySag: 0.6015625
INFO: 2021-10-09 18:13:23 printStatus(175) -- Drogno_7: ready		battery 3.72	pos 1.07 0.08 -0.03	yaw: 2.62	msg/s 22.666666666666668	link quality: 50	kalman var: 0.001 0.001 0.001	flight time: 85s	 batterySag: 0.6015625
INFO: 2021-10-09 18:13:24 printStatus(175) -- Drogno_7: ready		battery 3.72	pos 1.07 0.08 -0.03	yaw: 2.58	msg/s 22.666666666666668	link quality: 50	kalman var: 0.0 0.0 0.0	flight time: 85s	 batterySag: 0.6015625
INFO: 2021-10-09 18:13:26 printStatus(175) -- Drogno_7: ready		battery 3.72	pos 1.08 0.08 -0.02	yaw: 3.67	msg/s 22.666666666666668	link quality: 51	kalman var: 0.001 0.001 0.001	flight time: 85s	 batterySag: 0.6015625
INFO: 2021-10-09 18:13:28 printStatus(175) -- Drogno_7: ready		battery 3.72	pos 1.07 0.08 -0.03	yaw: 2.69	msg/s 22.0	link quality: 50	kalman var: 0.0 0.0 0.0	flight time: 85s	 batterySag: 0.6015625
INFO: 2021-10-09 18:13:29 printStatus(175) -- Drogno_7: ready		battery 3.72	pos 1.07 0.08 -0.03	yaw: 2.59	msg/s 22.0	link quality: 50	kalman var: 0.0 0.0 0.0	flight time: 85s	 batterySag: 0.6015625
INFO: 2021-10-09 18:13:31 printStatus(175) -- Drogno_7: ready		battery 3.72	pos 1.07 0.08 -0.03	yaw: 2.59	msg/s 22.666666666666668	link quality: 50	kalman var: 0.0 0.0 0.0	flight time: 85s	 batterySag: 0.6015625
INFO: 2021-10-09 18:13:32 printStatus(175) -- Drogno_7: ready		battery 3.72	pos 1.07 0.08 -0.02	yaw: 2.56	msg/s 22.666666666666668	link quality: 50	kalman var: 0.001 0.001 0.001	flight time: 85s	 batterySag: 0.6015625
INFO: 2021-10-09 18:13:34 printStatus(175) -- Drogno_7: ready		battery 3.72	pos 1.07 0.08 -0.03	yaw: 2.62	msg/s 22.666666666666668	link quality: 50	kalman var: 0.0 0.0 0.0	flight time: 85s	 batterySag: 0.6015625
INFO: 2021-10-09 18:13:35 printStatus(175) -- Drogno_7: ready		battery 3.72	pos 1.07 0.08 -0.03	yaw: 2.59	msg/s 22.0	link quality: 50	kalman var: 0.0 0.0 0.0	flight time: 85s	 batterySag: 0.6015625
INFO: 2021-10-09 18:13:37 printStatus(175) -- Drogno_7: ready		battery 3.72	pos 1.07 0.08 -0.03	yaw: 2.58	msg/s 22.666666666666668	link quality: 50	kalman var: 0.0 0.0 0.0	flight time: 85s	 batterySag: 0.6015625
INFO: 2021-10-09 18:13:38 printStatus(175) -- Drogno_7: ready		battery 3.72	pos 1.07 0.08 -0.03	yaw: 2.56	msg/s 22.666666666666668	link quality: 50	kalman var: 0.0 0.0 0.0	flight time: 85s	 batterySag: 0.6015625
INFO: 2021-10-09 18:13:40 printStatus(175) -- Drogno_7: ready		battery 3.72	pos 1.07 0.08 -0.03	yaw: 2.67	msg/s 22.0	link quality: 50	kalman var: 0.0 0.0 0.0	flight time: 85s	 batterySag: 0.6015625
INFO: 2021-10-09 18:13:41 printStatus(175) -- Drogno_7: ready		battery 3.72	pos 1.07 0.08 -0.03	yaw: 2.57	msg/s 22.666666666666668	link quality: 50	kalman var: 0.0 0.0 0.001	flight time: 85s	 batterySag: 0.6015625
INFO: 2021-10-09 18:13:43 printStatus(175) -- Drogno_7: ready		battery 3.72	pos 1.07 0.08 -0.03	yaw: 2.61	msg/s 22.0	link quality: 50	kalman var: 0.001 0.001 0.001	flight time: 85s	 batterySag: 0.6015625
INFO: 2021-10-09 18:13:44 printStatus(175) -- Drogno_7: ready		battery 3.72	pos 1.08 0.08 -0.02	yaw: 2.46	msg/s 22.0	link quality: 50	kalman var: 0.001 0.001 0.001	flight time: 85s	 batterySag: 0.6015625
INFO: 2021-10-09 18:13:46 printStatus(175) -- Drogno_7: ready		battery 3.72	pos 1.07 0.08 -0.03	yaw: 2.56	msg/s 22.0	link quality: 50	kalman var: 0.0 0.0 0.0	flight time: 85s	 batterySag: 0.6015625
INFO: 2021-10-09 18:13:48 printStatus(175) -- Drogno_7: ready		battery 3.72	pos 1.07 0.08 -0.03	yaw: 2.57	msg/s 22.666666666666668	link quality: 50	kalman var: 0.0 0.0 0.0	flight time: 85s	 batterySag: 0.6015625
INFO: 2021-10-09 18:13:49 printStatus(175) -- Drogno_7: ready		battery 3.72	pos 1.07 0.08 -0.03	yaw: 2.65	msg/s 21.333333333333332	link quality: 51	kalman var: 0.0 0.0 0.0	flight time: 85s	 batterySag: 0.6015625
INFO: 2021-10-09 18:13:51 printStatus(175) -- Drogno_7: ready		battery 3.72	pos 1.08 0.08 -0.02	yaw: 2.50	msg/s 22.0	link quality: 50	kalman var: 0.001 0.001 0.001	flight time: 85s	 batterySag: 0.6015625
INFO: 2021-10-09 18:13:52 printStatus(175) -- Drogno_7: ready		battery 3.72	pos 1.07 0.08 -0.03	yaw: 2.51	msg/s 22.0	link quality: 50	kalman var: 0.0 0.0 0.0	flight time: 85s	 batterySag: 0.6015625
INFO: 2021-10-09 18:13:54 printStatus(175) -- Drogno_7: ready		battery 3.72	pos 1.07 0.08 -0.03	yaw: 2.64	msg/s 22.0	link quality: 50	kalman var: 0.0 0.0 0.0	flight time: 85s	 batterySag: 0.6015625
INFO: 2021-10-09 18:13:55 printStatus(175) -- Drogno_7: ready		battery 3.72	pos 1.07 0.08 -0.03	yaw: 2.50	msg/s 21.333333333333332	link quality: 50	kalman var: 0.001 0.001 0.001	flight time: 85s	 batterySag: 0.6015625
INFO: 2021-10-09 18:13:57 printStatus(175) -- Drogno_7: ready		battery 3.72	pos 1.07 0.08 -0.03	yaw: 2.64	msg/s 22.666666666666668	link quality: 49	kalman var: 0.0 0.0 0.0	flight time: 85s	 batterySag: 0.6015625
INFO: 2021-10-09 18:13:58 printStatus(175) -- Drogno_7: ready		battery 3.72	pos 1.08 0.08 -0.02	yaw: 2.54	msg/s 22.666666666666668	link quality: 50	kalman var: 0.001 0.001 0.001	flight time: 85s	 batterySag: 0.6015625
INFO: 2021-10-09 18:14:00 printStatus(175) -- Drogno_7: ready		battery 3.72	pos 1.07 0.08 -0.03	yaw: 2.46	msg/s 22.666666666666668	link quality: 51	kalman var: 0.0 0.0 0.001	flight time: 85s	 batterySag: 0.6015625
INFO: 2021-10-09 18:14:01 printStatus(175) -- Drogno_7: ready		battery 3.72	pos 1.07 0.08 -0.03	yaw: 2.53	msg/s 22.666666666666668	link quality: 50	kalman var: 0.0 0.0 0.001	flight time: 85s	 batterySag: 0.6015625
INFO: 2021-10-09 18:14:03 printStatus(175) -- Drogno_7: ready		battery 3.72	pos 1.07 0.08 -0.03	yaw: 2.51	msg/s 22.666666666666668	link quality: 50	kalman var: 0.0 0.0 0.0	flight time: 85s	 batterySag: 0.6015625
INFO: 2021-10-09 18:14:04 printStatus(175) -- Drogno_7: ready		battery 3.72	pos 1.07 0.08 -0.03	yaw: 2.62	msg/s 22.666666666666668	link quality: 51	kalman var: 0.0 0.0 0.0	flight time: 85s	 batterySag: 0.6015625
INFO: 2021-10-09 18:14:06 printStatus(175) -- Drogno_7: ready		battery 3.72	pos 1.07 0.08 -0.03	yaw: 2.70	msg/s 22.0	link quality: 50	kalman var: 0.0 0.0 0.0	flight time: 85s	 batterySag: 0.6015625
INFO: 2021-10-09 18:14:08 printStatus(175) -- Drogno_7: ready		battery 3.72	pos 1.07 0.08 -0.03	yaw: 2.53	msg/s 22.666666666666668	link quality: 51	kalman var: 0.0 0.0 0.0	flight time: 85s	 batterySag: 0.6015625
INFO: 2021-10-09 18:14:09 printStatus(175) -- Drogno_7: ready		battery 3.72	pos 1.07 0.08 -0.03	yaw: 2.51	msg/s 22.666666666666668	link quality: 50	kalman var: 0.0 0.0 0.0	flight time: 85s	 batterySag: 0.6015625
INFO: 2021-10-09 18:14:11 printStatus(175) -- Drogno_7: ready		battery 3.72	pos 1.07 0.08 -0.02	yaw: 2.60	msg/s 22.666666666666668	link quality: 51	kalman var: 0.001 0.001 0.001	flight time: 85s	 batterySag: 0.6015625
INFO: 2021-10-09 18:14:12 printStatus(175) -- Drogno_7: ready		battery 3.72	pos 1.07 0.08 -0.03	yaw: 2.64	msg/s 22.0	link quality: 50	kalman var: 0.0 0.0 0.0	flight time: 85s	 batterySag: 0.6015625
INFO: 2021-10-09 18:14:14 printStatus(175) -- Drogno_7: ready		battery 3.72	pos 1.07 0.08 -0.03	yaw: 2.54	msg/s 22.0	link quality: 51	kalman var: 0.0 0.0 0.0	flight time: 85s	 batterySag: 0.6015625
INFO: 2021-10-09 18:14:15 printStatus(175) -- Drogno_7: ready		battery 3.72	pos 1.07 0.08 -0.03	yaw: 2.61	msg/s 22.666666666666668	link quality: 50	kalman var: 0.001 0.001 0.001	flight time: 85s	 batterySag: 0.6015625
INFO: 2021-10-09 18:14:17 printStatus(175) -- Drogno_7: ready		battery 3.72	pos 1.07 0.08 -0.02	yaw: 2.57	msg/s 22.0	link quality: 50	kalman var: 0.001 0.001 0.001	flight time: 85s	 batterySag: 0.6015625
INFO: 2021-10-09 18:14:18 printStatus(175) -- Drogno_7: ready		battery 3.72	pos 1.07 0.08 -0.03	yaw: 2.58	msg/s 22.0	link quality: 50	kalman var: 0.0 0.0 0.0	flight time: 85s	 batterySag: 0.6015625
INFO: 2021-10-09 18:14:20 printStatus(175) -- Drogno_7: ready		battery 3.72	pos 1.07 0.08 -0.03	yaw: 2.62	msg/s 22.0	link quality: 50	kalman var: 0.0 0.0 0.0	flight time: 85s	 batterySag: 0.6015625
INFO: 2021-10-09 18:14:21 printStatus(175) -- Drogno_7: ready		battery 3.72	pos 1.07 0.08 -0.03	yaw: 2.57	msg/s 22.666666666666668	link quality: 50	kalman var: 0.0 0.0 0.0	flight time: 85s	 batterySag: 0.6015625
INFO: 2021-10-09 18:14:23 printStatus(175) -- Drogno_7: ready		battery 3.72	pos 1.07 0.08 -0.03	yaw: 2.50	msg/s 21.333333333333332	link quality: 51	kalman var: 0.001 0.001 0.001	flight time: 85s	 batterySag: 0.6015625
INFO: 2021-10-09 18:14:24 printStatus(175) -- Drogno_7: ready		battery 3.72	pos 1.07 0.08 -0.03	yaw: 2.60	msg/s 22.666666666666668	link quality: 50	kalman var: 0.0 0.0 0.0	flight time: 85s	 batterySag: 0.6015625
INFO: 2021-10-09 18:14:26 printStatus(175) -- Drogno_7: ready		battery 3.72	pos 1.07 0.08 -0.03	yaw: 2.64	msg/s 22.666666666666668	link quality: 50	kalman var: 0.0 0.0 0.001	flight time: 85s	 batterySag: 0.6015625
INFO: 2021-10-09 18:14:28 printStatus(175) -- Drogno_7: ready		battery 3.49	pos 1.06 0.08 -0.02	yaw: 1.76	msg/s 22.666666666666668	link quality: 50	kalman var: 0.0 0.0 0.0	flight time: 85s	 batterySag: 0.6015625
INFO: 2021-10-09 18:14:29 printStatus(175) -- Drogno_7: ready		battery 3.4	pos 1.09 0.09 0.28	yaw: -0.89	msg/s 22.666666666666668	link quality: 44	kalman var: 0.001 0.001 0.001	flight time: 0s	 batterySag: 0.6015625
INFO: 2021-10-09 18:14:31 printStatus(175) -- Drogno_7: ready		battery 3.4	pos 1.08 0.08 0.86	yaw: -0.15	msg/s 22.0	link quality: 49	kalman var: 0.0 0.0 0.0	flight time: 2s	 batterySag: 0.6015625
INFO: 2021-10-09 18:14:32 printStatus(175) -- Drogno_7: ready		battery 3.4	pos 1.07 0.07 0.87	yaw: -0.25	msg/s 22.0	link quality: 50	kalman var: 0.0 0.0 0.0	flight time: 3s	 batterySag: 0.6015625
INFO: 2021-10-09 18:14:34 printStatus(175) -- Drogno_7: ready		battery 3.39	pos 1.08 0.07 0.85	yaw: 0.07	msg/s 22.666666666666668	link quality: 56	kalman var: 0.0 0.0 0.0	flight time: 5s	 batterySag: 0.6015625
INFO: 2021-10-09 18:14:35 printStatus(175) -- Drogno_7: ready		battery 3.37	pos 1.08 0.07 0.84	yaw: 0.25	msg/s 22.666666666666668	link quality: 53	kalman var: 0.0 0.0 0.0	flight time: 6s	 batterySag: 0.6015625
INFO: 2021-10-09 18:14:37 printStatus(175) -- Drogno_7: ready		battery 3.36	pos 1.07 0.08 0.83	yaw: 0.44	msg/s 22.666666666666668	link quality: 48	kalman var: 0.0 0.0 0.0	flight time: 8s	 batterySag: 0.6015625
INFO: 2021-10-09 18:14:38 printStatus(175) -- Drogno_7: ready		battery 3.36	pos 1.08 0.08 0.83	yaw: 0.47	msg/s 22.0	link quality: 46	kalman var: 0.0 0.0 0.0	flight time: 10s	 batterySag: 0.6015625
INFO: 2021-10-09 18:14:40 printStatus(175) -- Drogno_7: ready		battery 3.35	pos 1.08 0.08 0.81	yaw: 0.06	msg/s 22.0	link quality: 46	kalman var: 0.0 0.0 0.0	flight time: 11s	 batterySag: 0.6015625
INFO: 2021-10-09 18:14:41 printStatus(175) -- Drogno_7: ready		battery 3.32	pos 1.07 0.08 0.12	yaw: 0.48	msg/s 22.666666666666668	link quality: 51	kalman var: 0.001 0.001 0.001	flight time: 11s	 batterySag: 0.6015625
INFO: 2021-10-09 18:14:43 printStatus(175) -- Drogno_7: ready		battery 3.64	pos 1.11 0.09 -0.03	yaw: -0.01	msg/s 22.0	link quality: 44	kalman var: 0.001 0.001 0.001	flight time: 11s	 batterySag: 0.6015625
INFO: 2021-10-09 18:14:45 printStatus(175) -- Drogno_7: ready		battery 3.66	pos 1.11 0.09 -0.03	yaw: -0.40	msg/s 22.0	link quality: 44	kalman var: 0.001 0.001 0.001	flight time: 11s	 batterySag: 0.6015625
INFO: 2021-10-09 18:14:46 printStatus(175) -- Drogno_7: stand by		battery 3.66	pos 1.11 0.09 -0.03	yaw: -0.46	msg/s 22.666666666666668	link quality: 44	kalman var: 0.0 0.0 0.0	flight time: 11s	 batterySag: 0.6015625
INFO: 2021-10-09 18:14:48 printStatus(175) -- Drogno_7: stand by		battery 3.66	pos 1.11 0.09 -0.03	yaw: -0.46	msg/s 46.0	link quality: 44	kalman var: 0.0 0.0 0.0	flight time: 11s	 batterySag: 0.6015625
INFO: 2021-10-09 18:14:49 printStatus(175) -- Drogno_7: waking up		battery 3.66	pos 1.11 0.09 -0.03	yaw: -0.46	msg/s 68.66666666666667	link quality: 44	kalman var: 0.0 0.0 0.0	flight time: 11s	 batterySag: 0.6015625
INFO: 2021-10-09 18:14:51 printStatus(175) -- Drogno_7: waking up		battery 3.66	pos 1.11 0.09 -0.03	yaw: -0.46	msg/s 92.0	link quality: 44	kalman var: 0.0 0.0 0.0	flight time: 11s	 batterySag: 0.6015625
INFO: 2021-10-09 18:14:52 printStatus(175) -- Drogno_7: connecting		battery 3.66	pos 1.11 0.09 -0.03	yaw: -0.46	msg/s 115.33333333333333	link quality: 44	kalman var: 0.0 0.0 0.0	flight time: 11s	 batterySag: 0.6015625
INFO: 2021-10-09 18:14:54 printStatus(175) -- Drogno_7: connecting		battery 3.66	pos 1.11 0.09 -0.03	yaw: -0.46	msg/s 138.0	link quality: 44	kalman var: 0.0 0.0 0.0	flight time: 11s	 batterySag: 0.6015625
INFO: 2021-10-09 18:14:55 printStatus(175) -- Drogno_7: landed		battery 3.66	pos 1.11 0.09 -0.03	yaw: -0.46	msg/s 160.66666666666666	link quality: 44	kalman var: 0.0 0.0 0.0	flight time: 11s	 batterySag: 0.6015625
INFO: 2021-10-09 18:14:57 printStatus(175) -- Drogno_7: landed		battery 3.66	pos 1.07 0.08 0.00	yaw: -0.46	msg/s 22.666666666666668	link quality: 44	kalman var: 0.0 0.0 0.0	flight time: 11s	 batterySag: 0.6015625
INFO: 2021-10-09 18:14:59 printStatus(175) -- Drogno_7: ready		battery 3.69	pos 0.00 -0.00 0.00	yaw: -0.03	msg/s 22.0	link quality: 44	kalman var: 0.001 0.001 0.0	flight time: 11s	 batterySag: 0.5859375
INFO: 2021-10-09 18:15:00 printStatus(175) -- Drogno_7: ready		battery 3.69	pos 1.12 0.09 -0.03	yaw: -1.10	msg/s 22.666666666666668	link quality: 44	kalman var: 0.002 0.002 0.001	flight time: 11s	 batterySag: 0.5859375
INFO: 2021-10-09 18:15:02 printStatus(175) -- Drogno_7: ready		battery 3.69	pos 1.13 0.09 -0.03	yaw: -0.71	msg/s 22.0	link quality: 44	kalman var: 0.003 0.003 0.001	flight time: 11s	 batterySag: 0.5859375
INFO: 2021-10-09 18:15:03 printStatus(175) -- Drogno_7: ready		battery 3.69	pos 1.11 0.09 -0.03	yaw: -0.69	msg/s 22.0	link quality: 44	kalman var: 0.001 0.001 0.001	flight time: 11s	 batterySag: 0.5859375
INFO: 2021-10-09 18:15:05 printStatus(175) -- Drogno_7: ready		battery 3.7	pos 1.12 0.09 -0.03	yaw: -0.69	msg/s 22.666666666666668	link quality: 44	kalman var: 0.001 0.001 0.001	flight time: 11s	 batterySag: 0.5859375
INFO: 2021-10-09 18:15:06 printStatus(175) -- Drogno_7: ready		battery 3.7	pos 1.11 0.09 -0.03	yaw: -0.64	msg/s 22.666666666666668	link quality: 44	kalman var: 0.001 0.001 0.001	flight time: 11s	 batterySag: 0.5859375
INFO: 2021-10-09 18:15:08 printStatus(175) -- Drogno_7: ready		battery 3.7	pos 1.11 0.09 -0.03	yaw: -0.62	msg/s 22.666666666666668	link quality: 44	kalman var: 0.001 0.001 0.001	flight time: 11s	 batterySag: 0.5859375
INFO: 2021-10-09 18:15:09 printStatus(175) -- Drogno_7: ready		battery 3.7	pos 1.11 0.09 -0.03	yaw: -0.60	msg/s 22.0	link quality: 44	kalman var: 0.0 0.0 0.0	flight time: 11s	 batterySag: 0.5859375
INFO: 2021-10-09 18:15:11 printStatus(175) -- Drogno_7: ready		battery 3.7	pos 1.12 0.09 -0.03	yaw: -0.58	msg/s 22.666666666666668	link quality: 44	kalman var: 0.001 0.001 0.001	flight time: 11s	 batterySag: 0.5859375
INFO: 2021-10-09 18:15:12 printStatus(175) -- Drogno_7: ready		battery 3.7	pos 1.11 0.09 -0.03	yaw: -0.65	msg/s 22.0	link quality: 44	kalman var: 0.0 0.0 0.0	flight time: 11s	 batterySag: 0.5859375
INFO: 2021-10-09 18:15:14 printStatus(175) -- Drogno_7: ready		battery 3.7	pos 1.11 0.09 -0.03	yaw: -0.69	msg/s 22.666666666666668	link quality: 44	kalman var: 0.001 0.001 0.001	flight time: 11s	 batterySag: 0.5859375
INFO: 2021-10-09 18:15:15 printStatus(175) -- Drogno_7: ready		battery 3.7	pos 1.11 0.09 -0.03	yaw: -0.53	msg/s 22.0	link quality: 44	kalman var: 0.001 0.001 0.0	flight time: 11s	 batterySag: 0.5859375
INFO: 2021-10-09 18:15:17 printStatus(175) -- Drogno_7: ready		battery 3.7	pos 1.11 0.09 -0.03	yaw: -0.62	msg/s 22.0	link quality: 44	kalman var: 0.0 0.0 0.0	flight time: 11s	 batterySag: 0.5859375
INFO: 2021-10-09 18:15:18 printStatus(175) -- Drogno_7: ready		battery 3.7	pos 1.11 0.09 -0.03	yaw: -0.64	msg/s 22.0	link quality: 44	kalman var: 0.001 0.001 0.001	flight time: 11s	 batterySag: 0.5859375
INFO: 2021-10-09 18:15:20 printStatus(175) -- Drogno_7: ready		battery 3.7	pos 1.12 0.09 -0.03	yaw: -0.61	msg/s 22.666666666666668	link quality: 44	kalman var: 0.002 0.002 0.001	flight time: 11s	 batterySag: 0.5859375
INFO: 2021-10-09 18:15:22 printStatus(175) -- Drogno_7: ready		battery 3.7	pos 1.11 0.09 -0.03	yaw: -0.60	msg/s 22.0	link quality: 44	kalman var: 0.001 0.001 0.001	flight time: 11s	 batterySag: 0.5859375
INFO: 2021-10-09 18:15:23 printStatus(175) -- Drogno_7: ready		battery 3.7	pos 1.11 0.09 -0.03	yaw: -0.54	msg/s 22.0	link quality: 44	kalman var: 0.001 0.001 0.001	flight time: 11s	 batterySag: 0.5859375
INFO: 2021-10-09 18:15:25 printStatus(175) -- Drogno_7: ready		battery 3.7	pos 1.11 0.09 -0.03	yaw: -0.54	msg/s 22.666666666666668	link quality: 44	kalman var: 0.001 0.001 0.001	flight time: 11s	 batterySag: 0.5859375
INFO: 2021-10-09 18:15:26 printStatus(175) -- Drogno_7: ready		battery 3.7	pos 1.12 0.09 -0.03	yaw: -0.48	msg/s 22.666666666666668	link quality: 44	kalman var: 0.002 0.002 0.001	flight time: 11s	 batterySag: 0.5859375
INFO: 2021-10-09 18:15:28 printStatus(175) -- Drogno_7: ready		battery 3.7	pos 1.11 0.09 -0.03	yaw: -0.62	msg/s 22.0	link quality: 44	kalman var: 0.0 0.0 0.0	flight time: 11s	 batterySag: 0.5859375
INFO: 2021-10-09 18:15:29 printStatus(175) -- Drogno_7: ready		battery 3.7	pos 1.11 0.09 -0.03	yaw: -0.67	msg/s 22.666666666666668	link quality: 44	kalman var: 0.0 0.0 0.0	flight time: 11s	 batterySag: 0.5859375
INFO: 2021-10-09 18:15:31 printStatus(175) -- Drogno_7: ready		battery 3.7	pos 1.11 0.09 -0.03	yaw: -0.55	msg/s 22.0	link quality: 44	kalman var: 0.001 0.001 0.001	flight time: 11s	 batterySag: 0.5859375
INFO: 2021-10-09 18:15:32 printStatus(175) -- Drogno_7: ready		battery 3.7	pos 1.11 0.09 -0.03	yaw: -0.61	msg/s 22.666666666666668	link quality: 44	kalman var: 0.0 0.0 0.001	flight time: 11s	 batterySag: 0.5859375
INFO: 2021-10-09 18:15:34 printStatus(175) -- Drogno_7: ready		battery 3.7	pos 1.12 0.09 -0.03	yaw: -0.61	msg/s 22.666666666666668	link quality: 44	kalman var: 0.002 0.002 0.001	flight time: 11s	 batterySag: 0.5859375
INFO: 2021-10-09 18:15:35 printStatus(175) -- Drogno_7: ready		battery 3.7	pos 1.11 0.09 -0.03	yaw: -0.52	msg/s 22.0	link quality: 44	kalman var: 0.0 0.0 0.0	flight time: 11s	 batterySag: 0.5859375
INFO: 2021-10-09 18:15:37 printStatus(175) -- Drogno_7: ready		battery 3.7	pos 1.11 0.09 -0.03	yaw: -0.59	msg/s 22.666666666666668	link quality: 44	kalman var: 0.001 0.001 0.001	flight time: 11s	 batterySag: 0.5859375
INFO: 2021-10-09 18:15:39 printStatus(175) -- Drogno_7: ready		battery 3.7	pos 1.11 0.09 -0.03	yaw: -0.59	msg/s 21.333333333333332	link quality: 44	kalman var: 0.0 0.0 0.001	flight time: 11s	 batterySag: 0.5859375
INFO: 2021-10-09 18:15:40 printStatus(175) -- Drogno_7: landed		battery 3.33	pos 1.12 0.09 -0.03	yaw: -0.58	msg/s 22.666666666666668	link quality: 44	kalman var: 0.001 0.001 0.001	flight time: 11s	 batterySag: 0.5859375
INFO: 2021-10-09 18:15:42 printStatus(175) -- Drogno_7: ready		battery 3.45	pos 1.13 0.11 -0.03	yaw: -0.09	msg/s 22.666666666666668	link quality: 46	kalman var: 0.0 0.0 0.0	flight time: 11s	 batterySag: 0.5859375
INFO: 2021-10-09 18:15:43 printStatus(175) -- Drogno_7: ready		battery 3.44	pos 1.11 0.12 -0.03	yaw: -2.21	msg/s 22.0	link quality: 44	kalman var: 0.0 0.0 0.0	flight time: 11s	 batterySag: 0.5859375
INFO: 2021-10-09 18:15:45 printStatus(175) -- Drogno_7: ready		battery 3.36	pos 1.17 0.10 0.27	yaw: -1.41	msg/s 22.666666666666668	link quality: 45	kalman var: 0.001 0.001 0.001	flight time: 0s	 batterySag: 0.5859375
INFO: 2021-10-09 18:15:46 printStatus(175) -- Drogno_7: ready		battery 3.36	pos 1.17 0.08 0.85	yaw: -0.27	msg/s 22.666666666666668	link quality: 49	kalman var: 0.0 0.0 0.0	flight time: 2s	 batterySag: 0.5859375
INFO: 2021-10-09 18:15:48 printStatus(175) -- Drogno_7: ready		battery 3.36	pos 1.15 0.09 0.87	yaw: -0.27	msg/s 22.666666666666668	link quality: 44	kalman var: 0.0 0.0 0.0	flight time: 3s	 batterySag: 0.5859375
INFO: 2021-10-09 18:15:49 printStatus(175) -- Drogno_7: ready		battery 3.34	pos 1.15 0.09 0.85	yaw: -0.07	msg/s 22.0	link quality: 47	kalman var: 0.0 0.0 0.0	flight time: 5s	 batterySag: 0.5859375
INFO: 2021-10-09 18:15:51 printStatus(175) -- Drogno_7: ready		battery 3.34	pos 1.15 0.09 0.85	yaw: -0.06	msg/s 22.666666666666668	link quality: 49	kalman var: 0.0 0.0 0.0	flight time: 6s	 batterySag: 0.5859375
INFO: 2021-10-09 18:15:52 printStatus(175) -- Drogno_7: ready		battery 3.33	pos 1.15 0.09 0.83	yaw: 0.31	msg/s 23.333333333333332	link quality: 51	kalman var: 0.0 0.0 0.0	flight time: 8s	 batterySag: 0.5859375
INFO: 2021-10-09 18:15:54 printStatus(175) -- Drogno_7: ready		battery 3.33	pos 1.15 0.10 0.83	yaw: 0.32	msg/s 22.0	link quality: 50	kalman var: 0.0 0.0 0.0	flight time: 9s	 batterySag: 0.5859375
INFO: 2021-10-09 18:15:55 printStatus(175) -- Drogno_7: ready		battery 3.32	pos 1.15 0.10 0.81	yaw: 0.11	msg/s 22.666666666666668	link quality: 49	kalman var: 0.0 0.0 0.0	flight time: 11s	 batterySag: 0.5859375
INFO: 2021-10-09 18:15:57 printStatus(175) -- Drogno_7: ready		battery 3.31	pos 1.15 0.10 0.81	yaw: 0.13	msg/s 4.666666666666667	link quality: 46	kalman var: 0.0 0.0 0.0	flight time: 12s	 batterySag: 0.5859375
INFO: 2021-10-09 18:15:58 printStatus(175) -- Drogno_7: ready		battery 3.3	pos 1.15 0.09 0.81	yaw: 0.10	msg/s 16.666666666666668	link quality: 48	kalman var: 0.0 0.0 0.0	flight time: 14s	 batterySag: 0.5859375
INFO: 2021-10-09 18:16:00 printStatus(175) -- Drogno_7: ready		battery 3.3	pos 1.15 0.09 0.81	yaw: 0.10	msg/s 22.666666666666668	link quality: 49	kalman var: 0.0 0.0 0.0	flight time: 16s	 batterySag: 0.5859375
INFO: 2021-10-09 18:16:02 printStatus(175) -- Drogno_7: ready		battery 3.3	pos 1.15 0.10 0.80	yaw: -0.09	msg/s 22.0	link quality: 45	kalman var: 0.001 0.001 0.001	flight time: 17s	 batterySag: 0.5859375
INFO: 2021-10-09 18:16:03 printStatus(175) -- Drogno_7: ready		battery 3.29	pos 1.15 0.10 0.80	yaw: -0.07	msg/s 22.0	link quality: 45	kalman var: 0.0 0.0 0.0	flight time: 19s	 batterySag: 0.5859375
INFO: 2021-10-09 18:16:05 printStatus(175) -- Drogno_7: ready		battery 3.29	pos 1.15 0.09 0.80	yaw: -0.12	msg/s 22.0	link quality: 45	kalman var: 0.001 0.001 0.001	flight time: 20s	 batterySag: 0.5859375
INFO: 2021-10-09 18:16:06 printStatus(175) -- Drogno_7: ready		battery 3.28	pos 1.15 0.09 0.80	yaw: 0.18	msg/s 22.666666666666668	link quality: 48	kalman var: 0.0 0.0 0.0	flight time: 22s	 batterySag: 0.5859375
INFO: 2021-10-09 18:16:08 printStatus(175) -- Drogno_7: ready		battery 3.28	pos 1.15 0.10 0.80	yaw: 0.19	msg/s 22.0	link quality: 46	kalman var: 0.0 0.0 0.0	flight time: 23s	 batterySag: 0.5859375
INFO: 2021-10-09 18:16:09 printStatus(175) -- Drogno_7: ready		battery 3.27	pos 1.15 0.10 0.80	yaw: 0.16	msg/s 22.666666666666668	link quality: 45	kalman var: 0.0 0.0 0.0	flight time: 25s	 batterySag: 0.5859375
INFO: 2021-10-09 18:16:11 printStatus(175) -- Drogno_7: ready		battery 3.31	pos 1.15 0.09 0.71	yaw: 0.12	msg/s 22.0	link quality: 41	kalman var: 0.0 0.0 0.0	flight time: 25s	 batterySag: 0.5859375
INFO: 2021-10-09 18:16:12 printStatus(175) -- Drogno_7: ready		battery 3.59	pos 1.18 0.09 -0.04	yaw: -0.21	msg/s 22.0	link quality: 43	kalman var: 0.001 0.001 0.001	flight time: 25s	 batterySag: 0.5859375
INFO: 2021-10-09 18:16:14 printStatus(175) -- Drogno_7: ready		battery 3.61	pos 1.18 0.10 -0.03	yaw: -0.80	msg/s 22.0	link quality: 44	kalman var: 0.001 0.001 0.001	flight time: 25s	 batterySag: 0.5859375
INFO: 2021-10-09 18:16:15 printStatus(175) -- Drogno_7: stand by		battery 3.61	pos 1.17 0.10 -0.03	yaw: -0.92	msg/s 22.666666666666668	link quality: 43	kalman var: 0.001 0.001 0.001	flight time: 25s	 batterySag: 0.5859375
INFO: 2021-10-09 18:16:17 printStatus(175) -- Drogno_7: stand by		battery 3.61	pos 1.17 0.10 -0.03	yaw: -0.92	msg/s 46.666666666666664	link quality: 43	kalman var: 0.001 0.001 0.001	flight time: 25s	 batterySag: 0.5859375
INFO: 2021-10-09 18:16:18 printStatus(175) -- Drogno_7: stand by		battery 3.61	pos 1.17 0.10 -0.03	yaw: -0.92	msg/s 70.0	link quality: 43	kalman var: 0.001 0.001 0.001	flight time: 25s	 batterySag: 0.5859375
INFO: 2021-10-09 18:16:20 printStatus(175) -- Drogno_7: stand by		battery 3.61	pos 1.17 0.10 -0.03	yaw: -0.92	msg/s 94.0	link quality: 43	kalman var: 0.001 0.001 0.001	flight time: 25s	 batterySag: 0.5859375
INFO: 2021-10-09 18:16:21 printStatus(175) -- Drogno_7: stand by		battery 3.61	pos 1.17 0.10 -0.03	yaw: -0.92	msg/s 116.66666666666667	link quality: 43	kalman var: 0.001 0.001 0.001	flight time: 25s	 batterySag: 0.5859375
INFO: 2021-10-09 18:16:23 printStatus(175) -- Drogno_7: stand by		battery 3.61	pos 1.17 0.10 -0.03	yaw: -0.92	msg/s 140.66666666666666	link quality: 43	kalman var: 0.001 0.001 0.001	flight time: 25s	 batterySag: 0.5859375
INFO: 2021-10-09 18:16:25 printStatus(175) -- Drogno_7: stand by		battery 3.61	pos 1.17 0.10 -0.03	yaw: -0.92	msg/s 164.0	link quality: 43	kalman var: 0.001 0.001 0.001	flight time: 25s	 batterySag: 0.5859375
INFO: 2021-10-09 18:16:26 printStatus(175) -- Drogno_7: stand by		battery 3.61	pos 1.17 0.10 -0.03	yaw: -0.92	msg/s 188.0	link quality: 43	kalman var: 0.001 0.001 0.001	flight time: 25s	 batterySag: 0.5859375
INFO: 2021-10-09 18:16:28 printStatus(175) -- Drogno_7: stand by		battery 3.61	pos 1.17 0.10 -0.03	yaw: -0.92	msg/s 212.0	link quality: 43	kalman var: 0.001 0.001 0.001	flight time: 25s	 batterySag: 0.5859375
INFO: 2021-10-09 18:16:29 printStatus(175) -- Drogno_7: stand by		battery 3.61	pos 1.17 0.10 -0.03	yaw: -0.92	msg/s 234.66666666666666	link quality: 43	kalman var: 0.001 0.001 0.001	flight time: 25s	 batterySag: 0.5859375
INFO: 2021-10-09 18:16:31 printStatus(175) -- Drogno_7: stand by		battery 3.61	pos 1.17 0.10 -0.03	yaw: -0.92	msg/s 258.0	link quality: 43	kalman var: 0.001 0.001 0.001	flight time: 25s	 batterySag: 0.5859375
INFO: 2021-10-09 18:16:32 printStatus(175) -- Drogno_7: stand by		battery 3.61	pos 1.17 0.10 -0.03	yaw: -0.92	msg/s 282.0	link quality: 43	kalman var: 0.001 0.001 0.001	flight time: 25s	 batterySag: 0.5859375
INFO: 2021-10-09 18:16:34 printStatus(175) -- Drogno_7: stand by		battery 3.61	pos 1.17 0.10 -0.03	yaw: -0.92	msg/s 304.6666666666667	link quality: 43	kalman var: 0.001 0.001 0.001	flight time: 25s	 batterySag: 0.5859375
INFO: 2021-10-09 18:16:35 printStatus(175) -- Drogno_7: stand by		battery 3.61	pos 1.17 0.10 -0.03	yaw: -0.92	msg/s 328.6666666666667	link quality: 43	kalman var: 0.001 0.001 0.001	flight time: 25s	 batterySag: 0.5859375
INFO: 2021-10-09 18:16:37 printStatus(175) -- Drogno_7: stand by		battery 3.61	pos 1.17 0.10 -0.03	yaw: -0.92	msg/s 352.0	link quality: 43	kalman var: 0.001 0.001 0.001	flight time: 25s	 batterySag: 0.5859375
INFO: 2021-10-09 18:16:38 printStatus(175) -- Drogno_7: stand by		battery 3.61	pos 1.17 0.10 -0.03	yaw: -0.92	msg/s 375.3333333333333	link quality: 43	kalman var: 0.001 0.001 0.001	flight time: 25s	 batterySag: 0.5859375
INFO: 2021-10-09 18:16:40 printStatus(175) -- Drogno_7: stand by		battery 3.61	pos 1.17 0.10 -0.03	yaw: -0.92	msg/s 398.0	link quality: 43	kalman var: 0.001 0.001 0.001	flight time: 25s	 batterySag: 0.5859375
INFO: 2021-10-09 18:16:41 printStatus(175) -- Drogno_7: stand by		battery 3.61	pos 1.17 0.10 -0.03	yaw: -0.92	msg/s 422.0	link quality: 43	kalman var: 0.001 0.001 0.001	flight time: 25s	 batterySag: 0.5859375
INFO: 2021-10-09 18:16:43 printStatus(175) -- Drogno_7: stand by		battery 3.61	pos 1.17 0.10 -0.03	yaw: -0.92	msg/s 446.0	link quality: 43	kalman var: 0.001 0.001 0.001	flight time: 25s	 batterySag: 0.5859375
INFO: 2021-10-09 18:16:44 printStatus(175) -- Drogno_7: stand by		battery 3.61	pos 1.17 0.10 -0.03	yaw: -0.92	msg/s 470.0	link quality: 43	kalman var: 0.001 0.001 0.001	flight time: 25s	 batterySag: 0.5859375
INFO: 2021-10-09 18:16:46 printStatus(175) -- Drogno_7: stand by		battery 3.61	pos 1.17 0.10 -0.03	yaw: -0.92	msg/s 492.6666666666667	link quality: 43	kalman var: 0.001 0.001 0.001	flight time: 25s	 batterySag: 0.5859375
INFO: 2021-10-09 18:16:48 printStatus(175) -- Drogno_7: stand by		battery 3.61	pos 1.17 0.10 -0.03	yaw: -0.92	msg/s 516.6666666666666	link quality: 43	kalman var: 0.001 0.001 0.001	flight time: 25s	 batterySag: 0.5859375
INFO: 2021-10-09 18:16:49 printStatus(175) -- Drogno_7: stand by		battery 3.61	pos 1.17 0.10 -0.03	yaw: -0.92	msg/s 539.3333333333334	link quality: 43	kalman var: 0.001 0.001 0.001	flight time: 25s	 batterySag: 0.5859375
INFO: 2021-10-09 18:16:51 printStatus(175) -- Drogno_7: stand by		battery 3.61	pos 1.17 0.10 -0.03	yaw: -0.92	msg/s 564.0	link quality: 43	kalman var: 0.001 0.001 0.001	flight time: 25s	 batterySag: 0.5859375
INFO: 2021-10-09 18:16:52 printStatus(175) -- Drogno_7: stand by		battery 3.61	pos 1.17 0.10 -0.03	yaw: -0.92	msg/s 588.0	link quality: 43	kalman var: 0.001 0.001 0.001	flight time: 25s	 batterySag: 0.5859375
INFO: 2021-10-09 18:16:54 printStatus(175) -- Drogno_7: stand by		battery 3.61	pos 1.17 0.10 -0.03	yaw: -0.92	msg/s 611.3333333333334	link quality: 43	kalman var: 0.001 0.001 0.001	flight time: 25s	 batterySag: 0.5859375
INFO: 2021-10-09 18:16:55 printStatus(175) -- Drogno_7: stand by		battery 3.61	pos 1.17 0.10 -0.03	yaw: -0.92	msg/s 634.6666666666666	link quality: 43	kalman var: 0.001 0.001 0.001	flight time: 25s	 batterySag: 0.5859375
INFO: 2021-10-09 18:16:57 printStatus(175) -- Drogno_7: stand by		battery 3.61	pos 1.17 0.10 -0.03	yaw: -0.92	msg/s 658.6666666666666	link quality: 43	kalman var: 0.001 0.001 0.001	flight time: 25s	 batterySag: 0.5859375
INFO: 2021-10-09 18:16:58 printStatus(175) -- Drogno_7: stand by		battery 3.61	pos 1.17 0.10 -0.03	yaw: -0.92	msg/s 681.3333333333334	link quality: 43	kalman var: 0.001 0.001 0.001	flight time: 25s	 batterySag: 0.5859375
INFO: 2021-10-09 18:17:00 printStatus(175) -- Drogno_7: stand by		battery 3.61	pos 1.17 0.10 -0.03	yaw: -0.92	msg/s 705.3333333333334	link quality: 43	kalman var: 0.001 0.001 0.001	flight time: 25s	 batterySag: 0.5859375
INFO: 2021-10-09 18:17:01 printStatus(175) -- Drogno_7: stand by		battery 3.61	pos 1.17 0.10 -0.03	yaw: -0.92	msg/s 729.3333333333334	link quality: 43	kalman var: 0.001 0.001 0.001	flight time: 25s	 batterySag: 0.5859375
INFO: 2021-10-09 18:17:03 printStatus(175) -- Drogno_7: stand by		battery 3.61	pos 1.17 0.10 -0.03	yaw: -0.92	msg/s 753.3333333333334	link quality: 43	kalman var: 0.001 0.001 0.001	flight time: 25s	 batterySag: 0.5859375
INFO: 2021-10-09 18:17:04 printStatus(175) -- Drogno_7: stand by		battery 3.61	pos 1.17 0.10 -0.03	yaw: -0.92	msg/s 776.6666666666666	link quality: 43	kalman var: 0.001 0.001 0.001	flight time: 25s	 batterySag: 0.5859375
INFO: 2021-10-09 18:17:06 printStatus(175) -- Drogno_7: stand by		battery 3.61	pos 1.17 0.10 -0.03	yaw: -0.92	msg/s 800.0	link quality: 43	kalman var: 0.001 0.001 0.001	flight time: 25s	 batterySag: 0.5859375
INFO: 2021-10-09 18:17:08 printStatus(175) -- Drogno_7: stand by		battery 3.61	pos 1.17 0.10 -0.03	yaw: -0.92	msg/s 824.0	link quality: 43	kalman var: 0.001 0.001 0.001	flight time: 25s	 batterySag: 0.5859375
INFO: 2021-10-09 18:17:09 printStatus(175) -- Drogno_7: stand by		battery 3.61	pos 1.17 0.10 -0.03	yaw: -0.92	msg/s 840.0	link quality: 43	kalman var: 0.001 0.001 0.001	flight time: 25s	 batterySag: 0.5859375
