INFO: 2021-10-09 15:54:39 __init__(134) -- This is dronelog running on Drogno_3
INFO: 2021-10-09 15:54:39 printStatus(172) -- Started
INFO: 2021-10-09 15:54:41 printStatus(175) -- Drogno_3: connecting		battery n.p.	pos 0.00 0.00 0.00	yaw: 0.00	msg/s 0.0	link quality: 0	kalman var: 0 0 0	flight time: 0s	 batterySag: 0
INFO: 2021-10-09 15:54:42 printStatus(175) -- Drogno_3: connecting		battery n.p.	pos 0.00 0.00 0.00	yaw: 0.00	msg/s 0.0	link quality: 0	kalman var: 0 0 0	flight time: 0s	 batterySag: 0
INFO: 2021-10-09 15:54:44 printStatus(175) -- Drogno_3: connecting		battery n.p.	pos 0.00 0.00 0.00	yaw: 0.00	msg/s 0.0	link quality: 0	kalman var: 0 0 0	flight time: 0s	 batterySag: 0
INFO: 2021-10-09 15:54:45 printStatus(175) -- Drogno_3: connecting		battery n.p.	pos 0.00 0.00 0.00	yaw: 0.00	msg/s 0.0	link quality: 0	kalman var: 0 0 0	flight time: 0s	 batterySag: 0
INFO: 2021-10-09 15:54:47 printStatus(175) -- Drogno_3: connecting		battery n.p.	pos 0.00 0.00 0.00	yaw: 0.00	msg/s 0.0	link quality: 0	kalman var: 0 0 0	flight time: 0s	 batterySag: 0
INFO: 2021-10-09 15:54:49 printStatus(175) -- Drogno_3: landed		battery n.p.	pos 0.00 0.00 0.00	yaw: 0.00	msg/s 0.0	link quality: 0	kalman var: 0 0 0	flight time: 0s	 batterySag: 0
INFO: 2021-10-09 15:54:50 printStatus(175) -- Drogno_3: landed		battery n.p.	pos 0.00 0.00 0.00	yaw: 0.00	msg/s 0.0	link quality: 0	kalman var: 0 0 0	flight time: 0s	 batterySag: 0
INFO: 2021-10-09 15:54:52 printStatus(175) -- Drogno_3: ready		battery 4.1	pos 0.00 -0.00 0.00	yaw: -0.24	msg/s 0.0	link quality: 63	kalman var: 0.001 0.001 0.0	flight time: 0s	 batterySag: 0.638671875
INFO: 2021-10-09 15:54:53 printStatus(175) -- Drogno_3: ready		battery 4.1	pos 0.00 -0.00 0.00	yaw: -0.04	msg/s 0.0	link quality: 61	kalman var: 0.001 0.001 0.001	flight time: 0s	 batterySag: 0.638671875
INFO: 2021-10-09 15:54:55 printStatus(175) -- Drogno_3: ready		battery 4.1	pos 0.00 -0.00 -0.00	yaw: -0.09	msg/s 0.0	link quality: 61	kalman var: 0.001 0.001 0.001	flight time: 0s	 batterySag: 0.638671875
INFO: 2021-10-09 15:54:57 printStatus(175) -- Drogno_3: hovering		battery 4.1	pos 0.00 -0.00 0.00	yaw: -0.19	msg/s 0.0	link quality: 61	kalman var: 0.001 0.001 0.001	flight time: 0s	 batterySag: 0.638671875
INFO: 2021-10-09 15:54:58 printStatus(175) -- Drogno_3: ready		battery 3.79	pos 0.00 -0.01 0.45	yaw: -2.40	msg/s 0.0	link quality: 42	kalman var: 0.001 0.001 0.001	flight time: 0s	 batterySag: 0.638671875
INFO: 2021-10-09 15:55:00 printStatus(175) -- Drogno_3: ready		battery 3.76	pos -0.01 -0.05 0.81	yaw: -0.25	msg/s 0.0	link quality: 43	kalman var: 0.0 0.0 0.0	flight time: 2s	 batterySag: 0.638671875
INFO: 2021-10-09 15:55:01 printStatus(175) -- Drogno_3: ready		battery 3.74	pos 0.00 0.04 0.86	yaw: -0.57	msg/s 0.0	link quality: 39	kalman var: 0.0 0.0 0.0	flight time: 3s	 batterySag: 0.638671875
INFO: 2021-10-09 15:55:03 printStatus(175) -- Drogno_3: ready		battery 3.72	pos -0.01 0.00 0.85	yaw: -3.68	msg/s 0.0	link quality: 37	kalman var: 0.0 0.0 0.0	flight time: 5s	 batterySag: 0.638671875
INFO: 2021-10-09 15:55:04 printStatus(175) -- Drogno_3: ready		battery 3.72	pos 0.03 0.05 0.84	yaw: -3.10	msg/s 0.0	link quality: 38	kalman var: 0.0 0.0 0.0	flight time: 6s	 batterySag: 0.638671875
INFO: 2021-10-09 15:55:06 printStatus(175) -- Drogno_3: ready		battery 3.71	pos 0.06 0.06 0.83	yaw: -1.82	msg/s 0.0	link quality: 45	kalman var: 0.001 0.001 0.001	flight time: 8s	 batterySag: 0.638671875
INFO: 2021-10-09 15:55:07 printStatus(175) -- Drogno_3: ready		battery 3.7	pos 0.01 0.05 0.82	yaw: 0.83	msg/s 0.0	link quality: 42	kalman var: 0.0 0.0 0.0	flight time: 9s	 batterySag: 0.638671875
INFO: 2021-10-09 15:55:09 printStatus(175) -- Drogno_3: ready		battery 3.71	pos -0.02 -0.00 0.82	yaw: 5.37	msg/s 0.0	link quality: 42	kalman var: 0.001 0.001 0.001	flight time: 11s	 batterySag: 0.638671875
INFO: 2021-10-09 15:55:11 printStatus(175) -- Drogno_3: ready		battery 3.68	pos 0.00 0.01 0.81	yaw: 3.88	msg/s 0.0	link quality: 41	kalman var: 0.0 0.0 0.0	flight time: 13s	 batterySag: 0.638671875
INFO: 2021-10-09 15:55:12 printStatus(175) -- Drogno_3: ready		battery 3.68	pos 0.01 0.02 0.80	yaw: -4.29	msg/s 0.0	link quality: 44	kalman var: 0.0 0.0 0.0	flight time: 14s	 batterySag: 0.638671875
INFO: 2021-10-09 15:55:14 printStatus(175) -- Drogno_3: ready		battery 3.67	pos -0.03 0.04 0.80	yaw: 0.11	msg/s 0.0	link quality: 42	kalman var: 0.0 0.0 0.0	flight time: 16s	 batterySag: 0.638671875
INFO: 2021-10-09 15:55:15 printStatus(175) -- Drogno_3: ready		battery 3.68	pos -0.01 0.00 0.82	yaw: 6.70	msg/s 0.0	link quality: 39	kalman var: 0.001 0.001 0.001	flight time: 17s	 batterySag: 0.638671875
INFO: 2021-10-09 15:55:17 printStatus(175) -- Drogno_3: ready		battery 3.66	pos 0.02 -0.05 0.78	yaw: 0.80	msg/s 0.0	link quality: 39	kalman var: 0.0 0.0 0.0	flight time: 19s	 batterySag: 0.638671875
INFO: 2021-10-09 15:55:18 printStatus(175) -- Drogno_3: ready		battery 3.65	pos -0.00 0.01 0.78	yaw: 0.65	msg/s 0.0	link quality: 46	kalman var: 0.0 0.0 0.0	flight time: 20s	 batterySag: 0.638671875
INFO: 2021-10-09 15:55:20 printStatus(175) -- Drogno_3: ready		battery 3.65	pos 0.03 0.01 0.79	yaw: -11.05	msg/s 0.0	link quality: 39	kalman var: 0.0 0.0 0.0	flight time: 22s	 batterySag: 0.638671875
INFO: 2021-10-09 15:55:21 printStatus(175) -- Drogno_3: ready		battery 3.64	pos -0.03 0.02 0.77	yaw: -10.48	msg/s 0.0	link quality: 48	kalman var: 0.0 0.0 0.0	flight time: 24s	 batterySag: 0.638671875
INFO: 2021-10-09 15:55:23 printStatus(175) -- Drogno_3: ready		battery 3.64	pos -0.03 -0.04 0.81	yaw: 5.01	msg/s 0.0	link quality: 39	kalman var: 0.0 0.0 0.0	flight time: 25s	 batterySag: 0.638671875
INFO: 2021-10-09 15:55:25 printStatus(175) -- Drogno_3: ready		battery 3.63	pos -0.04 -0.01 0.79	yaw: 0.43	msg/s 0.0	link quality: 45	kalman var: 0.0 0.0 0.0	flight time: 27s	 batterySag: 0.638671875
INFO: 2021-10-09 15:55:26 printStatus(175) -- Drogno_3: ready		battery 3.64	pos -0.03 -0.01 0.80	yaw: 2.94	msg/s 0.0	link quality: 42	kalman var: 0.001 0.001 0.001	flight time: 28s	 batterySag: 0.638671875
INFO: 2021-10-09 15:55:28 printStatus(175) -- Drogno_3: ready		battery 3.62	pos 0.01 0.00 0.79	yaw: -4.68	msg/s 0.0	link quality: 42	kalman var: 0.006 0.006 0.002	flight time: 30s	 batterySag: 0.638671875
INFO: 2021-10-09 15:55:29 printStatus(175) -- Drogno_3: ready		battery 3.58	pos -0.35 -0.17 0.75	yaw: 3.87	msg/s 0.0	link quality: 38	kalman var: 0.0 0.0 0.0	flight time: 31s	 batterySag: 0.638671875
INFO: 2021-10-09 15:55:31 printStatus(175) -- Drogno_3: ready		battery 3.62	pos -0.02 0.02 0.81	yaw: 2.75	msg/s 0.0	link quality: 42	kalman var: 0.0 0.0 0.0	flight time: 33s	 batterySag: 0.638671875
INFO: 2021-10-09 15:55:32 printStatus(175) -- Drogno_3: ready		battery 3.61	pos 0.01 0.02 0.80	yaw: 3.24	msg/s 0.0	link quality: 43	kalman var: 0.0 0.0 0.0	flight time: 34s	 batterySag: 0.638671875
INFO: 2021-10-09 15:55:34 printStatus(175) -- Drogno_3: ready		battery 3.62	pos 0.02 0.03 0.80	yaw: 0.75	msg/s 0.0	link quality: 42	kalman var: 0.0 0.0 0.0	flight time: 36s	 batterySag: 0.638671875
INFO: 2021-10-09 15:55:35 printStatus(175) -- Drogno_3: ready		battery 3.61	pos 0.00 0.02 0.80	yaw: 1.02	msg/s 0.0	link quality: 42	kalman var: 0.0 0.0 0.0	flight time: 37s	 batterySag: 0.638671875
INFO: 2021-10-09 15:55:37 printStatus(175) -- Drogno_3: ready		battery 3.59	pos 0.03 -0.03 0.78	yaw: -13.01	msg/s 0.0	link quality: 39	kalman var: 0.0 0.0 0.0	flight time: 39s	 batterySag: 0.638671875
INFO: 2021-10-09 15:55:39 printStatus(175) -- Drogno_3: ready		battery 3.62	pos -0.01 0.04 0.82	yaw: -5.73	msg/s 0.0	link quality: 39	kalman var: 0.0 0.0 0.0	flight time: 41s	 batterySag: 0.638671875
INFO: 2021-10-09 15:55:40 printStatus(175) -- Drogno_3: ready		battery 3.6	pos -0.02 0.03 0.81	yaw: 2.70	msg/s 0.0	link quality: 42	kalman var: 0.0 0.0 0.0	flight time: 42s	 batterySag: 0.638671875
INFO: 2021-10-09 15:55:42 printStatus(175) -- Drogno_3: ready		battery 3.59	pos -0.04 -0.02 0.80	yaw: 1.08	msg/s 0.0	link quality: 46	kalman var: 0.0 0.0 0.0	flight time: 44s	 batterySag: 0.638671875
INFO: 2021-10-09 15:55:43 printStatus(175) -- Drogno_3: ready		battery 3.59	pos -0.02 0.02 0.80	yaw: 4.95	msg/s 0.0	link quality: 42	kalman var: 0.0 0.0 0.0	flight time: 45s	 batterySag: 0.638671875
INFO: 2021-10-09 15:55:45 printStatus(175) -- Drogno_3: ready		battery 3.61	pos 0.01 0.02 0.81	yaw: 5.77	msg/s 0.0	link quality: 42	kalman var: 0.0 0.0 0.0	flight time: 47s	 batterySag: 0.638671875
INFO: 2021-10-09 15:55:46 printStatus(175) -- Drogno_3: ready		battery 3.6	pos 0.00 -0.03 0.81	yaw: 4.88	msg/s 0.0	link quality: 40	kalman var: 0.0 0.0 0.0	flight time: 48s	 batterySag: 0.638671875
INFO: 2021-10-09 15:55:48 printStatus(175) -- Drogno_3: ready		battery 3.58	pos -0.02 0.48 0.79	yaw: -2.23	msg/s 0.0	link quality: 41	kalman var: 0.0 0.0 0.001	flight time: 50s	 batterySag: 0.638671875
INFO: 2021-10-09 15:55:49 printStatus(175) -- Drogno_3: ready		battery 3.58	pos 0.03 0.50 0.79	yaw: -0.46	msg/s 0.0	link quality: 38	kalman var: 0.003 0.003 0.002	flight time: 51s	 batterySag: 0.638671875
INFO: 2021-10-09 15:55:51 printStatus(175) -- Drogno_3: ready		battery 3.57	pos -0.02 0.50 0.79	yaw: -0.86	msg/s 0.0	link quality: 41	kalman var: 0.001 0.001 0.001	flight time: 53s	 batterySag: 0.638671875
INFO: 2021-10-09 15:55:53 printStatus(175) -- Drogno_3: ready		battery 3.58	pos -0.01 0.48 0.79	yaw: -2.01	msg/s 0.0	link quality: 41	kalman var: 0.0 0.0 0.001	flight time: 55s	 batterySag: 0.638671875
INFO: 2021-10-09 15:55:54 printStatus(175) -- Drogno_3: ready		battery 3.57	pos -0.04 0.51 0.78	yaw: 0.93	msg/s 0.0	link quality: 44	kalman var: 0.001 0.001 0.001	flight time: 56s	 batterySag: 0.638671875
INFO: 2021-10-09 15:55:56 printStatus(175) -- Drogno_3: ready		battery 3.57	pos 0.04 0.59 0.77	yaw: -0.91	msg/s 0.0	link quality: 37	kalman var: 0.0 0.0 0.0	flight time: 58s	 batterySag: 0.638671875
INFO: 2021-10-09 15:55:57 printStatus(175) -- Drogno_3: ready		battery 3.56	pos 0.05 0.53 0.79	yaw: 0.45	msg/s 0.0	link quality: 39	kalman var: 0.0 0.0 0.0	flight time: 59s	 batterySag: 0.638671875
INFO: 2021-10-09 15:55:59 printStatus(175) -- Drogno_3: ready		battery 3.56	pos 0.05 0.52 0.82	yaw: 1.03	msg/s 0.0	link quality: 38	kalman var: 0.001 0.001 0.001	flight time: 61s	 batterySag: 0.638671875
INFO: 2021-10-09 15:56:00 printStatus(175) -- Drogno_3: ready		battery 3.57	pos 0.01 0.53 0.79	yaw: 3.27	msg/s 0.0	link quality: 39	kalman var: 0.0 0.0 0.0	flight time: 62s	 batterySag: 0.638671875
INFO: 2021-10-09 15:56:02 printStatus(175) -- Drogno_3: ready		battery 3.55	pos 0.03 0.50 0.80	yaw: 1.11	msg/s 0.0	link quality: 41	kalman var: 0.002 0.002 0.001	flight time: 64s	 batterySag: 0.638671875
INFO: 2021-10-09 15:56:03 printStatus(175) -- Drogno_3: ready		battery 3.55	pos 0.05 0.50 0.80	yaw: -0.08	msg/s 0.0	link quality: 39	kalman var: 0.002 0.002 0.001	flight time: 65s	 batterySag: 0.638671875
INFO: 2021-10-09 15:56:05 printStatus(175) -- Drogno_3: ready		battery 3.55	pos 0.03 0.50 0.80	yaw: 0.70	msg/s 0.0	link quality: 39	kalman var: 0.007 0.007 0.002	flight time: 67s	 batterySag: 0.638671875
INFO: 2021-10-09 15:56:07 printStatus(175) -- Drogno_3: BAD kalman		battery 3.55	pos 0.03 0.50 0.80	yaw: 0.97	msg/s 0.0	link quality: 42	kalman var: 0.019 0.019 0.003	flight time: 69s	 batterySag: 0.638671875
INFO: 2021-10-09 15:56:08 printStatus(175) -- Drogno_3: ready		battery 3.55	pos -0.06 0.46 0.76	yaw: -2.92	msg/s 0.0	link quality: 43	kalman var: 0.0 0.0 0.0	flight time: 70s	 batterySag: 0.638671875
INFO: 2021-10-09 15:56:10 printStatus(175) -- Drogno_3: ready		battery 3.54	pos -0.15 0.48 0.81	yaw: -0.98	msg/s 0.0	link quality: 37	kalman var: 0.0 0.0 0.0	flight time: 72s	 batterySag: 0.638671875
INFO: 2021-10-09 15:56:11 printStatus(175) -- Drogno_3: ready		battery 3.53	pos -0.06 0.58 0.78	yaw: 1.76	msg/s 0.0	link quality: 43	kalman var: 0.0 0.0 0.0	flight time: 73s	 batterySag: 0.638671875
INFO: 2021-10-09 15:56:13 printStatus(175) -- Drogno_3: ready		battery 3.54	pos 0.06 0.48 0.80	yaw: 0.50	msg/s 0.0	link quality: 41	kalman var: 0.003 0.003 0.001	flight time: 75s	 batterySag: 0.638671875
INFO: 2021-10-09 15:56:14 printStatus(175) -- Drogno_3: ready		battery 3.54	pos 0.06 0.51 0.80	yaw: 0.27	msg/s 0.0	link quality: 40	kalman var: 0.001 0.001 0.001	flight time: 76s	 batterySag: 0.638671875
INFO: 2021-10-09 15:56:16 printStatus(175) -- Drogno_3: ready		battery 3.53	pos 0.01 0.49 0.79	yaw: 0.10	msg/s 0.0	link quality: 41	kalman var: 0.001 0.001 0.001	flight time: 78s	 batterySag: 0.638671875
INFO: 2021-10-09 15:56:17 printStatus(175) -- Drogno_3: ready		battery 3.53	pos 0.04 0.50 0.80	yaw: -2.21	msg/s 0.0	link quality: 39	kalman var: 0.005 0.005 0.002	flight time: 79s	 batterySag: 0.638671875
INFO: 2021-10-09 15:56:19 printStatus(175) -- Drogno_3: ready		battery 3.54	pos 0.03 0.50 0.81	yaw: 0.39	msg/s 0.0	link quality: 39	kalman var: 0.002 0.002 0.001	flight time: 81s	 batterySag: 0.638671875
INFO: 2021-10-09 15:56:21 printStatus(175) -- Drogno_3: ready		battery 3.53	pos 0.03 0.50 0.80	yaw: 0.33	msg/s 0.0	link quality: 38	kalman var: 0.008 0.008 0.002	flight time: 83s	 batterySag: 0.638671875
INFO: 2021-10-09 15:56:22 printStatus(175) -- Drogno_3: ready		battery 3.53	pos 0.08 0.56 0.79	yaw: 0.23	msg/s 0.0	link quality: 42	kalman var: 0.001 0.001 0.001	flight time: 84s	 batterySag: 0.638671875
INFO: 2021-10-09 15:56:24 printStatus(175) -- Drogno_3: ready		battery 3.52	pos 0.04 0.52 0.81	yaw: 1.25	msg/s 0.0	link quality: 37	kalman var: 0.001 0.001 0.001	flight time: 86s	 batterySag: 0.638671875
INFO: 2021-10-09 15:56:25 printStatus(175) -- Drogno_3: ready		battery 3.52	pos 0.05 0.56 0.80	yaw: -0.23	msg/s 0.0	link quality: 39	kalman var: 0.0 0.0 0.0	flight time: 87s	 batterySag: 0.638671875
INFO: 2021-10-09 15:56:27 printStatus(175) -- Drogno_3: ready		battery 3.52	pos 0.04 0.55 0.77	yaw: -0.36	msg/s 0.0	link quality: 38	kalman var: 0.001 0.001 0.001	flight time: 89s	 batterySag: 0.638671875
INFO: 2021-10-09 15:56:28 printStatus(175) -- Drogno_3: ready		battery 3.47	pos 0.04 0.57 0.74	yaw: 1.42	msg/s 0.0	link quality: 39	kalman var: 0.001 0.001 0.001	flight time: 90s	 batterySag: 0.638671875
INFO: 2021-10-09 15:56:30 printStatus(175) -- Drogno_3: ready		battery 3.51	pos 0.09 0.62 0.80	yaw: 0.53	msg/s 0.0	link quality: 39	kalman var: 0.001 0.001 0.001	flight time: 92s	 batterySag: 0.638671875
INFO: 2021-10-09 15:56:32 printStatus(175) -- Drogno_3: ready		battery 3.51	pos 0.02 0.48 0.81	yaw: 1.54	msg/s 0.0	link quality: 39	kalman var: 0.003 0.003 0.001	flight time: 94s	 batterySag: 0.638671875
INFO: 2021-10-09 15:56:33 printStatus(175) -- Drogno_3: ready		battery 3.51	pos 0.03 0.50 0.80	yaw: -1.08	msg/s 0.0	link quality: 44	kalman var: 0.009 0.009 0.002	flight time: 95s	 batterySag: 0.638671875
INFO: 2021-10-09 15:56:35 printStatus(175) -- Drogno_3: ready		battery 3.51	pos 0.01 0.49 0.80	yaw: -0.91	msg/s 0.0	link quality: 41	kalman var: 0.0 0.0 0.001	flight time: 97s	 batterySag: 0.638671875
INFO: 2021-10-09 15:56:36 printStatus(175) -- Drogno_3: ready		battery 3.5	pos 0.04 0.50 0.80	yaw: -0.56	msg/s 0.0	link quality: 42	kalman var: 0.002 0.002 0.001	flight time: 98s	 batterySag: 0.638671875
INFO: 2021-10-09 15:56:38 printStatus(175) -- Drogno_3: ready		battery 3.49	pos 0.07 0.62 0.78	yaw: -0.64	msg/s 0.0	link quality: 39	kalman var: 0.001 0.001 0.001	flight time: 100s	 batterySag: 0.638671875
INFO: 2021-10-09 15:56:39 printStatus(175) -- Drogno_3: ready		battery 3.49	pos 0.01 0.49 0.80	yaw: 2.35	msg/s 0.0	link quality: 40	kalman var: 0.001 0.001 0.001	flight time: 101s	 batterySag: 0.638671875
INFO: 2021-10-09 15:56:41 printStatus(175) -- Drogno_3: ready		battery 3.51	pos 0.03 0.50 0.80	yaw: 1.31	msg/s 0.0	link quality: 39	kalman var: 0.001 0.001 0.001	flight time: 103s	 batterySag: 0.638671875
INFO: 2021-10-09 15:56:42 printStatus(175) -- Drogno_3: ready		battery 3.5	pos 0.03 0.50 0.80	yaw: -0.92	msg/s 0.0	link quality: 41	kalman var: 0.006 0.006 0.002	flight time: 104s	 batterySag: 0.638671875
INFO: 2021-10-09 15:56:44 printStatus(175) -- Drogno_3: ready		battery 3.52	pos 0.02 0.46 0.73	yaw: -2.70	msg/s 0.0	link quality: 41	kalman var: 0.0 0.0 0.0	flight time: 106s	 batterySag: 0.638671875
INFO: 2021-10-09 15:56:45 printStatus(175) -- Drogno_3: ready		battery 3.48	pos -0.01 0.46 0.81	yaw: -3.15	msg/s 0.0	link quality: 41	kalman var: 0.0 0.0 0.0	flight time: 108s	 batterySag: 0.638671875
INFO: 2021-10-09 15:56:47 printStatus(175) -- Drogno_3: ready		battery 3.47	pos 0.01 0.53 0.81	yaw: -3.61	msg/s 0.0	link quality: 39	kalman var: 0.001 0.001 0.001	flight time: 109s	 batterySag: 0.638671875
INFO: 2021-10-09 15:56:49 printStatus(175) -- Drogno_3: ready		battery 3.47	pos -0.01 0.50 0.81	yaw: -4.44	msg/s 0.0	link quality: 39	kalman var: 0.0 0.0 0.0	flight time: 111s	 batterySag: 0.638671875
INFO: 2021-10-09 15:56:50 printStatus(175) -- Drogno_3: ready		battery 3.48	pos 0.04 0.50 0.81	yaw: -2.23	msg/s 0.0	link quality: 42	kalman var: 0.002 0.002 0.001	flight time: 112s	 batterySag: 0.638671875
INFO: 2021-10-09 15:56:52 printStatus(175) -- Drogno_3: ready		battery 3.47	pos 0.03 0.50 0.81	yaw: 1.20	msg/s 0.0	link quality: 40	kalman var: 0.006 0.006 0.002	flight time: 114s	 batterySag: 0.638671875
INFO: 2021-10-09 15:56:53 printStatus(175) -- Drogno_3: ready		battery 3.47	pos -0.05 0.51 0.83	yaw: 2.00	msg/s 0.0	link quality: 42	kalman var: 0.0 0.0 0.001	flight time: 115s	 batterySag: 0.638671875
INFO: 2021-10-09 15:56:55 printStatus(175) -- Drogno_3: ready		battery 3.47	pos 0.09 0.51 0.80	yaw: -4.59	msg/s 0.0	link quality: 41	kalman var: 0.0 0.0 0.0	flight time: 117s	 batterySag: 0.638671875
INFO: 2021-10-09 15:56:57 printStatus(175) -- Drogno_3: ready		battery 3.45	pos 0.10 0.55 0.79	yaw: -4.19	msg/s 0.0	link quality: 39	kalman var: 0.0 0.0 0.0	flight time: 118s	 batterySag: 0.638671875
INFO: 2021-10-09 15:56:58 printStatus(175) -- Drogno_3: ready		battery 3.47	pos 0.04 0.55 0.80	yaw: -0.13	msg/s 0.0	link quality: 39	kalman var: 0.001 0.001 0.001	flight time: 120s	 batterySag: 0.638671875
INFO: 2021-10-09 15:57:00 printStatus(175) -- Drogno_3: ready		battery 3.46	pos 0.03 0.56 0.79	yaw: 2.28	msg/s 0.0	link quality: 38	kalman var: 0.0 0.0 0.0	flight time: 122s	 batterySag: 0.638671875
INFO: 2021-10-09 15:57:02 printStatus(175) -- Drogno_3: ready		battery 3.46	pos 0.01 0.46 0.79	yaw: 0.82	msg/s 0.0	link quality: 42	kalman var: 0.001 0.001 0.001	flight time: 123s	 batterySag: 0.638671875
INFO: 2021-10-09 15:57:03 printStatus(175) -- Drogno_3: ready		battery 3.45	pos 0.05 0.54 0.81	yaw: 0.54	msg/s 0.0	link quality: 38	kalman var: 0.001 0.001 0.001	flight time: 125s	 batterySag: 0.638671875
INFO: 2021-10-09 15:57:05 printStatus(175) -- Drogno_3: ready		battery 3.46	pos 0.08 0.54 0.80	yaw: -1.18	msg/s 0.0	link quality: 39	kalman var: 0.001 0.001 0.001	flight time: 127s	 batterySag: 0.638671875
INFO: 2021-10-09 15:57:06 printStatus(175) -- Drogno_3: ready		battery 3.46	pos 0.06 0.54 0.80	yaw: 1.78	msg/s 0.0	link quality: 38	kalman var: 0.001 0.001 0.001	flight time: 128s	 batterySag: 0.638671875
INFO: 2021-10-09 15:57:08 printStatus(175) -- Drogno_3: ready		battery 3.45	pos 0.04 0.54 0.80	yaw: 1.94	msg/s 0.0	link quality: 37	kalman var: 0.001 0.001 0.001	flight time: 130s	 batterySag: 0.638671875
INFO: 2021-10-09 15:57:09 printStatus(175) -- Drogno_3: ready		battery 3.45	pos -0.04 0.47 0.80	yaw: 3.08	msg/s 0.0	link quality: 39	kalman var: 0.0 0.0 0.0	flight time: 131s	 batterySag: 0.638671875
INFO: 2021-10-09 15:57:11 printStatus(175) -- Drogno_3: ready		battery 3.45	pos 0.04 0.50 0.80	yaw: 4.66	msg/s 0.0	link quality: 42	kalman var: 0.003 0.003 0.002	flight time: 133s	 batterySag: 0.638671875
INFO: 2021-10-09 15:57:12 printStatus(175) -- Drogno_3: ready		battery 3.43	pos -0.02 0.45 0.78	yaw: -0.99	msg/s 0.0	link quality: 43	kalman var: 0.0 0.0 0.0	flight time: 134s	 batterySag: 0.638671875
INFO: 2021-10-09 15:57:14 printStatus(175) -- Drogno_3: ready		battery 3.45	pos 0.03 0.49 0.82	yaw: 1.99	msg/s 0.0	link quality: 39	kalman var: 0.002 0.002 0.001	flight time: 136s	 batterySag: 0.638671875
INFO: 2021-10-09 15:57:16 printStatus(175) -- Drogno_3: ready		battery 3.44	pos 0.00 0.64 0.67	yaw: 1.68	msg/s 0.0	link quality: 37	kalman var: 0.001 0.001 0.001	flight time: 138s	 batterySag: 0.638671875
INFO: 2021-10-09 15:57:17 printStatus(175) -- Drogno_3: ready		battery 3.45	pos 0.03 0.50 0.81	yaw: 0.69	msg/s 0.0	link quality: 39	kalman var: 0.003 0.003 0.002	flight time: 139s	 batterySag: 0.638671875
INFO: 2021-10-09 15:57:19 printStatus(175) -- Drogno_3: ready		battery 3.45	pos 0.09 0.58 0.76	yaw: -0.74	msg/s 0.0	link quality: 38	kalman var: 0.0 0.0 0.0	flight time: 141s	 batterySag: 0.638671875
INFO: 2021-10-09 15:57:20 printStatus(175) -- Drogno_3: ready		battery 3.45	pos 0.02 0.50 0.81	yaw: 1.05	msg/s 0.0	link quality: 40	kalman var: 0.0 0.0 0.0	flight time: 142s	 batterySag: 0.638671875
INFO: 2021-10-09 15:57:22 printStatus(175) -- Drogno_3: ready		battery 3.43	pos -0.00 0.49 0.79	yaw: -1.50	msg/s 0.0	link quality: 41	kalman var: 0.001 0.001 0.001	flight time: 144s	 batterySag: 0.638671875
INFO: 2021-10-09 15:57:23 printStatus(175) -- Drogno_3: landing		battery 3.43	pos -0.02 0.49 0.79	yaw: -1.14	msg/s 0.0	link quality: 41	kalman var: 0.001 0.001 0.001	flight time: 145s	 batterySag: 0.638671875
INFO: 2021-10-09 15:57:25 printStatus(175) -- Drogno_3: ready		battery 3.43	pos 0.12 0.63 0.53	yaw: -6.77	msg/s 0.0	link quality: 39	kalman var: 0.001 0.001 0.0	flight time: 145s	 batterySag: 0.638671875
INFO: 2021-10-09 15:57:27 printStatus(175) -- Drogno_3: ready		battery 3.42	pos -0.00 0.49 0.01	yaw: -4.31	msg/s 0.0	link quality: 40	kalman var: 0.0 0.0 0.0	flight time: 145s	 batterySag: 0.638671875
INFO: 2021-10-09 15:57:28 printStatus(175) -- Drogno_3: ready		battery 3.76	pos -0.02 0.49 -0.02	yaw: -0.56	msg/s 0.0	link quality: 45	kalman var: 0.0 0.0 0.0	flight time: 145s	 batterySag: 0.638671875
INFO: 2021-10-09 15:57:30 printStatus(175) -- Drogno_3: ready		battery 3.77	pos -0.02 0.49 -0.02	yaw: -0.58	msg/s 0.0	link quality: 45	kalman var: 0.0 0.0 0.0	flight time: 145s	 batterySag: 0.638671875
INFO: 2021-10-09 15:57:31 printStatus(175) -- Drogno_3: ready		battery 3.78	pos -0.02 0.49 -0.02	yaw: -0.61	msg/s 0.0	link quality: 45	kalman var: 0.0 0.0 0.0	flight time: 145s	 batterySag: 0.638671875
INFO: 2021-10-09 15:57:33 printStatus(175) -- Drogno_3: ready		battery 3.79	pos -0.02 0.49 -0.02	yaw: -0.58	msg/s 0.0	link quality: 45	kalman var: 0.0 0.0 0.0	flight time: 145s	 batterySag: 0.638671875
INFO: 2021-10-09 15:57:34 printStatus(175) -- Drogno_3: ready		battery 3.79	pos -0.02 0.49 -0.02	yaw: -0.58	msg/s 0.0	link quality: 45	kalman var: 0.0 0.0 0.0	flight time: 145s	 batterySag: 0.638671875
INFO: 2021-10-09 15:57:36 printStatus(175) -- Drogno_3: ready		battery 3.79	pos -0.02 0.49 -0.02	yaw: -0.61	msg/s 0.0	link quality: 45	kalman var: 0.0 0.0 0.0	flight time: 145s	 batterySag: 0.638671875
INFO: 2021-10-09 15:57:38 printStatus(175) -- Drogno_3: ready		battery 3.8	pos -0.02 0.49 -0.02	yaw: -0.62	msg/s 0.0	link quality: 45	kalman var: 0.0 0.0 0.0	flight time: 145s	 batterySag: 0.638671875
INFO: 2021-10-09 15:57:39 printStatus(175) -- Drogno_3: ready		battery 3.8	pos -0.02 0.49 -0.02	yaw: -0.58	msg/s 0.0	link quality: 45	kalman var: 0.0 0.0 0.0	flight time: 145s	 batterySag: 0.638671875
INFO: 2021-10-09 15:57:41 printStatus(175) -- Drogno_3: ready		battery 3.81	pos -0.02 0.49 -0.02	yaw: -0.65	msg/s 0.0	link quality: 45	kalman var: 0.0 0.0 0.0	flight time: 145s	 batterySag: 0.638671875
INFO: 2021-10-09 15:57:43 printStatus(175) -- Drogno_3: ready		battery 3.81	pos -0.02 0.49 -0.02	yaw: -0.62	msg/s 0.0	link quality: 45	kalman var: 0.0 0.0 0.0	flight time: 145s	 batterySag: 0.638671875
INFO: 2021-10-09 15:57:44 printStatus(175) -- Drogno_3: ready		battery 3.81	pos -0.02 0.49 -0.02	yaw: -0.61	msg/s 0.0	link quality: 45	kalman var: 0.0 0.0 0.0	flight time: 145s	 batterySag: 0.638671875
INFO: 2021-10-09 15:57:46 printStatus(175) -- Drogno_3: ready		battery 3.81	pos -0.02 0.49 -0.02	yaw: -0.58	msg/s 0.0	link quality: 45	kalman var: 0.0 0.0 0.001	flight time: 145s	 batterySag: 0.638671875
INFO: 2021-10-09 15:57:48 printStatus(175) -- Drogno_3: ready		battery 3.81	pos -0.02 0.49 -0.02	yaw: -0.55	msg/s 0.0	link quality: 45	kalman var: 0.0 0.0 0.0	flight time: 145s	 batterySag: 0.638671875
INFO: 2021-10-09 15:57:49 printStatus(175) -- Drogno_3: ready		battery 3.82	pos -0.02 0.48 -0.02	yaw: -0.61	msg/s 0.0	link quality: 45	kalman var: 0.001 0.001 0.001	flight time: 145s	 batterySag: 0.638671875
INFO: 2021-10-09 15:57:51 printStatus(175) -- Drogno_3: ready		battery 3.82	pos -0.02 0.49 -0.02	yaw: -0.62	msg/s 0.0	link quality: 45	kalman var: 0.0 0.0 0.0	flight time: 145s	 batterySag: 0.638671875
INFO: 2021-10-09 15:57:53 printStatus(175) -- Drogno_3: ready		battery 3.82	pos -0.02 0.49 -0.02	yaw: -0.56	msg/s 0.0	link quality: 45	kalman var: 0.0 0.0 0.0	flight time: 145s	 batterySag: 0.638671875
INFO: 2021-10-09 15:57:54 printStatus(175) -- Drogno_3: ready		battery 3.82	pos -0.02 0.49 -0.02	yaw: -0.60	msg/s 0.0	link quality: 45	kalman var: 0.0 0.0 0.0	flight time: 145s	 batterySag: 0.638671875
INFO: 2021-10-09 15:57:56 printStatus(175) -- Drogno_3: ready		battery 3.82	pos -0.02 0.49 -0.02	yaw: -0.60	msg/s 0.0	link quality: 45	kalman var: 0.0 0.0 0.0	flight time: 145s	 batterySag: 0.638671875
INFO: 2021-10-09 15:57:57 printStatus(175) -- Drogno_3: ready		battery 3.82	pos -0.02 0.49 -0.02	yaw: -0.60	msg/s 0.0	link quality: 45	kalman var: 0.0 0.0 0.0	flight time: 145s	 batterySag: 0.638671875
INFO: 2021-10-09 15:57:59 printStatus(175) -- Drogno_3: ready		battery 3.82	pos -0.01 0.48 -0.02	yaw: -0.64	msg/s 0.0	link quality: 45	kalman var: 0.002 0.002 0.001	flight time: 145s	 batterySag: 0.638671875
INFO: 2021-10-09 15:58:01 printStatus(175) -- Drogno_3: ready		battery 3.82	pos -0.02 0.49 -0.02	yaw: -0.60	msg/s 0.0	link quality: 45	kalman var: 0.0 0.0 0.0	flight time: 145s	 batterySag: 0.638671875
INFO: 2021-10-09 15:58:02 printStatus(175) -- Drogno_3: ready		battery 3.82	pos -0.02 0.49 -0.02	yaw: -0.58	msg/s 0.0	link quality: 45	kalman var: 0.0 0.0 0.0	flight time: 145s	 batterySag: 0.638671875
INFO: 2021-10-09 15:58:04 printStatus(175) -- Drogno_3: ready		battery 3.82	pos -0.02 0.49 -0.02	yaw: -0.62	msg/s 0.0	link quality: 45	kalman var: 0.0 0.0 0.0	flight time: 145s	 batterySag: 0.638671875
INFO: 2021-10-09 15:58:05 printStatus(175) -- Drogno_3: ready		battery 3.82	pos -0.02 0.49 -0.02	yaw: -0.57	msg/s 0.0	link quality: 45	kalman var: 0.0 0.0 0.0	flight time: 145s	 batterySag: 0.638671875
INFO: 2021-10-09 15:58:07 printStatus(175) -- Drogno_3: ready		battery 3.82	pos -0.02 0.49 -0.02	yaw: -0.63	msg/s 0.0	link quality: 45	kalman var: 0.0 0.0 0.0	flight time: 145s	 batterySag: 0.638671875
INFO: 2021-10-09 15:58:08 printStatus(175) -- Drogno_3: ready		battery 3.82	pos -0.02 0.49 -0.02	yaw: -0.66	msg/s 0.0	link quality: 45	kalman var: 0.0 0.0 0.001	flight time: 145s	 batterySag: 0.638671875
INFO: 2021-10-09 15:58:10 printStatus(175) -- Drogno_3: ready		battery 3.82	pos -0.02 0.49 -0.02	yaw: -0.59	msg/s 0.0	link quality: 45	kalman var: 0.0 0.0 0.0	flight time: 145s	 batterySag: 0.638671875
INFO: 2021-10-09 15:58:12 printStatus(175) -- Drogno_3: ready		battery 3.82	pos -0.02 0.49 -0.02	yaw: -0.59	msg/s 0.0	link quality: 45	kalman var: 0.0 0.0 0.0	flight time: 145s	 batterySag: 0.638671875
INFO: 2021-10-09 15:58:13 printStatus(175) -- Drogno_3: ready		battery 3.82	pos -0.02 0.49 -0.02	yaw: -0.56	msg/s 0.0	link quality: 45	kalman var: 0.0 0.0 0.0	flight time: 145s	 batterySag: 0.638671875
INFO: 2021-10-09 15:58:15 printStatus(175) -- Drogno_3: ready		battery 3.82	pos -0.02 0.49 -0.02	yaw: -0.59	msg/s 0.0	link quality: 45	kalman var: 0.0 0.0 0.0	flight time: 145s	 batterySag: 0.638671875
INFO: 2021-10-09 15:58:16 printStatus(175) -- Drogno_3: ready		battery 3.82	pos -0.02 0.49 -0.02	yaw: -0.64	msg/s 0.0	link quality: 45	kalman var: 0.0 0.0 0.0	flight time: 145s	 batterySag: 0.638671875
INFO: 2021-10-09 15:58:18 printStatus(175) -- Drogno_3: ready		battery 3.82	pos -0.01 0.48 -0.02	yaw: -0.57	msg/s 0.0	link quality: 45	kalman var: 0.001 0.001 0.001	flight time: 145s	 batterySag: 0.638671875
INFO: 2021-10-09 15:58:19 printStatus(175) -- Drogno_3: ready		battery 3.83	pos -0.02 0.49 -0.02	yaw: -0.60	msg/s 0.0	link quality: 45	kalman var: 0.0 0.0 0.0	flight time: 145s	 batterySag: 0.638671875
INFO: 2021-10-09 15:58:21 printStatus(175) -- Drogno_3: ready		battery 3.83	pos -0.02 0.48 -0.02	yaw: -0.58	msg/s 0.0	link quality: 45	kalman var: 0.001 0.001 0.001	flight time: 145s	 batterySag: 0.638671875
INFO: 2021-10-09 15:58:22 printStatus(175) -- Drogno_3: ready		battery 3.82	pos -0.02 0.49 -0.02	yaw: -0.57	msg/s 0.0	link quality: 45	kalman var: 0.0 0.0 0.0	flight time: 145s	 batterySag: 0.638671875
INFO: 2021-10-09 15:58:24 printStatus(175) -- Drogno_3: ready		battery 3.82	pos -0.02 0.49 -0.02	yaw: -0.60	msg/s 0.0	link quality: 45	kalman var: 0.0 0.0 0.0	flight time: 145s	 batterySag: 0.638671875
INFO: 2021-10-09 15:58:26 printStatus(175) -- Drogno_3: ready		battery 3.83	pos -0.02 0.49 -0.02	yaw: -0.63	msg/s 0.0	link quality: 45	kalman var: 0.0 0.0 0.0	flight time: 145s	 batterySag: 0.638671875
INFO: 2021-10-09 15:58:27 printStatus(175) -- Drogno_3: ready		battery 3.83	pos -0.02 0.49 -0.02	yaw: -0.58	msg/s 0.0	link quality: 45	kalman var: 0.0 0.0 0.0	flight time: 145s	 batterySag: 0.638671875
INFO: 2021-10-09 15:58:29 printStatus(175) -- Drogno_3: ready		battery 3.83	pos -0.02 0.49 -0.02	yaw: -0.57	msg/s 0.0	link quality: 45	kalman var: 0.0 0.0 0.0	flight time: 145s	 batterySag: 0.638671875
INFO: 2021-10-09 15:58:31 printStatus(175) -- Drogno_3: ready		battery 3.83	pos -0.02 0.49 -0.02	yaw: -0.56	msg/s 0.0	link quality: 45	kalman var: 0.0 0.0 0.0	flight time: 145s	 batterySag: 0.638671875
INFO: 2021-10-09 15:58:32 printStatus(175) -- Drogno_3: ready		battery 3.83	pos -0.02 0.49 -0.02	yaw: -0.57	msg/s 0.0	link quality: 45	kalman var: 0.0 0.0 0.0	flight time: 145s	 batterySag: 0.638671875
INFO: 2021-10-09 15:58:34 printStatus(175) -- Drogno_3: ready		battery 3.83	pos -0.02 0.49 -0.02	yaw: -0.59	msg/s 0.0	link quality: 45	kalman var: 0.0 0.0 0.0	flight time: 145s	 batterySag: 0.638671875
INFO: 2021-10-09 15:58:35 printStatus(175) -- Drogno_3: ready		battery 3.83	pos -0.02 0.49 -0.02	yaw: -0.66	msg/s 0.0	link quality: 45	kalman var: 0.0 0.0 0.0	flight time: 145s	 batterySag: 0.638671875
INFO: 2021-10-09 15:58:37 printStatus(175) -- Drogno_3: ready		battery 3.83	pos -0.01 0.48 -0.02	yaw: -0.63	msg/s 0.0	link quality: 45	kalman var: 0.001 0.001 0.001	flight time: 145s	 batterySag: 0.638671875
INFO: 2021-10-09 15:58:39 printStatus(175) -- Drogno_3: ready		battery 3.83	pos -0.02 0.49 -0.02	yaw: -0.64	msg/s 0.0	link quality: 45	kalman var: 0.0 0.0 0.0	flight time: 145s	 batterySag: 0.638671875
INFO: 2021-10-09 15:58:40 printStatus(175) -- Drogno_3: ready		battery 3.83	pos -0.02 0.49 -0.02	yaw: -0.65	msg/s 0.0	link quality: 45	kalman var: 0.001 0.001 0.001	flight time: 145s	 batterySag: 0.638671875
INFO: 2021-10-09 15:58:42 printStatus(175) -- Drogno_3: ready		battery 3.83	pos -0.02 0.49 -0.02	yaw: -0.61	msg/s 0.0	link quality: 45	kalman var: 0.0 0.0 0.0	flight time: 145s	 batterySag: 0.638671875
INFO: 2021-10-09 15:58:43 printStatus(175) -- Drogno_3: ready		battery 3.83	pos -0.02 0.49 -0.02	yaw: -0.64	msg/s 0.0	link quality: 45	kalman var: 0.0 0.0 0.0	flight time: 145s	 batterySag: 0.638671875
INFO: 2021-10-09 15:58:45 printStatus(175) -- Drogno_3: ready		battery 3.83	pos -0.02 0.49 -0.02	yaw: -0.60	msg/s 0.0	link quality: 45	kalman var: 0.0 0.0 0.0	flight time: 145s	 batterySag: 0.638671875
INFO: 2021-10-09 15:58:46 printStatus(175) -- Drogno_3: ready		battery 3.83	pos -0.02 0.49 -0.02	yaw: -0.65	msg/s 0.0	link quality: 45	kalman var: 0.0 0.0 0.0	flight time: 145s	 batterySag: 0.638671875
INFO: 2021-10-09 15:58:48 printStatus(175) -- Drogno_3: ready		battery 3.83	pos -0.02 0.49 -0.02	yaw: -0.59	msg/s 0.0	link quality: 45	kalman var: 0.0 0.0 0.0	flight time: 145s	 batterySag: 0.638671875
INFO: 2021-10-09 15:58:49 printStatus(175) -- Drogno_3: ready		battery 3.83	pos -0.02 0.49 -0.02	yaw: -0.60	msg/s 0.0	link quality: 45	kalman var: 0.0 0.0 0.0	flight time: 145s	 batterySag: 0.638671875
INFO: 2021-10-09 15:58:51 printStatus(175) -- Drogno_3: ready		battery 3.83	pos -0.02 0.49 -0.02	yaw: -0.61	msg/s 0.0	link quality: 45	kalman var: 0.0 0.0 0.0	flight time: 145s	 batterySag: 0.638671875
INFO: 2021-10-09 15:58:53 printStatus(175) -- Drogno_3: ready		battery 3.83	pos -0.02 0.49 -0.02	yaw: -0.65	msg/s 0.0	link quality: 46	kalman var: 0.0 0.0 0.0	flight time: 145s	 batterySag: 0.638671875
INFO: 2021-10-09 15:58:54 printStatus(175) -- Drogno_3: ready		battery 3.83	pos -0.02 0.49 -0.02	yaw: -0.55	msg/s 0.0	link quality: 46	kalman var: 0.0 0.0 0.0	flight time: 145s	 batterySag: 0.638671875
INFO: 2021-10-09 15:58:56 printStatus(175) -- Drogno_3: sconnesso		battery 3.83	pos -0.02 0.49 -0.02	yaw: -0.55	msg/s 0.0	link quality: 46	kalman var: 0.0 0.0 0.0	flight time: 145s	 batterySag: 0.638671875
