INFO: 14-07-2022 17:34:14 __init__(129) -- This is dronelog running on Drogno_0
INFO: 14-07-2022 17:34:14 printStatus(165) -- Started
INFO: 14-07-2022 17:34:15 printStatus(168) -- Drogno_0: connecting	battery: n.p.	kalman var: 0 0 0	 batterySag: 0	link quality: 0	flight time: 0s	pos 0.00 0.00 0.00	yaw: 0.00	msg/s 0.0
INFO: 14-07-2022 17:34:16 printStatus(168) -- Drogno_0: connecting	battery: n.p.	kalman var: 0 0 0	 batterySag: 0	link quality: 0	flight time: 0s	pos 0.00 0.00 0.00	yaw: 0.00	msg/s 0.0
INFO: 14-07-2022 17:34:17 printStatus(168) -- Drogno_0: connecting	battery: n.p.	kalman var: 0 0 0	 batterySag: 0	link quality: 0	flight time: 0s	pos 0.00 0.00 0.00	yaw: 0.00	msg/s 0.0
INFO: 14-07-2022 17:34:18 printStatus(168) -- Drogno_0: connecting	battery: n.p.	kalman var: 0 0 0	 batterySag: 0	link quality: 0	flight time: 0s	pos 0.00 0.00 0.00	yaw: 0.00	msg/s 0.0
INFO: 14-07-2022 17:34:19 printStatus(168) -- Drogno_0: connecting	battery: n.p.	kalman var: 0 0 0	 batterySag: 0	link quality: 0	flight time: 0s	pos 0.00 0.00 0.00	yaw: 0.00	msg/s 0.0
INFO: 14-07-2022 17:34:21 printStatus(168) -- Drogno_0: connecting	battery: n.p.	kalman var: 0 0 0	 batterySag: 0	link quality: 0	flight time: 0s	pos 0.00 0.00 0.00	yaw: 0.00	msg/s 0.0
INFO: 14-07-2022 17:34:22 printStatus(168) -- Drogno_0: connecting	battery: n.p.	kalman var: 0 0 0	 batterySag: 0	link quality: 0	flight time: 0s	pos 0.00 0.00 0.00	yaw: 0.00	msg/s 0.0
INFO: 14-07-2022 17:34:23 printStatus(168) -- Drogno_0: connecting	battery: n.p.	kalman var: 0 0 0	 batterySag: 0	link quality: 0	flight time: 0s	pos 0.00 0.00 0.00	yaw: 0.00	msg/s 0.0
INFO: 14-07-2022 17:34:24 printStatus(168) -- Drogno_0: connecting	battery: n.p.	kalman var: 0 0 0	 batterySag: 0	link quality: 0	flight time: 0s	pos 0.00 0.00 0.00	yaw: 0.00	msg/s 0.0
INFO: 14-07-2022 17:34:25 printStatus(168) -- Drogno_0: connecting	battery: n.p.	kalman var: 0 0 0	 batterySag: 0	link quality: 0	flight time: 0s	pos 0.00 0.00 0.00	yaw: 0.00	msg/s 0.0
INFO: 14-07-2022 17:34:27 printStatus(168) -- Drogno_0: connecting	battery: n.p.	kalman var: 0 0 0	 batterySag: 0	link quality: 0	flight time: 0s	pos 0.00 0.00 0.00	yaw: 0.00	msg/s 0.0
INFO: 14-07-2022 17:34:28 printStatus(168) -- Drogno_0: connecting	battery: n.p.	kalman var: 0 0 0	 batterySag: 0	link quality: 0	flight time: 0s	pos 0.00 0.00 0.00	yaw: 0.00	msg/s 0.0
INFO: 14-07-2022 17:34:29 printStatus(168) -- Drogno_0: connecting	battery: n.p.	kalman var: 0 0 0	 batterySag: 0	link quality: 0	flight time: 0s	pos 0.00 0.00 0.00	yaw: 0.00	msg/s 0.0
INFO: 14-07-2022 17:34:30 printStatus(168) -- Drogno_0: connecting	battery: n.p.	kalman var: 0 0 0	 batterySag: 0	link quality: 0	flight time: 0s	pos 0.00 0.00 0.00	yaw: 0.00	msg/s 0.0
INFO: 14-07-2022 17:34:31 printStatus(168) -- Drogno_0: connecting	battery: n.p.	kalman var: 0 0 0	 batterySag: 0	link quality: 0	flight time: 0s	pos 0.00 0.00 0.00	yaw: 0.00	msg/s 0.0
INFO: 14-07-2022 17:34:32 printStatus(168) -- Drogno_0: connecting	battery: n.p.	kalman var: 0 0 0	 batterySag: 0	link quality: 0	flight time: 0s	pos 0.00 0.00 0.00	yaw: 0.00	msg/s 0.0
INFO: 14-07-2022 17:34:34 printStatus(168) -- Drogno_0: connecting	battery: n.p.	kalman var: 0 0 0	 batterySag: 0	link quality: 0	flight time: 0s	pos 0.00 0.00 0.00	yaw: 0.00	msg/s 0.0
INFO: 14-07-2022 17:34:35 printStatus(168) -- Drogno_0: connecting	battery: n.p.	kalman var: 0 0 0	 batterySag: 0	link quality: 0	flight time: 0s	pos 0.00 0.00 0.00	yaw: 0.00	msg/s 0.0
INFO: 14-07-2022 17:34:36 printStatus(168) -- Drogno_0: connecting	battery: n.p.	kalman var: 0 0 0	 batterySag: 0	link quality: 0	flight time: 0s	pos 0.00 0.00 0.00	yaw: 0.00	msg/s 0.0
INFO: 14-07-2022 17:34:37 printStatus(168) -- Drogno_0: connecting	battery: n.p.	kalman var: 0 0 0	 batterySag: 0	link quality: 0	flight time: 0s	pos 0.00 0.00 0.00	yaw: 0.00	msg/s 0.0
INFO: 14-07-2022 17:34:38 printStatus(168) -- Drogno_0: connecting	battery: n.p.	kalman var: 0 0 0	 batterySag: 0	link quality: 0	flight time: 0s	pos 0.00 0.00 0.00	yaw: 0.00	msg/s 0.0
INFO: 14-07-2022 17:34:39 printStatus(168) -- Drogno_0: connecting	battery: n.p.	kalman var: 0 0 0	 batterySag: 0	link quality: 0	flight time: 0s	pos 0.00 0.00 0.00	yaw: 0.00	msg/s 0.0
INFO: 14-07-2022 17:34:41 printStatus(168) -- Drogno_0: connecting	battery: n.p.	kalman var: 0 0 0	 batterySag: 0	link quality: 0	flight time: 0s	pos 0.00 0.00 0.00	yaw: 0.00	msg/s 0.0
INFO: 14-07-2022 17:34:42 printStatus(168) -- Drogno_0: connecting	battery: n.p.	kalman var: 0 0 0	 batterySag: 0	link quality: 0	flight time: 0s	pos 0.00 0.00 0.00	yaw: 0.00	msg/s 0.0
INFO: 14-07-2022 17:34:43 printStatus(168) -- Drogno_0: connecting	battery: n.p.	kalman var: 0 0 0	 batterySag: 0	link quality: 0	flight time: 0s	pos 0.00 0.00 0.00	yaw: 0.00	msg/s 0.0
INFO: 14-07-2022 17:34:44 printStatus(168) -- Drogno_0: connecting	battery: n.p.	kalman var: 0 0 0	 batterySag: 0	link quality: 0	flight time: 0s	pos 0.00 0.00 0.00	yaw: 0.00	msg/s 0.0
INFO: 14-07-2022 17:34:45 printStatus(168) -- Drogno_0: connecting	battery: n.p.	kalman var: 0 0 0	 batterySag: 0	link quality: 0	flight time: 0s	pos 0.00 0.00 0.00	yaw: 0.00	msg/s 0.0
INFO: 14-07-2022 17:34:46 printStatus(168) -- Drogno_0: connecting	battery: n.p.	kalman var: 0 0 0	 batterySag: 0	link quality: 0	flight time: 0s	pos 0.00 0.00 0.00	yaw: 0.00	msg/s 0.0
INFO: 14-07-2022 17:34:48 printStatus(168) -- Drogno_0: connecting	battery: n.p.	kalman var: 0 0 0	 batterySag: 0	link quality: 0	flight time: 0s	pos 0.00 0.00 0.00	yaw: 0.00	msg/s 0.0
INFO: 14-07-2022 17:34:49 printStatus(168) -- Drogno_0: connecting	battery: 3.779296875	kalman var: 0.0 0.0 0.0	 batterySag: 0	link quality: 36	flight time: 0s	pos -0.01 0.01 -0.00	yaw: 0.68	msg/s 0.0
INFO: 14-07-2022 17:34:50 printStatus(168) -- Drogno_0: connecting	battery: 3.779296875	kalman var: 0.0 0.0 0.0	 batterySag: 0	link quality: 36	flight time: 0s	pos -0.01 0.01 -0.00	yaw: 0.62	msg/s 0.0
INFO: 14-07-2022 17:34:51 printStatus(168) -- Drogno_0: connecting	battery: 3.779296875	kalman var: 0.0 0.0 0.0	 batterySag: 0	link quality: 35	flight time: 0s	pos -0.01 0.01 -0.00	yaw: 0.69	msg/s 0.0
INFO: 14-07-2022 17:34:52 printStatus(168) -- Drogno_0: connecting	battery: 3.779296875	kalman var: 0.0 0.0 0.0	 batterySag: 0	link quality: 35	flight time: 0s	pos -0.01 0.01 -0.00	yaw: 0.72	msg/s 0.0
INFO: 14-07-2022 17:34:54 printStatus(168) -- Drogno_0: connecting	battery: 3.779296875	kalman var: 0.0 0.0 0.0	 batterySag: 0	link quality: 36	flight time: 0s	pos -0.01 0.01 -0.00	yaw: 0.71	msg/s 0.0
INFO: 14-07-2022 17:34:55 printStatus(168) -- Drogno_0: connecting	battery: 3.779296875	kalman var: 0.0 0.0 0.0	 batterySag: 0	link quality: 37	flight time: 0s	pos -0.01 0.01 -0.00	yaw: 0.71	msg/s 0.0
INFO: 14-07-2022 17:34:56 printStatus(168) -- Drogno_0: connecting	battery: 3.779296875	kalman var: 0.0 0.0 0.0	 batterySag: 0	link quality: 36	flight time: 0s	pos -0.01 0.01 -0.00	yaw: 0.63	msg/s 0.0
INFO: 14-07-2022 17:34:57 printStatus(168) -- Drogno_0: connecting	battery: 3.779296875	kalman var: 0.001 0.001 0.001	 batterySag: 0	link quality: 36	flight time: 0s	pos -0.02 0.02 -0.00	yaw: 0.62	msg/s 0.0
INFO: 14-07-2022 17:34:58 printStatus(168) -- Drogno_0: connecting	battery: 3.779296875	kalman var: 0.0 0.0 0.0	 batterySag: 0	link quality: 36	flight time: 0s	pos -0.01 0.01 -0.00	yaw: 0.62	msg/s 0.0
INFO: 14-07-2022 17:34:59 printStatus(168) -- Drogno_0: connecting	battery: 3.779296875	kalman var: 0.0 0.0 0.0	 batterySag: 0	link quality: 36	flight time: 0s	pos -0.01 0.01 -0.00	yaw: 0.63	msg/s 0.0
INFO: 14-07-2022 17:35:01 printStatus(168) -- Drogno_0: connecting	battery: 3.779296875	kalman var: 0.0 0.0 0.0	 batterySag: 0	link quality: 36	flight time: 0s	pos -0.01 0.01 -0.00	yaw: 0.65	msg/s 0.0
INFO: 14-07-2022 17:35:02 printStatus(168) -- Drogno_0: connecting	battery: 3.779296875	kalman var: 0.0 0.0 0.0	 batterySag: 0	link quality: 36	flight time: 0s	pos -0.01 0.01 -0.00	yaw: 0.63	msg/s 0.0
INFO: 14-07-2022 17:35:03 printStatus(168) -- Drogno_0: connecting	battery: 3.7734375	kalman var: 0.0 0.0 0.0	 batterySag: 0	link quality: 38	flight time: 0s	pos -0.01 0.01 -0.00	yaw: 0.68	msg/s 0.0
INFO: 14-07-2022 17:35:04 printStatus(168) -- Drogno_0: connecting	battery: 3.779296875	kalman var: 0.001 0.001 0.001	 batterySag: 0	link quality: 38	flight time: 0s	pos -0.01 0.01 -0.00	yaw: 0.64	msg/s 0.0
INFO: 14-07-2022 17:35:05 printStatus(168) -- Drogno_0: connecting	battery: 3.779296875	kalman var: 0.0 0.0 0.0	 batterySag: 0	link quality: 38	flight time: 0s	pos -0.01 0.01 -0.00	yaw: 0.66	msg/s 0.0
INFO: 14-07-2022 17:35:06 printStatus(168) -- Drogno_0: connecting	battery: 3.779296875	kalman var: 0.001 0.001 0.001	 batterySag: 0	link quality: 40	flight time: 0s	pos -0.02 0.02 -0.00	yaw: 0.61	msg/s 0.0
INFO: 14-07-2022 17:35:08 printStatus(168) -- Drogno_0: connecting	battery: 3.779296875	kalman var: 0.0 0.0 0.0	 batterySag: 0	link quality: 35	flight time: 0s	pos -0.01 0.01 -0.00	yaw: 0.63	msg/s 0.0
INFO: 14-07-2022 17:35:09 printStatus(168) -- Drogno_0: connecting	battery: 3.779296875	kalman var: 0.0 0.0 0.0	 batterySag: 0	link quality: 35	flight time: 0s	pos -0.17 0.02 0.01	yaw: -1.01	msg/s 0.0
INFO: 14-07-2022 17:35:10 printStatus(168) -- Drogno_0: connecting	battery: 3.779296875	kalman var: 0.0 0.0 0.0	 batterySag: 0	link quality: 35	flight time: 0s	pos -0.19 0.03 0.00	yaw: -0.12	msg/s 0.0
INFO: 14-07-2022 17:35:11 printStatus(168) -- Drogno_0: connecting	battery: 3.779296875	kalman var: 0.0 0.0 0.0	 batterySag: 0	link quality: 35	flight time: 0s	pos -0.19 0.03 -0.00	yaw: -1.21	msg/s 0.0
INFO: 14-07-2022 17:35:12 printStatus(168) -- Drogno_0: connecting	battery: 3.779296875	kalman var: 0.0 0.0 0.0	 batterySag: 0	link quality: 35	flight time: 0s	pos -0.19 0.04 -0.01	yaw: -0.79	msg/s 0.0
INFO: 14-07-2022 17:35:14 printStatus(168) -- Drogno_0: connecting	battery: 3.779296875	kalman var: 0.0 0.0 0.0	 batterySag: 0	link quality: 35	flight time: 0s	pos -0.19 0.03 -0.00	yaw: -1.10	msg/s 0.0
INFO: 14-07-2022 17:35:15 printStatus(168) -- Drogno_0: connecting	battery: 3.779296875	kalman var: 0.0 0.0 0.0	 batterySag: 0	link quality: 35	flight time: 0s	pos -0.19 0.03 -0.00	yaw: -0.98	msg/s 0.0
INFO: 14-07-2022 17:35:16 printStatus(168) -- Drogno_0: connecting	battery: 3.779296875	kalman var: 0.0 0.0 0.0	 batterySag: 0	link quality: 35	flight time: 0s	pos -0.04 0.01 0.02	yaw: 5.88	msg/s 0.0
INFO: 14-07-2022 17:35:17 printStatus(168) -- Drogno_0: connecting	battery: 3.779296875	kalman var: 0.0 0.0 0.0	 batterySag: 0	link quality: 35	flight time: 0s	pos 0.12 0.01 0.01	yaw: 12.38	msg/s 0.0
INFO: 14-07-2022 17:35:18 printStatus(168) -- Drogno_0: connecting	battery: 3.779296875	kalman var: 0.0 0.0 0.0	 batterySag: 0	link quality: 35	flight time: 0s	pos 0.12 0.01 0.01	yaw: 9.52	msg/s 0.0
INFO: 14-07-2022 17:35:19 printStatus(168) -- Drogno_0: connecting	battery: 3.779296875	kalman var: 0.0 0.0 0.0	 batterySag: 0	link quality: 35	flight time: 0s	pos 0.12 0.01 0.00	yaw: 9.27	msg/s 0.0
INFO: 14-07-2022 17:35:21 printStatus(168) -- Drogno_0: connecting	battery: 3.7734375	kalman var: 0.0 0.0 0.0	 batterySag: 0	link quality: 35	flight time: 0s	pos 0.12 0.02 0.02	yaw: 9.50	msg/s 0.0
INFO: 14-07-2022 17:35:22 printStatus(168) -- Drogno_0: connecting	battery: 3.779296875	kalman var: 0.0 0.0 0.0	 batterySag: 0	link quality: 35	flight time: 0s	pos 0.12 0.18 0.01	yaw: 12.70	msg/s 0.0
INFO: 14-07-2022 17:35:23 printStatus(168) -- Drogno_0: connecting	battery: 3.779296875	kalman var: 0.0 0.0 0.0	 batterySag: 0	link quality: 36	flight time: 0s	pos 0.13 0.18 0.06	yaw: 11.38	msg/s 0.0
INFO: 14-07-2022 17:35:24 printStatus(168) -- Drogno_0: connecting	battery: 3.7734375	kalman var: 0.0 0.0 0.0	 batterySag: 0	link quality: 45	flight time: 0s	pos 0.16 0.33 0.14	yaw: -0.41	msg/s 0.0
INFO: 14-07-2022 17:35:25 printStatus(168) -- Drogno_0: connecting	battery: 3.779296875	kalman var: 0.0 0.0 0.0	 batterySag: 0	link quality: 46	flight time: 0s	pos 0.09 0.11 0.19	yaw: -1.77	msg/s 0.0
INFO: 14-07-2022 17:35:26 printStatus(168) -- Drogno_0: connecting	battery: 3.779296875	kalman var: 0.0 0.0 0.0	 batterySag: 0	link quality: 45	flight time: 0s	pos 0.11 0.17 0.14	yaw: 8.95	msg/s 0.0
INFO: 14-07-2022 17:35:28 printStatus(168) -- Drogno_0: connecting	battery: 3.779296875	kalman var: 0.003 0.003 0.002	 batterySag: 0	link quality: 42	flight time: 0s	pos -0.00 -0.24 0.21	yaw: -62.09	msg/s 0.0
INFO: 14-07-2022 17:35:29 printStatus(168) -- Drogno_0: connecting	battery: 3.7734375	kalman var: 0.009 0.009 0.003	 batterySag: 0	link quality: 41	flight time: 0s	pos 0.03 -0.55 0.20	yaw: -57.16	msg/s 0.0
INFO: 14-07-2022 17:35:30 printStatus(168) -- Drogno_0: connecting	battery: 3.779296875	kalman var: 0.001 0.001 0.0	 batterySag: 0	link quality: 47	flight time: 0s	pos -0.03 4.39 -1.59	yaw: -30.42	msg/s 0.0
INFO: 14-07-2022 17:35:31 printStatus(168) -- Drogno_0: connecting	battery: 3.7734375	kalman var: 0.002 0.001 0.001	 batterySag: 0	link quality: 44	flight time: 0s	pos -1.29 14.23 -5.13	yaw: -59.72	msg/s 0.0
INFO: 14-07-2022 17:35:32 printStatus(168) -- Drogno_0: connecting	battery: 3.7734375	kalman var: 0.001 0.001 0.0	 batterySag: 0	link quality: 42	flight time: 0s	pos 0.03 0.37 0.15	yaw: -59.16	msg/s 0.0
INFO: 14-07-2022 17:35:33 printStatus(168) -- Drogno_0: connecting	battery: 3.779296875	kalman var: 0.001 0.0 0.0	 batterySag: 0	link quality: 37	flight time: 0s	pos -0.04 0.39 0.05	yaw: -74.75	msg/s 0.0
INFO: 14-07-2022 17:35:35 printStatus(168) -- Drogno_0: connecting	battery: 3.779296875	kalman var: 0.004 0.001 0.001	 batterySag: 0	link quality: 37	flight time: 0s	pos -0.40 3.03 -0.90	yaw: -69.38	msg/s 0.0
INFO: 14-07-2022 17:35:36 printStatus(168) -- Drogno_0: connecting	battery: 3.779296875	kalman var: 0.003 0.001 0.001	 batterySag: 0	link quality: 37	flight time: 0s	pos -1.55 12.59 -4.21	yaw: -105.88	msg/s 0.0
INFO: 14-07-2022 17:35:37 printStatus(168) -- Drogno_0: connecting	battery: 3.779296875	kalman var: 0.004 0.003 0.003	 batterySag: 0	link quality: 36	flight time: 0s	pos -3.21 23.34 -7.69	yaw: -125.94	msg/s 0.0
INFO: 14-07-2022 17:35:38 printStatus(168) -- Drogno_0: connecting	battery: 3.779296875	kalman var: 0.001 0.0 0.0	 batterySag: 0	link quality: 35	flight time: 0s	pos -0.16 1.14 -0.17	yaw: -70.00	msg/s 0.0
INFO: 14-07-2022 17:35:39 printStatus(168) -- Drogno_0: connecting	battery: 3.7734375	kalman var: 0.001 0.001 0.001	 batterySag: 0	link quality: 35	flight time: 0s	pos -1.05 6.75 -2.16	yaw: -136.88	msg/s 0.0
INFO: 14-07-2022 17:35:41 printStatus(168) -- Drogno_0: connecting	battery: 3.779296875	kalman var: 0.0 0.0 0.0	 batterySag: 0	link quality: 35	flight time: 0s	pos -0.02 0.14 0.16	yaw: -50.53	msg/s 0.0
INFO: 14-07-2022 17:35:42 printStatus(168) -- Drogno_0: connecting	battery: 3.779296875	kalman var: 0.0 0.001 0.0	 batterySag: 0	link quality: 35	flight time: 0s	pos -0.17 1.58 -0.64	yaw: -11.79	msg/s 0.0
INFO: 14-07-2022 17:35:43 printStatus(168) -- Drogno_0: connecting	battery: 3.7734375	kalman var: 0.0 0.0 0.0	 batterySag: 0	link quality: 35	flight time: 0s	pos -0.01 0.04 0.02	yaw: 5.34	msg/s 0.0
INFO: 14-07-2022 17:35:44 printStatus(168) -- Drogno_0: connecting	battery: 3.779296875	kalman var: 0.0 0.0 0.0	 batterySag: 0	link quality: 35	flight time: 0s	pos -0.02 0.06 -0.01	yaw: 1.51	msg/s 0.0
INFO: 14-07-2022 17:35:45 printStatus(168) -- Drogno_0: connecting	battery: 3.779296875	kalman var: 0.004 0.005 0.002	 batterySag: 0	link quality: 35	flight time: 0s	pos -0.05 0.40 -0.05	yaw: -81.56	msg/s 0.0
INFO: 14-07-2022 17:35:46 printStatus(168) -- Drogno_0: connecting	battery: 3.779296875	kalman var: 0.0 0.0 0.0	 batterySag: 0	link quality: 35	flight time: 0s	pos -0.02 0.03 -0.00	yaw: -89.94	msg/s 0.0
INFO: 14-07-2022 17:35:48 printStatus(168) -- Drogno_0: connecting	battery: 3.7734375	kalman var: 0.0 0.0 0.0	 batterySag: 0	link quality: 36	flight time: 0s	pos -0.02 0.04 -0.00	yaw: -90.00	msg/s 0.0
INFO: 14-07-2022 17:35:49 printStatus(168) -- Drogno_0: connecting	battery: 3.7734375	kalman var: 0.0 0.0 0.0	 batterySag: 0	link quality: 35	flight time: 0s	pos -0.02 0.04 -0.00	yaw: -90.00	msg/s 0.0
INFO: 14-07-2022 17:35:50 printStatus(168) -- Drogno_0: connecting	battery: 3.7734375	kalman var: 0.0 0.0 0.0	 batterySag: 0	link quality: 35	flight time: 0s	pos -0.02 0.04 -0.00	yaw: -90.50	msg/s 0.0
INFO: 14-07-2022 17:35:51 printStatus(168) -- Drogno_0: connecting	battery: 3.7734375	kalman var: 0.001 0.001 0.001	 batterySag: 0	link quality: 35	flight time: 0s	pos 0.00 0.04 0.00	yaw: -87.25	msg/s 0.0
INFO: 14-07-2022 17:35:52 printStatus(168) -- Drogno_0: connecting	battery: 3.779296875	kalman var: 0.005 0.005 0.002	 batterySag: 0	link quality: 36	flight time: 0s	pos 0.05 -0.00 0.00	yaw: -3.90	msg/s 0.0
INFO: 14-07-2022 17:35:54 printStatus(168) -- Drogno_0: connecting	battery: 3.779296875	kalman var: 0.019 0.019 0.004	 batterySag: 0	link quality: 35	flight time: 0s	pos 0.08 -0.20 -0.04	yaw: 94.50	msg/s 0.0
INFO: 14-07-2022 17:35:55 printStatus(168) -- Drogno_0: connecting	battery: 3.779296875	kalman var: 0.0 0.0 0.0	 batterySag: 0	link quality: 42	flight time: 0s	pos -0.05 -0.71 -0.76	yaw: 91.88	msg/s 0.0
INFO: 14-07-2022 17:35:56 printStatus(168) -- Drogno_0: connecting	battery: 3.7734375	kalman var: 0.0 0.0 0.0	 batterySag: 0	link quality: 36	flight time: 0s	pos -0.04 0.02 -0.00	yaw: 91.19	msg/s 0.0
INFO: 14-07-2022 17:35:57 printStatus(168) -- Drogno_0: connecting	battery: 3.7734375	kalman var: 0.0 0.0 0.0	 batterySag: 0	link quality: 37	flight time: 0s	pos -0.04 0.02 -0.00	yaw: 89.81	msg/s 0.0
INFO: 14-07-2022 17:35:58 printStatus(168) -- Drogno_0: connecting	battery: 3.7734375	kalman var: 0.0 0.0 0.0	 batterySag: 0	link quality: 35	flight time: 0s	pos -0.03 0.02 -0.00	yaw: 91.50	msg/s 0.0
INFO: 14-07-2022 17:36:00 printStatus(168) -- Drogno_0: connecting	battery: 3.7734375	kalman var: 0.003 0.002 0.001	 batterySag: 0	link quality: 35	flight time: 0s	pos 0.05 0.00 0.01	yaw: 166.50	msg/s 0.0
INFO: 14-07-2022 17:36:01 printStatus(168) -- Drogno_0: connecting	battery: 3.7734375	kalman var: 0.0 0.0 0.0	 batterySag: 0	link quality: 35	flight time: 0s	pos -0.04 0.02 -0.00	yaw: -172.75	msg/s 0.0
INFO: 14-07-2022 17:36:02 printStatus(168) -- Drogno_0: connecting	battery: 3.7734375	kalman var: 0.0 0.0 0.0	 batterySag: 0	link quality: 35	flight time: 0s	pos -0.04 0.03 -0.00	yaw: -175.75	msg/s 0.0
INFO: 14-07-2022 17:36:03 printStatus(168) -- Drogno_0: connecting	battery: 3.7734375	kalman var: 0.0 0.0 0.0	 batterySag: 0	link quality: 35	flight time: 0s	pos -0.04 0.03 -0.00	yaw: -173.62	msg/s 0.0
INFO: 14-07-2022 17:36:04 printStatus(168) -- Drogno_0: connecting	battery: 3.7734375	kalman var: 0.0 0.0 0.0	 batterySag: 0	link quality: 35	flight time: 0s	pos -0.04 0.03 -0.00	yaw: -175.75	msg/s 0.0
INFO: 14-07-2022 17:36:05 printStatus(168) -- Drogno_0: connecting	battery: 3.7734375	kalman var: 0.0 0.0 0.0	 batterySag: 0	link quality: 35	flight time: 0s	pos -0.04 0.03 -0.00	yaw: -173.75	msg/s 0.0
INFO: 14-07-2022 17:36:07 printStatus(168) -- Drogno_0: connecting	battery: 3.7734375	kalman var: 0.0 0.0 0.0	 batterySag: 0	link quality: 35	flight time: 0s	pos -0.04 0.03 -0.00	yaw: -177.38	msg/s 0.0
INFO: 14-07-2022 17:36:08 printStatus(168) -- Drogno_0: connecting	battery: 3.7734375	kalman var: 0.0 0.0 0.0	 batterySag: 0	link quality: 35	flight time: 0s	pos -0.03 0.03 -0.00	yaw: -176.75	msg/s 0.0
INFO: 14-07-2022 17:36:09 printStatus(168) -- Drogno_0: connecting	battery: 3.7734375	kalman var: 0.005 0.004 0.002	 batterySag: 0	link quality: 59	flight time: 0s	pos 0.02 0.02 0.41	yaw: 165.62	msg/s 0.0
INFO: 14-07-2022 17:36:10 printStatus(168) -- Drogno_0: connecting	battery: 3.7734375	kalman var: 0.014 0.015 0.003	 batterySag: 0	link quality: 56	flight time: 0s	pos -0.09 0.13 0.10	yaw: 149.38	msg/s 0.0
INFO: 14-07-2022 17:36:11 printStatus(168) -- Drogno_0: connecting	battery: 3.779296875	kalman var: 0.001 0.0 0.001	 batterySag: 0	link quality: 52	flight time: 0s	pos -0.05 -0.42 0.10	yaw: 156.38	msg/s 0.0
INFO: 14-07-2022 17:36:12 printStatus(168) -- Drogno_0: connecting	battery: 3.779296875	kalman var: 0.006 0.004 0.002	 batterySag: 0	link quality: 37	flight time: 0s	pos -0.18 -0.81 -0.27	yaw: 133.50	msg/s 0.0
INFO: 14-07-2022 17:36:14 printStatus(168) -- Drogno_0: connecting	battery: 3.7734375	kalman var: 0.016 0.013 0.003	 batterySag: 0	link quality: 35	flight time: 0s	pos -0.64 -1.45 -0.45	yaw: 123.81	msg/s 0.0
INFO: 14-07-2022 17:36:15 printStatus(168) -- Drogno_0: connecting	battery: 3.7734375	kalman var: 0.047 0.038 0.007	 batterySag: 0	link quality: 35	flight time: 0s	pos -2.02 -2.76 -0.71	yaw: -97.94	msg/s 0.0
INFO: 14-07-2022 17:36:16 printStatus(168) -- Drogno_0: connecting	battery: 3.7734375	kalman var: 0.063 0.054 0.006	 batterySag: 0	link quality: 35	flight time: 0s	pos -3.68 -3.62 -0.88	yaw: -75.81	msg/s 0.0
INFO: 14-07-2022 17:36:17 printStatus(168) -- Drogno_0: connecting	battery: 3.7734375	kalman var: 0.0 0.0 0.0	 batterySag: 0	link quality: 35	flight time: 0s	pos -0.02 0.01 -0.00	yaw: 4.40	msg/s 0.0
INFO: 14-07-2022 17:36:18 printStatus(168) -- Drogno_0: connecting	battery: 3.7734375	kalman var: 0.0 0.0 0.0	 batterySag: 0	link quality: 35	flight time: 0s	pos -0.01 0.01 -0.00	yaw: 4.50	msg/s 0.0
INFO: 14-07-2022 17:36:19 printStatus(168) -- Drogno_0: connecting	battery: 3.7734375	kalman var: 0.0 0.0 0.0	 batterySag: 0	link quality: 35	flight time: 0s	pos -0.01 0.01 -0.00	yaw: 4.52	msg/s 0.0
INFO: 14-07-2022 17:36:21 printStatus(168) -- Drogno_0: connecting	battery: 3.7734375	kalman var: 0.001 0.001 0.001	 batterySag: 0	link quality: 35	flight time: 0s	pos -0.01 0.01 -0.00	yaw: 4.25	msg/s 0.0
INFO: 14-07-2022 17:36:22 printStatus(168) -- Drogno_0: connecting	battery: 3.779296875	kalman var: 0.0 0.0 0.0	 batterySag: 0	link quality: 35	flight time: 0s	pos -0.01 0.01 -0.00	yaw: 4.45	msg/s 0.0
INFO: 14-07-2022 17:36:23 printStatus(168) -- Drogno_0: connecting	battery: 3.7734375	kalman var: 0.002 0.002 0.001	 batterySag: 0	link quality: 35	flight time: 0s	pos -0.01 0.01 -0.00	yaw: 5.41	msg/s 0.0
INFO: 14-07-2022 17:36:24 printStatus(168) -- Drogno_0: connecting	battery: 3.7734375	kalman var: 0.0 0.0 0.0	 batterySag: 0	link quality: 35	flight time: 0s	pos -0.11 0.03 0.02	yaw: 6.97	msg/s 0.0
INFO: 14-07-2022 17:36:25 printStatus(168) -- Drogno_0: connecting	battery: 3.7734375	kalman var: 0.0 0.0 0.0	 batterySag: 0	link quality: 35	flight time: 0s	pos -0.17 0.03 0.02	yaw: 8.33	msg/s 0.0
INFO: 14-07-2022 17:36:27 printStatus(168) -- Drogno_0: connecting	battery: 3.7734375	kalman var: 0.0 0.0 0.001	 batterySag: 0	link quality: 35	flight time: 0s	pos -0.22 0.03 0.02	yaw: 8.02	msg/s 0.0
INFO: 14-07-2022 17:36:28 printStatus(168) -- Drogno_0: connecting	battery: 3.7734375	kalman var: 0.0 0.0 0.0	 batterySag: 0	link quality: 35	flight time: 0s	pos -0.26 0.03 0.02	yaw: 7.55	msg/s 0.0
INFO: 14-07-2022 17:36:29 printStatus(168) -- Drogno_0: connecting	battery: 3.7734375	kalman var: 0.0 0.0 0.0	 batterySag: 0	link quality: 35	flight time: 0s	pos -0.28 0.04 0.01	yaw: 7.79	msg/s 0.0
INFO: 14-07-2022 17:36:30 printStatus(168) -- Drogno_0: connecting	battery: 3.7734375	kalman var: 0.0 0.0 0.0	 batterySag: 0	link quality: 35	flight time: 0s	pos -0.29 0.02 0.12	yaw: 4.73	msg/s 0.0
INFO: 14-07-2022 17:36:31 printStatus(168) -- Drogno_0: connecting	battery: 3.7734375	kalman var: 0.0 0.0 0.0	 batterySag: 0	link quality: 35	flight time: 0s	pos -0.30 0.02 0.19	yaw: 8.06	msg/s 0.0
INFO: 14-07-2022 17:36:33 printStatus(168) -- Drogno_0: connecting	battery: 3.7734375	kalman var: 0.0 0.0 0.0	 batterySag: 0	link quality: 35	flight time: 0s	pos -0.28 -0.00 0.27	yaw: 8.32	msg/s 0.0
INFO: 14-07-2022 17:36:34 printStatus(168) -- Drogno_0: connecting	battery: 3.7734375	kalman var: 0.0 0.0 0.0	 batterySag: 0	link quality: 35	flight time: 0s	pos -0.29 -0.01 0.31	yaw: 7.96	msg/s 0.0
INFO: 14-07-2022 17:36:35 printStatus(168) -- Drogno_0: connecting	battery: 3.7734375	kalman var: 0.0 0.0 0.0	 batterySag: 0	link quality: 35	flight time: 0s	pos -0.50 -0.16 0.30	yaw: -16.31	msg/s 0.0
INFO: 14-07-2022 17:36:36 printStatus(168) -- Drogno_0: connecting	battery: 3.7734375	kalman var: 0.004 0.003 0.002	 batterySag: 0	link quality: 35	flight time: 0s	pos -1.35 -0.53 0.09	yaw: -75.81	msg/s 0.0
INFO: 14-07-2022 17:36:37 printStatus(168) -- Drogno_0: connecting	battery: 3.7734375	kalman var: 0.015 0.012 0.003	 batterySag: 0	link quality: 35	flight time: 0s	pos -1.76 -0.71 0.06	yaw: -60.00	msg/s 0.0
INFO: 14-07-2022 17:36:38 printStatus(168) -- Drogno_0: connecting	battery: 3.7734375	kalman var: 0.035 0.029 0.004	 batterySag: 0	link quality: 35	flight time: 0s	pos -2.42 -0.96 0.02	yaw: -53.44	msg/s 0.0
INFO: 14-07-2022 17:36:40 printStatus(168) -- Drogno_0: connecting	battery: 3.7734375	kalman var: 0.002 0.003 0.001	 batterySag: 0	link quality: 35	flight time: 0s	pos -2.15 -2.67 -0.25	yaw: -1.50	msg/s 0.0
INFO: 14-07-2022 17:36:41 printStatus(168) -- Drogno_0: connecting	battery: 3.7734375	kalman var: 0.0 0.0 0.0	 batterySag: 0	link quality: 35	flight time: 0s	pos -0.14 -0.03 0.19	yaw: 8.23	msg/s 0.0
INFO: 14-07-2022 17:36:42 printStatus(168) -- Drogno_0: connecting	battery: 3.76953125	kalman var: 0.0 0.0 0.0	 batterySag: 0	link quality: 35	flight time: 0s	pos -0.17 0.05 0.15	yaw: 6.03	msg/s 0.0
INFO: 14-07-2022 17:36:43 printStatus(168) -- Drogno_0: connecting	battery: 3.7734375	kalman var: 0.001 0.001 0.001	 batterySag: 0	link quality: 35	flight time: 0s	pos -0.17 0.03 0.13	yaw: 6.17	msg/s 0.0
INFO: 14-07-2022 17:36:44 printStatus(168) -- Drogno_0: connecting	battery: 3.7734375	kalman var: 0.0 0.0 0.0	 batterySag: 0	link quality: 35	flight time: 0s	pos -0.18 0.06 0.13	yaw: 5.32	msg/s 0.0
INFO: 14-07-2022 17:36:45 printStatus(168) -- Drogno_0: connecting	battery: 3.7734375	kalman var: 0.0 0.0 0.0	 batterySag: 0	link quality: 35	flight time: 0s	pos -0.18 0.05 0.13	yaw: 4.32	msg/s 0.0
INFO: 14-07-2022 17:36:47 printStatus(168) -- Drogno_0: connecting	battery: 3.7734375	kalman var: 0.0 0.0 0.0	 batterySag: 0	link quality: 35	flight time: 0s	pos -0.18 0.05 0.13	yaw: 4.21	msg/s 0.0
INFO: 14-07-2022 17:36:48 printStatus(168) -- Drogno_0: connecting	battery: 3.7734375	kalman var: 0.0 0.0 0.0	 batterySag: 0	link quality: 35	flight time: 0s	pos -0.18 0.06 0.12	yaw: 4.03	msg/s 0.0
INFO: 14-07-2022 17:36:49 printStatus(168) -- Drogno_0: connecting	battery: 3.7734375	kalman var: 0.0 0.0 0.0	 batterySag: 0	link quality: 35	flight time: 0s	pos -0.13 0.04 0.10	yaw: 5.16	msg/s 0.0
INFO: 14-07-2022 17:36:50 printStatus(168) -- Drogno_0: connecting	battery: 3.7734375	kalman var: 0.0 0.001 0.001	 batterySag: 0	link quality: 35	flight time: 0s	pos 0.08 0.01 0.19	yaw: 7.08	msg/s 0.0
INFO: 14-07-2022 17:36:51 printStatus(168) -- Drogno_0: connecting	battery: 3.7734375	kalman var: 0.004 0.005 0.002	 batterySag: 0	link quality: 35	flight time: 0s	pos -0.21 0.10 0.32	yaw: 1.28	msg/s 0.0
INFO: 14-07-2022 17:36:52 printStatus(168) -- Drogno_0: connecting	battery: 3.76953125	kalman var: 0.0 0.0 0.0	 batterySag: 0	link quality: 37	flight time: 0s	pos -0.07 0.02 0.07	yaw: 8.97	msg/s 0.0
INFO: 14-07-2022 17:36:54 printStatus(168) -- Drogno_0: connecting	battery: 3.7734375	kalman var: 0.0 0.0 0.001	 batterySag: 0	link quality: 35	flight time: 0s	pos 0.00 0.01 0.01	yaw: 10.09	msg/s 0.0
INFO: 14-07-2022 17:36:55 printStatus(168) -- Drogno_0: connecting	battery: 3.7734375	kalman var: 0.0 0.0 0.0	 batterySag: 0	link quality: 35	flight time: 0s	pos -0.00 0.01 -0.00	yaw: 3.97	msg/s 0.0
INFO: 14-07-2022 17:36:56 printStatus(168) -- Drogno_0: connecting	battery: 3.7734375	kalman var: 0.0 0.0 0.0	 batterySag: 0	link quality: 35	flight time: 0s	pos -0.00 0.01 -0.00	yaw: 4.04	msg/s 0.0
INFO: 14-07-2022 17:36:57 printStatus(168) -- Drogno_0: connecting	battery: 3.7734375	kalman var: 0.0 0.0 0.0	 batterySag: 0	link quality: 35	flight time: 0s	pos -0.00 0.01 -0.00	yaw: 4.05	msg/s 0.0
INFO: 14-07-2022 17:36:58 printStatus(168) -- Drogno_0: connecting	battery: 3.7734375	kalman var: 0.0 0.0 0.0	 batterySag: 0	link quality: 35	flight time: 0s	pos -0.00 0.01 -0.00	yaw: 4.07	msg/s 0.0
INFO: 14-07-2022 17:37:00 printStatus(168) -- Drogno_0: connecting	battery: 3.76953125	kalman var: 0.0 0.0 0.0	 batterySag: 0	link quality: 35	flight time: 0s	pos -0.00 0.01 -0.00	yaw: 4.07	msg/s 0.0
INFO: 14-07-2022 17:37:01 printStatus(168) -- Drogno_0: connecting	battery: 3.7734375	kalman var: 0.001 0.0 0.001	 batterySag: 0	link quality: 35	flight time: 0s	pos -0.00 0.01 -0.00	yaw: 3.92	msg/s 0.0
INFO: 14-07-2022 17:37:02 printStatus(168) -- Drogno_0: connecting	battery: 3.7734375	kalman var: 0.0 0.0 0.0	 batterySag: 0	link quality: 35	flight time: 0s	pos -0.00 0.01 -0.00	yaw: 4.09	msg/s 0.0
INFO: 14-07-2022 17:37:03 printStatus(168) -- Drogno_0: connecting	battery: 3.7734375	kalman var: 0.0 0.0 0.0	 batterySag: 0	link quality: 35	flight time: 0s	pos -0.00 0.01 -0.00	yaw: 3.99	msg/s 0.0
INFO: 14-07-2022 17:37:04 printStatus(168) -- Drogno_0: connecting	battery: 3.7734375	kalman var: 0.0 0.0 0.0	 batterySag: 0	link quality: 35	flight time: 0s	pos -0.00 0.01 -0.00	yaw: 3.55	msg/s 0.0
INFO: 14-07-2022 17:37:05 printStatus(168) -- Drogno_0: connecting	battery: 3.7734375	kalman var: 0.0 0.0 0.0	 batterySag: 0	link quality: 35	flight time: 0s	pos -0.00 0.01 -0.00	yaw: 3.98	msg/s 0.0
INFO: 14-07-2022 17:37:07 printStatus(168) -- Drogno_0: connecting	battery: 3.7734375	kalman var: 0.0 0.0 0.0	 batterySag: 0	link quality: 35	flight time: 0s	pos -0.00 0.01 -0.00	yaw: 4.05	msg/s 0.0
INFO: 14-07-2022 17:37:08 printStatus(168) -- Drogno_0: connecting	battery: 3.7734375	kalman var: 0.0 0.0 0.0	 batterySag: 0	link quality: 35	flight time: 0s	pos -0.01 0.01 -0.00	yaw: 4.01	msg/s 0.0
INFO: 14-07-2022 17:37:09 printStatus(168) -- Drogno_0: connecting	battery: 3.7734375	kalman var: 0.0 0.0 0.0	 batterySag: 0	link quality: 35	flight time: 0s	pos -0.00 0.01 -0.00	yaw: 4.05	msg/s 0.0
INFO: 14-07-2022 17:37:10 printStatus(168) -- Drogno_0: connecting	battery: 3.7734375	kalman var: 0.0 0.0 0.0	 batterySag: 0	link quality: 35	flight time: 0s	pos -0.01 0.01 -0.00	yaw: 3.97	msg/s 0.0
INFO: 14-07-2022 17:37:11 printStatus(168) -- Drogno_0: connecting	battery: 3.7734375	kalman var: 0.0 0.0 0.0	 batterySag: 0	link quality: 35	flight time: 0s	pos -0.00 0.01 -0.00	yaw: 4.03	msg/s 0.0
INFO: 14-07-2022 17:37:13 printStatus(168) -- Drogno_0: connecting	battery: 3.7734375	kalman var: 0.0 0.0 0.0	 batterySag: 0	link quality: 35	flight time: 0s	pos -0.00 0.01 -0.00	yaw: 3.99	msg/s 0.0
INFO: 14-07-2022 17:37:14 printStatus(168) -- Drogno_0: connecting	battery: 3.76953125	kalman var: 0.0 0.0 0.0	 batterySag: 0	link quality: 35	flight time: 0s	pos -0.01 0.06 -0.06	yaw: 0.42	msg/s 0.0
INFO: 14-07-2022 17:37:15 printStatus(168) -- Drogno_0: connecting	battery: 3.7734375	kalman var: 0.0 0.0 0.0	 batterySag: 0	link quality: 35	flight time: 0s	pos -0.00 0.01 -0.00	yaw: 3.90	msg/s 0.0
INFO: 14-07-2022 17:37:16 printStatus(168) -- Drogno_0: connecting	battery: 3.76953125	kalman var: 0.0 0.0 0.0	 batterySag: 0	link quality: 35	flight time: 0s	pos -0.00 0.01 -0.00	yaw: 4.04	msg/s 0.0
INFO: 14-07-2022 17:37:17 printStatus(168) -- Drogno_0: connecting	battery: 3.76953125	kalman var: 0.0 0.0 0.0	 batterySag: 0	link quality: 35	flight time: 0s	pos -0.00 0.01 -0.00	yaw: 4.11	msg/s 0.0
INFO: 14-07-2022 17:37:18 printStatus(168) -- Drogno_0: connecting	battery: 3.76953125	kalman var: 0.0 0.0 0.0	 batterySag: 0	link quality: 35	flight time: 0s	pos -0.00 0.01 -0.00	yaw: 3.98	msg/s 0.0
INFO: 14-07-2022 17:37:20 printStatus(168) -- Drogno_0: connecting	battery: 3.76953125	kalman var: 0.0 0.0 0.0	 batterySag: 0	link quality: 36	flight time: 0s	pos -0.00 0.01 -0.00	yaw: 4.07	msg/s 0.0
INFO: 14-07-2022 17:37:21 printStatus(168) -- Drogno_0: connecting	battery: 3.76953125	kalman var: 0.0 0.0 0.0	 batterySag: 0	link quality: 35	flight time: 0s	pos -0.00 0.01 -0.00	yaw: 4.06	msg/s 0.0
INFO: 14-07-2022 17:37:22 printStatus(168) -- Drogno_0: connecting	battery: 3.76953125	kalman var: 0.0 0.0 0.0	 batterySag: 0	link quality: 35	flight time: 0s	pos -0.00 0.01 -0.00	yaw: 4.07	msg/s 0.0
INFO: 14-07-2022 17:37:23 printStatus(168) -- Drogno_0: connecting	battery: 3.7734375	kalman var: 0.0 0.0 0.0	 batterySag: 0	link quality: 35	flight time: 0s	pos -0.00 0.01 -0.00	yaw: 4.04	msg/s 0.0
INFO: 14-07-2022 17:37:24 printStatus(168) -- Drogno_0: connecting	battery: 3.7734375	kalman var: 0.0 0.0 0.0	 batterySag: 0	link quality: 35	flight time: 0s	pos -0.00 0.01 -0.00	yaw: 4.09	msg/s 0.0
INFO: 14-07-2022 17:37:26 printStatus(168) -- Drogno_0: connecting	battery: 3.76953125	kalman var: 0.0 0.0 0.0	 batterySag: 0	link quality: 35	flight time: 0s	pos -0.00 0.01 -0.00	yaw: 4.11	msg/s 0.0
INFO: 14-07-2022 17:37:27 printStatus(168) -- Drogno_0: connecting	battery: 3.7734375	kalman var: 0.0 0.0 0.0	 batterySag: 0	link quality: 35	flight time: 0s	pos -0.00 0.01 -0.00	yaw: 4.06	msg/s 0.0
INFO: 14-07-2022 17:37:28 printStatus(168) -- Drogno_0: connecting	battery: 3.7734375	kalman var: 0.0 0.0 0.0	 batterySag: 0	link quality: 35	flight time: 0s	pos -0.00 0.01 -0.00	yaw: 4.09	msg/s 0.0
INFO: 14-07-2022 17:37:29 printStatus(168) -- Drogno_0: connecting	battery: 3.76953125	kalman var: 0.0 0.0 0.0	 batterySag: 0	link quality: 35	flight time: 0s	pos -0.00 0.01 -0.00	yaw: 4.07	msg/s 0.0
INFO: 14-07-2022 17:37:30 printStatus(168) -- Drogno_0: connecting	battery: 3.7734375	kalman var: 0.0 0.0 0.0	 batterySag: 0	link quality: 35	flight time: 0s	pos -0.00 0.01 -0.00	yaw: 3.96	msg/s 0.0
INFO: 14-07-2022 17:37:32 printStatus(168) -- Drogno_0: connecting	battery: 3.76953125	kalman var: 0.0 0.0 0.0	 batterySag: 0	link quality: 35	flight time: 0s	pos -0.00 0.01 -0.00	yaw: 4.06	msg/s 0.0
INFO: 14-07-2022 17:37:33 printStatus(168) -- Drogno_0: connecting	battery: 3.7734375	kalman var: 0.0 0.0 0.0	 batterySag: 0	link quality: 35	flight time: 0s	pos -0.00 0.01 -0.00	yaw: 2.00	msg/s 0.0
INFO: 14-07-2022 17:37:34 printStatus(168) -- Drogno_0: connecting	battery: 3.7734375	kalman var: 0.0 0.0 0.0	 batterySag: 0	link quality: 35	flight time: 0s	pos -0.00 0.01 -0.00	yaw: 3.79	msg/s 0.0
INFO: 14-07-2022 17:37:35 printStatus(168) -- Drogno_0: connecting	battery: 3.76953125	kalman var: 0.0 0.0 0.0	 batterySag: 0	link quality: 35	flight time: 0s	pos -0.00 0.01 -0.00	yaw: 4.04	msg/s 0.0
INFO: 14-07-2022 17:37:36 printStatus(168) -- Drogno_0: connecting	battery: 3.76953125	kalman var: 0.0 0.0 0.0	 batterySag: 0	link quality: 35	flight time: 0s	pos -0.00 0.01 -0.00	yaw: 4.06	msg/s 0.0
INFO: 14-07-2022 17:37:37 printStatus(168) -- Drogno_0: connecting	battery: 3.76953125	kalman var: 0.0 0.0 0.0	 batterySag: 0	link quality: 35	flight time: 0s	pos -0.00 0.01 -0.00	yaw: 3.96	msg/s 0.0
INFO: 14-07-2022 17:37:38 printStatus(168) -- Drogno_0: connecting	battery: 3.7734375	kalman var: 0.0 0.0 0.0	 batterySag: 0	link quality: 35	flight time: 0s	pos -0.00 0.01 -0.00	yaw: 4.09	msg/s 0.0
INFO: 14-07-2022 17:37:40 printStatus(168) -- Drogno_0: connecting	battery: 3.7734375	kalman var: 0.0 0.0 0.0	 batterySag: 0	link quality: 35	flight time: 0s	pos -0.00 0.01 -0.00	yaw: 3.97	msg/s 0.0
INFO: 14-07-2022 17:37:41 printStatus(168) -- Drogno_0: connecting	battery: 3.7734375	kalman var: 0.0 0.0 0.0	 batterySag: 0	link quality: 35	flight time: 0s	pos -0.00 0.01 -0.00	yaw: 4.08	msg/s 0.0
INFO: 14-07-2022 17:37:42 printStatus(168) -- Drogno_0: connecting	battery: 3.7734375	kalman var: 0.0 0.0 0.0	 batterySag: 0	link quality: 35	flight time: 0s	pos -0.00 0.01 -0.00	yaw: 4.03	msg/s 0.0
INFO: 14-07-2022 17:37:43 printStatus(168) -- Drogno_0: connecting	battery: 3.76953125	kalman var: 0.0 0.0 0.0	 batterySag: 0	link quality: 35	flight time: 0s	pos -0.00 0.01 -0.00	yaw: 4.11	msg/s 0.0
INFO: 14-07-2022 17:37:44 printStatus(168) -- Drogno_0: connecting	battery: 3.7734375	kalman var: 0.0 0.0 0.0	 batterySag: 0	link quality: 35	flight time: 0s	pos -0.00 0.01 -0.00	yaw: 4.12	msg/s 0.0
INFO: 14-07-2022 17:37:46 printStatus(168) -- Drogno_0: connecting	battery: 3.7734375	kalman var: 0.0 0.0 0.0	 batterySag: 0	link quality: 35	flight time: 0s	pos -0.00 0.01 -0.00	yaw: 4.09	msg/s 0.0
INFO: 14-07-2022 17:37:47 printStatus(168) -- Drogno_0: connecting	battery: 3.76953125	kalman var: 0.0 0.0 0.0	 batterySag: 0	link quality: 35	flight time: 0s	pos -0.00 0.01 -0.00	yaw: 4.07	msg/s 0.0
INFO: 14-07-2022 17:37:48 printStatus(168) -- Drogno_0: connecting	battery: 3.76953125	kalman var: 0.0 0.0 0.0	 batterySag: 0	link quality: 35	flight time: 0s	pos -0.00 0.01 -0.00	yaw: 4.06	msg/s 0.0
INFO: 14-07-2022 17:37:49 printStatus(168) -- Drogno_0: connecting	battery: 3.76953125	kalman var: 0.0 0.0 0.0	 batterySag: 0	link quality: 35	flight time: 0s	pos -0.00 0.01 -0.00	yaw: 3.90	msg/s 0.0
INFO: 14-07-2022 17:37:50 printStatus(168) -- Drogno_0: connecting	battery: 3.76953125	kalman var: 0.0 0.0 0.0	 batterySag: 0	link quality: 35	flight time: 0s	pos -0.00 0.01 -0.00	yaw: 4.09	msg/s 0.0
INFO: 14-07-2022 17:37:51 printStatus(168) -- Drogno_0: connecting	battery: 3.76953125	kalman var: 0.0 0.0 0.0	 batterySag: 0	link quality: 35	flight time: 0s	pos -0.00 0.01 -0.00	yaw: 3.96	msg/s 0.0
INFO: 14-07-2022 17:37:53 printStatus(168) -- Drogno_0: connecting	battery: 3.76953125	kalman var: 0.0 0.0 0.0	 batterySag: 0	link quality: 35	flight time: 0s	pos -0.00 0.01 -0.00	yaw: 4.07	msg/s 0.0
INFO: 14-07-2022 17:37:54 printStatus(168) -- Drogno_0: connecting	battery: 3.76953125	kalman var: 0.0 0.0 0.0	 batterySag: 0	link quality: 35	flight time: 0s	pos -0.00 0.01 -0.00	yaw: 4.12	msg/s 0.0
INFO: 14-07-2022 17:37:55 printStatus(168) -- Drogno_0: connecting	battery: 3.76953125	kalman var: 0.0 0.0 0.0	 batterySag: 0	link quality: 35	flight time: 0s	pos -0.00 0.01 -0.00	yaw: 4.04	msg/s 0.0
INFO: 14-07-2022 17:37:56 printStatus(168) -- Drogno_0: connecting	battery: 3.76953125	kalman var: 0.0 0.0 0.0	 batterySag: 0	link quality: 35	flight time: 0s	pos -0.00 0.01 -0.00	yaw: 3.93	msg/s 0.0
INFO: 14-07-2022 17:37:57 printStatus(168) -- Drogno_0: connecting	battery: 3.76953125	kalman var: 0.0 0.0 0.0	 batterySag: 0	link quality: 35	flight time: 0s	pos -0.00 0.01 -0.00	yaw: 4.13	msg/s 0.0
INFO: 14-07-2022 17:37:58 printStatus(168) -- Drogno_0: connecting	battery: 3.76953125	kalman var: 0.001 0.001 0.001	 batterySag: 0	link quality: 35	flight time: 0s	pos 0.00 0.01 -0.00	yaw: 3.89	msg/s 0.0
INFO: 14-07-2022 17:38:00 printStatus(168) -- Drogno_0: connecting	battery: 3.76953125	kalman var: 0.0 0.0 0.0	 batterySag: 0	link quality: 35	flight time: 0s	pos -0.00 0.01 -0.00	yaw: 4.07	msg/s 0.0
INFO: 14-07-2022 17:38:01 printStatus(168) -- Drogno_0: connecting	battery: 3.76953125	kalman var: 0.001 0.001 0.001	 batterySag: 0	link quality: 35	flight time: 0s	pos -0.01 0.01 -0.00	yaw: 3.87	msg/s 0.0
INFO: 14-07-2022 17:38:02 printStatus(168) -- Drogno_0: connecting	battery: 3.76953125	kalman var: 0.0 0.0 0.0	 batterySag: 0	link quality: 35	flight time: 0s	pos -0.00 0.01 -0.00	yaw: 4.10	msg/s 0.0
INFO: 14-07-2022 17:38:03 printStatus(168) -- Drogno_0: connecting	battery: 3.76953125	kalman var: 0.0 0.0 0.0	 batterySag: 0	link quality: 35	flight time: 0s	pos -0.00 0.01 -0.00	yaw: 4.10	msg/s 0.0
INFO: 14-07-2022 17:38:04 printStatus(168) -- Drogno_0: connecting	battery: 3.76953125	kalman var: 0.0 0.0 0.0	 batterySag: 0	link quality: 35	flight time: 0s	pos -0.00 0.01 -0.00	yaw: 4.05	msg/s 0.0
INFO: 14-07-2022 17:38:05 printStatus(168) -- Drogno_0: connecting	battery: 3.76953125	kalman var: 0.001 0.001 0.001	 batterySag: 0	link quality: 35	flight time: 0s	pos -0.01 0.01 -0.00	yaw: 3.88	msg/s 0.0
INFO: 14-07-2022 17:38:07 printStatus(168) -- Drogno_0: connecting	battery: 3.76953125	kalman var: 0.0 0.0 0.0	 batterySag: 0	link quality: 35	flight time: 0s	pos -0.00 0.01 -0.00	yaw: 4.10	msg/s 0.0
INFO: 14-07-2022 17:38:08 printStatus(168) -- Drogno_0: connecting	battery: 3.76953125	kalman var: 0.001 0.001 0.001	 batterySag: 0	link quality: 35	flight time: 0s	pos -0.00 0.01 -0.00	yaw: 3.90	msg/s 0.0
INFO: 14-07-2022 17:38:09 printStatus(168) -- Drogno_0: connecting	battery: 3.76953125	kalman var: 0.0 0.0 0.0	 batterySag: 0	link quality: 35	flight time: 0s	pos -0.00 0.01 -0.00	yaw: 4.04	msg/s 0.0
INFO: 14-07-2022 17:38:10 printStatus(168) -- Drogno_0: connecting	battery: 3.76953125	kalman var: 0.0 0.0 0.001	 batterySag: 0	link quality: 35	flight time: 0s	pos -0.00 0.01 -0.00	yaw: 3.96	msg/s 0.0
INFO: 14-07-2022 17:38:11 printStatus(168) -- Drogno_0: connecting	battery: 3.76953125	kalman var: 0.0 0.0 0.0	 batterySag: 0	link quality: 35	flight time: 0s	pos -0.00 0.01 -0.00	yaw: 4.11	msg/s 0.0
INFO: 14-07-2022 17:38:13 printStatus(168) -- Drogno_0: connecting	battery: 3.76953125	kalman var: 0.0 0.0 0.0	 batterySag: 0	link quality: 35	flight time: 0s	pos -0.00 0.01 -0.00	yaw: 4.07	msg/s 0.0
INFO: 14-07-2022 17:38:14 printStatus(168) -- Drogno_0: connecting	battery: 3.76953125	kalman var: 0.0 0.0 0.0	 batterySag: 0	link quality: 35	flight time: 0s	pos -0.00 0.01 -0.00	yaw: 4.11	msg/s 0.0
INFO: 14-07-2022 17:38:15 printStatus(168) -- Drogno_0: connecting	battery: 3.76953125	kalman var: 0.0 0.001 0.001	 batterySag: 0	link quality: 35	flight time: 0s	pos -0.01 0.01 -0.00	yaw: 3.91	msg/s 0.0
INFO: 14-07-2022 17:38:16 printStatus(168) -- Drogno_0: connecting	battery: 3.76953125	kalman var: 0.0 0.0 0.0	 batterySag: 0	link quality: 35	flight time: 0s	pos -0.00 0.01 -0.00	yaw: 3.53	msg/s 0.0
INFO: 14-07-2022 17:38:17 printStatus(168) -- Drogno_0: connecting	battery: 3.76953125	kalman var: 0.0 0.0 0.0	 batterySag: 0	link quality: 35	flight time: 0s	pos -0.00 0.01 -0.00	yaw: 4.00	msg/s 0.0
INFO: 14-07-2022 17:38:18 printStatus(168) -- Drogno_0: connecting	battery: 3.76953125	kalman var: 0.0 0.0 0.0	 batterySag: 0	link quality: 35	flight time: 0s	pos -0.00 0.01 -0.00	yaw: 4.02	msg/s 0.0
INFO: 14-07-2022 17:38:20 printStatus(168) -- Drogno_0: connecting	battery: 3.76953125	kalman var: 0.0 0.0 0.001	 batterySag: 0	link quality: 35	flight time: 0s	pos -0.00 0.01 -0.00	yaw: 3.93	msg/s 0.0
INFO: 14-07-2022 17:38:21 printStatus(168) -- Drogno_0: connecting	battery: 3.76953125	kalman var: 0.0 0.0 0.0	 batterySag: 0	link quality: 35	flight time: 0s	pos -0.00 0.01 -0.00	yaw: 2.69	msg/s 0.0
INFO: 14-07-2022 17:38:22 printStatus(168) -- Drogno_0: connecting	battery: 3.76953125	kalman var: 0.0 0.0 0.0	 batterySag: 0	link quality: 35	flight time: 0s	pos -0.00 0.01 -0.00	yaw: 4.05	msg/s 0.0
INFO: 14-07-2022 17:38:23 printStatus(168) -- Drogno_0: connecting	battery: 3.76953125	kalman var: 0.0 0.0 0.0	 batterySag: 0	link quality: 35	flight time: 0s	pos -0.00 0.01 -0.00	yaw: 4.05	msg/s 0.0
INFO: 14-07-2022 17:38:26 printStatus(168) -- Drogno_0: connecting	battery: 3.76953125	kalman var: 0.0 0.0 0.0	 batterySag: 0	link quality: 35	flight time: 0s	pos -0.00 0.01 -0.00	yaw: 4.08	msg/s 0.0
INFO: 14-07-2022 17:38:27 printStatus(168) -- Drogno_0: connecting	battery: 3.76953125	kalman var: 0.0 0.0 0.0	 batterySag: 0	link quality: 35	flight time: 0s	pos -0.00 0.01 -0.00	yaw: 4.10	msg/s 0.0
INFO: 14-07-2022 17:38:28 printStatus(168) -- Drogno_0: connecting	battery: 3.76953125	kalman var: 0.0 0.0 0.0	 batterySag: 0	link quality: 35	flight time: 0s	pos -0.00 0.01 -0.00	yaw: 4.02	msg/s 0.0
INFO: 14-07-2022 17:38:30 printStatus(168) -- Drogno_0: connecting	battery: 3.76953125	kalman var: 0.0 0.0 0.0	 batterySag: 0	link quality: 35	flight time: 0s	pos -0.00 0.00 -0.00	yaw: 2.28	msg/s 0.0
INFO: 14-07-2022 17:38:31 printStatus(168) -- Drogno_0: connecting	battery: 3.76953125	kalman var: 0.0 0.0 0.0	 batterySag: 0	link quality: 35	flight time: 0s	pos -0.00 0.01 -0.00	yaw: 3.96	msg/s 0.0
INFO: 14-07-2022 17:38:32 printStatus(168) -- Drogno_0: connecting	battery: 3.76953125	kalman var: 0.0 0.0 0.0	 batterySag: 0	link quality: 35	flight time: 0s	pos -0.00 0.01 -0.00	yaw: 2.60	msg/s 0.0
INFO: 14-07-2022 17:38:33 printStatus(168) -- Drogno_0: connecting	battery: 3.76953125	kalman var: 0.0 0.0 0.0	 batterySag: 0	link quality: 35	flight time: 0s	pos -0.00 0.01 -0.00	yaw: 3.94	msg/s 0.0
INFO: 14-07-2022 17:38:34 printStatus(168) -- Drogno_0: connecting	battery: 3.76953125	kalman var: 0.0 0.0 0.0	 batterySag: 0	link quality: 35	flight time: 0s	pos -0.01 0.01 -0.00	yaw: 3.99	msg/s 0.0
INFO: 14-07-2022 17:38:35 printStatus(168) -- Drogno_0: connecting	battery: 3.76953125	kalman var: 0.0 0.0 0.0	 batterySag: 0	link quality: 35	flight time: 0s	pos -0.00 0.01 -0.00	yaw: 4.07	msg/s 0.0
INFO: 14-07-2022 17:38:37 printStatus(168) -- Drogno_0: connecting	battery: 3.76953125	kalman var: 0.0 0.0 0.0	 batterySag: 0	link quality: 35	flight time: 0s	pos -0.00 0.01 -0.00	yaw: 3.04	msg/s 0.0
INFO: 14-07-2022 17:38:38 printStatus(168) -- Drogno_0: connecting	battery: 3.76953125	kalman var: 0.0 0.0 0.0	 batterySag: 0	link quality: 35	flight time: 0s	pos -0.00 0.01 -0.00	yaw: 3.99	msg/s 0.0
INFO: 14-07-2022 17:38:39 printStatus(168) -- Drogno_0: connecting	battery: 3.76953125	kalman var: 0.0 0.0 0.0	 batterySag: 0	link quality: 35	flight time: 0s	pos -0.00 0.01 -0.00	yaw: 3.98	msg/s 0.0
INFO: 14-07-2022 17:38:40 printStatus(168) -- Drogno_0: connecting	battery: 3.76953125	kalman var: 0.0 0.0 0.0	 batterySag: 0	link quality: 35	flight time: 0s	pos -0.00 0.01 -0.00	yaw: 4.04	msg/s 0.0
INFO: 14-07-2022 17:38:41 printStatus(168) -- Drogno_0: connecting	battery: 3.763671875	kalman var: 0.0 0.0 0.0	 batterySag: 0	link quality: 35	flight time: 0s	pos -0.01 0.04 -0.03	yaw: 1.85	msg/s 0.0
INFO: 14-07-2022 17:38:43 printStatus(168) -- Drogno_0: connecting	battery: 3.76953125	kalman var: 0.0 0.0 0.0	 batterySag: 0	link quality: 35	flight time: 0s	pos -0.00 0.01 -0.00	yaw: 3.92	msg/s 0.0
INFO: 14-07-2022 17:38:44 printStatus(168) -- Drogno_0: connecting	battery: 3.76953125	kalman var: 0.0 0.0 0.0	 batterySag: 0	link quality: 35	flight time: 0s	pos -0.00 0.01 -0.00	yaw: 4.04	msg/s 0.0
INFO: 14-07-2022 17:38:45 printStatus(168) -- Drogno_0: connecting	battery: 3.76953125	kalman var: 0.0 0.0 0.0	 batterySag: 0	link quality: 36	flight time: 0s	pos -0.00 0.01 -0.00	yaw: 4.10	msg/s 0.0
INFO: 14-07-2022 17:38:46 printStatus(168) -- Drogno_0: connecting	battery: 3.76953125	kalman var: 0.0 0.0 0.0	 batterySag: 0	link quality: 57	flight time: 0s	pos -0.00 0.01 -0.00	yaw: 4.02	msg/s 0.0
INFO: 14-07-2022 17:38:47 printStatus(168) -- Drogno_0: connecting	battery: 3.76953125	kalman var: 0.0 0.0 0.0	 batterySag: 0	link quality: 50	flight time: 0s	pos -0.00 0.01 -0.00	yaw: 4.12	msg/s 0.0
INFO: 14-07-2022 17:38:49 printStatus(168) -- Drogno_0: connecting	battery: 3.76953125	kalman var: 0.0 0.0 0.0	 batterySag: 0	link quality: 51	flight time: 0s	pos -0.00 0.01 -0.00	yaw: 4.04	msg/s 0.0
INFO: 14-07-2022 17:38:50 printStatus(168) -- Drogno_0: connecting	battery: 3.76953125	kalman var: 0.0 0.0 0.0	 batterySag: 0	link quality: 42	flight time: 0s	pos -0.00 0.01 -0.00	yaw: 4.08	msg/s 0.0
INFO: 14-07-2022 17:38:51 printStatus(168) -- Drogno_0: connecting	battery: 3.76953125	kalman var: 0.0 0.0 0.001	 batterySag: 0	link quality: 40	flight time: 0s	pos 0.01 0.09 -0.14	yaw: 10.95	msg/s 0.0
