INFO: 14-07-2022 19:15:29 __init__(129) -- This is dronelog running on Drogno_0
INFO: 14-07-2022 19:15:29 printStatus(165) -- Started
INFO: 14-07-2022 19:15:30 printStatus(168) -- Drogno_0: connecting	battery: n.p.	kalman var: 0 0 0	 batterySag: 0	link quality: 0	flight time: 0s	pos 0.00 0.00 0.00	yaw: 0.00	msg/s 0.0
INFO: 14-07-2022 19:15:32 printStatus(168) -- Drogno_0: connecting	battery: n.p.	kalman var: 0 0 0	 batterySag: 0	link quality: 0	flight time: 0s	pos 0.00 0.00 0.00	yaw: 0.00	msg/s 0.0
INFO: 14-07-2022 19:15:33 printStatus(168) -- Drogno_0: connecting	battery: n.p.	kalman var: 0 0 0	 batterySag: 0	link quality: 0	flight time: 0s	pos 0.00 0.00 0.00	yaw: 0.00	msg/s 0.0
INFO: 14-07-2022 19:15:34 printStatus(168) -- Drogno_0: connecting	battery: n.p.	kalman var: 0 0 0	 batterySag: 0	link quality: 0	flight time: 0s	pos 0.00 0.00 0.00	yaw: 0.00	msg/s 0.0
INFO: 14-07-2022 19:15:35 printStatus(168) -- Drogno_0: connecting	battery: n.p.	kalman var: 0 0 0	 batterySag: 0	link quality: 0	flight time: 0s	pos 0.00 0.00 0.00	yaw: 0.00	msg/s 0.0
INFO: 14-07-2022 19:15:36 printStatus(168) -- Drogno_0: connecting	battery: n.p.	kalman var: 0 0 0	 batterySag: 0	link quality: 0	flight time: 0s	pos 0.00 0.00 0.00	yaw: 0.00	msg/s 0.0
INFO: 14-07-2022 19:15:38 printStatus(168) -- Drogno_0: connecting	battery: n.p.	kalman var: 0 0 0	 batterySag: 0	link quality: 0	flight time: 0s	pos 0.00 0.00 0.00	yaw: 0.00	msg/s 0.0
INFO: 14-07-2022 19:15:39 printStatus(168) -- Drogno_0: connecting	battery: n.p.	kalman var: 0 0 0	 batterySag: 0	link quality: 0	flight time: 0s	pos 0.00 0.00 0.00	yaw: 0.00	msg/s 0.0
INFO: 14-07-2022 19:15:40 printStatus(168) -- Drogno_0: connecting	battery: n.p.	kalman var: 0 0 0	 batterySag: 0	link quality: 0	flight time: 0s	pos 0.00 0.00 0.00	yaw: 0.00	msg/s 0.0
INFO: 14-07-2022 19:15:41 printStatus(168) -- Drogno_0: connecting	battery: n.p.	kalman var: 0 0 0	 batterySag: 0	link quality: 0	flight time: 0s	pos 0.00 0.00 0.00	yaw: 0.00	msg/s 0.0
INFO: 14-07-2022 19:15:42 printStatus(168) -- Drogno_0: connecting	battery: n.p.	kalman var: 0 0 0	 batterySag: 0	link quality: 0	flight time: 0s	pos 0.00 0.00 0.00	yaw: 0.00	msg/s 0.0
INFO: 14-07-2022 19:15:44 printStatus(168) -- Drogno_0: connecting	battery: n.p.	kalman var: 0 0 0	 batterySag: 0	link quality: 0	flight time: 0s	pos 0.00 0.00 0.00	yaw: 0.00	msg/s 0.0
INFO: 14-07-2022 19:15:45 printStatus(168) -- Drogno_0: connecting	battery: n.p.	kalman var: 0 0 0	 batterySag: 0	link quality: 0	flight time: 0s	pos 0.00 0.00 0.00	yaw: 0.00	msg/s 0.0
INFO: 14-07-2022 19:15:46 printStatus(168) -- Drogno_0: connecting	battery: n.p.	kalman var: 0 0 0	 batterySag: 0	link quality: 0	flight time: 0s	pos 0.00 0.00 0.00	yaw: 0.00	msg/s 0.0
INFO: 14-07-2022 19:15:47 printStatus(168) -- Drogno_0: connecting	battery: n.p.	kalman var: 0 0 0	 batterySag: 0	link quality: 0	flight time: 0s	pos 0.00 0.00 0.00	yaw: 0.00	msg/s 0.0
INFO: 14-07-2022 19:15:48 printStatus(168) -- Drogno_0: connecting	battery: n.p.	kalman var: 0 0 0	 batterySag: 0	link quality: 0	flight time: 0s	pos 0.00 0.00 0.00	yaw: 0.00	msg/s 0.0
INFO: 14-07-2022 19:15:50 printStatus(168) -- Drogno_0: connecting	battery: n.p.	kalman var: 0 0 0	 batterySag: 0	link quality: 0	flight time: 0s	pos 0.00 0.00 0.00	yaw: 0.00	msg/s 0.0
INFO: 14-07-2022 19:15:51 printStatus(168) -- Drogno_0: connecting	battery: n.p.	kalman var: 0 0 0	 batterySag: 0	link quality: 0	flight time: 0s	pos 0.00 0.00 0.00	yaw: 0.00	msg/s 0.0
INFO: 14-07-2022 19:15:52 printStatus(168) -- Drogno_0: connecting	battery: n.p.	kalman var: 0 0 0	 batterySag: 0	link quality: 0	flight time: 0s	pos 0.00 0.00 0.00	yaw: 0.00	msg/s 0.0
INFO: 14-07-2022 19:15:53 printStatus(168) -- Drogno_0: connecting	battery: n.p.	kalman var: 0 0 0	 batterySag: 0	link quality: 0	flight time: 0s	pos 0.00 0.00 0.00	yaw: 0.00	msg/s 0.0
INFO: 14-07-2022 19:15:54 printStatus(168) -- Drogno_0: connecting	battery: n.p.	kalman var: 0 0 0	 batterySag: 0	link quality: 0	flight time: 0s	pos 0.00 0.00 0.00	yaw: 0.00	msg/s 0.0
INFO: 14-07-2022 19:15:55 printStatus(168) -- Drogno_0: connecting	battery: n.p.	kalman var: 0 0 0	 batterySag: 0	link quality: 0	flight time: 0s	pos 0.00 0.00 0.00	yaw: 0.00	msg/s 0.0
INFO: 14-07-2022 19:15:57 printStatus(168) -- Drogno_0: connecting	battery: n.p.	kalman var: 0 0 0	 batterySag: 0	link quality: 0	flight time: 0s	pos 0.00 0.00 0.00	yaw: 0.00	msg/s 0.0
INFO: 14-07-2022 19:15:58 printStatus(168) -- Drogno_0: connecting	battery: n.p.	kalman var: 0 0 0	 batterySag: 0	link quality: 0	flight time: 0s	pos 0.00 0.00 0.00	yaw: 0.00	msg/s 0.0
INFO: 14-07-2022 19:15:59 printStatus(168) -- Drogno_0: connecting	battery: n.p.	kalman var: 0 0 0	 batterySag: 0	link quality: 0	flight time: 0s	pos 0.00 0.00 0.00	yaw: 0.00	msg/s 0.0
INFO: 14-07-2022 19:16:00 printStatus(168) -- Drogno_0: connecting	battery: n.p.	kalman var: 0 0 0	 batterySag: 0	link quality: 0	flight time: 0s	pos 0.00 0.00 0.00	yaw: 0.00	msg/s 0.0
INFO: 14-07-2022 19:16:01 printStatus(168) -- Drogno_0: connecting	battery: n.p.	kalman var: 0 0 0	 batterySag: 0	link quality: 0	flight time: 0s	pos 0.00 0.00 0.00	yaw: 0.00	msg/s 0.0
INFO: 14-07-2022 19:16:03 printStatus(168) -- Drogno_0: connecting	battery: n.p.	kalman var: 0 0 0	 batterySag: 0	link quality: 0	flight time: 0s	pos 0.00 0.00 0.00	yaw: 0.00	msg/s 0.0
INFO: 14-07-2022 19:16:04 printStatus(168) -- Drogno_0: ready	battery: 3.63671875	kalman var: 0.0 0.0 0.0	 batterySag: 0	link quality: 35	flight time: 0s	pos -0.04 0.01 -0.00	yaw: 5.12	msg/s 0.0
INFO: 14-07-2022 19:16:05 printStatus(168) -- Drogno_0: ready	battery: 3.63671875	kalman var: 0.0 0.0 0.0	 batterySag: 0	link quality: 35	flight time: 0s	pos -0.05 0.01 -0.00	yaw: 5.11	msg/s 0.0
INFO: 14-07-2022 19:16:06 printStatus(168) -- Drogno_0: ready	battery: 3.63671875	kalman var: 0.0 0.0 0.0	 batterySag: 0	link quality: 35	flight time: 0s	pos -0.04 0.01 -0.00	yaw: 5.05	msg/s 0.0
INFO: 14-07-2022 19:16:07 printStatus(168) -- Drogno_0: ready	battery: 3.63671875	kalman var: 0.0 0.0 0.0	 batterySag: 0	link quality: 35	flight time: 0s	pos -0.04 0.01 -0.00	yaw: 5.10	msg/s 0.0
INFO: 14-07-2022 19:16:08 printStatus(168) -- Drogno_0: ready	battery: 3.63671875	kalman var: 0.0 0.0 0.0	 batterySag: 0	link quality: 35	flight time: 0s	pos -0.04 0.01 -0.00	yaw: 5.22	msg/s 0.0
INFO: 14-07-2022 19:16:10 printStatus(168) -- Drogno_0: ready	battery: 3.642578125	kalman var: 0.0 0.0 0.0	 batterySag: 0	link quality: 35	flight time: 0s	pos -0.04 0.01 -0.00	yaw: 5.04	msg/s 0.0
INFO: 14-07-2022 19:16:11 printStatus(168) -- Drogno_0: ready	battery: 3.63671875	kalman var: 0.001 0.002 0.001	 batterySag: 0	link quality: 37	flight time: 0s	pos -0.02 -0.06 0.12	yaw: -16.62	msg/s 0.0
INFO: 14-07-2022 19:16:12 printStatus(168) -- Drogno_0: ready	battery: 3.63671875	kalman var: 0.006 0.006 0.002	 batterySag: 0	link quality: 35	flight time: 0s	pos -0.01 -0.06 0.12	yaw: -8.12	msg/s 0.0
INFO: 14-07-2022 19:16:13 printStatus(168) -- Drogno_0: BAD kalman	battery: 3.63671875	kalman var: 0.016 0.016 0.003	 batterySag: 0	link quality: 35	flight time: 0s	pos 0.11 -0.02 0.07	yaw: 2.00	msg/s 0.0
INFO: 14-07-2022 19:16:14 printStatus(168) -- Drogno_0: BAD kalman	battery: 3.63671875	kalman var: 0.046 0.046 0.005	 batterySag: 0	link quality: 39	flight time: 0s	pos 0.19 0.02 0.04	yaw: 3.84	msg/s 0.0
INFO: 14-07-2022 19:16:15 printStatus(168) -- Drogno_0: BAD kalman	battery: 3.63671875	kalman var: 0.082 0.083 0.006	 batterySag: 0	link quality: 35	flight time: 0s	pos 0.26 -0.02 -0.03	yaw: -2.30	msg/s 0.0
INFO: 14-07-2022 19:16:17 printStatus(168) -- Drogno_0: BAD kalman	battery: 3.63671875	kalman var: 0.139 0.14 0.008	 batterySag: 0	link quality: 35	flight time: 0s	pos 0.71 -0.19 -0.10	yaw: -4.16	msg/s 0.0
INFO: 14-07-2022 19:16:18 printStatus(168) -- Drogno_0: ready	battery: 3.63671875	kalman var: 0.0 0.0 0.0	 batterySag: 0	link quality: 35	flight time: 0s	pos 0.13 0.62 0.52	yaw: -3.74	msg/s 0.0
INFO: 14-07-2022 19:16:19 printStatus(168) -- Drogno_0: ready	battery: 3.63671875	kalman var: 0.005 0.006 0.001	 batterySag: 0	link quality: 35	flight time: 0s	pos -0.20 -0.17 -0.03	yaw: 10.89	msg/s 0.0
INFO: 14-07-2022 19:16:20 printStatus(168) -- Drogno_0: BAD kalman	battery: 3.63671875	kalman var: 0.017 0.022 0.002	 batterySag: 0	link quality: 35	flight time: 0s	pos -0.66 -0.62 -0.07	yaw: 4.42	msg/s 0.0
INFO: 14-07-2022 19:16:21 printStatus(168) -- Drogno_0: BAD kalman	battery: 3.63671875	kalman var: 0.051 0.058 0.004	 batterySag: 0	link quality: 35	flight time: 0s	pos -1.42 -1.50 -0.18	yaw: 7.70	msg/s 0.0
INFO: 14-07-2022 19:16:22 printStatus(168) -- Drogno_0: out of BOX	battery: 3.63671875	kalman var: 0.003 0.003 0.001	 batterySag: 0	link quality: 35	flight time: 0s	pos -1.22 5.73 -2.85	yaw: 0.38	msg/s 0.0
INFO: 14-07-2022 19:16:24 printStatus(168) -- Drogno_0: out of BOX	battery: 3.63671875	kalman var: 0.003 0.003 0.001	 batterySag: 0	link quality: 35	flight time: 0s	pos -1.22 5.73 -2.85	yaw: 0.38	msg/s 0.0
INFO: 14-07-2022 19:16:25 printStatus(168) -- Drogno_0: out of BOX	battery: 3.63671875	kalman var: 0.003 0.003 0.001	 batterySag: 0	link quality: 35	flight time: 0s	pos -1.22 5.73 -2.85	yaw: 0.38	msg/s 0.0
INFO: 14-07-2022 19:16:26 printStatus(168) -- Drogno_0: out of BOX	battery: 3.63671875	kalman var: 0.003 0.003 0.001	 batterySag: 0	link quality: 35	flight time: 0s	pos -1.22 5.73 -2.85	yaw: 0.38	msg/s 0.0
INFO: 14-07-2022 19:16:27 printStatus(168) -- Drogno_0: out of BOX	battery: 3.63671875	kalman var: 0.003 0.003 0.001	 batterySag: 0	link quality: 35	flight time: 0s	pos -1.22 5.73 -2.85	yaw: 0.38	msg/s 0.0
INFO: 14-07-2022 19:16:28 printStatus(168) -- Drogno_0: out of BOX	battery: 3.63671875	kalman var: 0.003 0.003 0.001	 batterySag: 0	link quality: 35	flight time: 0s	pos -1.22 5.73 -2.85	yaw: 0.38	msg/s 0.0
INFO: 14-07-2022 19:16:30 printStatus(168) -- Drogno_0: out of BOX	battery: 3.63671875	kalman var: 0.003 0.003 0.001	 batterySag: 0	link quality: 35	flight time: 0s	pos -1.22 5.73 -2.85	yaw: 0.38	msg/s 0.0
INFO: 14-07-2022 19:16:31 printStatus(168) -- Drogno_0: out of BOX	battery: 3.63671875	kalman var: 0.003 0.003 0.001	 batterySag: 0	link quality: 35	flight time: 0s	pos -1.22 5.73 -2.85	yaw: 0.38	msg/s 0.0
INFO: 14-07-2022 19:16:32 printStatus(168) -- Drogno_0: out of BOX	battery: 3.63671875	kalman var: 0.003 0.003 0.001	 batterySag: 0	link quality: 35	flight time: 0s	pos -1.22 5.73 -2.85	yaw: 0.38	msg/s 0.0
INFO: 14-07-2022 19:16:33 printStatus(168) -- Drogno_0: out of BOX	battery: 3.63671875	kalman var: 0.003 0.003 0.001	 batterySag: 0	link quality: 35	flight time: 0s	pos -1.22 5.73 -2.85	yaw: 0.38	msg/s 0.0
INFO: 14-07-2022 19:16:34 printStatus(168) -- Drogno_0: out of BOX	battery: 3.63671875	kalman var: 0.003 0.003 0.001	 batterySag: 0	link quality: 35	flight time: 0s	pos -1.22 5.73 -2.85	yaw: 0.38	msg/s 0.0
INFO: 14-07-2022 19:16:35 printStatus(168) -- Drogno_0: out of BOX	battery: 3.63671875	kalman var: 0.003 0.003 0.001	 batterySag: 0	link quality: 35	flight time: 0s	pos -1.22 5.73 -2.85	yaw: 0.38	msg/s 0.0
INFO: 14-07-2022 19:16:37 printStatus(168) -- Drogno_0: out of BOX	battery: 3.63671875	kalman var: 0.003 0.003 0.001	 batterySag: 0	link quality: 35	flight time: 0s	pos -1.22 5.73 -2.85	yaw: 0.38	msg/s 0.0
INFO: 14-07-2022 19:16:38 printStatus(168) -- Drogno_0: out of BOX	battery: 3.63671875	kalman var: 0.003 0.003 0.001	 batterySag: 0	link quality: 35	flight time: 0s	pos -1.22 5.73 -2.85	yaw: 0.38	msg/s 0.0
INFO: 14-07-2022 19:16:39 printStatus(168) -- Drogno_0: out of BOX	battery: 3.63671875	kalman var: 0.003 0.003 0.001	 batterySag: 0	link quality: 35	flight time: 0s	pos -1.22 5.73 -2.85	yaw: 0.38	msg/s 0.0
INFO: 14-07-2022 19:16:40 printStatus(168) -- Drogno_0: out of BOX	battery: 3.63671875	kalman var: 0.003 0.003 0.001	 batterySag: 0	link quality: 35	flight time: 0s	pos -1.22 5.73 -2.85	yaw: 0.38	msg/s 0.0
INFO: 14-07-2022 19:16:41 printStatus(168) -- Drogno_0: out of BOX	battery: 3.63671875	kalman var: 0.003 0.003 0.001	 batterySag: 0	link quality: 35	flight time: 0s	pos -1.22 5.73 -2.85	yaw: 0.38	msg/s 0.0
INFO: 14-07-2022 19:16:42 printStatus(168) -- Drogno_0: out of BOX	battery: 3.63671875	kalman var: 0.003 0.003 0.001	 batterySag: 0	link quality: 35	flight time: 0s	pos -1.22 5.73 -2.85	yaw: 0.38	msg/s 0.0
