INFO: 14-07-2022 17:21:00 __init__(129) -- This is dronelog running on Drogno_0
INFO: 14-07-2022 17:21:00 printStatus(165) -- Started
INFO: 14-07-2022 17:21:01 printStatus(168) -- Drogno_0: connecting	battery: n.p.	kalman var: 0 0 0	 batterySag: 0	link quality: 0	flight time: 0s	pos 0.00 0.00 0.00	yaw: 0.00	msg/s 0.0
INFO: 14-07-2022 17:21:02 printStatus(168) -- Drogno_0: connecting	battery: n.p.	kalman var: 0 0 0	 batterySag: 0	link quality: 0	flight time: 0s	pos 0.00 0.00 0.00	yaw: 0.00	msg/s 0.0
INFO: 14-07-2022 17:21:03 printStatus(168) -- Drogno_0: connecting	battery: n.p.	kalman var: 0 0 0	 batterySag: 0	link quality: 0	flight time: 0s	pos 0.00 0.00 0.00	yaw: 0.00	msg/s 0.0
INFO: 14-07-2022 17:21:05 printStatus(168) -- Drogno_0: connecting	battery: n.p.	kalman var: 0 0 0	 batterySag: 0	link quality: 0	flight time: 0s	pos 0.00 0.00 0.00	yaw: 0.00	msg/s 0.0
INFO: 14-07-2022 17:21:06 printStatus(168) -- Drogno_0: connecting	battery: n.p.	kalman var: 0 0 0	 batterySag: 0	link quality: 0	flight time: 0s	pos 0.00 0.00 0.00	yaw: 0.00	msg/s 0.0
INFO: 14-07-2022 17:21:07 printStatus(168) -- Drogno_0: connecting	battery: n.p.	kalman var: 0 0 0	 batterySag: 0	link quality: 0	flight time: 0s	pos 0.00 0.00 0.00	yaw: 0.00	msg/s 0.0
INFO: 14-07-2022 17:21:08 printStatus(168) -- Drogno_0: connecting	battery: n.p.	kalman var: 0 0 0	 batterySag: 0	link quality: 0	flight time: 0s	pos 0.00 0.00 0.00	yaw: 0.00	msg/s 0.0
INFO: 14-07-2022 17:21:09 printStatus(168) -- Drogno_0: connecting	battery: n.p.	kalman var: 0 0 0	 batterySag: 0	link quality: 0	flight time: 0s	pos 0.00 0.00 0.00	yaw: 0.00	msg/s 0.0
INFO: 14-07-2022 17:21:10 printStatus(168) -- Drogno_0: connecting	battery: n.p.	kalman var: 0 0 0	 batterySag: 0	link quality: 0	flight time: 0s	pos 0.00 0.00 0.00	yaw: 0.00	msg/s 0.0
INFO: 14-07-2022 17:21:12 printStatus(168) -- Drogno_0: connecting	battery: n.p.	kalman var: 0 0 0	 batterySag: 0	link quality: 0	flight time: 0s	pos 0.00 0.00 0.00	yaw: 0.00	msg/s 0.0
INFO: 14-07-2022 17:21:13 printStatus(168) -- Drogno_0: connecting	battery: n.p.	kalman var: 0 0 0	 batterySag: 0	link quality: 0	flight time: 0s	pos 0.00 0.00 0.00	yaw: 0.00	msg/s 0.0
INFO: 14-07-2022 17:21:14 printStatus(168) -- Drogno_0: connecting	battery: n.p.	kalman var: 0 0 0	 batterySag: 0	link quality: 0	flight time: 0s	pos 0.00 0.00 0.00	yaw: 0.00	msg/s 0.0
INFO: 14-07-2022 17:21:15 printStatus(168) -- Drogno_0: connecting	battery: n.p.	kalman var: 0 0 0	 batterySag: 0	link quality: 0	flight time: 0s	pos 0.00 0.00 0.00	yaw: 0.00	msg/s 0.0
INFO: 14-07-2022 17:21:16 printStatus(168) -- Drogno_0: connecting	battery: n.p.	kalman var: 0 0 0	 batterySag: 0	link quality: 0	flight time: 0s	pos 0.00 0.00 0.00	yaw: 0.00	msg/s 0.0
INFO: 14-07-2022 17:21:17 printStatus(168) -- Drogno_0: connecting	battery: n.p.	kalman var: 0 0 0	 batterySag: 0	link quality: 0	flight time: 0s	pos 0.00 0.00 0.00	yaw: 0.00	msg/s 0.0
INFO: 14-07-2022 17:21:19 printStatus(168) -- Drogno_0: connecting	battery: n.p.	kalman var: 0 0 0	 batterySag: 0	link quality: 0	flight time: 0s	pos 0.00 0.00 0.00	yaw: 0.00	msg/s 0.0
INFO: 14-07-2022 17:21:20 printStatus(168) -- Drogno_0: connecting	battery: n.p.	kalman var: 0 0 0	 batterySag: 0	link quality: 0	flight time: 0s	pos 0.00 0.00 0.00	yaw: 0.00	msg/s 0.0
INFO: 14-07-2022 17:21:21 printStatus(168) -- Drogno_0: connecting	battery: n.p.	kalman var: 0 0 0	 batterySag: 0	link quality: 0	flight time: 0s	pos 0.00 0.00 0.00	yaw: 0.00	msg/s 0.0
INFO: 14-07-2022 17:21:22 printStatus(168) -- Drogno_0: connecting	battery: n.p.	kalman var: 0 0 0	 batterySag: 0	link quality: 0	flight time: 0s	pos 0.00 0.00 0.00	yaw: 0.00	msg/s 0.0
INFO: 14-07-2022 17:21:23 printStatus(168) -- Drogno_0: connecting	battery: n.p.	kalman var: 0 0 0	 batterySag: 0	link quality: 0	flight time: 0s	pos 0.00 0.00 0.00	yaw: 0.00	msg/s 0.0
INFO: 14-07-2022 17:21:24 printStatus(168) -- Drogno_0: connecting	battery: n.p.	kalman var: 0 0 0	 batterySag: 0	link quality: 0	flight time: 0s	pos 0.00 0.00 0.00	yaw: 0.00	msg/s 0.0
INFO: 14-07-2022 17:21:26 printStatus(168) -- Drogno_0: connecting	battery: n.p.	kalman var: 0 0 0	 batterySag: 0	link quality: 0	flight time: 0s	pos 0.00 0.00 0.00	yaw: 0.00	msg/s 0.0
INFO: 14-07-2022 17:21:27 printStatus(168) -- Drogno_0: connecting	battery: n.p.	kalman var: 0 0 0	 batterySag: 0	link quality: 0	flight time: 0s	pos 0.00 0.00 0.00	yaw: 0.00	msg/s 0.0
INFO: 14-07-2022 17:21:28 printStatus(168) -- Drogno_0: connecting	battery: n.p.	kalman var: 0 0 0	 batterySag: 0	link quality: 0	flight time: 0s	pos 0.00 0.00 0.00	yaw: 0.00	msg/s 0.0
INFO: 14-07-2022 17:21:29 printStatus(168) -- Drogno_0: connecting	battery: n.p.	kalman var: 0 0 0	 batterySag: 0	link quality: 0	flight time: 0s	pos 0.00 0.00 0.00	yaw: 0.00	msg/s 0.0
INFO: 14-07-2022 17:21:30 printStatus(168) -- Drogno_0: connecting	battery: n.p.	kalman var: 0 0 0	 batterySag: 0	link quality: 0	flight time: 0s	pos 0.00 0.00 0.00	yaw: 0.00	msg/s 0.0
INFO: 14-07-2022 17:21:31 printStatus(168) -- Drogno_0: connecting	battery: n.p.	kalman var: 0 0 0	 batterySag: 0	link quality: 0	flight time: 0s	pos 0.00 0.00 0.00	yaw: 0.00	msg/s 0.0
INFO: 14-07-2022 17:21:33 printStatus(168) -- Drogno_0: connecting	battery: n.p.	kalman var: 0 0 0	 batterySag: 0	link quality: 0	flight time: 0s	pos 0.00 0.00 0.00	yaw: 0.00	msg/s 0.0
INFO: 14-07-2022 17:21:34 printStatus(168) -- Drogno_0: connecting	battery: n.p.	kalman var: 0 0 0	 batterySag: 0	link quality: 0	flight time: 0s	pos 0.00 0.00 0.00	yaw: 0.00	msg/s 0.0
INFO: 14-07-2022 17:21:35 printStatus(168) -- Drogno_0: connecting	battery: n.p.	kalman var: 0 0 0	 batterySag: 0	link quality: 0	flight time: 0s	pos 0.00 0.00 0.00	yaw: 0.00	msg/s 0.0
INFO: 14-07-2022 17:21:36 printStatus(168) -- Drogno_0: connecting	battery: 3.826171875	kalman var: 0 0 0	 batterySag: 0	link quality: 0	flight time: 0s	pos -0.02 -0.01 -0.00	yaw: 1.89	msg/s 0.0
INFO: 14-07-2022 17:21:37 printStatus(168) -- Drogno_0: connecting	battery: 3.83203125	kalman var: 0 0 0	 batterySag: 0	link quality: 0	flight time: 0s	pos -0.02 -0.01 -0.00	yaw: 1.85	msg/s 0.0
INFO: 14-07-2022 17:21:38 printStatus(168) -- Drogno_0: connecting	battery: 3.83203125	kalman var: 0 0 0	 batterySag: 0	link quality: 0	flight time: 0s	pos -0.02 -0.01 -0.00	yaw: 1.91	msg/s 0.0
INFO: 14-07-2022 17:21:40 printStatus(168) -- Drogno_0: connecting	battery: 3.83203125	kalman var: 0 0 0	 batterySag: 0	link quality: 0	flight time: 0s	pos -0.02 -0.01 -0.00	yaw: 1.86	msg/s 0.0
INFO: 14-07-2022 17:21:41 printStatus(168) -- Drogno_0: connecting	battery: 3.83203125	kalman var: 0 0 0	 batterySag: 0	link quality: 0	flight time: 0s	pos -0.02 -0.01 -0.00	yaw: 1.84	msg/s 0.0
INFO: 14-07-2022 17:21:42 printStatus(168) -- Drogno_0: connecting	battery: 3.83203125	kalman var: 0 0 0	 batterySag: 0	link quality: 0	flight time: 0s	pos -0.02 -0.01 -0.00	yaw: 1.83	msg/s 0.0
INFO: 14-07-2022 17:21:43 printStatus(168) -- Drogno_0: connecting	battery: 3.83203125	kalman var: 0 0 0	 batterySag: 0	link quality: 0	flight time: 0s	pos -0.02 -0.01 -0.00	yaw: 1.84	msg/s 0.0
INFO: 14-07-2022 17:21:44 printStatus(168) -- Drogno_0: connecting	battery: 3.83203125	kalman var: 0 0 0	 batterySag: 0	link quality: 0	flight time: 0s	pos -0.02 -0.01 -0.00	yaw: 1.89	msg/s 0.0
INFO: 14-07-2022 17:21:46 printStatus(168) -- Drogno_0: connecting	battery: 3.83203125	kalman var: 0 0 0	 batterySag: 0	link quality: 0	flight time: 0s	pos -0.02 -0.01 -0.00	yaw: 1.86	msg/s 0.0
INFO: 14-07-2022 17:21:47 printStatus(168) -- Drogno_0: connecting	battery: 3.826171875	kalman var: 0 0 0	 batterySag: 0	link quality: 0	flight time: 0s	pos -0.02 -0.01 -0.00	yaw: 2.21	msg/s 0.0
INFO: 14-07-2022 17:21:48 printStatus(168) -- Drogno_0: connecting	battery: 3.83203125	kalman var: 0 0 0	 batterySag: 0	link quality: 0	flight time: 0s	pos -0.02 -0.01 -0.00	yaw: 1.91	msg/s 0.0
INFO: 14-07-2022 17:21:49 printStatus(168) -- Drogno_0: connecting	battery: 3.83203125	kalman var: 0 0 0	 batterySag: 0	link quality: 0	flight time: 0s	pos -0.02 -0.01 -0.00	yaw: 1.87	msg/s 0.0
INFO: 14-07-2022 17:21:50 printStatus(168) -- Drogno_0: connecting	battery: 3.83203125	kalman var: 0 0 0	 batterySag: 0	link quality: 0	flight time: 0s	pos -0.02 -0.01 -0.00	yaw: 1.90	msg/s 0.0
INFO: 14-07-2022 17:21:52 printStatus(168) -- Drogno_0: connecting	battery: 3.83203125	kalman var: 0 0 0	 batterySag: 0	link quality: 0	flight time: 0s	pos -0.02 -0.01 -0.00	yaw: 1.86	msg/s 0.0
INFO: 14-07-2022 17:21:53 printStatus(168) -- Drogno_0: connecting	battery: 3.83203125	kalman var: 0 0 0	 batterySag: 0	link quality: 0	flight time: 0s	pos -0.04 -0.01 0.00	yaw: -56.03	msg/s 0.0
INFO: 14-07-2022 17:21:54 printStatus(168) -- Drogno_0: connecting	battery: 3.83203125	kalman var: 0 0 0	 batterySag: 0	link quality: 0	flight time: 0s	pos -0.02 -0.01 -0.00	yaw: -90.25	msg/s 0.0
INFO: 14-07-2022 17:21:55 printStatus(168) -- Drogno_0: connecting	battery: 3.83203125	kalman var: 0 0 0	 batterySag: 0	link quality: 0	flight time: 0s	pos -0.02 -0.01 -0.00	yaw: -90.50	msg/s 0.0
INFO: 14-07-2022 17:21:56 printStatus(168) -- Drogno_0: connecting	battery: 3.83203125	kalman var: 0 0 0	 batterySag: 0	link quality: 0	flight time: 0s	pos -0.02 -0.01 -0.00	yaw: -90.88	msg/s 0.0
INFO: 14-07-2022 17:21:57 printStatus(168) -- Drogno_0: connecting	battery: 3.83203125	kalman var: 0 0 0	 batterySag: 0	link quality: 0	flight time: 0s	pos -0.02 -0.01 -0.00	yaw: -90.94	msg/s 0.0
INFO: 14-07-2022 17:21:59 printStatus(168) -- Drogno_0: connecting	battery: 3.826171875	kalman var: 0 0 0	 batterySag: 0	link quality: 0	flight time: 0s	pos -0.02 -0.01 -0.00	yaw: -91.00	msg/s 0.0
INFO: 14-07-2022 17:22:00 printStatus(168) -- Drogno_0: connecting	battery: 3.83203125	kalman var: 0 0 0	 batterySag: 0	link quality: 0	flight time: 0s	pos -0.02 -0.01 -0.00	yaw: -90.44	msg/s 0.0
INFO: 14-07-2022 17:22:01 printStatus(168) -- Drogno_0: connecting	battery: 3.826171875	kalman var: 0 0 0	 batterySag: 0	link quality: 0	flight time: 0s	pos -0.02 -0.01 -0.00	yaw: -90.62	msg/s 0.0
INFO: 14-07-2022 17:22:02 printStatus(168) -- Drogno_0: connecting	battery: 3.826171875	kalman var: 0 0 0	 batterySag: 0	link quality: 0	flight time: 0s	pos -0.02 -0.01 -0.00	yaw: -90.25	msg/s 0.0
INFO: 14-07-2022 17:22:03 printStatus(168) -- Drogno_0: connecting	battery: 3.83203125	kalman var: 0 0 0	 batterySag: 0	link quality: 0	flight time: 0s	pos -0.02 -0.01 -0.00	yaw: -90.56	msg/s 0.0
INFO: 14-07-2022 17:22:05 printStatus(168) -- Drogno_0: connecting	battery: 3.83203125	kalman var: 0 0 0	 batterySag: 0	link quality: 0	flight time: 0s	pos -0.01 -0.01 -0.00	yaw: -87.88	msg/s 0.0
INFO: 14-07-2022 17:22:06 printStatus(168) -- Drogno_0: connecting	battery: 3.826171875	kalman var: 0 0 0	 batterySag: 0	link quality: 0	flight time: 0s	pos -0.02 0.13 0.00	yaw: -77.44	msg/s 0.0
INFO: 14-07-2022 17:22:07 printStatus(168) -- Drogno_0: connecting	battery: 3.826171875	kalman var: 0 0 0	 batterySag: 0	link quality: 0	flight time: 0s	pos -0.04 0.10 -0.01	yaw: -70.06	msg/s 0.0
INFO: 14-07-2022 17:22:08 printStatus(168) -- Drogno_0: connecting	battery: 3.83203125	kalman var: 0 0 0	 batterySag: 0	link quality: 0	flight time: 0s	pos -0.09 0.02 0.12	yaw: -62.06	msg/s 0.0
INFO: 14-07-2022 17:22:09 printStatus(168) -- Drogno_0: connecting	battery: 3.83203125	kalman var: 0 0 0	 batterySag: 0	link quality: 0	flight time: 0s	pos -0.19 -0.04 0.08	yaw: -54.47	msg/s 0.0
INFO: 14-07-2022 17:22:10 printStatus(168) -- Drogno_0: connecting	battery: 3.826171875	kalman var: 0 0 0	 batterySag: 0	link quality: 0	flight time: 0s	pos -0.25 -0.04 0.03	yaw: -48.25	msg/s 0.0
INFO: 14-07-2022 17:22:12 printStatus(168) -- Drogno_0: connecting	battery: 3.826171875	kalman var: 0 0 0	 batterySag: 0	link quality: 0	flight time: 0s	pos -0.31 -0.02 0.08	yaw: -43.97	msg/s 0.0
INFO: 14-07-2022 17:22:13 printStatus(168) -- Drogno_0: connecting	battery: 3.826171875	kalman var: 0 0 0	 batterySag: 0	link quality: 0	flight time: 0s	pos -0.38 0.08 -0.01	yaw: -41.19	msg/s 0.0
INFO: 14-07-2022 17:22:14 printStatus(168) -- Drogno_0: connecting	battery: 3.826171875	kalman var: 0 0 0	 batterySag: 0	link quality: 0	flight time: 0s	pos -0.47 0.39 -0.13	yaw: -31.88	msg/s 0.0
INFO: 14-07-2022 17:22:15 printStatus(168) -- Drogno_0: connecting	battery: 3.826171875	kalman var: 0 0 0	 batterySag: 0	link quality: 0	flight time: 0s	pos -0.62 0.82 -0.24	yaw: -29.92	msg/s 0.0
INFO: 14-07-2022 17:22:16 printStatus(168) -- Drogno_0: connecting	battery: 3.826171875	kalman var: 0 0 0	 batterySag: 0	link quality: 0	flight time: 0s	pos -0.92 1.12 -0.30	yaw: -23.50	msg/s 0.0
INFO: 14-07-2022 17:22:17 printStatus(168) -- Drogno_0: connecting	battery: 3.826171875	kalman var: 0 0 0	 batterySag: 0	link quality: 0	flight time: 0s	pos -1.69 0.71 -0.37	yaw: -20.92	msg/s 0.0
INFO: 14-07-2022 17:22:19 printStatus(168) -- Drogno_0: connecting	battery: 3.826171875	kalman var: 0 0 0	 batterySag: 0	link quality: 0	flight time: 0s	pos -2.39 -0.14 -0.43	yaw: 25.31	msg/s 0.0
INFO: 14-07-2022 17:22:20 printStatus(168) -- Drogno_0: connecting	battery: 3.826171875	kalman var: 0 0 0	 batterySag: 0	link quality: 0	flight time: 0s	pos -3.86 -2.11 -0.55	yaw: 78.56	msg/s 0.0
INFO: 14-07-2022 17:22:21 printStatus(168) -- Drogno_0: connecting	battery: 3.826171875	kalman var: 0 0 0	 batterySag: 0	link quality: 0	flight time: 0s	pos -5.26 -3.75 -0.64	yaw: 72.38	msg/s 0.0
INFO: 14-07-2022 17:22:22 printStatus(168) -- Drogno_0: connecting	battery: 3.826171875	kalman var: 0 0 0	 batterySag: 0	link quality: 0	flight time: 0s	pos -8.09 -6.50 -0.77	yaw: 63.41	msg/s 0.0
INFO: 14-07-2022 17:22:23 printStatus(168) -- Drogno_0: connecting	battery: 3.826171875	kalman var: 0 0 0	 batterySag: 0	link quality: 0	flight time: 0s	pos -11.15 -8.90 -0.89	yaw: 41.16	msg/s 0.0
INFO: 14-07-2022 17:22:24 printStatus(168) -- Drogno_0: connecting	battery: 3.826171875	kalman var: 0 0 0	 batterySag: 0	link quality: 0	flight time: 0s	pos 0.00 -0.00 0.00	yaw: 0.08	msg/s 0.0
INFO: 14-07-2022 17:22:26 printStatus(168) -- Drogno_0: connecting	battery: 3.826171875	kalman var: 0 0 0	 batterySag: 0	link quality: 0	flight time: 0s	pos 0.25 -0.63 0.55	yaw: -23.80	msg/s 0.0
INFO: 14-07-2022 17:22:27 printStatus(168) -- Drogno_0: connecting	battery: 3.826171875	kalman var: 0 0 0	 batterySag: 0	link quality: 0	flight time: 0s	pos 0.97 -1.49 0.54	yaw: -20.42	msg/s 0.0
INFO: 14-07-2022 17:22:28 printStatus(168) -- Drogno_0: connecting	battery: 3.826171875	kalman var: 0 0 0	 batterySag: 0	link quality: 0	flight time: 0s	pos 2.15 -2.80 0.50	yaw: -18.08	msg/s 0.0
INFO: 14-07-2022 17:22:29 printStatus(168) -- Drogno_0: connecting	battery: 3.826171875	kalman var: 0 0 0	 batterySag: 0	link quality: 0	flight time: 0s	pos -6.61 17.75 -5.89	yaw: 48.28	msg/s 0.0
INFO: 14-07-2022 17:22:30 printStatus(168) -- Drogno_0: connecting	battery: 3.826171875	kalman var: 0 0 0	 batterySag: 0	link quality: 0	flight time: 0s	pos -17.74 18.01 -10.60	yaw: 40.41	msg/s 0.0
INFO: 14-07-2022 17:22:31 printStatus(168) -- Drogno_0: connecting	battery: 3.826171875	kalman var: 0 0 0	 batterySag: 0	link quality: 0	flight time: 0s	pos -28.75 20.25 -14.58	yaw: 35.75	msg/s 0.0
INFO: 14-07-2022 17:22:32 printStatus(168) -- Drogno_0: connecting	battery: 3.826171875	kalman var: 0 0 0	 batterySag: 0	link quality: 0	flight time: 0s	pos -42.21 24.71 -18.88	yaw: 29.42	msg/s 0.0
INFO: 14-07-2022 17:22:34 printStatus(168) -- Drogno_0: connecting	battery: 3.826171875	kalman var: 0 0 0	 batterySag: 0	link quality: 0	flight time: 0s	pos -0.03 0.02 -0.00	yaw: 0.03	msg/s 0.0
INFO: 14-07-2022 17:22:35 printStatus(168) -- Drogno_0: connecting	battery: 3.826171875	kalman var: 0 0 0	 batterySag: 0	link quality: 0	flight time: 0s	pos -0.04 0.05 -0.00	yaw: 1.76	msg/s 0.0
INFO: 14-07-2022 17:22:36 printStatus(168) -- Drogno_0: connecting	battery: 3.826171875	kalman var: 0 0 0	 batterySag: 0	link quality: 0	flight time: 0s	pos -0.04 0.05 -0.00	yaw: 1.80	msg/s 0.0
INFO: 14-07-2022 17:22:37 printStatus(168) -- Drogno_0: connecting	battery: 3.826171875	kalman var: 0 0 0	 batterySag: 0	link quality: 0	flight time: 0s	pos -0.04 0.05 0.00	yaw: 1.11	msg/s 0.0
INFO: 14-07-2022 17:22:38 printStatus(168) -- Drogno_0: connecting	battery: 3.826171875	kalman var: 0 0 0	 batterySag: 0	link quality: 0	flight time: 0s	pos -0.06 0.04 0.15	yaw: 3.26	msg/s 0.0
INFO: 14-07-2022 17:22:39 printStatus(168) -- Drogno_0: connecting	battery: 3.826171875	kalman var: 0 0 0	 batterySag: 0	link quality: 0	flight time: 0s	pos -0.07 0.03 0.16	yaw: 3.73	msg/s 0.0
INFO: 14-07-2022 17:22:41 printStatus(168) -- Drogno_0: connecting	battery: 3.826171875	kalman var: 0 0 0	 batterySag: 0	link quality: 0	flight time: 0s	pos -0.13 0.02 0.18	yaw: -81.69	msg/s 0.0
INFO: 14-07-2022 17:22:42 printStatus(168) -- Drogno_0: connecting	battery: 3.826171875	kalman var: 0 0 0	 batterySag: 0	link quality: 0	flight time: 0s	pos -0.13 0.02 0.17	yaw: -77.94	msg/s 0.0
INFO: 14-07-2022 17:22:43 printStatus(168) -- Drogno_0: connecting	battery: 3.826171875	kalman var: 0 0 0	 batterySag: 0	link quality: 0	flight time: 0s	pos -0.13 0.01 0.17	yaw: -82.38	msg/s 0.0
INFO: 14-07-2022 17:22:44 printStatus(168) -- Drogno_0: connecting	battery: 3.826171875	kalman var: 0 0 0	 batterySag: 0	link quality: 0	flight time: 0s	pos -0.13 0.01 0.18	yaw: -83.44	msg/s 0.0
INFO: 14-07-2022 17:22:45 printStatus(168) -- Drogno_0: connecting	battery: 3.826171875	kalman var: 0 0 0	 batterySag: 0	link quality: 0	flight time: 0s	pos -0.14 0.01 0.19	yaw: -85.75	msg/s 0.0
INFO: 14-07-2022 17:22:46 printStatus(168) -- Drogno_0: connecting	battery: 3.826171875	kalman var: 0 0 0	 batterySag: 0	link quality: 0	flight time: 0s	pos -0.14 0.01 0.19	yaw: -96.19	msg/s 0.0
INFO: 14-07-2022 17:22:48 printStatus(168) -- Drogno_0: connecting	battery: 3.826171875	kalman var: 0 0 0	 batterySag: 0	link quality: 0	flight time: 0s	pos -0.14 0.01 0.18	yaw: -98.69	msg/s 0.0
INFO: 14-07-2022 17:22:49 printStatus(168) -- Drogno_0: connecting	battery: 3.826171875	kalman var: 0 0 0	 batterySag: 0	link quality: 0	flight time: 0s	pos -0.11 0.01 0.19	yaw: -70.81	msg/s 0.0
INFO: 14-07-2022 17:22:50 printStatus(168) -- Drogno_0: connecting	battery: 3.826171875	kalman var: 0 0 0	 batterySag: 0	link quality: 0	flight time: 0s	pos -0.05 0.02 0.19	yaw: -1.33	msg/s 0.0
INFO: 14-07-2022 17:22:51 printStatus(168) -- Drogno_0: connecting	battery: 3.826171875	kalman var: 0 0 0	 batterySag: 0	link quality: 0	flight time: 0s	pos -0.05 0.02 0.19	yaw: -0.32	msg/s 0.0
INFO: 14-07-2022 17:22:52 printStatus(168) -- Drogno_0: connecting	battery: 3.826171875	kalman var: 0 0 0	 batterySag: 0	link quality: 0	flight time: 0s	pos -0.05 0.02 0.19	yaw: -0.30	msg/s 0.0
INFO: 14-07-2022 17:22:54 printStatus(168) -- Drogno_0: connecting	battery: 3.826171875	kalman var: 0 0 0	 batterySag: 0	link quality: 0	flight time: 0s	pos -0.07 0.11 0.10	yaw: 8.42	msg/s 0.0
INFO: 14-07-2022 17:22:55 printStatus(168) -- Drogno_0: connecting	battery: 3.826171875	kalman var: 0 0 0	 batterySag: 0	link quality: 0	flight time: 0s	pos -0.04 0.02 0.19	yaw: 1.55	msg/s 0.0
INFO: 14-07-2022 17:22:56 printStatus(168) -- Drogno_0: connecting	battery: 3.826171875	kalman var: 0 0 0	 batterySag: 0	link quality: 0	flight time: 0s	pos -0.05 0.02 0.19	yaw: 0.55	msg/s 0.0
INFO: 14-07-2022 17:22:57 printStatus(168) -- Drogno_0: connecting	battery: 3.822265625	kalman var: 0 0 0	 batterySag: 0	link quality: 0	flight time: 0s	pos -0.04 0.04 0.18	yaw: 1.74	msg/s 0.0
INFO: 14-07-2022 17:22:58 printStatus(168) -- Drogno_0: connecting	battery: 3.826171875	kalman var: 0 0 0	 batterySag: 0	link quality: 0	flight time: 0s	pos -0.05 0.00 0.26	yaw: 1.44	msg/s 0.0
INFO: 14-07-2022 17:22:59 printStatus(168) -- Drogno_0: connecting	battery: 3.826171875	kalman var: 0 0 0	 batterySag: 0	link quality: 0	flight time: 0s	pos -0.05 -0.00 0.27	yaw: 3.31	msg/s 0.0
INFO: 14-07-2022 17:23:01 printStatus(168) -- Drogno_0: connecting	battery: 3.826171875	kalman var: 0 0 0	 batterySag: 0	link quality: 0	flight time: 0s	pos -0.05 -0.00 0.27	yaw: 2.66	msg/s 0.0
INFO: 14-07-2022 17:23:02 printStatus(168) -- Drogno_0: connecting	battery: 3.822265625	kalman var: 0 0 0	 batterySag: 0	link quality: 0	flight time: 0s	pos -0.05 -0.00 0.26	yaw: 2.70	msg/s 0.0
INFO: 14-07-2022 17:23:03 printStatus(168) -- Drogno_0: connecting	battery: 3.826171875	kalman var: 0 0 0	 batterySag: 0	link quality: 0	flight time: 0s	pos -0.04 0.00 0.27	yaw: 2.55	msg/s 0.0
INFO: 14-07-2022 17:23:04 printStatus(168) -- Drogno_0: connecting	battery: 3.822265625	kalman var: 0 0 0	 batterySag: 0	link quality: 0	flight time: 0s	pos -0.05 -0.01 0.26	yaw: 3.52	msg/s 0.0
INFO: 14-07-2022 17:23:05 printStatus(168) -- Drogno_0: connecting	battery: 3.822265625	kalman var: 0 0 0	 batterySag: 0	link quality: 0	flight time: 0s	pos -0.04 -0.00 0.26	yaw: 2.79	msg/s 0.0
INFO: 14-07-2022 17:23:06 printStatus(168) -- Drogno_0: connecting	battery: 3.826171875	kalman var: 0 0 0	 batterySag: 0	link quality: 0	flight time: 0s	pos 0.12 0.00 0.26	yaw: 4.19	msg/s 0.0
INFO: 14-07-2022 17:23:08 printStatus(168) -- Drogno_0: connecting	battery: 3.826171875	kalman var: 0 0 0	 batterySag: 0	link quality: 0	flight time: 0s	pos 0.11 -0.03 0.26	yaw: 1.77	msg/s 0.0
INFO: 14-07-2022 17:23:09 printStatus(168) -- Drogno_0: connecting	battery: 3.822265625	kalman var: 0 0 0	 batterySag: 0	link quality: 0	flight time: 0s	pos 0.11 -0.03 0.26	yaw: 1.07	msg/s 0.0
INFO: 14-07-2022 17:23:10 printStatus(168) -- Drogno_0: connecting	battery: 3.822265625	kalman var: 0 0 0	 batterySag: 0	link quality: 0	flight time: 0s	pos 0.11 -0.02 0.26	yaw: -0.04	msg/s 0.0
INFO: 14-07-2022 17:23:11 printStatus(168) -- Drogno_0: connecting	battery: 3.822265625	kalman var: 0 0 0	 batterySag: 0	link quality: 0	flight time: 0s	pos 0.09 -0.16 0.24	yaw: -0.54	msg/s 0.0
INFO: 14-07-2022 17:23:12 printStatus(168) -- Drogno_0: connecting	battery: 3.822265625	kalman var: 0 0 0	 batterySag: 0	link quality: 0	flight time: 0s	pos 0.08 -0.18 0.25	yaw: 5.00	msg/s 0.0
INFO: 14-07-2022 17:23:14 printStatus(168) -- Drogno_0: connecting	battery: 3.822265625	kalman var: 0 0 0	 batterySag: 0	link quality: 0	flight time: 0s	pos 0.05 -0.20 0.24	yaw: 8.59	msg/s 0.0
INFO: 14-07-2022 17:23:15 printStatus(168) -- Drogno_0: connecting	battery: 3.822265625	kalman var: 0 0 0	 batterySag: 0	link quality: 0	flight time: 0s	pos -0.07 -0.20 0.21	yaw: 8.04	msg/s 0.0
INFO: 14-07-2022 17:23:16 printStatus(168) -- Drogno_0: connecting	battery: 3.822265625	kalman var: 0 0 0	 batterySag: 0	link quality: 0	flight time: 0s	pos 0.14 0.45 -0.01	yaw: -0.75	msg/s 0.0
INFO: 14-07-2022 17:23:17 printStatus(168) -- Drogno_0: connecting	battery: 3.822265625	kalman var: 0 0 0	 batterySag: 0	link quality: 0	flight time: 0s	pos 0.11 -0.04 0.18	yaw: 6.51	msg/s 0.0
INFO: 14-07-2022 17:23:18 printStatus(168) -- Drogno_0: connecting	battery: 3.822265625	kalman var: 0 0 0	 batterySag: 0	link quality: 0	flight time: 0s	pos 0.01 0.32 0.18	yaw: 1.04	msg/s 0.0
INFO: 14-07-2022 17:23:19 printStatus(168) -- Drogno_0: connecting	battery: 3.822265625	kalman var: 0 0 0	 batterySag: 0	link quality: 0	flight time: 0s	pos 0.03 0.05 0.23	yaw: -2.49	msg/s 0.0
INFO: 14-07-2022 17:23:21 printStatus(168) -- Drogno_0: connecting	battery: 3.822265625	kalman var: 0 0 0	 batterySag: 0	link quality: 0	flight time: 0s	pos -0.03 0.00 0.19	yaw: 0.28	msg/s 0.0
INFO: 14-07-2022 17:23:22 printStatus(168) -- Drogno_0: connecting	battery: 3.822265625	kalman var: 0 0 0	 batterySag: 0	link quality: 0	flight time: 0s	pos -0.15 -0.01 0.17	yaw: 2.87	msg/s 0.0
INFO: 14-07-2022 17:23:23 printStatus(168) -- Drogno_0: connecting	battery: 3.822265625	kalman var: 0 0 0	 batterySag: 0	link quality: 0	flight time: 0s	pos -0.18 -0.00 0.17	yaw: 2.19	msg/s 0.0
INFO: 14-07-2022 17:23:24 printStatus(168) -- Drogno_0: connecting	battery: 3.822265625	kalman var: 0 0 0	 batterySag: 0	link quality: 0	flight time: 0s	pos -0.17 -0.02 0.18	yaw: 3.27	msg/s 0.0
INFO: 14-07-2022 17:23:25 printStatus(168) -- Drogno_0: connecting	battery: 3.822265625	kalman var: 0 0 0	 batterySag: 0	link quality: 0	flight time: 0s	pos 0.05 -0.01 0.18	yaw: 4.93	msg/s 0.0
INFO: 14-07-2022 17:23:27 printStatus(168) -- Drogno_0: connecting	battery: 3.826171875	kalman var: 0 0 0	 batterySag: 0	link quality: 0	flight time: 0s	pos 0.11 -0.02 0.20	yaw: 2.39	msg/s 0.0
INFO: 14-07-2022 17:23:28 printStatus(168) -- Drogno_0: connecting	battery: 3.822265625	kalman var: 0 0 0	 batterySag: 0	link quality: 0	flight time: 0s	pos 0.12 -0.03 0.20	yaw: 0.60	msg/s 0.0
INFO: 14-07-2022 17:23:29 printStatus(168) -- Drogno_0: connecting	battery: 3.826171875	kalman var: 0 0 0	 batterySag: 0	link quality: 0	flight time: 0s	pos 0.11 -0.04 0.19	yaw: 0.12	msg/s 0.0
INFO: 14-07-2022 17:23:30 printStatus(168) -- Drogno_0: connecting	battery: 3.822265625	kalman var: 0 0 0	 batterySag: 0	link quality: 0	flight time: 0s	pos 0.10 -0.03 0.16	yaw: 0.40	msg/s 0.0
INFO: 14-07-2022 17:23:31 printStatus(168) -- Drogno_0: connecting	battery: 3.822265625	kalman var: 0 0 0	 batterySag: 0	link quality: 0	flight time: 0s	pos 0.10 -0.02 0.02	yaw: 0.98	msg/s 0.0
INFO: 14-07-2022 17:23:32 printStatus(168) -- Drogno_0: connecting	battery: 3.822265625	kalman var: 0 0 0	 batterySag: 0	link quality: 0	flight time: 0s	pos 0.10 -0.01 0.00	yaw: 1.73	msg/s 0.0
INFO: 14-07-2022 17:23:34 printStatus(168) -- Drogno_0: connecting	battery: 3.822265625	kalman var: 0 0 0	 batterySag: 0	link quality: 0	flight time: 0s	pos 0.10 -0.00 0.00	yaw: 0.26	msg/s 0.0
INFO: 14-07-2022 17:23:35 printStatus(168) -- Drogno_0: connecting	battery: 3.822265625	kalman var: 0 0 0	 batterySag: 0	link quality: 0	flight time: 0s	pos 0.09 0.10 -0.00	yaw: 0.27	msg/s 0.0
INFO: 14-07-2022 17:23:36 printStatus(168) -- Drogno_0: connecting	battery: 3.822265625	kalman var: 0 0 0	 batterySag: 0	link quality: 0	flight time: 0s	pos 0.06 0.07 -0.00	yaw: -74.25	msg/s 0.0
INFO: 14-07-2022 17:23:37 printStatus(168) -- Drogno_0: connecting	battery: 3.822265625	kalman var: 0 0 0	 batterySag: 0	link quality: 0	flight time: 0s	pos 0.07 0.08 0.00	yaw: -84.06	msg/s 0.0
INFO: 14-07-2022 17:23:38 printStatus(168) -- Drogno_0: connecting	battery: 3.822265625	kalman var: 0 0 0	 batterySag: 0	link quality: 0	flight time: 0s	pos 0.06 0.08 -0.00	yaw: -79.00	msg/s 0.0
INFO: 14-07-2022 17:23:39 printStatus(168) -- Drogno_0: connecting	battery: 3.822265625	kalman var: 0 0 0	 batterySag: 0	link quality: 0	flight time: 0s	pos 0.06 0.08 -0.00	yaw: -83.56	msg/s 0.0
INFO: 14-07-2022 17:23:41 printStatus(168) -- Drogno_0: connecting	battery: 3.822265625	kalman var: 0 0 0	 batterySag: 0	link quality: 0	flight time: 0s	pos 0.06 0.06 -0.00	yaw: -17.06	msg/s 0.0
INFO: 14-07-2022 17:23:42 printStatus(168) -- Drogno_0: connecting	battery: 3.822265625	kalman var: 0 0 0	 batterySag: 0	link quality: 0	flight time: 0s	pos 0.05 0.07 -0.00	yaw: 86.81	msg/s 0.0
INFO: 14-07-2022 17:23:43 printStatus(168) -- Drogno_0: connecting	battery: 3.822265625	kalman var: 0 0 0	 batterySag: 0	link quality: 0	flight time: 0s	pos 0.05 0.07 -0.00	yaw: 92.88	msg/s 0.0
INFO: 14-07-2022 17:23:44 printStatus(168) -- Drogno_0: connecting	battery: 3.822265625	kalman var: 0 0 0	 batterySag: 0	link quality: 0	flight time: 0s	pos 0.05 0.07 -0.00	yaw: 92.75	msg/s 0.0
INFO: 14-07-2022 17:23:45 printStatus(168) -- Drogno_0: connecting	battery: 3.822265625	kalman var: 0 0 0	 batterySag: 0	link quality: 0	flight time: 0s	pos 0.05 0.07 -0.00	yaw: 92.50	msg/s 0.0
INFO: 14-07-2022 17:23:47 printStatus(168) -- Drogno_0: connecting	battery: 3.81640625	kalman var: 0 0 0	 batterySag: 0	link quality: 0	flight time: 0s	pos 0.05 0.07 -0.00	yaw: 93.25	msg/s 0.0
INFO: 14-07-2022 17:23:48 printStatus(168) -- Drogno_0: connecting	battery: 3.81640625	kalman var: 0 0 0	 batterySag: 0	link quality: 0	flight time: 0s	pos 0.05 0.07 -0.00	yaw: 91.19	msg/s 0.0
INFO: 14-07-2022 17:23:49 printStatus(168) -- Drogno_0: connecting	battery: 3.822265625	kalman var: 0 0 0	 batterySag: 0	link quality: 0	flight time: 0s	pos 0.05 0.07 -0.00	yaw: 92.81	msg/s 0.0
INFO: 14-07-2022 17:23:50 printStatus(168) -- Drogno_0: connecting	battery: 3.822265625	kalman var: 0 0 0	 batterySag: 0	link quality: 0	flight time: 0s	pos 0.05 0.07 -0.00	yaw: 92.50	msg/s 0.0
INFO: 14-07-2022 17:23:51 printStatus(168) -- Drogno_0: connecting	battery: 3.822265625	kalman var: 0 0 0	 batterySag: 0	link quality: 0	flight time: 0s	pos 0.05 0.07 -0.00	yaw: 92.00	msg/s 0.0
INFO: 14-07-2022 17:23:52 printStatus(168) -- Drogno_0: connecting	battery: 3.81640625	kalman var: 0 0 0	 batterySag: 0	link quality: 0	flight time: 0s	pos 0.05 0.07 -0.00	yaw: 92.75	msg/s 0.0
INFO: 14-07-2022 17:23:54 printStatus(168) -- Drogno_0: connecting	battery: 3.81640625	kalman var: 0 0 0	 batterySag: 0	link quality: 0	flight time: 0s	pos 0.05 0.07 -0.00	yaw: 92.75	msg/s 0.0
INFO: 14-07-2022 17:23:55 printStatus(168) -- Drogno_0: connecting	battery: 3.822265625	kalman var: 0 0 0	 batterySag: 0	link quality: 0	flight time: 0s	pos 0.05 0.07 -0.00	yaw: 90.94	msg/s 0.0
INFO: 14-07-2022 17:23:56 printStatus(168) -- Drogno_0: connecting	battery: 3.822265625	kalman var: 0 0 0	 batterySag: 0	link quality: 0	flight time: 0s	pos 0.05 0.07 -0.00	yaw: 92.69	msg/s 0.0
INFO: 14-07-2022 17:23:57 printStatus(168) -- Drogno_0: connecting	battery: 3.822265625	kalman var: 0 0 0	 batterySag: 0	link quality: 0	flight time: 0s	pos 0.07 0.07 0.00	yaw: 86.69	msg/s 0.0
INFO: 14-07-2022 17:23:58 printStatus(168) -- Drogno_0: connecting	battery: 3.81640625	kalman var: 0 0 0	 batterySag: 0	link quality: 0	flight time: 0s	pos 0.05 0.07 -0.00	yaw: 92.25	msg/s 0.0
INFO: 14-07-2022 17:24:00 printStatus(168) -- Drogno_0: connecting	battery: 3.822265625	kalman var: 0 0 0	 batterySag: 0	link quality: 0	flight time: 0s	pos 0.05 0.07 -0.00	yaw: 92.00	msg/s 0.0
INFO: 14-07-2022 17:24:01 printStatus(168) -- Drogno_0: connecting	battery: 3.822265625	kalman var: 0 0 0	 batterySag: 0	link quality: 0	flight time: 0s	pos 0.05 0.07 -0.00	yaw: 92.62	msg/s 0.0
INFO: 14-07-2022 17:24:02 printStatus(168) -- Drogno_0: connecting	battery: 3.81640625	kalman var: 0 0 0	 batterySag: 0	link quality: 0	flight time: 0s	pos 0.05 0.07 -0.00	yaw: 92.94	msg/s 0.0
INFO: 14-07-2022 17:24:03 printStatus(168) -- Drogno_0: connecting	battery: 3.81640625	kalman var: 0 0 0	 batterySag: 0	link quality: 0	flight time: 0s	pos 0.05 0.07 -0.00	yaw: 92.94	msg/s 0.0
INFO: 14-07-2022 17:24:04 printStatus(168) -- Drogno_0: connecting	battery: 3.822265625	kalman var: 0 0 0	 batterySag: 0	link quality: 0	flight time: 0s	pos 0.04 0.06 0.00	yaw: 89.12	msg/s 0.0
INFO: 14-07-2022 17:24:05 printStatus(168) -- Drogno_0: connecting	battery: 3.822265625	kalman var: 0 0 0	 batterySag: 0	link quality: 0	flight time: 0s	pos 0.05 0.07 -0.00	yaw: 92.75	msg/s 0.0
INFO: 14-07-2022 17:24:07 printStatus(168) -- Drogno_0: connecting	battery: 3.822265625	kalman var: 0 0 0	 batterySag: 0	link quality: 0	flight time: 0s	pos 0.06 0.08 0.00	yaw: 86.56	msg/s 0.0
INFO: 14-07-2022 17:24:08 printStatus(168) -- Drogno_0: connecting	battery: 3.822265625	kalman var: 0 0 0	 batterySag: 0	link quality: 0	flight time: 0s	pos 0.05 0.07 -0.00	yaw: 92.44	msg/s 0.0
INFO: 14-07-2022 17:24:09 printStatus(168) -- Drogno_0: connecting	battery: 3.822265625	kalman var: 0 0 0	 batterySag: 0	link quality: 0	flight time: 0s	pos 0.05 0.07 -0.00	yaw: 91.62	msg/s 0.0
INFO: 14-07-2022 17:24:10 printStatus(168) -- Drogno_0: connecting	battery: 3.81640625	kalman var: 0 0 0	 batterySag: 0	link quality: 0	flight time: 0s	pos 0.05 0.07 -0.00	yaw: 92.88	msg/s 0.0
INFO: 14-07-2022 17:24:11 printStatus(168) -- Drogno_0: connecting	battery: 3.822265625	kalman var: 0 0 0	 batterySag: 0	link quality: 0	flight time: 0s	pos -0.02 0.06 0.04	yaw: 95.56	msg/s 0.0
INFO: 14-07-2022 17:24:12 printStatus(168) -- Drogno_0: connecting	battery: 3.822265625	kalman var: 0 0 0	 batterySag: 0	link quality: 0	flight time: 0s	pos -0.15 0.04 -0.01	yaw: 85.25	msg/s 0.0
INFO: 14-07-2022 17:24:14 printStatus(168) -- Drogno_0: connecting	battery: 3.822265625	kalman var: 0 0 0	 batterySag: 0	link quality: 0	flight time: 0s	pos -0.15 0.04 -0.01	yaw: 85.81	msg/s 0.0
INFO: 14-07-2022 17:24:15 printStatus(168) -- Drogno_0: connecting	battery: 3.81640625	kalman var: 0 0 0	 batterySag: 0	link quality: 0	flight time: 0s	pos -0.14 0.06 0.00	yaw: 81.06	msg/s 0.0
INFO: 14-07-2022 17:24:16 printStatus(168) -- Drogno_0: connecting	battery: 3.81640625	kalman var: 0 0 0	 batterySag: 0	link quality: 0	flight time: 0s	pos -0.15 0.04 -0.01	yaw: 85.56	msg/s 0.0
INFO: 14-07-2022 17:24:17 printStatus(168) -- Drogno_0: connecting	battery: 3.822265625	kalman var: 0 0 0	 batterySag: 0	link quality: 0	flight time: 0s	pos -0.14 0.05 -0.00	yaw: 83.25	msg/s 0.0
INFO: 14-07-2022 17:24:18 printStatus(168) -- Drogno_0: connecting	battery: 3.81640625	kalman var: 0 0 0	 batterySag: 0	link quality: 0	flight time: 0s	pos -0.15 0.04 -0.01	yaw: 85.00	msg/s 0.0
INFO: 14-07-2022 17:24:20 printStatus(168) -- Drogno_0: connecting	battery: 3.822265625	kalman var: 0 0 0	 batterySag: 0	link quality: 0	flight time: 0s	pos -0.14 0.04 -0.01	yaw: 84.88	msg/s 0.0
INFO: 14-07-2022 17:24:21 printStatus(168) -- Drogno_0: connecting	battery: 3.822265625	kalman var: 0 0 0	 batterySag: 0	link quality: 0	flight time: 0s	pos -0.16 0.04 0.06	yaw: 88.06	msg/s 0.0
INFO: 14-07-2022 17:24:22 printStatus(168) -- Drogno_0: connecting	battery: 3.822265625	kalman var: 0 0 0	 batterySag: 0	link quality: 0	flight time: 0s	pos -0.17 0.03 0.10	yaw: 87.12	msg/s 0.0
INFO: 14-07-2022 17:24:23 printStatus(168) -- Drogno_0: connecting	battery: 3.822265625	kalman var: 0 0 0	 batterySag: 0	link quality: 0	flight time: 0s	pos -0.17 0.03 0.10	yaw: 88.12	msg/s 0.0
INFO: 14-07-2022 17:24:24 printStatus(168) -- Drogno_0: connecting	battery: 3.822265625	kalman var: 0 0 0	 batterySag: 0	link quality: 0	flight time: 0s	pos -0.16 0.05 0.11	yaw: 85.56	msg/s 0.0
INFO: 14-07-2022 17:24:25 printStatus(168) -- Drogno_0: connecting	battery: 3.81640625	kalman var: 0 0 0	 batterySag: 0	link quality: 0	flight time: 0s	pos -0.17 0.06 -0.02	yaw: 87.38	msg/s 0.0
INFO: 14-07-2022 17:24:26 printStatus(168) -- Drogno_0: connecting	battery: 3.81640625	kalman var: 0 0 0	 batterySag: 0	link quality: 0	flight time: 0s	pos -0.16 0.19 -0.00	yaw: 86.31	msg/s 0.0
INFO: 14-07-2022 17:24:28 printStatus(168) -- Drogno_0: connecting	battery: 3.822265625	kalman var: 0 0 0	 batterySag: 0	link quality: 0	flight time: 0s	pos -0.56 1.22 -0.69	yaw: 83.56	msg/s 0.0
INFO: 14-07-2022 17:24:29 printStatus(168) -- Drogno_0: connecting	battery: 3.822265625	kalman var: 0 0 0	 batterySag: 0	link quality: 0	flight time: 0s	pos -0.55 -0.06 -0.92	yaw: 79.31	msg/s 0.0
INFO: 14-07-2022 17:24:30 printStatus(168) -- Drogno_0: connecting	battery: 3.822265625	kalman var: 0 0 0	 batterySag: 0	link quality: 0	flight time: 0s	pos -1.65 3.50 -5.53	yaw: 42.56	msg/s 0.0
INFO: 14-07-2022 17:24:31 printStatus(168) -- Drogno_0: connecting	battery: 3.822265625	kalman var: 0 0 0	 batterySag: 0	link quality: 0	flight time: 0s	pos -0.42 0.81 -0.41	yaw: 99.75	msg/s 0.0
INFO: 14-07-2022 17:24:32 printStatus(168) -- Drogno_0: connecting	battery: 3.81640625	kalman var: 0 0 0	 batterySag: 0	link quality: 0	flight time: 0s	pos -0.32 0.57 -0.25	yaw: 90.44	msg/s 0.0
INFO: 14-07-2022 17:24:34 printStatus(168) -- Drogno_0: connecting	battery: 3.81640625	kalman var: 0 0 0	 batterySag: 0	link quality: 0	flight time: 0s	pos -0.09 0.03 0.09	yaw: 85.94	msg/s 0.0
INFO: 14-07-2022 17:24:35 printStatus(168) -- Drogno_0: connecting	battery: 3.81640625	kalman var: 0 0 0	 batterySag: 0	link quality: 0	flight time: 0s	pos -0.69 3.72 -3.42	yaw: -0.27	msg/s 0.0
INFO: 14-07-2022 17:24:36 printStatus(168) -- Drogno_0: connecting	battery: 3.81640625	kalman var: 0 0 0	 batterySag: 0	link quality: 0	flight time: 0s	pos -1.55 8.24 -7.70	yaw: 5.91	msg/s 0.0
INFO: 14-07-2022 17:24:37 printStatus(168) -- Drogno_0: connecting	battery: 3.822265625	kalman var: 0 0 0	 batterySag: 0	link quality: 0	flight time: 0s	pos -1.41 7.87 -8.38	yaw: 1.01	msg/s 0.0
INFO: 14-07-2022 17:24:38 printStatus(168) -- Drogno_0: connecting	battery: 3.81640625	kalman var: 0 0 0	 batterySag: 0	link quality: 0	flight time: 0s	pos -0.01 0.01 -0.00	yaw: 0.75	msg/s 0.0
INFO: 14-07-2022 17:24:39 printStatus(168) -- Drogno_0: connecting	battery: 3.81640625	kalman var: 0 0 0	 batterySag: 0	link quality: 0	flight time: 0s	pos -0.01 0.01 -0.00	yaw: 0.67	msg/s 0.0
INFO: 14-07-2022 17:24:41 printStatus(168) -- Drogno_0: connecting	battery: 3.81640625	kalman var: 0 0 0	 batterySag: 0	link quality: 0	flight time: 0s	pos -0.01 0.01 -0.00	yaw: 0.70	msg/s 0.0
INFO: 14-07-2022 17:24:42 printStatus(168) -- Drogno_0: connecting	battery: 3.81640625	kalman var: 0 0 0	 batterySag: 0	link quality: 0	flight time: 0s	pos -0.01 0.01 -0.00	yaw: 0.72	msg/s 0.0
INFO: 14-07-2022 17:24:43 printStatus(168) -- Drogno_0: connecting	battery: 3.81640625	kalman var: 0 0 0	 batterySag: 0	link quality: 0	flight time: 0s	pos -0.01 0.01 -0.00	yaw: 0.65	msg/s 0.0
INFO: 14-07-2022 17:24:44 printStatus(168) -- Drogno_0: connecting	battery: 3.81640625	kalman var: 0 0 0	 batterySag: 0	link quality: 0	flight time: 0s	pos -0.01 0.01 -0.00	yaw: 0.68	msg/s 0.0
INFO: 14-07-2022 17:24:45 printStatus(168) -- Drogno_0: connecting	battery: 3.81640625	kalman var: 0 0 0	 batterySag: 0	link quality: 0	flight time: 0s	pos -0.01 0.01 -0.00	yaw: 0.67	msg/s 0.0
INFO: 14-07-2022 17:24:47 printStatus(168) -- Drogno_0: connecting	battery: 3.822265625	kalman var: 0 0 0	 batterySag: 0	link quality: 0	flight time: 0s	pos -0.01 0.01 -0.00	yaw: 0.64	msg/s 0.0
INFO: 14-07-2022 17:24:48 printStatus(168) -- Drogno_0: connecting	battery: 3.81640625	kalman var: 0 0 0	 batterySag: 0	link quality: 0	flight time: 0s	pos -0.01 0.01 -0.00	yaw: -0.45	msg/s 0.0
