INFO: 11-10-2021 23:45:40 __init__(130) -- This is dronelog running on Drogno_2
INFO: 11-10-2021 23:45:40 printStatus(166) -- Started
INFO: 11-10-2021 23:45:42 printStatus(169) -- Drogno_2: connecting	battery: n.p.	kalman var: 0 0 0	 batterySag: 0	link quality: 0	flight time: 0s	pos 0.00 0.00 0.00	yaw: 0.00	msg/s 0.0
INFO: 11-10-2021 23:45:43 printStatus(169) -- Drogno_2: connecting	battery: n.p.	kalman var: 0 0 0	 batterySag: 0	link quality: 0	flight time: 0s	pos 0.00 0.00 0.00	yaw: 0.00	msg/s 0.0
INFO: 11-10-2021 23:45:44 printStatus(169) -- Drogno_2: connecting	battery: n.p.	kalman var: 0 0 0	 batterySag: 0	link quality: 0	flight time: 0s	pos 0.00 0.00 0.00	yaw: 0.00	msg/s 0.0
INFO: 11-10-2021 23:45:45 printStatus(169) -- Drogno_2: connecting	battery: n.p.	kalman var: 0 0 0	 batterySag: 0	link quality: 0	flight time: 0s	pos 0.00 0.00 0.00	yaw: 0.00	msg/s 0.0
INFO: 11-10-2021 23:45:46 printStatus(169) -- Drogno_2: connecting	battery: n.p.	kalman var: 0 0 0	 batterySag: 0	link quality: 0	flight time: 0s	pos 0.00 0.00 0.00	yaw: 0.00	msg/s 0.0
INFO: 11-10-2021 23:45:48 printStatus(169) -- Drogno_2: landed	battery: n.p.	kalman var: 0 0 0	 batterySag: 0	link quality: 0	flight time: 0s	pos 0.00 0.00 0.00	yaw: 0.00	msg/s 0.0
INFO: 11-10-2021 23:45:49 printStatus(169) -- Drogno_2: landed	battery: n.p.	kalman var: 0 0 0	 batterySag: 0	link quality: 0	flight time: 0s	pos 0.00 0.00 0.00	yaw: 0.00	msg/s 0.0
INFO: 11-10-2021 23:45:50 printStatus(169) -- Drogno_2: landed	battery: n.p.	kalman var: 0 0 0	 batterySag: 0	link quality: 0	flight time: 0s	pos 0.00 0.00 0.00	yaw: 0.00	msg/s 0.0
INFO: 11-10-2021 23:45:52 printStatus(169) -- Drogno_2: ready	battery: 4.14	kalman var: 0.001 0.001 0.0	 batterySag: 0.708	link quality: 68	flight time: 0s	pos 0.15 0.90 -0.00	yaw: 1.44	msg/s 0.0
INFO: 11-10-2021 23:45:53 printStatus(169) -- Drogno_2: ready	battery: 4.14	kalman var: 0.0 0.0 0.0	 batterySag: 0.708	link quality: 69	flight time: 0s	pos 0.15 0.90 -0.00	yaw: 1.47	msg/s 0.0
INFO: 11-10-2021 23:45:55 printStatus(169) -- Drogno_2: ready	battery: 4.14	kalman var: 0.0 0.0 0.0	 batterySag: 0.708	link quality: 67	flight time: 0s	pos 0.15 0.91 -0.00	yaw: 1.49	msg/s 0.0
INFO: 11-10-2021 23:45:56 printStatus(169) -- Drogno_2: ready	battery: 4.14	kalman var: 0.0 0.0 0.0	 batterySag: 0.708	link quality: 68	flight time: 0s	pos 0.15 0.90 -0.00	yaw: 1.47	msg/s 0.0
INFO: 11-10-2021 23:45:57 printStatus(169) -- Drogno_2: ready	battery: 4.14	kalman var: 0.0 0.0 0.0	 batterySag: 0.708	link quality: 68	flight time: 0s	pos 0.15 0.90 -0.00	yaw: 1.45	msg/s 0.0
INFO: 11-10-2021 23:45:58 printStatus(169) -- Drogno_2: ready	battery: 4.14	kalman var: 0.0 0.0 0.0	 batterySag: 0.708	link quality: 68	flight time: 0s	pos 0.15 0.90 -0.00	yaw: 1.46	msg/s 0.0
INFO: 11-10-2021 23:46:00 printStatus(169) -- Drogno_2: ready	battery: 4.14	kalman var: 0.0 0.0 0.0	 batterySag: 0.708	link quality: 70	flight time: 0s	pos 0.15 0.91 -0.00	yaw: 1.47	msg/s 0.0
INFO: 11-10-2021 23:46:01 printStatus(169) -- Drogno_2: ready	battery: 4.14	kalman var: 0.0 0.0 0.0	 batterySag: 0.708	link quality: 68	flight time: 0s	pos 0.15 0.90 -0.00	yaw: 1.46	msg/s 0.0
INFO: 11-10-2021 23:46:02 printStatus(169) -- Drogno_2: ready	battery: 4.14	kalman var: 0.0 0.0 0.0	 batterySag: 0.708	link quality: 69	flight time: 0s	pos 0.15 0.90 -0.00	yaw: 1.48	msg/s 0.0
INFO: 11-10-2021 23:46:04 printStatus(169) -- Drogno_2: ready	battery: 4.14	kalman var: 0.0 0.0 0.0	 batterySag: 0.708	link quality: 70	flight time: 0s	pos 0.15 0.90 -0.00	yaw: 1.43	msg/s 0.0
INFO: 11-10-2021 23:46:05 printStatus(169) -- Drogno_2: ready	battery: 4.14	kalman var: 0.0 0.0 0.0	 batterySag: 0.708	link quality: 69	flight time: 0s	pos 0.15 0.90 -0.00	yaw: 1.50	msg/s 0.0
INFO: 11-10-2021 23:46:06 printStatus(169) -- Drogno_2: ready	battery: 4.14	kalman var: 0.0 0.0 0.0	 batterySag: 0.708	link quality: 70	flight time: 0s	pos 0.15 0.91 -0.00	yaw: 1.50	msg/s 0.0
INFO: 11-10-2021 23:46:07 printStatus(169) -- Drogno_2: ready	battery: 4.14	kalman var: 0.0 0.0 0.0	 batterySag: 0.708	link quality: 68	flight time: 0s	pos 0.15 0.90 -0.00	yaw: 1.49	msg/s 0.0
INFO: 11-10-2021 23:46:09 printStatus(169) -- Drogno_2: ready	battery: 4.14	kalman var: 0.0 0.0 0.0	 batterySag: 0.708	link quality: 68	flight time: 0s	pos 0.15 0.90 -0.00	yaw: 1.49	msg/s 0.0
INFO: 11-10-2021 23:46:10 printStatus(169) -- Drogno_2: ready	battery: 4.14	kalman var: 0.001 0.001 0.001	 batterySag: 0.708	link quality: 68	flight time: 0s	pos 0.15 0.90 -0.00	yaw: 1.42	msg/s 0.0
INFO: 11-10-2021 23:46:12 printStatus(169) -- Drogno_2: ready	battery: 4.14	kalman var: 0.0 0.0 0.0	 batterySag: 0.708	link quality: 71	flight time: 0s	pos 0.15 0.91 -0.00	yaw: 1.47	msg/s 0.0
INFO: 11-10-2021 23:46:13 printStatus(169) -- Drogno_2: ready	battery: 4.14	kalman var: 0.0 0.0 0.001	 batterySag: 0.708	link quality: 69	flight time: 0s	pos 0.15 0.90 -0.00	yaw: 1.43	msg/s 0.0
INFO: 11-10-2021 23:46:14 printStatus(169) -- Drogno_2: ready	battery: 4.14	kalman var: 0.0 0.0 0.0	 batterySag: 0.708	link quality: 69	flight time: 0s	pos 0.15 0.90 -0.00	yaw: 1.50	msg/s 0.0
INFO: 11-10-2021 23:46:16 printStatus(169) -- Drogno_2: ready	battery: 4.14	kalman var: 0.0 0.0 0.0	 batterySag: 0.708	link quality: 69	flight time: 0s	pos 0.15 0.90 -0.00	yaw: 1.46	msg/s 0.0
INFO: 11-10-2021 23:46:18 printStatus(169) -- Drogno_2: ready	battery: 3.81	kalman var: 0.0 0.0 0.0	 batterySag: 0.708	link quality: 70	flight time: 0s	pos 0.14 0.88 0.53	yaw: 0.77	msg/s 0.0
INFO: 11-10-2021 23:46:19 printStatus(169) -- Drogno_2: ready	battery: 3.77	kalman var: 0.0 0.0 0.0	 batterySag: 0.708	link quality: 56	flight time: 2s	pos 0.17 0.89 0.83	yaw: 0.24	msg/s 0.0
INFO: 11-10-2021 23:46:20 printStatus(169) -- Drogno_2: hovering	battery: 3.91	kalman var: 0.002 0.002 0.001	 batterySag: 0.708	link quality: 49	flight time: 3s	pos 0.16 0.91 0.81	yaw: -0.81	msg/s 7.3
INFO: 11-10-2021 23:46:21 printStatus(169) -- Drogno_2: moving	battery: 3.77	kalman var: 0.001 0.001 0.001	 batterySag: 0.708	link quality: 59	flight time: 4s	pos 0.44 0.98 0.23	yaw: 1.06	msg/s 9.1
INFO: 11-10-2021 23:46:22 printStatus(169) -- Drogno_2: hovering	battery: 3.71	kalman var: 0.001 0.001 0.001	 batterySag: 0.708	link quality: 56	flight time: 5s	pos 0.50 0.99 0.64	yaw: 0.11	msg/s 5.5
INFO: 11-10-2021 23:46:24 printStatus(169) -- Drogno_2: hovering	battery: 3.74	kalman var: 0.002 0.002 0.001	 batterySag: 0.708	link quality: 71	flight time: 6s	pos 0.41 0.93 0.96	yaw: -0.80	msg/s 5.5
INFO: 11-10-2021 23:46:25 printStatus(169) -- Drogno_2: hovering	battery: 3.73	kalman var: 0.002 0.002 0.001	 batterySag: 0.708	link quality: 71	flight time: 8s	pos 0.41 0.92 0.97	yaw: -0.77	msg/s 7.3
INFO: 11-10-2021 23:46:26 printStatus(169) -- Drogno_2: hovering	battery: 3.71	kalman var: 0.003 0.003 0.001	 batterySag: 0.708	link quality: 63	flight time: 9s	pos 0.40 0.88 1.00	yaw: -0.97	msg/s 18.2
INFO: 11-10-2021 23:46:28 printStatus(169) -- Drogno_2: hovering	battery: 3.68	kalman var: 0.001 0.001 0.001	 batterySag: 0.708	link quality: 63	flight time: 10s	pos 0.23 0.84 1.01	yaw: 1.44	msg/s 20.0
INFO: 11-10-2021 23:46:30 printStatus(169) -- Drogno_2: ready	battery: 3.68	kalman var: 0.0 0.0 0.0	 batterySag: 0.708	link quality: 61	flight time: 12s	pos -0.08 0.76 1.05	yaw: 1.12	msg/s 9.1
INFO: 11-10-2021 23:46:31 printStatus(169) -- Drogno_2: hovering	battery: 3.69	kalman var: 0.0 0.0 0.0	 batterySag: 0.708	link quality: 56	flight time: 14s	pos -0.41 0.66 1.08	yaw: 0.44	msg/s 18.2
INFO: 11-10-2021 23:46:33 printStatus(169) -- Drogno_2: moving	battery: 3.69	kalman var: 0.001 0.001 0.001	 batterySag: 0.708	link quality: 52	flight time: 15s	pos -0.96 0.27 1.15	yaw: 4.62	msg/s 18.2
INFO: 11-10-2021 23:46:34 printStatus(169) -- Drogno_2: hovering	battery: 3.66	kalman var: 0.0 0.0 0.0	 batterySag: 0.708	link quality: 56	flight time: 17s	pos -1.03 0.05 1.04	yaw: -1.03	msg/s 20.0
INFO: 11-10-2021 23:46:35 printStatus(169) -- Drogno_2: hovering	battery: 3.66	kalman var: 0.0 0.0 0.0	 batterySag: 0.708	link quality: 59	flight time: 18s	pos -1.05 -0.19 1.11	yaw: -2.52	msg/s 17.3
INFO: 11-10-2021 23:46:37 printStatus(169) -- Drogno_2: ready	battery: 3.66	kalman var: 0.0 0.0 0.0	 batterySag: 0.708	link quality: 58	flight time: 19s	pos -0.90 -0.63 1.03	yaw: -1.70	msg/s 16.4
INFO: 11-10-2021 23:46:38 printStatus(169) -- Drogno_2: hovering	battery: 3.66	kalman var: 0.0 0.0 0.0	 batterySag: 0.708	link quality: 61	flight time: 21s	pos -0.80 -0.75 0.97	yaw: 3.82	msg/s 12.7
INFO: 11-10-2021 23:46:40 printStatus(169) -- Drogno_2: moving	battery: 3.64	kalman var: 0.0 0.0 0.0	 batterySag: 0.708	link quality: 61	flight time: 22s	pos -0.49 -0.88 1.13	yaw: 3.21	msg/s 18.2
INFO: 11-10-2021 23:46:41 printStatus(169) -- Drogno_2: hovering	battery: 3.64	kalman var: 0.0 0.0 0.0	 batterySag: 0.708	link quality: 56	flight time: 24s	pos -0.41 -0.91 1.02	yaw: 2.75	msg/s 18.2
INFO: 11-10-2021 23:46:42 printStatus(169) -- Drogno_2: hovering	battery: 3.65	kalman var: 0.001 0.001 0.001	 batterySag: 0.708	link quality: 67	flight time: 25s	pos -0.32 -0.92 1.13	yaw: -1.11	msg/s 10.9
INFO: 11-10-2021 23:46:43 printStatus(169) -- Drogno_2: hovering	battery: 3.56	kalman var: 0.0 0.0 0.0	 batterySag: 0.708	link quality: 61	flight time: 26s	pos -0.31 -0.91 0.98	yaw: 0.06	msg/s 20.0
INFO: 11-10-2021 23:46:45 printStatus(169) -- Drogno_2: hovering	battery: 3.63	kalman var: 0.0 0.0 0.0	 batterySag: 0.708	link quality: 59	flight time: 27s	pos -0.67 -1.36 1.10	yaw: -0.69	msg/s 18.2
INFO: 11-10-2021 23:46:46 printStatus(169) -- Drogno_2: hovering	battery: 3.63	kalman var: 0.0 0.0 0.0	 batterySag: 0.708	link quality: 58	flight time: 29s	pos -0.18 -1.34 1.29	yaw: -1.02	msg/s 23.6
INFO: 11-10-2021 23:46:48 printStatus(169) -- Drogno_2: moving	battery: 3.62	kalman var: 0.0 0.0 0.0	 batterySag: 0.708	link quality: 58	flight time: 30s	pos 0.75 0.09 1.74	yaw: -1.38	msg/s 21.8
INFO: 11-10-2021 23:46:49 printStatus(169) -- Drogno_2: hovering	battery: 3.64	kalman var: 0.002 0.002 0.001	 batterySag: 0.708	link quality: 57	flight time: 32s	pos -0.12 0.97 1.73	yaw: -0.94	msg/s 21.8
INFO: 11-10-2021 23:46:50 printStatus(169) -- Drogno_2: hovering	battery: 3.65	kalman var: 0.0 0.0 0.0	 batterySag: 0.708	link quality: 60	flight time: 33s	pos -0.80 0.58 1.46	yaw: 0.67	msg/s 23.6
INFO: 11-10-2021 23:46:51 printStatus(169) -- Drogno_2: hovering	battery: 3.62	kalman var: 0.0 0.0 0.0	 batterySag: 0.708	link quality: 54	flight time: 34s	pos -1.31 -0.30 1.21	yaw: -0.19	msg/s 21.8
INFO: 11-10-2021 23:46:52 printStatus(169) -- Drogno_2: hovering	battery: 3.62	kalman var: 0.001 0.001 0.001	 batterySag: 0.708	link quality: 61	flight time: 35s	pos -1.10 -1.17 1.04	yaw: -0.89	msg/s 16.4
INFO: 11-10-2021 23:46:53 printStatus(169) -- Drogno_2: hovering	battery: 3.63	kalman var: 0.001 0.001 0.001	 batterySag: 0.708	link quality: 65	flight time: 36s	pos -1.12 -1.14 0.89	yaw: -1.15	msg/s 20.0
INFO: 11-10-2021 23:46:55 printStatus(169) -- Drogno_2: hovering	battery: 3.62	kalman var: 0.0 0.0 0.001	 batterySag: 0.708	link quality: 52	flight time: 37s	pos -1.13 -1.06 1.21	yaw: -0.36	msg/s 21.8
INFO: 11-10-2021 23:46:57 printStatus(169) -- Drogno_2: hovering	battery: 3.63	kalman var: 0.002 0.002 0.001	 batterySag: 0.708	link quality: 58	flight time: 39s	pos -0.72 -0.90 0.99	yaw: 0.35	msg/s 21.8
INFO: 11-10-2021 23:46:58 printStatus(169) -- Drogno_2: hovering	battery: 3.61	kalman var: 0.001 0.001 0.001	 batterySag: 0.708	link quality: 56	flight time: 41s	pos -0.53 -1.01 0.77	yaw: -0.64	msg/s 18.2
INFO: 11-10-2021 23:47:00 printStatus(169) -- Drogno_2: hovering	battery: 3.58	kalman var: 0.0 0.0 0.0	 batterySag: 0.708	link quality: 63	flight time: 42s	pos -0.19 -0.99 0.40	yaw: -3.75	msg/s 20.0
INFO: 11-10-2021 23:47:01 printStatus(169) -- Drogno_2: hovering	battery: 3.61	kalman var: 0.001 0.001 0.001	 batterySag: 0.708	link quality: 58	flight time: 44s	pos -0.36 -1.06 0.56	yaw: 2.45	msg/s 21.8
INFO: 11-10-2021 23:47:02 printStatus(169) -- Drogno_2: hovering	battery: 3.6	kalman var: 0.001 0.001 0.001	 batterySag: 0.708	link quality: 58	flight time: 45s	pos -0.48 -1.05 0.68	yaw: 1.13	msg/s 21.8
INFO: 11-10-2021 23:47:03 printStatus(169) -- Drogno_2: hovering	battery: 3.61	kalman var: 0.0 0.0 0.0	 batterySag: 0.708	link quality: 58	flight time: 46s	pos -0.79 -1.08 0.89	yaw: 1.92	msg/s 23.6
INFO: 11-10-2021 23:47:05 printStatus(169) -- Drogno_2: hovering	battery: 3.6	kalman var: 0.0 0.0 0.0	 batterySag: 0.708	link quality: 67	flight time: 47s	pos -1.15 -0.92 1.10	yaw: 1.52	msg/s 25.5
INFO: 11-10-2021 23:47:06 printStatus(169) -- Drogno_2: hovering	battery: 3.61	kalman var: 0.001 0.001 0.001	 batterySag: 0.708	link quality: 65	flight time: 49s	pos -1.37 -0.10 1.23	yaw: 0.96	msg/s 20.0
INFO: 11-10-2021 23:47:07 printStatus(169) -- Drogno_2: hovering	battery: 3.61	kalman var: 0.0 0.0 0.0	 batterySag: 0.708	link quality: 62	flight time: 50s	pos -1.32 0.46 1.27	yaw: 0.50	msg/s 21.8
INFO: 11-10-2021 23:47:08 printStatus(169) -- Drogno_2: hovering	battery: 3.6	kalman var: 0.001 0.001 0.001	 batterySag: 0.708	link quality: 67	flight time: 51s	pos -1.17 1.02 1.27	yaw: 0.02	msg/s 23.6
INFO: 11-10-2021 23:47:09 printStatus(169) -- Drogno_2: hovering	battery: 3.56	kalman var: 0.001 0.001 0.001	 batterySag: 0.708	link quality: 61	flight time: 52s	pos -0.71 1.18 1.17	yaw: 0.76	msg/s 21.8
INFO: 11-10-2021 23:47:10 printStatus(169) -- Drogno_2: hovering	battery: 3.56	kalman var: 0.002 0.002 0.001	 batterySag: 0.708	link quality: 52	flight time: 53s	pos -0.08 0.94 1.38	yaw: 0.23	msg/s 20.0
INFO: 11-10-2021 23:47:12 printStatus(169) -- Drogno_2: moving	battery: 3.59	kalman var: 0.0 0.0 0.0	 batterySag: 0.708	link quality: 58	flight time: 55s	pos 0.67 0.44 2.09	yaw: -1.63	msg/s 20.0
INFO: 11-10-2021 23:47:13 printStatus(169) -- Drogno_2: hovering	battery: 3.57	kalman var: 0.0 0.0 0.0	 batterySag: 0.708	link quality: 59	flight time: 56s	pos 0.70 -0.07 1.95	yaw: 0.59	msg/s 20.0
INFO: 11-10-2021 23:47:14 printStatus(169) -- Drogno_2: hovering	battery: 3.58	kalman var: 0.001 0.001 0.001	 batterySag: 0.708	link quality: 57	flight time: 57s	pos 0.30 -0.70 1.71	yaw: -12.41	msg/s 20.0
INFO: 11-10-2021 23:47:15 printStatus(169) -- Drogno_2: moving	battery: 3.52	kalman var: 0.001 0.001 0.001	 batterySag: 0.708	link quality: 59	flight time: 58s	pos 0.14 -1.27 1.28	yaw: 5.29	msg/s 21.8
INFO: 11-10-2021 23:47:17 printStatus(169) -- Drogno_2: hovering	battery: 3.56	kalman var: 0.001 0.001 0.001	 batterySag: 0.708	link quality: 59	flight time: 60s	pos -0.94 -0.72 0.55	yaw: 1.77	msg/s 16.4
INFO: 11-10-2021 23:47:18 printStatus(169) -- Drogno_2: moving	battery: 3.56	kalman var: 0.0 0.0 0.0	 batterySag: 0.708	link quality: 65	flight time: 61s	pos -1.22 -0.10 0.33	yaw: 0.85	msg/s 25.5
INFO: 11-10-2021 23:47:19 printStatus(169) -- Drogno_2: hovering	battery: 3.53	kalman var: 0.0 0.0 0.0	 batterySag: 0.708	link quality: 61	flight time: 62s	pos -1.10 0.74 0.48	yaw: 1.00	msg/s 20.0
INFO: 11-10-2021 23:47:20 printStatus(169) -- Drogno_2: hovering	battery: 3.58	kalman var: 0.001 0.001 0.001	 batterySag: 0.708	link quality: 67	flight time: 63s	pos -0.48 1.26 1.01	yaw: 0.67	msg/s 18.2
INFO: 11-10-2021 23:47:21 printStatus(169) -- Drogno_2: hovering	battery: 3.55	kalman var: 0.0 0.0 0.001	 batterySag: 0.708	link quality: 61	flight time: 64s	pos 0.09 1.30 1.46	yaw: 0.02	msg/s 21.8
INFO: 11-10-2021 23:47:23 printStatus(169) -- Drogno_2: hovering	battery: 3.58	kalman var: 0.002 0.002 0.001	 batterySag: 0.708	link quality: 57	flight time: 65s	pos 0.71 0.66 1.60	yaw: -5.74	msg/s 20.0
WARNING: 11-10-2021 23:47:24 evaluateBattery(804) -- battery under 3.50v
INFO: 11-10-2021 23:47:24 printStatus(169) -- Drogno_2: hovering	battery: 3.48	kalman var: 0.001 0.001 0.001	 batterySag: 0.708	link quality: 69	flight time: 67s	pos 0.89 0.71 1.28	yaw: 2.36	msg/s 12.7
WARNING: 11-10-2021 23:47:24 evaluateBattery(804) -- battery under 3.50v
INFO: 11-10-2021 23:47:25 printStatus(169) -- Drogno_2: hovering	battery: 3.55	kalman var: 0.003 0.003 0.001	 batterySag: 0.708	link quality: 58	flight time: 68s	pos 0.21 0.68 1.38	yaw: -0.10	msg/s 23.6
INFO: 11-10-2021 23:47:26 printStatus(169) -- Drogno_2: hovering	battery: 3.56	kalman var: 0.001 0.001 0.001	 batterySag: 0.708	link quality: 62	flight time: 69s	pos -0.03 0.78 1.37	yaw: -0.21	msg/s 21.8
INFO: 11-10-2021 23:47:28 printStatus(169) -- Drogno_2: hovering	battery: 3.55	kalman var: 0.0 0.0 0.0	 batterySag: 0.708	link quality: 58	flight time: 70s	pos -0.70 0.76 1.34	yaw: -0.08	msg/s 18.2
INFO: 11-10-2021 23:47:29 printStatus(169) -- Drogno_2: moving	battery: 3.55	kalman var: 0.0 0.0 0.0	 batterySag: 0.708	link quality: 58	flight time: 72s	pos -1.12 0.78 1.33	yaw: -0.02	msg/s 20.0
INFO: 11-10-2021 23:47:31 printStatus(169) -- Drogno_2: hovering	battery: 3.5	kalman var: 0.001 0.001 0.0	 batterySag: 0.708	link quality: 69	flight time: 73s	pos -1.57 1.22 0.95	yaw: -0.50	msg/s 20.0
INFO: 11-10-2021 23:47:32 printStatus(169) -- Drogno_2: hovering	battery: 3.54	kalman var: 0.001 0.001 0.001	 batterySag: 0.708	link quality: 62	flight time: 75s	pos -0.71 1.52 0.87	yaw: -0.51	msg/s 18.2
INFO: 11-10-2021 23:47:34 printStatus(169) -- Drogno_2: hovering	battery: 3.53	kalman var: 0.0 0.0 0.0	 batterySag: 0.708	link quality: 53	flight time: 76s	pos 0.59 1.30 1.02	yaw: -0.41	msg/s 18.2
INFO: 11-10-2021 23:47:35 printStatus(169) -- Drogno_2: hovering	battery: 3.55	kalman var: 0.001 0.001 0.001	 batterySag: 0.708	link quality: 61	flight time: 78s	pos 0.84 0.84 1.36	yaw: -0.25	msg/s 16.4
WARNING: 11-10-2021 23:47:36 evaluateBattery(804) -- battery under 3.50v
INFO: 11-10-2021 23:47:37 printStatus(169) -- Drogno_2: hovering	battery: 3.53	kalman var: 0.002 0.002 0.001	 batterySag: 0.708	link quality: 49	flight time: 79s	pos 0.13 0.74 1.49	yaw: -0.02	msg/s 20.0
INFO: 11-10-2021 23:47:39 printStatus(169) -- Drogno_2: ready	battery: 3.52	kalman var: 0.001 0.001 0.001	 batterySag: 0.708	link quality: 55	flight time: 81s	pos 0.20 0.69 1.50	yaw: 0.62	msg/s 21.8
INFO: 11-10-2021 23:47:40 printStatus(169) -- Drogno_2: hovering	battery: 3.55	kalman var: 0.001 0.001 0.001	 batterySag: 0.708	link quality: 53	flight time: 83s	pos -0.12 0.79 1.56	yaw: -0.31	msg/s 18.2
INFO: 11-10-2021 23:47:41 printStatus(169) -- Drogno_2: moving	battery: 3.51	kalman var: 0.001 0.001 0.001	 batterySag: 0.708	link quality: 60	flight time: 84s	pos 0.40 0.87 1.63	yaw: -0.29	msg/s 18.2
INFO: 11-10-2021 23:47:43 printStatus(169) -- Drogno_2: hovering	battery: 3.53	kalman var: 0.002 0.002 0.001	 batterySag: 0.708	link quality: 53	flight time: 86s	pos 0.51 0.83 1.70	yaw: 0.71	msg/s 20.0
WARNING: 11-10-2021 23:47:44 evaluateBattery(804) -- battery under 3.50v
INFO: 11-10-2021 23:47:44 printStatus(169) -- Drogno_2: hovering	battery: 3.39	kalman var: 0.001 0.001 0.001	 batterySag: 0.708	link quality: 53	flight time: 87s	pos 0.55 0.93 1.52	yaw: 3.50	msg/s 23.6
WARNING: 11-10-2021 23:47:45 evaluateBattery(804) -- battery under 3.50v
WARNING: 11-10-2021 23:47:46 evaluateBattery(804) -- battery under 3.50v
INFO: 11-10-2021 23:47:46 printStatus(169) -- Drogno_2: hovering	battery: 3.52	kalman var: 0.002 0.002 0.001	 batterySag: 0.708	link quality: 52	flight time: 88s	pos 0.50 0.81 1.71	yaw: -2.03	msg/s 23.6
INFO: 11-10-2021 23:47:48 printStatus(169) -- Drogno_2: hovering	battery: 3.52	kalman var: 0.01 0.01 0.002	 batterySag: 0.708	link quality: 63	flight time: 90s	pos 0.50 0.80 1.70	yaw: -0.02	msg/s 25.5
WARNING: 11-10-2021 23:47:49 evaluateBattery(804) -- battery under 3.50v
INFO: 11-10-2021 23:47:49 printStatus(169) -- Drogno_2: hovering	battery: 3.36	kalman var: 0.002 0.002 0.001	 batterySag: 0.708	link quality: 64	flight time: 92s	pos 0.43 0.52 1.32	yaw: 2.37	msg/s 23.6
WARNING: 11-10-2021 23:47:50 evaluateBattery(804) -- battery under 3.50v
WARNING: 11-10-2021 23:47:50 evaluateBattery(804) -- battery under 3.50v
INFO: 11-10-2021 23:47:51 printStatus(169) -- Drogno_2: hovering	battery: 3.51	kalman var: 0.001 0.001 0.001	 batterySag: 0.708	link quality: 56	flight time: 93s	pos 0.50 0.81 1.73	yaw: -1.66	msg/s 27.3
INFO: 11-10-2021 23:47:52 printStatus(169) -- Drogno_2: moving	battery: 3.51	kalman var: 0.006 0.006 0.002	 batterySag: 0.708	link quality: 67	flight time: 95s	pos 0.50 0.81 1.71	yaw: 0.39	msg/s 21.8
WARNING: 11-10-2021 23:47:53 evaluateBattery(804) -- battery under 3.50v
WARNING: 11-10-2021 23:47:53 evaluateBattery(804) -- battery under 3.50v
INFO: 11-10-2021 23:47:54 printStatus(169) -- Drogno_2: hovering	battery: 3.5	kalman var: 0.001 0.001 0.001	 batterySag: 0.708	link quality: 65	flight time: 96s	pos 0.48 0.85 1.72	yaw: -1.08	msg/s 21.8
INFO: 11-10-2021 23:47:55 printStatus(169) -- Drogno_2: hovering	battery: 3.5	kalman var: 0.001 0.001 0.001	 batterySag: 0.708	link quality: 54	flight time: 98s	pos 0.49 0.83 1.72	yaw: 0.19	msg/s 25.5
INFO: 11-10-2021 23:47:56 printStatus(169) -- Drogno_2: ready	battery: 3.51	kalman var: 0.002 0.002 0.001	 batterySag: 0.708	link quality: 51	flight time: 99s	pos 0.48 0.83 1.68	yaw: 0.44	msg/s 0.0
INFO: 11-10-2021 23:47:58 printStatus(169) -- Drogno_2: ready	battery: 3.49	kalman var: 0.002 0.002 0.001	 batterySag: 0.708	link quality: 54	flight time: 101s	pos 0.48 0.83 1.69	yaw: -0.30	msg/s 0.0
WARNING: 11-10-2021 23:47:58 evaluateBattery(804) -- battery under 3.50v
WARNING: 11-10-2021 23:47:59 evaluateBattery(804) -- battery under 3.50v
INFO: 11-10-2021 23:47:59 printStatus(169) -- Drogno_2: ready	battery: 3.48	kalman var: 0.006 0.006 0.002	 batterySag: 0.708	link quality: 63	flight time: 102s	pos 0.50 0.85 1.70	yaw: -0.82	msg/s 0.0
WARNING: 11-10-2021 23:48:00 evaluateBattery(804) -- battery under 3.50v
WARNING: 11-10-2021 23:48:01 evaluateBattery(804) -- battery under 3.50v
INFO: 11-10-2021 23:48:02 printStatus(169) -- Drogno_2: ready	battery: 3.41	kalman var: 0.001 0.001 0.001	 batterySag: 0.708	link quality: 59	flight time: 102s	pos 0.59 0.81 0.06	yaw: -3.29	msg/s 0.0
WARNING: 11-10-2021 23:48:03 evaluateBattery(804) -- battery under 3.50v
INFO: 11-10-2021 23:48:04 printStatus(169) -- Drogno_2: BAD kalman	battery: 3.82	kalman var: 0.014 0.014 0.003	 batterySag: 0.708	link quality: 77	flight time: 102s	pos 0.98 0.68 0.23	yaw: -6.26	msg/s 0.0
WARNING: 11-10-2021 23:48:05 exit(859) -- closing Drogno_2
INFO: 11-10-2021 23:48:05 printStatus(169) -- Drogno_2: sconnesso	battery: 3.83	kalman var: 0.029 0.03 0.004	 batterySag: 0.708	link quality: 80	flight time: 102s	pos 1.41 0.43 0.34	yaw: -5.67	msg/s 0.0
