INFO: 12-10-2021 14:11:19 __init__(130) -- This is dronelog running on Drogno_4
INFO: 12-10-2021 14:11:19 printStatus(166) -- Started
INFO: 12-10-2021 14:11:20 printStatus(169) -- Drogno_4: connecting	battery: n.p.	kalman var: 0 0 0	 batterySag: 0	link quality: 0	flight time: 0s	pos 0.00 0.00 0.00	yaw: 0.00	msg/s 0.0
INFO: 12-10-2021 14:11:22 printStatus(169) -- Drogno_4: connecting	battery: n.p.	kalman var: 0 0 0	 batterySag: 0	link quality: 0	flight time: 0s	pos 0.00 0.00 0.00	yaw: 0.00	msg/s 0.0
INFO: 12-10-2021 14:11:23 printStatus(169) -- Drogno_4: connecting	battery: n.p.	kalman var: 0 0 0	 batterySag: 0	link quality: 0	flight time: 0s	pos 0.00 0.00 0.00	yaw: 0.00	msg/s 0.0
INFO: 12-10-2021 14:11:24 printStatus(169) -- Drogno_4: connecting	battery: n.p.	kalman var: 0 0 0	 batterySag: 0	link quality: 0	flight time: 0s	pos 0.00 0.00 0.00	yaw: 0.00	msg/s 0.0
INFO: 12-10-2021 14:11:25 printStatus(169) -- Drogno_4: landed	battery: n.p.	kalman var: 0 0 0	 batterySag: 0	link quality: 0	flight time: 0s	pos 0.00 0.00 0.00	yaw: 0.00	msg/s 0.0
INFO: 12-10-2021 14:11:26 printStatus(169) -- Drogno_4: landed	battery: n.p.	kalman var: 0 0 0	 batterySag: 0	link quality: 0	flight time: 0s	pos 0.00 0.00 0.00	yaw: 0.00	msg/s 0.0
INFO: 12-10-2021 14:11:28 printStatus(169) -- Drogno_4: landed	battery: n.p.	kalman var: 0 0 0	 batterySag: 0	link quality: 0	flight time: 0s	pos 0.00 0.00 0.00	yaw: 0.00	msg/s 0.0
INFO: 12-10-2021 14:11:29 printStatus(169) -- Drogno_4: ready	battery: 4.19	kalman var: 0.0 0.0 0.0	 batterySag: 0.66	link quality: 64	flight time: 0s	pos 1.00 0.05 0.01	yaw: 1.67	msg/s 0.0
INFO: 12-10-2021 14:11:30 printStatus(169) -- Drogno_4: ready	battery: 4.19	kalman var: 0.0 0.0 0.0	 batterySag: 0.66	link quality: 63	flight time: 0s	pos 1.00 0.05 0.01	yaw: 1.88	msg/s 0.0
INFO: 12-10-2021 14:11:32 printStatus(169) -- Drogno_4: ready	battery: 4.19	kalman var: 0.0 0.0 0.0	 batterySag: 0.66	link quality: 64	flight time: 0s	pos 1.00 0.05 0.00	yaw: 1.87	msg/s 0.0
INFO: 12-10-2021 14:11:33 printStatus(169) -- Drogno_4: ready	battery: 4.19	kalman var: 0.0 0.0 0.0	 batterySag: 0.66	link quality: 63	flight time: 0s	pos 1.00 0.05 0.01	yaw: 1.77	msg/s 0.0
INFO: 12-10-2021 14:11:34 printStatus(169) -- Drogno_4: ready	battery: 4.19	kalman var: 0.0 0.0 0.0	 batterySag: 0.66	link quality: 64	flight time: 0s	pos 1.00 0.05 0.01	yaw: 1.87	msg/s 0.0
INFO: 12-10-2021 14:11:35 printStatus(169) -- Drogno_4: ready	battery: 4.19	kalman var: 0.0 0.0 0.0	 batterySag: 0.66	link quality: 63	flight time: 0s	pos 1.00 0.05 0.01	yaw: 1.87	msg/s 0.0
INFO: 12-10-2021 14:11:36 printStatus(169) -- Drogno_4: ready	battery: 4.19	kalman var: 0.0 0.0 0.0	 batterySag: 0.66	link quality: 63	flight time: 0s	pos 1.00 0.05 0.01	yaw: 1.87	msg/s 0.0
INFO: 12-10-2021 14:11:37 printStatus(169) -- Drogno_4: ready	battery: 4.19	kalman var: 0.0 0.0 0.0	 batterySag: 0.66	link quality: 65	flight time: 0s	pos 1.00 0.05 0.01	yaw: 1.90	msg/s 0.0
INFO: 12-10-2021 14:11:38 printStatus(169) -- Drogno_4: ready	battery: 4.19	kalman var: 0.001 0.001 0.001	 batterySag: 0.66	link quality: 64	flight time: 0s	pos 1.00 0.05 0.01	yaw: 1.86	msg/s 0.0
INFO: 12-10-2021 14:11:40 printStatus(169) -- Drogno_4: ready	battery: 4.19	kalman var: 0.0 0.0 0.0	 batterySag: 0.66	link quality: 63	flight time: 0s	pos 1.00 0.05 0.00	yaw: 1.90	msg/s 0.0
INFO: 12-10-2021 14:11:41 printStatus(169) -- Drogno_4: ready	battery: 4.19	kalman var: 0.0 0.0 0.0	 batterySag: 0.66	link quality: 64	flight time: 0s	pos 1.00 0.05 0.00	yaw: 1.89	msg/s 0.0
INFO: 12-10-2021 14:11:42 printStatus(169) -- Drogno_4: ready	battery: 4.19	kalman var: 0.0 0.0 0.0	 batterySag: 0.66	link quality: 63	flight time: 0s	pos 1.00 0.05 0.01	yaw: 1.90	msg/s 0.0
INFO: 12-10-2021 14:11:43 printStatus(169) -- Drogno_4: ready	battery: 4.19	kalman var: 0.0 0.0 0.0	 batterySag: 0.66	link quality: 63	flight time: 0s	pos 1.00 0.05 0.01	yaw: 1.90	msg/s 0.0
INFO: 12-10-2021 14:11:44 printStatus(169) -- Drogno_4: ready	battery: 4.19	kalman var: 0.0 0.0 0.0	 batterySag: 0.66	link quality: 63	flight time: 0s	pos 1.00 0.05 0.01	yaw: 1.88	msg/s 0.0
INFO: 12-10-2021 14:11:45 printStatus(169) -- Drogno_4: ready	battery: 4.19	kalman var: 0.0 0.0 0.0	 batterySag: 0.66	link quality: 63	flight time: 0s	pos 1.00 0.05 0.00	yaw: 1.93	msg/s 0.0
INFO: 12-10-2021 14:11:47 printStatus(169) -- Drogno_4: ready	battery: 4.19	kalman var: 0.0 0.0 0.0	 batterySag: 0.66	link quality: 63	flight time: 0s	pos 1.00 0.05 0.01	yaw: 1.88	msg/s 0.0
INFO: 12-10-2021 14:11:48 printStatus(169) -- Drogno_4: ready	battery: 4.19	kalman var: 0.0 0.0 0.0	 batterySag: 0.66	link quality: 63	flight time: 0s	pos 1.00 0.05 0.01	yaw: 1.87	msg/s 0.0
INFO: 12-10-2021 14:11:49 printStatus(169) -- Drogno_4: ready	battery: 4.19	kalman var: 0.0 0.0 0.0	 batterySag: 0.66	link quality: 63	flight time: 0s	pos 1.00 0.05 0.01	yaw: 1.82	msg/s 0.0
INFO: 12-10-2021 14:11:50 printStatus(169) -- Drogno_4: ready	battery: 4.19	kalman var: 0.0 0.0 0.0	 batterySag: 0.66	link quality: 64	flight time: 0s	pos 1.00 0.05 0.00	yaw: 1.89	msg/s 0.0
INFO: 12-10-2021 14:11:51 printStatus(169) -- Drogno_4: ready	battery: 4.19	kalman var: 0.0 0.0 0.0	 batterySag: 0.66	link quality: 63	flight time: 0s	pos 1.00 0.05 0.01	yaw: 1.89	msg/s 0.0
INFO: 12-10-2021 14:11:52 printStatus(169) -- Drogno_4: ready	battery: 4.19	kalman var: 0.0 0.0 0.0	 batterySag: 0.66	link quality: 63	flight time: 0s	pos 1.00 0.05 0.01	yaw: 1.88	msg/s 0.0
INFO: 12-10-2021 14:11:54 printStatus(169) -- Drogno_4: ready	battery: 4.19	kalman var: 0.0 0.0 0.0	 batterySag: 0.66	link quality: 64	flight time: 0s	pos 1.00 0.05 0.01	yaw: 1.93	msg/s 0.0
INFO: 12-10-2021 14:11:55 printStatus(169) -- Drogno_4: ready	battery: 4.19	kalman var: 0.0 0.0 0.0	 batterySag: 0.66	link quality: 64	flight time: 0s	pos 1.00 0.05 0.00	yaw: 1.93	msg/s 0.0
INFO: 12-10-2021 14:11:57 printStatus(169) -- Drogno_4: ready	battery: 4.19	kalman var: 0.0 0.0 0.0	 batterySag: 0.66	link quality: 63	flight time: 0s	pos 1.00 0.05 0.01	yaw: 1.88	msg/s 0.0
INFO: 12-10-2021 14:11:58 printStatus(169) -- Drogno_4: ready	battery: 4.19	kalman var: 0.001 0.001 0.001	 batterySag: 0.66	link quality: 63	flight time: 0s	pos 1.00 0.05 0.01	yaw: 1.84	msg/s 0.0
INFO: 12-10-2021 14:11:59 printStatus(169) -- Drogno_4: ready	battery: 4.19	kalman var: 0.0 0.0 0.0	 batterySag: 0.66	link quality: 63	flight time: 0s	pos 1.00 0.05 0.01	yaw: 1.85	msg/s 0.0
INFO: 12-10-2021 14:12:00 printStatus(169) -- Drogno_4: ready	battery: 4.19	kalman var: 0.0 0.0 0.0	 batterySag: 0.66	link quality: 63	flight time: 0s	pos 1.00 0.05 0.01	yaw: 1.89	msg/s 0.0
INFO: 12-10-2021 14:12:02 printStatus(169) -- Drogno_4: ready	battery: 4.19	kalman var: 0.0 0.0 0.001	 batterySag: 0.66	link quality: 64	flight time: 0s	pos 1.00 0.05 0.01	yaw: 1.87	msg/s 0.0
INFO: 12-10-2021 14:12:03 printStatus(169) -- Drogno_4: ready	battery: 4.19	kalman var: 0.0 0.0 0.0	 batterySag: 0.66	link quality: 63	flight time: 0s	pos 1.00 0.05 0.01	yaw: 1.93	msg/s 0.0
INFO: 12-10-2021 14:12:04 printStatus(169) -- Drogno_4: ready	battery: 4.19	kalman var: 0.0 0.0 0.0	 batterySag: 0.66	link quality: 63	flight time: 0s	pos 1.00 0.05 0.01	yaw: 1.90	msg/s 0.0
INFO: 12-10-2021 14:12:06 printStatus(169) -- Drogno_4: ready	battery: 4.19	kalman var: 0.0 0.0 0.0	 batterySag: 0.66	link quality: 64	flight time: 0s	pos 1.00 0.05 0.01	yaw: 1.89	msg/s 0.0
INFO: 12-10-2021 14:12:07 printStatus(169) -- Drogno_4: ready	battery: 4.19	kalman var: 0.0 0.0 0.0	 batterySag: 0.66	link quality: 65	flight time: 0s	pos 1.00 0.05 0.01	yaw: 1.91	msg/s 0.0
INFO: 12-10-2021 14:12:08 printStatus(169) -- Drogno_4: ready	battery: 4.19	kalman var: 0.0 0.0 0.0	 batterySag: 0.66	link quality: 64	flight time: 0s	pos 1.00 0.05 0.01	yaw: 1.88	msg/s 0.0
INFO: 12-10-2021 14:12:10 printStatus(169) -- Drogno_4: ready	battery: 4.19	kalman var: 0.0 0.0 0.0	 batterySag: 0.66	link quality: 63	flight time: 0s	pos 1.00 0.05 0.01	yaw: 1.86	msg/s 0.0
INFO: 12-10-2021 14:12:11 printStatus(169) -- Drogno_4: ready	battery: 4.19	kalman var: 0.001 0.001 0.001	 batterySag: 0.66	link quality: 65	flight time: 0s	pos 1.00 0.05 0.01	yaw: 1.82	msg/s 0.0
INFO: 12-10-2021 14:12:13 printStatus(169) -- Drogno_4: ready	battery: 4.19	kalman var: 0.0 0.0 0.0	 batterySag: 0.66	link quality: 63	flight time: 0s	pos 1.00 0.05 0.01	yaw: 1.89	msg/s 0.0
INFO: 12-10-2021 14:12:14 printStatus(169) -- Drogno_4: ready	battery: 4.19	kalman var: 0.0 0.0 0.0	 batterySag: 0.66	link quality: 63	flight time: 0s	pos 1.00 0.05 0.01	yaw: 1.83	msg/s 0.0
INFO: 12-10-2021 14:12:15 printStatus(169) -- Drogno_4: ready	battery: 4.19	kalman var: 0.0 0.0 0.0	 batterySag: 0.66	link quality: 63	flight time: 0s	pos 1.00 0.05 0.01	yaw: 1.94	msg/s 0.0
INFO: 12-10-2021 14:12:16 printStatus(169) -- Drogno_4: ready	battery: 4.19	kalman var: 0.0 0.0 0.001	 batterySag: 0.66	link quality: 63	flight time: 0s	pos 1.00 0.05 0.01	yaw: 1.81	msg/s 0.0
INFO: 12-10-2021 14:12:18 printStatus(169) -- Drogno_4: ready	battery: 4.19	kalman var: 0.0 0.0 0.0	 batterySag: 0.66	link quality: 63	flight time: 0s	pos 1.00 0.05 0.01	yaw: 1.90	msg/s 0.0
INFO: 12-10-2021 14:12:19 printStatus(169) -- Drogno_4: ready	battery: 4.19	kalman var: 0.0 0.0 0.0	 batterySag: 0.66	link quality: 63	flight time: 0s	pos 1.00 0.05 0.01	yaw: 1.85	msg/s 0.0
INFO: 12-10-2021 14:12:20 printStatus(169) -- Drogno_4: ready	battery: 4.19	kalman var: 0.0 0.0 0.0	 batterySag: 0.66	link quality: 63	flight time: 0s	pos 1.00 0.05 0.01	yaw: 1.88	msg/s 0.0
INFO: 12-10-2021 14:12:21 printStatus(169) -- Drogno_4: ready	battery: 4.19	kalman var: 0.0 0.0 0.0	 batterySag: 0.66	link quality: 63	flight time: 0s	pos 1.00 0.05 0.01	yaw: 1.88	msg/s 0.0
INFO: 12-10-2021 14:12:23 printStatus(169) -- Drogno_4: ready	battery: 4.19	kalman var: 0.0 0.0 0.0	 batterySag: 0.66	link quality: 63	flight time: 0s	pos 1.00 0.05 0.01	yaw: 1.87	msg/s 0.0
INFO: 12-10-2021 14:12:24 printStatus(169) -- Drogno_4: ready	battery: 4.19	kalman var: 0.001 0.001 0.001	 batterySag: 0.66	link quality: 63	flight time: 0s	pos 1.00 0.05 0.01	yaw: 1.82	msg/s 0.0
INFO: 12-10-2021 14:12:25 printStatus(169) -- Drogno_4: ready	battery: 4.19	kalman var: 0.0 0.0 0.0	 batterySag: 0.66	link quality: 63	flight time: 0s	pos 1.00 0.05 0.01	yaw: 1.84	msg/s 0.0
INFO: 12-10-2021 14:12:26 printStatus(169) -- Drogno_4: ready	battery: 4.19	kalman var: 0.0 0.0 0.0	 batterySag: 0.66	link quality: 64	flight time: 0s	pos 1.00 0.05 0.01	yaw: 1.87	msg/s 0.0
INFO: 12-10-2021 14:12:27 printStatus(169) -- Drogno_4: ready	battery: 4.19	kalman var: 0.0 0.0 0.0	 batterySag: 0.66	link quality: 63	flight time: 0s	pos 1.00 0.05 0.01	yaw: 1.85	msg/s 0.0
INFO: 12-10-2021 14:12:29 printStatus(169) -- Drogno_4: ready	battery: 4.19	kalman var: 0.0 0.0 0.0	 batterySag: 0.66	link quality: 63	flight time: 0s	pos 1.00 0.05 0.01	yaw: 1.88	msg/s 0.0
INFO: 12-10-2021 14:12:30 printStatus(169) -- Drogno_4: ready	battery: 4.19	kalman var: 0.001 0.001 0.001	 batterySag: 0.66	link quality: 64	flight time: 0s	pos 1.00 0.05 0.01	yaw: 1.83	msg/s 0.0
INFO: 12-10-2021 14:12:31 printStatus(169) -- Drogno_4: ready	battery: 4.19	kalman var: 0.0 0.0 0.0	 batterySag: 0.66	link quality: 63	flight time: 0s	pos 1.00 0.05 0.01	yaw: 1.83	msg/s 0.0
INFO: 12-10-2021 14:12:33 printStatus(169) -- Drogno_4: ready	battery: 4.19	kalman var: 0.0 0.0 0.0	 batterySag: 0.66	link quality: 63	flight time: 0s	pos 1.00 0.05 0.01	yaw: 1.83	msg/s 0.0
INFO: 12-10-2021 14:12:34 printStatus(169) -- Drogno_4: ready	battery: 4.18	kalman var: 0.0 0.0 0.0	 batterySag: 0.66	link quality: 63	flight time: 0s	pos 1.00 0.05 0.01	yaw: 1.80	msg/s 0.0
INFO: 12-10-2021 14:12:35 printStatus(169) -- Drogno_4: ready	battery: 4.19	kalman var: 0.0 0.0 0.0	 batterySag: 0.66	link quality: 64	flight time: 0s	pos 1.00 0.05 0.00	yaw: 1.81	msg/s 0.0
INFO: 12-10-2021 14:12:36 printStatus(169) -- Drogno_4: ready	battery: 4.19	kalman var: 0.0 0.0 0.0	 batterySag: 0.66	link quality: 63	flight time: 0s	pos 1.00 0.05 0.01	yaw: 1.76	msg/s 0.0
INFO: 12-10-2021 14:12:38 printStatus(169) -- Drogno_4: ready	battery: 4.18	kalman var: 0.0 0.0 0.0	 batterySag: 0.66	link quality: 63	flight time: 0s	pos 1.00 0.05 0.01	yaw: 1.79	msg/s 0.0
INFO: 12-10-2021 14:12:39 printStatus(169) -- Drogno_4: ready	battery: 4.18	kalman var: 0.0 0.0 0.0	 batterySag: 0.66	link quality: 63	flight time: 0s	pos 1.00 0.05 0.01	yaw: 1.85	msg/s 0.0
INFO: 12-10-2021 14:12:41 printStatus(169) -- Drogno_4: ready	battery: 4.18	kalman var: 0.0 0.0 0.0	 batterySag: 0.66	link quality: 63	flight time: 0s	pos 1.00 0.05 0.00	yaw: 1.80	msg/s 0.0
INFO: 12-10-2021 14:12:43 printStatus(169) -- Drogno_4: ready	battery: 4.18	kalman var: 0.0 0.0 0.0	 batterySag: 0.66	link quality: 63	flight time: 0s	pos 1.00 0.05 0.01	yaw: 1.78	msg/s 0.0
INFO: 12-10-2021 14:12:44 printStatus(169) -- Drogno_4: ready	battery: 4.18	kalman var: 0.0 0.0 0.0	 batterySag: 0.66	link quality: 64	flight time: 0s	pos 1.00 0.05 0.01	yaw: 1.76	msg/s 0.0
INFO: 12-10-2021 14:12:45 printStatus(169) -- Drogno_4: ready	battery: 4.18	kalman var: 0.0 0.0 0.0	 batterySag: 0.66	link quality: 63	flight time: 0s	pos 1.00 0.05 0.01	yaw: 1.80	msg/s 0.0
INFO: 12-10-2021 14:12:46 printStatus(169) -- Drogno_4: ready	battery: 4.18	kalman var: 0.0 0.0 0.0	 batterySag: 0.66	link quality: 64	flight time: 0s	pos 1.00 0.05 0.01	yaw: 1.78	msg/s 0.0
INFO: 12-10-2021 14:12:47 printStatus(169) -- Drogno_4: ready	battery: 4.18	kalman var: 0.0 0.0 0.0	 batterySag: 0.66	link quality: 64	flight time: 0s	pos 1.00 0.05 0.01	yaw: 1.77	msg/s 0.0
INFO: 12-10-2021 14:12:49 printStatus(169) -- Drogno_4: hovering	battery: 4.18	kalman var: 0.0 0.0 0.0	 batterySag: 0.66	link quality: 64	flight time: 0s	pos 1.00 0.05 0.01	yaw: 1.82	msg/s 0.0
INFO: 12-10-2021 14:12:50 printStatus(169) -- Drogno_4: ready	battery: 3.92	kalman var: 0.0 0.0 0.0	 batterySag: 0.66	link quality: 63	flight time: 0s	pos 1.00 0.05 0.01	yaw: 2.78	msg/s 0.0
INFO: 12-10-2021 14:12:51 printStatus(169) -- Drogno_4: ready	battery: 3.81	kalman var: 0.0 0.0 0.0	 batterySag: 0.66	link quality: 60	flight time: 1s	pos 1.01 0.06 0.23	yaw: 4.47	msg/s 0.0
INFO: 12-10-2021 14:12:52 printStatus(169) -- Drogno_4: ready	battery: 3.85	kalman var: 0.0 0.0 0.0	 batterySag: 0.66	link quality: 56	flight time: 2s	pos 1.01 0.05 0.78	yaw: 1.65	msg/s 0.0
INFO: 12-10-2021 14:12:53 printStatus(169) -- Drogno_4: ready	battery: 3.81	kalman var: 0.0 0.0 0.0	 batterySag: 0.66	link quality: 55	flight time: 3s	pos 1.00 0.04 0.86	yaw: 0.24	msg/s 0.0
INFO: 12-10-2021 14:12:55 printStatus(169) -- Drogno_4: ready	battery: 3.8	kalman var: 0.0 0.0 0.0	 batterySag: 0.66	link quality: 56	flight time: 4s	pos 1.00 0.04 0.86	yaw: -0.42	msg/s 0.0
INFO: 12-10-2021 14:12:56 printStatus(169) -- Drogno_4: ready	battery: 3.79	kalman var: 0.0 0.0 0.0	 batterySag: 0.66	link quality: 55	flight time: 5s	pos 1.00 0.05 0.85	yaw: -0.32	msg/s 0.0
INFO: 12-10-2021 14:12:57 printStatus(169) -- Drogno_4: ready	battery: 3.78	kalman var: 0.0 0.0 0.0	 batterySag: 0.66	link quality: 55	flight time: 7s	pos 1.00 0.05 0.84	yaw: -0.30	msg/s 0.0
INFO: 12-10-2021 14:12:58 printStatus(169) -- Drogno_4: ready	battery: 3.77	kalman var: 0.0 0.0 0.0	 batterySag: 0.66	link quality: 55	flight time: 8s	pos 1.00 0.04 0.83	yaw: -0.25	msg/s 0.0
INFO: 12-10-2021 14:12:59 printStatus(169) -- Drogno_4: ready	battery: 3.76	kalman var: 0.0 0.0 0.0	 batterySag: 0.66	link quality: 56	flight time: 9s	pos 1.00 0.04 0.82	yaw: -0.00	msg/s 0.0
INFO: 12-10-2021 14:13:00 printStatus(169) -- Drogno_4: ready	battery: 3.76	kalman var: 0.0 0.0 0.0	 batterySag: 0.66	link quality: 56	flight time: 10s	pos 1.01 0.03 0.82	yaw: 0.34	msg/s 0.0
INFO: 12-10-2021 14:13:02 printStatus(169) -- Drogno_4: ready	battery: 3.75	kalman var: 0.0 0.0 0.0	 batterySag: 0.66	link quality: 56	flight time: 11s	pos 1.01 0.03 0.81	yaw: 0.43	msg/s 0.0
INFO: 12-10-2021 14:13:03 printStatus(169) -- Drogno_4: ready	battery: 3.75	kalman var: 0.0 0.0 0.0	 batterySag: 0.66	link quality: 51	flight time: 12s	pos 0.98 0.08 0.81	yaw: 2.76	msg/s 0.0
INFO: 12-10-2021 14:13:04 printStatus(169) -- Drogno_4: ready	battery: 3.74	kalman var: 0.0 0.0 0.0	 batterySag: 0.66	link quality: 53	flight time: 14s	pos 0.98 0.06 0.81	yaw: -1.80	msg/s 0.0
INFO: 12-10-2021 14:13:06 printStatus(169) -- Drogno_4: moving	battery: 3.73	kalman var: 0.0 0.0 0.0	 batterySag: 0.66	link quality: 56	flight time: 15s	pos 0.99 0.04 0.80	yaw: 0.95	msg/s 1.8
INFO: 12-10-2021 14:13:07 printStatus(169) -- Drogno_4: hovering	battery: 3.74	kalman var: 0.0 0.0 0.0	 batterySag: 0.66	link quality: 56	flight time: 16s	pos 1.04 0.02 0.92	yaw: -0.22	msg/s 10.9
INFO: 12-10-2021 14:13:08 printStatus(169) -- Drogno_4: hovering	battery: 3.73	kalman var: 0.0 0.0 0.0	 batterySag: 0.66	link quality: 64	flight time: 18s	pos 1.11 -0.01 1.13	yaw: -1.00	msg/s 9.1
INFO: 12-10-2021 14:13:09 printStatus(169) -- Drogno_4: ready	battery: 3.72	kalman var: 0.0 0.0 0.0	 batterySag: 0.66	link quality: 61	flight time: 19s	pos 1.10 -0.00 1.12	yaw: -0.07	msg/s 9.1
INFO: 12-10-2021 14:13:11 printStatus(169) -- Drogno_4: hovering	battery: 3.72	kalman var: 0.0 0.0 0.0	 batterySag: 0.66	link quality: 63	flight time: 20s	pos 1.10 -0.01 1.13	yaw: -0.58	msg/s 9.1
INFO: 12-10-2021 14:13:12 printStatus(169) -- Drogno_4: hovering	battery: 3.72	kalman var: 0.0 0.0 0.0	 batterySag: 0.66	link quality: 63	flight time: 22s	pos 1.09 -0.00 1.12	yaw: -0.06	msg/s 7.3
INFO: 12-10-2021 14:13:13 printStatus(169) -- Drogno_4: ready	battery: 3.71	kalman var: 0.0 0.0 0.0	 batterySag: 0.66	link quality: 63	flight time: 23s	pos 1.10 -0.01 1.11	yaw: -0.01	msg/s 5.5
INFO: 12-10-2021 14:13:15 printStatus(169) -- Drogno_4: hovering	battery: 3.71	kalman var: 0.0 0.0 0.0	 batterySag: 0.66	link quality: 63	flight time: 24s	pos 1.10 -0.02 1.11	yaw: -0.39	msg/s 3.6
INFO: 12-10-2021 14:13:16 printStatus(169) -- Drogno_4: hovering	battery: 3.71	kalman var: 0.0 0.0 0.0	 batterySag: 0.66	link quality: 63	flight time: 25s	pos 1.05 -0.01 1.11	yaw: -0.98	msg/s 9.1
INFO: 12-10-2021 14:13:17 printStatus(169) -- Drogno_4: hovering	battery: 3.7	kalman var: 0.0 0.0 0.001	 batterySag: 0.66	link quality: 56	flight time: 27s	pos 0.96 0.01 1.11	yaw: -5.19	msg/s 9.1
INFO: 12-10-2021 14:13:18 printStatus(169) -- Drogno_4: moving	battery: 3.7	kalman var: 0.0 0.0 0.0	 batterySag: 0.66	link quality: 57	flight time: 28s	pos 0.85 0.03 1.11	yaw: 1.12	msg/s 9.1
INFO: 12-10-2021 14:13:19 printStatus(169) -- Drogno_4: hovering	battery: 3.7	kalman var: 0.0 0.0 0.0	 batterySag: 0.66	link quality: 55	flight time: 29s	pos 0.60 -0.03 1.11	yaw: 6.13	msg/s 14.5
INFO: 12-10-2021 14:13:21 printStatus(169) -- Drogno_4: hovering	battery: 3.7	kalman var: 0.0 0.0 0.0	 batterySag: 0.66	link quality: 61	flight time: 30s	pos -0.40 -0.02 1.12	yaw: 2.63	msg/s 18.2
INFO: 12-10-2021 14:13:22 printStatus(169) -- Drogno_4: hovering	battery: 3.71	kalman var: 0.0 0.0 0.0	 batterySag: 0.66	link quality: 58	flight time: 32s	pos -0.71 -0.02 1.13	yaw: 1.58	msg/s 10.9
INFO: 12-10-2021 14:13:23 printStatus(169) -- Drogno_4: hovering	battery: 3.68	kalman var: 0.0 0.0 0.0	 batterySag: 0.66	link quality: 67	flight time: 33s	pos -0.69 -0.05 1.04	yaw: -0.79	msg/s 7.3
INFO: 12-10-2021 14:13:25 printStatus(169) -- Drogno_4: hovering	battery: 3.72	kalman var: 0.001 0.001 0.001	 batterySag: 0.66	link quality: 73	flight time: 34s	pos -0.67 -0.06 1.27	yaw: -0.97	msg/s 9.1
INFO: 12-10-2021 14:13:26 printStatus(169) -- Drogno_4: hovering	battery: 3.67	kalman var: 0.0 0.0 0.0	 batterySag: 0.66	link quality: 72	flight time: 35s	pos -0.69 -0.06 1.04	yaw: -1.02	msg/s 12.7
INFO: 12-10-2021 14:13:28 printStatus(169) -- Drogno_4: hovering	battery: 3.7	kalman var: 0.0 0.0 0.0	 batterySag: 0.66	link quality: 61	flight time: 37s	pos -0.71 -0.04 1.24	yaw: -0.11	msg/s 23.6
INFO: 12-10-2021 14:13:29 printStatus(169) -- Drogno_4: hovering	battery: 3.68	kalman var: 0.0 0.0 0.0	 batterySag: 0.66	link quality: 58	flight time: 39s	pos -0.72 -0.02 1.13	yaw: -0.87	msg/s 16.4
INFO: 12-10-2021 14:13:30 printStatus(169) -- Drogno_4: hovering	battery: 3.66	kalman var: 0.0 0.0 0.0	 batterySag: 0.66	link quality: 67	flight time: 40s	pos -0.74 -0.05 1.03	yaw: -0.54	msg/s 9.1
INFO: 12-10-2021 14:13:31 printStatus(169) -- Drogno_4: ready	battery: 3.67	kalman var: 0.0 0.0 0.0	 batterySag: 0.66	link quality: 61	flight time: 41s	pos -0.65 -0.04 1.12	yaw: 2.27	msg/s 9.1
INFO: 12-10-2021 14:13:32 printStatus(169) -- Drogno_4: hovering	battery: 3.67	kalman var: 0.0 0.0 0.0	 batterySag: 0.66	link quality: 62	flight time: 42s	pos -0.64 -0.04 1.10	yaw: 2.12	msg/s 16.4
INFO: 12-10-2021 14:13:34 printStatus(169) -- Drogno_4: hovering	battery: 3.67	kalman var: 0.0 0.0 0.0	 batterySag: 0.66	link quality: 61	flight time: 43s	pos -0.65 -0.04 1.11	yaw: 0.37	msg/s 20.0
INFO: 12-10-2021 14:13:35 printStatus(169) -- Drogno_4: hovering	battery: 3.67	kalman var: 0.0 0.0 0.0	 batterySag: 0.66	link quality: 61	flight time: 45s	pos -0.66 -0.04 1.12	yaw: -0.01	msg/s 16.4
INFO: 12-10-2021 14:13:36 printStatus(169) -- Drogno_4: hovering	battery: 3.66	kalman var: 0.0 0.0 0.0	 batterySag: 0.66	link quality: 62	flight time: 46s	pos -0.66 -0.04 1.11	yaw: -0.03	msg/s 21.8
INFO: 12-10-2021 14:13:37 printStatus(169) -- Drogno_4: ready	battery: 3.65	kalman var: 0.0 0.0 0.0	 batterySag: 0.66	link quality: 63	flight time: 47s	pos -0.65 -0.04 1.10	yaw: -1.85	msg/s 23.6
INFO: 12-10-2021 14:13:38 printStatus(169) -- Drogno_4: hovering	battery: 3.66	kalman var: 0.0 0.0 0.0	 batterySag: 0.66	link quality: 60	flight time: 48s	pos -0.65 -0.02 1.10	yaw: -0.11	msg/s 23.6
INFO: 12-10-2021 14:13:40 printStatus(169) -- Drogno_4: hovering	battery: 3.65	kalman var: 0.0 0.0 0.0	 batterySag: 0.66	link quality: 61	flight time: 49s	pos -0.68 -0.04 1.11	yaw: 1.52	msg/s 18.2
INFO: 12-10-2021 14:13:41 printStatus(169) -- Drogno_4: hovering	battery: 3.64	kalman var: 0.001 0.001 0.001	 batterySag: 0.66	link quality: 61	flight time: 50s	pos -0.67 -0.05 1.12	yaw: 2.36	msg/s 23.6
INFO: 12-10-2021 14:13:42 printStatus(169) -- Drogno_4: hovering	battery: 3.64	kalman var: 0.0 0.0 0.0	 batterySag: 0.66	link quality: 63	flight time: 52s	pos -0.66 -0.05 1.02	yaw: -0.82	msg/s 21.8
INFO: 12-10-2021 14:13:43 printStatus(169) -- Drogno_4: hovering	battery: 3.68	kalman var: 0.0 0.0 0.0	 batterySag: 0.66	link quality: 61	flight time: 53s	pos -0.67 -0.04 1.37	yaw: 0.03	msg/s 18.2
INFO: 12-10-2021 14:13:45 printStatus(169) -- Drogno_4: hovering	battery: 3.63	kalman var: 0.0 0.0 0.0	 batterySag: 0.66	link quality: 63	flight time: 54s	pos -0.66 -0.02 1.03	yaw: 0.28	msg/s 23.6
INFO: 12-10-2021 14:13:46 printStatus(169) -- Drogno_4: hovering	battery: 3.64	kalman var: 0.0 0.0 0.0	 batterySag: 0.66	link quality: 71	flight time: 56s	pos -0.67 -0.08 0.82	yaw: 5.72	msg/s 21.8
INFO: 12-10-2021 14:13:47 printStatus(169) -- Drogno_4: hovering	battery: 3.64	kalman var: 0.0 0.0 0.0	 batterySag: 0.66	link quality: 65	flight time: 57s	pos -0.69 -0.05 0.78	yaw: 2.34	msg/s 23.6
INFO: 12-10-2021 14:13:48 printStatus(169) -- Drogno_4: moving	battery: 3.63	kalman var: 0.0 0.0 0.0	 batterySag: 0.66	link quality: 52	flight time: 58s	pos -0.94 -0.08 0.56	yaw: -2.70	msg/s 20.0
INFO: 12-10-2021 14:13:50 printStatus(169) -- Drogno_4: hovering	battery: 3.63	kalman var: 0.0 0.0 0.0	 batterySag: 0.66	link quality: 73	flight time: 59s	pos -1.19 -0.03 0.64	yaw: -1.69	msg/s 18.2
INFO: 12-10-2021 14:13:51 printStatus(169) -- Drogno_4: hovering	battery: 3.64	kalman var: 0.0 0.0 0.0	 batterySag: 0.66	link quality: 63	flight time: 60s	pos -1.43 0.11 0.80	yaw: -2.74	msg/s 21.8
INFO: 12-10-2021 14:13:52 printStatus(169) -- Drogno_4: ready	battery: 3.62	kalman var: 0.001 0.001 0.001	 batterySag: 0.66	link quality: 64	flight time: 62s	pos -1.59 0.79 1.14	yaw: -1.05	msg/s 14.5
INFO: 12-10-2021 14:13:53 printStatus(169) -- Drogno_4: hovering	battery: 3.63	kalman var: 0.001 0.001 0.001	 batterySag: 0.66	link quality: 67	flight time: 63s	pos -1.27 0.99 1.23	yaw: 0.05	msg/s 23.6
INFO: 12-10-2021 14:13:55 printStatus(169) -- Drogno_4: hovering	battery: 3.63	kalman var: 0.002 0.002 0.001	 batterySag: 0.66	link quality: 60	flight time: 64s	pos -0.84 1.00 1.24	yaw: -0.38	msg/s 21.8
INFO: 12-10-2021 14:13:56 printStatus(169) -- Drogno_4: hovering	battery: 3.58	kalman var: 0.001 0.001 0.001	 batterySag: 0.66	link quality: 52	flight time: 66s	pos -0.52 1.33 1.13	yaw: 0.87	msg/s 23.6
INFO: 12-10-2021 14:13:57 printStatus(169) -- Drogno_4: hovering	battery: 3.62	kalman var: 0.0 0.0 0.0	 batterySag: 0.66	link quality: 56	flight time: 67s	pos 0.16 0.95 1.19	yaw: -1.76	msg/s 23.6
INFO: 12-10-2021 14:13:58 printStatus(169) -- Drogno_4: hovering	battery: 3.62	kalman var: 0.0 0.0 0.0	 batterySag: 0.66	link quality: 56	flight time: 68s	pos 0.14 -0.17 1.54	yaw: -0.98	msg/s 25.5
INFO: 12-10-2021 14:14:00 printStatus(169) -- Drogno_4: hovering	battery: 3.63	kalman var: 0.0 0.0 0.0	 batterySag: 0.66	link quality: 69	flight time: 69s	pos 0.03 -0.82 1.60	yaw: -1.01	msg/s 16.4
INFO: 12-10-2021 14:14:01 printStatus(169) -- Drogno_4: hovering	battery: 3.61	kalman var: 0.0 0.0 0.0	 batterySag: 0.66	link quality: 55	flight time: 70s	pos -0.35 -1.23 1.33	yaw: -0.95	msg/s 21.8
INFO: 12-10-2021 14:14:02 printStatus(169) -- Drogno_4: hovering	battery: 3.6	kalman var: 0.0 0.0 0.0	 batterySag: 0.66	link quality: 58	flight time: 72s	pos -1.39 -0.75 0.70	yaw: -1.73	msg/s 20.0
INFO: 12-10-2021 14:14:04 printStatus(169) -- Drogno_4: hovering	battery: 3.59	kalman var: 0.001 0.001 0.001	 batterySag: 0.66	link quality: 58	flight time: 73s	pos -1.60 -0.22 0.53	yaw: -0.90	msg/s 23.6
INFO: 12-10-2021 14:14:05 printStatus(169) -- Drogno_4: hovering	battery: 3.59	kalman var: 0.0 0.0 0.0	 batterySag: 0.66	link quality: 58	flight time: 74s	pos -1.62 0.42 0.52	yaw: 3.71	msg/s 21.8
INFO: 12-10-2021 14:14:06 printStatus(169) -- Drogno_4: hovering	battery: 3.59	kalman var: 0.0 0.0 0.0	 batterySag: 0.66	link quality: 69	flight time: 76s	pos -1.35 0.99 0.72	yaw: 2.90	msg/s 20.0
INFO: 12-10-2021 14:14:07 printStatus(169) -- Drogno_4: moving	battery: 3.6	kalman var: 0.002 0.002 0.001	 batterySag: 0.66	link quality: 55	flight time: 77s	pos -0.72 1.29 1.13	yaw: 1.32	msg/s 16.4
INFO: 12-10-2021 14:14:08 printStatus(169) -- Drogno_4: hovering	battery: 3.61	kalman var: 0.0 0.0 0.0	 batterySag: 0.66	link quality: 65	flight time: 78s	pos 0.37 0.46 1.73	yaw: -0.99	msg/s 21.8
INFO: 12-10-2021 14:14:10 printStatus(169) -- Drogno_4: hovering	battery: 3.59	kalman var: 0.001 0.001 0.001	 batterySag: 0.66	link quality: 60	flight time: 79s	pos 0.51 -0.48 1.54	yaw: 1.50	msg/s 21.8
INFO: 12-10-2021 14:14:11 printStatus(169) -- Drogno_4: hovering	battery: 3.59	kalman var: 0.002 0.002 0.001	 batterySag: 0.66	link quality: 58	flight time: 80s	pos 0.43 -1.28 1.21	yaw: -0.61	msg/s 20.0
INFO: 12-10-2021 14:14:12 printStatus(169) -- Drogno_4: hovering	battery: 3.57	kalman var: 0.003 0.003 0.001	 batterySag: 0.66	link quality: 56	flight time: 82s	pos 0.48 -1.43 1.01	yaw: -0.40	msg/s 21.8
INFO: 12-10-2021 14:14:13 printStatus(169) -- Drogno_4: ready	battery: 3.58	kalman var: 0.001 0.001 0.001	 batterySag: 0.66	link quality: 61	flight time: 83s	pos 0.71 -1.23 1.24	yaw: 0.59	msg/s 21.8
INFO: 12-10-2021 14:14:14 printStatus(169) -- Drogno_4: hovering	battery: 3.58	kalman var: 0.0 0.0 0.0	 batterySag: 0.66	link quality: 68	flight time: 84s	pos 0.61 -0.94 1.33	yaw: -1.65	msg/s 25.5
INFO: 12-10-2021 14:14:16 printStatus(169) -- Drogno_4: hovering	battery: 3.58	kalman var: 0.002 0.002 0.001	 batterySag: 0.66	link quality: 59	flight time: 85s	pos 0.28 -0.76 1.35	yaw: 0.49	msg/s 20.0
INFO: 12-10-2021 14:14:17 printStatus(169) -- Drogno_4: ready	battery: 3.58	kalman var: 0.001 0.001 0.001	 batterySag: 0.66	link quality: 65	flight time: 86s	pos -0.45 -0.79 1.34	yaw: 0.15	msg/s 25.5
INFO: 12-10-2021 14:14:19 printStatus(169) -- Drogno_4: hovering	battery: 3.57	kalman var: 0.0 0.0 0.0	 batterySag: 0.66	link quality: 70	flight time: 88s	pos -0.83 -0.80 1.33	yaw: -0.47	msg/s 18.2
INFO: 12-10-2021 14:14:20 printStatus(169) -- Drogno_4: hovering	battery: 3.57	kalman var: 0.0 0.0 0.0	 batterySag: 0.66	link quality: 69	flight time: 90s	pos -1.28 -0.80 1.32	yaw: 0.70	msg/s 18.2
INFO: 12-10-2021 14:14:21 printStatus(169) -- Drogno_4: hovering	battery: 3.55	kalman var: 0.0 0.0 0.0	 batterySag: 0.66	link quality: 63	flight time: 91s	pos -1.68 -1.33 0.95	yaw: -1.75	msg/s 18.2
INFO: 12-10-2021 14:14:23 printStatus(169) -- Drogno_4: hovering	battery: 3.56	kalman var: 0.0 0.0 0.0	 batterySag: 0.66	link quality: 59	flight time: 92s	pos -0.80 -1.48 0.89	yaw: -0.52	msg/s 20.0
INFO: 12-10-2021 14:14:24 printStatus(169) -- Drogno_4: hovering	battery: 3.55	kalman var: 0.001 0.001 0.001	 batterySag: 0.66	link quality: 57	flight time: 93s	pos 0.25 -1.33 1.06	yaw: 0.30	msg/s 20.0
INFO: 12-10-2021 14:14:26 printStatus(169) -- Drogno_4: hovering	battery: 3.55	kalman var: 0.0 0.0 0.0	 batterySag: 0.66	link quality: 71	flight time: 95s	pos 0.51 -0.62 1.59	yaw: -1.06	msg/s 16.4
INFO: 12-10-2021 14:14:27 printStatus(169) -- Drogno_4: hovering	battery: 3.56	kalman var: 0.002 0.002 0.001	 batterySag: 0.66	link quality: 58	flight time: 97s	pos -0.14 -0.38 1.74	yaw: -2.95	msg/s 23.6
INFO: 12-10-2021 14:14:28 printStatus(169) -- Drogno_4: hovering	battery: 3.56	kalman var: 0.001 0.001 0.001	 batterySag: 0.66	link quality: 69	flight time: 98s	pos -0.38 -0.27 1.83	yaw: 0.69	msg/s 18.2
INFO: 12-10-2021 14:14:30 printStatus(169) -- Drogno_4: hovering	battery: 3.56	kalman var: 0.0 0.0 0.0	 batterySag: 0.66	link quality: 64	flight time: 99s	pos -0.52 -0.08 1.98	yaw: 2.73	msg/s 23.6
INFO: 12-10-2021 14:14:31 printStatus(169) -- Drogno_4: hovering	battery: 3.55	kalman var: 0.002 0.002 0.001	 batterySag: 0.66	link quality: 59	flight time: 101s	pos -0.34 0.00 2.07	yaw: -1.33	msg/s 7.3
INFO: 12-10-2021 14:14:33 printStatus(169) -- Drogno_4: hovering	battery: 3.55	kalman var: 0.001 0.001 0.001	 batterySag: 0.66	link quality: 69	flight time: 102s	pos -0.37 0.04 2.06	yaw: -1.84	msg/s 9.1
INFO: 12-10-2021 14:14:35 printStatus(169) -- Drogno_4: hovering	battery: 3.55	kalman var: 0.006 0.006 0.002	 batterySag: 0.66	link quality: 58	flight time: 104s	pos -0.42 0.07 2.05	yaw: 2.19	msg/s 3.6
INFO: 12-10-2021 14:14:36 printStatus(169) -- Drogno_4: BAD kalman	battery: 3.55	kalman var: 0.015 0.015 0.003	 batterySag: 0.66	link quality: 58	flight time: 105s	pos -0.41 0.07 2.05	yaw: 2.65	msg/s 0.0
WARNING: 12-10-2021 14:14:38 evaluateBattery(804) -- battery under 3.50v
INFO: 12-10-2021 14:14:38 printStatus(169) -- Drogno_4: ready	battery: 3.45	kalman var: 0.003 0.003 0.001	 batterySag: 0.66	link quality: 56	flight time: 107s	pos -0.12 -0.25 1.74	yaw: 2.29	msg/s 0.0
WARNING: 12-10-2021 14:14:38 evaluateBattery(804) -- battery under 3.50v
WARNING: 12-10-2021 14:14:39 evaluateBattery(804) -- battery under 3.50v
INFO: 12-10-2021 14:14:39 printStatus(169) -- Drogno_4: landing	battery: 3.83	kalman var: 0.004 0.004 0.005	 batterySag: 0.66	link quality: 54	flight time: 109s	pos -0.89 0.14 -3.88	yaw: 174.75	msg/s 0.0
INFO: 12-10-2021 14:14:41 printStatus(169) -- Drogno_4: stand by	battery: 3.83	kalman var: 0.004 0.004 0.005	 batterySag: 0.66	link quality: 54	flight time: 109s	pos -0.89 0.14 -3.88	yaw: 174.75	msg/s 0.0
INFO: 12-10-2021 14:14:42 printStatus(169) -- Drogno_4: stand by	battery: 3.83	kalman var: 0.004 0.004 0.005	 batterySag: 0.66	link quality: 54	flight time: 109s	pos -0.89 0.14 -3.88	yaw: 174.75	msg/s 0.0
INFO: 12-10-2021 14:14:44 printStatus(169) -- Drogno_4: landed	battery: 3.83	kalman var: 0.004 0.004 0.005	 batterySag: 0.66	link quality: 54	flight time: 109s	pos -0.89 0.14 -3.88	yaw: 174.75	msg/s 0.0
INFO: 12-10-2021 14:14:45 printStatus(169) -- Drogno_4: landed	battery: 3.83	kalman var: 0.004 0.004 0.005	 batterySag: 0.66	link quality: 54	flight time: 109s	pos -0.89 0.14 -3.88	yaw: 174.75	msg/s 0.0
INFO: 12-10-2021 14:14:47 printStatus(169) -- Drogno_4: landed	battery: 3.83	kalman var: 0.004 0.004 0.005	 batterySag: 0.66	link quality: 54	flight time: 109s	pos -0.89 0.14 -3.88	yaw: 174.75	msg/s 0.0
INFO: 12-10-2021 14:14:48 printStatus(169) -- Drogno_4: landed	battery: 3.83	kalman var: 0.004 0.004 0.005	 batterySag: 0.66	link quality: 54	flight time: 109s	pos -0.89 0.14 -3.88	yaw: 174.75	msg/s 0.0
INFO: 12-10-2021 14:14:49 printStatus(169) -- Drogno_4: landed	battery: 3.83	kalman var: 0.004 0.004 0.005	 batterySag: 0.66	link quality: 54	flight time: 109s	pos -0.89 0.14 -3.88	yaw: 174.75	msg/s 0.0
INFO: 12-10-2021 14:14:51 printStatus(169) -- Drogno_4: landed	battery: 3.83	kalman var: 0.004 0.004 0.005	 batterySag: 0.66	link quality: 54	flight time: 109s	pos -0.89 0.14 -3.88	yaw: 174.75	msg/s 0.0
WARNING: 12-10-2021 14:14:51 exit(859) -- closing Drogno_4
INFO: 12-10-2021 14:14:52 printStatus(169) -- Drogno_4: sconnesso	battery: 3.83	kalman var: 0.004 0.004 0.005	 batterySag: 0.66	link quality: 54	flight time: 109s	pos -0.89 0.14 -3.88	yaw: 174.75	msg/s 0.0
