INFO: 10-10-2021 22:00:41 __init__(130) -- This is dronelog running on Drogno_3
INFO: 10-10-2021 22:00:42 printStatus(166) -- Started
INFO: 10-10-2021 22:00:43 printStatus(169) -- Drogno_3: connecting	battery: n.p.	kalman var: 0 0 0	 batterySag: 0	link quality: 0	flight time: 0s	pos 0.00 0.00 0.00	yaw: 0.00	msg/s 0.0
INFO: 10-10-2021 22:00:44 printStatus(169) -- Drogno_3: connecting	battery: n.p.	kalman var: 0 0 0	 batterySag: 0	link quality: 0	flight time: 0s	pos 0.00 0.00 0.00	yaw: 0.00	msg/s 0.0
INFO: 10-10-2021 22:00:45 printStatus(169) -- Drogno_3: connecting	battery: n.p.	kalman var: 0 0 0	 batterySag: 0	link quality: 0	flight time: 0s	pos 0.00 0.00 0.00	yaw: 0.00	msg/s 0.0
INFO: 10-10-2021 22:00:46 printStatus(169) -- Drogno_3: landed	battery: n.p.	kalman var: 0 0 0	 batterySag: 0	link quality: 0	flight time: 0s	pos 0.00 0.00 0.00	yaw: 0.00	msg/s 0.0
INFO: 10-10-2021 22:00:47 printStatus(169) -- Drogno_3: landed	battery: n.p.	kalman var: 0 0 0	 batterySag: 0	link quality: 0	flight time: 0s	pos 0.00 0.00 0.00	yaw: 0.00	msg/s 0.0
INFO: 10-10-2021 22:00:48 printStatus(169) -- Drogno_3: landed	battery: n.p.	kalman var: 0 0 0	 batterySag: 0	link quality: 0	flight time: 0s	pos 0.00 0.00 0.00	yaw: 0.00	msg/s 0.0
INFO: 10-10-2021 22:00:50 printStatus(169) -- Drogno_3: BAD kalman	battery: 4.04	kalman var: 0.018 0.018 0.001	 batterySag: 0.72314453125	link quality: 42	flight time: 0s	pos -0.02 -0.08 0.00	yaw: 0.00	msg/s 0.0
INFO: 10-10-2021 22:00:51 printStatus(169) -- Drogno_3: BAD kalman	battery: 4.04	kalman var: 0.056 0.056 0.002	 batterySag: 0.72314453125	link quality: 42	flight time: 0s	pos -0.06 -0.25 0.01	yaw: -0.01	msg/s 0.0
INFO: 10-10-2021 22:00:52 printStatus(169) -- Drogno_3: BAD kalman	battery: 4.04	kalman var: 0.118 0.118 0.004	 batterySag: 0.72314453125	link quality: 42	flight time: 0s	pos -0.12 -0.53 0.01	yaw: -0.02	msg/s 0.0
INFO: 10-10-2021 22:00:53 printStatus(169) -- Drogno_3: BAD kalman	battery: 4.04	kalman var: 0.206 0.206 0.005	 batterySag: 0.72314453125	link quality: 42	flight time: 0s	pos -0.18 -0.90 0.01	yaw: -0.04	msg/s 0.0
INFO: 10-10-2021 22:00:54 printStatus(169) -- Drogno_3: BAD kalman	battery: 4.04	kalman var: 0.322 0.322 0.006	 batterySag: 0.72314453125	link quality: 42	flight time: 0s	pos -0.25 -1.38 0.01	yaw: -0.04	msg/s 0.0
INFO: 10-10-2021 22:00:55 printStatus(169) -- Drogno_3: BAD kalman	battery: 4.04	kalman var: 0.468 0.468 0.007	 batterySag: 0.72314453125	link quality: 42	flight time: 0s	pos -0.32 -1.96 0.00	yaw: -0.05	msg/s 0.0
INFO: 10-10-2021 22:00:57 printStatus(169) -- Drogno_3: out of BOX	battery: 4.04	kalman var: 0.645 0.645 0.008	 batterySag: 0.72314453125	link quality: 42	flight time: 0s	pos -0.41 -2.64 -0.00	yaw: -0.06	msg/s 0.0
INFO: 10-10-2021 22:00:58 printStatus(169) -- Drogno_3: out of BOX	battery: 4.04	kalman var: 1.104 1.104 0.01	 batterySag: 0.72314453125	link quality: 42	flight time: 0s	pos -0.57 -4.33 -0.01	yaw: -0.06	msg/s 0.0
INFO: 10-10-2021 22:00:59 printStatus(169) -- Drogno_3: out of BOX	battery: 4.04	kalman var: 1.386 1.386 0.011	 batterySag: 0.72314453125	link quality: 44	flight time: 0s	pos -0.65 -5.32 -0.01	yaw: -0.05	msg/s 0.0
INFO: 10-10-2021 22:01:00 printStatus(169) -- Drogno_3: out of BOX	battery: 4.04	kalman var: 1.711 1.711 0.012	 batterySag: 0.72314453125	link quality: 43	flight time: 0s	pos -0.73 -6.43 -0.01	yaw: -0.06	msg/s 0.0
INFO: 10-10-2021 22:01:01 printStatus(169) -- Drogno_3: out of BOX	battery: 4.04	kalman var: 2.078 2.078 0.013	 batterySag: 0.72314453125	link quality: 44	flight time: 0s	pos -0.80 -7.66 -0.01	yaw: -0.07	msg/s 0.0
WARNING: 10-10-2021 22:01:01 exit(858) -- closing Drogno_3
INFO: 10-10-2021 22:01:02 printStatus(169) -- Drogno_3: sconnesso	battery: 4.04	kalman var: 2.078 2.078 0.013	 batterySag: 0.72314453125	link quality: 44	flight time: 0s	pos -0.80 -7.66 -0.01	yaw: -0.07	msg/s 0.0
