INFO: 14-07-2022 18:08:40 __init__(129) -- This is dronelog running on Drogno_0
INFO: 14-07-2022 18:08:40 printStatus(165) -- Started
INFO: 14-07-2022 18:08:40 printStatus(168) -- Drogno_0: connecting	battery: n.p.	kalman var: 0 0 0	 batterySag: 0	link quality: 0	flight time: 0s	pos 0.00 0.00 0.00	yaw: 0.00	msg/s 0.0
INFO: 14-07-2022 18:08:40 printStatus(168) -- Drogno_0: connecting	battery: n.p.	kalman var: 0 0 0	 batterySag: 0	link quality: 0	flight time: 0s	pos 0.00 0.00 0.00	yaw: 0.00	msg/s 0.0
INFO: 14-07-2022 18:08:40 printStatus(168) -- Drogno_0: connecting	battery: n.p.	kalman var: 0 0 0	 batterySag: 0	link quality: 0	flight time: 0s	pos 0.00 0.00 0.00	yaw: 0.00	msg/s 0.0
INFO: 14-07-2022 18:08:40 printStatus(168) -- Drogno_0: connecting	battery: n.p.	kalman var: 0 0 0	 batterySag: 0	link quality: 0	flight time: 0s	pos 0.00 0.00 0.00	yaw: 0.00	msg/s 0.0
INFO: 14-07-2022 18:08:40 printStatus(168) -- Drogno_0: connecting	battery: n.p.	kalman var: 0 0 0	 batterySag: 0	link quality: 0	flight time: 0s	pos 0.00 0.00 0.00	yaw: 0.00	msg/s 0.0
INFO: 14-07-2022 18:08:41 printStatus(168) -- Drogno_0: connecting	battery: n.p.	kalman var: 0 0 0	 batterySag: 0	link quality: 0	flight time: 0s	pos 0.00 0.00 0.00	yaw: 0.00	msg/s 0.0
INFO: 14-07-2022 18:08:41 printStatus(168) -- Drogno_0: connecting	battery: n.p.	kalman var: 0 0 0	 batterySag: 0	link quality: 0	flight time: 0s	pos 0.00 0.00 0.00	yaw: 0.00	msg/s 0.0
INFO: 14-07-2022 18:08:41 printStatus(168) -- Drogno_0: connecting	battery: n.p.	kalman var: 0 0 0	 batterySag: 0	link quality: 0	flight time: 0s	pos 0.00 0.00 0.00	yaw: 0.00	msg/s 0.0
INFO: 14-07-2022 18:08:41 printStatus(168) -- Drogno_0: connecting	battery: n.p.	kalman var: 0 0 0	 batterySag: 0	link quality: 0	flight time: 0s	pos 0.00 0.00 0.00	yaw: 0.00	msg/s 0.0
INFO: 14-07-2022 18:08:41 printStatus(168) -- Drogno_0: connecting	battery: n.p.	kalman var: 0 0 0	 batterySag: 0	link quality: 0	flight time: 0s	pos 0.00 0.00 0.00	yaw: 0.00	msg/s 0.0
INFO: 14-07-2022 18:08:41 printStatus(168) -- Drogno_0: connecting	battery: n.p.	kalman var: 0 0 0	 batterySag: 0	link quality: 0	flight time: 0s	pos 0.00 0.00 0.00	yaw: 0.00	msg/s 0.0
INFO: 14-07-2022 18:08:42 printStatus(168) -- Drogno_0: connecting	battery: n.p.	kalman var: 0 0 0	 batterySag: 0	link quality: 0	flight time: 0s	pos 0.00 0.00 0.00	yaw: 0.00	msg/s 0.0
INFO: 14-07-2022 18:08:42 printStatus(168) -- Drogno_0: connecting	battery: n.p.	kalman var: 0 0 0	 batterySag: 0	link quality: 0	flight time: 0s	pos 0.00 0.00 0.00	yaw: 0.00	msg/s 0.0
INFO: 14-07-2022 18:08:42 printStatus(168) -- Drogno_0: connecting	battery: n.p.	kalman var: 0 0 0	 batterySag: 0	link quality: 0	flight time: 0s	pos 0.00 0.00 0.00	yaw: 0.00	msg/s 0.0
INFO: 14-07-2022 18:08:42 printStatus(168) -- Drogno_0: connecting	battery: n.p.	kalman var: 0 0 0	 batterySag: 0	link quality: 0	flight time: 0s	pos 0.00 0.00 0.00	yaw: 0.00	msg/s 0.0
INFO: 14-07-2022 18:08:42 printStatus(168) -- Drogno_0: connecting	battery: n.p.	kalman var: 0 0 0	 batterySag: 0	link quality: 0	flight time: 0s	pos 0.00 0.00 0.00	yaw: 0.00	msg/s 0.0
INFO: 14-07-2022 18:08:42 printStatus(168) -- Drogno_0: connecting	battery: n.p.	kalman var: 0 0 0	 batterySag: 0	link quality: 0	flight time: 0s	pos 0.00 0.00 0.00	yaw: 0.00	msg/s 0.0
INFO: 14-07-2022 18:08:42 printStatus(168) -- Drogno_0: connecting	battery: n.p.	kalman var: 0 0 0	 batterySag: 0	link quality: 0	flight time: 0s	pos 0.00 0.00 0.00	yaw: 0.00	msg/s 0.0
INFO: 14-07-2022 18:08:43 printStatus(168) -- Drogno_0: connecting	battery: n.p.	kalman var: 0 0 0	 batterySag: 0	link quality: 0	flight time: 0s	pos 0.00 0.00 0.00	yaw: 0.00	msg/s 0.0
INFO: 14-07-2022 18:08:43 printStatus(168) -- Drogno_0: connecting	battery: n.p.	kalman var: 0 0 0	 batterySag: 0	link quality: 0	flight time: 0s	pos 0.00 0.00 0.00	yaw: 0.00	msg/s 0.0
INFO: 14-07-2022 18:08:43 printStatus(168) -- Drogno_0: connecting	battery: n.p.	kalman var: 0 0 0	 batterySag: 0	link quality: 0	flight time: 0s	pos 0.00 0.00 0.00	yaw: 0.00	msg/s 0.0
INFO: 14-07-2022 18:08:43 printStatus(168) -- Drogno_0: connecting	battery: n.p.	kalman var: 0 0 0	 batterySag: 0	link quality: 0	flight time: 0s	pos 0.00 0.00 0.00	yaw: 0.00	msg/s 0.0
INFO: 14-07-2022 18:08:43 printStatus(168) -- Drogno_0: connecting	battery: n.p.	kalman var: 0 0 0	 batterySag: 0	link quality: 0	flight time: 0s	pos 0.00 0.00 0.00	yaw: 0.00	msg/s 0.0
INFO: 14-07-2022 18:08:43 printStatus(168) -- Drogno_0: connecting	battery: n.p.	kalman var: 0 0 0	 batterySag: 0	link quality: 0	flight time: 0s	pos 0.00 0.00 0.00	yaw: 0.00	msg/s 0.0
INFO: 14-07-2022 18:08:44 printStatus(168) -- Drogno_0: connecting	battery: n.p.	kalman var: 0 0 0	 batterySag: 0	link quality: 0	flight time: 0s	pos 0.00 0.00 0.00	yaw: 0.00	msg/s 0.0
INFO: 14-07-2022 18:08:44 printStatus(168) -- Drogno_0: connecting	battery: n.p.	kalman var: 0 0 0	 batterySag: 0	link quality: 0	flight time: 0s	pos 0.00 0.00 0.00	yaw: 0.00	msg/s 0.0
INFO: 14-07-2022 18:08:44 printStatus(168) -- Drogno_0: connecting	battery: n.p.	kalman var: 0 0 0	 batterySag: 0	link quality: 0	flight time: 0s	pos 0.00 0.00 0.00	yaw: 0.00	msg/s 0.0
INFO: 14-07-2022 18:08:44 printStatus(168) -- Drogno_0: connecting	battery: n.p.	kalman var: 0 0 0	 batterySag: 0	link quality: 0	flight time: 0s	pos 0.00 0.00 0.00	yaw: 0.00	msg/s 0.0
INFO: 14-07-2022 18:08:44 printStatus(168) -- Drogno_0: connecting	battery: n.p.	kalman var: 0 0 0	 batterySag: 0	link quality: 0	flight time: 0s	pos 0.00 0.00 0.00	yaw: 0.00	msg/s 0.0
INFO: 14-07-2022 18:08:44 printStatus(168) -- Drogno_0: connecting	battery: n.p.	kalman var: 0 0 0	 batterySag: 0	link quality: 0	flight time: 0s	pos 0.00 0.00 0.00	yaw: 0.00	msg/s 0.0
INFO: 14-07-2022 18:08:44 printStatus(168) -- Drogno_0: connecting	battery: n.p.	kalman var: 0 0 0	 batterySag: 0	link quality: 0	flight time: 0s	pos 0.00 0.00 0.00	yaw: 0.00	msg/s 0.0
INFO: 14-07-2022 18:08:45 printStatus(168) -- Drogno_0: connecting	battery: n.p.	kalman var: 0 0 0	 batterySag: 0	link quality: 0	flight time: 0s	pos 0.00 0.00 0.00	yaw: 0.00	msg/s 0.0
INFO: 14-07-2022 18:08:45 printStatus(168) -- Drogno_0: connecting	battery: n.p.	kalman var: 0 0 0	 batterySag: 0	link quality: 0	flight time: 0s	pos 0.00 0.00 0.00	yaw: 0.00	msg/s 0.0
INFO: 14-07-2022 18:08:45 printStatus(168) -- Drogno_0: connecting	battery: n.p.	kalman var: 0 0 0	 batterySag: 0	link quality: 0	flight time: 0s	pos 0.00 0.00 0.00	yaw: 0.00	msg/s 0.0
INFO: 14-07-2022 18:08:45 printStatus(168) -- Drogno_0: connecting	battery: n.p.	kalman var: 0 0 0	 batterySag: 0	link quality: 0	flight time: 0s	pos 0.00 0.00 0.00	yaw: 0.00	msg/s 0.0
INFO: 14-07-2022 18:08:45 printStatus(168) -- Drogno_0: connecting	battery: n.p.	kalman var: 0 0 0	 batterySag: 0	link quality: 0	flight time: 0s	pos 0.00 0.00 0.00	yaw: 0.00	msg/s 0.0
INFO: 14-07-2022 18:08:45 printStatus(168) -- Drogno_0: connecting	battery: n.p.	kalman var: 0 0 0	 batterySag: 0	link quality: 0	flight time: 0s	pos 0.00 0.00 0.00	yaw: 0.00	msg/s 0.0
INFO: 14-07-2022 18:08:45 printStatus(168) -- Drogno_0: connecting	battery: n.p.	kalman var: 0 0 0	 batterySag: 0	link quality: 0	flight time: 0s	pos 0.00 0.00 0.00	yaw: 0.00	msg/s 0.0
INFO: 14-07-2022 18:08:45 printStatus(168) -- Drogno_0: connecting	battery: n.p.	kalman var: 0 0 0	 batterySag: 0	link quality: 0	flight time: 0s	pos 0.00 0.00 0.00	yaw: 0.00	msg/s 0.0
INFO: 14-07-2022 18:08:46 printStatus(168) -- Drogno_0: connecting	battery: n.p.	kalman var: 0 0 0	 batterySag: 0	link quality: 0	flight time: 0s	pos 0.00 0.00 0.00	yaw: 0.00	msg/s 0.0
INFO: 14-07-2022 18:08:46 printStatus(168) -- Drogno_0: connecting	battery: n.p.	kalman var: 0 0 0	 batterySag: 0	link quality: 0	flight time: 0s	pos 0.00 0.00 0.00	yaw: 0.00	msg/s 0.0
INFO: 14-07-2022 18:08:46 printStatus(168) -- Drogno_0: connecting	battery: n.p.	kalman var: 0 0 0	 batterySag: 0	link quality: 0	flight time: 0s	pos 0.00 0.00 0.00	yaw: 0.00	msg/s 0.0
INFO: 14-07-2022 18:08:46 printStatus(168) -- Drogno_0: connecting	battery: n.p.	kalman var: 0 0 0	 batterySag: 0	link quality: 0	flight time: 0s	pos 0.00 0.00 0.00	yaw: 0.00	msg/s 0.0
INFO: 14-07-2022 18:08:46 printStatus(168) -- Drogno_0: connecting	battery: n.p.	kalman var: 0 0 0	 batterySag: 0	link quality: 0	flight time: 0s	pos 0.00 0.00 0.00	yaw: 0.00	msg/s 0.0
INFO: 14-07-2022 18:08:46 printStatus(168) -- Drogno_0: connecting	battery: n.p.	kalman var: 0 0 0	 batterySag: 0	link quality: 0	flight time: 0s	pos 0.00 0.00 0.00	yaw: 0.00	msg/s 0.0
INFO: 14-07-2022 18:08:47 printStatus(168) -- Drogno_0: connecting	battery: n.p.	kalman var: 0 0 0	 batterySag: 0	link quality: 0	flight time: 0s	pos 0.00 0.00 0.00	yaw: 0.00	msg/s 0.0
INFO: 14-07-2022 18:08:47 printStatus(168) -- Drogno_0: connecting	battery: n.p.	kalman var: 0 0 0	 batterySag: 0	link quality: 0	flight time: 0s	pos 0.00 0.00 0.00	yaw: 0.00	msg/s 0.0
INFO: 14-07-2022 18:08:47 printStatus(168) -- Drogno_0: connecting	battery: n.p.	kalman var: 0 0 0	 batterySag: 0	link quality: 0	flight time: 0s	pos 0.00 0.00 0.00	yaw: 0.00	msg/s 0.0
INFO: 14-07-2022 18:08:47 printStatus(168) -- Drogno_0: connecting	battery: n.p.	kalman var: 0 0 0	 batterySag: 0	link quality: 0	flight time: 0s	pos 0.00 0.00 0.00	yaw: 0.00	msg/s 0.0
INFO: 14-07-2022 18:08:47 printStatus(168) -- Drogno_0: connecting	battery: n.p.	kalman var: 0 0 0	 batterySag: 0	link quality: 0	flight time: 0s	pos 0.00 0.00 0.00	yaw: 0.00	msg/s 0.0
INFO: 14-07-2022 18:08:47 printStatus(168) -- Drogno_0: connecting	battery: n.p.	kalman var: 0 0 0	 batterySag: 0	link quality: 0	flight time: 0s	pos 0.00 0.00 0.00	yaw: 0.00	msg/s 0.0
INFO: 14-07-2022 18:08:47 printStatus(168) -- Drogno_0: connecting	battery: n.p.	kalman var: 0 0 0	 batterySag: 0	link quality: 0	flight time: 0s	pos 0.00 0.00 0.00	yaw: 0.00	msg/s 0.0
INFO: 14-07-2022 18:08:48 printStatus(168) -- Drogno_0: connecting	battery: n.p.	kalman var: 0 0 0	 batterySag: 0	link quality: 0	flight time: 0s	pos 0.00 0.00 0.00	yaw: 0.00	msg/s 0.0
INFO: 14-07-2022 18:08:48 printStatus(168) -- Drogno_0: connecting	battery: n.p.	kalman var: 0 0 0	 batterySag: 0	link quality: 0	flight time: 0s	pos 0.00 0.00 0.00	yaw: 0.00	msg/s 0.0
INFO: 14-07-2022 18:08:48 printStatus(168) -- Drogno_0: connecting	battery: n.p.	kalman var: 0 0 0	 batterySag: 0	link quality: 0	flight time: 0s	pos 0.00 0.00 0.00	yaw: 0.00	msg/s 0.0
INFO: 14-07-2022 18:08:48 printStatus(168) -- Drogno_0: connecting	battery: n.p.	kalman var: 0 0 0	 batterySag: 0	link quality: 0	flight time: 0s	pos 0.00 0.00 0.00	yaw: 0.00	msg/s 0.0
INFO: 14-07-2022 18:08:48 printStatus(168) -- Drogno_0: connecting	battery: n.p.	kalman var: 0 0 0	 batterySag: 0	link quality: 0	flight time: 0s	pos 0.00 0.00 0.00	yaw: 0.00	msg/s 0.0
INFO: 14-07-2022 18:08:48 printStatus(168) -- Drogno_0: connecting	battery: n.p.	kalman var: 0 0 0	 batterySag: 0	link quality: 0	flight time: 0s	pos 0.00 0.00 0.00	yaw: 0.00	msg/s 0.0
INFO: 14-07-2022 18:08:48 printStatus(168) -- Drogno_0: connecting	battery: n.p.	kalman var: 0 0 0	 batterySag: 0	link quality: 0	flight time: 0s	pos 0.00 0.00 0.00	yaw: 0.00	msg/s 0.0
INFO: 14-07-2022 18:08:49 printStatus(168) -- Drogno_0: connecting	battery: n.p.	kalman var: 0 0 0	 batterySag: 0	link quality: 0	flight time: 0s	pos 0.00 0.00 0.00	yaw: 0.00	msg/s 0.0
INFO: 14-07-2022 18:08:49 printStatus(168) -- Drogno_0: connecting	battery: n.p.	kalman var: 0 0 0	 batterySag: 0	link quality: 0	flight time: 0s	pos 0.00 0.00 0.00	yaw: 0.00	msg/s 0.0
INFO: 14-07-2022 18:08:49 printStatus(168) -- Drogno_0: connecting	battery: n.p.	kalman var: 0 0 0	 batterySag: 0	link quality: 0	flight time: 0s	pos 0.00 0.00 0.00	yaw: 0.00	msg/s 0.0
INFO: 14-07-2022 18:08:49 printStatus(168) -- Drogno_0: connecting	battery: n.p.	kalman var: 0 0 0	 batterySag: 0	link quality: 0	flight time: 0s	pos 0.00 0.00 0.00	yaw: 0.00	msg/s 0.0
INFO: 14-07-2022 18:08:49 printStatus(168) -- Drogno_0: connecting	battery: n.p.	kalman var: 0 0 0	 batterySag: 0	link quality: 0	flight time: 0s	pos 0.00 0.00 0.00	yaw: 0.00	msg/s 0.0
INFO: 14-07-2022 18:08:49 printStatus(168) -- Drogno_0: connecting	battery: n.p.	kalman var: 0 0 0	 batterySag: 0	link quality: 0	flight time: 0s	pos 0.00 0.00 0.00	yaw: 0.00	msg/s 0.0
INFO: 14-07-2022 18:08:49 printStatus(168) -- Drogno_0: connecting	battery: n.p.	kalman var: 0 0 0	 batterySag: 0	link quality: 0	flight time: 0s	pos 0.00 0.00 0.00	yaw: 0.00	msg/s 0.0
INFO: 14-07-2022 18:08:50 printStatus(168) -- Drogno_0: connecting	battery: n.p.	kalman var: 0 0 0	 batterySag: 0	link quality: 0	flight time: 0s	pos 0.00 0.00 0.00	yaw: 0.00	msg/s 0.0
INFO: 14-07-2022 18:08:50 printStatus(168) -- Drogno_0: connecting	battery: n.p.	kalman var: 0 0 0	 batterySag: 0	link quality: 0	flight time: 0s	pos 0.00 0.00 0.00	yaw: 0.00	msg/s 0.0
INFO: 14-07-2022 18:08:50 printStatus(168) -- Drogno_0: connecting	battery: n.p.	kalman var: 0 0 0	 batterySag: 0	link quality: 0	flight time: 0s	pos 0.00 0.00 0.00	yaw: 0.00	msg/s 0.0
INFO: 14-07-2022 18:08:50 printStatus(168) -- Drogno_0: connecting	battery: n.p.	kalman var: 0 0 0	 batterySag: 0	link quality: 0	flight time: 0s	pos 0.00 0.00 0.00	yaw: 0.00	msg/s 0.0
INFO: 14-07-2022 18:08:50 printStatus(168) -- Drogno_0: connecting	battery: n.p.	kalman var: 0 0 0	 batterySag: 0	link quality: 0	flight time: 0s	pos 0.00 0.00 0.00	yaw: 0.00	msg/s 0.0
INFO: 14-07-2022 18:08:50 printStatus(168) -- Drogno_0: connecting	battery: n.p.	kalman var: 0 0 0	 batterySag: 0	link quality: 0	flight time: 0s	pos 0.00 0.00 0.00	yaw: 0.00	msg/s 0.0
INFO: 14-07-2022 18:08:50 printStatus(168) -- Drogno_0: connecting	battery: n.p.	kalman var: 0 0 0	 batterySag: 0	link quality: 0	flight time: 0s	pos 0.00 0.00 0.00	yaw: 0.00	msg/s 0.0
INFO: 14-07-2022 18:08:51 printStatus(168) -- Drogno_0: connecting	battery: n.p.	kalman var: 0 0 0	 batterySag: 0	link quality: 0	flight time: 0s	pos 0.00 0.00 0.00	yaw: 0.00	msg/s 0.0
INFO: 14-07-2022 18:08:51 printStatus(168) -- Drogno_0: connecting	battery: n.p.	kalman var: 0 0 0	 batterySag: 0	link quality: 0	flight time: 0s	pos 0.00 0.00 0.00	yaw: 0.00	msg/s 0.0
INFO: 14-07-2022 18:08:51 printStatus(168) -- Drogno_0: connecting	battery: n.p.	kalman var: 0 0 0	 batterySag: 0	link quality: 0	flight time: 0s	pos 0.00 0.00 0.00	yaw: 0.00	msg/s 0.0
INFO: 14-07-2022 18:08:51 printStatus(168) -- Drogno_0: connecting	battery: n.p.	kalman var: 0 0 0	 batterySag: 0	link quality: 0	flight time: 0s	pos 0.00 0.00 0.00	yaw: 0.00	msg/s 0.0
INFO: 14-07-2022 18:08:51 printStatus(168) -- Drogno_0: connecting	battery: n.p.	kalman var: 0 0 0	 batterySag: 0	link quality: 0	flight time: 0s	pos 0.00 0.00 0.00	yaw: 0.00	msg/s 0.0
INFO: 14-07-2022 18:08:51 printStatus(168) -- Drogno_0: connecting	battery: n.p.	kalman var: 0 0 0	 batterySag: 0	link quality: 0	flight time: 0s	pos 0.00 0.00 0.00	yaw: 0.00	msg/s 0.0
INFO: 14-07-2022 18:08:51 printStatus(168) -- Drogno_0: connecting	battery: n.p.	kalman var: 0 0 0	 batterySag: 0	link quality: 0	flight time: 0s	pos 0.00 0.00 0.00	yaw: 0.00	msg/s 0.0
INFO: 14-07-2022 18:08:52 printStatus(168) -- Drogno_0: connecting	battery: n.p.	kalman var: 0 0 0	 batterySag: 0	link quality: 0	flight time: 0s	pos 0.00 0.00 0.00	yaw: 0.00	msg/s 0.0
INFO: 14-07-2022 18:08:52 printStatus(168) -- Drogno_0: connecting	battery: n.p.	kalman var: 0 0 0	 batterySag: 0	link quality: 0	flight time: 0s	pos 0.00 0.00 0.00	yaw: 0.00	msg/s 0.0
INFO: 14-07-2022 18:08:52 printStatus(168) -- Drogno_0: connecting	battery: n.p.	kalman var: 0 0 0	 batterySag: 0	link quality: 0	flight time: 0s	pos 0.00 0.00 0.00	yaw: 0.00	msg/s 0.0
INFO: 14-07-2022 18:08:52 printStatus(168) -- Drogno_0: connecting	battery: n.p.	kalman var: 0 0 0	 batterySag: 0	link quality: 0	flight time: 0s	pos 0.00 0.00 0.00	yaw: 0.00	msg/s 0.0
INFO: 14-07-2022 18:08:52 printStatus(168) -- Drogno_0: connecting	battery: n.p.	kalman var: 0 0 0	 batterySag: 0	link quality: 0	flight time: 0s	pos 0.00 0.00 0.00	yaw: 0.00	msg/s 0.0
INFO: 14-07-2022 18:08:52 printStatus(168) -- Drogno_0: connecting	battery: n.p.	kalman var: 0 0 0	 batterySag: 0	link quality: 0	flight time: 0s	pos 0.00 0.00 0.00	yaw: 0.00	msg/s 0.0
INFO: 14-07-2022 18:08:53 printStatus(168) -- Drogno_0: connecting	battery: n.p.	kalman var: 0 0 0	 batterySag: 0	link quality: 0	flight time: 0s	pos 0.00 0.00 0.00	yaw: 0.00	msg/s 0.0
INFO: 14-07-2022 18:08:53 printStatus(168) -- Drogno_0: connecting	battery: n.p.	kalman var: 0 0 0	 batterySag: 0	link quality: 0	flight time: 0s	pos 0.00 0.00 0.00	yaw: 0.00	msg/s 0.0
INFO: 14-07-2022 18:08:53 printStatus(168) -- Drogno_0: connecting	battery: n.p.	kalman var: 0 0 0	 batterySag: 0	link quality: 0	flight time: 0s	pos 0.00 0.00 0.00	yaw: 0.00	msg/s 0.0
INFO: 14-07-2022 18:08:53 printStatus(168) -- Drogno_0: connecting	battery: n.p.	kalman var: 0 0 0	 batterySag: 0	link quality: 0	flight time: 0s	pos 0.00 0.00 0.00	yaw: 0.00	msg/s 0.0
INFO: 14-07-2022 18:08:53 printStatus(168) -- Drogno_0: connecting	battery: n.p.	kalman var: 0 0 0	 batterySag: 0	link quality: 0	flight time: 0s	pos 0.00 0.00 0.00	yaw: 0.00	msg/s 0.0
INFO: 14-07-2022 18:08:53 printStatus(168) -- Drogno_0: connecting	battery: n.p.	kalman var: 0 0 0	 batterySag: 0	link quality: 0	flight time: 0s	pos 0.00 0.00 0.00	yaw: 0.00	msg/s 0.0
INFO: 14-07-2022 18:08:53 printStatus(168) -- Drogno_0: connecting	battery: n.p.	kalman var: 0 0 0	 batterySag: 0	link quality: 0	flight time: 0s	pos 0.00 0.00 0.00	yaw: 0.00	msg/s 0.0
INFO: 14-07-2022 18:08:54 printStatus(168) -- Drogno_0: connecting	battery: n.p.	kalman var: 0 0 0	 batterySag: 0	link quality: 0	flight time: 0s	pos 0.00 0.00 0.00	yaw: 0.00	msg/s 0.0
INFO: 14-07-2022 18:08:54 printStatus(168) -- Drogno_0: connecting	battery: n.p.	kalman var: 0 0 0	 batterySag: 0	link quality: 0	flight time: 0s	pos 0.00 0.00 0.00	yaw: 0.00	msg/s 0.0
INFO: 14-07-2022 18:08:54 printStatus(168) -- Drogno_0: connecting	battery: n.p.	kalman var: 0 0 0	 batterySag: 0	link quality: 0	flight time: 0s	pos 0.00 0.00 0.00	yaw: 0.00	msg/s 0.0
INFO: 14-07-2022 18:08:54 printStatus(168) -- Drogno_0: connecting	battery: n.p.	kalman var: 0 0 0	 batterySag: 0	link quality: 0	flight time: 0s	pos 0.00 0.00 0.00	yaw: 0.00	msg/s 0.0
INFO: 14-07-2022 18:08:54 printStatus(168) -- Drogno_0: connecting	battery: n.p.	kalman var: 0 0 0	 batterySag: 0	link quality: 0	flight time: 0s	pos 0.00 0.00 0.00	yaw: 0.00	msg/s 0.0
INFO: 14-07-2022 18:08:54 printStatus(168) -- Drogno_0: connecting	battery: n.p.	kalman var: 0 0 0	 batterySag: 0	link quality: 0	flight time: 0s	pos 0.00 0.00 0.00	yaw: 0.00	msg/s 0.0
INFO: 14-07-2022 18:08:54 printStatus(168) -- Drogno_0: connecting	battery: n.p.	kalman var: 0 0 0	 batterySag: 0	link quality: 0	flight time: 0s	pos 0.00 0.00 0.00	yaw: 0.00	msg/s 0.0
INFO: 14-07-2022 18:08:55 printStatus(168) -- Drogno_0: connecting	battery: n.p.	kalman var: 0 0 0	 batterySag: 0	link quality: 0	flight time: 0s	pos 0.00 0.00 0.00	yaw: 0.00	msg/s 0.0
INFO: 14-07-2022 18:08:55 printStatus(168) -- Drogno_0: connecting	battery: n.p.	kalman var: 0 0 0	 batterySag: 0	link quality: 0	flight time: 0s	pos 0.00 0.00 0.00	yaw: 0.00	msg/s 0.0
INFO: 14-07-2022 18:08:55 printStatus(168) -- Drogno_0: connecting	battery: n.p.	kalman var: 0 0 0	 batterySag: 0	link quality: 0	flight time: 0s	pos 0.00 0.00 0.00	yaw: 0.00	msg/s 0.0
INFO: 14-07-2022 18:08:55 printStatus(168) -- Drogno_0: connecting	battery: n.p.	kalman var: 0 0 0	 batterySag: 0	link quality: 0	flight time: 0s	pos 0.00 0.00 0.00	yaw: 0.00	msg/s 0.0
INFO: 14-07-2022 18:08:55 printStatus(168) -- Drogno_0: connecting	battery: n.p.	kalman var: 0 0 0	 batterySag: 0	link quality: 0	flight time: 0s	pos 0.00 0.00 0.00	yaw: 0.00	msg/s 0.0
INFO: 14-07-2022 18:08:55 printStatus(168) -- Drogno_0: connecting	battery: n.p.	kalman var: 0 0 0	 batterySag: 0	link quality: 0	flight time: 0s	pos 0.00 0.00 0.00	yaw: 0.00	msg/s 0.0
INFO: 14-07-2022 18:08:55 printStatus(168) -- Drogno_0: connecting	battery: n.p.	kalman var: 0 0 0	 batterySag: 0	link quality: 0	flight time: 0s	pos 0.00 0.00 0.00	yaw: 0.00	msg/s 0.0
INFO: 14-07-2022 18:08:55 printStatus(168) -- Drogno_0: connecting	battery: n.p.	kalman var: 0 0 0	 batterySag: 0	link quality: 0	flight time: 0s	pos 0.00 0.00 0.00	yaw: 0.00	msg/s 0.0
INFO: 14-07-2022 18:08:56 printStatus(168) -- Drogno_0: connecting	battery: n.p.	kalman var: 0 0 0	 batterySag: 0	link quality: 0	flight time: 0s	pos 0.00 0.00 0.00	yaw: 0.00	msg/s 0.0
INFO: 14-07-2022 18:08:56 printStatus(168) -- Drogno_0: connecting	battery: n.p.	kalman var: 0 0 0	 batterySag: 0	link quality: 0	flight time: 0s	pos 0.00 0.00 0.00	yaw: 0.00	msg/s 0.0
INFO: 14-07-2022 18:08:56 printStatus(168) -- Drogno_0: connecting	battery: n.p.	kalman var: 0 0 0	 batterySag: 0	link quality: 0	flight time: 0s	pos 0.00 0.00 0.00	yaw: 0.00	msg/s 0.0
INFO: 14-07-2022 18:08:56 printStatus(168) -- Drogno_0: connecting	battery: n.p.	kalman var: 0 0 0	 batterySag: 0	link quality: 0	flight time: 0s	pos 0.00 0.00 0.00	yaw: 0.00	msg/s 0.0
INFO: 14-07-2022 18:08:56 printStatus(168) -- Drogno_0: connecting	battery: n.p.	kalman var: 0 0 0	 batterySag: 0	link quality: 0	flight time: 0s	pos 0.00 0.00 0.00	yaw: 0.00	msg/s 0.0
INFO: 14-07-2022 18:08:56 printStatus(168) -- Drogno_0: connecting	battery: n.p.	kalman var: 0 0 0	 batterySag: 0	link quality: 0	flight time: 0s	pos 0.00 0.00 0.00	yaw: 0.00	msg/s 0.0
INFO: 14-07-2022 18:08:57 printStatus(168) -- Drogno_0: connecting	battery: 3.736328125	kalman var: 0.0 0.0 0.0	 batterySag: 0	link quality: 35	flight time: 0s	pos -0.02 -0.01 -0.00	yaw: 0.22	msg/s 0.0
INFO: 14-07-2022 18:08:57 printStatus(168) -- Drogno_0: connecting	battery: 3.736328125	kalman var: 0.0 0.0 0.001	 batterySag: 0	link quality: 35	flight time: 0s	pos -0.02 -0.01 -0.00	yaw: 0.21	msg/s 0.0
INFO: 14-07-2022 18:08:57 printStatus(168) -- Drogno_0: connecting	battery: 3.736328125	kalman var: 0.0 0.0 0.0	 batterySag: 0	link quality: 35	flight time: 0s	pos -0.03 -0.10 -0.06	yaw: -8.70	msg/s 0.0
INFO: 14-07-2022 18:08:57 printStatus(168) -- Drogno_0: connecting	battery: 3.736328125	kalman var: 0.0 0.0 0.0	 batterySag: 0	link quality: 35	flight time: 0s	pos 0.01 -0.04 0.03	yaw: -6.67	msg/s 0.0
INFO: 14-07-2022 18:08:57 printStatus(168) -- Drogno_0: connecting	battery: 3.732421875	kalman var: 0.0 0.0 0.0	 batterySag: 0	link quality: 35	flight time: 0s	pos -0.02 -0.02 0.01	yaw: -5.14	msg/s 0.0
INFO: 14-07-2022 18:08:57 printStatus(168) -- Drogno_0: connecting	battery: 3.736328125	kalman var: 0.0 0.0 0.0	 batterySag: 0	link quality: 35	flight time: 0s	pos -0.02 -0.00 -0.01	yaw: -2.84	msg/s 0.0
INFO: 14-07-2022 18:08:58 printStatus(168) -- Drogno_0: connecting	battery: 3.736328125	kalman var: 0.0 0.0 0.0	 batterySag: 0	link quality: 35	flight time: 0s	pos -0.02 -0.01 -0.00	yaw: -1.90	msg/s 0.0
INFO: 14-07-2022 18:08:58 printStatus(168) -- Drogno_0: connecting	battery: 3.736328125	kalman var: 0.0 0.0 0.0	 batterySag: 0	link quality: 35	flight time: 0s	pos -0.02 -0.00 -0.00	yaw: -1.74	msg/s 0.0
INFO: 14-07-2022 18:08:58 printStatus(168) -- Drogno_0: connecting	battery: 3.736328125	kalman var: 0.0 0.0 0.0	 batterySag: 0	link quality: 35	flight time: 0s	pos -0.02 -0.01 -0.00	yaw: -1.44	msg/s 0.0
INFO: 14-07-2022 18:08:58 printStatus(168) -- Drogno_0: connecting	battery: 3.732421875	kalman var: 0.0 0.0 0.0	 batterySag: 0	link quality: 35	flight time: 0s	pos -0.02 -0.01 -0.00	yaw: -0.58	msg/s 0.0
INFO: 14-07-2022 18:08:58 printStatus(168) -- Drogno_0: connecting	battery: 3.736328125	kalman var: 0.0 0.0 0.0	 batterySag: 0	link quality: 35	flight time: 0s	pos -0.02 -0.01 -0.00	yaw: -0.52	msg/s 0.0
INFO: 14-07-2022 18:08:58 printStatus(168) -- Drogno_0: connecting	battery: 3.736328125	kalman var: 0.0 0.0 0.0	 batterySag: 0	link quality: 35	flight time: 0s	pos -0.02 -0.01 -0.00	yaw: -0.18	msg/s 0.0
INFO: 14-07-2022 18:08:58 printStatus(168) -- Drogno_0: connecting	battery: 3.736328125	kalman var: 0.0 0.0 0.0	 batterySag: 0	link quality: 35	flight time: 0s	pos -0.02 -0.01 -0.00	yaw: -0.16	msg/s 0.0
INFO: 14-07-2022 18:08:59 printStatus(168) -- Drogno_0: connecting	battery: 3.732421875	kalman var: 0.0 0.0 0.0	 batterySag: 0	link quality: 35	flight time: 0s	pos -0.02 -0.01 -0.00	yaw: -0.03	msg/s 0.0
INFO: 14-07-2022 18:08:59 printStatus(168) -- Drogno_0: connecting	battery: 3.736328125	kalman var: 0.0 0.0 0.0	 batterySag: 0	link quality: 35	flight time: 0s	pos -0.02 -0.01 -0.00	yaw: 0.06	msg/s 0.0
INFO: 14-07-2022 18:08:59 printStatus(168) -- Drogno_0: connecting	battery: 3.732421875	kalman var: 0.0 0.0 0.0	 batterySag: 0	link quality: 35	flight time: 0s	pos -0.02 -0.01 -0.00	yaw: 0.09	msg/s 0.0
INFO: 14-07-2022 18:08:59 printStatus(168) -- Drogno_0: connecting	battery: 3.736328125	kalman var: 0.0 0.0 0.0	 batterySag: 0	link quality: 35	flight time: 0s	pos -0.02 -0.01 -0.00	yaw: 0.11	msg/s 0.0
INFO: 14-07-2022 18:08:59 printStatus(168) -- Drogno_0: connecting	battery: 3.732421875	kalman var: 0.0 0.0 0.0	 batterySag: 0	link quality: 35	flight time: 0s	pos -0.02 -0.01 -0.00	yaw: 0.20	msg/s 0.0
INFO: 14-07-2022 18:08:59 printStatus(168) -- Drogno_0: connecting	battery: 3.736328125	kalman var: 0.0 0.0 0.0	 batterySag: 0	link quality: 35	flight time: 0s	pos -0.02 -0.01 -0.00	yaw: 0.20	msg/s 0.0
INFO: 14-07-2022 18:08:59 printStatus(168) -- Drogno_0: connecting	battery: 3.736328125	kalman var: 0.0 0.0 0.0	 batterySag: 0	link quality: 35	flight time: 0s	pos -0.02 -0.01 -0.00	yaw: 0.17	msg/s 0.0
INFO: 14-07-2022 18:09:00 printStatus(168) -- Drogno_0: connecting	battery: 3.732421875	kalman var: 0.0 0.0 0.0	 batterySag: 0	link quality: 35	flight time: 0s	pos -0.02 -0.01 -0.00	yaw: 0.16	msg/s 0.0
INFO: 14-07-2022 18:09:00 printStatus(168) -- Drogno_0: connecting	battery: 3.736328125	kalman var: 0.0 0.0 0.0	 batterySag: 0	link quality: 36	flight time: 0s	pos -0.02 -0.01 -0.00	yaw: 0.18	msg/s 0.0
INFO: 14-07-2022 18:09:00 printStatus(168) -- Drogno_0: connecting	battery: 3.732421875	kalman var: 0.0 0.0 0.0	 batterySag: 0	link quality: 36	flight time: 0s	pos -0.02 -0.01 -0.00	yaw: 0.19	msg/s 0.0
INFO: 14-07-2022 18:09:00 printStatus(168) -- Drogno_0: connecting	battery: 3.732421875	kalman var: 0.0 0.0 0.0	 batterySag: 0	link quality: 37	flight time: 0s	pos -0.02 -0.01 -0.00	yaw: 0.21	msg/s 0.0
INFO: 14-07-2022 18:09:00 printStatus(168) -- Drogno_0: connecting	battery: 3.732421875	kalman var: 0.0 0.0 0.0	 batterySag: 0	link quality: 35	flight time: 0s	pos -0.02 -0.01 -0.00	yaw: 0.21	msg/s 0.0
INFO: 14-07-2022 18:09:00 printStatus(168) -- Drogno_0: connecting	battery: 3.732421875	kalman var: 0.0 0.0 0.0	 batterySag: 0	link quality: 35	flight time: 0s	pos -0.02 -0.01 -0.00	yaw: 0.22	msg/s 0.0
INFO: 14-07-2022 18:09:00 printStatus(168) -- Drogno_0: connecting	battery: 3.736328125	kalman var: 0.0 0.0 0.0	 batterySag: 0	link quality: 35	flight time: 0s	pos -0.02 -0.01 -0.00	yaw: 0.21	msg/s 0.0
INFO: 14-07-2022 18:09:01 printStatus(168) -- Drogno_0: connecting	battery: 3.732421875	kalman var: 0.0 0.0 0.0	 batterySag: 0	link quality: 35	flight time: 0s	pos -0.02 -0.01 -0.00	yaw: 0.22	msg/s 0.0
INFO: 14-07-2022 18:09:01 printStatus(168) -- Drogno_0: connecting	battery: 3.732421875	kalman var: 0.0 0.0 0.0	 batterySag: 0	link quality: 35	flight time: 0s	pos -0.02 -0.01 -0.00	yaw: 0.20	msg/s 0.0
INFO: 14-07-2022 18:09:01 printStatus(168) -- Drogno_0: connecting	battery: 3.732421875	kalman var: 0.0 0.0 0.0	 batterySag: 0	link quality: 35	flight time: 0s	pos -0.02 -0.01 -0.00	yaw: 0.20	msg/s 0.0
INFO: 14-07-2022 18:09:01 printStatus(168) -- Drogno_0: connecting	battery: 3.732421875	kalman var: 0.0 0.0 0.0	 batterySag: 0	link quality: 35	flight time: 0s	pos -0.02 -0.01 -0.00	yaw: 0.21	msg/s 0.0
INFO: 14-07-2022 18:09:01 printStatus(168) -- Drogno_0: connecting	battery: 3.736328125	kalman var: 0.0 0.0 0.0	 batterySag: 0	link quality: 35	flight time: 0s	pos -0.02 -0.01 -0.00	yaw: 0.23	msg/s 0.0
INFO: 14-07-2022 18:09:01 printStatus(168) -- Drogno_0: connecting	battery: 3.732421875	kalman var: 0.0 0.0 0.0	 batterySag: 0	link quality: 35	flight time: 0s	pos -0.02 -0.01 -0.00	yaw: 0.22	msg/s 0.0
INFO: 14-07-2022 18:09:02 printStatus(168) -- Drogno_0: connecting	battery: 3.736328125	kalman var: 0.0 0.0 0.001	 batterySag: 0	link quality: 35	flight time: 0s	pos -0.02 -0.01 -0.00	yaw: 0.22	msg/s 0.0
INFO: 14-07-2022 18:09:02 printStatus(168) -- Drogno_0: connecting	battery: 3.732421875	kalman var: 0.001 0.001 0.001	 batterySag: 0	link quality: 35	flight time: 0s	pos -0.02 -0.01 -0.00	yaw: 0.21	msg/s 0.0
INFO: 14-07-2022 18:09:02 printStatus(168) -- Drogno_0: connecting	battery: 3.732421875	kalman var: 0.001 0.001 0.001	 batterySag: 0	link quality: 35	flight time: 0s	pos -0.02 -0.01 -0.00	yaw: 0.34	msg/s 0.0
INFO: 14-07-2022 18:09:02 printStatus(168) -- Drogno_0: connecting	battery: 3.732421875	kalman var: 0.0 0.0 0.0	 batterySag: 0	link quality: 35	flight time: 0s	pos -0.02 -0.00 0.02	yaw: 3.30	msg/s 0.0
INFO: 14-07-2022 18:09:02 printStatus(168) -- Drogno_0: connecting	battery: 3.732421875	kalman var: 0.0 0.0 0.0	 batterySag: 0	link quality: 35	flight time: 0s	pos -0.02 -0.00 0.02	yaw: 3.30	msg/s 0.0
INFO: 14-07-2022 18:09:02 printStatus(168) -- Drogno_0: connecting	battery: 3.732421875	kalman var: 0.0 0.0 0.0	 batterySag: 0	link quality: 39	flight time: 0s	pos -0.03 -0.03 0.14	yaw: -5.11	msg/s 0.0
INFO: 14-07-2022 18:09:02 printStatus(168) -- Drogno_0: connecting	battery: 3.732421875	kalman var: 0.0 0.0 0.0	 batterySag: 0	link quality: 39	flight time: 0s	pos -0.04 -0.03 0.19	yaw: -7.36	msg/s 0.0
INFO: 14-07-2022 18:09:03 printStatus(168) -- Drogno_0: connecting	battery: 3.732421875	kalman var: 0.0 0.0 0.0	 batterySag: 0	link quality: 35	flight time: 0s	pos -0.04 -0.03 0.18	yaw: -13.16	msg/s 0.0
INFO: 14-07-2022 18:09:03 printStatus(168) -- Drogno_0: connecting	battery: 3.732421875	kalman var: 0.0 0.0 0.0	 batterySag: 0	link quality: 37	flight time: 0s	pos -0.03 -0.00 0.08	yaw: -11.06	msg/s 0.0
INFO: 14-07-2022 18:09:03 printStatus(168) -- Drogno_0: connecting	battery: 3.732421875	kalman var: 0.0 0.0 0.0	 batterySag: 0	link quality: 35	flight time: 0s	pos -0.04 0.03 0.05	yaw: -5.55	msg/s 0.0
INFO: 14-07-2022 18:09:03 printStatus(168) -- Drogno_0: connecting	battery: 3.736328125	kalman var: 0.0 0.0 0.0	 batterySag: 0	link quality: 35	flight time: 0s	pos -0.03 0.09 0.04	yaw: 4.02	msg/s 0.0
INFO: 14-07-2022 18:09:03 printStatus(168) -- Drogno_0: connecting	battery: 3.736328125	kalman var: 0.0 0.0 0.0	 batterySag: 0	link quality: 35	flight time: 0s	pos -0.01 0.12 0.05	yaw: 7.93	msg/s 0.0
INFO: 14-07-2022 18:09:03 printStatus(168) -- Drogno_0: connecting	battery: 3.736328125	kalman var: 0.0 0.0 0.0	 batterySag: 0	link quality: 35	flight time: 0s	pos 0.00 0.14 0.05	yaw: 8.73	msg/s 0.0
INFO: 14-07-2022 18:09:03 printStatus(168) -- Drogno_0: connecting	battery: 3.736328125	kalman var: 0.0 0.0 0.0	 batterySag: 0	link quality: 39	flight time: 0s	pos 0.03 -0.02 -0.01	yaw: -11.37	msg/s 0.0
INFO: 14-07-2022 18:09:04 printStatus(168) -- Drogno_0: connecting	battery: 3.736328125	kalman var: 0.0 0.0 0.0	 batterySag: 0	link quality: 39	flight time: 0s	pos 0.03 -0.13 -0.05	yaw: -15.09	msg/s 0.0
INFO: 14-07-2022 18:09:04 printStatus(168) -- Drogno_0: connecting	battery: 3.736328125	kalman var: 0.0 0.001 0.0	 batterySag: 0	link quality: 35	flight time: 0s	pos 0.08 -0.35 -0.11	yaw: -22.05	msg/s 0.0
INFO: 14-07-2022 18:09:04 printStatus(168) -- Drogno_0: connecting	battery: 3.732421875	kalman var: 0.0 0.0 0.001	 batterySag: 0	link quality: 36	flight time: 0s	pos -0.01 -0.52 -0.03	yaw: -26.61	msg/s 0.0
INFO: 14-07-2022 18:09:04 printStatus(168) -- Drogno_0: connecting	battery: 3.736328125	kalman var: 0.0 0.0 0.001	 batterySag: 0	link quality: 35	flight time: 0s	pos 0.04 -0.65 0.12	yaw: -26.94	msg/s 0.0
INFO: 14-07-2022 18:09:04 printStatus(168) -- Drogno_0: connecting	battery: 3.732421875	kalman var: 0.0 0.001 0.001	 batterySag: 0	link quality: 35	flight time: 0s	pos 0.08 -0.75 0.14	yaw: -29.44	msg/s 0.0
INFO: 14-07-2022 18:09:04 printStatus(168) -- Drogno_0: connecting	battery: 3.732421875	kalman var: 0.001 0.001 0.001	 batterySag: 0	link quality: 35	flight time: 0s	pos 0.17 -0.96 0.05	yaw: -27.28	msg/s 0.0
INFO: 14-07-2022 18:09:04 printStatus(168) -- Drogno_0: connecting	battery: 3.732421875	kalman var: 0.001 0.001 0.001	 batterySag: 0	link quality: 36	flight time: 0s	pos 0.22 -1.07 -0.02	yaw: -20.62	msg/s 0.0
INFO: 14-07-2022 18:09:05 printStatus(168) -- Drogno_0: connecting	battery: 3.736328125	kalman var: 0.001 0.002 0.001	 batterySag: 0	link quality: 35	flight time: 0s	pos 0.34 -1.32 -0.06	yaw: -17.86	msg/s 0.0
INFO: 14-07-2022 18:09:05 printStatus(168) -- Drogno_0: connecting	battery: 3.732421875	kalman var: 0.0 0.0 0.0	 batterySag: 0	link quality: 36	flight time: 0s	pos -0.74 2.65 -2.58	yaw: -6.50	msg/s 0.0
INFO: 14-07-2022 18:09:05 printStatus(168) -- Drogno_0: connecting	battery: 3.732421875	kalman var: 0.0 0.001 0.0	 batterySag: 0	link quality: 35	flight time: 0s	pos -1.40 4.07 -2.03	yaw: -20.31	msg/s 0.0
INFO: 14-07-2022 18:09:05 printStatus(168) -- Drogno_0: connecting	battery: 3.732421875	kalman var: 0.0 0.001 0.0	 batterySag: 0	link quality: 35	flight time: 0s	pos -1.40 4.07 -2.03	yaw: -20.31	msg/s 0.0
INFO: 14-07-2022 18:09:05 printStatus(168) -- Drogno_0: connecting	battery: 3.732421875	kalman var: 0.0 0.0 0.0	 batterySag: 0	link quality: 35	flight time: 0s	pos 0.00 0.00 -0.00	yaw: -0.01	msg/s 0.0
INFO: 14-07-2022 18:09:05 printStatus(168) -- Drogno_0: connecting	battery: 3.732421875	kalman var: 0.001 0.001 0.0	 batterySag: 0	link quality: 49	flight time: 0s	pos -0.02 -0.08 0.05	yaw: -5.52	msg/s 0.0
INFO: 14-07-2022 18:09:06 printStatus(168) -- Drogno_0: connecting	battery: 3.736328125	kalman var: 0.001 0.0 0.0	 batterySag: 0	link quality: 35	flight time: 0s	pos -0.02 -0.00 0.01	yaw: -3.76	msg/s 0.0
INFO: 14-07-2022 18:09:06 printStatus(168) -- Drogno_0: connecting	battery: 3.732421875	kalman var: 0.0 0.0 0.0	 batterySag: 0	link quality: 35	flight time: 0s	pos -0.05 -0.04 0.03	yaw: -6.84	msg/s 0.0
INFO: 14-07-2022 18:09:06 printStatus(168) -- Drogno_0: connecting	battery: 3.736328125	kalman var: 0.0 0.0 0.0	 batterySag: 0	link quality: 42	flight time: 0s	pos -0.04 -0.04 0.09	yaw: -9.82	msg/s 0.0
INFO: 14-07-2022 18:09:06 printStatus(168) -- Drogno_0: connecting	battery: 3.732421875	kalman var: 0.0 0.0 0.0	 batterySag: 0	link quality: 35	flight time: 0s	pos -0.05 -0.04 0.14	yaw: -11.45	msg/s 0.0
INFO: 14-07-2022 18:09:06 printStatus(168) -- Drogno_0: connecting	battery: 3.732421875	kalman var: 0.0 0.0 0.0	 batterySag: 0	link quality: 35	flight time: 0s	pos -0.05 -0.03 0.15	yaw: -16.78	msg/s 0.0
INFO: 14-07-2022 18:09:06 printStatus(168) -- Drogno_0: connecting	battery: 3.732421875	kalman var: 0.0 0.0 0.0	 batterySag: 0	link quality: 43	flight time: 0s	pos -0.04 -0.01 0.13	yaw: -10.47	msg/s 0.0
INFO: 14-07-2022 18:09:07 printStatus(168) -- Drogno_0: connecting	battery: 3.736328125	kalman var: 0.0 0.0 0.0	 batterySag: 0	link quality: 43	flight time: 0s	pos -0.02 0.05 0.10	yaw: -0.29	msg/s 0.0
INFO: 14-07-2022 18:09:07 printStatus(168) -- Drogno_0: connecting	battery: 3.736328125	kalman var: 0.001 0.0 0.001	 batterySag: 0	link quality: 37	flight time: 0s	pos -0.01 0.06 0.13	yaw: -0.49	msg/s 0.0
INFO: 14-07-2022 18:09:07 printStatus(168) -- Drogno_0: connecting	battery: 3.732421875	kalman var: 0.001 0.001 0.001	 batterySag: 0	link quality: 37	flight time: 0s	pos -0.01 -0.00 0.12	yaw: -1.63	msg/s 0.0
INFO: 14-07-2022 18:09:07 printStatus(168) -- Drogno_0: connecting	battery: 3.736328125	kalman var: 0.0 0.0 0.0	 batterySag: 0	link quality: 37	flight time: 0s	pos -0.02 -0.02 0.13	yaw: -1.42	msg/s 0.0
INFO: 14-07-2022 18:09:07 printStatus(168) -- Drogno_0: connecting	battery: 3.732421875	kalman var: 0.0 0.0 0.0	 batterySag: 0	link quality: 35	flight time: 0s	pos -0.04 0.02 0.05	yaw: -4.91	msg/s 0.0
INFO: 14-07-2022 18:09:07 printStatus(168) -- Drogno_0: connecting	battery: 3.732421875	kalman var: 0.0 0.0 0.0	 batterySag: 0	link quality: 36	flight time: 0s	pos -0.04 -0.03 0.06	yaw: -9.70	msg/s 0.0
INFO: 14-07-2022 18:09:07 printStatus(168) -- Drogno_0: connecting	battery: 3.732421875	kalman var: 0.0 0.0 0.0	 batterySag: 0	link quality: 43	flight time: 0s	pos -0.05 -0.04 0.11	yaw: -12.88	msg/s 0.0
INFO: 14-07-2022 18:09:08 printStatus(168) -- Drogno_0: connecting	battery: 3.732421875	kalman var: 0.0 0.0 0.0	 batterySag: 0	link quality: 35	flight time: 0s	pos -0.05 -0.04 0.16	yaw: -13.54	msg/s 0.0
INFO: 14-07-2022 18:09:08 printStatus(168) -- Drogno_0: connecting	battery: 3.732421875	kalman var: 0.0 0.0 0.0	 batterySag: 0	link quality: 35	flight time: 0s	pos -0.06 -0.04 0.17	yaw: -12.79	msg/s 0.0
INFO: 14-07-2022 18:09:08 printStatus(168) -- Drogno_0: connecting	battery: 3.736328125	kalman var: 0.0 0.0 0.0	 batterySag: 0	link quality: 56	flight time: 0s	pos -0.05 -0.03 0.08	yaw: -5.43	msg/s 0.0
INFO: 14-07-2022 18:09:08 printStatus(168) -- Drogno_0: connecting	battery: 3.732421875	kalman var: 0.0 0.0 0.0	 batterySag: 0	link quality: 36	flight time: 0s	pos -0.08 -0.02 0.07	yaw: -3.99	msg/s 0.0
INFO: 14-07-2022 18:09:08 printStatus(168) -- Drogno_0: connecting	battery: 3.732421875	kalman var: 0.0 0.0 0.0	 batterySag: 0	link quality: 35	flight time: 0s	pos -0.13 -0.02 0.07	yaw: -6.05	msg/s 0.0
INFO: 14-07-2022 18:09:08 printStatus(168) -- Drogno_0: connecting	battery: 3.732421875	kalman var: 0.0 0.0 0.0	 batterySag: 0	link quality: 35	flight time: 0s	pos -0.22 -0.02 0.03	yaw: -6.97	msg/s 0.0
INFO: 14-07-2022 18:09:09 printStatus(168) -- Drogno_0: connecting	battery: 3.736328125	kalman var: 0.0 0.0 0.0	 batterySag: 0	link quality: 35	flight time: 0s	pos -0.25 -0.03 -0.00	yaw: -4.56	msg/s 0.0
INFO: 14-07-2022 18:09:09 printStatus(168) -- Drogno_0: connecting	battery: 3.732421875	kalman var: 0.0 0.0 0.0	 batterySag: 0	link quality: 35	flight time: 0s	pos -0.25 -0.03 -0.00	yaw: -5.12	msg/s 0.0
INFO: 14-07-2022 18:09:09 printStatus(168) -- Drogno_0: connecting	battery: 3.732421875	kalman var: 0.0 0.0 0.0	 batterySag: 0	link quality: 35	flight time: 0s	pos -0.25 -0.03 -0.01	yaw: -4.88	msg/s 0.0
INFO: 14-07-2022 18:09:09 printStatus(168) -- Drogno_0: connecting	battery: 3.736328125	kalman var: 0.0 0.0 0.0	 batterySag: 0	link quality: 35	flight time: 0s	pos -0.25 -0.03 -0.01	yaw: -4.58	msg/s 0.0
INFO: 14-07-2022 18:09:09 printStatus(168) -- Drogno_0: connecting	battery: 3.732421875	kalman var: 0.0 0.0 0.0	 batterySag: 0	link quality: 35	flight time: 0s	pos -0.25 -0.03 -0.00	yaw: -4.75	msg/s 0.0
INFO: 14-07-2022 18:09:09 printStatus(168) -- Drogno_0: connecting	battery: 3.732421875	kalman var: 0.0 0.0 0.0	 batterySag: 0	link quality: 35	flight time: 0s	pos -0.25 -0.03 -0.01	yaw: -5.16	msg/s 0.0
INFO: 14-07-2022 18:09:09 printStatus(168) -- Drogno_0: connecting	battery: 3.732421875	kalman var: 0.0 0.0 0.0	 batterySag: 0	link quality: 35	flight time: 0s	pos -0.25 -0.02 -0.01	yaw: -5.14	msg/s 0.0
INFO: 14-07-2022 18:09:10 printStatus(168) -- Drogno_0: connecting	battery: 3.736328125	kalman var: 0.0 0.0 0.0	 batterySag: 0	link quality: 35	flight time: 0s	pos -0.26 -0.02 -0.01	yaw: -5.09	msg/s 0.0
INFO: 14-07-2022 18:09:10 printStatus(168) -- Drogno_0: connecting	battery: 3.732421875	kalman var: 0.0 0.0 0.0	 batterySag: 0	link quality: 35	flight time: 0s	pos -0.25 -0.03 -0.01	yaw: -5.11	msg/s 0.0
INFO: 14-07-2022 18:09:10 printStatus(168) -- Drogno_0: connecting	battery: 3.732421875	kalman var: 0.0 0.0 0.0	 batterySag: 0	link quality: 35	flight time: 0s	pos -0.25 -0.03 -0.01	yaw: -5.31	msg/s 0.0
INFO: 14-07-2022 18:09:10 printStatus(168) -- Drogno_0: connecting	battery: 3.732421875	kalman var: 0.0 0.0 0.0	 batterySag: 0	link quality: 35	flight time: 0s	pos -0.25 -0.03 -0.00	yaw: -5.26	msg/s 0.0
INFO: 14-07-2022 18:09:10 printStatus(168) -- Drogno_0: connecting	battery: 3.732421875	kalman var: 0.0 0.0 0.0	 batterySag: 0	link quality: 35	flight time: 0s	pos -0.23 -0.03 0.02	yaw: -6.70	msg/s 0.0
INFO: 14-07-2022 18:09:10 printStatus(168) -- Drogno_0: connecting	battery: 3.732421875	kalman var: 0.0 0.0 0.0	 batterySag: 0	link quality: 35	flight time: 0s	pos -0.19 -0.03 0.04	yaw: -6.62	msg/s 0.0
INFO: 14-07-2022 18:09:10 printStatus(168) -- Drogno_0: connecting	battery: 3.732421875	kalman var: 0.0 0.0 0.0	 batterySag: 0	link quality: 35	flight time: 0s	pos -0.07 -0.04 0.06	yaw: -3.01	msg/s 0.0
INFO: 14-07-2022 18:09:11 printStatus(168) -- Drogno_0: connecting	battery: 3.732421875	kalman var: 0.0 0.0 0.0	 batterySag: 0	link quality: 35	flight time: 0s	pos -0.02 -0.04 0.06	yaw: -0.85	msg/s 0.0
INFO: 14-07-2022 18:09:11 printStatus(168) -- Drogno_0: connecting	battery: 3.732421875	kalman var: 0.0 0.0 0.0	 batterySag: 0	link quality: 35	flight time: 0s	pos 0.01 -0.04 0.06	yaw: 0.29	msg/s 0.0
INFO: 14-07-2022 18:09:11 printStatus(168) -- Drogno_0: connecting	battery: 3.732421875	kalman var: 0.0 0.0 0.0	 batterySag: 0	link quality: 35	flight time: 0s	pos 0.04 -0.07 0.00	yaw: 7.34	msg/s 0.0
INFO: 14-07-2022 18:09:11 printStatus(168) -- Drogno_0: connecting	battery: 3.732421875	kalman var: 0.0 0.0 0.0	 batterySag: 0	link quality: 35	flight time: 0s	pos 0.07 -0.04 0.05	yaw: 6.24	msg/s 0.0
INFO: 14-07-2022 18:09:11 printStatus(168) -- Drogno_0: connecting	battery: 3.732421875	kalman var: 0.0 0.0 0.0	 batterySag: 0	link quality: 35	flight time: 0s	pos 0.08 -0.03 0.05	yaw: 5.36	msg/s 0.0
INFO: 14-07-2022 18:09:11 printStatus(168) -- Drogno_0: connecting	battery: 3.732421875	kalman var: 0.0 0.0 0.0	 batterySag: 0	link quality: 35	flight time: 0s	pos 0.04 -0.07 0.07	yaw: -6.19	msg/s 0.0
INFO: 14-07-2022 18:09:11 printStatus(168) -- Drogno_0: connecting	battery: 3.732421875	kalman var: 0.0 0.0 0.0	 batterySag: 0	link quality: 35	flight time: 0s	pos 0.01 -0.10 0.08	yaw: -10.59	msg/s 0.0
INFO: 14-07-2022 18:09:12 printStatus(168) -- Drogno_0: connecting	battery: 3.732421875	kalman var: 0.0 0.0 0.0	 batterySag: 0	link quality: 35	flight time: 0s	pos -0.02 -0.10 0.09	yaw: -13.80	msg/s 0.0
INFO: 14-07-2022 18:09:12 printStatus(168) -- Drogno_0: connecting	battery: 3.732421875	kalman var: 0.0 0.0 0.0	 batterySag: 0	link quality: 35	flight time: 0s	pos -0.07 -0.05 0.09	yaw: -11.09	msg/s 0.0
INFO: 14-07-2022 18:09:12 printStatus(168) -- Drogno_0: connecting	battery: 3.732421875	kalman var: 0.0 0.0 0.0	 batterySag: 0	link quality: 35	flight time: 0s	pos -0.10 -0.02 0.09	yaw: -9.98	msg/s 0.0
INFO: 14-07-2022 18:09:12 printStatus(168) -- Drogno_0: connecting	battery: 3.732421875	kalman var: 0.0 0.0 0.0	 batterySag: 0	link quality: 35	flight time: 0s	pos -0.13 0.00 0.08	yaw: -7.69	msg/s 0.0
INFO: 14-07-2022 18:09:12 printStatus(168) -- Drogno_0: connecting	battery: 3.732421875	kalman var: 0.0 0.0 0.0	 batterySag: 0	link quality: 35	flight time: 0s	pos -0.14 0.07 0.06	yaw: 1.30	msg/s 0.0
INFO: 14-07-2022 18:09:12 printStatus(168) -- Drogno_0: connecting	battery: 3.732421875	kalman var: 0.0 0.0 0.0	 batterySag: 0	link quality: 36	flight time: 0s	pos -0.13 0.09 0.06	yaw: 4.60	msg/s 0.0
INFO: 14-07-2022 18:09:13 printStatus(168) -- Drogno_0: connecting	battery: 3.732421875	kalman var: 0.0 0.0 0.0	 batterySag: 0	link quality: 38	flight time: 0s	pos -0.11 0.11 0.05	yaw: 6.11	msg/s 0.0
INFO: 14-07-2022 18:09:13 printStatus(168) -- Drogno_0: connecting	battery: 3.732421875	kalman var: 0.0 0.0 0.0	 batterySag: 0	link quality: 36	flight time: 0s	pos -0.09 0.13 0.04	yaw: 6.23	msg/s 0.0
INFO: 14-07-2022 18:09:13 printStatus(168) -- Drogno_0: connecting	battery: 3.732421875	kalman var: 0.0 0.0 0.0	 batterySag: 0	link quality: 35	flight time: 0s	pos -0.08 0.13 0.04	yaw: 6.05	msg/s 0.0
INFO: 14-07-2022 18:09:13 printStatus(168) -- Drogno_0: connecting	battery: 3.732421875	kalman var: 0.0 0.0 0.0	 batterySag: 0	link quality: 35	flight time: 0s	pos -0.08 0.14 0.04	yaw: 5.80	msg/s 0.0
INFO: 14-07-2022 18:09:13 printStatus(168) -- Drogno_0: connecting	battery: 3.732421875	kalman var: 0.0 0.0 0.0	 batterySag: 0	link quality: 35	flight time: 0s	pos -0.08 0.13 0.04	yaw: 5.35	msg/s 0.0
INFO: 14-07-2022 18:09:13 printStatus(168) -- Drogno_0: connecting	battery: 3.736328125	kalman var: 0.0 0.0 0.0	 batterySag: 0	link quality: 35	flight time: 0s	pos -0.08 0.09 0.05	yaw: 1.30	msg/s 0.0
INFO: 14-07-2022 18:09:13 printStatus(168) -- Drogno_0: connecting	battery: 3.732421875	kalman var: 0.0 0.0 0.0	 batterySag: 0	link quality: 35	flight time: 0s	pos -0.08 0.06 0.06	yaw: -4.12	msg/s 0.0
INFO: 14-07-2022 18:09:14 printStatus(168) -- Drogno_0: connecting	battery: 3.736328125	kalman var: 0.0 0.0 0.0	 batterySag: 0	link quality: 36	flight time: 0s	pos -0.09 0.02 0.10	yaw: -6.95	msg/s 0.0
INFO: 14-07-2022 18:09:14 printStatus(168) -- Drogno_0: connecting	battery: 3.732421875	kalman var: 0.0 0.0 0.0	 batterySag: 0	link quality: 36	flight time: 0s	pos -0.09 -0.02 0.17	yaw: -8.73	msg/s 0.0
INFO: 14-07-2022 18:09:14 printStatus(168) -- Drogno_0: connecting	battery: 3.732421875	kalman var: 0.001 0.001 0.001	 batterySag: 0	link quality: 35	flight time: 0s	pos -0.10 -0.03 0.22	yaw: -8.27	msg/s 0.0
INFO: 14-07-2022 18:09:14 printStatus(168) -- Drogno_0: connecting	battery: 3.732421875	kalman var: 0.001 0.001 0.001	 batterySag: 0	link quality: 35	flight time: 0s	pos -0.10 -0.03 0.24	yaw: -7.27	msg/s 0.0
INFO: 14-07-2022 18:09:14 printStatus(168) -- Drogno_0: connecting	battery: 3.732421875	kalman var: 0.001 0.001 0.001	 batterySag: 0	link quality: 35	flight time: 0s	pos -0.10 -0.02 0.22	yaw: -6.63	msg/s 0.0
INFO: 14-07-2022 18:09:14 printStatus(168) -- Drogno_0: connecting	battery: 3.732421875	kalman var: 0.0 0.0 0.0	 batterySag: 0	link quality: 37	flight time: 0s	pos -0.09 -0.01 0.15	yaw: -4.84	msg/s 0.0
INFO: 14-07-2022 18:09:15 printStatus(168) -- Drogno_0: connecting	battery: 3.732421875	kalman var: 0.0 0.0 0.0	 batterySag: 0	link quality: 43	flight time: 0s	pos -0.09 0.00 0.11	yaw: -4.56	msg/s 0.0
INFO: 14-07-2022 18:09:15 printStatus(168) -- Drogno_0: connecting	battery: 3.732421875	kalman var: 0.0 0.0 0.0	 batterySag: 0	link quality: 35	flight time: 0s	pos -0.08 -0.01 0.06	yaw: -3.52	msg/s 0.0
INFO: 14-07-2022 18:09:15 printStatus(168) -- Drogno_0: connecting	battery: 3.736328125	kalman var: 0.0 0.0 0.0	 batterySag: 0	link quality: 35	flight time: 0s	pos -0.08 -0.00 0.03	yaw: -2.82	msg/s 0.0
INFO: 14-07-2022 18:09:15 printStatus(168) -- Drogno_0: connecting	battery: 3.736328125	kalman var: 0.0 0.0 0.0	 batterySag: 0	link quality: 35	flight time: 0s	pos -0.09 -0.01 0.01	yaw: -2.52	msg/s 0.0
INFO: 14-07-2022 18:09:15 printStatus(168) -- Drogno_0: connecting	battery: 3.732421875	kalman var: 0.0 0.0 0.0	 batterySag: 0	link quality: 35	flight time: 0s	pos -0.09 -0.02 0.07	yaw: -4.54	msg/s 0.0
INFO: 14-07-2022 18:09:15 printStatus(168) -- Drogno_0: connecting	battery: 3.7265625	kalman var: 0.0 0.0 0.0	 batterySag: 0	link quality: 44	flight time: 0s	pos -0.08 -0.02 0.11	yaw: -5.59	msg/s 0.0
INFO: 14-07-2022 18:09:16 printStatus(168) -- Drogno_0: connecting	battery: 3.732421875	kalman var: 0.0 0.0 0.0	 batterySag: 0	link quality: 35	flight time: 0s	pos -0.09 -0.02 0.19	yaw: -5.84	msg/s 0.0
INFO: 14-07-2022 18:09:16 printStatus(168) -- Drogno_0: connecting	battery: 3.732421875	kalman var: 0.0 0.0 0.0	 batterySag: 0	link quality: 35	flight time: 0s	pos -0.09 -0.03 0.25	yaw: -6.07	msg/s 0.0
INFO: 14-07-2022 18:09:16 printStatus(168) -- Drogno_0: connecting	battery: 3.732421875	kalman var: 0.0 0.0 0.0	 batterySag: 0	link quality: 35	flight time: 0s	pos -0.10 -0.03 0.26	yaw: -6.11	msg/s 0.0
INFO: 14-07-2022 18:09:16 printStatus(168) -- Drogno_0: connecting	battery: 3.732421875	kalman var: 0.0 0.0 0.0	 batterySag: 0	link quality: 35	flight time: 0s	pos -0.10 -0.03 0.25	yaw: -5.82	msg/s 0.0
INFO: 14-07-2022 18:09:16 printStatus(168) -- Drogno_0: connecting	battery: 3.732421875	kalman var: 0.0 0.0 0.0	 batterySag: 0	link quality: 35	flight time: 0s	pos -0.08 -0.02 0.18	yaw: -5.32	msg/s 0.0
INFO: 14-07-2022 18:09:16 printStatus(168) -- Drogno_0: connecting	battery: 3.732421875	kalman var: 0.0 0.0 0.0	 batterySag: 0	link quality: 43	flight time: 0s	pos -0.08 -0.02 0.12	yaw: -4.07	msg/s 0.0
INFO: 14-07-2022 18:09:16 printStatus(168) -- Drogno_0: connecting	battery: 3.732421875	kalman var: 0.0 0.0 0.0	 batterySag: 0	link quality: 44	flight time: 0s	pos -0.07 -0.02 0.10	yaw: -3.92	msg/s 0.0
INFO: 14-07-2022 18:09:17 printStatus(168) -- Drogno_0: connecting	battery: 3.732421875	kalman var: 0.0 0.0 0.0	 batterySag: 0	link quality: 35	flight time: 0s	pos -0.07 -0.01 0.07	yaw: -3.48	msg/s 0.0
INFO: 14-07-2022 18:09:17 printStatus(168) -- Drogno_0: connecting	battery: 3.732421875	kalman var: 0.0 0.0 0.001	 batterySag: 0	link quality: 35	flight time: 0s	pos -0.06 0.00 0.03	yaw: -2.17	msg/s 0.0
INFO: 14-07-2022 18:09:17 printStatus(168) -- Drogno_0: connecting	battery: 3.732421875	kalman var: 0.0 0.0 0.0	 batterySag: 0	link quality: 35	flight time: 0s	pos -0.08 -0.01 0.00	yaw: -2.44	msg/s 0.0
INFO: 14-07-2022 18:09:17 printStatus(168) -- Drogno_0: connecting	battery: 3.732421875	kalman var: 0.0 0.0 0.0	 batterySag: 0	link quality: 35	flight time: 0s	pos -0.08 -0.01 -0.00	yaw: -2.67	msg/s 0.0
INFO: 14-07-2022 18:09:17 printStatus(168) -- Drogno_0: connecting	battery: 3.736328125	kalman var: 0.0 0.0 0.0	 batterySag: 0	link quality: 35	flight time: 0s	pos -0.09 -0.01 -0.00	yaw: -2.67	msg/s 0.0
INFO: 14-07-2022 18:09:17 printStatus(168) -- Drogno_0: connecting	battery: 3.732421875	kalman var: 0.0 0.0 0.0	 batterySag: 0	link quality: 35	flight time: 0s	pos -0.09 -0.01 -0.00	yaw: -2.77	msg/s 0.0
INFO: 14-07-2022 18:09:18 printStatus(168) -- Drogno_0: connecting	battery: 3.732421875	kalman var: 0.0 0.0 0.0	 batterySag: 0	link quality: 35	flight time: 0s	pos -0.08 -0.01 -0.00	yaw: -3.08	msg/s 0.0
INFO: 14-07-2022 18:09:18 printStatus(168) -- Drogno_0: connecting	battery: 3.732421875	kalman var: 0.0 0.0 0.0	 batterySag: 0	link quality: 35	flight time: 0s	pos -0.08 -0.01 -0.00	yaw: -3.61	msg/s 0.0
INFO: 14-07-2022 18:09:18 printStatus(168) -- Drogno_0: connecting	battery: 3.732421875	kalman var: 0.0 0.0 0.0	 batterySag: 0	link quality: 35	flight time: 0s	pos -0.08 -0.01 0.01	yaw: -3.53	msg/s 0.0
INFO: 14-07-2022 18:09:18 printStatus(168) -- Drogno_0: connecting	battery: 3.732421875	kalman var: 0.0 0.0 0.0	 batterySag: 0	link quality: 43	flight time: 0s	pos -0.09 -0.05 0.10	yaw: -7.01	msg/s 0.0
INFO: 14-07-2022 18:09:18 printStatus(168) -- Drogno_0: connecting	battery: 3.732421875	kalman var: 0.0 0.0 0.0	 batterySag: 0	link quality: 37	flight time: 0s	pos -0.10 -0.06 0.11	yaw: -9.45	msg/s 0.0
INFO: 14-07-2022 18:09:18 printStatus(168) -- Drogno_0: connecting	battery: 3.732421875	kalman var: 0.0 0.0 0.0	 batterySag: 0	link quality: 35	flight time: 0s	pos -0.12 -0.07 0.11	yaw: -14.55	msg/s 0.0
INFO: 14-07-2022 18:09:19 printStatus(168) -- Drogno_0: connecting	battery: 3.732421875	kalman var: 0.0 0.0 0.0	 batterySag: 0	link quality: 35	flight time: 0s	pos -0.13 -0.08 0.06	yaw: -17.86	msg/s 0.0
INFO: 14-07-2022 18:09:19 printStatus(168) -- Drogno_0: connecting	battery: 3.732421875	kalman var: 0.0 0.0 0.0	 batterySag: 0	link quality: 35	flight time: 0s	pos -0.13 -0.06 0.05	yaw: -15.05	msg/s 0.0
INFO: 14-07-2022 18:09:19 printStatus(168) -- Drogno_0: connecting	battery: 3.732421875	kalman var: 0.0 0.0 0.0	 batterySag: 0	link quality: 35	flight time: 0s	pos -0.11 0.01 0.03	yaw: -4.64	msg/s 0.0
INFO: 14-07-2022 18:09:19 printStatus(168) -- Drogno_0: connecting	battery: 3.732421875	kalman var: 0.0 0.0 0.0	 batterySag: 0	link quality: 35	flight time: 0s	pos -0.08 0.05 0.06	yaw: 0.10	msg/s 0.0
INFO: 14-07-2022 18:09:19 printStatus(168) -- Drogno_0: connecting	battery: 3.732421875	kalman var: 0.0 0.0 0.0	 batterySag: 0	link quality: 35	flight time: 0s	pos -0.08 0.05 0.09	yaw: -1.74	msg/s 0.0
INFO: 14-07-2022 18:09:19 printStatus(168) -- Drogno_0: connecting	battery: 3.732421875	kalman var: 0.0 0.0 0.0	 batterySag: 0	link quality: 35	flight time: 0s	pos -0.07 0.05 0.12	yaw: -4.19	msg/s 0.0
INFO: 14-07-2022 18:09:19 printStatus(168) -- Drogno_0: connecting	battery: 3.732421875	kalman var: 0.0 0.0 0.0	 batterySag: 0	link quality: 35	flight time: 0s	pos -0.07 0.05 0.12	yaw: -3.78	msg/s 0.0
INFO: 14-07-2022 18:09:20 printStatus(168) -- Drogno_0: connecting	battery: 3.732421875	kalman var: 0.0 0.0 0.0	 batterySag: 0	link quality: 35	flight time: 0s	pos -0.08 0.04 0.09	yaw: -12.91	msg/s 0.0
INFO: 14-07-2022 18:09:20 printStatus(168) -- Drogno_0: connecting	battery: 3.732421875	kalman var: 0.0 0.0 0.0	 batterySag: 0	link quality: 38	flight time: 0s	pos -0.09 0.01 0.08	yaw: -38.19	msg/s 0.0
INFO: 14-07-2022 18:09:20 printStatus(168) -- Drogno_0: connecting	battery: 3.732421875	kalman var: 0.0 0.0 0.0	 batterySag: 0	link quality: 37	flight time: 0s	pos -0.13 -0.00 0.04	yaw: -78.62	msg/s 0.0
INFO: 14-07-2022 18:09:20 printStatus(168) -- Drogno_0: connecting	battery: 3.732421875	kalman var: 0.0 0.0 0.0	 batterySag: 0	link quality: 36	flight time: 0s	pos -0.14 -0.00 0.03	yaw: -85.31	msg/s 0.0
INFO: 14-07-2022 18:09:20 printStatus(168) -- Drogno_0: connecting	battery: 3.732421875	kalman var: 0.0 0.0 0.0	 batterySag: 0	link quality: 35	flight time: 0s	pos -0.14 -0.01 0.04	yaw: -90.94	msg/s 0.0
INFO: 14-07-2022 18:09:20 printStatus(168) -- Drogno_0: connecting	battery: 3.732421875	kalman var: 0.0 0.0 0.0	 batterySag: 0	link quality: 35	flight time: 0s	pos -0.14 -0.02 0.04	yaw: -89.62	msg/s 0.0
INFO: 14-07-2022 18:09:20 printStatus(168) -- Drogno_0: connecting	battery: 3.732421875	kalman var: 0.0 0.0 0.0	 batterySag: 0	link quality: 35	flight time: 0s	pos -0.14 -0.02 0.04	yaw: -90.31	msg/s 0.0
INFO: 14-07-2022 18:09:21 printStatus(168) -- Drogno_0: connecting	battery: 3.732421875	kalman var: 0.0 0.0 0.0	 batterySag: 0	link quality: 36	flight time: 0s	pos -0.13 -0.04 0.05	yaw: -74.94	msg/s 0.0
INFO: 14-07-2022 18:09:21 printStatus(168) -- Drogno_0: connecting	battery: 3.732421875	kalman var: 0.0 0.0 0.0	 batterySag: 0	link quality: 35	flight time: 0s	pos -0.12 -0.04 0.05	yaw: -54.28	msg/s 0.0
INFO: 14-07-2022 18:09:21 printStatus(168) -- Drogno_0: connecting	battery: 3.732421875	kalman var: 0.0 0.0 0.0	 batterySag: 0	link quality: 35	flight time: 0s	pos -0.10 -0.03 0.05	yaw: -21.92	msg/s 0.0
INFO: 14-07-2022 18:09:21 printStatus(168) -- Drogno_0: connecting	battery: 3.732421875	kalman var: 0.0 0.0 0.0	 batterySag: 0	link quality: 35	flight time: 0s	pos -0.09 -0.01 0.03	yaw: 2.94	msg/s 0.0
INFO: 14-07-2022 18:09:21 printStatus(168) -- Drogno_0: connecting	battery: 3.732421875	kalman var: 0.0 0.0 0.001	 batterySag: 0	link quality: 35	flight time: 0s	pos -0.08 0.00 0.03	yaw: 12.38	msg/s 0.0
INFO: 14-07-2022 18:09:21 printStatus(168) -- Drogno_0: connecting	battery: 3.732421875	kalman var: 0.0 0.0 0.0	 batterySag: 0	link quality: 35	flight time: 0s	pos -0.08 0.04 0.04	yaw: 29.61	msg/s 0.0
INFO: 14-07-2022 18:09:21 printStatus(168) -- Drogno_0: connecting	battery: 3.732421875	kalman var: 0.0 0.0 0.0	 batterySag: 0	link quality: 35	flight time: 0s	pos -0.07 0.05 0.02	yaw: 41.12	msg/s 0.0
INFO: 14-07-2022 18:09:22 printStatus(168) -- Drogno_0: connecting	battery: 3.732421875	kalman var: 0.0 0.0 0.0	 batterySag: 0	link quality: 35	flight time: 0s	pos -0.07 0.05 0.02	yaw: 44.81	msg/s 0.0
INFO: 14-07-2022 18:09:22 printStatus(168) -- Drogno_0: connecting	battery: 3.732421875	kalman var: 0.0 0.0 0.0	 batterySag: 0	link quality: 35	flight time: 0s	pos -0.07 0.04 0.01	yaw: 36.41	msg/s 0.0
INFO: 14-07-2022 18:09:22 printStatus(168) -- Drogno_0: connecting	battery: 3.732421875	kalman var: 0.0 0.0 0.0	 batterySag: 0	link quality: 35	flight time: 0s	pos -0.07 0.03 0.02	yaw: 21.89	msg/s 0.0
INFO: 14-07-2022 18:09:22 printStatus(168) -- Drogno_0: connecting	battery: 3.732421875	kalman var: 0.0 0.0 0.0	 batterySag: 0	link quality: 35	flight time: 0s	pos -0.07 0.02 0.02	yaw: 6.54	msg/s 0.0
INFO: 14-07-2022 18:09:22 printStatus(168) -- Drogno_0: connecting	battery: 3.736328125	kalman var: 0.0 0.0 0.0	 batterySag: 0	link quality: 35	flight time: 0s	pos -0.08 0.01 0.02	yaw: -8.40	msg/s 0.0
INFO: 14-07-2022 18:09:22 printStatus(168) -- Drogno_0: connecting	battery: 3.732421875	kalman var: 0.0 0.0 0.0	 batterySag: 0	link quality: 35	flight time: 0s	pos -0.10 -0.01 0.03	yaw: -39.81	msg/s 0.0
INFO: 14-07-2022 18:09:22 printStatus(168) -- Drogno_0: connecting	battery: 3.736328125	kalman var: 0.0 0.0 0.0	 batterySag: 0	link quality: 35	flight time: 0s	pos -0.12 -0.02 0.03	yaw: -53.50	msg/s 0.0
INFO: 14-07-2022 18:09:23 printStatus(168) -- Drogno_0: connecting	battery: 3.732421875	kalman var: 0.0 0.0 0.0	 batterySag: 0	link quality: 46	flight time: 0s	pos -0.16 -0.03 0.03	yaw: -84.75	msg/s 0.0
INFO: 14-07-2022 18:09:23 printStatus(168) -- Drogno_0: connecting	battery: 3.732421875	kalman var: 0.0 0.0 0.0	 batterySag: 0	link quality: 37	flight time: 0s	pos -0.14 -0.03 0.04	yaw: -68.62	msg/s 0.0
INFO: 14-07-2022 18:09:23 printStatus(168) -- Drogno_0: connecting	battery: 3.732421875	kalman var: 0.0 0.0 0.0	 batterySag: 0	link quality: 35	flight time: 0s	pos -0.12 -0.03 0.03	yaw: -47.25	msg/s 0.0
INFO: 14-07-2022 18:09:23 printStatus(168) -- Drogno_0: connecting	battery: 3.732421875	kalman var: 0.0 0.0 0.0	 batterySag: 0	link quality: 35	flight time: 0s	pos -0.07 -0.02 0.01	yaw: -9.73	msg/s 0.0
INFO: 14-07-2022 18:09:23 printStatus(168) -- Drogno_0: connecting	battery: 3.732421875	kalman var: 0.0 0.0 0.0	 batterySag: 0	link quality: 35	flight time: 0s	pos -0.05 -0.01 0.00	yaw: 0.22	msg/s 0.0
INFO: 14-07-2022 18:09:23 printStatus(168) -- Drogno_0: connecting	battery: 3.732421875	kalman var: 0.0 0.0 0.001	 batterySag: 0	link quality: 35	flight time: 0s	pos -0.03 0.01 -0.00	yaw: 3.86	msg/s 0.0
INFO: 14-07-2022 18:09:24 printStatus(168) -- Drogno_0: connecting	battery: 3.732421875	kalman var: 0.001 0.001 0.001	 batterySag: 0	link quality: 35	flight time: 0s	pos -0.01 0.02 -0.01	yaw: 5.94	msg/s 0.0
INFO: 14-07-2022 18:09:24 printStatus(168) -- Drogno_0: connecting	battery: 3.732421875	kalman var: 0.0 0.0 0.0	 batterySag: 0	link quality: 35	flight time: 0s	pos -0.05 -0.00 -0.00	yaw: 5.06	msg/s 0.0
INFO: 14-07-2022 18:09:24 printStatus(168) -- Drogno_0: connecting	battery: 3.732421875	kalman var: 0.0 0.0 0.0	 batterySag: 0	link quality: 35	flight time: 0s	pos -0.05 -0.00 -0.00	yaw: 4.56	msg/s 0.0
INFO: 14-07-2022 18:09:24 printStatus(168) -- Drogno_0: connecting	battery: 3.732421875	kalman var: 0.0 0.0 0.0	 batterySag: 0	link quality: 35	flight time: 0s	pos -0.04 -0.00 -0.00	yaw: 4.38	msg/s 0.0
INFO: 14-07-2022 18:09:24 printStatus(168) -- Drogno_0: connecting	battery: 3.732421875	kalman var: 0.0 0.0 0.0	 batterySag: 0	link quality: 35	flight time: 0s	pos -0.04 -0.00 -0.00	yaw: 4.20	msg/s 0.0
INFO: 14-07-2022 18:09:24 printStatus(168) -- Drogno_0: connecting	battery: 3.732421875	kalman var: 0.0 0.0 0.0	 batterySag: 0	link quality: 35	flight time: 0s	pos -0.04 -0.00 -0.00	yaw: 4.09	msg/s 0.0
INFO: 14-07-2022 18:09:25 printStatus(168) -- Drogno_0: connecting	battery: 3.732421875	kalman var: 0.0 0.0 0.0	 batterySag: 0	link quality: 35	flight time: 0s	pos -0.04 -0.00 -0.00	yaw: 4.09	msg/s 0.0
INFO: 14-07-2022 18:09:25 printStatus(168) -- Drogno_0: connecting	battery: 3.732421875	kalman var: 0.0 0.0 0.0	 batterySag: 0	link quality: 35	flight time: 0s	pos -0.05 -0.00 -0.00	yaw: 4.00	msg/s 0.0
INFO: 14-07-2022 18:09:25 printStatus(168) -- Drogno_0: connecting	battery: 3.7265625	kalman var: 0.0 0.0 0.0	 batterySag: 0	link quality: 35	flight time: 0s	pos -0.05 -0.00 -0.00	yaw: 3.97	msg/s 0.0
INFO: 14-07-2022 18:09:25 printStatus(168) -- Drogno_0: connecting	battery: 3.732421875	kalman var: 0.0 0.0 0.0	 batterySag: 0	link quality: 35	flight time: 0s	pos -0.05 -0.00 -0.00	yaw: 3.91	msg/s 0.0
INFO: 14-07-2022 18:09:25 printStatus(168) -- Drogno_0: connecting	battery: 3.732421875	kalman var: 0.0 0.0 0.0	 batterySag: 0	link quality: 35	flight time: 0s	pos -0.05 -0.00 -0.00	yaw: 3.91	msg/s 0.0
INFO: 14-07-2022 18:09:25 printStatus(168) -- Drogno_0: connecting	battery: 3.732421875	kalman var: 0.0 0.0 0.0	 batterySag: 0	link quality: 35	flight time: 0s	pos -0.05 -0.00 -0.00	yaw: 3.88	msg/s 0.0
INFO: 14-07-2022 18:09:25 printStatus(168) -- Drogno_0: connecting	battery: 3.732421875	kalman var: 0.0 0.0 0.0	 batterySag: 0	link quality: 35	flight time: 0s	pos -0.05 -0.00 -0.00	yaw: 3.87	msg/s 0.0
INFO: 14-07-2022 18:09:26 printStatus(168) -- Drogno_0: connecting	battery: 3.732421875	kalman var: 0.0 0.0 0.0	 batterySag: 0	link quality: 35	flight time: 0s	pos -0.05 -0.00 -0.00	yaw: 3.83	msg/s 0.0
INFO: 14-07-2022 18:09:26 printStatus(168) -- Drogno_0: connecting	battery: 3.732421875	kalman var: 0.001 0.001 0.001	 batterySag: 0	link quality: 35	flight time: 0s	pos -0.05 -0.00 -0.00	yaw: 3.75	msg/s 0.0
INFO: 14-07-2022 18:09:26 printStatus(168) -- Drogno_0: connecting	battery: 3.732421875	kalman var: 0.0 0.0 0.0	 batterySag: 0	link quality: 35	flight time: 0s	pos -0.05 -0.00 -0.00	yaw: 3.70	msg/s 0.0
INFO: 14-07-2022 18:09:26 printStatus(168) -- Drogno_0: connecting	battery: 3.732421875	kalman var: 0.0 0.0 0.0	 batterySag: 0	link quality: 35	flight time: 0s	pos -0.05 -0.00 -0.00	yaw: 3.67	msg/s 0.0
INFO: 14-07-2022 18:09:26 printStatus(168) -- Drogno_0: connecting	battery: 3.732421875	kalman var: 0.0 0.0 0.0	 batterySag: 0	link quality: 35	flight time: 0s	pos -0.05 -0.00 -0.00	yaw: 3.74	msg/s 0.0
INFO: 14-07-2022 18:09:26 printStatus(168) -- Drogno_0: connecting	battery: 3.732421875	kalman var: 0.0 0.0 0.0	 batterySag: 0	link quality: 35	flight time: 0s	pos -0.04 -0.00 -0.00	yaw: 3.77	msg/s 0.0
INFO: 14-07-2022 18:09:26 printStatus(168) -- Drogno_0: connecting	battery: 3.732421875	kalman var: 0.0 0.0 0.0	 batterySag: 0	link quality: 35	flight time: 0s	pos -0.04 -0.00 -0.00	yaw: 3.81	msg/s 0.0
INFO: 14-07-2022 18:09:27 printStatus(168) -- Drogno_0: connecting	battery: 3.732421875	kalman var: 0.0 0.0 0.0	 batterySag: 0	link quality: 35	flight time: 0s	pos -0.05 -0.04 0.00	yaw: 6.36	msg/s 0.0
INFO: 14-07-2022 18:09:27 printStatus(168) -- Drogno_0: connecting	battery: 3.732421875	kalman var: 0.0 0.001 0.001	 batterySag: 0	link quality: 35	flight time: 0s	pos -0.06 -0.06 0.01	yaw: 6.05	msg/s 0.0
INFO: 14-07-2022 18:09:27 printStatus(168) -- Drogno_0: connecting	battery: 3.732421875	kalman var: 0.001 0.001 0.001	 batterySag: 0	link quality: 35	flight time: 0s	pos -0.06 -0.08 0.02	yaw: 5.14	msg/s 0.0
INFO: 14-07-2022 18:09:27 printStatus(168) -- Drogno_0: connecting	battery: 3.732421875	kalman var: 0.001 0.001 0.001	 batterySag: 0	link quality: 35	flight time: 0s	pos -0.07 -0.12 0.03	yaw: -54.16	msg/s 0.0
INFO: 14-07-2022 18:09:27 printStatus(168) -- Drogno_0: connecting	battery: 3.732421875	kalman var: 0.001 0.001 0.001	 batterySag: 0	link quality: 35	flight time: 0s	pos -0.07 -0.15 0.04	yaw: -88.50	msg/s 0.0
INFO: 14-07-2022 18:09:27 printStatus(168) -- Drogno_0: connecting	battery: 3.732421875	kalman var: 0.002 0.001 0.001	 batterySag: 0	link quality: 35	flight time: 0s	pos -0.09 -0.18 0.04	yaw: -117.19	msg/s 0.0
INFO: 14-07-2022 18:09:27 printStatus(168) -- Drogno_0: connecting	battery: 3.732421875	kalman var: 0.002 0.002 0.001	 batterySag: 0	link quality: 35	flight time: 0s	pos -0.10 -0.20 0.05	yaw: -134.62	msg/s 0.0
INFO: 14-07-2022 18:09:28 printStatus(168) -- Drogno_0: connecting	battery: 3.732421875	kalman var: 0.002 0.002 0.001	 batterySag: 0	link quality: 35	flight time: 0s	pos -0.11 -0.24 0.05	yaw: -159.75	msg/s 0.0
INFO: 14-07-2022 18:09:28 printStatus(168) -- Drogno_0: connecting	battery: 3.732421875	kalman var: 0.002 0.002 0.001	 batterySag: 0	link quality: 35	flight time: 0s	pos -0.12 -0.27 0.05	yaw: -151.88	msg/s 0.0
INFO: 14-07-2022 18:09:28 printStatus(168) -- Drogno_0: connecting	battery: 3.732421875	kalman var: 0.003 0.004 0.002	 batterySag: 0	link quality: 35	flight time: 0s	pos -0.12 -0.31 0.06	yaw: -67.81	msg/s 0.0
INFO: 14-07-2022 18:09:28 printStatus(168) -- Drogno_0: connecting	battery: 3.732421875	kalman var: 0.004 0.005 0.002	 batterySag: 0	link quality: 35	flight time: 0s	pos -0.12 -0.35 0.07	yaw: -7.22	msg/s 0.0
INFO: 14-07-2022 18:09:28 printStatus(168) -- Drogno_0: connecting	battery: 3.732421875	kalman var: 0.005 0.006 0.002	 batterySag: 0	link quality: 35	flight time: 0s	pos -0.13 -0.38 0.06	yaw: 5.18	msg/s 0.0
INFO: 14-07-2022 18:09:28 printStatus(168) -- Drogno_0: connecting	battery: 3.732421875	kalman var: 0.006 0.007 0.002	 batterySag: 0	link quality: 35	flight time: 0s	pos -0.13 -0.45 0.06	yaw: 10.66	msg/s 0.0
INFO: 14-07-2022 18:09:29 printStatus(168) -- Drogno_0: connecting	battery: 3.732421875	kalman var: 0.007 0.007 0.002	 batterySag: 0	link quality: 35	flight time: 0s	pos -0.12 -0.50 0.06	yaw: 13.95	msg/s 0.0
INFO: 14-07-2022 18:09:29 printStatus(168) -- Drogno_0: connecting	battery: 3.732421875	kalman var: 0.008 0.009 0.003	 batterySag: 0	link quality: 35	flight time: 0s	pos -0.12 -0.58 0.05	yaw: 11.73	msg/s 0.0
INFO: 14-07-2022 18:09:29 printStatus(168) -- Drogno_0: connecting	battery: 3.732421875	kalman var: 0.009 0.01 0.003	 batterySag: 0	link quality: 35	flight time: 0s	pos -0.11 -0.62 0.05	yaw: 14.80	msg/s 0.0
INFO: 14-07-2022 18:09:29 printStatus(168) -- Drogno_0: connecting	battery: 3.732421875	kalman var: 0.011 0.012 0.003	 batterySag: 0	link quality: 35	flight time: 0s	pos -0.10 -0.72 0.05	yaw: 18.25	msg/s 0.0
INFO: 14-07-2022 18:09:29 printStatus(168) -- Drogno_0: connecting	battery: 3.732421875	kalman var: 0.012 0.013 0.003	 batterySag: 0	link quality: 35	flight time: 0s	pos -0.08 -0.77 0.06	yaw: 17.77	msg/s 0.0
INFO: 14-07-2022 18:09:29 printStatus(168) -- Drogno_0: connecting	battery: 3.732421875	kalman var: 0.014 0.015 0.003	 batterySag: 0	link quality: 35	flight time: 0s	pos -0.05 -0.87 0.06	yaw: 15.68	msg/s 0.0
INFO: 14-07-2022 18:09:30 printStatus(168) -- Drogno_0: connecting	battery: 3.732421875	kalman var: 0.017 0.018 0.003	 batterySag: 0	link quality: 35	flight time: 0s	pos -0.02 -0.98 0.06	yaw: 15.31	msg/s 0.0
INFO: 14-07-2022 18:09:30 printStatus(168) -- Drogno_0: connecting	battery: 3.732421875	kalman var: 0.018 0.019 0.004	 batterySag: 0	link quality: 35	flight time: 0s	pos 0.00 -1.03 0.06	yaw: 15.16	msg/s 0.0
INFO: 14-07-2022 18:09:30 printStatus(168) -- Drogno_0: connecting	battery: 3.732421875	kalman var: 0.0 0.0 0.0	 batterySag: 0	link quality: 35	flight time: 0s	pos -0.04 0.00 -0.01	yaw: 2.76	msg/s 0.0
INFO: 14-07-2022 18:09:30 printStatus(168) -- Drogno_0: connecting	battery: 3.732421875	kalman var: 0.0 0.0 0.0	 batterySag: 0	link quality: 35	flight time: 0s	pos -0.04 -0.00 -0.00	yaw: 5.26	msg/s 0.0
INFO: 14-07-2022 18:09:30 printStatus(168) -- Drogno_0: connecting	battery: 3.732421875	kalman var: 0.0 0.0 0.0	 batterySag: 0	link quality: 35	flight time: 0s	pos -0.04 -0.00 -0.00	yaw: 5.20	msg/s 0.0
INFO: 14-07-2022 18:09:30 printStatus(168) -- Drogno_0: connecting	battery: 3.732421875	kalman var: 0.001 0.001 0.0	 batterySag: 0	link quality: 35	flight time: 0s	pos -0.04 -0.00 -0.00	yaw: 5.10	msg/s 0.0
INFO: 14-07-2022 18:09:30 printStatus(168) -- Drogno_0: connecting	battery: 3.732421875	kalman var: 0.002 0.002 0.001	 batterySag: 0	link quality: 35	flight time: 0s	pos -0.04 -0.00 -0.00	yaw: 5.05	msg/s 0.0
INFO: 14-07-2022 18:09:31 printStatus(168) -- Drogno_0: connecting	battery: 3.732421875	kalman var: 0.003 0.003 0.001	 batterySag: 0	link quality: 35	flight time: 0s	pos -0.05 -0.00 -0.00	yaw: 4.95	msg/s 0.0
INFO: 14-07-2022 18:09:31 printStatus(168) -- Drogno_0: connecting	battery: 3.732421875	kalman var: 0.0 0.0 0.0	 batterySag: 0	link quality: 35	flight time: 0s	pos -0.04 -0.00 -0.00	yaw: 5.19	msg/s 0.0
INFO: 14-07-2022 18:09:31 printStatus(168) -- Drogno_0: connecting	battery: 3.732421875	kalman var: 0.0 0.0 0.0	 batterySag: 0	link quality: 35	flight time: 0s	pos -0.04 -0.00 -0.00	yaw: 5.23	msg/s 0.0
INFO: 14-07-2022 18:09:31 printStatus(168) -- Drogno_0: connecting	battery: 3.732421875	kalman var: 0.0 0.0 0.0	 batterySag: 0	link quality: 35	flight time: 0s	pos -0.04 -0.00 -0.00	yaw: 5.35	msg/s 0.0
INFO: 14-07-2022 18:09:31 printStatus(168) -- Drogno_0: connecting	battery: 3.732421875	kalman var: 0.0 0.0 0.0	 batterySag: 0	link quality: 35	flight time: 0s	pos -0.04 -0.00 -0.00	yaw: 5.32	msg/s 0.0
INFO: 14-07-2022 18:09:31 printStatus(168) -- Drogno_0: connecting	battery: 3.732421875	kalman var: 0.0 0.0 0.0	 batterySag: 0	link quality: 35	flight time: 0s	pos -0.04 -0.00 -0.00	yaw: 5.39	msg/s 0.0
INFO: 14-07-2022 18:09:31 printStatus(168) -- Drogno_0: connecting	battery: 3.732421875	kalman var: 0.0 0.0 0.0	 batterySag: 0	link quality: 35	flight time: 0s	pos -0.04 -0.00 -0.00	yaw: 5.38	msg/s 0.0
INFO: 14-07-2022 18:09:32 printStatus(168) -- Drogno_0: connecting	battery: 3.732421875	kalman var: 0.0 0.0 0.0	 batterySag: 0	link quality: 35	flight time: 0s	pos -0.04 -0.00 -0.00	yaw: 5.42	msg/s 0.0
INFO: 14-07-2022 18:09:32 printStatus(168) -- Drogno_0: connecting	battery: 3.732421875	kalman var: 0.0 0.0 0.0	 batterySag: 0	link quality: 35	flight time: 0s	pos -0.04 -0.00 -0.00	yaw: 5.42	msg/s 0.0
INFO: 14-07-2022 18:09:32 printStatus(168) -- Drogno_0: connecting	battery: 3.732421875	kalman var: 0.0 0.0 0.0	 batterySag: 0	link quality: 37	flight time: 0s	pos -0.04 -0.00 -0.00	yaw: 5.38	msg/s 0.0
INFO: 14-07-2022 18:09:32 printStatus(168) -- Drogno_0: connecting	battery: 3.732421875	kalman var: 0.0 0.0 0.0	 batterySag: 0	link quality: 36	flight time: 0s	pos -0.04 -0.00 -0.00	yaw: 5.32	msg/s 0.0
INFO: 14-07-2022 18:09:32 printStatus(168) -- Drogno_0: connecting	battery: 3.732421875	kalman var: 0.0 0.0 0.0	 batterySag: 0	link quality: 35	flight time: 0s	pos -0.04 -0.00 -0.00	yaw: 5.38	msg/s 0.0
INFO: 14-07-2022 18:09:32 printStatus(168) -- Drogno_0: connecting	battery: 3.732421875	kalman var: 0.0 0.0 0.0	 batterySag: 0	link quality: 35	flight time: 0s	pos -0.04 -0.00 -0.00	yaw: 5.38	msg/s 0.0
INFO: 14-07-2022 18:09:33 printStatus(168) -- Drogno_0: connecting	battery: 3.732421875	kalman var: 0.0 0.0 0.0	 batterySag: 0	link quality: 35	flight time: 0s	pos -0.04 -0.00 -0.00	yaw: 5.32	msg/s 0.0
INFO: 14-07-2022 18:09:33 printStatus(168) -- Drogno_0: connecting	battery: 3.732421875	kalman var: 0.0 0.0 0.0	 batterySag: 0	link quality: 35	flight time: 0s	pos -0.04 -0.00 -0.00	yaw: 5.27	msg/s 0.0
INFO: 14-07-2022 18:09:33 printStatus(168) -- Drogno_0: connecting	battery: 3.732421875	kalman var: 0.001 0.001 0.001	 batterySag: 0	link quality: 35	flight time: 0s	pos -0.04 -0.00 -0.00	yaw: 5.12	msg/s 0.0
INFO: 14-07-2022 18:09:33 printStatus(168) -- Drogno_0: connecting	battery: 3.732421875	kalman var: 0.001 0.001 0.001	 batterySag: 0	link quality: 37	flight time: 0s	pos -0.04 -0.00 -0.00	yaw: 5.07	msg/s 0.0
INFO: 14-07-2022 18:09:33 printStatus(168) -- Drogno_0: connecting	battery: 3.732421875	kalman var: 0.0 0.0 0.0	 batterySag: 0	link quality: 37	flight time: 0s	pos -0.04 -0.00 -0.00	yaw: 5.33	msg/s 0.0
INFO: 14-07-2022 18:09:33 printStatus(168) -- Drogno_0: connecting	battery: 3.732421875	kalman var: 0.0 0.0 0.0	 batterySag: 0	link quality: 37	flight time: 0s	pos -0.04 -0.00 -0.00	yaw: 5.50	msg/s 0.0
INFO: 14-07-2022 18:09:33 printStatus(168) -- Drogno_0: connecting	battery: 3.732421875	kalman var: 0.0 0.0 0.0	 batterySag: 0	link quality: 36	flight time: 0s	pos -0.04 -0.00 -0.00	yaw: 5.42	msg/s 0.0
INFO: 14-07-2022 18:09:34 printStatus(168) -- Drogno_0: connecting	battery: 3.732421875	kalman var: 0.0 0.0 0.0	 batterySag: 0	link quality: 35	flight time: 0s	pos -0.04 -0.00 -0.00	yaw: 5.43	msg/s 0.0
INFO: 14-07-2022 18:09:34 printStatus(168) -- Drogno_0: connecting	battery: 3.732421875	kalman var: 0.0 0.0 0.0	 batterySag: 0	link quality: 35	flight time: 0s	pos -0.04 -0.00 -0.00	yaw: 5.40	msg/s 0.0
INFO: 14-07-2022 18:09:34 printStatus(168) -- Drogno_0: connecting	battery: 3.732421875	kalman var: 0.0 0.0 0.0	 batterySag: 0	link quality: 35	flight time: 0s	pos -0.04 -0.00 -0.00	yaw: 5.50	msg/s 0.0
INFO: 14-07-2022 18:09:34 printStatus(168) -- Drogno_0: connecting	battery: 3.7265625	kalman var: 0.0 0.0 0.0	 batterySag: 0	link quality: 35	flight time: 0s	pos -0.04 -0.00 -0.00	yaw: 5.52	msg/s 0.0
INFO: 14-07-2022 18:09:34 printStatus(168) -- Drogno_0: connecting	battery: 3.732421875	kalman var: 0.0 0.0 0.0	 batterySag: 0	link quality: 35	flight time: 0s	pos -0.04 -0.00 -0.00	yaw: 5.48	msg/s 0.0
INFO: 14-07-2022 18:09:34 printStatus(168) -- Drogno_0: connecting	battery: 3.732421875	kalman var: 0.0 0.0 0.0	 batterySag: 0	link quality: 35	flight time: 0s	pos -0.04 -0.00 -0.00	yaw: 5.44	msg/s 0.0
INFO: 14-07-2022 18:09:35 printStatus(168) -- Drogno_0: connecting	battery: 3.732421875	kalman var: 0.0 0.0 0.0	 batterySag: 0	link quality: 35	flight time: 0s	pos -0.04 -0.00 -0.00	yaw: 5.47	msg/s 0.0
INFO: 14-07-2022 18:09:35 printStatus(168) -- Drogno_0: connecting	battery: 3.732421875	kalman var: 0.0 0.0 0.0	 batterySag: 0	link quality: 35	flight time: 0s	pos -0.04 -0.00 -0.00	yaw: 5.46	msg/s 0.0
INFO: 14-07-2022 18:09:35 printStatus(168) -- Drogno_0: connecting	battery: 3.732421875	kalman var: 0.0 0.0 0.0	 batterySag: 0	link quality: 35	flight time: 0s	pos -0.04 -0.00 -0.00	yaw: 5.43	msg/s 0.0
INFO: 14-07-2022 18:09:35 printStatus(168) -- Drogno_0: connecting	battery: 3.732421875	kalman var: 0.0 0.0 0.0	 batterySag: 0	link quality: 35	flight time: 0s	pos -0.04 -0.00 -0.00	yaw: 5.38	msg/s 0.0
INFO: 14-07-2022 18:09:35 printStatus(168) -- Drogno_0: connecting	battery: 3.732421875	kalman var: 0.0 0.0 0.0	 batterySag: 0	link quality: 35	flight time: 0s	pos -0.04 -0.00 -0.00	yaw: 5.39	msg/s 0.0
INFO: 14-07-2022 18:09:35 printStatus(168) -- Drogno_0: connecting	battery: 3.732421875	kalman var: 0.0 0.0 0.0	 batterySag: 0	link quality: 35	flight time: 0s	pos -0.03 -0.00 -0.00	yaw: 5.28	msg/s 0.0
INFO: 14-07-2022 18:09:35 printStatus(168) -- Drogno_0: connecting	battery: 3.732421875	kalman var: 0.0 0.0 0.001	 batterySag: 0	link quality: 35	flight time: 0s	pos -0.03 -0.00 -0.00	yaw: 5.22	msg/s 0.0
INFO: 14-07-2022 18:09:35 printStatus(168) -- Drogno_0: connecting	battery: 3.732421875	kalman var: 0.0 0.001 0.001	 batterySag: 0	link quality: 35	flight time: 0s	pos -0.03 -0.00 -0.00	yaw: 5.17	msg/s 0.0
INFO: 14-07-2022 18:09:36 printStatus(168) -- Drogno_0: connecting	battery: 3.7265625	kalman var: 0.0 0.0 0.0	 batterySag: 0	link quality: 35	flight time: 0s	pos -0.04 -0.00 -0.00	yaw: 5.39	msg/s 0.0
INFO: 14-07-2022 18:09:36 printStatus(168) -- Drogno_0: connecting	battery: 3.732421875	kalman var: 0.0 0.0 0.0	 batterySag: 0	link quality: 35	flight time: 0s	pos -0.04 -0.00 -0.00	yaw: 5.46	msg/s 0.0
INFO: 14-07-2022 18:09:36 printStatus(168) -- Drogno_0: connecting	battery: 3.732421875	kalman var: 0.0 0.0 0.0	 batterySag: 0	link quality: 35	flight time: 0s	pos -0.04 -0.00 -0.00	yaw: 5.46	msg/s 0.0
INFO: 14-07-2022 18:09:36 printStatus(168) -- Drogno_0: connecting	battery: 3.732421875	kalman var: 0.0 0.0 0.0	 batterySag: 0	link quality: 35	flight time: 0s	pos -0.04 -0.00 -0.00	yaw: 5.41	msg/s 0.0
INFO: 14-07-2022 18:09:36 printStatus(168) -- Drogno_0: connecting	battery: 3.732421875	kalman var: 0.0 0.0 0.0	 batterySag: 0	link quality: 36	flight time: 0s	pos -0.04 -0.00 -0.00	yaw: 5.44	msg/s 0.0
INFO: 14-07-2022 18:09:36 printStatus(168) -- Drogno_0: connecting	battery: 3.732421875	kalman var: 0.0 0.0 0.0	 batterySag: 0	link quality: 36	flight time: 0s	pos -0.04 -0.00 -0.00	yaw: 5.47	msg/s 0.0
INFO: 14-07-2022 18:09:37 printStatus(168) -- Drogno_0: connecting	battery: 3.732421875	kalman var: 0.0 0.0 0.0	 batterySag: 0	link quality: 36	flight time: 0s	pos -0.04 -0.00 -0.00	yaw: 5.53	msg/s 0.0
INFO: 14-07-2022 18:09:37 printStatus(168) -- Drogno_0: connecting	battery: 3.732421875	kalman var: 0.0 0.0 0.0	 batterySag: 0	link quality: 36	flight time: 0s	pos -0.04 -0.00 -0.00	yaw: 5.55	msg/s 0.0
INFO: 14-07-2022 18:09:37 printStatus(168) -- Drogno_0: connecting	battery: 3.732421875	kalman var: 0.0 0.0 0.0	 batterySag: 0	link quality: 36	flight time: 0s	pos -0.04 -0.00 -0.00	yaw: 5.55	msg/s 0.0
INFO: 14-07-2022 18:09:37 printStatus(168) -- Drogno_0: connecting	battery: 3.732421875	kalman var: 0.0 0.0 0.0	 batterySag: 0	link quality: 36	flight time: 0s	pos -0.04 -0.00 -0.00	yaw: 5.57	msg/s 0.0
INFO: 14-07-2022 18:09:37 printStatus(168) -- Drogno_0: connecting	battery: 3.732421875	kalman var: 0.0 0.0 0.0	 batterySag: 0	link quality: 36	flight time: 0s	pos -0.04 -0.00 -0.00	yaw: 5.55	msg/s 0.0
INFO: 14-07-2022 18:09:37 printStatus(168) -- Drogno_0: connecting	battery: 3.732421875	kalman var: 0.0 0.0 0.0	 batterySag: 0	link quality: 36	flight time: 0s	pos -0.04 -0.00 -0.00	yaw: 5.55	msg/s 0.0
