INFO: 12-10-2021 14:11:19 __init__(130) -- This is dronelog running on Drogno_5
INFO: 12-10-2021 14:11:19 printStatus(166) -- Started
INFO: 12-10-2021 14:11:20 printStatus(169) -- Drogno_5: connecting	battery: n.p.	kalman var: 0 0 0	 batterySag: 0	link quality: 0	flight time: 0s	pos 0.00 0.00 0.00	yaw: 0.00	msg/s 0.0
INFO: 12-10-2021 14:11:22 printStatus(169) -- Drogno_5: connecting	battery: n.p.	kalman var: 0 0 0	 batterySag: 0	link quality: 0	flight time: 0s	pos 0.00 0.00 0.00	yaw: 0.00	msg/s 0.0
INFO: 12-10-2021 14:11:23 printStatus(169) -- Drogno_5: connecting	battery: n.p.	kalman var: 0 0 0	 batterySag: 0	link quality: 0	flight time: 0s	pos 0.00 0.00 0.00	yaw: 0.00	msg/s 0.0
INFO: 12-10-2021 14:11:24 printStatus(169) -- Drogno_5: landed	battery: n.p.	kalman var: 0 0 0	 batterySag: 0	link quality: 0	flight time: 0s	pos 0.00 0.00 0.00	yaw: 0.00	msg/s 0.0
INFO: 12-10-2021 14:11:25 printStatus(169) -- Drogno_5: landed	battery: n.p.	kalman var: 0 0 0	 batterySag: 0	link quality: 0	flight time: 0s	pos 0.00 0.00 0.00	yaw: 0.00	msg/s 0.0
INFO: 12-10-2021 14:11:26 printStatus(169) -- Drogno_5: ready	battery: 4.12	kalman var: 0.002 0.002 0.001	 batterySag: 0.744	link quality: 51	flight time: 0s	pos 0.68 -0.49 -0.00	yaw: 0.57	msg/s 0.0
INFO: 12-10-2021 14:11:28 printStatus(169) -- Drogno_5: ready	battery: 4.12	kalman var: 0.0 0.0 0.0	 batterySag: 0.744	link quality: 50	flight time: 0s	pos 0.68 -0.49 -0.00	yaw: 0.47	msg/s 0.0
INFO: 12-10-2021 14:11:29 printStatus(169) -- Drogno_5: ready	battery: 4.13	kalman var: 0.0 0.0 0.0	 batterySag: 0.744	link quality: 50	flight time: 0s	pos 0.68 -0.49 -0.00	yaw: 0.45	msg/s 0.0
INFO: 12-10-2021 14:11:30 printStatus(169) -- Drogno_5: ready	battery: 4.12	kalman var: 0.0 0.0 0.0	 batterySag: 0.744	link quality: 51	flight time: 0s	pos 0.68 -0.49 -0.00	yaw: 0.45	msg/s 0.0
INFO: 12-10-2021 14:11:32 printStatus(169) -- Drogno_5: ready	battery: 4.13	kalman var: 0.0 0.0 0.0	 batterySag: 0.744	link quality: 51	flight time: 0s	pos 0.68 -0.49 -0.00	yaw: 0.46	msg/s 0.0
INFO: 12-10-2021 14:11:33 printStatus(169) -- Drogno_5: ready	battery: 4.12	kalman var: 0.001 0.001 0.001	 batterySag: 0.744	link quality: 51	flight time: 0s	pos 0.68 -0.49 -0.00	yaw: 0.42	msg/s 0.0
INFO: 12-10-2021 14:11:34 printStatus(169) -- Drogno_5: ready	battery: 4.12	kalman var: 0.0 0.0 0.0	 batterySag: 0.744	link quality: 50	flight time: 0s	pos 0.68 -0.49 -0.00	yaw: 0.43	msg/s 0.0
INFO: 12-10-2021 14:11:35 printStatus(169) -- Drogno_5: ready	battery: 4.12	kalman var: 0.0 0.0 0.0	 batterySag: 0.744	link quality: 50	flight time: 0s	pos 0.68 -0.49 -0.00	yaw: 0.47	msg/s 0.0
INFO: 12-10-2021 14:11:36 printStatus(169) -- Drogno_5: ready	battery: 4.12	kalman var: 0.0 0.0 0.0	 batterySag: 0.744	link quality: 51	flight time: 0s	pos 0.68 -0.49 -0.00	yaw: 0.46	msg/s 0.0
INFO: 12-10-2021 14:11:37 printStatus(169) -- Drogno_5: ready	battery: 4.12	kalman var: 0.0 0.0 0.0	 batterySag: 0.744	link quality: 50	flight time: 0s	pos 0.68 -0.49 -0.00	yaw: 0.45	msg/s 0.0
INFO: 12-10-2021 14:11:39 printStatus(169) -- Drogno_5: ready	battery: 4.12	kalman var: 0.0 0.0 0.0	 batterySag: 0.744	link quality: 51	flight time: 0s	pos 0.68 -0.49 -0.00	yaw: 0.43	msg/s 0.0
INFO: 12-10-2021 14:11:40 printStatus(169) -- Drogno_5: ready	battery: 4.12	kalman var: 0.0 0.0 0.0	 batterySag: 0.744	link quality: 51	flight time: 0s	pos 0.68 -0.49 -0.00	yaw: 0.45	msg/s 0.0
INFO: 12-10-2021 14:11:41 printStatus(169) -- Drogno_5: ready	battery: 4.12	kalman var: 0.0 0.0 0.0	 batterySag: 0.744	link quality: 50	flight time: 0s	pos 0.68 -0.49 -0.00	yaw: 0.44	msg/s 0.0
INFO: 12-10-2021 14:11:42 printStatus(169) -- Drogno_5: ready	battery: 4.12	kalman var: 0.0 0.0 0.0	 batterySag: 0.744	link quality: 50	flight time: 0s	pos 0.68 -0.49 -0.00	yaw: 0.42	msg/s 0.0
INFO: 12-10-2021 14:11:43 printStatus(169) -- Drogno_5: ready	battery: 4.12	kalman var: 0.0 0.0 0.0	 batterySag: 0.744	link quality: 50	flight time: 0s	pos 0.68 -0.49 -0.00	yaw: 0.43	msg/s 0.0
INFO: 12-10-2021 14:11:44 printStatus(169) -- Drogno_5: ready	battery: 4.12	kalman var: 0.0 0.0 0.0	 batterySag: 0.744	link quality: 51	flight time: 0s	pos 0.68 -0.49 -0.00	yaw: 0.43	msg/s 0.0
INFO: 12-10-2021 14:11:46 printStatus(169) -- Drogno_5: ready	battery: 4.12	kalman var: 0.001 0.001 0.001	 batterySag: 0.744	link quality: 51	flight time: 0s	pos 0.68 -0.49 -0.00	yaw: 0.46	msg/s 0.0
INFO: 12-10-2021 14:11:47 printStatus(169) -- Drogno_5: ready	battery: 4.12	kalman var: 0.0 0.0 0.0	 batterySag: 0.744	link quality: 51	flight time: 0s	pos 0.68 -0.49 -0.00	yaw: 0.44	msg/s 0.0
INFO: 12-10-2021 14:11:48 printStatus(169) -- Drogno_5: ready	battery: 4.12	kalman var: 0.0 0.0 0.0	 batterySag: 0.744	link quality: 50	flight time: 0s	pos 0.68 -0.49 -0.00	yaw: 0.43	msg/s 0.0
INFO: 12-10-2021 14:11:49 printStatus(169) -- Drogno_5: ready	battery: 4.12	kalman var: 0.0 0.0 0.0	 batterySag: 0.744	link quality: 51	flight time: 0s	pos 0.68 -0.49 -0.00	yaw: 0.44	msg/s 0.0
INFO: 12-10-2021 14:11:50 printStatus(169) -- Drogno_5: ready	battery: 4.12	kalman var: 0.0 0.0 0.0	 batterySag: 0.744	link quality: 51	flight time: 0s	pos 0.68 -0.49 -0.00	yaw: 0.42	msg/s 0.0
INFO: 12-10-2021 14:11:51 printStatus(169) -- Drogno_5: ready	battery: 4.12	kalman var: 0.0 0.0 0.001	 batterySag: 0.744	link quality: 51	flight time: 0s	pos 0.68 -0.49 -0.00	yaw: 0.42	msg/s 0.0
INFO: 12-10-2021 14:11:53 printStatus(169) -- Drogno_5: ready	battery: 4.12	kalman var: 0.0 0.0 0.0	 batterySag: 0.744	link quality: 51	flight time: 0s	pos 0.68 -0.49 -0.00	yaw: 0.41	msg/s 0.0
INFO: 12-10-2021 14:11:54 printStatus(169) -- Drogno_5: ready	battery: 4.12	kalman var: 0.0 0.0 0.0	 batterySag: 0.744	link quality: 51	flight time: 0s	pos 0.68 -0.49 -0.00	yaw: 0.44	msg/s 0.0
INFO: 12-10-2021 14:11:55 printStatus(169) -- Drogno_5: ready	battery: 4.12	kalman var: 0.0 0.0 0.0	 batterySag: 0.744	link quality: 51	flight time: 0s	pos 0.68 -0.49 -0.00	yaw: 0.45	msg/s 0.0
INFO: 12-10-2021 14:11:57 printStatus(169) -- Drogno_5: ready	battery: 4.12	kalman var: 0.0 0.0 0.0	 batterySag: 0.744	link quality: 51	flight time: 0s	pos 0.68 -0.49 -0.00	yaw: 0.44	msg/s 0.0
INFO: 12-10-2021 14:11:58 printStatus(169) -- Drogno_5: ready	battery: 4.12	kalman var: 0.0 0.0 0.0	 batterySag: 0.744	link quality: 51	flight time: 0s	pos 0.68 -0.49 -0.00	yaw: 0.42	msg/s 0.0
INFO: 12-10-2021 14:11:59 printStatus(169) -- Drogno_5: ready	battery: 4.12	kalman var: 0.0 0.0 0.0	 batterySag: 0.744	link quality: 51	flight time: 0s	pos 0.68 -0.49 -0.00	yaw: 0.43	msg/s 0.0
INFO: 12-10-2021 14:12:00 printStatus(169) -- Drogno_5: ready	battery: 4.12	kalman var: 0.0 0.0 0.0	 batterySag: 0.744	link quality: 50	flight time: 0s	pos 0.68 -0.49 -0.00	yaw: 0.44	msg/s 0.0
INFO: 12-10-2021 14:12:01 printStatus(169) -- Drogno_5: ready	battery: 4.12	kalman var: 0.0 0.0 0.0	 batterySag: 0.744	link quality: 50	flight time: 0s	pos 0.68 -0.49 -0.00	yaw: 0.44	msg/s 0.0
INFO: 12-10-2021 14:12:03 printStatus(169) -- Drogno_5: ready	battery: 4.12	kalman var: 0.0 0.0 0.0	 batterySag: 0.744	link quality: 51	flight time: 0s	pos 0.68 -0.49 -0.00	yaw: 0.45	msg/s 0.0
INFO: 12-10-2021 14:12:04 printStatus(169) -- Drogno_5: ready	battery: 4.12	kalman var: 0.001 0.001 0.001	 batterySag: 0.744	link quality: 51	flight time: 0s	pos 0.68 -0.49 -0.00	yaw: 0.43	msg/s 0.0
INFO: 12-10-2021 14:12:06 printStatus(169) -- Drogno_5: ready	battery: 4.12	kalman var: 0.0 0.0 0.0	 batterySag: 0.744	link quality: 51	flight time: 0s	pos 0.68 -0.49 -0.00	yaw: 0.45	msg/s 0.0
INFO: 12-10-2021 14:12:07 printStatus(169) -- Drogno_5: ready	battery: 4.12	kalman var: 0.0 0.0 0.0	 batterySag: 0.744	link quality: 51	flight time: 0s	pos 0.68 -0.49 -0.00	yaw: 0.43	msg/s 0.0
INFO: 12-10-2021 14:12:08 printStatus(169) -- Drogno_5: ready	battery: 4.12	kalman var: 0.001 0.001 0.001	 batterySag: 0.744	link quality: 51	flight time: 0s	pos 0.68 -0.49 -0.00	yaw: 0.49	msg/s 0.0
INFO: 12-10-2021 14:12:09 printStatus(169) -- Drogno_5: ready	battery: 4.12	kalman var: 0.0 0.0 0.0	 batterySag: 0.744	link quality: 51	flight time: 0s	pos 0.68 -0.49 -0.00	yaw: 0.44	msg/s 0.0
INFO: 12-10-2021 14:12:11 printStatus(169) -- Drogno_5: ready	battery: 4.12	kalman var: 0.0 0.0 0.0	 batterySag: 0.744	link quality: 51	flight time: 0s	pos 0.68 -0.49 -0.00	yaw: 0.44	msg/s 0.0
INFO: 12-10-2021 14:12:12 printStatus(169) -- Drogno_5: ready	battery: 4.12	kalman var: 0.0 0.0 0.0	 batterySag: 0.744	link quality: 50	flight time: 0s	pos 0.68 -0.49 -0.00	yaw: 0.46	msg/s 0.0
INFO: 12-10-2021 14:12:13 printStatus(169) -- Drogno_5: ready	battery: 4.12	kalman var: 0.0 0.0 0.0	 batterySag: 0.744	link quality: 50	flight time: 0s	pos 0.68 -0.49 -0.00	yaw: 0.46	msg/s 0.0
INFO: 12-10-2021 14:12:14 printStatus(169) -- Drogno_5: ready	battery: 4.12	kalman var: 0.0 0.0 0.0	 batterySag: 0.744	link quality: 51	flight time: 0s	pos 0.68 -0.49 -0.00	yaw: 0.45	msg/s 0.0
INFO: 12-10-2021 14:12:16 printStatus(169) -- Drogno_5: ready	battery: 4.12	kalman var: 0.0 0.0 0.0	 batterySag: 0.744	link quality: 51	flight time: 0s	pos 0.68 -0.49 -0.00	yaw: 0.42	msg/s 0.0
INFO: 12-10-2021 14:12:17 printStatus(169) -- Drogno_5: ready	battery: 4.12	kalman var: 0.0 0.0 0.0	 batterySag: 0.744	link quality: 51	flight time: 0s	pos 0.68 -0.49 -0.00	yaw: 0.46	msg/s 0.0
INFO: 12-10-2021 14:12:18 printStatus(169) -- Drogno_5: ready	battery: 4.12	kalman var: 0.0 0.0 0.0	 batterySag: 0.744	link quality: 51	flight time: 0s	pos 0.68 -0.49 -0.00	yaw: 0.42	msg/s 0.0
INFO: 12-10-2021 14:12:20 printStatus(169) -- Drogno_5: ready	battery: 4.12	kalman var: 0.0 0.0 0.0	 batterySag: 0.744	link quality: 51	flight time: 0s	pos 0.68 -0.49 -0.00	yaw: 0.44	msg/s 0.0
INFO: 12-10-2021 14:12:21 printStatus(169) -- Drogno_5: ready	battery: 4.12	kalman var: 0.0 0.0 0.0	 batterySag: 0.744	link quality: 51	flight time: 0s	pos 0.68 -0.49 -0.00	yaw: 0.44	msg/s 0.0
INFO: 12-10-2021 14:12:22 printStatus(169) -- Drogno_5: ready	battery: 4.12	kalman var: 0.0 0.0 0.0	 batterySag: 0.744	link quality: 50	flight time: 0s	pos 0.68 -0.49 -0.00	yaw: 0.44	msg/s 0.0
INFO: 12-10-2021 14:12:23 printStatus(169) -- Drogno_5: ready	battery: 4.12	kalman var: 0.0 0.0 0.0	 batterySag: 0.744	link quality: 50	flight time: 0s	pos 0.68 -0.49 -0.00	yaw: 0.45	msg/s 0.0
INFO: 12-10-2021 14:12:24 printStatus(169) -- Drogno_5: ready	battery: 4.12	kalman var: 0.0 0.0 0.0	 batterySag: 0.744	link quality: 50	flight time: 0s	pos 0.68 -0.49 -0.00	yaw: 0.44	msg/s 0.0
INFO: 12-10-2021 14:12:26 printStatus(169) -- Drogno_5: ready	battery: 4.12	kalman var: 0.0 0.0 0.0	 batterySag: 0.744	link quality: 51	flight time: 0s	pos 0.68 -0.49 -0.00	yaw: 0.43	msg/s 0.0
INFO: 12-10-2021 14:12:27 printStatus(169) -- Drogno_5: ready	battery: 4.12	kalman var: 0.0 0.0 0.0	 batterySag: 0.744	link quality: 51	flight time: 0s	pos 0.68 -0.49 -0.00	yaw: 0.42	msg/s 0.0
INFO: 12-10-2021 14:12:28 printStatus(169) -- Drogno_5: ready	battery: 4.12	kalman var: 0.0 0.0 0.0	 batterySag: 0.744	link quality: 50	flight time: 0s	pos 0.68 -0.49 -0.00	yaw: 0.46	msg/s 0.0
INFO: 12-10-2021 14:12:29 printStatus(169) -- Drogno_5: ready	battery: 4.12	kalman var: 0.0 0.0 0.0	 batterySag: 0.744	link quality: 51	flight time: 0s	pos 0.68 -0.49 -0.00	yaw: 0.44	msg/s 0.0
INFO: 12-10-2021 14:12:31 printStatus(169) -- Drogno_5: ready	battery: 4.12	kalman var: 0.0 0.0 0.0	 batterySag: 0.744	link quality: 51	flight time: 0s	pos 0.68 -0.49 -0.00	yaw: 0.44	msg/s 0.0
INFO: 12-10-2021 14:12:32 printStatus(169) -- Drogno_5: ready	battery: 4.12	kalman var: 0.0 0.0 0.0	 batterySag: 0.744	link quality: 51	flight time: 0s	pos 0.68 -0.49 -0.00	yaw: 0.45	msg/s 0.0
INFO: 12-10-2021 14:12:34 printStatus(169) -- Drogno_5: ready	battery: 4.12	kalman var: 0.0 0.0 0.0	 batterySag: 0.744	link quality: 51	flight time: 0s	pos 0.68 -0.49 -0.00	yaw: 0.44	msg/s 0.0
INFO: 12-10-2021 14:12:35 printStatus(169) -- Drogno_5: ready	battery: 4.12	kalman var: 0.0 0.0 0.0	 batterySag: 0.744	link quality: 51	flight time: 0s	pos 0.68 -0.49 -0.00	yaw: 0.41	msg/s 0.0
INFO: 12-10-2021 14:12:36 printStatus(169) -- Drogno_5: ready	battery: 4.12	kalman var: 0.0 0.0 0.0	 batterySag: 0.744	link quality: 51	flight time: 0s	pos 0.68 -0.49 -0.00	yaw: 0.43	msg/s 0.0
INFO: 12-10-2021 14:12:37 printStatus(169) -- Drogno_5: ready	battery: 4.12	kalman var: 0.0 0.0 0.0	 batterySag: 0.744	link quality: 51	flight time: 0s	pos 0.68 -0.49 -0.00	yaw: 0.42	msg/s 0.0
INFO: 12-10-2021 14:12:38 printStatus(169) -- Drogno_5: ready	battery: 4.12	kalman var: 0.0 0.0 0.0	 batterySag: 0.744	link quality: 51	flight time: 0s	pos 0.68 -0.49 -0.00	yaw: 0.44	msg/s 0.0
INFO: 12-10-2021 14:12:40 printStatus(169) -- Drogno_5: ready	battery: 4.12	kalman var: 0.001 0.001 0.001	 batterySag: 0.744	link quality: 51	flight time: 0s	pos 0.68 -0.49 -0.00	yaw: 0.43	msg/s 0.0
INFO: 12-10-2021 14:12:41 printStatus(169) -- Drogno_5: ready	battery: 4.12	kalman var: 0.0 0.0 0.0	 batterySag: 0.744	link quality: 51	flight time: 0s	pos 0.68 -0.49 -0.00	yaw: 0.41	msg/s 0.0
INFO: 12-10-2021 14:12:43 printStatus(169) -- Drogno_5: ready	battery: 4.12	kalman var: 0.0 0.0 0.0	 batterySag: 0.744	link quality: 51	flight time: 0s	pos 0.68 -0.49 -0.00	yaw: 0.42	msg/s 0.0
INFO: 12-10-2021 14:12:44 printStatus(169) -- Drogno_5: ready	battery: 4.12	kalman var: 0.0 0.0 0.0	 batterySag: 0.744	link quality: 51	flight time: 0s	pos 0.68 -0.49 -0.00	yaw: 0.43	msg/s 0.0
INFO: 12-10-2021 14:12:45 printStatus(169) -- Drogno_5: ready	battery: 4.12	kalman var: 0.0 0.0 0.001	 batterySag: 0.744	link quality: 51	flight time: 0s	pos 0.68 -0.49 -0.00	yaw: 0.43	msg/s 0.0
INFO: 12-10-2021 14:12:47 printStatus(169) -- Drogno_5: ready	battery: 4.12	kalman var: 0.0 0.0 0.0	 batterySag: 0.744	link quality: 51	flight time: 0s	pos 0.68 -0.49 -0.00	yaw: 0.43	msg/s 0.0
INFO: 12-10-2021 14:12:48 printStatus(169) -- Drogno_5: ready	battery: 4.12	kalman var: 0.0 0.0 0.0	 batterySag: 0.744	link quality: 51	flight time: 0s	pos 0.68 -0.49 -0.00	yaw: 0.42	msg/s 0.0
INFO: 12-10-2021 14:12:50 printStatus(169) -- Drogno_5: ready	battery: 3.81	kalman var: 0.0 0.0 0.0	 batterySag: 0.744	link quality: 51	flight time: 0s	pos 0.68 -0.49 -0.00	yaw: -0.21	msg/s 0.0
INFO: 12-10-2021 14:12:51 printStatus(169) -- Drogno_5: ready	battery: 3.71	kalman var: 0.0 0.0 0.0	 batterySag: 0.744	link quality: 50	flight time: 0s	pos 0.72 -0.51 0.15	yaw: 0.80	msg/s 0.0
INFO: 12-10-2021 14:12:52 printStatus(169) -- Drogno_5: ready	battery: 3.75	kalman var: 0.0 0.0 0.0	 batterySag: 0.744	link quality: 50	flight time: 2s	pos 0.70 -0.49 0.74	yaw: 0.62	msg/s 0.0
INFO: 12-10-2021 14:12:53 printStatus(169) -- Drogno_5: ready	battery: 3.71	kalman var: 0.0 0.0 0.0	 batterySag: 0.744	link quality: 52	flight time: 3s	pos 0.68 -0.49 0.87	yaw: 0.18	msg/s 0.0
INFO: 12-10-2021 14:12:54 printStatus(169) -- Drogno_5: ready	battery: 3.7	kalman var: 0.001 0.001 0.001	 batterySag: 0.744	link quality: 51	flight time: 4s	pos 0.68 -0.49 0.85	yaw: 2.17	msg/s 0.0
INFO: 12-10-2021 14:12:55 printStatus(169) -- Drogno_5: ready	battery: 3.69	kalman var: 0.0 0.0 0.0	 batterySag: 0.744	link quality: 52	flight time: 5s	pos 0.68 -0.49 0.86	yaw: -0.21	msg/s 0.0
INFO: 12-10-2021 14:12:57 printStatus(169) -- Drogno_5: ready	battery: 3.68	kalman var: 0.0 0.0 0.0	 batterySag: 0.744	link quality: 52	flight time: 6s	pos 0.67 -0.49 0.84	yaw: -0.79	msg/s 0.0
INFO: 12-10-2021 14:12:58 printStatus(169) -- Drogno_5: ready	battery: 3.67	kalman var: 0.0 0.0 0.0	 batterySag: 0.744	link quality: 53	flight time: 7s	pos 0.67 -0.49 0.83	yaw: -0.89	msg/s 0.0
INFO: 12-10-2021 14:12:59 printStatus(169) -- Drogno_5: ready	battery: 3.65	kalman var: 0.0 0.0 0.0	 batterySag: 0.744	link quality: 52	flight time: 9s	pos 0.68 -0.49 0.82	yaw: -0.61	msg/s 0.0
INFO: 12-10-2021 14:13:00 printStatus(169) -- Drogno_5: ready	battery: 3.65	kalman var: 0.0 0.0 0.0	 batterySag: 0.744	link quality: 52	flight time: 10s	pos 0.68 -0.50 0.81	yaw: -0.27	msg/s 0.0
INFO: 12-10-2021 14:13:01 printStatus(169) -- Drogno_5: ready	battery: 3.64	kalman var: 0.0 0.0 0.0	 batterySag: 0.744	link quality: 52	flight time: 11s	pos 0.68 -0.49 0.81	yaw: 0.18	msg/s 0.0
INFO: 12-10-2021 14:13:03 printStatus(169) -- Drogno_5: ready	battery: 3.64	kalman var: 0.001 0.001 0.001	 batterySag: 0.744	link quality: 53	flight time: 12s	pos 0.68 -0.50 0.81	yaw: 1.09	msg/s 0.0
INFO: 12-10-2021 14:13:04 printStatus(169) -- Drogno_5: ready	battery: 3.63	kalman var: 0.0 0.0 0.0	 batterySag: 0.744	link quality: 51	flight time: 14s	pos 0.68 -0.49 0.81	yaw: 0.09	msg/s 0.0
INFO: 12-10-2021 14:13:06 printStatus(169) -- Drogno_5: ready	battery: 3.63	kalman var: 0.0 0.0 0.0	 batterySag: 0.744	link quality: 53	flight time: 15s	pos 0.69 -0.49 0.80	yaw: -0.06	msg/s 0.0
INFO: 12-10-2021 14:13:07 printStatus(169) -- Drogno_5: hovering	battery: 3.59	kalman var: 0.0 0.0 0.001	 batterySag: 0.744	link quality: 54	flight time: 16s	pos 0.70 -0.52 0.86	yaw: 1.08	msg/s 10.9
INFO: 12-10-2021 14:13:08 printStatus(169) -- Drogno_5: ready	battery: 3.62	kalman var: 0.001 0.001 0.001	 batterySag: 0.744	link quality: 56	flight time: 18s	pos 0.75 -0.67 1.14	yaw: -0.29	msg/s 9.1
INFO: 12-10-2021 14:13:09 printStatus(169) -- Drogno_5: hovering	battery: 3.61	kalman var: 0.001 0.001 0.001	 batterySag: 0.744	link quality: 63	flight time: 19s	pos 0.74 -0.66 1.13	yaw: -0.20	msg/s 9.1
INFO: 12-10-2021 14:13:11 printStatus(169) -- Drogno_5: hovering	battery: 3.61	kalman var: 0.0 0.0 0.0	 batterySag: 0.744	link quality: 52	flight time: 20s	pos 0.69 -0.64 1.13	yaw: -0.04	msg/s 10.9
INFO: 12-10-2021 14:13:12 printStatus(169) -- Drogno_5: ready	battery: 3.6	kalman var: 0.0 0.0 0.001	 batterySag: 0.744	link quality: 52	flight time: 22s	pos 0.63 -0.62 1.11	yaw: 0.92	msg/s 9.1
INFO: 12-10-2021 14:13:13 printStatus(169) -- Drogno_5: ready	battery: 3.59	kalman var: 0.001 0.001 0.001	 batterySag: 0.744	link quality: 63	flight time: 23s	pos 0.61 -0.61 1.11	yaw: -0.64	msg/s 5.5
INFO: 12-10-2021 14:13:15 printStatus(169) -- Drogno_5: hovering	battery: 3.58	kalman var: 0.001 0.001 0.001	 batterySag: 0.744	link quality: 70	flight time: 24s	pos 0.60 -0.60 1.11	yaw: -0.69	msg/s 3.6
INFO: 12-10-2021 14:13:16 printStatus(169) -- Drogno_5: hovering	battery: 3.58	kalman var: 0.0 0.0 0.0	 batterySag: 0.744	link quality: 48	flight time: 25s	pos 0.56 -0.57 1.11	yaw: 0.06	msg/s 7.3
INFO: 12-10-2021 14:13:17 printStatus(169) -- Drogno_5: hovering	battery: 3.59	kalman var: 0.001 0.001 0.001	 batterySag: 0.744	link quality: 51	flight time: 26s	pos 0.42 -0.57 1.11	yaw: 0.37	msg/s 7.3
INFO: 12-10-2021 14:13:18 printStatus(169) -- Drogno_5: hovering	battery: 3.59	kalman var: 0.0 0.0 0.0	 batterySag: 0.744	link quality: 48	flight time: 28s	pos 0.32 -0.58 1.12	yaw: 3.04	msg/s 7.3
INFO: 12-10-2021 14:13:19 printStatus(169) -- Drogno_5: hovering	battery: 3.57	kalman var: 0.0 0.0 0.0	 batterySag: 0.744	link quality: 55	flight time: 29s	pos 0.31 -0.44 1.10	yaw: 8.26	msg/s 16.4
INFO: 12-10-2021 14:13:21 printStatus(169) -- Drogno_5: hovering	battery: 3.56	kalman var: 0.001 0.001 0.001	 batterySag: 0.744	link quality: 58	flight time: 30s	pos -0.32 -0.13 1.07	yaw: -14.60	msg/s 18.2
INFO: 12-10-2021 14:13:22 printStatus(169) -- Drogno_5: hovering	battery: 3.55	kalman var: 0.0 0.0 0.0	 batterySag: 0.744	link quality: 54	flight time: 32s	pos -0.29 0.03 1.03	yaw: -2.41	msg/s 9.1
INFO: 12-10-2021 14:13:23 printStatus(169) -- Drogno_5: hovering	battery: 3.57	kalman var: 0.0 0.0 0.0	 batterySag: 0.744	link quality: 53	flight time: 33s	pos -0.27 0.08 1.21	yaw: -3.72	msg/s 7.3
INFO: 12-10-2021 14:13:25 printStatus(169) -- Drogno_5: hovering	battery: 3.56	kalman var: 0.001 0.001 0.001	 batterySag: 0.744	link quality: 57	flight time: 34s	pos -0.32 0.18 1.19	yaw: 1.34	msg/s 9.1
INFO: 12-10-2021 14:13:26 printStatus(169) -- Drogno_5: hovering	battery: 3.54	kalman var: 0.0 0.0 0.0	 batterySag: 0.744	link quality: 56	flight time: 35s	pos -0.38 0.29 0.95	yaw: 0.11	msg/s 12.7
INFO: 12-10-2021 14:13:28 printStatus(169) -- Drogno_5: hovering	battery: 3.57	kalman var: 0.0 0.0 0.0	 batterySag: 0.744	link quality: 64	flight time: 37s	pos -0.52 0.41 1.22	yaw: 1.29	msg/s 21.8
INFO: 12-10-2021 14:13:29 printStatus(169) -- Drogno_5: hovering	battery: 3.57	kalman var: 0.0 0.0 0.0	 batterySag: 0.744	link quality: 53	flight time: 38s	pos -0.66 0.44 1.08	yaw: -0.05	msg/s 14.5
INFO: 12-10-2021 14:13:31 printStatus(169) -- Drogno_5: hovering	battery: 3.56	kalman var: 0.0 0.0 0.0	 batterySag: 0.744	link quality: 58	flight time: 40s	pos -0.68 0.44 1.14	yaw: 0.21	msg/s 7.3
INFO: 12-10-2021 14:13:32 printStatus(169) -- Drogno_5: hovering	battery: 3.56	kalman var: 0.0 0.0 0.0	 batterySag: 0.744	link quality: 55	flight time: 41s	pos -0.76 0.49 1.11	yaw: 0.47	msg/s 9.1
INFO: 12-10-2021 14:13:33 printStatus(169) -- Drogno_5: hovering	battery: 3.56	kalman var: 0.0 0.0 0.0	 batterySag: 0.744	link quality: 53	flight time: 43s	pos -1.14 0.36 1.12	yaw: 1.20	msg/s 23.6
INFO: 12-10-2021 14:13:34 printStatus(169) -- Drogno_5: hovering	battery: 3.55	kalman var: 0.002 0.002 0.001	 batterySag: 0.744	link quality: 49	flight time: 44s	pos -0.98 -0.72 1.11	yaw: 0.29	msg/s 18.2
INFO: 12-10-2021 14:13:35 printStatus(169) -- Drogno_5: hovering	battery: 3.55	kalman var: 0.0 0.0 0.0	 batterySag: 0.744	link quality: 53	flight time: 45s	pos -0.39 -0.84 1.11	yaw: 0.42	msg/s 23.6
INFO: 12-10-2021 14:13:36 printStatus(169) -- Drogno_5: hovering	battery: 3.54	kalman var: 0.0 0.0 0.0	 batterySag: 0.744	link quality: 53	flight time: 46s	pos 0.35 -0.25 1.11	yaw: 0.70	msg/s 18.2
INFO: 12-10-2021 14:13:38 printStatus(169) -- Drogno_5: hovering	battery: 3.52	kalman var: 0.0 0.0 0.0	 batterySag: 0.744	link quality: 61	flight time: 47s	pos 0.19 0.68 1.09	yaw: -4.87	msg/s 21.8
INFO: 12-10-2021 14:13:39 printStatus(169) -- Drogno_5: hovering	battery: 3.52	kalman var: 0.001 0.001 0.001	 batterySag: 0.744	link quality: 47	flight time: 48s	pos -0.56 1.02 1.10	yaw: -1.58	msg/s 21.8
INFO: 12-10-2021 14:13:40 printStatus(169) -- Drogno_5: hovering	battery: 3.54	kalman var: 0.0 0.0 0.0	 batterySag: 0.744	link quality: 55	flight time: 50s	pos -1.40 0.38 1.15	yaw: 2.25	msg/s 16.4
INFO: 12-10-2021 14:13:41 printStatus(169) -- Drogno_5: ready	battery: 3.47	kalman var: 0.0 0.0 0.0	 batterySag: 0.744	link quality: 44	flight time: 51s	pos -1.47 -0.04 0.93	yaw: 0.07	msg/s 23.6
WARNING: 12-10-2021 14:13:41 evaluateBattery(804) -- battery under 3.50v
WARNING: 12-10-2021 14:13:42 evaluateBattery(804) -- battery under 3.50v
INFO: 12-10-2021 14:13:42 printStatus(169) -- Drogno_5: hovering	battery: 3.55	kalman var: 0.0 0.0 0.0	 batterySag: 0.744	link quality: 46	flight time: 52s	pos -1.42 -0.01 1.26	yaw: 0.31	msg/s 23.6
INFO: 12-10-2021 14:13:44 printStatus(169) -- Drogno_5: hovering	battery: 3.58	kalman var: 0.0 0.0 0.0	 batterySag: 0.744	link quality: 53	flight time: 53s	pos -1.40 0.03 1.27	yaw: 1.17	msg/s 20.0
INFO: 12-10-2021 14:13:45 printStatus(169) -- Drogno_5: hovering	battery: 3.55	kalman var: 0.0 0.0 0.0	 batterySag: 0.744	link quality: 53	flight time: 54s	pos -0.92 0.48 1.07	yaw: 1.61	msg/s 23.6
INFO: 12-10-2021 14:13:46 printStatus(169) -- Drogno_5: hovering	battery: 3.53	kalman var: 0.0 0.0 0.0	 batterySag: 0.744	link quality: 59	flight time: 56s	pos -0.60 0.45 0.82	yaw: -0.05	msg/s 20.0
INFO: 12-10-2021 14:13:47 printStatus(169) -- Drogno_5: hovering	battery: 3.52	kalman var: 0.0 0.0 0.0	 batterySag: 0.744	link quality: 49	flight time: 57s	pos -0.53 0.37 0.59	yaw: -0.64	msg/s 21.8
INFO: 12-10-2021 14:13:49 printStatus(169) -- Drogno_5: hovering	battery: 3.52	kalman var: 0.0 0.0 0.0	 batterySag: 0.744	link quality: 61	flight time: 58s	pos -0.69 0.39 0.54	yaw: -0.17	msg/s 18.2
INFO: 12-10-2021 14:13:50 printStatus(169) -- Drogno_5: hovering	battery: 3.51	kalman var: 0.0 0.0 0.0	 batterySag: 0.744	link quality: 57	flight time: 59s	pos -0.89 0.50 0.62	yaw: 0.01	msg/s 20.0
INFO: 12-10-2021 14:13:51 printStatus(169) -- Drogno_5: hovering	battery: 3.49	kalman var: 0.0 0.0 0.0	 batterySag: 0.744	link quality: 51	flight time: 61s	pos -0.99 0.91 0.96	yaw: -0.14	msg/s 23.6
WARNING: 12-10-2021 14:13:52 evaluateBattery(804) -- battery under 3.50v
INFO: 12-10-2021 14:13:52 printStatus(169) -- Drogno_5: hovering	battery: 3.51	kalman var: 0.0 0.0 0.0	 batterySag: 0.744	link quality: 51	flight time: 62s	pos -0.81 1.14 1.12	yaw: 0.25	msg/s 14.5
INFO: 12-10-2021 14:13:54 printStatus(169) -- Drogno_5: hovering	battery: 3.52	kalman var: 0.003 0.003 0.001	 batterySag: 0.744	link quality: 63	flight time: 63s	pos -0.44 1.08 1.22	yaw: -0.71	msg/s 23.6
INFO: 12-10-2021 14:13:55 printStatus(169) -- Drogno_5: hovering	battery: 3.51	kalman var: 0.001 0.001 0.001	 batterySag: 0.744	link quality: 64	flight time: 64s	pos -0.23 0.92 1.22	yaw: -0.19	msg/s 21.8
INFO: 12-10-2021 14:13:56 printStatus(169) -- Drogno_5: ready	battery: 3.47	kalman var: 0.0 0.0 0.0	 batterySag: 0.744	link quality: 73	flight time: 66s	pos 0.64 0.17 1.15	yaw: -0.09	msg/s 25.5
WARNING: 12-10-2021 14:13:56 evaluateBattery(804) -- battery under 3.50v
WARNING: 12-10-2021 14:13:57 evaluateBattery(804) -- battery under 3.50v
INFO: 12-10-2021 14:13:57 printStatus(169) -- Drogno_5: moving	battery: 3.51	kalman var: 0.0 0.0 0.0	 batterySag: 0.744	link quality: 62	flight time: 67s	pos 0.40 -0.38 1.29	yaw: 1.04	msg/s 23.6
INFO: 12-10-2021 14:13:59 printStatus(169) -- Drogno_5: moving	battery: 3.52	kalman var: 0.001 0.001 0.001	 batterySag: 0.744	link quality: 50	flight time: 68s	pos -0.10 -0.70 1.38	yaw: -0.02	msg/s 25.5
INFO: 12-10-2021 14:14:00 printStatus(169) -- Drogno_5: ready	battery: 3.53	kalman var: 0.0 0.0 0.0	 batterySag: 0.744	link quality: 45	flight time: 69s	pos -1.01 -1.30 0.91	yaw: 0.73	msg/s 18.2
INFO: 12-10-2021 14:14:01 printStatus(169) -- Drogno_5: hovering	battery: 3.48	kalman var: 0.0 0.0 0.0	 batterySag: 0.744	link quality: 44	flight time: 71s	pos -1.49 -0.93 0.63	yaw: -0.10	msg/s 20.0
WARNING: 12-10-2021 14:14:01 evaluateBattery(804) -- battery under 3.50v
WARNING: 12-10-2021 14:14:02 evaluateBattery(804) -- battery under 3.50v
INFO: 12-10-2021 14:14:03 printStatus(169) -- Drogno_5: hovering	battery: 3.49	kalman var: 0.0 0.0 0.0	 batterySag: 0.744	link quality: 42	flight time: 72s	pos -1.58 -0.20 0.56	yaw: -2.44	msg/s 20.0
WARNING: 12-10-2021 14:14:03 evaluateBattery(804) -- battery under 3.50v
WARNING: 12-10-2021 14:14:03 evaluateBattery(804) -- battery under 3.50v
WARNING: 12-10-2021 14:14:04 evaluateBattery(804) -- battery under 3.50v
INFO: 12-10-2021 14:14:04 printStatus(169) -- Drogno_5: hovering	battery: 3.48	kalman var: 0.001 0.001 0.001	 batterySag: 0.744	link quality: 49	flight time: 73s	pos -1.52 0.40 0.59	yaw: 0.21	msg/s 23.6
WARNING: 12-10-2021 14:14:04 evaluateBattery(804) -- battery under 3.50v
WARNING: 12-10-2021 14:14:05 evaluateBattery(804) -- battery under 3.50v
INFO: 12-10-2021 14:14:05 printStatus(169) -- Drogno_5: hovering	battery: 3.48	kalman var: 0.0 0.0 0.0	 batterySag: 0.744	link quality: 49	flight time: 75s	pos -1.27 0.93 0.78	yaw: 0.71	msg/s 18.2
WARNING: 12-10-2021 14:14:05 evaluateBattery(804) -- battery under 3.50v
WARNING: 12-10-2021 14:14:06 evaluateBattery(804) -- battery under 3.50v
INFO: 12-10-2021 14:14:06 printStatus(169) -- Drogno_5: hovering	battery: 3.49	kalman var: 0.0 0.0 0.001	 batterySag: 0.744	link quality: 53	flight time: 76s	pos -0.22 1.23 1.53	yaw: 0.17	msg/s 22.7
WARNING: 12-10-2021 14:14:07 evaluateBattery(804) -- battery under 3.50v
WARNING: 12-10-2021 14:14:07 evaluateBattery(804) -- battery under 3.50v
INFO: 12-10-2021 14:14:07 printStatus(169) -- Drogno_5: hovering	battery: 3.49	kalman var: 0.0 0.0 0.0	 batterySag: 0.744	link quality: 59	flight time: 77s	pos 0.37 0.51 1.83	yaw: -0.31	msg/s 16.4
WARNING: 12-10-2021 14:14:08 evaluateBattery(804) -- battery under 3.50v
WARNING: 12-10-2021 14:14:08 evaluateBattery(804) -- battery under 3.50v
INFO: 12-10-2021 14:14:08 printStatus(169) -- Drogno_5: hovering	battery: 3.49	kalman var: 0.0 0.0 0.0	 batterySag: 0.744	link quality: 49	flight time: 78s	pos 0.36 -0.36 1.78	yaw: 0.72	msg/s 23.6
WARNING: 12-10-2021 14:14:09 evaluateBattery(804) -- battery under 3.50v
WARNING: 12-10-2021 14:14:09 evaluateBattery(804) -- battery under 3.50v
INFO: 12-10-2021 14:14:10 printStatus(169) -- Drogno_5: hovering	battery: 3.47	kalman var: 0.001 0.001 0.001	 batterySag: 0.744	link quality: 66	flight time: 79s	pos -0.00 -1.12 1.50	yaw: -1.16	msg/s 21.8
WARNING: 12-10-2021 14:14:10 evaluateBattery(804) -- battery under 3.50v
WARNING: 12-10-2021 14:14:11 evaluateBattery(804) -- battery under 3.50v
INFO: 12-10-2021 14:14:11 printStatus(169) -- Drogno_5: hovering	battery: 3.49	kalman var: 0.0 0.0 0.0	 batterySag: 0.744	link quality: 44	flight time: 80s	pos -0.60 -1.41 1.28	yaw: -0.07	msg/s 21.8
WARNING: 12-10-2021 14:14:11 evaluateBattery(804) -- battery under 3.50v
WARNING: 12-10-2021 14:14:12 evaluateBattery(804) -- battery under 3.50v
INFO: 12-10-2021 14:14:12 printStatus(169) -- Drogno_5: hovering	battery: 3.49	kalman var: 0.0 0.0 0.001	 batterySag: 0.744	link quality: 44	flight time: 82s	pos -1.66 -0.94 1.20	yaw: -0.39	msg/s 21.8
WARNING: 12-10-2021 14:14:12 evaluateBattery(804) -- battery under 3.50v
WARNING: 12-10-2021 14:14:13 evaluateBattery(804) -- battery under 3.50v
INFO: 12-10-2021 14:14:13 printStatus(169) -- Drogno_5: hovering	battery: 3.49	kalman var: 0.0 0.0 0.0	 batterySag: 0.744	link quality: 45	flight time: 83s	pos -1.87 -1.11 1.07	yaw: -0.06	msg/s 23.6
WARNING: 12-10-2021 14:14:14 evaluateBattery(804) -- battery under 3.50v
WARNING: 12-10-2021 14:14:14 evaluateBattery(804) -- battery under 3.50v
INFO: 12-10-2021 14:14:14 printStatus(169) -- Drogno_5: hovering	battery: 3.47	kalman var: 0.0 0.0 0.0	 batterySag: 0.744	link quality: 46	flight time: 84s	pos -1.60 -1.43 0.88	yaw: 0.47	msg/s 25.5
WARNING: 12-10-2021 14:14:15 evaluateBattery(804) -- battery under 3.50v
WARNING: 12-10-2021 14:14:15 evaluateBattery(804) -- battery under 3.50v
INFO: 12-10-2021 14:14:16 printStatus(169) -- Drogno_5: hovering	battery: 3.48	kalman var: 0.001 0.001 0.001	 batterySag: 0.744	link quality: 44	flight time: 85s	pos -0.63 -1.52 0.86	yaw: 0.36	msg/s 21.8
WARNING: 12-10-2021 14:14:16 evaluateBattery(804) -- battery under 3.50v
WARNING: 12-10-2021 14:14:17 evaluateBattery(804) -- battery under 3.50v
WARNING: 12-10-2021 14:14:17 evaluateBattery(804) -- battery under 3.50v
INFO: 12-10-2021 14:14:17 printStatus(169) -- Drogno_5: hovering	battery: 3.45	kalman var: 0.001 0.001 0.001	 batterySag: 0.744	link quality: 46	flight time: 86s	pos 0.79 -1.41 0.94	yaw: -0.16	msg/s 23.6
WARNING: 12-10-2021 14:14:18 evaluateBattery(804) -- battery under 3.50v
WARNING: 12-10-2021 14:14:18 evaluateBattery(804) -- battery under 3.50v
INFO: 12-10-2021 14:14:19 printStatus(169) -- Drogno_5: hovering	battery: 3.48	kalman var: 0.001 0.001 0.001	 batterySag: 0.744	link quality: 59	flight time: 88s	pos 0.86 -0.95 1.25	yaw: -0.20	msg/s 18.2
WARNING: 12-10-2021 14:14:19 evaluateBattery(804) -- battery under 3.50v
WARNING: 12-10-2021 14:14:20 evaluateBattery(804) -- battery under 3.50v
INFO: 12-10-2021 14:14:20 printStatus(169) -- Drogno_5: ready	battery: 3.47	kalman var: 0.0 0.0 0.0	 batterySag: 0.744	link quality: 52	flight time: 90s	pos 0.14 -0.79 1.36	yaw: -1.27	msg/s 18.2
WARNING: 12-10-2021 14:14:20 evaluateBattery(804) -- battery under 3.50v
WARNING: 12-10-2021 14:14:21 evaluateBattery(804) -- battery under 3.50v
INFO: 12-10-2021 14:14:21 printStatus(169) -- Drogno_5: moving	battery: 3.46	kalman var: 0.0 0.0 0.0	 batterySag: 0.744	link quality: 55	flight time: 91s	pos -0.32 -0.77 1.34	yaw: -1.45	msg/s 20.0
WARNING: 12-10-2021 14:14:22 evaluateBattery(804) -- battery under 3.50v
WARNING: 12-10-2021 14:14:22 evaluateBattery(804) -- battery under 3.50v
INFO: 12-10-2021 14:14:23 printStatus(169) -- Drogno_5: hovering	battery: 3.46	kalman var: 0.0 0.0 0.0	 batterySag: 0.744	link quality: 49	flight time: 92s	pos -0.83 -0.78 1.33	yaw: 2.49	msg/s 20.0
WARNING: 12-10-2021 14:14:23 evaluateBattery(804) -- battery under 3.50v
WARNING: 12-10-2021 14:14:24 evaluateBattery(804) -- battery under 3.50v
INFO: 12-10-2021 14:14:24 printStatus(169) -- Drogno_5: hovering	battery: 3.47	kalman var: 0.0 0.0 0.0	 batterySag: 0.744	link quality: 47	flight time: 93s	pos -1.33 -0.87 1.42	yaw: -1.03	msg/s 20.0
WARNING: 12-10-2021 14:14:24 evaluateBattery(804) -- battery under 3.50v
WARNING: 12-10-2021 14:14:25 evaluateBattery(804) -- battery under 3.50v
INFO: 12-10-2021 14:14:26 printStatus(169) -- Drogno_5: moving	battery: 3.43	kalman var: 0.0 0.0 0.0	 batterySag: 0.744	link quality: 45	flight time: 95s	pos -1.06 -1.19 1.27	yaw: -0.60	msg/s 18.2
WARNING: 12-10-2021 14:14:26 evaluateBattery(804) -- battery under 3.50v
WARNING: 12-10-2021 14:14:26 evaluateBattery(804) -- battery under 3.50v
INFO: 12-10-2021 14:14:27 printStatus(169) -- Drogno_5: hovering	battery: 3.46	kalman var: 0.0 0.0 0.0	 batterySag: 0.744	link quality: 68	flight time: 97s	pos -0.12 -0.94 1.39	yaw: -0.71	msg/s 23.6
WARNING: 12-10-2021 14:14:27 evaluateBattery(804) -- battery under 3.50v
WARNING: 12-10-2021 14:14:28 evaluateBattery(804) -- battery under 3.50v
INFO: 12-10-2021 14:14:28 printStatus(169) -- Drogno_5: hovering	battery: 3.45	kalman var: 0.001 0.001 0.001	 batterySag: 0.744	link quality: 49	flight time: 98s	pos 0.28 -0.36 1.74	yaw: -0.89	msg/s 18.2
WARNING: 12-10-2021 14:14:29 evaluateBattery(804) -- battery under 3.50v
WARNING: 12-10-2021 14:14:29 evaluateBattery(804) -- battery under 3.50v
INFO: 12-10-2021 14:14:30 printStatus(169) -- Drogno_5: hovering	battery: 3.44	kalman var: 0.0 0.0 0.001	 batterySag: 0.744	link quality: 54	flight time: 99s	pos 0.14 -0.26 1.83	yaw: -0.81	msg/s 23.6
WARNING: 12-10-2021 14:14:30 evaluateBattery(804) -- battery under 3.50v
WARNING: 12-10-2021 14:14:31 evaluateBattery(804) -- battery under 3.50v
WARNING: 12-10-2021 14:14:31 evaluateBattery(804) -- battery under 3.50v
INFO: 12-10-2021 14:14:31 printStatus(169) -- Drogno_5: hovering	battery: 3.44	kalman var: 0.0 0.0 0.0	 batterySag: 0.744	link quality: 53	flight time: 101s	pos -0.05 -0.22 1.91	yaw: 1.05	msg/s 7.3
WARNING: 12-10-2021 14:14:32 evaluateBattery(804) -- battery under 3.50v
WARNING: 12-10-2021 14:14:33 evaluateBattery(804) -- battery under 3.50v
INFO: 12-10-2021 14:14:33 printStatus(169) -- Drogno_5: hovering	battery: 3.45	kalman var: 0.0 0.0 0.0	 batterySag: 0.744	link quality: 49	flight time: 102s	pos -0.05 -0.26 1.90	yaw: 1.29	msg/s 9.1
WARNING: 12-10-2021 14:14:34 evaluateBattery(804) -- battery under 3.50v
WARNING: 12-10-2021 14:14:34 evaluateBattery(804) -- battery under 3.50v
WARNING: 12-10-2021 14:14:35 evaluateBattery(804) -- battery under 3.50v
INFO: 12-10-2021 14:14:35 printStatus(169) -- Drogno_5: ready	battery: 3.44	kalman var: 0.0 0.0 0.0	 batterySag: 0.744	link quality: 51	flight time: 104s	pos -0.06 -0.28 1.89	yaw: 0.17	msg/s 0.0
WARNING: 12-10-2021 14:14:36 evaluateBattery(804) -- battery under 3.50v
WARNING: 12-10-2021 14:14:37 evaluateBattery(804) -- battery under 3.50v
INFO: 12-10-2021 14:14:37 printStatus(169) -- Drogno_5: ready	battery: 3.44	kalman var: 0.0 0.0 0.0	 batterySag: 0.744	link quality: 48	flight time: 106s	pos -0.06 -0.27 1.88	yaw: 0.29	msg/s 0.0
WARNING: 12-10-2021 14:14:37 evaluateBattery(804) -- battery under 3.50v
WARNING: 12-10-2021 14:14:38 evaluateBattery(804) -- battery under 3.50v
INFO: 12-10-2021 14:14:38 printStatus(169) -- Drogno_5: ready	battery: 3.44	kalman var: 0.001 0.001 0.001	 batterySag: 0.744	link quality: 49	flight time: 108s	pos -0.05 -0.28 1.89	yaw: 0.38	msg/s 0.0
WARNING: 12-10-2021 14:14:39 evaluateBattery(804) -- battery under 3.50v
WARNING: 12-10-2021 14:14:39 evaluateBattery(804) -- battery under 3.50v
INFO: 12-10-2021 14:14:40 printStatus(169) -- Drogno_5: ready	battery: 3.44	kalman var: 0.0 0.0 0.0	 batterySag: 0.744	link quality: 50	flight time: 109s	pos -0.05 -0.28 1.89	yaw: 0.18	msg/s 0.0
WARNING: 12-10-2021 14:14:40 evaluateBattery(804) -- battery under 3.50v
INFO: 12-10-2021 14:14:42 printStatus(169) -- Drogno_5: ready	battery: 3.53	kalman var: 0.001 0.001 0.001	 batterySag: 0.744	link quality: 54	flight time: 110s	pos -0.05 -0.28 1.68	yaw: 1.06	msg/s 0.0
WARNING: 12-10-2021 14:14:43 evaluateBattery(804) -- battery under 3.50v
INFO: 12-10-2021 14:14:44 printStatus(169) -- Drogno_5: ready	battery: 3.77	kalman var: 0.0 0.0 0.0	 batterySag: 0.744	link quality: 55	flight time: 110s	pos -0.07 -0.27 -0.02	yaw: -0.36	msg/s 0.0
INFO: 12-10-2021 14:14:45 printStatus(169) -- Drogno_5: ready	battery: 3.79	kalman var: 0.0 0.0 0.0	 batterySag: 0.744	link quality: 57	flight time: 110s	pos -0.08 -0.27 0.00	yaw: -0.76	msg/s 0.0
INFO: 12-10-2021 14:14:46 printStatus(169) -- Drogno_5: ready	battery: 3.8	kalman var: 0.0 0.0 0.0	 batterySag: 0.744	link quality: 61	flight time: 110s	pos -0.08 -0.27 0.00	yaw: -0.78	msg/s 0.0
INFO: 12-10-2021 14:14:48 printStatus(169) -- Drogno_5: ready	battery: 3.81	kalman var: 0.0 0.0 0.0	 batterySag: 0.744	link quality: 56	flight time: 110s	pos -0.08 -0.27 0.00	yaw: -0.74	msg/s 0.0
INFO: 12-10-2021 14:14:49 printStatus(169) -- Drogno_5: ready	battery: 3.82	kalman var: 0.0 0.0 0.0	 batterySag: 0.744	link quality: 57	flight time: 110s	pos -0.08 -0.27 0.00	yaw: -0.82	msg/s 0.0
INFO: 12-10-2021 14:14:50 printStatus(169) -- Drogno_5: ready	battery: 3.83	kalman var: 0.0 0.0 0.0	 batterySag: 0.744	link quality: 54	flight time: 110s	pos -0.08 -0.27 0.00	yaw: -0.87	msg/s 0.0
WARNING: 12-10-2021 14:14:51 exit(859) -- closing Drogno_5
INFO: 12-10-2021 14:14:51 printStatus(169) -- Drogno_5: sconnesso	battery: 3.83	kalman var: 0.0 0.0 0.0	 batterySag: 0.744	link quality: 55	flight time: 110s	pos -0.08 -0.27 0.00	yaw: -0.76	msg/s 0.0
