INFO: 15-07-2022 16:11:38 __init__(128) -- This is dronelog running on Drogno_0
INFO: 15-07-2022 16:11:39 printStatus(164) -- Started
INFO: 15-07-2022 16:11:59 printStatus(168) -- Drogno_0: out of BOX	battery: 4.13	kalman var: 0.001 0.001 0.0	 batterySag: 0.0	link quality: 35	flight time: 0s	pos -0.01 0.01 -0.00	yaw: 0.01	msg/s 0.0
INFO: 15-07-2022 16:12:00 printStatus(168) -- Drogno_0: BAD kalman	battery: 4.13	kalman var: 0.02 0.02 0.002	 batterySag: 0.0	link quality: 35	flight time: 0s	pos -0.33 0.29 -0.01	yaw: 0.02	msg/s 0.0
INFO: 15-07-2022 16:12:02 printStatus(168) -- Drogno_0: BAD kalman	battery: 4.13	kalman var: 0.061 0.061 0.003	 batterySag: 0.0	link quality: 35	flight time: 0s	pos -0.96 0.84 -0.04	yaw: 0.04	msg/s 0.0
INFO: 15-07-2022 16:12:03 printStatus(168) -- Drogno_0: BAD kalman	battery: 4.13	kalman var: 0.142 0.142 0.004	 batterySag: 0.0	link quality: 35	flight time: 0s	pos -2.17 1.89 -0.09	yaw: 0.06	msg/s 0.0
INFO: 15-07-2022 16:12:04 printStatus(168) -- Drogno_0: out of BOX	battery: 4.13	kalman var: 0.25 0.25 0.005	 batterySag: 0.0	link quality: 35	flight time: 0s	pos -3.68 3.20 -0.16	yaw: 0.07	msg/s 0.0
INFO: 15-07-2022 16:12:05 printStatus(168) -- Drogno_0: out of BOX	battery: 4.13	kalman var: 0.392 0.392 0.006	 batterySag: 0.0	link quality: 35	flight time: 0s	pos -5.61 4.88 -0.23	yaw: 0.08	msg/s 0.0
INFO: 15-07-2022 16:12:06 printStatus(168) -- Drogno_0: out of BOX	battery: 4.13	kalman var: 0.591 0.591 0.007	 batterySag: 0.0	link quality: 35	flight time: 0s	pos -8.19 7.11 -0.33	yaw: 0.09	msg/s 0.0
INFO: 15-07-2022 16:12:07 printStatus(168) -- Drogno_0: out of BOX	battery: 4.13	kalman var: 0.813 0.813 0.009	 batterySag: 0.0	link quality: 35	flight time: 0s	pos -10.95 9.51 -0.44	yaw: 0.10	msg/s 0.0
INFO: 15-07-2022 16:12:08 printStatus(168) -- Drogno_0: out of BOX	battery: 4.13	kalman var: 1.082 1.082 0.01	 batterySag: 0.0	link quality: 35	flight time: 0s	pos -14.16 12.29 -0.57	yaw: 0.11	msg/s 0.0
INFO: 15-07-2022 16:12:10 printStatus(168) -- Drogno_0: out of BOX	battery: 4.13	kalman var: 1.396 1.396 0.011	 batterySag: 0.0	link quality: 35	flight time: 0s	pos -17.80 15.42 -0.71	yaw: 0.92	msg/s 0.0
INFO: 15-07-2022 16:12:11 printStatus(168) -- Drogno_0: out of BOX	battery: 4.13	kalman var: 1.719 1.719 0.012	 batterySag: 0.0	link quality: 35	flight time: 0s	pos -21.41 18.55 -0.86	yaw: 0.84	msg/s 0.0
INFO: 15-07-2022 16:12:12 printStatus(168) -- Drogno_0: out of BOX	battery: 4.13	kalman var: 2.248 2.248 0.014	 batterySag: 0.0	link quality: 35	flight time: 0s	pos -27.06 23.48 -1.10	yaw: 0.76	msg/s 0.0
INFO: 15-07-2022 16:12:13 printStatus(168) -- Drogno_0: out of BOX	battery: 4.13	kalman var: 2.682 2.68 0.015	 batterySag: 0.0	link quality: 35	flight time: 0s	pos -31.53 27.34 -1.29	yaw: 0.66	msg/s 0.0
INFO: 15-07-2022 16:12:14 printStatus(168) -- Drogno_0: out of BOX	battery: 4.13	kalman var: 3.154 3.154 0.016	 batterySag: 0.0	link quality: 35	flight time: 0s	pos -36.28 31.45 -1.49	yaw: 0.61	msg/s 0.0
INFO: 15-07-2022 16:12:15 printStatus(168) -- Drogno_0: out of BOX	battery: 4.13	kalman var: 3.852 3.852 0.017	 batterySag: 0.0	link quality: 35	flight time: 0s	pos -43.06 37.28 -1.78	yaw: 0.55	msg/s 0.0
INFO: 15-07-2022 16:12:16 printStatus(168) -- Drogno_0: out of BOX	battery: 4.13	kalman var: 4.508 4.508 0.018	 batterySag: 0.0	link quality: 35	flight time: 0s	pos -49.28 42.53 -2.04	yaw: 0.50	msg/s 0.0
INFO: 15-07-2022 16:12:17 printStatus(168) -- Drogno_0: out of BOX	battery: 4.13	kalman var: 5.293 5.293 0.02	 batterySag: 0.0	link quality: 35	flight time: 0s	pos -56.50 48.62 -2.35	yaw: 0.42	msg/s 0.0
INFO: 15-07-2022 16:12:19 printStatus(168) -- Drogno_0: out of BOX	battery: 4.13	kalman var: 6.09 6.09 0.021	 batterySag: 0.0	link quality: 35	flight time: 0s	pos -63.62 54.59 -2.66	yaw: 0.02	msg/s 0.0
INFO: 15-07-2022 16:12:20 printStatus(168) -- Drogno_0: out of BOX	battery: 4.13	kalman var: 7.043 7.043 0.022	 batterySag: 0.0	link quality: 35	flight time: 0s	pos -71.94 61.47 -3.01	yaw: -0.06	msg/s 0.0
INFO: 15-07-2022 16:12:21 printStatus(168) -- Drogno_0: out of BOX	battery: 4.13	kalman var: 7.984 7.98 0.023	 batterySag: 0.0	link quality: 35	flight time: 0s	pos -80.00 68.00 -3.34	yaw: -0.06	msg/s 0.0
INFO: 15-07-2022 16:12:22 printStatus(168) -- Drogno_0: out of BOX	battery: 4.13	kalman var: 9.008 9.008 0.024	 batterySag: 0.0	link quality: 35	flight time: 0s	pos -88.56 74.94 -3.70	yaw: -0.04	msg/s 0.0
INFO: 15-07-2022 16:12:23 printStatus(168) -- Drogno_0: out of BOX	battery: 4.13	kalman var: 10.219 10.219 0.025	 batterySag: 0.0	link quality: 35	flight time: 0s	pos -98.44 82.88 -4.11	yaw: -0.02	msg/s 0.0
INFO: 15-07-2022 16:12:24 printStatus(168) -- Drogno_0: out of BOX	battery: 4.13	kalman var: 0.007 0.007 0.001	 batterySag: 0.0	link quality: 35	flight time: 0s	pos -0.12 0.08 -0.01	yaw: 0.01	msg/s 0.0
INFO: 15-07-2022 16:12:25 printStatus(168) -- Drogno_0: BAD kalman	battery: 4.13	kalman var: 0.042 0.042 0.002	 batterySag: 0.0	link quality: 35	flight time: 0s	pos -0.75 0.51 -0.03	yaw: 0.02	msg/s 0.0
INFO: 15-07-2022 16:12:26 printStatus(168) -- Drogno_0: BAD kalman	battery: 4.13	kalman var: 0.104 0.104 0.003	 batterySag: 0.0	link quality: 35	flight time: 0s	pos -1.82 1.24 -0.07	yaw: 0.04	msg/s 0.0
INFO: 15-07-2022 16:12:28 printStatus(168) -- Drogno_0: out of BOX	battery: 4.13	kalman var: 0.207 0.207 0.005	 batterySag: 0.0	link quality: 35	flight time: 0s	pos -3.49 2.39 -0.13	yaw: 0.05	msg/s 0.0
INFO: 15-07-2022 16:12:29 printStatus(168) -- Drogno_0: out of BOX	battery: 4.13	kalman var: 0.336 0.336 0.006	 batterySag: 0.0	link quality: 35	flight time: 0s	pos -5.49 3.76 -0.21	yaw: 0.07	msg/s 0.0
INFO: 15-07-2022 16:12:30 printStatus(168) -- Drogno_0: out of BOX	battery: 4.13	kalman var: 0.52 0.52 0.007	 batterySag: 0.0	link quality: 35	flight time: 0s	pos -8.20 5.63 -0.31	yaw: 0.06	msg/s 0.0
INFO: 15-07-2022 16:12:31 printStatus(168) -- Drogno_0: out of BOX	battery: 4.13	kalman var: 0.75 0.75 0.008	 batterySag: 0.0	link quality: 35	flight time: 0s	pos -11.47 7.88 -0.43	yaw: 0.08	msg/s 0.0
INFO: 15-07-2022 16:12:32 printStatus(168) -- Drogno_0: out of BOX	battery: 4.13	kalman var: 1.003 1.004 0.009	 batterySag: 0.0	link quality: 35	flight time: 0s	pos -14.91 10.24 -0.56	yaw: 0.09	msg/s 0.0
INFO: 15-07-2022 16:12:33 printStatus(168) -- Drogno_0: out of BOX	battery: 4.13	kalman var: 1.275 1.275 0.01	 batterySag: 0.0	link quality: 35	flight time: 0s	pos -18.45 12.69 -0.69	yaw: 0.10	msg/s 0.0
INFO: 15-07-2022 16:12:34 printStatus(168) -- Drogno_0: out of BOX	battery: 4.13	kalman var: 1.553 1.553 0.011	 batterySag: 0.0	link quality: 35	flight time: 0s	pos -21.97 15.12 -0.82	yaw: 0.11	msg/s 0.0
INFO: 15-07-2022 16:12:36 printStatus(168) -- Drogno_0: landed	battery: 4.13	kalman var: 1.553 1.553 0.011	 batterySag: 0.0	link quality: 35	flight time: 0s	pos -21.97 15.12 -0.82	yaw: 0.11	msg/s 0.0
INFO: 15-07-2022 16:12:37 printStatus(168) -- Drogno_0: out of BOX	battery: 4.13	kalman var: 2.545 2.545 0.014	 batterySag: 0.0	link quality: 35	flight time: 0s	pos -33.75 23.33 -1.27	yaw: 0.68	msg/s 0.0
INFO: 15-07-2022 16:12:38 printStatus(168) -- Drogno_0: ready	battery: 4.13	kalman var: 0.001 0.001 0.0	 batterySag: 0.507	link quality: 35	flight time: 0s	pos -0.01 0.01 -0.00	yaw: -0.00	msg/s 0.0
INFO: 15-07-2022 16:12:39 printStatus(168) -- Drogno_0: BAD kalman	battery: 4.13	kalman var: 0.025 0.025 0.002	 batterySag: 0.507	link quality: 35	flight time: 0s	pos -0.43 0.33 -0.01	yaw: 0.03	msg/s 0.0
INFO: 15-07-2022 16:12:40 printStatus(168) -- Drogno_0: BAD kalman	battery: 4.13	kalman var: 0.069 0.069 0.003	 batterySag: 0.507	link quality: 35	flight time: 0s	pos -1.16 0.90 -0.04	yaw: 0.04	msg/s 0.0
INFO: 15-07-2022 16:12:41 printStatus(168) -- Drogno_0: out of BOX	battery: 4.13	kalman var: 0.162 0.162 0.004	 batterySag: 0.507	link quality: 35	flight time: 0s	pos -2.63 2.05 -0.09	yaw: 0.04	msg/s 0.0
INFO: 15-07-2022 16:12:43 printStatus(168) -- Drogno_0: out of BOX	battery: 4.13	kalman var: 0.289 0.289 0.005	 batterySag: 0.507	link quality: 35	flight time: 0s	pos -4.55 3.55 -0.16	yaw: 0.43	msg/s 0.0
INFO: 15-07-2022 16:12:44 printStatus(168) -- Drogno_0: out of BOX	battery: 4.13	kalman var: 0.459 0.459 0.007	 batterySag: 0.507	link quality: 35	flight time: 0s	pos -6.98 5.47 -0.26	yaw: 0.62	msg/s 0.0
INFO: 15-07-2022 16:12:45 printStatus(168) -- Drogno_0: out of BOX	battery: 4.13	kalman var: 0.653 0.653 0.008	 batterySag: 0.507	link quality: 35	flight time: 0s	pos -9.64 7.57 -0.36	yaw: 0.11	msg/s 0.0
INFO: 15-07-2022 16:12:46 printStatus(168) -- Drogno_0: out of BOX	battery: 4.13	kalman var: 0.914 0.914 0.009	 batterySag: 0.507	link quality: 35	flight time: 0s	pos -13.08 10.27 -0.50	yaw: 0.12	msg/s 0.0
INFO: 15-07-2022 16:12:47 printStatus(168) -- Drogno_0: out of BOX	battery: 4.13	kalman var: 1.199 1.199 0.01	 batterySag: 0.507	link quality: 35	flight time: 0s	pos -16.69 13.11 -0.64	yaw: 0.52	msg/s 0.0
INFO: 15-07-2022 16:12:48 printStatus(168) -- Drogno_0: out of BOX	battery: 4.13	kalman var: 1.561 1.561 0.011	 batterySag: 0.507	link quality: 35	flight time: 0s	pos -21.09 16.58 -0.81	yaw: 0.12	msg/s 0.0
INFO: 15-07-2022 16:12:49 printStatus(168) -- Drogno_0: out of BOX	battery: 4.13	kalman var: 1.946 1.946 0.013	 batterySag: 0.507	link quality: 35	flight time: 0s	pos -25.62 20.14 -0.98	yaw: 0.13	msg/s 0.0
INFO: 15-07-2022 16:12:51 printStatus(168) -- Drogno_0: out of BOX	battery: 4.13	kalman var: 2.428 2.428 0.014	 batterySag: 0.507	link quality: 35	flight time: 0s	pos -31.08 24.41 -1.20	yaw: -0.01	msg/s 0.0
INFO: 15-07-2022 16:12:52 printStatus(168) -- Drogno_0: out of BOX	battery: 4.13	kalman var: 2.879 2.879 0.015	 batterySag: 0.507	link quality: 35	flight time: 0s	pos -36.00 28.28 -1.39	yaw: 0.00	msg/s 0.0
INFO: 15-07-2022 16:12:53 printStatus(168) -- Drogno_0: out of BOX	battery: 4.13	kalman var: 3.428 3.428 0.016	 batterySag: 0.507	link quality: 35	flight time: 0s	pos -41.81 32.84 -1.62	yaw: 0.01	msg/s 0.0
INFO: 15-07-2022 16:12:54 printStatus(168) -- Drogno_0: out of BOX	battery: 4.13	kalman var: 4.082 4.105 0.049	 batterySag: 0.507	link quality: 35	flight time: 0s	pos -48.72 38.25 -1.90	yaw: 5.09	msg/s 0.0
INFO: 15-07-2022 16:12:55 printStatus(168) -- Drogno_0: out of BOX	battery: 4.13	kalman var: 4.871 4.848 0.145	 batterySag: 0.507	link quality: 35	flight time: 0s	pos -56.69 44.69 -2.07	yaw: 29.06	msg/s 0.0
INFO: 15-07-2022 16:12:56 printStatus(168) -- Drogno_0: out of BOX	battery: 4.13	kalman var: 5.602 5.652 0.117	 batterySag: 0.507	link quality: 35	flight time: 0s	pos -63.56 50.69 -2.38	yaw: 21.34	msg/s 0.0
INFO: 15-07-2022 16:12:57 printStatus(168) -- Drogno_0: out of BOX	battery: 4.13	kalman var: 6.496 6.488 0.027	 batterySag: 0.507	link quality: 35	flight time: 0s	pos -70.56 57.22 -2.58	yaw: 19.69	msg/s 0.0
INFO: 15-07-2022 16:12:59 printStatus(168) -- Drogno_0: out of BOX	battery: 4.13	kalman var: 7.387 7.375 0.029	 batterySag: 0.507	link quality: 35	flight time: 0s	pos -77.69 64.19 -2.80	yaw: 17.69	msg/s 0.0
INFO: 15-07-2022 16:13:00 printStatus(168) -- Drogno_0: out of BOX	battery: 4.13	kalman var: 8.25 8.234 0.031	 batterySag: 0.507	link quality: 35	flight time: 0s	pos -84.25 70.81 -3.01	yaw: 16.03	msg/s 0.0
INFO: 15-07-2022 16:13:01 printStatus(168) -- Drogno_0: out of BOX	battery: 4.13	kalman var: 9.375 9.367 0.032	 batterySag: 0.507	link quality: 35	flight time: 0s	pos -92.31 79.38 -3.29	yaw: 14.25	msg/s 0.0
INFO: 15-07-2022 16:13:02 printStatus(168) -- Drogno_0: out of BOX	battery: 4.13	kalman var: 10.492 10.484 0.034	 batterySag: 0.507	link quality: 35	flight time: 0s	pos -100.00 87.62 -3.58	yaw: 12.78	msg/s 0.0
INFO: 15-07-2022 16:13:03 printStatus(168) -- Drogno_0: BAD kalman	battery: 4.13	kalman var: 0.014 0.014 0.001	 batterySag: 0.507	link quality: 35	flight time: 0s	pos -0.30 0.16 -0.01	yaw: 0.01	msg/s 0.0
INFO: 15-07-2022 16:13:04 printStatus(168) -- Drogno_0: BAD kalman	battery: 4.13	kalman var: 0.06 0.06 0.003	 batterySag: 0.507	link quality: 35	flight time: 0s	pos -1.23 0.65 -0.04	yaw: -0.24	msg/s 0.0
INFO: 15-07-2022 16:13:05 printStatus(168) -- Drogno_0: out of BOX	battery: 4.13	kalman var: 0.133 0.133 0.004	 batterySag: 0.507	link quality: 35	flight time: 0s	pos -2.64 1.40 -0.09	yaw: -0.19	msg/s 0.0
INFO: 15-07-2022 16:13:07 printStatus(168) -- Drogno_0: out of BOX	battery: 4.13	kalman var: 0.236 0.236 0.005	 batterySag: 0.507	link quality: 35	flight time: 0s	pos -4.55 2.42 -0.17	yaw: -0.15	msg/s 0.0
INFO: 15-07-2022 16:13:08 printStatus(168) -- Drogno_0: out of BOX	battery: 4.13	kalman var: 0.389 0.389 0.006	 batterySag: 0.507	link quality: 35	flight time: 0s	pos -7.25 3.87 -0.27	yaw: -0.13	msg/s 0.0
INFO: 15-07-2022 16:13:09 printStatus(168) -- Drogno_0: out of BOX	battery: 4.13	kalman var: 0.587 0.587 0.007	 batterySag: 0.507	link quality: 35	flight time: 0s	pos -10.57 5.66 -0.39	yaw: -0.10	msg/s 0.0
INFO: 15-07-2022 16:13:10 printStatus(168) -- Drogno_0: out of BOX	battery: 4.13	kalman var: 0.786 0.786 0.008	 batterySag: 0.507	link quality: 35	flight time: 0s	pos -13.79 7.39 -0.52	yaw: -0.07	msg/s 0.0
INFO: 15-07-2022 16:13:11 printStatus(168) -- Drogno_0: out of BOX	battery: 4.13	kalman var: 1.102 1.102 0.01	 batterySag: 0.507	link quality: 35	flight time: 0s	pos -18.64 10.02 -0.70	yaw: -0.04	msg/s 0.0
INFO: 15-07-2022 16:13:12 printStatus(168) -- Drogno_0: out of BOX	battery: 4.13	kalman var: 1.418 1.418 0.011	 batterySag: 0.507	link quality: 35	flight time: 0s	pos -23.31 12.55 -0.87	yaw: -0.02	msg/s 0.0
INFO: 15-07-2022 16:13:13 printStatus(168) -- Drogno_0: out of BOX	battery: 4.13	kalman var: 1.78 1.78 0.012	 batterySag: 0.507	link quality: 35	flight time: 0s	pos -28.44 15.36 -1.06	yaw: -0.21	msg/s 0.0
INFO: 15-07-2022 16:13:14 printStatus(168) -- Drogno_0: out of BOX	battery: 4.13	kalman var: 2.197 2.197 0.013	 batterySag: 0.507	link quality: 35	flight time: 0s	pos -34.16 18.48 -1.27	yaw: -0.57	msg/s 0.0
INFO: 15-07-2022 16:13:16 printStatus(168) -- Drogno_0: out of BOX	battery: 4.13	kalman var: 2.666 2.666 0.015	 batterySag: 0.507	link quality: 35	flight time: 0s	pos -40.38 21.89 -1.50	yaw: -0.91	msg/s 0.0
INFO: 15-07-2022 16:13:17 printStatus(168) -- Drogno_0: out of BOX	battery: 4.13	kalman var: 3.24 3.24 0.017	 batterySag: 0.507	link quality: 35	flight time: 0s	pos -47.72 25.91 -1.76	yaw: -0.79	msg/s 0.0
INFO: 15-07-2022 16:13:18 printStatus(168) -- Drogno_0: out of BOX	battery: 4.13	kalman var: 3.834 3.834 0.018	 batterySag: 0.507	link quality: 35	flight time: 0s	pos -55.00 29.94 -2.02	yaw: -0.69	msg/s 0.0
INFO: 15-07-2022 16:13:19 printStatus(168) -- Drogno_0: out of BOX	battery: 4.13	kalman var: 4.488 4.488 0.019	 batterySag: 0.507	link quality: 35	flight time: 0s	pos -62.81 34.28 -2.29	yaw: -0.60	msg/s 0.0
INFO: 15-07-2022 16:13:20 printStatus(168) -- Drogno_0: out of BOX	battery: 4.13	kalman var: 5.27 5.27 0.021	 batterySag: 0.507	link quality: 35	flight time: 0s	pos -71.81 39.34 -2.60	yaw: -1.07	msg/s 0.0
INFO: 15-07-2022 16:13:21 printStatus(168) -- Drogno_0: out of BOX	battery: 4.13	kalman var: 6.141 6.141 0.023	 batterySag: 0.507	link quality: 35	flight time: 0s	pos -81.44 44.84 -2.94	yaw: -0.92	msg/s 0.0
INFO: 15-07-2022 16:13:22 printStatus(168) -- Drogno_0: out of BOX	battery: 4.13	kalman var: 7.012 7.012 0.026	 batterySag: 0.507	link quality: 35	flight time: 0s	pos -90.75 50.25 -3.26	yaw: -0.92	msg/s 0.0
