INFO: 14-07-2022 18:06:14 __init__(129) -- This is dronelog running on Drogno_0
INFO: 14-07-2022 18:06:14 printStatus(165) -- Started
INFO: 14-07-2022 18:06:16 printStatus(168) -- Drogno_0: connecting	battery: n.p.	kalman var: 0 0 0	 batterySag: 0	link quality: 0	flight time: 0s	pos 0.00 0.00 0.00	yaw: 0.00	msg/s 0.0
INFO: 14-07-2022 18:06:17 printStatus(168) -- Drogno_0: connecting	battery: n.p.	kalman var: 0 0 0	 batterySag: 0	link quality: 0	flight time: 0s	pos 0.00 0.00 0.00	yaw: 0.00	msg/s 0.0
INFO: 14-07-2022 18:06:18 printStatus(168) -- Drogno_0: connecting	battery: n.p.	kalman var: 0 0 0	 batterySag: 0	link quality: 0	flight time: 0s	pos 0.00 0.00 0.00	yaw: 0.00	msg/s 0.0
INFO: 14-07-2022 18:06:19 printStatus(168) -- Drogno_0: connecting	battery: n.p.	kalman var: 0 0 0	 batterySag: 0	link quality: 0	flight time: 0s	pos 0.00 0.00 0.00	yaw: 0.00	msg/s 0.0
INFO: 14-07-2022 18:06:20 printStatus(168) -- Drogno_0: connecting	battery: n.p.	kalman var: 0 0 0	 batterySag: 0	link quality: 0	flight time: 0s	pos 0.00 0.00 0.00	yaw: 0.00	msg/s 0.0
INFO: 14-07-2022 18:06:21 printStatus(168) -- Drogno_0: connecting	battery: n.p.	kalman var: 0 0 0	 batterySag: 0	link quality: 0	flight time: 0s	pos 0.00 0.00 0.00	yaw: 0.00	msg/s 0.0
INFO: 14-07-2022 18:06:22 printStatus(168) -- Drogno_0: connecting	battery: n.p.	kalman var: 0 0 0	 batterySag: 0	link quality: 0	flight time: 0s	pos 0.00 0.00 0.00	yaw: 0.00	msg/s 0.0
INFO: 14-07-2022 18:06:23 printStatus(168) -- Drogno_0: connecting	battery: n.p.	kalman var: 0 0 0	 batterySag: 0	link quality: 0	flight time: 0s	pos 0.00 0.00 0.00	yaw: 0.00	msg/s 0.0
INFO: 14-07-2022 18:06:25 printStatus(168) -- Drogno_0: connecting	battery: n.p.	kalman var: 0 0 0	 batterySag: 0	link quality: 0	flight time: 0s	pos 0.00 0.00 0.00	yaw: 0.00	msg/s 0.0
INFO: 14-07-2022 18:06:26 printStatus(168) -- Drogno_0: connecting	battery: n.p.	kalman var: 0 0 0	 batterySag: 0	link quality: 0	flight time: 0s	pos 0.00 0.00 0.00	yaw: 0.00	msg/s 0.0
INFO: 14-07-2022 18:06:27 printStatus(168) -- Drogno_0: connecting	battery: n.p.	kalman var: 0 0 0	 batterySag: 0	link quality: 0	flight time: 0s	pos 0.00 0.00 0.00	yaw: 0.00	msg/s 0.0
INFO: 14-07-2022 18:06:28 printStatus(168) -- Drogno_0: connecting	battery: n.p.	kalman var: 0 0 0	 batterySag: 0	link quality: 0	flight time: 0s	pos 0.00 0.00 0.00	yaw: 0.00	msg/s 0.0
INFO: 14-07-2022 18:06:29 printStatus(168) -- Drogno_0: connecting	battery: n.p.	kalman var: 0 0 0	 batterySag: 0	link quality: 0	flight time: 0s	pos 0.00 0.00 0.00	yaw: 0.00	msg/s 0.0
INFO: 14-07-2022 18:06:30 printStatus(168) -- Drogno_0: connecting	battery: n.p.	kalman var: 0 0 0	 batterySag: 0	link quality: 0	flight time: 0s	pos 0.00 0.00 0.00	yaw: 0.00	msg/s 0.0
INFO: 14-07-2022 18:06:31 printStatus(168) -- Drogno_0: connecting	battery: 3.7421875	kalman var: 100.0 100.0 0.309	 batterySag: 0	link quality: 35	flight time: 0s	pos -6.31 3.96 -35.75	yaw: 1.55	msg/s 0.0
INFO: 14-07-2022 18:06:33 printStatus(168) -- Drogno_0: connecting	battery: 3.7421875	kalman var: 100.0 100.0 0.31	 batterySag: 0	link quality: 35	flight time: 0s	pos -7.07 4.33 -37.88	yaw: 1.59	msg/s 0.0
INFO: 14-07-2022 18:06:34 printStatus(168) -- Drogno_0: connecting	battery: 3.7421875	kalman var: 100.0 100.0 0.311	 batterySag: 0	link quality: 35	flight time: 0s	pos -7.86 4.81 -40.00	yaw: 1.55	msg/s 0.0
INFO: 14-07-2022 18:06:35 printStatus(168) -- Drogno_0: connecting	battery: 3.7421875	kalman var: 100.0 100.0 0.313	 batterySag: 0	link quality: 35	flight time: 0s	pos -8.80 5.29 -42.12	yaw: 1.53	msg/s 0.0
INFO: 14-07-2022 18:06:36 printStatus(168) -- Drogno_0: connecting	battery: 3.7421875	kalman var: 100.0 100.0 0.315	 batterySag: 0	link quality: 35	flight time: 0s	pos -9.95 5.44 -44.44	yaw: 1.55	msg/s 0.0
INFO: 14-07-2022 18:06:37 printStatus(168) -- Drogno_0: connecting	battery: 3.7421875	kalman var: 100.0 100.0 0.317	 batterySag: 0	link quality: 35	flight time: 0s	pos -11.10 5.50 -46.56	yaw: 1.59	msg/s 0.0
INFO: 14-07-2022 18:06:38 printStatus(168) -- Drogno_0: connecting	battery: 3.7421875	kalman var: 100.0 100.0 0.319	 batterySag: 0	link quality: 35	flight time: 0s	pos -12.12 5.97 -48.88	yaw: 1.44	msg/s 0.0
INFO: 14-07-2022 18:06:39 printStatus(168) -- Drogno_0: connecting	battery: 3.736328125	kalman var: 0.0 0.0 0.0	 batterySag: 0	link quality: 35	flight time: 0s	pos 0.01 0.00 -0.00	yaw: 1.63	msg/s 0.0
INFO: 14-07-2022 18:06:41 printStatus(168) -- Drogno_0: connecting	battery: 3.7421875	kalman var: 0.001 0.001 0.001	 batterySag: 0	link quality: 35	flight time: 0s	pos 0.00 0.00 -0.00	yaw: 1.51	msg/s 0.0
INFO: 14-07-2022 18:06:42 printStatus(168) -- Drogno_0: connecting	battery: 3.7421875	kalman var: 0.0 0.0 0.0	 batterySag: 0	link quality: 35	flight time: 0s	pos 0.01 0.00 -0.00	yaw: 1.58	msg/s 0.0
INFO: 14-07-2022 18:06:43 printStatus(168) -- Drogno_0: connecting	battery: 3.736328125	kalman var: 0.001 0.0 0.001	 batterySag: 0	link quality: 35	flight time: 0s	pos 0.00 0.01 -0.00	yaw: 1.56	msg/s 0.0
INFO: 14-07-2022 18:06:44 printStatus(168) -- Drogno_0: connecting	battery: 3.7421875	kalman var: 0.0 0.0 0.0	 batterySag: 0	link quality: 35	flight time: 0s	pos 0.01 0.01 -0.00	yaw: 8.20	msg/s 0.0
INFO: 14-07-2022 18:06:45 printStatus(168) -- Drogno_0: connecting	battery: 3.7421875	kalman var: 0.0 0.0 0.0	 batterySag: 0	link quality: 35	flight time: 0s	pos -0.04 -0.00 0.22	yaw: 0.64	msg/s 0.0
INFO: 14-07-2022 18:06:46 printStatus(168) -- Drogno_0: connecting	battery: 3.7421875	kalman var: 0.0 0.0 0.0	 batterySag: 0	link quality: 35	flight time: 0s	pos -0.07 -0.00 0.21	yaw: 1.88	msg/s 0.0
INFO: 14-07-2022 18:06:47 printStatus(168) -- Drogno_0: connecting	battery: 3.7421875	kalman var: 0.0 0.0 0.0	 batterySag: 0	link quality: 35	flight time: 0s	pos -0.24 -0.00 0.08	yaw: 0.90	msg/s 0.0
INFO: 14-07-2022 18:06:49 printStatus(168) -- Drogno_0: connecting	battery: 3.7421875	kalman var: 0.0 0.0 0.0	 batterySag: 0	link quality: 35	flight time: 0s	pos -0.12 -0.07 0.08	yaw: -6.93	msg/s 0.0
INFO: 14-07-2022 18:06:50 printStatus(168) -- Drogno_0: connecting	battery: 3.7421875	kalman var: 0.0 0.0 0.0	 batterySag: 0	link quality: 35	flight time: 0s	pos -0.10 0.03 0.08	yaw: -7.75	msg/s 0.0
INFO: 14-07-2022 18:06:51 printStatus(168) -- Drogno_0: connecting	battery: 3.7421875	kalman var: 0.001 0.001 0.001	 batterySag: 0	link quality: 35	flight time: 0s	pos -0.16 -0.08 0.02	yaw: -5.38	msg/s 0.0
INFO: 14-07-2022 18:06:52 printStatus(168) -- Drogno_0: connecting	battery: 3.7421875	kalman var: 0.0 0.0 0.0	 batterySag: 0	link quality: 35	flight time: 0s	pos -0.11 0.02 0.24	yaw: -5.73	msg/s 0.0
INFO: 14-07-2022 18:06:53 printStatus(168) -- Drogno_0: connecting	battery: 3.7421875	kalman var: 0.0 0.0 0.0	 batterySag: 0	link quality: 35	flight time: 0s	pos -0.05 0.04 0.05	yaw: 11.23	msg/s 0.0
INFO: 14-07-2022 18:06:54 printStatus(168) -- Drogno_0: connecting	battery: 3.7421875	kalman var: 0.0 0.0 0.0	 batterySag: 0	link quality: 35	flight time: 0s	pos -0.13 -0.05 0.04	yaw: -7.41	msg/s 0.0
INFO: 14-07-2022 18:06:55 printStatus(168) -- Drogno_0: connecting	battery: 3.7421875	kalman var: 0.0 0.0 0.0	 batterySag: 0	link quality: 42	flight time: 0s	pos -0.15 -0.07 0.11	yaw: -20.28	msg/s 0.0
INFO: 14-07-2022 18:06:56 printStatus(168) -- Drogno_0: connecting	battery: 3.7421875	kalman var: 0.0 0.0 0.0	 batterySag: 0	link quality: 35	flight time: 0s	pos -0.11 -0.04 0.13	yaw: -11.23	msg/s 0.0
INFO: 14-07-2022 18:06:58 printStatus(168) -- Drogno_0: connecting	battery: 3.7421875	kalman var: 0.001 0.001 0.001	 batterySag: 0	link quality: 35	flight time: 0s	pos -0.13 0.00 0.04	yaw: -0.24	msg/s 0.0
INFO: 14-07-2022 18:06:59 printStatus(168) -- Drogno_0: connecting	battery: 3.736328125	kalman var: 0.001 0.001 0.001	 batterySag: 0	link quality: 45	flight time: 0s	pos -0.33 -0.00 0.05	yaw: -4.25	msg/s 0.0
INFO: 14-07-2022 18:07:00 printStatus(168) -- Drogno_0: connecting	battery: 3.7421875	kalman var: 0.0 0.0 0.0	 batterySag: 0	link quality: 43	flight time: 0s	pos -0.31 -0.00 0.03	yaw: -4.54	msg/s 0.0
INFO: 14-07-2022 18:07:01 printStatus(168) -- Drogno_0: connecting	battery: 3.7421875	kalman var: 0.0 0.0 0.0	 batterySag: 0	link quality: 39	flight time: 0s	pos -0.31 -0.01 0.03	yaw: -5.38	msg/s 0.0
INFO: 14-07-2022 18:07:02 printStatus(168) -- Drogno_0: connecting	battery: 3.736328125	kalman var: 0.0 0.0 0.0	 batterySag: 0	link quality: 35	flight time: 0s	pos 0.10 -0.02 0.04	yaw: 6.45	msg/s 0.0
INFO: 14-07-2022 18:07:03 printStatus(168) -- Drogno_0: connecting	battery: 3.7421875	kalman var: 0.0 0.0 0.0	 batterySag: 0	link quality: 35	flight time: 0s	pos -0.19 -0.01 0.11	yaw: -8.31	msg/s 0.0
INFO: 14-07-2022 18:07:04 printStatus(168) -- Drogno_0: connecting	battery: 3.7421875	kalman var: 0.0 0.0 0.0	 batterySag: 0	link quality: 35	flight time: 0s	pos -0.12 -0.00 0.10	yaw: -1.41	msg/s 0.0
INFO: 14-07-2022 18:07:06 printStatus(168) -- Drogno_0: connecting	battery: 3.7421875	kalman var: 0.0 0.0 0.0	 batterySag: 0	link quality: 35	flight time: 0s	pos -0.11 0.03 0.12	yaw: 1.79	msg/s 0.0
INFO: 14-07-2022 18:07:07 printStatus(168) -- Drogno_0: connecting	battery: 3.736328125	kalman var: 0.0 0.0 0.0	 batterySag: 0	link quality: 42	flight time: 0s	pos -0.28 0.01 0.07	yaw: -11.97	msg/s 0.0
INFO: 14-07-2022 18:07:08 printStatus(168) -- Drogno_0: connecting	battery: 3.736328125	kalman var: 0.0 0.0 0.0	 batterySag: 0	link quality: 35	flight time: 0s	pos -0.03 0.04 0.09	yaw: -0.35	msg/s 0.0
INFO: 14-07-2022 18:07:09 printStatus(168) -- Drogno_0: connecting	battery: 3.7421875	kalman var: 0.0 0.0 0.0	 batterySag: 0	link quality: 35	flight time: 0s	pos -0.01 0.08 0.07	yaw: -2.49	msg/s 0.0
INFO: 14-07-2022 18:07:10 printStatus(168) -- Drogno_0: connecting	battery: 3.736328125	kalman var: 0.0 0.0 0.0	 batterySag: 0	link quality: 35	flight time: 0s	pos -0.03 0.10 0.13	yaw: 4.56	msg/s 0.0
INFO: 14-07-2022 18:07:11 printStatus(168) -- Drogno_0: connecting	battery: 3.7421875	kalman var: 0.0 0.0 0.0	 batterySag: 0	link quality: 35	flight time: 0s	pos -0.06 -0.02 0.03	yaw: -2.79	msg/s 0.0
INFO: 14-07-2022 18:07:12 printStatus(168) -- Drogno_0: stand by	battery: 3.736328125	kalman var: 0.0 0.0 0.0	 batterySag: 0	link quality: 39	flight time: 0s	pos -0.08 0.01 0.10	yaw: -28.48	msg/s 0.0
INFO: 14-07-2022 18:07:14 printStatus(168) -- Drogno_0: stand by	battery: 3.736328125	kalman var: 0.0 0.0 0.0	 batterySag: 0	link quality: 39	flight time: 0s	pos -0.08 0.01 0.10	yaw: -28.48	msg/s 0.0
INFO: 14-07-2022 18:07:15 printStatus(168) -- Drogno_0: stand by	battery: 3.736328125	kalman var: 0.0 0.0 0.0	 batterySag: 0	link quality: 39	flight time: 0s	pos -0.08 0.01 0.10	yaw: -28.48	msg/s 0.0
INFO: 14-07-2022 18:07:16 printStatus(168) -- Drogno_0: stand by	battery: 3.736328125	kalman var: 0.0 0.0 0.0	 batterySag: 0	link quality: 39	flight time: 0s	pos -0.08 0.01 0.10	yaw: -28.48	msg/s 0.0
INFO: 14-07-2022 18:07:17 printStatus(168) -- Drogno_0: stand by	battery: 3.736328125	kalman var: 0.0 0.0 0.0	 batterySag: 0	link quality: 39	flight time: 0s	pos -0.08 0.01 0.10	yaw: -28.48	msg/s 0.0
INFO: 14-07-2022 18:07:18 printStatus(168) -- Drogno_0: stand by	battery: 3.736328125	kalman var: 0.0 0.0 0.0	 batterySag: 0	link quality: 39	flight time: 0s	pos -0.08 0.01 0.10	yaw: -28.48	msg/s 0.0
INFO: 14-07-2022 18:07:19 printStatus(168) -- Drogno_0: stand by	battery: 3.736328125	kalman var: 0.0 0.0 0.0	 batterySag: 0	link quality: 39	flight time: 0s	pos -0.08 0.01 0.10	yaw: -28.48	msg/s 0.0
INFO: 14-07-2022 18:07:20 printStatus(168) -- Drogno_0: stand by	battery: 3.736328125	kalman var: 0.0 0.0 0.0	 batterySag: 0	link quality: 39	flight time: 0s	pos -0.08 0.01 0.10	yaw: -28.48	msg/s 0.0
