INFO: 2021-10-09 15:54:39 __init__(134) -- This is dronelog running on Drogno_5
INFO: 2021-10-09 15:54:39 printStatus(172) -- Started
INFO: 2021-10-09 15:54:41 printStatus(175) -- Drogno_5: connecting		battery n.p.	pos 0.00 0.00 0.00	yaw: 0.00	msg/s 0.0	link quality: 0	kalman var: 0 0 0	flight time: 0s	 batterySag: 0
INFO: 2021-10-09 15:54:43 printStatus(175) -- Drogno_5: connecting		battery n.p.	pos 0.00 0.00 0.00	yaw: 0.00	msg/s 0.0	link quality: 0	kalman var: 0 0 0	flight time: 0s	 batterySag: 0
INFO: 2021-10-09 15:54:44 printStatus(175) -- Drogno_5: connecting		battery n.p.	pos 0.00 0.00 0.00	yaw: 0.00	msg/s 0.0	link quality: 0	kalman var: 0 0 0	flight time: 0s	 batterySag: 0
INFO: 2021-10-09 15:54:46 printStatus(175) -- Drogno_5: connecting		battery n.p.	pos 0.00 0.00 0.00	yaw: 0.00	msg/s 0.0	link quality: 0	kalman var: 0 0 0	flight time: 0s	 batterySag: 0
INFO: 2021-10-09 15:54:47 printStatus(175) -- Drogno_5: connecting		battery n.p.	pos 0.00 0.00 0.00	yaw: 0.00	msg/s 0.0	link quality: 0	kalman var: 0 0 0	flight time: 0s	 batterySag: 0
INFO: 2021-10-09 15:54:49 printStatus(175) -- Drogno_5: landed		battery n.p.	pos 0.00 0.00 0.00	yaw: 0.00	msg/s 0.0	link quality: 0	kalman var: 0 0 0	flight time: 0s	 batterySag: 0
INFO: 2021-10-09 15:54:51 printStatus(175) -- Drogno_5: landed		battery n.p.	pos 0.00 0.00 0.00	yaw: 0.00	msg/s 0.0	link quality: 0	kalman var: 0 0 0	flight time: 0s	 batterySag: 0
INFO: 2021-10-09 15:54:52 printStatus(175) -- Drogno_5: ready		battery 4.2	pos -0.19 -0.55 -0.02	yaw: -11.83	msg/s 0.0	link quality: 58	kalman var: 0.001 0.001 0.0	flight time: 0s	 batterySag: 0.60693359375
INFO: 2021-10-09 15:54:54 printStatus(175) -- Drogno_5: ready		battery 4.2	pos -0.19 -0.55 -0.02	yaw: -11.80	msg/s 0.0	link quality: 56	kalman var: 0.0 0.0 0.0	flight time: 0s	 batterySag: 0.60693359375
INFO: 2021-10-09 15:54:55 printStatus(175) -- Drogno_5: ready		battery 4.2	pos -0.19 -0.55 -0.02	yaw: -11.88	msg/s 0.0	link quality: 56	kalman var: 0.0 0.0 0.0	flight time: 0s	 batterySag: 0.60693359375
INFO: 2021-10-09 15:54:57 printStatus(175) -- Drogno_5: ready		battery 4.2	pos -0.19 -0.55 -0.02	yaw: -11.80	msg/s 0.0	link quality: 56	kalman var: 0.001 0.001 0.001	flight time: 0s	 batterySag: 0.60693359375
INFO: 2021-10-09 15:54:58 printStatus(175) -- Drogno_5: ready		battery 4.2	pos -0.19 -0.55 -0.02	yaw: -11.88	msg/s 0.0	link quality: 57	kalman var: 0.0 0.0 0.0	flight time: 0s	 batterySag: 0.60693359375
INFO: 2021-10-09 15:55:00 printStatus(175) -- Drogno_5: ready		battery 4.2	pos -0.19 -0.55 -0.02	yaw: -11.82	msg/s 0.0	link quality: 56	kalman var: 0.0 0.0 0.0	flight time: 0s	 batterySag: 0.60693359375
INFO: 2021-10-09 15:55:02 printStatus(175) -- Drogno_5: ready		battery 4.2	pos -0.19 -0.55 -0.02	yaw: -11.88	msg/s 0.0	link quality: 56	kalman var: 0.0 0.0 0.0	flight time: 0s	 batterySag: 0.60693359375
INFO: 2021-10-09 15:55:03 printStatus(175) -- Drogno_5: hovering		battery 4.2	pos -0.19 -0.55 -0.02	yaw: -11.95	msg/s 0.0	link quality: 57	kalman var: 0.0 0.0 0.0	flight time: 0s	 batterySag: 0.60693359375
INFO: 2021-10-09 15:55:05 printStatus(175) -- Drogno_5: ready		battery 3.86	pos -0.18 -0.56 0.26	yaw: -5.57	msg/s 0.0	link quality: 51	kalman var: 0.001 0.001 0.001	flight time: 0s	 batterySag: 0.60693359375
INFO: 2021-10-09 15:55:06 printStatus(175) -- Drogno_5: ready		battery 3.89	pos -0.17 -0.54 0.80	yaw: 8.30	msg/s 0.0	link quality: 60	kalman var: 0.0 0.0 0.0	flight time: 2s	 batterySag: 0.60693359375
INFO: 2021-10-09 15:55:08 printStatus(175) -- Drogno_5: ready		battery 3.87	pos -0.18 -0.54 0.87	yaw: 0.05	msg/s 0.0	link quality: 43	kalman var: 0.0 0.0 0.0	flight time: 3s	 batterySag: 0.60693359375
INFO: 2021-10-09 15:55:09 printStatus(175) -- Drogno_5: ready		battery 3.85	pos -0.18 -0.54 0.85	yaw: -1.34	msg/s 0.0	link quality: 44	kalman var: 0.001 0.001 0.001	flight time: 5s	 batterySag: 0.60693359375
INFO: 2021-10-09 15:55:11 printStatus(175) -- Drogno_5: ready		battery 3.84	pos -0.19 -0.55 0.84	yaw: -4.32	msg/s 0.0	link quality: 44	kalman var: 0.0 0.0 0.0	flight time: 7s	 batterySag: 0.60693359375
INFO: 2021-10-09 15:55:12 printStatus(175) -- Drogno_5: ready		battery 3.83	pos -0.15 -0.59 0.84	yaw: 2.16	msg/s 0.0	link quality: 46	kalman var: 0.0 0.0 0.001	flight time: 8s	 batterySag: 0.60693359375
INFO: 2021-10-09 15:55:14 printStatus(175) -- Drogno_5: ready		battery 3.82	pos -0.19 -0.56 0.81	yaw: 4.37	msg/s 0.0	link quality: 51	kalman var: 0.0 0.0 0.0	flight time: 10s	 batterySag: 0.60693359375
INFO: 2021-10-09 15:55:16 printStatus(175) -- Drogno_5: ready		battery 3.81	pos -0.18 -0.54 0.80	yaw: 1.35	msg/s 0.0	link quality: 62	kalman var: 0.001 0.001 0.001	flight time: 11s	 batterySag: 0.60693359375
INFO: 2021-10-09 15:55:17 printStatus(175) -- Drogno_5: ready		battery 3.8	pos -0.18 -0.53 0.81	yaw: 2.54	msg/s 0.0	link quality: 54	kalman var: 0.0 0.0 0.0	flight time: 13s	 batterySag: 0.60693359375
INFO: 2021-10-09 15:55:19 printStatus(175) -- Drogno_5: ready		battery 3.79	pos -0.19 -0.54 0.80	yaw: 1.07	msg/s 0.0	link quality: 59	kalman var: 0.0 0.0 0.0	flight time: 14s	 batterySag: 0.60693359375
INFO: 2021-10-09 15:55:20 printStatus(175) -- Drogno_5: ready		battery 3.79	pos -0.18 -0.57 0.82	yaw: 1.15	msg/s 0.0	link quality: 49	kalman var: 0.0 0.0 0.0	flight time: 16s	 batterySag: 0.60693359375
INFO: 2021-10-09 15:55:22 printStatus(175) -- Drogno_5: ready		battery 3.79	pos -0.20 -0.57 0.81	yaw: -0.45	msg/s 0.0	link quality: 53	kalman var: 0.0 0.0 0.0	flight time: 17s	 batterySag: 0.60693359375
INFO: 2021-10-09 15:55:23 printStatus(175) -- Drogno_5: ready		battery 3.79	pos -0.20 -0.53 0.80	yaw: -4.12	msg/s 0.0	link quality: 58	kalman var: 0.0 0.0 0.0	flight time: 19s	 batterySag: 0.60693359375
INFO: 2021-10-09 15:55:25 printStatus(175) -- Drogno_5: ready		battery 3.78	pos -0.17 -0.55 0.81	yaw: -1.56	msg/s 0.0	link quality: 51	kalman var: 0.0 0.0 0.0	flight time: 21s	 batterySag: 0.60693359375
INFO: 2021-10-09 15:55:26 printStatus(175) -- Drogno_5: ready		battery 3.77	pos -0.19 -0.52 0.79	yaw: -0.43	msg/s 0.0	link quality: 49	kalman var: 0.0 0.0 0.0	flight time: 22s	 batterySag: 0.60693359375
INFO: 2021-10-09 15:55:28 printStatus(175) -- Drogno_5: ready		battery 3.77	pos -0.16 -0.56 0.80	yaw: -0.84	msg/s 0.0	link quality: 51	kalman var: 0.0 0.0 0.0	flight time: 24s	 batterySag: 0.60693359375
INFO: 2021-10-09 15:55:30 printStatus(175) -- Drogno_5: ready		battery 3.76	pos -0.17 -0.54 0.80	yaw: -0.58	msg/s 0.0	link quality: 56	kalman var: 0.0 0.0 0.0	flight time: 25s	 batterySag: 0.60693359375
INFO: 2021-10-09 15:55:31 printStatus(175) -- Drogno_5: ready		battery 3.76	pos -0.18 -0.54 0.80	yaw: -0.39	msg/s 0.0	link quality: 56	kalman var: 0.0 0.0 0.0	flight time: 27s	 batterySag: 0.60693359375
INFO: 2021-10-09 15:55:33 printStatus(175) -- Drogno_5: ready		battery 3.75	pos -0.21 -0.56 0.80	yaw: 3.58	msg/s 0.0	link quality: 62	kalman var: 0.0 0.0 0.0	flight time: 28s	 batterySag: 0.60693359375
INFO: 2021-10-09 15:55:34 printStatus(175) -- Drogno_5: ready		battery 3.75	pos -0.15 -0.58 0.79	yaw: 3.18	msg/s 0.0	link quality: 44	kalman var: 0.001 0.001 0.001	flight time: 30s	 batterySag: 0.60693359375
INFO: 2021-10-09 15:55:36 printStatus(175) -- Drogno_5: ready		battery 3.75	pos -0.19 -0.57 0.81	yaw: 6.64	msg/s 0.0	link quality: 49	kalman var: 0.0 0.0 0.0	flight time: 31s	 batterySag: 0.60693359375
INFO: 2021-10-09 15:55:37 printStatus(175) -- Drogno_5: ready		battery 3.73	pos -0.17 -0.52 0.78	yaw: 1.09	msg/s 0.0	link quality: 50	kalman var: 0.0 0.0 0.0	flight time: 33s	 batterySag: 0.60693359375
INFO: 2021-10-09 15:55:39 printStatus(175) -- Drogno_5: ready		battery 3.74	pos -0.14 -0.52 0.81	yaw: -4.59	msg/s 0.0	link quality: 48	kalman var: 0.0 0.0 0.0	flight time: 35s	 batterySag: 0.60693359375
INFO: 2021-10-09 15:55:40 printStatus(175) -- Drogno_5: ready		battery 3.73	pos -0.21 -0.56 0.79	yaw: 3.52	msg/s 0.0	link quality: 52	kalman var: 0.0 0.0 0.0	flight time: 36s	 batterySag: 0.60693359375
INFO: 2021-10-09 15:55:42 printStatus(175) -- Drogno_5: ready		battery 3.73	pos -0.20 -0.56 0.81	yaw: -4.01	msg/s 0.0	link quality: 53	kalman var: 0.0 0.0 0.0	flight time: 38s	 batterySag: 0.60693359375
INFO: 2021-10-09 15:55:44 printStatus(175) -- Drogno_5: ready		battery 3.72	pos -0.17 -0.52 0.79	yaw: 10.32	msg/s 0.0	link quality: 61	kalman var: 0.0 0.0 0.0	flight time: 39s	 batterySag: 0.60693359375
INFO: 2021-10-09 15:55:45 printStatus(175) -- Drogno_5: ready		battery 3.72	pos -0.17 -0.57 0.80	yaw: -0.66	msg/s 0.0	link quality: 56	kalman var: 0.0 0.0 0.0	flight time: 41s	 batterySag: 0.60693359375
INFO: 2021-10-09 15:55:47 printStatus(175) -- Drogno_5: ready		battery 3.72	pos -0.17 -0.54 0.80	yaw: -2.77	msg/s 0.0	link quality: 56	kalman var: 0.0 0.0 0.0	flight time: 42s	 batterySag: 0.60693359375
INFO: 2021-10-09 15:55:48 printStatus(175) -- Drogno_5: ready		battery 3.71	pos -0.17 -0.06 0.79	yaw: -0.61	msg/s 0.0	link quality: 44	kalman var: 0.0 0.0 0.0	flight time: 44s	 batterySag: 0.60693359375
INFO: 2021-10-09 15:55:50 printStatus(175) -- Drogno_5: ready		battery 3.71	pos -0.18 -0.06 0.81	yaw: -0.87	msg/s 0.0	link quality: 44	kalman var: 0.0 0.0 0.0	flight time: 45s	 batterySag: 0.60693359375
INFO: 2021-10-09 15:55:51 printStatus(175) -- Drogno_5: ready		battery 3.71	pos -0.15 -0.04 0.80	yaw: 1.16	msg/s 0.0	link quality: 48	kalman var: 0.0 0.0 0.0	flight time: 47s	 batterySag: 0.60693359375
INFO: 2021-10-09 15:55:53 printStatus(175) -- Drogno_5: ready		battery 3.71	pos -0.15 -0.07 0.80	yaw: -1.27	msg/s 0.0	link quality: 45	kalman var: 0.0 0.0 0.0	flight time: 49s	 batterySag: 0.60693359375
INFO: 2021-10-09 15:55:54 printStatus(175) -- Drogno_5: ready		battery 3.7	pos -0.17 -0.08 0.80	yaw: -1.65	msg/s 0.0	link quality: 43	kalman var: 0.001 0.001 0.001	flight time: 50s	 batterySag: 0.60693359375
INFO: 2021-10-09 15:55:56 printStatus(175) -- Drogno_5: ready		battery 3.7	pos -0.17 -0.07 0.80	yaw: -0.79	msg/s 0.0	link quality: 43	kalman var: 0.0 0.0 0.0	flight time: 52s	 batterySag: 0.60693359375
INFO: 2021-10-09 15:55:58 printStatus(175) -- Drogno_5: ready		battery 3.7	pos -0.17 -0.07 0.80	yaw: -0.68	msg/s 0.0	link quality: 44	kalman var: 0.0 0.0 0.001	flight time: 53s	 batterySag: 0.60693359375
INFO: 2021-10-09 15:55:59 printStatus(175) -- Drogno_5: ready		battery 3.69	pos -0.16 -0.07 0.80	yaw: -1.94	msg/s 0.0	link quality: 44	kalman var: 0.0 0.0 0.0	flight time: 55s	 batterySag: 0.60693359375
INFO: 2021-10-09 15:56:01 printStatus(175) -- Drogno_5: ready		battery 3.69	pos -0.17 -0.07 0.80	yaw: -1.33	msg/s 0.0	link quality: 44	kalman var: 0.001 0.001 0.001	flight time: 56s	 batterySag: 0.60693359375
INFO: 2021-10-09 15:56:02 printStatus(175) -- Drogno_5: ready		battery 3.68	pos -0.16 -0.06 0.81	yaw: -0.10	msg/s 0.0	link quality: 45	kalman var: 0.0 0.0 0.0	flight time: 58s	 batterySag: 0.60693359375
INFO: 2021-10-09 15:56:04 printStatus(175) -- Drogno_5: ready		battery 3.68	pos -0.16 -0.07 0.80	yaw: 1.37	msg/s 0.0	link quality: 46	kalman var: 0.0 0.0 0.001	flight time: 59s	 batterySag: 0.60693359375
INFO: 2021-10-09 15:56:05 printStatus(175) -- Drogno_5: ready		battery 3.67	pos -0.16 -0.07 0.80	yaw: 1.86	msg/s 0.0	link quality: 44	kalman var: 0.0 0.0 0.0	flight time: 61s	 batterySag: 0.60693359375
INFO: 2021-10-09 15:56:07 printStatus(175) -- Drogno_5: ready		battery 3.67	pos -0.16 -0.07 0.80	yaw: 1.03	msg/s 0.0	link quality: 44	kalman var: 0.0 0.0 0.0	flight time: 63s	 batterySag: 0.60693359375
INFO: 2021-10-09 15:56:09 printStatus(175) -- Drogno_5: ready		battery 3.67	pos -0.16 -0.07 0.80	yaw: 0.98	msg/s 0.0	link quality: 44	kalman var: 0.0 0.0 0.0	flight time: 64s	 batterySag: 0.60693359375
INFO: 2021-10-09 15:56:10 printStatus(175) -- Drogno_5: ready		battery 3.67	pos -0.16 -0.07 0.82	yaw: 1.44	msg/s 0.0	link quality: 44	kalman var: 0.0 0.0 0.0	flight time: 66s	 batterySag: 0.60693359375
INFO: 2021-10-09 15:56:12 printStatus(175) -- Drogno_5: ready		battery 3.66	pos -0.17 -0.07 0.80	yaw: 1.15	msg/s 0.0	link quality: 44	kalman var: 0.0 0.0 0.0	flight time: 67s	 batterySag: 0.60693359375
INFO: 2021-10-09 15:56:13 printStatus(175) -- Drogno_5: ready		battery 3.66	pos -0.17 -0.07 0.81	yaw: 0.15	msg/s 0.0	link quality: 43	kalman var: 0.0 0.0 0.0	flight time: 69s	 batterySag: 0.60693359375
INFO: 2021-10-09 15:56:15 printStatus(175) -- Drogno_5: ready		battery 3.66	pos -0.17 -0.06 0.80	yaw: 0.11	msg/s 0.0	link quality: 45	kalman var: 0.0 0.0 0.0	flight time: 70s	 batterySag: 0.60693359375
INFO: 2021-10-09 15:56:16 printStatus(175) -- Drogno_5: ready		battery 3.65	pos -0.17 -0.07 0.80	yaw: -0.56	msg/s 0.0	link quality: 44	kalman var: 0.0 0.0 0.0	flight time: 72s	 batterySag: 0.60693359375
INFO: 2021-10-09 15:56:18 printStatus(175) -- Drogno_5: ready		battery 3.65	pos -0.17 -0.08 0.80	yaw: -2.47	msg/s 0.0	link quality: 43	kalman var: 0.0 0.0 0.0	flight time: 73s	 batterySag: 0.60693359375
INFO: 2021-10-09 15:56:19 printStatus(175) -- Drogno_5: ready		battery 3.64	pos -0.17 -0.07 0.80	yaw: -2.04	msg/s 0.0	link quality: 44	kalman var: 0.0 0.0 0.001	flight time: 75s	 batterySag: 0.60693359375
INFO: 2021-10-09 15:56:21 printStatus(175) -- Drogno_5: ready		battery 3.64	pos -0.16 -0.07 0.80	yaw: -2.80	msg/s 0.0	link quality: 44	kalman var: 0.0 0.0 0.0	flight time: 77s	 batterySag: 0.60693359375
INFO: 2021-10-09 15:56:23 printStatus(175) -- Drogno_5: ready		battery 3.64	pos -0.16 -0.07 0.80	yaw: -1.61	msg/s 0.0	link quality: 45	kalman var: 0.0 0.0 0.0	flight time: 78s	 batterySag: 0.60693359375
INFO: 2021-10-09 15:56:24 printStatus(175) -- Drogno_5: ready		battery 3.64	pos -0.17 -0.07 0.81	yaw: -0.18	msg/s 0.0	link quality: 44	kalman var: 0.0 0.0 0.0	flight time: 80s	 batterySag: 0.60693359375
INFO: 2021-10-09 15:56:26 printStatus(175) -- Drogno_5: ready		battery 3.63	pos -0.17 -0.08 0.80	yaw: 0.28	msg/s 0.0	link quality: 43	kalman var: 0.0 0.0 0.0	flight time: 81s	 batterySag: 0.60693359375
INFO: 2021-10-09 15:56:27 printStatus(175) -- Drogno_5: ready		battery 3.63	pos -0.16 -0.06 0.80	yaw: 0.67	msg/s 0.0	link quality: 45	kalman var: 0.0 0.0 0.0	flight time: 83s	 batterySag: 0.60693359375
INFO: 2021-10-09 15:56:29 printStatus(175) -- Drogno_5: ready		battery 3.63	pos -0.16 -0.06 0.80	yaw: 3.02	msg/s 0.0	link quality: 45	kalman var: 0.0 0.0 0.0	flight time: 84s	 batterySag: 0.60693359375
INFO: 2021-10-09 15:56:30 printStatus(175) -- Drogno_5: ready		battery 3.62	pos -0.15 -0.08 0.80	yaw: -1.94	msg/s 0.0	link quality: 47	kalman var: 0.0 0.0 0.0	flight time: 86s	 batterySag: 0.60693359375
INFO: 2021-10-09 15:56:32 printStatus(175) -- Drogno_5: ready		battery 3.62	pos -0.16 -0.07 0.81	yaw: 1.07	msg/s 0.0	link quality: 44	kalman var: 0.0 0.0 0.0	flight time: 88s	 batterySag: 0.60693359375
INFO: 2021-10-09 15:56:33 printStatus(175) -- Drogno_5: ready		battery 3.62	pos -0.16 -0.07 0.81	yaw: 1.81	msg/s 0.0	link quality: 46	kalman var: 0.0 0.0 0.0	flight time: 89s	 batterySag: 0.60693359375
INFO: 2021-10-09 15:56:35 printStatus(175) -- Drogno_5: ready		battery 3.61	pos -0.17 -0.06 0.80	yaw: 1.59	msg/s 0.0	link quality: 45	kalman var: 0.0 0.0 0.0	flight time: 91s	 batterySag: 0.60693359375
INFO: 2021-10-09 15:56:37 printStatus(175) -- Drogno_5: ready		battery 3.61	pos -0.17 -0.07 0.80	yaw: -0.50	msg/s 0.0	link quality: 43	kalman var: 0.0 0.0 0.0	flight time: 92s	 batterySag: 0.60693359375
INFO: 2021-10-09 15:56:38 printStatus(175) -- Drogno_5: ready		battery 3.61	pos -0.16 -0.07 0.80	yaw: 0.04	msg/s 0.0	link quality: 45	kalman var: 0.0 0.0 0.0	flight time: 94s	 batterySag: 0.60693359375
INFO: 2021-10-09 15:56:40 printStatus(175) -- Drogno_5: ready		battery 3.61	pos -0.17 -0.05 0.81	yaw: 0.67	msg/s 0.0	link quality: 47	kalman var: 0.0 0.0 0.0	flight time: 95s	 batterySag: 0.60693359375
INFO: 2021-10-09 15:56:41 printStatus(175) -- Drogno_5: ready		battery 3.6	pos -0.17 -0.07 0.80	yaw: 0.54	msg/s 0.0	link quality: 43	kalman var: 0.0 0.0 0.0	flight time: 97s	 batterySag: 0.60693359375
INFO: 2021-10-09 15:56:43 printStatus(175) -- Drogno_5: ready		battery 3.61	pos -0.17 -0.07 0.81	yaw: 0.38	msg/s 0.0	link quality: 44	kalman var: 0.0 0.0 0.0	flight time: 98s	 batterySag: 0.60693359375
INFO: 2021-10-09 15:56:44 printStatus(175) -- Drogno_5: ready		battery 3.59	pos -0.16 -0.08 0.79	yaw: 0.86	msg/s 0.0	link quality: 44	kalman var: 0.0 0.0 0.0	flight time: 100s	 batterySag: 0.60693359375
INFO: 2021-10-09 15:56:46 printStatus(175) -- Drogno_5: ready		battery 3.59	pos -0.17 -0.07 0.80	yaw: -1.15	msg/s 0.0	link quality: 45	kalman var: 0.001 0.001 0.001	flight time: 102s	 batterySag: 0.60693359375
INFO: 2021-10-09 15:56:48 printStatus(175) -- Drogno_5: ready		battery 3.59	pos -0.17 -0.06 0.80	yaw: 3.48	msg/s 0.0	link quality: 46	kalman var: 0.0 0.0 0.0	flight time: 103s	 batterySag: 0.60693359375
INFO: 2021-10-09 15:56:49 printStatus(175) -- Drogno_5: ready		battery 3.58	pos -0.16 -0.08 0.79	yaw: 0.68	msg/s 0.0	link quality: 44	kalman var: 0.0 0.0 0.0	flight time: 105s	 batterySag: 0.60693359375
INFO: 2021-10-09 15:56:51 printStatus(175) -- Drogno_5: ready		battery 3.58	pos -0.17 -0.07 0.81	yaw: -0.08	msg/s 0.0	link quality: 44	kalman var: 0.0 0.0 0.0	flight time: 106s	 batterySag: 0.60693359375
INFO: 2021-10-09 15:56:52 printStatus(175) -- Drogno_5: ready		battery 3.58	pos -0.18 -0.07 0.81	yaw: -1.14	msg/s 0.0	link quality: 44	kalman var: 0.0 0.0 0.0	flight time: 108s	 batterySag: 0.60693359375
INFO: 2021-10-09 15:56:54 printStatus(175) -- Drogno_5: ready		battery 3.58	pos -0.17 -0.07 0.81	yaw: -1.35	msg/s 0.0	link quality: 44	kalman var: 0.0 0.0 0.0	flight time: 110s	 batterySag: 0.60693359375
INFO: 2021-10-09 15:56:55 printStatus(175) -- Drogno_5: ready		battery 3.57	pos -0.15 -0.06 0.80	yaw: 1.73	msg/s 0.0	link quality: 46	kalman var: 0.0 0.0 0.0	flight time: 111s	 batterySag: 0.60693359375
INFO: 2021-10-09 15:56:57 printStatus(175) -- Drogno_5: ready		battery 3.57	pos -0.16 -0.08 0.81	yaw: -0.55	msg/s 0.0	link quality: 44	kalman var: 0.0 0.0 0.0	flight time: 113s	 batterySag: 0.60693359375
INFO: 2021-10-09 15:56:59 printStatus(175) -- Drogno_5: ready		battery 3.57	pos -0.17 -0.07 0.80	yaw: -1.75	msg/s 0.0	link quality: 42	kalman var: 0.0 0.0 0.0	flight time: 114s	 batterySag: 0.60693359375
INFO: 2021-10-09 15:57:00 printStatus(175) -- Drogno_5: ready		battery 3.56	pos -0.16 -0.07 0.81	yaw: -2.43	msg/s 0.0	link quality: 43	kalman var: 0.0 0.0 0.0	flight time: 116s	 batterySag: 0.60693359375
INFO: 2021-10-09 15:57:02 printStatus(175) -- Drogno_5: ready		battery 3.56	pos -0.16 -0.06 0.80	yaw: 1.21	msg/s 0.0	link quality: 45	kalman var: 0.001 0.001 0.001	flight time: 117s	 batterySag: 0.60693359375
INFO: 2021-10-09 15:57:03 printStatus(175) -- Drogno_5: ready		battery 3.56	pos -0.17 -0.07 0.81	yaw: 0.55	msg/s 0.0	link quality: 43	kalman var: 0.0 0.0 0.0	flight time: 119s	 batterySag: 0.60693359375
INFO: 2021-10-09 15:57:05 printStatus(175) -- Drogno_5: ready		battery 3.56	pos -0.16 -0.07 0.81	yaw: 1.03	msg/s 0.0	link quality: 44	kalman var: 0.001 0.001 0.001	flight time: 120s	 batterySag: 0.60693359375
INFO: 2021-10-09 15:57:06 printStatus(175) -- Drogno_5: ready		battery 3.56	pos -0.17 -0.07 0.80	yaw: -0.90	msg/s 0.0	link quality: 44	kalman var: 0.0 0.0 0.0	flight time: 122s	 batterySag: 0.60693359375
INFO: 2021-10-09 15:57:08 printStatus(175) -- Drogno_5: ready		battery 3.55	pos -0.17 -0.06 0.80	yaw: 2.52	msg/s 0.0	link quality: 44	kalman var: 0.0 0.0 0.0	flight time: 124s	 batterySag: 0.60693359375
INFO: 2021-10-09 15:57:10 printStatus(175) -- Drogno_5: ready		battery 3.56	pos -0.16 -0.06 0.79	yaw: 6.68	msg/s 0.0	link quality: 46	kalman var: 0.0 0.0 0.0	flight time: 125s	 batterySag: 0.60693359375
INFO: 2021-10-09 15:57:11 printStatus(175) -- Drogno_5: ready		battery 3.56	pos -0.17 -0.10 0.81	yaw: 0.30	msg/s 0.0	link quality: 43	kalman var: 0.0 0.0 0.0	flight time: 127s	 batterySag: 0.60693359375
INFO: 2021-10-09 15:57:13 printStatus(175) -- Drogno_5: ready		battery 3.56	pos -0.18 -0.07 0.82	yaw: -7.84	msg/s 0.0	link quality: 44	kalman var: 0.001 0.001 0.001	flight time: 128s	 batterySag: 0.60693359375
INFO: 2021-10-09 15:57:14 printStatus(175) -- Drogno_5: ready		battery 3.54	pos -0.14 -0.08 0.79	yaw: -1.26	msg/s 0.0	link quality: 48	kalman var: 0.0 0.0 0.0	flight time: 130s	 batterySag: 0.60693359375
INFO: 2021-10-09 15:57:16 printStatus(175) -- Drogno_5: ready		battery 3.55	pos -0.18 -0.06 0.81	yaw: -6.11	msg/s 0.0	link quality: 45	kalman var: 0.0 0.0 0.0	flight time: 132s	 batterySag: 0.60693359375
INFO: 2021-10-09 15:57:18 printStatus(175) -- Drogno_5: ready		battery 3.54	pos -0.16 -0.04 0.81	yaw: 5.08	msg/s 0.0	link quality: 49	kalman var: 0.0 0.0 0.0	flight time: 133s	 batterySag: 0.60693359375
INFO: 2021-10-09 15:57:19 printStatus(175) -- Drogno_5: ready		battery 3.54	pos -0.19 -0.06 0.80	yaw: -2.04	msg/s 0.0	link quality: 49	kalman var: 0.0 0.0 0.0	flight time: 135s	 batterySag: 0.60693359375
INFO: 2021-10-09 15:57:21 printStatus(175) -- Drogno_5: ready		battery 3.53	pos -0.16 -0.07 0.80	yaw: 0.59	msg/s 0.0	link quality: 45	kalman var: 0.001 0.001 0.001	flight time: 136s	 batterySag: 0.60693359375
INFO: 2021-10-09 15:57:22 printStatus(175) -- Drogno_5: ready		battery 3.54	pos -0.15 -0.06 0.82	yaw: 0.41	msg/s 0.0	link quality: 45	kalman var: 0.0 0.0 0.0	flight time: 138s	 batterySag: 0.60693359375
INFO: 2021-10-09 15:57:24 printStatus(175) -- Drogno_5: ready		battery 3.53	pos -0.17 -0.08 0.80	yaw: 2.03	msg/s 0.0	link quality: 43	kalman var: 0.0 0.0 0.001	flight time: 139s	 batterySag: 0.60693359375
INFO: 2021-10-09 15:57:26 printStatus(175) -- Drogno_5: ready		battery 3.53	pos -0.16 -0.09 0.81	yaw: 3.52	msg/s 0.0	link quality: 44	kalman var: 0.0 0.0 0.0	flight time: 141s	 batterySag: 0.60693359375
INFO: 2021-10-09 15:57:27 printStatus(175) -- Drogno_5: ready		battery 3.53	pos -0.18 -0.07 0.80	yaw: 0.45	msg/s 0.0	link quality: 44	kalman var: 0.0 0.0 0.0	flight time: 143s	 batterySag: 0.60693359375
INFO: 2021-10-09 15:57:29 printStatus(175) -- Drogno_5: ready		battery 3.53	pos -0.15 -0.07 0.81	yaw: -0.09	msg/s 0.0	link quality: 46	kalman var: 0.0 0.0 0.0	flight time: 144s	 batterySag: 0.60693359375
INFO: 2021-10-09 15:57:30 printStatus(175) -- Drogno_5: ready		battery 3.52	pos -0.18 -0.07 0.80	yaw: -0.61	msg/s 0.0	link quality: 44	kalman var: 0.0 0.0 0.0	flight time: 146s	 batterySag: 0.60693359375
INFO: 2021-10-09 15:57:32 printStatus(175) -- Drogno_5: ready		battery 3.52	pos -0.18 -0.07 0.81	yaw: -0.82	msg/s 0.0	link quality: 44	kalman var: 0.0 0.0 0.0	flight time: 147s	 batterySag: 0.60693359375
INFO: 2021-10-09 15:57:33 printStatus(175) -- Drogno_5: ready		battery 3.52	pos -0.16 -0.05 0.80	yaw: -0.11	msg/s 0.0	link quality: 46	kalman var: 0.0 0.0 0.0	flight time: 149s	 batterySag: 0.60693359375
INFO: 2021-10-09 15:57:35 printStatus(175) -- Drogno_5: ready		battery 3.52	pos -0.16 -0.08 0.80	yaw: 1.31	msg/s 0.0	link quality: 43	kalman var: 0.0 0.0 0.0	flight time: 151s	 batterySag: 0.60693359375
INFO: 2021-10-09 15:57:36 printStatus(175) -- Drogno_5: ready		battery 3.51	pos -0.17 -0.06 0.80	yaw: -5.66	msg/s 0.0	link quality: 44	kalman var: 0.0 0.0 0.001	flight time: 152s	 batterySag: 0.60693359375
INFO: 2021-10-09 15:57:38 printStatus(175) -- Drogno_5: ready		battery 3.52	pos -0.16 -0.09 0.82	yaw: 0.14	msg/s 0.0	link quality: 44	kalman var: 0.0 0.0 0.0	flight time: 154s	 batterySag: 0.60693359375
INFO: 2021-10-09 15:57:40 printStatus(175) -- Drogno_5: ready		battery 3.51	pos -0.17 -0.07 0.81	yaw: 0.16	msg/s 0.0	link quality: 44	kalman var: 0.0 0.0 0.001	flight time: 155s	 batterySag: 0.60693359375
INFO: 2021-10-09 15:57:41 printStatus(175) -- Drogno_5: ready		battery 3.51	pos -0.18 -0.08 0.81	yaw: 0.22	msg/s 0.0	link quality: 43	kalman var: 0.0 0.0 0.0	flight time: 157s	 batterySag: 0.60693359375
INFO: 2021-10-09 15:57:43 printStatus(175) -- Drogno_5: ready		battery 3.51	pos -0.16 -0.08 0.81	yaw: 2.32	msg/s 0.0	link quality: 43	kalman var: 0.0 0.0 0.0	flight time: 158s	 batterySag: 0.60693359375
INFO: 2021-10-09 15:57:44 printStatus(175) -- Drogno_5: ready		battery 3.51	pos -0.16 -0.07 0.80	yaw: -2.18	msg/s 0.0	link quality: 44	kalman var: 0.0 0.0 0.0	flight time: 160s	 batterySag: 0.60693359375
INFO: 2021-10-09 15:57:46 printStatus(175) -- Drogno_5: ready		battery 3.5	pos -0.18 -0.06 0.80	yaw: -1.13	msg/s 0.0	link quality: 44	kalman var: 0.0 0.0 0.0	flight time: 162s	 batterySag: 0.60693359375
INFO: 2021-10-09 15:57:48 printStatus(175) -- Drogno_5: ready		battery 3.5	pos -0.17 -0.04 0.80	yaw: -1.09	msg/s 0.0	link quality: 47	kalman var: 0.0 0.0 0.0	flight time: 163s	 batterySag: 0.60693359375
INFO: 2021-10-09 15:57:49 printStatus(175) -- Drogno_5: ready		battery 3.49	pos -0.12 -0.13 0.81	yaw: -3.35	msg/s 0.0	link quality: 43	kalman var: 0.001 0.001 0.001	flight time: 165s	 batterySag: 0.60693359375
INFO: 2021-10-09 15:57:51 printStatus(175) -- Drogno_5: ready		battery 3.5	pos -0.17 -0.05 0.81	yaw: -1.83	msg/s 0.0	link quality: 45	kalman var: 0.0 0.0 0.0	flight time: 167s	 batterySag: 0.60693359375
INFO: 2021-10-09 15:57:53 printStatus(175) -- Drogno_5: ready		battery 3.5	pos -0.15 -0.06 0.80	yaw: -0.94	msg/s 0.0	link quality: 45	kalman var: 0.0 0.0 0.0	flight time: 168s	 batterySag: 0.60693359375
INFO: 2021-10-09 15:57:54 printStatus(175) -- Drogno_5: ready		battery 3.48	pos -0.16 -0.06 0.79	yaw: 4.79	msg/s 0.0	link quality: 44	kalman var: 0.0 0.0 0.0	flight time: 170s	 batterySag: 0.60693359375
INFO: 2021-10-09 15:57:56 printStatus(175) -- Drogno_5: ready		battery 3.48	pos -0.20 -0.07 0.79	yaw: 4.96	msg/s 0.0	link quality: 49	kalman var: 0.0 0.0 0.0	flight time: 171s	 batterySag: 0.60693359375
INFO: 2021-10-09 15:57:57 printStatus(175) -- Drogno_5: ready		battery 3.48	pos -0.16 -0.09 0.81	yaw: -3.47	msg/s 0.0	link quality: 45	kalman var: 0.0 0.0 0.0	flight time: 173s	 batterySag: 0.60693359375
INFO: 2021-10-09 15:57:59 printStatus(175) -- Drogno_5: ready		battery 3.49	pos -0.16 -0.05 0.80	yaw: 3.20	msg/s 0.0	link quality: 46	kalman var: 0.0 0.0 0.0	flight time: 175s	 batterySag: 0.60693359375
INFO: 2021-10-09 15:58:01 printStatus(175) -- Drogno_5: ready		battery 3.47	pos -0.16 -0.06 0.80	yaw: -0.15	msg/s 0.0	link quality: 45	kalman var: 0.0 0.0 0.0	flight time: 176s	 batterySag: 0.60693359375
INFO: 2021-10-09 15:58:03 printStatus(175) -- Drogno_5: ready		battery 3.48	pos -0.17 -0.06 0.80	yaw: 2.50	msg/s 0.0	link quality: 44	kalman var: 0.0 0.0 0.0	flight time: 178s	 batterySag: 0.60693359375
INFO: 2021-10-09 15:58:04 printStatus(175) -- Drogno_5: ready		battery 3.48	pos -0.17 -0.07 0.81	yaw: -2.26	msg/s 0.0	link quality: 44	kalman var: 0.0 0.0 0.0	flight time: 180s	 batterySag: 0.60693359375
INFO: 2021-10-09 15:58:06 printStatus(175) -- Drogno_5: ready		battery 3.48	pos -0.17 -0.08 0.81	yaw: -1.47	msg/s 0.0	link quality: 43	kalman var: 0.0 0.0 0.0	flight time: 182s	 batterySag: 0.60693359375
INFO: 2021-10-09 15:58:08 printStatus(175) -- Drogno_5: ready		battery 3.47	pos -0.17 -0.06 0.80	yaw: -0.18	msg/s 0.0	link quality: 44	kalman var: 0.0 0.0 0.0	flight time: 183s	 batterySag: 0.60693359375
INFO: 2021-10-09 15:58:09 printStatus(175) -- Drogno_5: ready		battery 3.47	pos -0.17 -0.08 0.80	yaw: 0.21	msg/s 0.0	link quality: 43	kalman var: 0.0 0.0 0.0	flight time: 185s	 batterySag: 0.60693359375
INFO: 2021-10-09 15:58:11 printStatus(175) -- Drogno_5: ready		battery 3.47	pos -0.16 -0.07 0.80	yaw: 0.79	msg/s 0.0	link quality: 44	kalman var: 0.0 0.0 0.0	flight time: 186s	 batterySag: 0.60693359375
INFO: 2021-10-09 15:58:12 printStatus(175) -- Drogno_5: ready		battery 3.47	pos -0.16 -0.07 0.81	yaw: 2.43	msg/s 0.0	link quality: 44	kalman var: 0.0 0.0 0.0	flight time: 188s	 batterySag: 0.60693359375
INFO: 2021-10-09 15:58:14 printStatus(175) -- Drogno_5: ready		battery 3.47	pos -0.17 -0.07 0.80	yaw: 3.41	msg/s 0.0	link quality: 44	kalman var: 0.0 0.0 0.0	flight time: 189s	 batterySag: 0.60693359375
INFO: 2021-10-09 15:58:15 printStatus(175) -- Drogno_5: ready		battery 3.46	pos -0.16 -0.07 0.80	yaw: -0.40	msg/s 0.0	link quality: 44	kalman var: 0.0 0.0 0.0	flight time: 191s	 batterySag: 0.60693359375
INFO: 2021-10-09 15:58:17 printStatus(175) -- Drogno_5: ready		battery 3.46	pos -0.16 -0.07 0.80	yaw: -0.56	msg/s 0.0	link quality: 44	kalman var: 0.0 0.0 0.0	flight time: 193s	 batterySag: 0.60693359375
INFO: 2021-10-09 15:58:19 printStatus(175) -- Drogno_5: ready		battery 3.46	pos -0.16 -0.07 0.81	yaw: -1.02	msg/s 0.0	link quality: 44	kalman var: 0.0 0.0 0.0	flight time: 194s	 batterySag: 0.60693359375
INFO: 2021-10-09 15:58:20 printStatus(175) -- Drogno_5: ready		battery 3.46	pos -0.16 -0.07 0.81	yaw: -0.51	msg/s 0.0	link quality: 44	kalman var: 0.0 0.0 0.0	flight time: 196s	 batterySag: 0.60693359375
INFO: 2021-10-09 15:58:22 printStatus(175) -- Drogno_5: ready		battery 3.45	pos -0.16 -0.07 0.80	yaw: 0.48	msg/s 0.0	link quality: 44	kalman var: 0.0 0.0 0.0	flight time: 197s	 batterySag: 0.60693359375
INFO: 2021-10-09 15:58:23 printStatus(175) -- Drogno_5: ready		battery 3.45	pos -0.17 -0.07 0.80	yaw: -0.49	msg/s 0.0	link quality: 43	kalman var: 0.0 0.0 0.0	flight time: 199s	 batterySag: 0.60693359375
INFO: 2021-10-09 15:58:25 printStatus(175) -- Drogno_5: ready		battery 3.46	pos -0.16 -0.07 0.80	yaw: 0.09	msg/s 0.0	link quality: 44	kalman var: 0.0 0.0 0.0	flight time: 200s	 batterySag: 0.60693359375
INFO: 2021-10-09 15:58:26 printStatus(175) -- Drogno_5: ready		battery 3.45	pos -0.16 -0.07 0.81	yaw: -1.83	msg/s 0.0	link quality: 43	kalman var: 0.0 0.0 0.0	flight time: 202s	 batterySag: 0.60693359375
INFO: 2021-10-09 15:58:28 printStatus(175) -- Drogno_5: ready		battery 3.45	pos -0.17 -0.07 0.81	yaw: 0.18	msg/s 0.0	link quality: 44	kalman var: 0.0 0.0 0.0	flight time: 204s	 batterySag: 0.60693359375
INFO: 2021-10-09 15:58:30 printStatus(175) -- Drogno_5: ready		battery 3.45	pos -0.17 -0.07 0.81	yaw: 0.49	msg/s 0.0	link quality: 44	kalman var: 0.0 0.0 0.0	flight time: 205s	 batterySag: 0.60693359375
INFO: 2021-10-09 15:58:31 printStatus(175) -- Drogno_5: ready		battery 3.44	pos -0.16 -0.07 0.80	yaw: -0.23	msg/s 0.0	link quality: 43	kalman var: 0.0 0.0 0.0	flight time: 207s	 batterySag: 0.60693359375
INFO: 2021-10-09 15:58:33 printStatus(175) -- Drogno_5: ready		battery 3.44	pos -0.16 -0.07 0.80	yaw: -0.10	msg/s 0.0	link quality: 44	kalman var: 0.0 0.0 0.0	flight time: 208s	 batterySag: 0.60693359375
INFO: 2021-10-09 15:58:34 printStatus(175) -- Drogno_5: ready		battery 3.45	pos -0.17 -0.07 0.80	yaw: 0.94	msg/s 0.0	link quality: 43	kalman var: 0.0 0.0 0.0	flight time: 210s	 batterySag: 0.60693359375
INFO: 2021-10-09 15:58:36 printStatus(175) -- Drogno_5: ready		battery 3.44	pos -0.17 -0.07 0.80	yaw: 0.78	msg/s 0.0	link quality: 44	kalman var: 0.0 0.0 0.0	flight time: 211s	 batterySag: 0.60693359375
INFO: 2021-10-09 15:58:37 printStatus(175) -- Drogno_5: ready		battery 3.44	pos -0.17 -0.08 0.82	yaw: 0.00	msg/s 0.0	link quality: 43	kalman var: 0.0 0.0 0.0	flight time: 213s	 batterySag: 0.60693359375
INFO: 2021-10-09 15:58:39 printStatus(175) -- Drogno_5: ready		battery 3.44	pos -0.16 -0.07 0.80	yaw: -1.56	msg/s 0.0	link quality: 44	kalman var: 0.0 0.0 0.0	flight time: 215s	 batterySag: 0.60693359375
INFO: 2021-10-09 15:58:40 printStatus(175) -- Drogno_5: ready		battery 3.44	pos -0.15 -0.07 0.80	yaw: -0.36	msg/s 0.0	link quality: 44	kalman var: 0.0 0.0 0.0	flight time: 216s	 batterySag: 0.60693359375
INFO: 2021-10-09 15:58:42 printStatus(175) -- Drogno_5: ready		battery 3.44	pos -0.16 -0.07 0.80	yaw: 0.28	msg/s 0.0	link quality: 44	kalman var: 0.0 0.0 0.0	flight time: 218s	 batterySag: 0.60693359375
INFO: 2021-10-09 15:58:44 printStatus(175) -- Drogno_5: ready		battery 3.44	pos -0.15 -0.07 0.81	yaw: -0.33	msg/s 0.0	link quality: 44	kalman var: 0.0 0.0 0.0	flight time: 219s	 batterySag: 0.60693359375
INFO: 2021-10-09 15:58:45 printStatus(175) -- Drogno_5: ready		battery 3.43	pos -0.16 -0.06 0.80	yaw: -0.24	msg/s 0.0	link quality: 44	kalman var: 0.0 0.0 0.0	flight time: 221s	 batterySag: 0.60693359375
INFO: 2021-10-09 15:58:47 printStatus(175) -- Drogno_5: ready		battery 3.43	pos -0.16 -0.06 0.80	yaw: 0.99	msg/s 0.0	link quality: 44	kalman var: 0.001 0.001 0.001	flight time: 222s	 batterySag: 0.60693359375
INFO: 2021-10-09 15:58:48 printStatus(175) -- Drogno_5: landed		battery 3.45	pos -0.17 -0.07 0.80	yaw: -0.77	msg/s 0.0	link quality: 43	kalman var: 0.0 0.0 0.0	flight time: 224s	 batterySag: 0.60693359375
INFO: 2021-10-09 15:58:50 printStatus(175) -- Drogno_5: ready		battery 3.71	pos -0.18 -0.09 -0.01	yaw: 2.09	msg/s 0.0	link quality: 51	kalman var: 0.0 0.0 0.0	flight time: 224s	 batterySag: 0.60693359375
INFO: 2021-10-09 15:58:52 printStatus(175) -- Drogno_5: ready		battery 3.73	pos -0.17 -0.09 -0.01	yaw: 3.37	msg/s 0.0	link quality: 51	kalman var: 0.0 0.0 0.0	flight time: 224s	 batterySag: 0.60693359375
INFO: 2021-10-09 15:58:53 printStatus(175) -- Drogno_5: ready		battery 3.74	pos -0.18 -0.09 -0.01	yaw: 3.67	msg/s 0.0	link quality: 51	kalman var: 0.0 0.0 0.0	flight time: 224s	 batterySag: 0.60693359375
INFO: 2021-10-09 15:58:55 printStatus(175) -- Drogno_5: ready		battery 3.75	pos -0.18 -0.09 -0.01	yaw: 3.66	msg/s 0.0	link quality: 54	kalman var: 0.0 0.0 0.0	flight time: 224s	 batterySag: 0.60693359375
