INFO: 11-10-2021 23:45:40 __init__(130) -- This is dronelog running on Drogno_1
INFO: 11-10-2021 23:45:40 printStatus(166) -- Started
INFO: 11-10-2021 23:45:42 printStatus(169) -- Drogno_1: connecting	battery: n.p.	kalman var: 0 0 0	 batterySag: 0	link quality: 0	flight time: 0s	pos 0.00 0.00 0.00	yaw: 0.00	msg/s 0.0
INFO: 11-10-2021 23:45:43 printStatus(169) -- Drogno_1: connecting	battery: n.p.	kalman var: 0 0 0	 batterySag: 0	link quality: 0	flight time: 0s	pos 0.00 0.00 0.00	yaw: 0.00	msg/s 0.0
INFO: 11-10-2021 23:45:44 printStatus(169) -- Drogno_1: connecting	battery: n.p.	kalman var: 0 0 0	 batterySag: 0	link quality: 0	flight time: 0s	pos 0.00 0.00 0.00	yaw: 0.00	msg/s 0.0
INFO: 11-10-2021 23:45:45 printStatus(169) -- Drogno_1: connecting	battery: n.p.	kalman var: 0 0 0	 batterySag: 0	link quality: 0	flight time: 0s	pos 0.00 0.00 0.00	yaw: 0.00	msg/s 0.0
INFO: 11-10-2021 23:45:46 printStatus(169) -- Drogno_1: connecting	battery: n.p.	kalman var: 0 0 0	 batterySag: 0	link quality: 0	flight time: 0s	pos 0.00 0.00 0.00	yaw: 0.00	msg/s 0.0
INFO: 11-10-2021 23:45:48 printStatus(169) -- Drogno_1: landed	battery: n.p.	kalman var: 0 0 0	 batterySag: 0	link quality: 0	flight time: 0s	pos 0.00 0.00 0.00	yaw: 0.00	msg/s 0.0
INFO: 11-10-2021 23:45:50 printStatus(169) -- Drogno_1: ready	battery: 4.14	kalman var: 0.0 0.0 0.0	 batterySag: 0.708	link quality: 59	flight time: 0s	pos -0.43 0.98 -0.01	yaw: 2.16	msg/s 0.0
INFO: 11-10-2021 23:45:51 printStatus(169) -- Drogno_1: ready	battery: 4.14	kalman var: 0.0 0.0 0.0	 batterySag: 0.708	link quality: 61	flight time: 0s	pos -0.43 0.98 -0.01	yaw: 2.26	msg/s 0.0
INFO: 11-10-2021 23:45:52 printStatus(169) -- Drogno_1: ready	battery: 4.14	kalman var: 0.0 0.0 0.0	 batterySag: 0.708	link quality: 61	flight time: 0s	pos -0.43 0.98 -0.01	yaw: 2.42	msg/s 0.0
INFO: 11-10-2021 23:45:53 printStatus(169) -- Drogno_1: ready	battery: 4.14	kalman var: 0.0 0.0 0.0	 batterySag: 0.708	link quality: 61	flight time: 0s	pos -0.43 0.98 -0.01	yaw: 2.38	msg/s 0.0
INFO: 11-10-2021 23:45:55 printStatus(169) -- Drogno_1: ready	battery: 4.14	kalman var: 0.0 0.0 0.0	 batterySag: 0.708	link quality: 61	flight time: 0s	pos -0.43 0.98 -0.01	yaw: 2.41	msg/s 0.0
INFO: 11-10-2021 23:45:56 printStatus(169) -- Drogno_1: ready	battery: 4.14	kalman var: 0.0 0.0 0.0	 batterySag: 0.708	link quality: 61	flight time: 0s	pos -0.43 0.98 -0.01	yaw: 2.39	msg/s 0.0
INFO: 11-10-2021 23:45:57 printStatus(169) -- Drogno_1: ready	battery: 4.14	kalman var: 0.0 0.0 0.0	 batterySag: 0.708	link quality: 61	flight time: 0s	pos -0.43 0.98 -0.01	yaw: 2.38	msg/s 0.0
INFO: 11-10-2021 23:45:59 printStatus(169) -- Drogno_1: ready	battery: 4.14	kalman var: 0.0 0.0 0.0	 batterySag: 0.708	link quality: 61	flight time: 0s	pos -0.43 0.98 -0.01	yaw: 2.39	msg/s 0.0
INFO: 11-10-2021 23:46:00 printStatus(169) -- Drogno_1: ready	battery: 4.14	kalman var: 0.0 0.0 0.0	 batterySag: 0.708	link quality: 61	flight time: 0s	pos -0.43 0.98 -0.01	yaw: 2.37	msg/s 0.0
INFO: 11-10-2021 23:46:01 printStatus(169) -- Drogno_1: ready	battery: 4.14	kalman var: 0.0 0.0 0.0	 batterySag: 0.708	link quality: 60	flight time: 0s	pos -0.43 0.98 -0.01	yaw: 2.39	msg/s 0.0
INFO: 11-10-2021 23:46:02 printStatus(169) -- Drogno_1: ready	battery: 4.14	kalman var: 0.0 0.0 0.0	 batterySag: 0.708	link quality: 60	flight time: 0s	pos -0.43 0.98 -0.01	yaw: 2.39	msg/s 0.0
INFO: 11-10-2021 23:46:04 printStatus(169) -- Drogno_1: ready	battery: 4.14	kalman var: 0.0 0.0 0.0	 batterySag: 0.708	link quality: 60	flight time: 0s	pos -0.43 0.98 -0.01	yaw: 2.36	msg/s 0.0
INFO: 11-10-2021 23:46:05 printStatus(169) -- Drogno_1: ready	battery: 4.14	kalman var: 0.0 0.0 0.0	 batterySag: 0.708	link quality: 61	flight time: 0s	pos -0.43 0.98 -0.01	yaw: 2.40	msg/s 0.0
INFO: 11-10-2021 23:46:07 printStatus(169) -- Drogno_1: ready	battery: 4.14	kalman var: 0.001 0.001 0.001	 batterySag: 0.708	link quality: 61	flight time: 0s	pos -0.44 0.98 -0.01	yaw: 2.37	msg/s 0.0
INFO: 11-10-2021 23:46:08 printStatus(169) -- Drogno_1: ready	battery: 4.14	kalman var: 0.0 0.0 0.0	 batterySag: 0.708	link quality: 61	flight time: 0s	pos -0.43 0.98 -0.01	yaw: 2.37	msg/s 0.0
INFO: 11-10-2021 23:46:09 printStatus(169) -- Drogno_1: ready	battery: 4.14	kalman var: 0.0 0.0 0.0	 batterySag: 0.708	link quality: 60	flight time: 0s	pos -0.43 0.98 -0.01	yaw: 2.38	msg/s 0.0
INFO: 11-10-2021 23:46:10 printStatus(169) -- Drogno_1: ready	battery: 4.14	kalman var: 0.0 0.0 0.0	 batterySag: 0.708	link quality: 61	flight time: 0s	pos -0.43 0.98 -0.01	yaw: 2.39	msg/s 0.0
INFO: 11-10-2021 23:46:12 printStatus(169) -- Drogno_1: ready	battery: 4.14	kalman var: 0.0 0.0 0.0	 batterySag: 0.708	link quality: 61	flight time: 0s	pos -0.43 0.98 -0.01	yaw: 2.38	msg/s 0.0
INFO: 11-10-2021 23:46:13 printStatus(169) -- Drogno_1: ready	battery: 4.14	kalman var: 0.0 0.0 0.0	 batterySag: 0.708	link quality: 60	flight time: 0s	pos -0.43 0.98 -0.01	yaw: 2.38	msg/s 0.0
INFO: 11-10-2021 23:46:14 printStatus(169) -- Drogno_1: ready	battery: 4.14	kalman var: 0.0 0.0 0.0	 batterySag: 0.708	link quality: 60	flight time: 0s	pos -0.43 0.98 -0.01	yaw: 2.42	msg/s 0.0
INFO: 11-10-2021 23:46:16 printStatus(169) -- Drogno_1: ready	battery: 4.14	kalman var: 0.0 0.0 0.0	 batterySag: 0.708	link quality: 60	flight time: 0s	pos -0.43 0.98 -0.01	yaw: 2.35	msg/s 0.0
INFO: 11-10-2021 23:46:18 printStatus(169) -- Drogno_1: ready	battery: 3.81	kalman var: 0.0 0.0 0.0	 batterySag: 0.708	link quality: 58	flight time: 0s	pos -0.43 0.99 0.63	yaw: 1.59	msg/s 0.0
INFO: 11-10-2021 23:46:19 printStatus(169) -- Drogno_1: moving	battery: 3.77	kalman var: 0.0 0.0 0.0	 batterySag: 0.708	link quality: 56	flight time: 2s	pos -0.42 0.99 0.85	yaw: -0.20	msg/s 5.5
INFO: 11-10-2021 23:46:21 printStatus(169) -- Drogno_1: ready	battery: 3.7	kalman var: 0.0 0.0 0.0	 batterySag: 0.708	link quality: 58	flight time: 4s	pos -0.19 1.25 0.24	yaw: 3.73	msg/s 7.3
INFO: 11-10-2021 23:46:22 printStatus(169) -- Drogno_1: hovering	battery: 3.73	kalman var: 0.0 0.0 0.0	 batterySag: 0.708	link quality: 56	flight time: 5s	pos -0.17 1.32 0.68	yaw: -0.73	msg/s 9.1
INFO: 11-10-2021 23:46:23 printStatus(169) -- Drogno_1: hovering	battery: 3.73	kalman var: 0.002 0.002 0.001	 batterySag: 0.708	link quality: 69	flight time: 6s	pos -0.24 1.28 0.93	yaw: -1.00	msg/s 7.3
INFO: 11-10-2021 23:46:24 printStatus(169) -- Drogno_1: hovering	battery: 3.71	kalman var: 0.002 0.002 0.001	 batterySag: 0.708	link quality: 69	flight time: 7s	pos -0.24 1.29 0.96	yaw: -0.76	msg/s 7.3
INFO: 11-10-2021 23:46:26 printStatus(169) -- Drogno_1: hovering	battery: 3.7	kalman var: 0.001 0.001 0.001	 batterySag: 0.708	link quality: 65	flight time: 8s	pos -0.28 1.26 0.98	yaw: -1.26	msg/s 14.5
INFO: 11-10-2021 23:46:27 printStatus(169) -- Drogno_1: moving	battery: 3.69	kalman var: 0.001 0.001 0.0	 batterySag: 0.708	link quality: 59	flight time: 10s	pos -0.33 1.24 1.00	yaw: -1.21	msg/s 23.6
INFO: 11-10-2021 23:46:28 printStatus(169) -- Drogno_1: hovering	battery: 3.69	kalman var: 0.001 0.001 0.001	 batterySag: 0.708	link quality: 60	flight time: 11s	pos -0.45 1.23 1.01	yaw: -0.60	msg/s 16.4
INFO: 11-10-2021 23:46:30 printStatus(169) -- Drogno_1: hovering	battery: 3.68	kalman var: 0.001 0.001 0.001	 batterySag: 0.708	link quality: 69	flight time: 12s	pos -0.76 1.19 1.05	yaw: 0.41	msg/s 10.0
INFO: 11-10-2021 23:46:31 printStatus(169) -- Drogno_1: hovering	battery: 3.67	kalman var: 0.001 0.001 0.001	 batterySag: 0.708	link quality: 66	flight time: 14s	pos -0.99 1.04 1.06	yaw: -0.01	msg/s 20.0
INFO: 11-10-2021 23:46:33 printStatus(169) -- Drogno_1: hovering	battery: 3.67	kalman var: 0.0 0.0 0.001	 batterySag: 0.708	link quality: 56	flight time: 16s	pos -1.22 0.51 1.14	yaw: 0.03	msg/s 18.2
INFO: 11-10-2021 23:46:35 printStatus(169) -- Drogno_1: moving	battery: 3.66	kalman var: 0.0 0.0 0.0	 batterySag: 0.708	link quality: 73	flight time: 17s	pos -1.29 0.17 1.12	yaw: -0.29	msg/s 20.0
INFO: 11-10-2021 23:46:36 printStatus(169) -- Drogno_1: hovering	battery: 3.68	kalman var: 0.0 0.0 0.001	 batterySag: 0.708	link quality: 56	flight time: 19s	pos -1.26 -0.51 1.16	yaw: 0.27	msg/s 14.5
INFO: 11-10-2021 23:46:37 printStatus(169) -- Drogno_1: hovering	battery: 3.66	kalman var: 0.003 0.003 0.002	 batterySag: 0.708	link quality: 56	flight time: 20s	pos -1.09 -0.80 1.22	yaw: 1.24	msg/s 10.9
INFO: 11-10-2021 23:46:38 printStatus(169) -- Drogno_1: hovering	battery: 3.64	kalman var: 0.0 0.0 0.0	 batterySag: 0.708	link quality: 57	flight time: 21s	pos -0.95 -1.01 0.99	yaw: 0.22	msg/s 14.5
INFO: 11-10-2021 23:46:40 printStatus(169) -- Drogno_1: hovering	battery: 3.66	kalman var: 0.0 0.0 0.0	 batterySag: 0.708	link quality: 57	flight time: 23s	pos -0.50 -1.27 1.23	yaw: 0.87	msg/s 16.4
INFO: 11-10-2021 23:46:42 printStatus(169) -- Drogno_1: hovering	battery: 3.65	kalman var: 0.0 0.0 0.0	 batterySag: 0.708	link quality: 67	flight time: 24s	pos -0.23 -1.33 1.06	yaw: 0.02	msg/s 10.9
INFO: 11-10-2021 23:46:43 printStatus(169) -- Drogno_1: hovering	battery: 3.64	kalman var: 0.0 0.0 0.0	 batterySag: 0.708	link quality: 67	flight time: 26s	pos -0.12 -1.32 1.04	yaw: -0.42	msg/s 20.0
INFO: 11-10-2021 23:46:45 printStatus(169) -- Drogno_1: hovering	battery: 3.62	kalman var: 0.001 0.001 0.001	 batterySag: 0.708	link quality: 56	flight time: 27s	pos 0.20 -1.21 1.09	yaw: 0.27	msg/s 18.2
INFO: 11-10-2021 23:46:46 printStatus(169) -- Drogno_1: hovering	battery: 3.62	kalman var: 0.0 0.0 0.001	 batterySag: 0.708	link quality: 55	flight time: 29s	pos 0.63 -0.82 1.33	yaw: 0.60	msg/s 18.2
INFO: 11-10-2021 23:46:47 printStatus(169) -- Drogno_1: hovering	battery: 3.63	kalman var: 0.0 0.0 0.0	 batterySag: 0.708	link quality: 73	flight time: 30s	pos 0.71 -0.04 1.61	yaw: -0.30	msg/s 21.8
INFO: 11-10-2021 23:46:48 printStatus(169) -- Drogno_1: hovering	battery: 3.64	kalman var: 0.0 0.0 0.0	 batterySag: 0.708	link quality: 54	flight time: 31s	pos 0.08 0.53 1.76	yaw: -0.06	msg/s 23.6
INFO: 11-10-2021 23:46:49 printStatus(169) -- Drogno_1: hovering	battery: 3.63	kalman var: 0.001 0.001 0.001	 batterySag: 0.708	link quality: 53	flight time: 32s	pos -0.74 0.39 1.69	yaw: 1.07	msg/s 25.5
INFO: 11-10-2021 23:46:51 printStatus(169) -- Drogno_1: hovering	battery: 3.61	kalman var: 0.0 0.0 0.0	 batterySag: 0.708	link quality: 61	flight time: 34s	pos -0.68 -1.02 1.16	yaw: 0.47	msg/s 23.6
INFO: 11-10-2021 23:46:52 printStatus(169) -- Drogno_1: moving	battery: 3.61	kalman var: 0.001 0.001 0.001	 batterySag: 0.708	link quality: 63	flight time: 35s	pos -0.34 -1.21 1.02	yaw: -1.06	msg/s 18.2
INFO: 11-10-2021 23:46:53 printStatus(169) -- Drogno_1: hovering	battery: 3.67	kalman var: 0.001 0.001 0.001	 batterySag: 0.708	link quality: 58	flight time: 36s	pos -0.22 -1.26 1.01	yaw: -0.02	msg/s 16.4
INFO: 11-10-2021 23:46:55 printStatus(169) -- Drogno_1: hovering	battery: 3.66	kalman var: 0.001 0.001 0.001	 batterySag: 0.708	link quality: 61	flight time: 37s	pos -0.34 -1.14 1.19	yaw: 0.75	msg/s 21.8
INFO: 11-10-2021 23:46:56 printStatus(169) -- Drogno_1: hovering	battery: 3.61	kalman var: 0.0 0.0 0.0	 batterySag: 0.708	link quality: 56	flight time: 39s	pos -0.34 -1.19 1.05	yaw: -1.71	msg/s 21.8
INFO: 11-10-2021 23:46:58 printStatus(169) -- Drogno_1: moving	battery: 3.62	kalman var: 0.001 0.001 0.001	 batterySag: 0.708	link quality: 54	flight time: 41s	pos -0.36 -1.42 0.73	yaw: -0.25	msg/s 20.0
INFO: 11-10-2021 23:46:59 printStatus(169) -- Drogno_1: hovering	battery: 3.61	kalman var: 0.001 0.001 0.001	 batterySag: 0.708	link quality: 54	flight time: 42s	pos -0.32 -1.35 0.51	yaw: -3.12	msg/s 21.8
INFO: 11-10-2021 23:47:00 printStatus(169) -- Drogno_1: hovering	battery: 3.59	kalman var: 0.001 0.001 0.001	 batterySag: 0.708	link quality: 70	flight time: 43s	pos -0.20 -1.36 0.47	yaw: 0.24	msg/s 20.0
INFO: 11-10-2021 23:47:02 printStatus(169) -- Drogno_1: hovering	battery: 3.6	kalman var: 0.001 0.001 0.001	 batterySag: 0.708	link quality: 53	flight time: 44s	pos -0.07 -1.29 0.56	yaw: -0.23	msg/s 23.6
INFO: 11-10-2021 23:47:03 printStatus(169) -- Drogno_1: hovering	battery: 3.6	kalman var: 0.0 0.0 0.0	 batterySag: 0.708	link quality: 60	flight time: 46s	pos -0.13 -1.23 0.91	yaw: -0.63	msg/s 23.6
INFO: 11-10-2021 23:47:04 printStatus(169) -- Drogno_1: moving	battery: 3.59	kalman var: 0.0 0.0 0.001	 batterySag: 0.708	link quality: 55	flight time: 47s	pos -0.43 -1.17 1.11	yaw: 1.34	msg/s 23.6
INFO: 11-10-2021 23:47:06 printStatus(169) -- Drogno_1: ready	battery: 3.59	kalman var: 0.0 0.0 0.0	 batterySag: 0.708	link quality: 63	flight time: 49s	pos -0.98 -0.62 1.26	yaw: 0.91	msg/s 20.0
INFO: 11-10-2021 23:47:07 printStatus(169) -- Drogno_1: hovering	battery: 3.59	kalman var: 0.0 0.0 0.0	 batterySag: 0.708	link quality: 71	flight time: 50s	pos -1.30 -0.27 1.25	yaw: 0.65	msg/s 21.8
INFO: 11-10-2021 23:47:08 printStatus(169) -- Drogno_1: hovering	battery: 3.59	kalman var: 0.0 0.0 0.0	 batterySag: 0.708	link quality: 54	flight time: 51s	pos -1.50 0.24 1.24	yaw: 0.21	msg/s 25.5
INFO: 11-10-2021 23:47:09 printStatus(169) -- Drogno_1: hovering	battery: 3.58	kalman var: 0.001 0.001 0.001	 batterySag: 0.708	link quality: 52	flight time: 52s	pos -1.12 0.70 1.09	yaw: 0.13	msg/s 20.0
INFO: 11-10-2021 23:47:10 printStatus(169) -- Drogno_1: hovering	battery: 3.57	kalman var: 0.0 0.0 0.0	 batterySag: 0.708	link quality: 60	flight time: 53s	pos -0.63 0.90 1.05	yaw: 0.53	msg/s 21.8
INFO: 11-10-2021 23:47:12 printStatus(169) -- Drogno_1: hovering	battery: 3.58	kalman var: 0.002 0.002 0.001	 batterySag: 0.708	link quality: 52	flight time: 54s	pos 0.35 1.12 1.71	yaw: 0.08	msg/s 18.2
INFO: 11-10-2021 23:47:13 printStatus(169) -- Drogno_1: hovering	battery: 3.57	kalman var: 0.001 0.001 0.001	 batterySag: 0.708	link quality: 61	flight time: 56s	pos 0.64 0.54 1.94	yaw: -0.20	msg/s 21.8
INFO: 11-10-2021 23:47:14 printStatus(169) -- Drogno_1: hovering	battery: 3.58	kalman var: 0.004 0.004 0.002	 batterySag: 0.708	link quality: 53	flight time: 57s	pos 0.52 -0.14 1.87	yaw: -1.37	msg/s 20.0
INFO: 11-10-2021 23:47:15 printStatus(169) -- Drogno_1: hovering	battery: 3.57	kalman var: 0.0 0.0 0.0	 batterySag: 0.708	link quality: 53	flight time: 58s	pos 0.52 -0.44 1.72	yaw: -0.64	msg/s 21.8
INFO: 11-10-2021 23:47:16 printStatus(169) -- Drogno_1: hovering	battery: 3.59	kalman var: 0.0 0.0 0.0	 batterySag: 0.708	link quality: 68	flight time: 59s	pos 0.10 -1.02 1.42	yaw: -1.43	msg/s 16.4
INFO: 11-10-2021 23:47:18 printStatus(169) -- Drogno_1: hovering	battery: 3.58	kalman var: 0.001 0.001 0.001	 batterySag: 0.708	link quality: 59	flight time: 60s	pos -0.42 -1.21 0.96	yaw: -0.35	msg/s 21.8
INFO: 11-10-2021 23:47:19 printStatus(169) -- Drogno_1: ready	battery: 3.55	kalman var: 0.0 0.0 0.0	 batterySag: 0.708	link quality: 57	flight time: 62s	pos -1.26 -0.17 0.28	yaw: 1.06	msg/s 20.0
INFO: 11-10-2021 23:47:20 printStatus(169) -- Drogno_1: hovering	battery: 3.56	kalman var: 0.0 0.0 0.0	 batterySag: 0.708	link quality: 64	flight time: 63s	pos -1.07 0.67 0.51	yaw: 0.76	msg/s 16.4
INFO: 11-10-2021 23:47:21 printStatus(169) -- Drogno_1: hovering	battery: 3.56	kalman var: 0.0 0.0 0.0	 batterySag: 0.708	link quality: 53	flight time: 64s	pos -0.54 1.12 1.01	yaw: 0.59	msg/s 20.0
INFO: 11-10-2021 23:47:22 printStatus(169) -- Drogno_1: hovering	battery: 3.56	kalman var: 0.002 0.002 0.001	 batterySag: 0.708	link quality: 61	flight time: 65s	pos -0.13 0.97 1.37	yaw: 0.08	msg/s 20.0
INFO: 11-10-2021 23:47:24 printStatus(169) -- Drogno_1: hovering	battery: 3.54	kalman var: 0.003 0.003 0.001	 batterySag: 0.708	link quality: 58	flight time: 67s	pos -0.41 0.60 1.42	yaw: 0.29	msg/s 12.7
INFO: 11-10-2021 23:47:25 printStatus(169) -- Drogno_1: hovering	battery: 3.55	kalman var: 0.009 0.009 0.002	 batterySag: 0.708	link quality: 56	flight time: 68s	pos -0.70 0.67 1.37	yaw: 0.66	msg/s 21.8
INFO: 11-10-2021 23:47:26 printStatus(169) -- Drogno_1: hovering	battery: 3.52	kalman var: 0.002 0.002 0.001	 batterySag: 0.708	link quality: 54	flight time: 69s	pos -0.32 1.32 1.41	yaw: 0.04	msg/s 23.6
INFO: 11-10-2021 23:47:27 printStatus(169) -- Drogno_1: hovering	battery: 3.55	kalman var: 0.001 0.001 0.001	 batterySag: 0.708	link quality: 61	flight time: 70s	pos -1.32 0.68 1.33	yaw: -0.21	msg/s 18.2
INFO: 11-10-2021 23:47:29 printStatus(169) -- Drogno_1: hovering	battery: 3.54	kalman var: 0.0 0.0 0.0	 batterySag: 0.708	link quality: 72	flight time: 71s	pos -1.31 1.35 0.86	yaw: -0.91	msg/s 20.0
INFO: 11-10-2021 23:47:31 printStatus(169) -- Drogno_1: hovering	battery: 3.53	kalman var: 0.001 0.001 0.001	 batterySag: 0.708	link quality: 59	flight time: 73s	pos 0.48 1.38 0.87	yaw: 0.07	msg/s 18.2
INFO: 11-10-2021 23:47:32 printStatus(169) -- Drogno_1: hovering	battery: 3.54	kalman var: 0.0 0.0 0.0	 batterySag: 0.708	link quality: 66	flight time: 75s	pos 0.99 1.02 1.11	yaw: -0.25	msg/s 21.8
INFO: 11-10-2021 23:47:33 printStatus(169) -- Drogno_1: hovering	battery: 3.54	kalman var: 0.001 0.001 0.001	 batterySag: 0.708	link quality: 61	flight time: 76s	pos 0.83 0.64 1.32	yaw: 0.24	msg/s 18.2
INFO: 11-10-2021 23:47:35 printStatus(169) -- Drogno_1: hovering	battery: 3.54	kalman var: 0.0 0.0 0.0	 batterySag: 0.708	link quality: 63	flight time: 78s	pos 0.09 0.65 1.31	yaw: 0.56	msg/s 20.0
INFO: 11-10-2021 23:47:36 printStatus(169) -- Drogno_1: hovering	battery: 3.53	kalman var: 0.0 0.0 0.001	 batterySag: 0.708	link quality: 55	flight time: 79s	pos -0.29 0.71 1.27	yaw: -0.08	msg/s 20.0
INFO: 11-10-2021 23:47:38 printStatus(169) -- Drogno_1: hovering	battery: 3.53	kalman var: 0.001 0.001 0.001	 batterySag: 0.708	link quality: 52	flight time: 80s	pos -0.38 0.92 1.17	yaw: -0.32	msg/s 20.0
INFO: 11-10-2021 23:47:40 printStatus(169) -- Drogno_1: hovering	battery: 3.53	kalman var: 0.001 0.001 0.001	 batterySag: 0.708	link quality: 63	flight time: 82s	pos -0.19 1.14 1.04	yaw: -0.37	msg/s 21.8
INFO: 11-10-2021 23:47:41 printStatus(169) -- Drogno_1: hovering	battery: 3.52	kalman var: 0.001 0.001 0.001	 batterySag: 0.708	link quality: 64	flight time: 84s	pos 0.86 1.25 1.05	yaw: -0.18	msg/s 20.0
INFO: 11-10-2021 23:47:42 printStatus(169) -- Drogno_1: hovering	battery: 3.52	kalman var: 0.0 0.0 0.0	 batterySag: 0.708	link quality: 56	flight time: 85s	pos 1.00 1.18 1.10	yaw: -0.50	msg/s 18.2
INFO: 11-10-2021 23:47:44 printStatus(169) -- Drogno_1: hovering	battery: 3.53	kalman var: 0.001 0.001 0.001	 batterySag: 0.708	link quality: 61	flight time: 86s	pos 1.21 1.25 1.13	yaw: -0.26	msg/s 23.6
INFO: 11-10-2021 23:47:46 printStatus(169) -- Drogno_1: hovering	battery: 3.52	kalman var: 0.001 0.001 0.001	 batterySag: 0.708	link quality: 56	flight time: 88s	pos 0.93 1.21 1.10	yaw: -0.98	msg/s 21.8
INFO: 11-10-2021 23:47:47 printStatus(169) -- Drogno_1: hovering	battery: 3.51	kalman var: 0.0 0.0 0.001	 batterySag: 0.708	link quality: 56	flight time: 90s	pos 0.94 1.21 1.10	yaw: 0.58	msg/s 20.0
INFO: 11-10-2021 23:47:49 printStatus(169) -- Drogno_1: ready	battery: 3.51	kalman var: 0.004 0.004 0.002	 batterySag: 0.708	link quality: 56	flight time: 91s	pos 0.91 1.21 1.10	yaw: 0.18	msg/s 23.6
INFO: 11-10-2021 23:47:50 printStatus(169) -- Drogno_1: hovering	battery: 3.51	kalman var: 0.001 0.001 0.001	 batterySag: 0.708	link quality: 60	flight time: 93s	pos 0.91 1.22 1.10	yaw: 0.73	msg/s 27.3
INFO: 11-10-2021 23:47:52 printStatus(169) -- Drogno_1: ready	battery: 3.51	kalman var: 0.001 0.001 0.001	 batterySag: 0.708	link quality: 67	flight time: 95s	pos 0.90 1.22 1.10	yaw: -0.06	msg/s 25.5
INFO: 11-10-2021 23:47:53 printStatus(169) -- Drogno_1: hovering	battery: 3.51	kalman var: 0.001 0.001 0.001	 batterySag: 0.708	link quality: 68	flight time: 96s	pos 0.90 1.25 1.11	yaw: 1.27	msg/s 16.4
INFO: 11-10-2021 23:47:54 printStatus(169) -- Drogno_1: hovering	battery: 3.5	kalman var: 0.005 0.005 0.002	 batterySag: 0.708	link quality: 63	flight time: 97s	pos 0.89 1.22 1.10	yaw: 0.85	msg/s 25.5
WARNING: 11-10-2021 23:47:55 evaluateBattery(804) -- battery under 3.50v
INFO: 11-10-2021 23:47:55 printStatus(169) -- Drogno_1: hovering	battery: 3.49	kalman var: 0.004 0.004 0.002	 batterySag: 0.708	link quality: 67	flight time: 98s	pos 0.89 1.23 1.10	yaw: -0.98	msg/s 21.8
WARNING: 11-10-2021 23:47:56 evaluateBattery(804) -- battery under 3.50v
WARNING: 11-10-2021 23:47:57 evaluateBattery(804) -- battery under 3.50v
INFO: 11-10-2021 23:47:57 printStatus(169) -- Drogno_1: ready	battery: 3.49	kalman var: 0.001 0.001 0.001	 batterySag: 0.708	link quality: 63	flight time: 99s	pos 0.88 1.22 1.10	yaw: 1.93	msg/s 0.0
WARNING: 11-10-2021 23:47:58 evaluateBattery(804) -- battery under 3.50v
INFO: 11-10-2021 23:47:59 printStatus(169) -- Drogno_1: landing	battery: 3.5	kalman var: 0.001 0.001 0.001	 batterySag: 0.708	link quality: 69	flight time: 101s	pos 0.96 1.13 1.15	yaw: 0.79	msg/s 0.0
INFO: 11-10-2021 23:48:02 printStatus(169) -- Drogno_1: ready	battery: 3.59	kalman var: 0.001 0.001 0.001	 batterySag: 0.708	link quality: 58	flight time: 101s	pos 0.90 1.21 0.03	yaw: 0.52	msg/s 0.0
INFO: 11-10-2021 23:48:04 printStatus(169) -- Drogno_1: ready	battery: 3.83	kalman var: 0.001 0.001 0.001	 batterySag: 0.708	link quality: 61	flight time: 101s	pos 0.88 1.20 0.02	yaw: 3.93	msg/s 0.0
WARNING: 11-10-2021 23:48:05 exit(859) -- closing Drogno_1
INFO: 11-10-2021 23:48:05 printStatus(169) -- Drogno_1: sconnesso	battery: 3.84	kalman var: 0.005 0.005 0.002	 batterySag: 0.708	link quality: 61	flight time: 101s	pos 0.81 1.16 0.04	yaw: 3.78	msg/s 0.0
