INFO: 12-10-2021 14:11:19 __init__(130) -- This is dronelog running on Drogno_2
INFO: 12-10-2021 14:11:19 printStatus(166) -- Started
INFO: 12-10-2021 14:11:20 printStatus(169) -- Drogno_2: connecting	battery: n.p.	kalman var: 0 0 0	 batterySag: 0	link quality: 0	flight time: 0s	pos 0.00 0.00 0.00	yaw: 0.00	msg/s 0.0
INFO: 12-10-2021 14:11:22 printStatus(169) -- Drogno_2: connecting	battery: n.p.	kalman var: 0 0 0	 batterySag: 0	link quality: 0	flight time: 0s	pos 0.00 0.00 0.00	yaw: 0.00	msg/s 0.0
INFO: 12-10-2021 14:11:23 printStatus(169) -- Drogno_2: connecting	battery: n.p.	kalman var: 0 0 0	 batterySag: 0	link quality: 0	flight time: 0s	pos 0.00 0.00 0.00	yaw: 0.00	msg/s 0.0
INFO: 12-10-2021 14:11:24 printStatus(169) -- Drogno_2: connecting	battery: n.p.	kalman var: 0 0 0	 batterySag: 0	link quality: 0	flight time: 0s	pos 0.00 0.00 0.00	yaw: 0.00	msg/s 0.0
INFO: 12-10-2021 14:11:25 printStatus(169) -- Drogno_2: connecting	battery: n.p.	kalman var: 0 0 0	 batterySag: 0	link quality: 0	flight time: 0s	pos 0.00 0.00 0.00	yaw: 0.00	msg/s 0.0
INFO: 12-10-2021 14:11:26 printStatus(169) -- Drogno_2: landed	battery: n.p.	kalman var: 0 0 0	 batterySag: 0	link quality: 0	flight time: 0s	pos 0.00 0.00 0.00	yaw: 0.00	msg/s 0.0
INFO: 12-10-2021 14:11:27 printStatus(169) -- Drogno_2: landed	battery: n.p.	kalman var: 0 0 0	 batterySag: 0	link quality: 0	flight time: 0s	pos 0.00 0.00 0.00	yaw: 0.00	msg/s 0.0
INFO: 12-10-2021 14:11:29 printStatus(169) -- Drogno_2: ready	battery: 4.16	kalman var: 0.0 0.0 0.0	 batterySag: 0.686	link quality: 66	flight time: 0s	pos 0.16 0.91 -0.03	yaw: 0.96	msg/s 0.0
INFO: 12-10-2021 14:11:30 printStatus(169) -- Drogno_2: ready	battery: 4.16	kalman var: 0.0 0.0 0.0	 batterySag: 0.686	link quality: 65	flight time: 0s	pos 0.16 0.91 -0.03	yaw: 1.26	msg/s 0.0
INFO: 12-10-2021 14:11:31 printStatus(169) -- Drogno_2: ready	battery: 4.16	kalman var: 0.0 0.0 0.0	 batterySag: 0.686	link quality: 69	flight time: 0s	pos 0.16 0.91 -0.03	yaw: 1.30	msg/s 0.0
INFO: 12-10-2021 14:11:32 printStatus(169) -- Drogno_2: ready	battery: 4.16	kalman var: 0.0 0.0 0.0	 batterySag: 0.686	link quality: 68	flight time: 0s	pos 0.16 0.91 -0.03	yaw: 1.30	msg/s 0.0
INFO: 12-10-2021 14:11:34 printStatus(169) -- Drogno_2: ready	battery: 4.16	kalman var: 0.0 0.0 0.0	 batterySag: 0.686	link quality: 67	flight time: 0s	pos 0.16 0.91 -0.03	yaw: 1.28	msg/s 0.0
INFO: 12-10-2021 14:11:35 printStatus(169) -- Drogno_2: ready	battery: 4.16	kalman var: 0.0 0.0 0.0	 batterySag: 0.686	link quality: 65	flight time: 0s	pos 0.16 0.91 -0.03	yaw: 1.32	msg/s 0.0
INFO: 12-10-2021 14:11:36 printStatus(169) -- Drogno_2: ready	battery: 4.16	kalman var: 0.0 0.0 0.0	 batterySag: 0.686	link quality: 67	flight time: 0s	pos 0.16 0.91 -0.03	yaw: 1.29	msg/s 0.0
INFO: 12-10-2021 14:11:37 printStatus(169) -- Drogno_2: ready	battery: 4.16	kalman var: 0.0 0.0 0.0	 batterySag: 0.686	link quality: 65	flight time: 0s	pos 0.16 0.91 -0.03	yaw: 1.29	msg/s 0.0
INFO: 12-10-2021 14:11:38 printStatus(169) -- Drogno_2: ready	battery: 4.16	kalman var: 0.0 0.0 0.0	 batterySag: 0.686	link quality: 66	flight time: 0s	pos 0.16 0.91 -0.03	yaw: 1.27	msg/s 0.0
INFO: 12-10-2021 14:11:39 printStatus(169) -- Drogno_2: ready	battery: 4.16	kalman var: 0.001 0.001 0.001	 batterySag: 0.686	link quality: 69	flight time: 0s	pos 0.16 0.91 -0.03	yaw: 1.24	msg/s 0.0
INFO: 12-10-2021 14:11:41 printStatus(169) -- Drogno_2: ready	battery: 4.16	kalman var: 0.0 0.0 0.0	 batterySag: 0.686	link quality: 65	flight time: 0s	pos 0.16 0.91 -0.03	yaw: 1.30	msg/s 0.0
INFO: 12-10-2021 14:11:42 printStatus(169) -- Drogno_2: ready	battery: 4.16	kalman var: 0.001 0.001 0.001	 batterySag: 0.686	link quality: 65	flight time: 0s	pos 0.16 0.90 -0.03	yaw: 1.28	msg/s 0.0
INFO: 12-10-2021 14:11:43 printStatus(169) -- Drogno_2: ready	battery: 4.16	kalman var: 0.0 0.0 0.0	 batterySag: 0.686	link quality: 65	flight time: 0s	pos 0.16 0.91 -0.03	yaw: 1.30	msg/s 0.0
INFO: 12-10-2021 14:11:44 printStatus(169) -- Drogno_2: ready	battery: 4.16	kalman var: 0.0 0.0 0.0	 batterySag: 0.686	link quality: 67	flight time: 0s	pos 0.16 0.91 -0.03	yaw: 1.30	msg/s 0.0
INFO: 12-10-2021 14:11:45 printStatus(169) -- Drogno_2: ready	battery: 4.16	kalman var: 0.0 0.0 0.0	 batterySag: 0.686	link quality: 67	flight time: 0s	pos 0.16 0.91 -0.03	yaw: 1.32	msg/s 0.0
INFO: 12-10-2021 14:11:46 printStatus(169) -- Drogno_2: ready	battery: 4.16	kalman var: 0.0 0.0 0.0	 batterySag: 0.686	link quality: 67	flight time: 0s	pos 0.16 0.91 -0.03	yaw: 1.30	msg/s 0.0
INFO: 12-10-2021 14:11:47 printStatus(169) -- Drogno_2: ready	battery: 4.16	kalman var: 0.0 0.0 0.0	 batterySag: 0.686	link quality: 65	flight time: 0s	pos 0.16 0.91 -0.03	yaw: 1.33	msg/s 0.0
INFO: 12-10-2021 14:11:49 printStatus(169) -- Drogno_2: ready	battery: 4.16	kalman var: 0.0 0.0 0.0	 batterySag: 0.686	link quality: 65	flight time: 0s	pos 0.16 0.91 -0.03	yaw: 1.31	msg/s 0.0
INFO: 12-10-2021 14:11:50 printStatus(169) -- Drogno_2: ready	battery: 4.16	kalman var: 0.0 0.0 0.0	 batterySag: 0.686	link quality: 67	flight time: 0s	pos 0.16 0.91 -0.03	yaw: 1.33	msg/s 0.0
INFO: 12-10-2021 14:11:51 printStatus(169) -- Drogno_2: ready	battery: 4.16	kalman var: 0.0 0.0 0.0	 batterySag: 0.686	link quality: 67	flight time: 0s	pos 0.16 0.91 -0.03	yaw: 1.31	msg/s 0.0
INFO: 12-10-2021 14:11:52 printStatus(169) -- Drogno_2: ready	battery: 4.16	kalman var: 0.0 0.0 0.0	 batterySag: 0.686	link quality: 66	flight time: 0s	pos 0.16 0.91 -0.03	yaw: 1.29	msg/s 0.0
INFO: 12-10-2021 14:11:54 printStatus(169) -- Drogno_2: ready	battery: 4.16	kalman var: 0.0 0.0 0.0	 batterySag: 0.686	link quality: 66	flight time: 0s	pos 0.16 0.91 -0.03	yaw: 1.26	msg/s 0.0
INFO: 12-10-2021 14:11:55 printStatus(169) -- Drogno_2: ready	battery: 4.16	kalman var: 0.001 0.001 0.001	 batterySag: 0.686	link quality: 65	flight time: 0s	pos 0.16 0.91 -0.03	yaw: 1.30	msg/s 0.0
INFO: 12-10-2021 14:11:56 printStatus(169) -- Drogno_2: ready	battery: 4.16	kalman var: 0.0 0.0 0.0	 batterySag: 0.686	link quality: 66	flight time: 0s	pos 0.16 0.91 -0.03	yaw: 1.29	msg/s 0.0
INFO: 12-10-2021 14:11:57 printStatus(169) -- Drogno_2: ready	battery: 4.16	kalman var: 0.0 0.0 0.0	 batterySag: 0.686	link quality: 65	flight time: 0s	pos 0.16 0.91 -0.03	yaw: 1.30	msg/s 0.0
INFO: 12-10-2021 14:11:59 printStatus(169) -- Drogno_2: ready	battery: 4.16	kalman var: 0.0 0.0 0.0	 batterySag: 0.686	link quality: 65	flight time: 0s	pos 0.16 0.91 -0.03	yaw: 1.29	msg/s 0.0
INFO: 12-10-2021 14:12:00 printStatus(169) -- Drogno_2: ready	battery: 4.16	kalman var: 0.0 0.0 0.0	 batterySag: 0.686	link quality: 66	flight time: 0s	pos 0.16 0.91 -0.03	yaw: 1.27	msg/s 0.0
INFO: 12-10-2021 14:12:01 printStatus(169) -- Drogno_2: ready	battery: 4.16	kalman var: 0.0 0.0 0.0	 batterySag: 0.686	link quality: 65	flight time: 0s	pos 0.16 0.91 -0.03	yaw: 1.23	msg/s 0.0
INFO: 12-10-2021 14:12:03 printStatus(169) -- Drogno_2: ready	battery: 4.16	kalman var: 0.0 0.0 0.0	 batterySag: 0.686	link quality: 67	flight time: 0s	pos 0.16 0.91 -0.03	yaw: 1.25	msg/s 0.0
INFO: 12-10-2021 14:12:04 printStatus(169) -- Drogno_2: ready	battery: 4.16	kalman var: 0.0 0.0 0.0	 batterySag: 0.686	link quality: 66	flight time: 0s	pos 0.16 0.91 -0.03	yaw: 1.25	msg/s 0.0
INFO: 12-10-2021 14:12:06 printStatus(169) -- Drogno_2: ready	battery: 4.16	kalman var: 0.0 0.0 0.0	 batterySag: 0.686	link quality: 66	flight time: 0s	pos 0.16 0.91 -0.03	yaw: 1.31	msg/s 0.0
INFO: 12-10-2021 14:12:07 printStatus(169) -- Drogno_2: ready	battery: 4.16	kalman var: 0.0 0.0 0.0	 batterySag: 0.686	link quality: 66	flight time: 0s	pos 0.16 0.91 -0.03	yaw: 1.31	msg/s 0.0
INFO: 12-10-2021 14:12:08 printStatus(169) -- Drogno_2: ready	battery: 4.16	kalman var: 0.0 0.0 0.0	 batterySag: 0.686	link quality: 64	flight time: 0s	pos 0.16 0.91 -0.03	yaw: 1.29	msg/s 0.0
INFO: 12-10-2021 14:12:10 printStatus(169) -- Drogno_2: ready	battery: 4.16	kalman var: 0.0 0.0 0.0	 batterySag: 0.686	link quality: 66	flight time: 0s	pos 0.16 0.91 -0.03	yaw: 1.27	msg/s 0.0
INFO: 12-10-2021 14:12:11 printStatus(169) -- Drogno_2: ready	battery: 4.16	kalman var: 0.001 0.001 0.001	 batterySag: 0.686	link quality: 66	flight time: 0s	pos 0.16 0.90 -0.03	yaw: 1.29	msg/s 0.0
INFO: 12-10-2021 14:12:12 printStatus(169) -- Drogno_2: ready	battery: 4.16	kalman var: 0.0 0.0 0.0	 batterySag: 0.686	link quality: 65	flight time: 0s	pos 0.16 0.91 -0.03	yaw: 1.29	msg/s 0.0
INFO: 12-10-2021 14:12:14 printStatus(169) -- Drogno_2: ready	battery: 4.16	kalman var: 0.001 0.001 0.001	 batterySag: 0.686	link quality: 65	flight time: 0s	pos 0.16 0.90 -0.03	yaw: 1.30	msg/s 0.0
INFO: 12-10-2021 14:12:15 printStatus(169) -- Drogno_2: ready	battery: 4.16	kalman var: 0.0 0.0 0.0	 batterySag: 0.686	link quality: 65	flight time: 0s	pos 0.16 0.91 -0.03	yaw: 1.32	msg/s 0.0
INFO: 12-10-2021 14:12:16 printStatus(169) -- Drogno_2: ready	battery: 4.16	kalman var: 0.0 0.0 0.0	 batterySag: 0.686	link quality: 67	flight time: 0s	pos 0.16 0.91 -0.03	yaw: 1.32	msg/s 0.0
INFO: 12-10-2021 14:12:17 printStatus(169) -- Drogno_2: ready	battery: 4.16	kalman var: 0.0 0.0 0.001	 batterySag: 0.686	link quality: 66	flight time: 0s	pos 0.16 0.91 -0.03	yaw: 1.31	msg/s 0.0
INFO: 12-10-2021 14:12:19 printStatus(169) -- Drogno_2: ready	battery: 4.16	kalman var: 0.0 0.0 0.0	 batterySag: 0.686	link quality: 67	flight time: 0s	pos 0.16 0.91 -0.03	yaw: 1.33	msg/s 0.0
INFO: 12-10-2021 14:12:20 printStatus(169) -- Drogno_2: ready	battery: 4.16	kalman var: 0.0 0.0 0.0	 batterySag: 0.686	link quality: 65	flight time: 0s	pos 0.16 0.91 -0.03	yaw: 1.29	msg/s 0.0
INFO: 12-10-2021 14:12:21 printStatus(169) -- Drogno_2: ready	battery: 4.16	kalman var: 0.0 0.0 0.0	 batterySag: 0.686	link quality: 65	flight time: 0s	pos 0.16 0.91 -0.03	yaw: 1.35	msg/s 0.0
INFO: 12-10-2021 14:12:22 printStatus(169) -- Drogno_2: ready	battery: 4.16	kalman var: 0.0 0.0 0.0	 batterySag: 0.686	link quality: 66	flight time: 0s	pos 0.16 0.91 -0.03	yaw: 1.31	msg/s 0.0
INFO: 12-10-2021 14:12:24 printStatus(169) -- Drogno_2: ready	battery: 4.16	kalman var: 0.0 0.0 0.0	 batterySag: 0.686	link quality: 67	flight time: 0s	pos 0.16 0.91 -0.03	yaw: 1.31	msg/s 0.0
INFO: 12-10-2021 14:12:25 printStatus(169) -- Drogno_2: ready	battery: 4.16	kalman var: 0.0 0.0 0.0	 batterySag: 0.686	link quality: 67	flight time: 0s	pos 0.16 0.91 -0.03	yaw: 1.32	msg/s 0.0
INFO: 12-10-2021 14:12:26 printStatus(169) -- Drogno_2: ready	battery: 4.16	kalman var: 0.0 0.0 0.0	 batterySag: 0.686	link quality: 67	flight time: 0s	pos 0.16 0.91 -0.03	yaw: 1.32	msg/s 0.0
INFO: 12-10-2021 14:12:27 printStatus(169) -- Drogno_2: ready	battery: 4.16	kalman var: 0.0 0.0 0.0	 batterySag: 0.686	link quality: 66	flight time: 0s	pos 0.16 0.91 -0.03	yaw: 1.31	msg/s 0.0
INFO: 12-10-2021 14:12:29 printStatus(169) -- Drogno_2: ready	battery: 4.16	kalman var: 0.0 0.0 0.0	 batterySag: 0.686	link quality: 67	flight time: 0s	pos 0.16 0.91 -0.03	yaw: 1.32	msg/s 0.0
INFO: 12-10-2021 14:12:30 printStatus(169) -- Drogno_2: ready	battery: 4.16	kalman var: 0.001 0.001 0.001	 batterySag: 0.686	link quality: 65	flight time: 0s	pos 0.16 0.90 -0.03	yaw: 1.26	msg/s 0.0
INFO: 12-10-2021 14:12:31 printStatus(169) -- Drogno_2: ready	battery: 4.15	kalman var: 0.0 0.0 0.0	 batterySag: 0.686	link quality: 67	flight time: 0s	pos 0.16 0.91 -0.03	yaw: 1.32	msg/s 0.0
INFO: 12-10-2021 14:12:33 printStatus(169) -- Drogno_2: ready	battery: 4.16	kalman var: 0.001 0.001 0.001	 batterySag: 0.686	link quality: 67	flight time: 0s	pos 0.16 0.91 -0.03	yaw: 1.31	msg/s 0.0
INFO: 12-10-2021 14:12:34 printStatus(169) -- Drogno_2: ready	battery: 4.16	kalman var: 0.0 0.0 0.0	 batterySag: 0.686	link quality: 67	flight time: 0s	pos 0.16 0.91 -0.03	yaw: 1.28	msg/s 0.0
INFO: 12-10-2021 14:12:36 printStatus(169) -- Drogno_2: ready	battery: 4.16	kalman var: 0.0 0.0 0.0	 batterySag: 0.686	link quality: 66	flight time: 0s	pos 0.16 0.91 -0.03	yaw: 1.29	msg/s 0.0
INFO: 12-10-2021 14:12:37 printStatus(169) -- Drogno_2: ready	battery: 4.16	kalman var: 0.0 0.0 0.0	 batterySag: 0.686	link quality: 66	flight time: 0s	pos 0.16 0.91 -0.03	yaw: 1.30	msg/s 0.0
INFO: 12-10-2021 14:12:38 printStatus(169) -- Drogno_2: ready	battery: 4.15	kalman var: 0.0 0.0 0.0	 batterySag: 0.686	link quality: 65	flight time: 0s	pos 0.16 0.91 -0.03	yaw: 1.31	msg/s 0.0
INFO: 12-10-2021 14:12:39 printStatus(169) -- Drogno_2: ready	battery: 4.15	kalman var: 0.0 0.0 0.0	 batterySag: 0.686	link quality: 66	flight time: 0s	pos 0.16 0.91 -0.03	yaw: 1.30	msg/s 0.0
INFO: 12-10-2021 14:12:41 printStatus(169) -- Drogno_2: ready	battery: 4.15	kalman var: 0.0 0.0 0.0	 batterySag: 0.686	link quality: 65	flight time: 0s	pos 0.16 0.91 -0.03	yaw: 1.28	msg/s 0.0
INFO: 12-10-2021 14:12:43 printStatus(169) -- Drogno_2: ready	battery: 4.15	kalman var: 0.0 0.0 0.0	 batterySag: 0.686	link quality: 65	flight time: 0s	pos 0.16 0.91 -0.03	yaw: 1.29	msg/s 0.0
INFO: 12-10-2021 14:12:44 printStatus(169) -- Drogno_2: ready	battery: 4.15	kalman var: 0.0 0.0 0.0	 batterySag: 0.686	link quality: 67	flight time: 0s	pos 0.16 0.91 -0.03	yaw: 1.28	msg/s 0.0
INFO: 12-10-2021 14:12:45 printStatus(169) -- Drogno_2: ready	battery: 4.15	kalman var: 0.0 0.0 0.0	 batterySag: 0.686	link quality: 66	flight time: 0s	pos 0.16 0.91 -0.03	yaw: 1.28	msg/s 0.0
INFO: 12-10-2021 14:12:46 printStatus(169) -- Drogno_2: ready	battery: 4.15	kalman var: 0.0 0.0 0.0	 batterySag: 0.686	link quality: 66	flight time: 0s	pos 0.16 0.91 -0.03	yaw: 1.29	msg/s 0.0
INFO: 12-10-2021 14:12:47 printStatus(169) -- Drogno_2: ready	battery: 4.15	kalman var: 0.0 0.0 0.0	 batterySag: 0.686	link quality: 65	flight time: 0s	pos 0.16 0.91 -0.03	yaw: 1.30	msg/s 0.0
INFO: 12-10-2021 14:12:49 printStatus(169) -- Drogno_2: hovering	battery: 4.15	kalman var: 0.001 0.001 0.001	 batterySag: 0.686	link quality: 65	flight time: 0s	pos 0.16 0.90 -0.03	yaw: 1.26	msg/s 0.0
INFO: 12-10-2021 14:12:50 printStatus(169) -- Drogno_2: ready	battery: 3.83	kalman var: 0.0 0.0 0.0	 batterySag: 0.686	link quality: 61	flight time: 0s	pos 0.17 0.90 -0.01	yaw: 1.15	msg/s 0.0
INFO: 12-10-2021 14:12:52 printStatus(169) -- Drogno_2: ready	battery: 3.79	kalman var: 0.0 0.0 0.0	 batterySag: 0.686	link quality: 61	flight time: 1s	pos 0.17 0.90 0.82	yaw: 0.47	msg/s 0.0
INFO: 12-10-2021 14:12:53 printStatus(169) -- Drogno_2: ready	battery: 3.77	kalman var: 0.0 0.0 0.0	 batterySag: 0.686	link quality: 61	flight time: 3s	pos 0.16 0.91 0.85	yaw: 0.55	msg/s 0.0
INFO: 12-10-2021 14:12:54 printStatus(169) -- Drogno_2: ready	battery: 3.77	kalman var: 0.0 0.0 0.0	 batterySag: 0.686	link quality: 56	flight time: 4s	pos 0.16 0.90 0.86	yaw: 1.31	msg/s 0.0
INFO: 12-10-2021 14:12:55 printStatus(169) -- Drogno_2: ready	battery: 3.76	kalman var: 0.0 0.0 0.0	 batterySag: 0.686	link quality: 57	flight time: 5s	pos 0.16 0.91 0.85	yaw: -0.71	msg/s 0.0
INFO: 12-10-2021 14:12:56 printStatus(169) -- Drogno_2: ready	battery: 3.76	kalman var: 0.0 0.0 0.0	 batterySag: 0.686	link quality: 52	flight time: 6s	pos 0.14 0.90 0.83	yaw: 0.31	msg/s 0.0
INFO: 12-10-2021 14:12:58 printStatus(169) -- Drogno_2: ready	battery: 3.75	kalman var: 0.0 0.0 0.001	 batterySag: 0.686	link quality: 53	flight time: 7s	pos 0.15 0.90 0.83	yaw: -0.88	msg/s 0.0
INFO: 12-10-2021 14:12:59 printStatus(169) -- Drogno_2: ready	battery: 3.74	kalman var: 0.001 0.001 0.001	 batterySag: 0.686	link quality: 55	flight time: 8s	pos 0.16 0.90 0.83	yaw: -0.78	msg/s 0.0
INFO: 12-10-2021 14:13:00 printStatus(169) -- Drogno_2: ready	battery: 3.73	kalman var: 0.0 0.0 0.0	 batterySag: 0.686	link quality: 57	flight time: 10s	pos 0.15 0.90 0.82	yaw: -0.14	msg/s 0.0
INFO: 12-10-2021 14:13:01 printStatus(169) -- Drogno_2: ready	battery: 3.72	kalman var: 0.0 0.0 0.0	 batterySag: 0.686	link quality: 56	flight time: 11s	pos 0.16 0.90 0.81	yaw: -0.11	msg/s 0.0
INFO: 12-10-2021 14:13:02 printStatus(169) -- Drogno_2: ready	battery: 3.72	kalman var: 0.0 0.0 0.0	 batterySag: 0.686	link quality: 59	flight time: 12s	pos 0.16 0.90 0.81	yaw: 0.18	msg/s 0.0
INFO: 12-10-2021 14:13:04 printStatus(169) -- Drogno_2: ready	battery: 3.7	kalman var: 0.0 0.0 0.0	 batterySag: 0.686	link quality: 58	flight time: 13s	pos 0.17 0.91 0.80	yaw: 0.92	msg/s 0.0
INFO: 12-10-2021 14:13:05 printStatus(169) -- Drogno_2: ready	battery: 3.71	kalman var: 0.001 0.001 0.001	 batterySag: 0.686	link quality: 54	flight time: 15s	pos 0.16 0.91 0.81	yaw: 1.50	msg/s 0.0
INFO: 12-10-2021 14:13:06 printStatus(169) -- Drogno_2: hovering	battery: 3.7	kalman var: 0.0 0.0 0.0	 batterySag: 0.686	link quality: 53	flight time: 16s	pos 0.14 0.90 0.80	yaw: 0.33	msg/s 9.1
INFO: 12-10-2021 14:13:08 printStatus(169) -- Drogno_2: ready	battery: 3.7	kalman var: 0.002 0.002 0.001	 batterySag: 0.686	link quality: 63	flight time: 17s	pos 0.28 1.01 1.15	yaw: -0.09	msg/s 7.3
INFO: 12-10-2021 14:13:09 printStatus(169) -- Drogno_2: hovering	battery: 3.55	kalman var: 0.001 0.001 0.001	 batterySag: 0.686	link quality: 62	flight time: 19s	pos 0.29 1.03 0.96	yaw: 0.45	msg/s 9.1
INFO: 12-10-2021 14:13:10 printStatus(169) -- Drogno_2: hovering	battery: 3.69	kalman var: 0.002 0.002 0.001	 batterySag: 0.686	link quality: 61	flight time: 20s	pos 0.23 0.98 1.14	yaw: 0.18	msg/s 10.9
INFO: 12-10-2021 14:13:11 printStatus(169) -- Drogno_2: hovering	battery: 3.68	kalman var: 0.0 0.0 0.0	 batterySag: 0.686	link quality: 67	flight time: 21s	pos 0.21 0.96 1.13	yaw: 0.11	msg/s 9.1
INFO: 12-10-2021 14:13:13 printStatus(169) -- Drogno_2: moving	battery: 3.68	kalman var: 0.0 0.0 0.0	 batterySag: 0.686	link quality: 63	flight time: 22s	pos 0.17 0.91 1.10	yaw: -0.16	msg/s 10.9
INFO: 12-10-2021 14:13:14 printStatus(169) -- Drogno_2: moving	battery: 3.68	kalman var: 0.0 0.0 0.0	 batterySag: 0.686	link quality: 63	flight time: 24s	pos 0.17 0.91 1.10	yaw: -0.16	msg/s 1.8
INFO: 12-10-2021 14:13:15 printStatus(169) -- Drogno_2: hovering	battery: 3.66	kalman var: 0.0 0.0 0.0	 batterySag: 0.686	link quality: 66	flight time: 25s	pos 0.16 0.90 1.10	yaw: -0.12	msg/s 5.5
INFO: 12-10-2021 14:13:16 printStatus(169) -- Drogno_2: hovering	battery: 3.66	kalman var: 0.0 0.0 0.0	 batterySag: 0.686	link quality: 57	flight time: 26s	pos 0.06 0.83 1.12	yaw: 0.57	msg/s 9.1
INFO: 12-10-2021 14:13:17 printStatus(169) -- Drogno_2: hovering	battery: 3.66	kalman var: 0.0 0.0 0.0	 batterySag: 0.686	link quality: 63	flight time: 27s	pos -0.05 0.80 1.11	yaw: -0.75	msg/s 9.1
INFO: 12-10-2021 14:13:18 printStatus(169) -- Drogno_2: hovering	battery: 3.67	kalman var: 0.001 0.001 0.001	 batterySag: 0.686	link quality: 67	flight time: 28s	pos -0.26 0.77 1.12	yaw: -0.27	msg/s 9.1
INFO: 12-10-2021 14:13:20 printStatus(169) -- Drogno_2: hovering	battery: 3.66	kalman var: 0.0 0.0 0.0	 batterySag: 0.686	link quality: 63	flight time: 29s	pos -0.80 0.56 1.12	yaw: -1.13	msg/s 20.0
INFO: 12-10-2021 14:13:21 printStatus(169) -- Drogno_2: hovering	battery: 3.66	kalman var: 0.0 0.0 0.0	 batterySag: 0.686	link quality: 59	flight time: 31s	pos -1.09 0.38 1.10	yaw: -1.02	msg/s 16.4
INFO: 12-10-2021 14:13:23 printStatus(169) -- Drogno_2: hovering	battery: 3.67	kalman var: 0.001 0.001 0.001	 batterySag: 0.686	link quality: 66	flight time: 32s	pos -1.30 -0.08 1.21	yaw: 0.46	msg/s 5.5
INFO: 12-10-2021 14:13:24 printStatus(169) -- Drogno_2: hovering	battery: 3.65	kalman var: 0.0 0.0 0.0	 batterySag: 0.686	link quality: 58	flight time: 34s	pos -1.27 -0.27 1.04	yaw: 1.65	msg/s 9.1
INFO: 12-10-2021 14:13:26 printStatus(169) -- Drogno_2: ready	battery: 3.66	kalman var: 0.002 0.002 0.001	 batterySag: 0.686	link quality: 63	flight time: 35s	pos -1.05 -0.69 1.28	yaw: -1.23	msg/s 9.1
INFO: 12-10-2021 14:13:27 printStatus(169) -- Drogno_2: hovering	battery: 3.64	kalman var: 0.002 0.002 0.001	 batterySag: 0.686	link quality: 53	flight time: 37s	pos -0.91 -0.81 1.06	yaw: -0.35	msg/s 21.8
INFO: 12-10-2021 14:13:28 printStatus(169) -- Drogno_2: hovering	battery: 3.62	kalman var: 0.001 0.001 0.001	 batterySag: 0.686	link quality: 53	flight time: 38s	pos -0.80 -0.88 0.99	yaw: 0.28	msg/s 21.8
INFO: 12-10-2021 14:13:30 printStatus(169) -- Drogno_2: ready	battery: 3.64	kalman var: 0.001 0.001 0.001	 batterySag: 0.686	link quality: 64	flight time: 39s	pos -0.57 -0.93 1.14	yaw: -1.16	msg/s 9.1
INFO: 12-10-2021 14:13:31 printStatus(169) -- Drogno_2: hovering	battery: 3.65	kalman var: 0.001 0.001 0.001	 batterySag: 0.686	link quality: 57	flight time: 41s	pos -0.50 -0.92 1.08	yaw: -0.29	msg/s 7.3
INFO: 12-10-2021 14:13:32 printStatus(169) -- Drogno_2: hovering	battery: 3.63	kalman var: 0.0 0.0 0.0	 batterySag: 0.686	link quality: 63	flight time: 42s	pos -0.76 -0.85 1.02	yaw: -0.50	msg/s 9.1
INFO: 12-10-2021 14:13:33 printStatus(169) -- Drogno_2: hovering	battery: 3.62	kalman var: 0.0 0.0 0.0	 batterySag: 0.686	link quality: 61	flight time: 43s	pos -1.02 -1.13 1.05	yaw: -0.74	msg/s 21.8
INFO: 12-10-2021 14:13:34 printStatus(169) -- Drogno_2: hovering	battery: 3.62	kalman var: 0.001 0.001 0.001	 batterySag: 0.686	link quality: 56	flight time: 44s	pos -0.56 -1.36 1.21	yaw: -0.43	msg/s 18.2
INFO: 12-10-2021 14:13:36 printStatus(169) -- Drogno_2: hovering	battery: 3.62	kalman var: 0.0 0.0 0.0	 batterySag: 0.686	link quality: 58	flight time: 45s	pos 0.09 -1.01 1.47	yaw: -0.16	msg/s 23.6
INFO: 12-10-2021 14:13:37 printStatus(169) -- Drogno_2: hovering	battery: 3.63	kalman var: 0.0 0.0 0.0	 batterySag: 0.686	link quality: 66	flight time: 46s	pos 0.12 0.67 1.73	yaw: -1.50	msg/s 21.8
INFO: 12-10-2021 14:13:38 printStatus(169) -- Drogno_2: moving	battery: 3.62	kalman var: 0.002 0.002 0.001	 batterySag: 0.686	link quality: 67	flight time: 48s	pos -0.96 0.84 1.57	yaw: -0.18	msg/s 23.6
INFO: 12-10-2021 14:13:39 printStatus(169) -- Drogno_2: hovering	battery: 3.6	kalman var: 0.0 0.0 0.0	 batterySag: 0.686	link quality: 64	flight time: 49s	pos -1.55 0.08 1.28	yaw: 0.03	msg/s 18.2
INFO: 12-10-2021 14:13:41 printStatus(169) -- Drogno_2: hovering	battery: 3.61	kalman var: 0.0 0.0 0.0	 batterySag: 0.686	link quality: 64	flight time: 50s	pos -1.42 -0.88 1.08	yaw: -0.47	msg/s 21.8
INFO: 12-10-2021 14:13:42 printStatus(169) -- Drogno_2: hovering	battery: 3.54	kalman var: 0.0 0.0 0.001	 batterySag: 0.686	link quality: 58	flight time: 51s	pos -1.32 -1.10 0.88	yaw: -2.98	msg/s 21.8
INFO: 12-10-2021 14:13:43 printStatus(169) -- Drogno_2: hovering	battery: 3.64	kalman var: 0.0 0.0 0.0	 batterySag: 0.686	link quality: 65	flight time: 53s	pos -1.35 -1.08 1.33	yaw: 0.72	msg/s 18.2
INFO: 12-10-2021 14:13:44 printStatus(169) -- Drogno_2: hovering	battery: 3.59	kalman var: 0.001 0.001 0.001	 batterySag: 0.686	link quality: 52	flight time: 54s	pos -1.33 -1.02 0.90	yaw: 2.30	msg/s 23.6
INFO: 12-10-2021 14:13:45 printStatus(169) -- Drogno_2: hovering	battery: 3.61	kalman var: 0.0 0.0 0.0	 batterySag: 0.686	link quality: 66	flight time: 55s	pos -1.15 -0.98 0.85	yaw: 2.02	msg/s 21.8
INFO: 12-10-2021 14:13:47 printStatus(169) -- Drogno_2: hovering	battery: 3.57	kalman var: 0.0 0.0 0.0	 batterySag: 0.686	link quality: 56	flight time: 56s	pos -0.55 -0.94 0.58	yaw: -4.47	msg/s 21.8
INFO: 12-10-2021 14:13:48 printStatus(169) -- Drogno_2: hovering	battery: 3.58	kalman var: 0.0 0.0 0.0	 batterySag: 0.686	link quality: 60	flight time: 58s	pos -0.53 -0.92 0.46	yaw: -9.91	msg/s 21.8
INFO: 12-10-2021 14:13:49 printStatus(169) -- Drogno_2: hovering	battery: 3.59	kalman var: 0.0 0.0 0.0	 batterySag: 0.686	link quality: 53	flight time: 59s	pos -0.61 -1.03 0.53	yaw: -0.47	msg/s 18.2
INFO: 12-10-2021 14:13:50 printStatus(169) -- Drogno_2: hovering	battery: 3.61	kalman var: 0.0 0.0 0.001	 batterySag: 0.686	link quality: 57	flight time: 60s	pos -0.74 -1.06 0.62	yaw: 2.81	msg/s 23.6
INFO: 12-10-2021 14:13:51 printStatus(169) -- Drogno_2: hovering	battery: 3.59	kalman var: 0.0 0.0 0.0	 batterySag: 0.686	link quality: 59	flight time: 61s	pos -1.05 -1.11 0.81	yaw: 3.37	msg/s 20.0
INFO: 12-10-2021 14:13:53 printStatus(169) -- Drogno_2: moving	battery: 3.59	kalman var: 0.0 0.0 0.0	 batterySag: 0.686	link quality: 58	flight time: 62s	pos -1.80 -0.68 1.18	yaw: 1.67	msg/s 18.2
INFO: 12-10-2021 14:13:54 printStatus(169) -- Drogno_2: hovering	battery: 3.58	kalman var: 0.0 0.0 0.0	 batterySag: 0.686	link quality: 58	flight time: 64s	pos -1.85 -0.15 1.24	yaw: 0.64	msg/s 25.5
INFO: 12-10-2021 14:13:55 printStatus(169) -- Drogno_2: hovering	battery: 3.58	kalman var: 0.0 0.0 0.0	 batterySag: 0.686	link quality: 61	flight time: 65s	pos -1.84 0.29 1.21	yaw: 0.65	msg/s 20.0
INFO: 12-10-2021 14:13:57 printStatus(169) -- Drogno_2: hovering	battery: 3.58	kalman var: 0.0 0.0 0.0	 batterySag: 0.686	link quality: 57	flight time: 66s	pos -1.80 0.83 1.18	yaw: 1.19	msg/s 23.6
INFO: 12-10-2021 14:13:58 printStatus(169) -- Drogno_2: hovering	battery: 3.57	kalman var: 0.0 0.0 0.0	 batterySag: 0.686	link quality: 60	flight time: 68s	pos -0.80 1.07 1.14	yaw: -0.09	msg/s 20.0
INFO: 12-10-2021 14:13:59 printStatus(169) -- Drogno_2: hovering	battery: 3.56	kalman var: 0.0 0.0 0.0	 batterySag: 0.686	link quality: 65	flight time: 69s	pos -0.31 0.87 1.38	yaw: 0.52	msg/s 21.8
INFO: 12-10-2021 14:14:00 printStatus(169) -- Drogno_2: hovering	battery: 3.59	kalman var: 0.001 0.001 0.001	 batterySag: 0.686	link quality: 63	flight time: 70s	pos 0.16 0.63 1.70	yaw: -0.26	msg/s 18.2
INFO: 12-10-2021 14:14:02 printStatus(169) -- Drogno_2: hovering	battery: 3.57	kalman var: 0.0 0.0 0.0	 batterySag: 0.686	link quality: 57	flight time: 71s	pos 0.03 -0.53 1.55	yaw: -3.38	msg/s 20.0
INFO: 12-10-2021 14:14:03 printStatus(169) -- Drogno_2: moving	battery: 3.57	kalman var: 0.0 0.0 0.0	 batterySag: 0.686	link quality: 64	flight time: 73s	pos -0.30 -0.98 1.28	yaw: 5.53	msg/s 21.8
INFO: 12-10-2021 14:14:04 printStatus(169) -- Drogno_2: hovering	battery: 3.57	kalman var: 0.0 0.0 0.0	 batterySag: 0.686	link quality: 56	flight time: 74s	pos -0.86 -1.10 0.96	yaw: -0.76	msg/s 20.0
INFO: 12-10-2021 14:14:06 printStatus(169) -- Drogno_2: hovering	battery: 3.53	kalman var: 0.001 0.001 0.001	 batterySag: 0.686	link quality: 59	flight time: 75s	pos -1.77 -0.37 0.38	yaw: 9.45	msg/s 18.2
INFO: 12-10-2021 14:14:07 printStatus(169) -- Drogno_2: moving	battery: 3.55	kalman var: 0.0 0.0 0.0	 batterySag: 0.686	link quality: 56	flight time: 77s	pos -1.86 0.45 0.41	yaw: -1.83	msg/s 21.8
INFO: 12-10-2021 14:14:08 printStatus(169) -- Drogno_2: hovering	battery: 3.54	kalman var: 0.001 0.001 0.001	 batterySag: 0.686	link quality: 73	flight time: 78s	pos -1.32 1.13 0.74	yaw: -1.07	msg/s 18.2
INFO: 12-10-2021 14:14:09 printStatus(169) -- Drogno_2: hovering	battery: 3.55	kalman var: 0.001 0.001 0.001	 batterySag: 0.686	link quality: 62	flight time: 79s	pos -0.48 1.33 1.21	yaw: -1.73	msg/s 25.5
INFO: 12-10-2021 14:14:10 printStatus(169) -- Drogno_2: moving	battery: 3.54	kalman var: 0.001 0.001 0.001	 batterySag: 0.686	link quality: 58	flight time: 80s	pos 0.09 1.21 1.46	yaw: -1.41	msg/s 21.8
INFO: 12-10-2021 14:14:11 printStatus(169) -- Drogno_2: hovering	battery: 3.55	kalman var: 0.001 0.001 0.001	 batterySag: 0.686	link quality: 69	flight time: 81s	pos 0.46 0.77 1.51	yaw: -0.80	msg/s 20.0
WARNING: 12-10-2021 14:14:12 evaluateBattery(804) -- battery under 3.50v
WARNING: 12-10-2021 14:14:12 evaluateBattery(804) -- battery under 3.50v
INFO: 12-10-2021 14:14:13 printStatus(169) -- Drogno_2: hovering	battery: 3.48	kalman var: 0.001 0.001 0.0	 batterySag: 0.686	link quality: 57	flight time: 82s	pos 0.55 0.67 1.35	yaw: -0.22	msg/s 21.8
INFO: 12-10-2021 14:14:14 printStatus(169) -- Drogno_2: hovering	battery: 3.54	kalman var: 0.0 0.0 0.0	 batterySag: 0.686	link quality: 63	flight time: 83s	pos 0.01 0.67 1.34	yaw: 0.61	msg/s 25.5
INFO: 12-10-2021 14:14:15 printStatus(169) -- Drogno_2: hovering	battery: 3.55	kalman var: 0.002 0.002 0.001	 batterySag: 0.686	link quality: 55	flight time: 85s	pos -0.45 0.78 1.35	yaw: -2.60	msg/s 21.8
INFO: 12-10-2021 14:14:17 printStatus(169) -- Drogno_2: moving	battery: 3.54	kalman var: 0.0 0.0 0.0	 batterySag: 0.686	link quality: 63	flight time: 86s	pos -1.12 0.78 1.33	yaw: -2.21	msg/s 23.6
INFO: 12-10-2021 14:14:18 printStatus(169) -- Drogno_2: hovering	battery: 3.56	kalman var: 0.0 0.0 0.0	 batterySag: 0.686	link quality: 74	flight time: 88s	pos -1.58 0.77 1.32	yaw: 0.72	msg/s 21.8
INFO: 12-10-2021 14:14:19 printStatus(169) -- Drogno_2: moving	battery: 3.53	kalman var: 0.001 0.001 0.001	 batterySag: 0.686	link quality: 61	flight time: 89s	pos -1.79 1.12 1.10	yaw: 0.01	msg/s 18.2
INFO: 12-10-2021 14:14:21 printStatus(169) -- Drogno_2: hovering	battery: 3.54	kalman var: 0.002 0.002 0.001	 batterySag: 0.686	link quality: 61	flight time: 90s	pos -0.27 1.42 0.89	yaw: -0.45	msg/s 16.4
INFO: 12-10-2021 14:14:22 printStatus(169) -- Drogno_2: hovering	battery: 3.51	kalman var: 0.002 0.002 0.001	 batterySag: 0.686	link quality: 64	flight time: 92s	pos 0.44 1.28 0.95	yaw: -0.69	msg/s 23.6
INFO: 12-10-2021 14:14:23 printStatus(169) -- Drogno_2: hovering	battery: 3.55	kalman var: 0.0 0.0 0.0	 batterySag: 0.686	link quality: 64	flight time: 93s	pos 0.51 0.77 1.28	yaw: -0.21	msg/s 21.8
INFO: 12-10-2021 14:14:25 printStatus(169) -- Drogno_2: ready	battery: 3.53	kalman var: 0.0 0.0 0.0	 batterySag: 0.686	link quality: 56	flight time: 94s	pos -0.35 0.55 1.46	yaw: 0.10	msg/s 23.6
INFO: 12-10-2021 14:14:26 printStatus(169) -- Drogno_2: hovering	battery: 3.53	kalman var: 0.0 0.0 0.0	 batterySag: 0.686	link quality: 64	flight time: 96s	pos -0.73 0.57 1.49	yaw: 0.00	msg/s 20.0
INFO: 12-10-2021 14:14:28 printStatus(169) -- Drogno_2: moving	battery: 3.52	kalman var: 0.0 0.0 0.0	 batterySag: 0.686	link quality: 69	flight time: 97s	pos -0.92 0.70 1.57	yaw: -4.39	msg/s 18.2
INFO: 12-10-2021 14:14:29 printStatus(169) -- Drogno_2: hovering	battery: 3.5	kalman var: 0.0 0.0 0.0	 batterySag: 0.686	link quality: 59	flight time: 99s	pos -0.74 0.78 1.53	yaw: -0.46	msg/s 21.8
INFO: 12-10-2021 14:14:30 printStatus(169) -- Drogno_2: hovering	battery: 3.52	kalman var: 0.0 0.0 0.0	 batterySag: 0.686	link quality: 53	flight time: 100s	pos -0.23 0.82 1.62	yaw: 1.96	msg/s 12.7
INFO: 12-10-2021 14:14:32 printStatus(169) -- Drogno_2: hovering	battery: 3.52	kalman var: 0.0 0.0 0.0	 batterySag: 0.686	link quality: 58	flight time: 101s	pos 0.19 0.80 1.64	yaw: 2.73	msg/s 7.3
INFO: 12-10-2021 14:14:34 printStatus(169) -- Drogno_2: ready	battery: 3.52	kalman var: 0.002 0.002 0.001	 batterySag: 0.686	link quality: 56	flight time: 103s	pos 0.30 0.80 1.68	yaw: 0.14	msg/s 7.3
WARNING: 12-10-2021 14:14:35 evaluateBattery(804) -- battery under 3.50v
INFO: 12-10-2021 14:14:35 printStatus(169) -- Drogno_2: ready	battery: 3.49	kalman var: 0.0 0.0 0.0	 batterySag: 0.686	link quality: 57	flight time: 105s	pos 0.31 0.80 1.64	yaw: 2.87	msg/s 0.0
WARNING: 12-10-2021 14:14:36 evaluateBattery(804) -- battery under 3.50v
INFO: 12-10-2021 14:14:37 printStatus(169) -- Drogno_2: ready	battery: 3.51	kalman var: 0.005 0.005 0.002	 batterySag: 0.686	link quality: 66	flight time: 106s	pos 0.29 0.81 1.68	yaw: -1.16	msg/s 0.0
INFO: 12-10-2021 14:14:39 printStatus(169) -- Drogno_2: ready	battery: 3.54	kalman var: 0.001 0.001 0.001	 batterySag: 0.686	link quality: 51	flight time: 108s	pos 0.29 0.74 1.46	yaw: 1.50	msg/s 0.0
INFO: 12-10-2021 14:14:40 printStatus(169) -- Drogno_2: ready	battery: 3.52	kalman var: 0.003 0.003 0.001	 batterySag: 0.686	link quality: 57	flight time: 109s	pos 0.28 0.82 1.73	yaw: -0.04	msg/s 0.0
WARNING: 12-10-2021 14:14:42 evaluateBattery(804) -- battery under 3.50v
INFO: 12-10-2021 14:14:42 printStatus(169) -- Drogno_2: ready	battery: 3.43	kalman var: 0.001 0.001 0.001	 batterySag: 0.686	link quality: 61	flight time: 109s	pos 0.31 0.79 0.06	yaw: -4.94	msg/s 0.0
WARNING: 12-10-2021 14:14:43 evaluateBattery(804) -- battery under 3.50v
INFO: 12-10-2021 14:14:44 printStatus(169) -- Drogno_2: BAD kalman	battery: 3.82	kalman var: 0.013 0.013 0.003	 batterySag: 0.686	link quality: 65	flight time: 109s	pos 0.45 0.67 0.05	yaw: -3.41	msg/s 0.0
INFO: 12-10-2021 14:14:46 printStatus(169) -- Drogno_2: ready	battery: 3.84	kalman var: 0.003 0.003 0.001	 batterySag: 0.686	link quality: 63	flight time: 109s	pos 0.28 0.79 -0.03	yaw: -3.71	msg/s 0.0
INFO: 12-10-2021 14:14:47 printStatus(169) -- Drogno_2: sconnesso	battery: 3.85	kalman var: 0.003 0.003 0.001	 batterySag: 0.686	link quality: 65	flight time: 109s	pos 0.28 0.80 -0.03	yaw: -3.63	msg/s 0.0
INFO: 12-10-2021 14:14:48 printStatus(169) -- Drogno_2: stand by	battery: 3.85	kalman var: 0.003 0.003 0.001	 batterySag: 0.686	link quality: 65	flight time: 109s	pos 0.28 0.80 -0.03	yaw: -3.63	msg/s 0.0
INFO: 12-10-2021 14:14:50 printStatus(169) -- Drogno_2: stand by	battery: 3.85	kalman var: 0.003 0.003 0.001	 batterySag: 0.686	link quality: 65	flight time: 109s	pos 0.28 0.80 -0.03	yaw: -3.63	msg/s 0.0
INFO: 12-10-2021 14:14:51 printStatus(169) -- Drogno_2: stand by	battery: 3.85	kalman var: 0.003 0.003 0.001	 batterySag: 0.686	link quality: 65	flight time: 109s	pos 0.28 0.80 -0.03	yaw: -3.63	msg/s 0.0
WARNING: 12-10-2021 14:14:51 exit(859) -- closing Drogno_2
INFO: 12-10-2021 14:14:52 printStatus(169) -- Drogno_2: sconnesso	battery: 3.85	kalman var: 0.003 0.003 0.001	 batterySag: 0.686	link quality: 65	flight time: 109s	pos 0.28 0.80 -0.03	yaw: -3.63	msg/s 0.0
