INFO: 11-10-2021 23:45:40 __init__(130) -- This is dronelog running on Drogno_7
INFO: 11-10-2021 23:45:41 printStatus(166) -- Started
INFO: 11-10-2021 23:45:42 printStatus(169) -- Drogno_7: connecting	battery: n.p.	kalman var: 0 0 0	 batterySag: 0	link quality: 0	flight time: 0s	pos 0.00 0.00 0.00	yaw: 0.00	msg/s 0.0
INFO: 11-10-2021 23:45:43 printStatus(169) -- Drogno_7: connecting	battery: n.p.	kalman var: 0 0 0	 batterySag: 0	link quality: 0	flight time: 0s	pos 0.00 0.00 0.00	yaw: 0.00	msg/s 0.0
INFO: 11-10-2021 23:45:44 printStatus(169) -- Drogno_7: connecting	battery: n.p.	kalman var: 0 0 0	 batterySag: 0	link quality: 0	flight time: 0s	pos 0.00 0.00 0.00	yaw: 0.00	msg/s 0.0
INFO: 11-10-2021 23:45:46 printStatus(169) -- Drogno_7: connecting	battery: n.p.	kalman var: 0 0 0	 batterySag: 0	link quality: 0	flight time: 0s	pos 0.00 0.00 0.00	yaw: 0.00	msg/s 0.0
INFO: 11-10-2021 23:45:47 printStatus(169) -- Drogno_7: connecting	battery: n.p.	kalman var: 0 0 0	 batterySag: 0	link quality: 0	flight time: 0s	pos 0.00 0.00 0.00	yaw: 0.00	msg/s 0.0
INFO: 11-10-2021 23:45:49 printStatus(169) -- Drogno_7: landed	battery: n.p.	kalman var: 0 0 0	 batterySag: 0	link quality: 0	flight time: 0s	pos 0.00 0.00 0.00	yaw: 0.00	msg/s 0.0
INFO: 11-10-2021 23:45:50 printStatus(169) -- Drogno_7: landed	battery: n.p.	kalman var: 0 0 0	 batterySag: 0	link quality: 0	flight time: 0s	pos 0.00 0.00 0.00	yaw: 0.00	msg/s 0.0
INFO: 11-10-2021 23:45:52 printStatus(169) -- Drogno_7: ready	battery: 4.15	kalman var: 0.0 0.0 0.0	 batterySag: 0.681	link quality: 60	flight time: 0s	pos -0.38 -1.03 0.01	yaw: -5.04	msg/s 0.0
INFO: 11-10-2021 23:45:53 printStatus(169) -- Drogno_7: ready	battery: 4.16	kalman var: 0.0 0.0 0.0	 batterySag: 0.681	link quality: 62	flight time: 0s	pos -0.38 -1.03 0.01	yaw: -4.98	msg/s 0.0
INFO: 11-10-2021 23:45:54 printStatus(169) -- Drogno_7: ready	battery: 4.16	kalman var: 0.0 0.0 0.0	 batterySag: 0.681	link quality: 61	flight time: 0s	pos -0.38 -1.03 0.01	yaw: -4.96	msg/s 0.0
INFO: 11-10-2021 23:45:55 printStatus(169) -- Drogno_7: ready	battery: 4.16	kalman var: 0.0 0.0 0.0	 batterySag: 0.681	link quality: 62	flight time: 0s	pos -0.38 -1.03 0.01	yaw: -4.95	msg/s 0.0
INFO: 11-10-2021 23:45:57 printStatus(169) -- Drogno_7: ready	battery: 4.16	kalman var: 0.0 0.0 0.0	 batterySag: 0.681	link quality: 63	flight time: 0s	pos -0.38 -1.03 0.01	yaw: -5.00	msg/s 0.0
INFO: 11-10-2021 23:45:58 printStatus(169) -- Drogno_7: ready	battery: 4.15	kalman var: 0.0 0.0 0.0	 batterySag: 0.681	link quality: 63	flight time: 0s	pos -0.38 -1.03 0.01	yaw: -5.00	msg/s 0.0
INFO: 11-10-2021 23:46:00 printStatus(169) -- Drogno_7: ready	battery: 4.15	kalman var: 0.0 0.0 0.0	 batterySag: 0.681	link quality: 61	flight time: 0s	pos -0.38 -1.03 0.01	yaw: -4.99	msg/s 0.0
INFO: 11-10-2021 23:46:01 printStatus(169) -- Drogno_7: ready	battery: 4.16	kalman var: 0.0 0.0 0.0	 batterySag: 0.681	link quality: 62	flight time: 0s	pos -0.38 -1.03 0.01	yaw: -4.99	msg/s 0.0
INFO: 11-10-2021 23:46:02 printStatus(169) -- Drogno_7: ready	battery: 4.16	kalman var: 0.0 0.0 0.0	 batterySag: 0.681	link quality: 63	flight time: 0s	pos -0.38 -1.03 0.01	yaw: -4.96	msg/s 0.0
INFO: 11-10-2021 23:46:04 printStatus(169) -- Drogno_7: ready	battery: 4.15	kalman var: 0.0 0.0 0.0	 batterySag: 0.681	link quality: 63	flight time: 0s	pos -0.38 -1.03 0.01	yaw: -4.93	msg/s 0.0
INFO: 11-10-2021 23:46:05 printStatus(169) -- Drogno_7: ready	battery: 4.15	kalman var: 0.0 0.0 0.0	 batterySag: 0.681	link quality: 61	flight time: 0s	pos -0.38 -1.03 0.01	yaw: -4.96	msg/s 0.0
INFO: 11-10-2021 23:46:07 printStatus(169) -- Drogno_7: ready	battery: 4.15	kalman var: 0.001 0.001 0.001	 batterySag: 0.681	link quality: 61	flight time: 0s	pos -0.38 -1.03 0.01	yaw: -4.92	msg/s 0.0
INFO: 11-10-2021 23:46:08 printStatus(169) -- Drogno_7: ready	battery: 4.15	kalman var: 0.0 0.0 0.0	 batterySag: 0.681	link quality: 62	flight time: 0s	pos -0.38 -1.03 0.01	yaw: -4.96	msg/s 0.0
INFO: 11-10-2021 23:46:09 printStatus(169) -- Drogno_7: ready	battery: 4.15	kalman var: 0.0 0.0 0.0	 batterySag: 0.681	link quality: 63	flight time: 0s	pos -0.38 -1.03 0.01	yaw: -4.97	msg/s 0.0
INFO: 11-10-2021 23:46:10 printStatus(169) -- Drogno_7: ready	battery: 4.15	kalman var: 0.001 0.001 0.001	 batterySag: 0.681	link quality: 61	flight time: 0s	pos -0.38 -1.03 0.01	yaw: -4.94	msg/s 0.0
INFO: 11-10-2021 23:46:12 printStatus(169) -- Drogno_7: ready	battery: 4.15	kalman var: 0.0 0.0 0.0	 batterySag: 0.681	link quality: 61	flight time: 0s	pos -0.38 -1.03 0.01	yaw: -4.96	msg/s 0.0
INFO: 11-10-2021 23:46:13 printStatus(169) -- Drogno_7: ready	battery: 4.15	kalman var: 0.0 0.0 0.0	 batterySag: 0.681	link quality: 62	flight time: 0s	pos -0.38 -1.03 0.01	yaw: -5.00	msg/s 0.0
INFO: 11-10-2021 23:46:15 printStatus(169) -- Drogno_7: ready	battery: 4.15	kalman var: 0.0 0.0 0.0	 batterySag: 0.681	link quality: 62	flight time: 0s	pos -0.38 -1.03 0.01	yaw: -4.97	msg/s 0.0
INFO: 11-10-2021 23:46:16 printStatus(169) -- Drogno_7: ready	battery: 4.15	kalman var: 0.0 0.0 0.0	 batterySag: 0.681	link quality: 62	flight time: 0s	pos -0.38 -1.03 0.01	yaw: -4.98	msg/s 0.0
INFO: 11-10-2021 23:46:18 printStatus(169) -- Drogno_7: ready	battery: 3.79	kalman var: 0.0 0.0 0.0	 batterySag: 0.681	link quality: 56	flight time: 0s	pos -0.38 -1.02 0.06	yaw: -5.96	msg/s 0.0
INFO: 11-10-2021 23:46:19 printStatus(169) -- Drogno_7: ready	battery: 3.98	kalman var: 0.001 0.001 0.001	 batterySag: 0.681	link quality: 53	flight time: 1s	pos -0.37 -1.03 0.84	yaw: -0.63	msg/s 3.6
INFO: 11-10-2021 23:46:21 printStatus(169) -- Drogno_7: hovering	battery: 3.79	kalman var: 0.0 0.0 0.0	 batterySag: 0.681	link quality: 59	flight time: 3s	pos -0.27 -1.36 0.24	yaw: -1.90	msg/s 7.3
INFO: 11-10-2021 23:46:22 printStatus(169) -- Drogno_7: hovering	battery: 3.77	kalman var: 0.001 0.001 0.001	 batterySag: 0.681	link quality: 61	flight time: 4s	pos -0.24 -1.40 0.63	yaw: 0.17	msg/s 7.3
INFO: 11-10-2021 23:46:23 printStatus(169) -- Drogno_7: hovering	battery: 3.77	kalman var: 0.004 0.004 0.002	 batterySag: 0.681	link quality: 61	flight time: 5s	pos -0.27 -1.36 0.92	yaw: 0.17	msg/s 7.3
INFO: 11-10-2021 23:46:24 printStatus(169) -- Drogno_7: hovering	battery: 3.75	kalman var: 0.001 0.001 0.001	 batterySag: 0.681	link quality: 63	flight time: 6s	pos -0.28 -1.35 0.95	yaw: 0.01	msg/s 9.1
INFO: 11-10-2021 23:46:26 printStatus(169) -- Drogno_7: hovering	battery: 3.74	kalman var: 0.001 0.001 0.001	 batterySag: 0.681	link quality: 62	flight time: 8s	pos -0.30 -1.31 0.97	yaw: 1.19	msg/s 16.4
INFO: 11-10-2021 23:46:28 printStatus(169) -- Drogno_7: hovering	battery: 3.73	kalman var: 0.0 0.0 0.0	 batterySag: 0.681	link quality: 63	flight time: 9s	pos -0.44 -1.28 1.02	yaw: -1.22	msg/s 18.2
INFO: 11-10-2021 23:46:30 printStatus(169) -- Drogno_7: hovering	battery: 3.71	kalman var: 0.0 0.0 0.0	 batterySag: 0.681	link quality: 65	flight time: 11s	pos -0.28 -1.24 1.04	yaw: 0.33	msg/s 9.1
INFO: 11-10-2021 23:46:31 printStatus(169) -- Drogno_7: hovering	battery: 3.72	kalman var: 0.001 0.001 0.001	 batterySag: 0.681	link quality: 54	flight time: 13s	pos 0.35 -1.34 1.07	yaw: 0.94	msg/s 18.2
INFO: 11-10-2021 23:46:33 printStatus(169) -- Drogno_7: ready	battery: 3.72	kalman var: 0.001 0.001 0.001	 batterySag: 0.681	link quality: 58	flight time: 15s	pos 0.79 -0.59 1.12	yaw: -0.04	msg/s 18.2
INFO: 11-10-2021 23:46:34 printStatus(169) -- Drogno_7: hovering	battery: 3.68	kalman var: 0.0 0.0 0.0	 batterySag: 0.681	link quality: 68	flight time: 16s	pos 0.93 -0.20 1.02	yaw: 0.44	msg/s 18.2
INFO: 11-10-2021 23:46:35 printStatus(169) -- Drogno_7: hovering	battery: 3.72	kalman var: 0.0 0.0 0.0	 batterySag: 0.681	link quality: 67	flight time: 17s	pos 0.91 0.18 1.12	yaw: 0.36	msg/s 18.2
INFO: 11-10-2021 23:46:37 printStatus(169) -- Drogno_7: hovering	battery: 3.68	kalman var: 0.001 0.001 0.001	 batterySag: 0.681	link quality: 63	flight time: 18s	pos 0.69 0.81 1.02	yaw: 0.10	msg/s 16.4
INFO: 11-10-2021 23:46:38 printStatus(169) -- Drogno_7: hovering	battery: 3.64	kalman var: 0.001 0.001 0.001	 batterySag: 0.681	link quality: 59	flight time: 20s	pos 0.56 0.99 0.97	yaw: 0.58	msg/s 10.9
INFO: 11-10-2021 23:46:39 printStatus(169) -- Drogno_7: hovering	battery: 3.71	kalman var: 0.001 0.001 0.001	 batterySag: 0.681	link quality: 65	flight time: 21s	pos 0.30 1.17 1.24	yaw: 0.69	msg/s 16.4
INFO: 11-10-2021 23:46:41 printStatus(169) -- Drogno_7: hovering	battery: 3.66	kalman var: 0.001 0.001 0.001	 batterySag: 0.681	link quality: 61	flight time: 23s	pos -0.08 1.33 1.02	yaw: 0.07	msg/s 18.2
INFO: 11-10-2021 23:46:42 printStatus(169) -- Drogno_7: hovering	battery: 3.69	kalman var: 0.001 0.001 0.001	 batterySag: 0.681	link quality: 61	flight time: 24s	pos -0.22 1.32 1.12	yaw: 0.23	msg/s 10.9
INFO: 11-10-2021 23:46:43 printStatus(169) -- Drogno_7: hovering	battery: 3.65	kalman var: 0.001 0.001 0.001	 batterySag: 0.681	link quality: 56	flight time: 25s	pos -0.28 1.33 1.08	yaw: -0.20	msg/s 20.0
INFO: 11-10-2021 23:46:45 printStatus(169) -- Drogno_7: moving	battery: 3.68	kalman var: 0.0 0.0 0.0	 batterySag: 0.681	link quality: 61	flight time: 26s	pos -0.43 0.92 1.07	yaw: 2.20	msg/s 20.0
INFO: 11-10-2021 23:46:46 printStatus(169) -- Drogno_7: hovering	battery: 3.64	kalman var: 0.0 0.0 0.0	 batterySag: 0.681	link quality: 53	flight time: 28s	pos -0.83 0.61 0.87	yaw: -0.41	msg/s 21.8
INFO: 11-10-2021 23:46:47 printStatus(169) -- Drogno_7: hovering	battery: 3.67	kalman var: 0.0 0.0 0.0	 batterySag: 0.681	link quality: 65	flight time: 29s	pos -1.06 -0.07 0.50	yaw: -0.89	msg/s 23.6
INFO: 11-10-2021 23:46:49 printStatus(169) -- Drogno_7: hovering	battery: 3.66	kalman var: 0.0 0.0 0.0	 batterySag: 0.681	link quality: 58	flight time: 31s	pos 0.24 -0.45 0.42	yaw: -0.09	msg/s 21.8
INFO: 11-10-2021 23:46:50 printStatus(169) -- Drogno_7: hovering	battery: 3.66	kalman var: 0.0 0.0 0.0	 batterySag: 0.681	link quality: 62	flight time: 32s	pos 0.59 0.20 0.71	yaw: -0.22	msg/s 21.8
INFO: 11-10-2021 23:46:51 printStatus(169) -- Drogno_7: hovering	battery: 3.66	kalman var: 0.001 0.001 0.001	 batterySag: 0.681	link quality: 58	flight time: 33s	pos 0.17 0.88 0.98	yaw: -1.08	msg/s 23.6
INFO: 11-10-2021 23:46:52 printStatus(169) -- Drogno_7: hovering	battery: 3.65	kalman var: 0.0 0.0 0.001	 batterySag: 0.681	link quality: 69	flight time: 34s	pos 0.04 1.02 1.11	yaw: 1.96	msg/s 16.4
INFO: 11-10-2021 23:46:53 printStatus(169) -- Drogno_7: hovering	battery: 3.71	kalman var: 0.001 0.001 0.001	 batterySag: 0.681	link quality: 64	flight time: 35s	pos -0.24 1.08 1.16	yaw: 0.36	msg/s 20.0
INFO: 11-10-2021 23:46:55 printStatus(169) -- Drogno_7: moving	battery: 3.68	kalman var: 0.001 0.001 0.001	 batterySag: 0.681	link quality: 58	flight time: 36s	pos -0.22 1.05 1.28	yaw: 0.01	msg/s 23.6
INFO: 11-10-2021 23:46:57 printStatus(169) -- Drogno_7: hovering	battery: 3.64	kalman var: 0.001 0.001 0.0	 batterySag: 0.681	link quality: 65	flight time: 38s	pos -0.21 1.16 0.81	yaw: -0.09	msg/s 21.8
INFO: 11-10-2021 23:46:58 printStatus(169) -- Drogno_7: hovering	battery: 3.65	kalman var: 0.001 0.001 0.001	 batterySag: 0.681	link quality: 63	flight time: 40s	pos -0.21 1.24 0.84	yaw: -0.69	msg/s 16.4
INFO: 11-10-2021 23:46:59 printStatus(169) -- Drogno_7: hovering	battery: 3.64	kalman var: 0.001 0.001 0.001	 batterySag: 0.681	link quality: 61	flight time: 41s	pos -0.20 1.29 0.62	yaw: -2.13	msg/s 21.8
INFO: 11-10-2021 23:47:00 printStatus(169) -- Drogno_7: moving	battery: 3.63	kalman var: 0.001 0.001 0.001	 batterySag: 0.681	link quality: 67	flight time: 42s	pos -0.15 1.29 0.53	yaw: -0.28	msg/s 23.6
INFO: 11-10-2021 23:47:02 printStatus(169) -- Drogno_7: hovering	battery: 3.63	kalman var: 0.001 0.001 0.001	 batterySag: 0.681	link quality: 59	flight time: 44s	pos 0.19 1.21 0.73	yaw: 1.96	msg/s 23.6
INFO: 11-10-2021 23:47:03 printStatus(169) -- Drogno_7: hovering	battery: 3.62	kalman var: 0.0 0.0 0.0	 batterySag: 0.681	link quality: 57	flight time: 45s	pos 0.47 1.08 0.91	yaw: -0.58	msg/s 23.6
INFO: 11-10-2021 23:47:04 printStatus(169) -- Drogno_7: hovering	battery: 3.62	kalman var: 0.0 0.0 0.0	 batterySag: 0.681	link quality: 58	flight time: 47s	pos 0.95 0.27 1.19	yaw: -0.46	msg/s 23.6
INFO: 11-10-2021 23:47:06 printStatus(169) -- Drogno_7: hovering	battery: 3.63	kalman var: 0.001 0.001 0.001	 batterySag: 0.681	link quality: 58	flight time: 48s	pos 0.77 -0.31 1.27	yaw: 0.09	msg/s 20.0
INFO: 11-10-2021 23:47:07 printStatus(169) -- Drogno_7: hovering	battery: 3.63	kalman var: 0.001 0.001 0.001	 batterySag: 0.681	link quality: 79	flight time: 49s	pos 0.67 -0.77 1.25	yaw: 2.15	msg/s 23.6
INFO: 11-10-2021 23:47:08 printStatus(169) -- Drogno_7: moving	battery: 3.63	kalman var: 0.003 0.003 0.002	 batterySag: 0.681	link quality: 57	flight time: 50s	pos 0.30 -1.24 1.25	yaw: -0.41	msg/s 25.5
INFO: 11-10-2021 23:47:09 printStatus(169) -- Drogno_7: hovering	battery: 3.64	kalman var: 0.0 0.0 0.0	 batterySag: 0.681	link quality: 56	flight time: 51s	pos -0.22 -1.26 1.22	yaw: -1.22	msg/s 21.8
INFO: 11-10-2021 23:47:10 printStatus(169) -- Drogno_7: ready	battery: 3.62	kalman var: 0.0 0.0 0.0	 batterySag: 0.681	link quality: 68	flight time: 52s	pos -0.93 -0.51 0.59	yaw: -0.76	msg/s 20.0
INFO: 11-10-2021 23:47:12 printStatus(169) -- Drogno_7: hovering	battery: 3.6	kalman var: 0.0 0.0 0.0	 batterySag: 0.681	link quality: 69	flight time: 54s	pos -1.17 0.00 0.35	yaw: 0.36	msg/s 20.0
INFO: 11-10-2021 23:47:13 printStatus(169) -- Drogno_7: hovering	battery: 3.59	kalman var: 0.0 0.0 0.0	 batterySag: 0.681	link quality: 59	flight time: 55s	pos -0.97 0.60 0.57	yaw: 0.09	msg/s 21.8
INFO: 11-10-2021 23:47:14 printStatus(169) -- Drogno_7: hovering	battery: 3.63	kalman var: 0.0 0.0 0.001	 batterySag: 0.681	link quality: 56	flight time: 56s	pos -0.53 0.87 0.96	yaw: 0.70	msg/s 20.0
INFO: 11-10-2021 23:47:15 printStatus(169) -- Drogno_7: hovering	battery: 3.63	kalman var: 0.001 0.001 0.001	 batterySag: 0.681	link quality: 60	flight time: 57s	pos -0.11 1.05 1.35	yaw: -0.10	msg/s 21.8
INFO: 11-10-2021 23:47:16 printStatus(169) -- Drogno_7: hovering	battery: 3.62	kalman var: 0.001 0.001 0.001	 batterySag: 0.681	link quality: 58	flight time: 59s	pos 0.34 0.94 1.73	yaw: -0.18	msg/s 16.4
INFO: 11-10-2021 23:47:18 printStatus(169) -- Drogno_7: hovering	battery: 3.6	kalman var: 0.001 0.001 0.001	 batterySag: 0.681	link quality: 59	flight time: 60s	pos 0.80 -0.19 2.03	yaw: 0.96	msg/s 23.6
INFO: 11-10-2021 23:47:19 printStatus(169) -- Drogno_7: hovering	battery: 3.62	kalman var: 0.001 0.001 0.001	 batterySag: 0.681	link quality: 61	flight time: 61s	pos 0.47 -1.07 1.75	yaw: -1.73	msg/s 20.0
INFO: 11-10-2021 23:47:20 printStatus(169) -- Drogno_7: hovering	battery: 3.61	kalman var: 0.001 0.001 0.001	 batterySag: 0.681	link quality: 57	flight time: 62s	pos -0.14 -1.33 1.20	yaw: -0.10	msg/s 18.2
INFO: 11-10-2021 23:47:21 printStatus(169) -- Drogno_7: hovering	battery: 3.58	kalman var: 0.0 0.0 0.0	 batterySag: 0.681	link quality: 70	flight time: 63s	pos -0.74 -1.15 0.80	yaw: -0.82	msg/s 20.0
INFO: 11-10-2021 23:47:23 printStatus(169) -- Drogno_7: moving	battery: 3.6	kalman var: 0.0 0.0 0.0	 batterySag: 0.681	link quality: 61	flight time: 64s	pos -0.11 -0.41 1.03	yaw: -0.81	msg/s 20.0
INFO: 11-10-2021 23:47:24 printStatus(169) -- Drogno_7: moving	battery: 3.61	kalman var: 0.002 0.002 0.001	 batterySag: 0.681	link quality: 58	flight time: 66s	pos 0.29 -0.60 1.21	yaw: 3.24	msg/s 14.5
INFO: 11-10-2021 23:47:25 printStatus(169) -- Drogno_7: hovering	battery: 3.59	kalman var: 0.001 0.001 0.001	 batterySag: 0.681	link quality: 67	flight time: 67s	pos 0.30 -0.69 1.29	yaw: 4.71	msg/s 21.8
INFO: 11-10-2021 23:47:26 printStatus(169) -- Drogno_7: moving	battery: 3.59	kalman var: 0.0 0.0 0.001	 batterySag: 0.681	link quality: 70	flight time: 68s	pos 0.05 -0.81 1.32	yaw: 2.68	msg/s 23.6
INFO: 11-10-2021 23:47:27 printStatus(169) -- Drogno_7: moving	battery: 3.58	kalman var: 0.0 0.0 0.0	 batterySag: 0.681	link quality: 65	flight time: 69s	pos -0.67 -0.85 1.32	yaw: -1.63	msg/s 20.0
INFO: 11-10-2021 23:47:29 printStatus(169) -- Drogno_7: hovering	battery: 3.58	kalman var: 0.0 0.0 0.0	 batterySag: 0.681	link quality: 56	flight time: 71s	pos -1.12 -0.80 1.31	yaw: -0.82	msg/s 18.2
INFO: 11-10-2021 23:47:31 printStatus(169) -- Drogno_7: hovering	battery: 3.57	kalman var: 0.0 0.0 0.0	 batterySag: 0.681	link quality: 53	flight time: 72s	pos -1.56 -1.32 0.97	yaw: -0.73	msg/s 18.2
INFO: 11-10-2021 23:47:32 printStatus(169) -- Drogno_7: hovering	battery: 3.58	kalman var: 0.0 0.0 0.0	 batterySag: 0.681	link quality: 58	flight time: 74s	pos -0.76 -1.58 0.85	yaw: -0.60	msg/s 20.0
INFO: 11-10-2021 23:47:34 printStatus(169) -- Drogno_7: hovering	battery: 3.56	kalman var: 0.002 0.002 0.001	 batterySag: 0.681	link quality: 56	flight time: 75s	pos 1.05 -1.29 1.03	yaw: -0.56	msg/s 18.2
INFO: 11-10-2021 23:47:35 printStatus(169) -- Drogno_7: hovering	battery: 3.58	kalman var: 0.002 0.002 0.001	 batterySag: 0.681	link quality: 56	flight time: 77s	pos 0.94 -0.89 1.29	yaw: -1.23	msg/s 18.2
INFO: 11-10-2021 23:47:36 printStatus(169) -- Drogno_7: moving	battery: 3.59	kalman var: 0.0 0.0 0.0	 batterySag: 0.681	link quality: 56	flight time: 78s	pos 0.70 -0.91 1.28	yaw: 0.86	msg/s 21.8
INFO: 11-10-2021 23:47:38 printStatus(169) -- Drogno_7: ready	battery: 3.57	kalman var: 0.003 0.003 0.002	 batterySag: 0.681	link quality: 56	flight time: 79s	pos 0.69 -1.21 1.18	yaw: -0.51	msg/s 21.8
INFO: 11-10-2021 23:47:40 printStatus(169) -- Drogno_7: hovering	battery: 3.56	kalman var: 0.001 0.001 0.001	 batterySag: 0.681	link quality: 56	flight time: 82s	pos 0.69 -1.25 1.11	yaw: -0.41	msg/s 20.0
INFO: 11-10-2021 23:47:41 printStatus(169) -- Drogno_7: hovering	battery: 3.56	kalman var: 0.0 0.0 0.0	 batterySag: 0.681	link quality: 56	flight time: 83s	pos 0.83 -1.40 1.03	yaw: -0.67	msg/s 18.2
INFO: 11-10-2021 23:47:42 printStatus(169) -- Drogno_7: hovering	battery: 3.56	kalman var: 0.001 0.001 0.001	 batterySag: 0.681	link quality: 56	flight time: 84s	pos 1.02 -1.45 1.04	yaw: -0.14	msg/s 20.0
INFO: 11-10-2021 23:47:44 printStatus(169) -- Drogno_7: hovering	battery: 3.56	kalman var: 0.001 0.001 0.001	 batterySag: 0.681	link quality: 56	flight time: 85s	pos 1.02 -1.40 1.05	yaw: -0.04	msg/s 21.8
INFO: 11-10-2021 23:47:46 printStatus(169) -- Drogno_7: hovering	battery: 3.55	kalman var: 0.002 0.002 0.001	 batterySag: 0.681	link quality: 56	flight time: 87s	pos 0.98 -1.38 1.06	yaw: -3.07	msg/s 21.8
INFO: 11-10-2021 23:47:47 printStatus(169) -- Drogno_7: hovering	battery: 3.56	kalman var: 0.009 0.009 0.002	 batterySag: 0.681	link quality: 59	flight time: 89s	pos 0.97 -1.37 1.07	yaw: -2.71	msg/s 21.8
INFO: 11-10-2021 23:47:49 printStatus(169) -- Drogno_7: hovering	battery: 3.56	kalman var: 0.001 0.001 0.001	 batterySag: 0.681	link quality: 61	flight time: 90s	pos 0.93 -1.25 0.91	yaw: 1.37	msg/s 21.8
INFO: 11-10-2021 23:47:50 printStatus(169) -- Drogno_7: hovering	battery: 3.55	kalman var: 0.001 0.001 0.001	 batterySag: 0.681	link quality: 57	flight time: 92s	pos 0.92 -1.35 1.08	yaw: 2.75	msg/s 25.5
INFO: 11-10-2021 23:47:51 printStatus(169) -- Drogno_7: hovering	battery: 3.55	kalman var: 0.001 0.001 0.001	 batterySag: 0.681	link quality: 56	flight time: 93s	pos 0.89 -1.34 1.08	yaw: 1.32	msg/s 25.5
INFO: 11-10-2021 23:47:53 printStatus(169) -- Drogno_7: hovering	battery: 3.54	kalman var: 0.0 0.0 0.0	 batterySag: 0.681	link quality: 58	flight time: 95s	pos 0.89 -1.33 1.06	yaw: 1.50	msg/s 14.5
INFO: 11-10-2021 23:47:54 printStatus(169) -- Drogno_7: hovering	battery: 3.54	kalman var: 0.001 0.001 0.001	 batterySag: 0.681	link quality: 61	flight time: 96s	pos 0.88 -1.33 1.06	yaw: 1.27	msg/s 25.5
INFO: 11-10-2021 23:47:55 printStatus(169) -- Drogno_7: hovering	battery: 3.54	kalman var: 0.0 0.0 0.0	 batterySag: 0.681	link quality: 64	flight time: 97s	pos 0.87 -1.33 1.06	yaw: 0.16	msg/s 23.6
INFO: 11-10-2021 23:47:57 printStatus(169) -- Drogno_7: ready	battery: 3.54	kalman var: 0.001 0.001 0.001	 batterySag: 0.681	link quality: 63	flight time: 98s	pos 0.88 -1.33 1.06	yaw: -0.31	msg/s 0.0
INFO: 11-10-2021 23:47:59 printStatus(169) -- Drogno_7: ready	battery: 3.54	kalman var: 0.001 0.001 0.001	 batterySag: 0.681	link quality: 58	flight time: 100s	pos 0.90 -1.33 1.05	yaw: -0.47	msg/s 0.0
INFO: 11-10-2021 23:48:01 printStatus(169) -- Drogno_7: ready	battery: 3.56	kalman var: 0.001 0.001 0.001	 batterySag: 0.681	link quality: 59	flight time: 102s	pos 0.87 -1.33 0.93	yaw: -0.26	msg/s 0.0
WARNING: 11-10-2021 23:48:03 evaluateBattery(804) -- battery under 3.50v
WARNING: 11-10-2021 23:48:03 evaluateBattery(804) -- battery under 3.50v
INFO: 11-10-2021 23:48:03 printStatus(169) -- Drogno_7: landed	battery: 3.49	kalman var: 0.001 0.001 0.001	 batterySag: 0.681	link quality: 60	flight time: 102s	pos 0.88 -1.33 0.18	yaw: 9.18	msg/s 0.0
INFO: 11-10-2021 23:48:05 printStatus(169) -- Drogno_7: ready	battery: 3.83	kalman var: 0.01 0.01 0.002	 batterySag: 0.681	link quality: 62	flight time: 102s	pos 0.85 -1.20 0.07	yaw: -1.66	msg/s 0.0
WARNING: 11-10-2021 23:48:05 exit(859) -- closing Drogno_7
