INFO: 14-07-2022 18:02:54 __init__(129) -- This is dronelog running on Drogno_0
INFO: 14-07-2022 18:02:54 printStatus(165) -- Started
INFO: 14-07-2022 18:02:55 printStatus(168) -- Drogno_0: connecting	battery: n.p.	kalman var: 0 0 0	 batterySag: 0	link quality: 0	flight time: 0s	pos 0.00 0.00 0.00	yaw: 0.00	msg/s 0.0
INFO: 14-07-2022 18:02:56 printStatus(168) -- Drogno_0: connecting	battery: n.p.	kalman var: 0 0 0	 batterySag: 0	link quality: 0	flight time: 0s	pos 0.00 0.00 0.00	yaw: 0.00	msg/s 0.0
INFO: 14-07-2022 18:02:57 printStatus(168) -- Drogno_0: connecting	battery: n.p.	kalman var: 0 0 0	 batterySag: 0	link quality: 0	flight time: 0s	pos 0.00 0.00 0.00	yaw: 0.00	msg/s 0.0
INFO: 14-07-2022 18:02:58 printStatus(168) -- Drogno_0: connecting	battery: n.p.	kalman var: 0 0 0	 batterySag: 0	link quality: 0	flight time: 0s	pos 0.00 0.00 0.00	yaw: 0.00	msg/s 0.0
INFO: 14-07-2022 18:02:59 printStatus(168) -- Drogno_0: connecting	battery: n.p.	kalman var: 0 0 0	 batterySag: 0	link quality: 0	flight time: 0s	pos 0.00 0.00 0.00	yaw: 0.00	msg/s 0.0
INFO: 14-07-2022 18:03:01 printStatus(168) -- Drogno_0: connecting	battery: n.p.	kalman var: 0 0 0	 batterySag: 0	link quality: 0	flight time: 0s	pos 0.00 0.00 0.00	yaw: 0.00	msg/s 0.0
INFO: 14-07-2022 18:03:02 printStatus(168) -- Drogno_0: connecting	battery: n.p.	kalman var: 0 0 0	 batterySag: 0	link quality: 0	flight time: 0s	pos 0.00 0.00 0.00	yaw: 0.00	msg/s 0.0
INFO: 14-07-2022 18:03:03 printStatus(168) -- Drogno_0: connecting	battery: n.p.	kalman var: 0 0 0	 batterySag: 0	link quality: 0	flight time: 0s	pos 0.00 0.00 0.00	yaw: 0.00	msg/s 0.0
INFO: 14-07-2022 18:03:04 printStatus(168) -- Drogno_0: connecting	battery: n.p.	kalman var: 0 0 0	 batterySag: 0	link quality: 0	flight time: 0s	pos 0.00 0.00 0.00	yaw: 0.00	msg/s 0.0
INFO: 14-07-2022 18:03:05 printStatus(168) -- Drogno_0: connecting	battery: n.p.	kalman var: 0 0 0	 batterySag: 0	link quality: 0	flight time: 0s	pos 0.00 0.00 0.00	yaw: 0.00	msg/s 0.0
INFO: 14-07-2022 18:03:07 printStatus(168) -- Drogno_0: connecting	battery: n.p.	kalman var: 0 0 0	 batterySag: 0	link quality: 0	flight time: 0s	pos 0.00 0.00 0.00	yaw: 0.00	msg/s 0.0
INFO: 14-07-2022 18:03:08 printStatus(168) -- Drogno_0: connecting	battery: n.p.	kalman var: 0 0 0	 batterySag: 0	link quality: 0	flight time: 0s	pos 0.00 0.00 0.00	yaw: 0.00	msg/s 0.0
INFO: 14-07-2022 18:03:09 printStatus(168) -- Drogno_0: connecting	battery: n.p.	kalman var: 0 0 0	 batterySag: 0	link quality: 0	flight time: 0s	pos 0.00 0.00 0.00	yaw: 0.00	msg/s 0.0
INFO: 14-07-2022 18:03:10 printStatus(168) -- Drogno_0: connecting	battery: n.p.	kalman var: 0 0 0	 batterySag: 0	link quality: 0	flight time: 0s	pos 0.00 0.00 0.00	yaw: 0.00	msg/s 0.0
INFO: 14-07-2022 18:03:11 printStatus(168) -- Drogno_0: connecting	battery: n.p.	kalman var: 0 0 0	 batterySag: 0	link quality: 0	flight time: 0s	pos 0.00 0.00 0.00	yaw: 0.00	msg/s 0.0
INFO: 14-07-2022 18:03:12 printStatus(168) -- Drogno_0: connecting	battery: n.p.	kalman var: 0 0 0	 batterySag: 0	link quality: 0	flight time: 0s	pos 0.00 0.00 0.00	yaw: 0.00	msg/s 0.0
INFO: 14-07-2022 18:03:14 printStatus(168) -- Drogno_0: connecting	battery: n.p.	kalman var: 0 0 0	 batterySag: 0	link quality: 0	flight time: 0s	pos 0.00 0.00 0.00	yaw: 0.00	msg/s 0.0
INFO: 14-07-2022 18:03:15 printStatus(168) -- Drogno_0: connecting	battery: n.p.	kalman var: 0 0 0	 batterySag: 0	link quality: 0	flight time: 0s	pos 0.00 0.00 0.00	yaw: 0.00	msg/s 0.0
INFO: 14-07-2022 18:03:16 printStatus(168) -- Drogno_0: connecting	battery: n.p.	kalman var: 0 0 0	 batterySag: 0	link quality: 0	flight time: 0s	pos 0.00 0.00 0.00	yaw: 0.00	msg/s 0.0
INFO: 14-07-2022 18:03:17 printStatus(168) -- Drogno_0: connecting	battery: n.p.	kalman var: 0 0 0	 batterySag: 0	link quality: 0	flight time: 0s	pos 0.00 0.00 0.00	yaw: 0.00	msg/s 0.0
INFO: 14-07-2022 18:03:18 printStatus(168) -- Drogno_0: connecting	battery: n.p.	kalman var: 0 0 0	 batterySag: 0	link quality: 0	flight time: 0s	pos 0.00 0.00 0.00	yaw: 0.00	msg/s 0.0
INFO: 14-07-2022 18:03:19 printStatus(168) -- Drogno_0: connecting	battery: 3.736328125	kalman var: 0.0 0.0 0.0	 batterySag: 0	link quality: 35	flight time: 0s	pos -0.02 -0.01 -0.00	yaw: 1.00	msg/s 0.0
INFO: 14-07-2022 18:03:20 printStatus(168) -- Drogno_0: connecting	battery: 3.7421875	kalman var: 0.0 0.0 0.0	 batterySag: 0	link quality: 35	flight time: 0s	pos -0.02 -0.01 -0.00	yaw: 0.88	msg/s 0.0
INFO: 14-07-2022 18:03:22 printStatus(168) -- Drogno_0: connecting	battery: 3.7421875	kalman var: 0.0 0.0 0.0	 batterySag: 0	link quality: 35	flight time: 0s	pos -0.02 -0.01 -0.00	yaw: 0.83	msg/s 0.0
INFO: 14-07-2022 18:03:23 printStatus(168) -- Drogno_0: connecting	battery: 3.7421875	kalman var: 0.0 0.0 0.0	 batterySag: 0	link quality: 35	flight time: 0s	pos -0.01 0.01 -0.02	yaw: -28.75	msg/s 0.0
INFO: 14-07-2022 18:03:24 printStatus(168) -- Drogno_0: connecting	battery: 3.7421875	kalman var: 0.0 0.0 0.0	 batterySag: 0	link quality: 35	flight time: 0s	pos -0.02 -0.01 -0.00	yaw: -1.57	msg/s 0.0
INFO: 14-07-2022 18:03:25 printStatus(168) -- Drogno_0: connecting	battery: 3.7421875	kalman var: 0.0 0.0 0.0	 batterySag: 0	link quality: 35	flight time: 0s	pos -0.02 -0.01 -0.00	yaw: 0.61	msg/s 0.0
INFO: 14-07-2022 18:03:26 printStatus(168) -- Drogno_0: connecting	battery: 3.7421875	kalman var: 0.0 0.0 0.0	 batterySag: 0	link quality: 35	flight time: 0s	pos -0.02 -0.01 -0.00	yaw: 0.78	msg/s 0.0
INFO: 14-07-2022 18:03:27 printStatus(168) -- Drogno_0: connecting	battery: 3.7421875	kalman var: 0.0 0.0 0.0	 batterySag: 0	link quality: 35	flight time: 0s	pos -0.02 -0.01 -0.00	yaw: 0.81	msg/s 0.0
INFO: 14-07-2022 18:03:28 printStatus(168) -- Drogno_0: connecting	battery: 3.7421875	kalman var: 0.0 0.0 0.0	 batterySag: 0	link quality: 38	flight time: 0s	pos -0.03 0.00 0.15	yaw: 4.95	msg/s 0.0
INFO: 14-07-2022 18:03:30 printStatus(168) -- Drogno_0: connecting	battery: 3.7421875	kalman var: 0.001 0.0 0.001	 batterySag: 0	link quality: 35	flight time: 0s	pos -0.02 -0.02 0.23	yaw: 4.00	msg/s 0.0
INFO: 14-07-2022 18:03:31 printStatus(168) -- Drogno_0: connecting	battery: 3.7421875	kalman var: 0.0 0.0 0.0	 batterySag: 0	link quality: 35	flight time: 0s	pos -0.04 0.00 0.23	yaw: 1.54	msg/s 0.0
INFO: 14-07-2022 18:03:32 printStatus(168) -- Drogno_0: connecting	battery: 3.7421875	kalman var: 0.0 0.0 0.0	 batterySag: 0	link quality: 35	flight time: 0s	pos -0.05 0.15 0.20	yaw: 3.75	msg/s 0.0
INFO: 14-07-2022 18:03:33 printStatus(168) -- Drogno_0: connecting	battery: 3.7421875	kalman var: 0.002 0.002 0.001	 batterySag: 0	link quality: 35	flight time: 0s	pos -0.04 0.22 0.19	yaw: 3.52	msg/s 0.0
INFO: 14-07-2022 18:03:34 printStatus(168) -- Drogno_0: connecting	battery: 3.7421875	kalman var: 0.0 0.0 0.0	 batterySag: 0	link quality: 35	flight time: 0s	pos 0.06 0.00 0.19	yaw: 1.34	msg/s 0.0
INFO: 14-07-2022 18:03:35 printStatus(168) -- Drogno_0: connecting	battery: 3.7421875	kalman var: 0.001 0.001 0.001	 batterySag: 0	link quality: 36	flight time: 0s	pos 0.10 0.03 0.18	yaw: 4.57	msg/s 0.0
INFO: 14-07-2022 18:03:36 printStatus(168) -- Drogno_0: connecting	battery: 3.736328125	kalman var: 0.0 0.0 0.0	 batterySag: 0	link quality: 37	flight time: 0s	pos 0.10 0.02 0.18	yaw: 3.76	msg/s 0.0
INFO: 14-07-2022 18:03:38 printStatus(168) -- Drogno_0: connecting	battery: 3.7421875	kalman var: 0.0 0.0 0.0	 batterySag: 0	link quality: 48	flight time: 0s	pos -0.03 0.02 0.22	yaw: -38.41	msg/s 0.0
INFO: 14-07-2022 18:03:39 printStatus(168) -- Drogno_0: connecting	battery: 3.7421875	kalman var: 0.003 0.004 0.002	 batterySag: 0	link quality: 35	flight time: 0s	pos 0.00 -0.01 0.01	yaw: -79.38	msg/s 0.0
INFO: 14-07-2022 18:03:40 printStatus(168) -- Drogno_0: connecting	battery: 3.7421875	kalman var: 0.0 0.0 0.0	 batterySag: 0	link quality: 36	flight time: 0s	pos -0.04 0.01 -0.00	yaw: -84.88	msg/s 0.0
INFO: 14-07-2022 18:03:41 printStatus(168) -- Drogno_0: connecting	battery: 3.7421875	kalman var: 0.0 0.0 0.0	 batterySag: 0	link quality: 35	flight time: 0s	pos -0.04 0.01 -0.00	yaw: -85.50	msg/s 0.0
INFO: 14-07-2022 18:03:42 printStatus(168) -- Drogno_0: connecting	battery: 3.7421875	kalman var: 0.0 0.0 0.0	 batterySag: 0	link quality: 35	flight time: 0s	pos -0.04 0.01 -0.00	yaw: -84.56	msg/s 0.0
INFO: 14-07-2022 18:03:43 printStatus(168) -- Drogno_0: connecting	battery: 3.7421875	kalman var: 0.0 0.0 0.0	 batterySag: 0	link quality: 35	flight time: 0s	pos -0.04 0.01 -0.00	yaw: -85.38	msg/s 0.0
INFO: 14-07-2022 18:03:44 printStatus(168) -- Drogno_0: connecting	battery: 3.7421875	kalman var: 0.0 0.0 0.0	 batterySag: 0	link quality: 35	flight time: 0s	pos -0.03 0.01 -0.00	yaw: -84.75	msg/s 0.0
INFO: 14-07-2022 18:03:46 printStatus(168) -- Drogno_0: connecting	battery: 3.7421875	kalman var: 0.0 0.0 0.0	 batterySag: 0	link quality: 36	flight time: 0s	pos -0.04 0.01 -0.00	yaw: -85.31	msg/s 0.0
INFO: 14-07-2022 18:03:47 printStatus(168) -- Drogno_0: connecting	battery: 3.7421875	kalman var: 0.0 0.0 0.0	 batterySag: 0	link quality: 35	flight time: 0s	pos -0.04 0.01 -0.00	yaw: -81.88	msg/s 0.0
INFO: 14-07-2022 18:03:48 printStatus(168) -- Drogno_0: connecting	battery: 3.736328125	kalman var: 0.0 0.0 0.0	 batterySag: 0	link quality: 36	flight time: 0s	pos -0.04 0.01 -0.00	yaw: -84.75	msg/s 0.0
INFO: 14-07-2022 18:03:49 printStatus(168) -- Drogno_0: connecting	battery: 3.7421875	kalman var: 0.0 0.0 0.0	 batterySag: 0	link quality: 37	flight time: 0s	pos -0.04 0.00 -0.01	yaw: -81.00	msg/s 0.0
INFO: 14-07-2022 18:03:50 printStatus(168) -- Drogno_0: connecting	battery: 3.7421875	kalman var: 0.0 0.0 0.0	 batterySag: 0	link quality: 36	flight time: 0s	pos -0.04 0.01 -0.00	yaw: -85.31	msg/s 0.0
INFO: 14-07-2022 18:03:51 printStatus(168) -- Drogno_0: connecting	battery: 3.736328125	kalman var: 0.002 0.002 0.001	 batterySag: 0	link quality: 35	flight time: 0s	pos -0.20 0.00 0.01	yaw: -78.56	msg/s 0.0
INFO: 14-07-2022 18:03:52 printStatus(168) -- Drogno_0: connecting	battery: 3.7421875	kalman var: 0.0 0.0 0.0	 batterySag: 0	link quality: 37	flight time: 0s	pos -0.24 0.03 -0.00	yaw: -81.31	msg/s 0.0
INFO: 14-07-2022 18:03:54 printStatus(168) -- Drogno_0: connecting	battery: 3.736328125	kalman var: 0.0 0.0 0.0	 batterySag: 0	link quality: 36	flight time: 0s	pos -0.24 0.02 -0.01	yaw: -84.75	msg/s 0.0
INFO: 14-07-2022 18:03:55 printStatus(168) -- Drogno_0: connecting	battery: 3.7421875	kalman var: 0.0 0.0 0.0	 batterySag: 0	link quality: 35	flight time: 0s	pos -0.24 0.02 -0.01	yaw: -84.12	msg/s 0.0
INFO: 14-07-2022 18:03:56 printStatus(168) -- Drogno_0: connecting	battery: 3.736328125	kalman var: 0.0 0.0 0.0	 batterySag: 0	link quality: 36	flight time: 0s	pos -0.24 0.02 -0.01	yaw: -84.12	msg/s 0.0
INFO: 14-07-2022 18:03:57 printStatus(168) -- Drogno_0: connecting	battery: 3.7421875	kalman var: 0.0 0.0 0.0	 batterySag: 0	link quality: 36	flight time: 0s	pos -0.24 0.02 -0.01	yaw: -83.56	msg/s 0.0
