INFO: 2021-10-09 15:22:17 __init__(134) -- This is dronelog running on Drogno_8
INFO: 2021-10-09 15:22:18 printStatus(172) -- Started
INFO: 2021-10-09 15:22:20 printStatus(175) -- Drogno_8: connecting		battery n.p.	pos 0.00 0.00 0.00	yaw: 0.00	msg/s 0.0	link quality: 0	kalman var: 0 0 0	flight time: 0s	 batterySag: 0
INFO: 2021-10-09 15:22:21 printStatus(175) -- Drogno_8: connecting		battery n.p.	pos 0.00 0.00 0.00	yaw: 0.00	msg/s 0.0	link quality: 0	kalman var: 0 0 0	flight time: 0s	 batterySag: 0
INFO: 2021-10-09 15:22:23 printStatus(175) -- Drogno_8: connecting		battery n.p.	pos 0.00 0.00 0.00	yaw: 0.00	msg/s 0.0	link quality: 0	kalman var: 0 0 0	flight time: 0s	 batterySag: 0
INFO: 2021-10-09 15:22:24 printStatus(175) -- Drogno_8: connecting		battery n.p.	pos 0.00 0.00 0.00	yaw: 0.00	msg/s 0.0	link quality: 0	kalman var: 0 0 0	flight time: 0s	 batterySag: 0
INFO: 2021-10-09 15:22:26 printStatus(175) -- Drogno_8: connecting		battery n.p.	pos 0.00 0.00 0.00	yaw: 0.00	msg/s 0.0	link quality: 0	kalman var: 0 0 0	flight time: 0s	 batterySag: 0
INFO: 2021-10-09 15:22:28 printStatus(175) -- Drogno_8: connecting		battery n.p.	pos 0.00 0.00 0.00	yaw: 0.00	msg/s 0.0	link quality: 0	kalman var: 0 0 0	flight time: 0s	 batterySag: 0
INFO: 2021-10-09 15:22:29 printStatus(175) -- Drogno_8: landed		battery n.p.	pos 0.00 0.00 0.00	yaw: 0.00	msg/s 0.0	link quality: 0	kalman var: 0 0 0	flight time: 0s	 batterySag: 0
INFO: 2021-10-09 15:22:31 printStatus(175) -- Drogno_8: landed		battery n.p.	pos 0.00 0.00 0.00	yaw: 0.00	msg/s 0.0	link quality: 0	kalman var: 0 0 0	flight time: 0s	 batterySag: 0
INFO: 2021-10-09 15:22:33 printStatus(175) -- Drogno_8: ready		battery 4.14	pos 0.00 0.00 -0.00	yaw: 0.11	msg/s 0.0	link quality: 38	kalman var: 0.001 0.001 0.001	flight time: 0s	 batterySag: 0.73876953125
INFO: 2021-10-09 15:22:34 printStatus(175) -- Drogno_8: ready		battery 4.14	pos 0.00 0.00 -0.00	yaw: 0.06	msg/s 0.0	link quality: 38	kalman var: 0.0 0.0 0.0	flight time: 0s	 batterySag: 0.73876953125
INFO: 2021-10-09 15:22:36 printStatus(175) -- Drogno_8: ready		battery 4.14	pos 0.00 0.00 -0.00	yaw: 0.08	msg/s 0.0	link quality: 38	kalman var: 0.0 0.0 0.0	flight time: 0s	 batterySag: 0.73876953125
INFO: 2021-10-09 15:22:37 printStatus(175) -- Drogno_8: ready		battery 4.14	pos 0.00 0.00 -0.00	yaw: 0.09	msg/s 0.0	link quality: 38	kalman var: 0.0 0.0 0.0	flight time: 0s	 batterySag: 0.73876953125
INFO: 2021-10-09 15:22:39 printStatus(175) -- Drogno_8: ready		battery 3.66	pos 0.01 -0.01 0.50	yaw: 8.92	msg/s 0.0	link quality: 36	kalman var: 0.0 0.0 0.0	flight time: 0s	 batterySag: 0.73876953125
INFO: 2021-10-09 15:22:40 printStatus(175) -- Drogno_8: ready		battery 3.61	pos 0.01 -0.00 0.83	yaw: 3.84	msg/s 0.0	link quality: 35	kalman var: 0.0 0.0 0.0	flight time: 2s	 batterySag: 0.73876953125
INFO: 2021-10-09 15:22:42 printStatus(175) -- Drogno_8: ready		battery 3.58	pos 0.00 0.02 0.86	yaw: 7.81	msg/s 0.0	link quality: 35	kalman var: 0.0 0.0 0.0	flight time: 3s	 batterySag: 0.73876953125
INFO: 2021-10-09 15:22:44 printStatus(175) -- Drogno_8: ready		battery 3.54	pos 0.01 -0.01 0.82	yaw: 11.41	msg/s 0.0	link quality: 35	kalman var: 0.0 0.0 0.0	flight time: 5s	 batterySag: 0.73876953125
INFO: 2021-10-09 15:22:45 printStatus(175) -- Drogno_8: ready		battery 3.56	pos -0.01 -0.03 0.89	yaw: -0.67	msg/s 0.0	link quality: 35	kalman var: 0.0 0.0 0.0	flight time: 7s	 batterySag: 0.73876953125
INFO: 2021-10-09 15:22:47 printStatus(175) -- Drogno_8: ready		battery 3.54	pos -0.01 0.01 0.87	yaw: -2.27	msg/s 0.0	link quality: 36	kalman var: 0.0 0.0 0.0	flight time: 8s	 batterySag: 0.73876953125
INFO: 2021-10-09 15:22:48 printStatus(175) -- Drogno_8: ready		battery 3.54	pos -0.00 0.00 0.83	yaw: -1.02	msg/s 0.0	link quality: 36	kalman var: 0.001 0.001 0.001	flight time: 10s	 batterySag: 0.73876953125
INFO: 2021-10-09 15:22:50 printStatus(175) -- Drogno_8: ready		battery 3.53	pos 0.01 -0.00 0.81	yaw: -0.35	msg/s 0.0	link quality: 36	kalman var: 0.0 0.0 0.0	flight time: 11s	 batterySag: 0.73876953125
INFO: 2021-10-09 15:22:52 printStatus(175) -- Drogno_8: ready		battery 3.53	pos 0.00 -0.00 0.80	yaw: 0.11	msg/s 0.0	link quality: 36	kalman var: 0.0 0.0 0.0	flight time: 13s	 batterySag: 0.73876953125
INFO: 2021-10-09 15:22:53 printStatus(175) -- Drogno_8: ready		battery 3.54	pos -0.01 0.01 0.81	yaw: -2.27	msg/s 0.0	link quality: 36	kalman var: 0.0 0.0 0.0	flight time: 14s	 batterySag: 0.73876953125
INFO: 2021-10-09 15:22:55 printStatus(175) -- Drogno_8: ready		battery 3.54	pos 0.01 -0.00 0.79	yaw: -0.82	msg/s 0.0	link quality: 36	kalman var: 0.0 0.0 0.0	flight time: 16s	 batterySag: 0.73876953125
INFO: 2021-10-09 15:22:57 printStatus(175) -- Drogno_8: ready		battery 3.53	pos 0.05 0.04 0.82	yaw: -0.99	msg/s 0.0	link quality: 35	kalman var: 0.0 0.0 0.0	flight time: 18s	 batterySag: 0.73876953125
INFO: 2021-10-09 15:22:58 printStatus(175) -- Drogno_8: ready		battery 3.52	pos -0.01 -0.01 0.80	yaw: -0.16	msg/s 0.0	link quality: 35	kalman var: 0.0 0.0 0.0	flight time: 20s	 batterySag: 0.73876953125
INFO: 2021-10-09 15:23:00 printStatus(175) -- Drogno_8: ready		battery 3.52	pos 0.00 -0.01 0.80	yaw: -2.79	msg/s 0.0	link quality: 35	kalman var: 0.0 0.0 0.0	flight time: 21s	 batterySag: 0.73876953125
INFO: 2021-10-09 15:23:01 printStatus(175) -- Drogno_8: ready		battery 3.51	pos 0.01 -0.01 0.81	yaw: -3.82	msg/s 0.0	link quality: 37	kalman var: 0.001 0.001 0.001	flight time: 23s	 batterySag: 0.73876953125
INFO: 2021-10-09 15:23:03 printStatus(175) -- Drogno_8: ready		battery 3.51	pos -0.00 -0.00 0.80	yaw: 1.61	msg/s 0.0	link quality: 35	kalman var: 0.0 0.0 0.0	flight time: 24s	 batterySag: 0.73876953125
INFO: 2021-10-09 15:23:05 printStatus(175) -- Drogno_8: ready		battery 3.49	pos 0.00 -0.01 0.80	yaw: 3.40	msg/s 0.0	link quality: 35	kalman var: 0.0 0.0 0.0	flight time: 26s	 batterySag: 0.73876953125
INFO: 2021-10-09 15:23:06 printStatus(175) -- Drogno_8: ready		battery 3.48	pos 0.01 -0.00 0.80	yaw: 3.73	msg/s 0.0	link quality: 36	kalman var: 0.0 0.0 0.0	flight time: 27s	 batterySag: 0.73876953125
INFO: 2021-10-09 15:23:08 printStatus(175) -- Drogno_8: ready		battery 3.48	pos -0.00 0.00 0.78	yaw: 8.91	msg/s 0.0	link quality: 36	kalman var: 0.0 0.0 0.001	flight time: 29s	 batterySag: 0.73876953125
INFO: 2021-10-09 15:23:09 printStatus(175) -- Drogno_8: stand by		battery 3.95	pos -1.10 -0.47 -0.60	yaw: 170.88	msg/s 0.0	link quality: 40	kalman var: 0.002 0.001 0.001	flight time: 30s	 batterySag: 0.73876953125
INFO: 2021-10-09 15:23:11 printStatus(175) -- Drogno_8: stand by		battery 3.95	pos -1.10 -0.47 -0.60	yaw: 170.88	msg/s 0.0	link quality: 40	kalman var: 0.002 0.001 0.001	flight time: 30s	 batterySag: 0.73876953125
INFO: 2021-10-09 15:23:12 printStatus(175) -- Drogno_8: stand by		battery 3.95	pos -1.10 -0.47 -0.60	yaw: 170.88	msg/s 0.0	link quality: 40	kalman var: 0.002 0.001 0.001	flight time: 30s	 batterySag: 0.73876953125
INFO: 2021-10-09 15:23:14 printStatus(175) -- Drogno_8: stand by		battery 3.95	pos -1.10 -0.47 -0.60	yaw: 170.88	msg/s 0.0	link quality: 40	kalman var: 0.002 0.001 0.001	flight time: 30s	 batterySag: 0.73876953125
INFO: 2021-10-09 15:23:16 printStatus(175) -- Drogno_8: stand by		battery 3.95	pos -1.10 -0.47 -0.60	yaw: 170.88	msg/s 0.0	link quality: 40	kalman var: 0.002 0.001 0.001	flight time: 30s	 batterySag: 0.73876953125
INFO: 2021-10-09 15:23:17 printStatus(175) -- Drogno_8: stand by		battery 3.95	pos -1.10 -0.47 -0.60	yaw: 170.88	msg/s 0.0	link quality: 40	kalman var: 0.002 0.001 0.001	flight time: 30s	 batterySag: 0.73876953125
INFO: 2021-10-09 15:23:19 printStatus(175) -- Drogno_8: stand by		battery 3.95	pos -1.10 -0.47 -0.60	yaw: 170.88	msg/s 0.0	link quality: 40	kalman var: 0.002 0.001 0.001	flight time: 30s	 batterySag: 0.73876953125
INFO: 2021-10-09 15:23:20 printStatus(175) -- Drogno_8: stand by		battery 3.95	pos -1.10 -0.47 -0.60	yaw: 170.88	msg/s 0.0	link quality: 40	kalman var: 0.002 0.001 0.001	flight time: 30s	 batterySag: 0.73876953125
INFO: 2021-10-09 15:23:22 printStatus(175) -- Drogno_8: stand by		battery 3.95	pos -1.10 -0.47 -0.60	yaw: 170.88	msg/s 0.0	link quality: 40	kalman var: 0.002 0.001 0.001	flight time: 30s	 batterySag: 0.73876953125
INFO: 2021-10-09 15:23:24 printStatus(175) -- Drogno_8: stand by		battery 3.95	pos -1.10 -0.47 -0.60	yaw: 170.88	msg/s 0.0	link quality: 40	kalman var: 0.002 0.001 0.001	flight time: 30s	 batterySag: 0.73876953125
INFO: 2021-10-09 15:23:25 printStatus(175) -- Drogno_8: stand by		battery 3.95	pos -1.10 -0.47 -0.60	yaw: 170.88	msg/s 0.0	link quality: 40	kalman var: 0.002 0.001 0.001	flight time: 30s	 batterySag: 0.73876953125
INFO: 2021-10-09 15:23:27 printStatus(175) -- Drogno_8: stand by		battery 3.95	pos -1.10 -0.47 -0.60	yaw: 170.88	msg/s 0.0	link quality: 40	kalman var: 0.002 0.001 0.001	flight time: 30s	 batterySag: 0.73876953125
INFO: 2021-10-09 15:23:28 printStatus(175) -- Drogno_8: stand by		battery 3.95	pos -1.10 -0.47 -0.60	yaw: 170.88	msg/s 0.0	link quality: 40	kalman var: 0.002 0.001 0.001	flight time: 30s	 batterySag: 0.73876953125
INFO: 2021-10-09 15:23:30 printStatus(175) -- Drogno_8: stand by		battery 3.95	pos -1.10 -0.47 -0.60	yaw: 170.88	msg/s 0.0	link quality: 40	kalman var: 0.002 0.001 0.001	flight time: 30s	 batterySag: 0.73876953125
INFO: 2021-10-09 15:23:32 printStatus(175) -- Drogno_8: stand by		battery 3.95	pos -1.10 -0.47 -0.60	yaw: 170.88	msg/s 0.0	link quality: 40	kalman var: 0.002 0.001 0.001	flight time: 30s	 batterySag: 0.73876953125
INFO: 2021-10-09 15:23:33 printStatus(175) -- Drogno_8: stand by		battery 3.95	pos -1.10 -0.47 -0.60	yaw: 170.88	msg/s 0.0	link quality: 40	kalman var: 0.002 0.001 0.001	flight time: 30s	 batterySag: 0.73876953125
INFO: 2021-10-09 15:23:35 printStatus(175) -- Drogno_8: stand by		battery 3.95	pos -1.10 -0.47 -0.60	yaw: 170.88	msg/s 0.0	link quality: 40	kalman var: 0.002 0.001 0.001	flight time: 30s	 batterySag: 0.73876953125
INFO: 2021-10-09 15:23:36 printStatus(175) -- Drogno_8: stand by		battery 3.95	pos -1.10 -0.47 -0.60	yaw: 170.88	msg/s 0.0	link quality: 40	kalman var: 0.002 0.001 0.001	flight time: 30s	 batterySag: 0.73876953125
INFO: 2021-10-09 15:23:38 printStatus(175) -- Drogno_8: stand by		battery 3.95	pos -1.10 -0.47 -0.60	yaw: 170.88	msg/s 0.0	link quality: 40	kalman var: 0.002 0.001 0.001	flight time: 30s	 batterySag: 0.73876953125
INFO: 2021-10-09 15:23:39 printStatus(175) -- Drogno_8: stand by		battery 3.95	pos -1.10 -0.47 -0.60	yaw: 170.88	msg/s 0.0	link quality: 40	kalman var: 0.002 0.001 0.001	flight time: 30s	 batterySag: 0.73876953125
INFO: 2021-10-09 15:23:41 printStatus(175) -- Drogno_8: stand by		battery 3.95	pos -1.10 -0.47 -0.60	yaw: 170.88	msg/s 0.0	link quality: 40	kalman var: 0.002 0.001 0.001	flight time: 30s	 batterySag: 0.73876953125
INFO: 2021-10-09 15:23:42 printStatus(175) -- Drogno_8: stand by		battery 3.95	pos -1.10 -0.47 -0.60	yaw: 170.88	msg/s 0.0	link quality: 40	kalman var: 0.002 0.001 0.001	flight time: 30s	 batterySag: 0.73876953125
INFO: 2021-10-09 15:23:44 printStatus(175) -- Drogno_8: stand by		battery 3.95	pos -1.10 -0.47 -0.60	yaw: 170.88	msg/s 0.0	link quality: 40	kalman var: 0.002 0.001 0.001	flight time: 30s	 batterySag: 0.73876953125
INFO: 2021-10-09 15:23:46 printStatus(175) -- Drogno_8: waking up		battery 3.95	pos -1.10 -0.47 -0.60	yaw: 170.88	msg/s 0.0	link quality: 40	kalman var: 0.002 0.001 0.001	flight time: 30s	 batterySag: 0.73876953125
INFO: 2021-10-09 15:23:47 printStatus(175) -- Drogno_8: waking up		battery 3.95	pos -1.10 -0.47 -0.60	yaw: 170.88	msg/s 0.0	link quality: 40	kalman var: 0.002 0.001 0.001	flight time: 30s	 batterySag: 0.73876953125
INFO: 2021-10-09 15:23:49 printStatus(175) -- Drogno_8: waking up		battery 3.95	pos -1.10 -0.47 -0.60	yaw: 170.88	msg/s 0.0	link quality: 40	kalman var: 0.002 0.001 0.001	flight time: 30s	 batterySag: 0.73876953125
INFO: 2021-10-09 15:23:50 printStatus(175) -- Drogno_8: connecting		battery 3.95	pos -1.10 -0.47 -0.60	yaw: 170.88	msg/s 0.0	link quality: 40	kalman var: 0.002 0.001 0.001	flight time: 30s	 batterySag: 0.73876953125
INFO: 2021-10-09 15:23:52 printStatus(175) -- Drogno_8: connecting		battery 3.95	pos -1.10 -0.47 -0.60	yaw: 170.88	msg/s 0.0	link quality: 40	kalman var: 0.002 0.001 0.001	flight time: 30s	 batterySag: 0.73876953125
INFO: 2021-10-09 15:23:53 printStatus(175) -- Drogno_8: connecting		battery 3.95	pos -1.10 -0.47 -0.60	yaw: 170.88	msg/s 0.0	link quality: 40	kalman var: 0.002 0.001 0.001	flight time: 30s	 batterySag: 0.73876953125
INFO: 2021-10-09 15:23:55 printStatus(175) -- Drogno_8: connecting		battery 3.95	pos -1.10 -0.47 -0.60	yaw: 170.88	msg/s 0.0	link quality: 40	kalman var: 0.002 0.001 0.001	flight time: 30s	 batterySag: 0.73876953125
INFO: 2021-10-09 15:23:57 printStatus(175) -- Drogno_8: connecting		battery 3.95	pos -1.10 -0.47 -0.60	yaw: 170.88	msg/s 0.0	link quality: 40	kalman var: 0.002 0.001 0.001	flight time: 30s	 batterySag: 0.73876953125
INFO: 2021-10-09 15:23:58 printStatus(175) -- Drogno_8: landed		battery 3.95	pos -1.10 -0.47 -0.60	yaw: 170.88	msg/s 0.0	link quality: 40	kalman var: 0.002 0.001 0.001	flight time: 30s	 batterySag: 0.73876953125
INFO: 2021-10-09 15:24:00 printStatus(175) -- Drogno_8: landed		battery 3.95	pos 0.00 0.00 0.00	yaw: 170.88	msg/s 0.0	link quality: 40	kalman var: 0.002 0.001 0.001	flight time: 30s	 batterySag: 0.73876953125
INFO: 2021-10-09 15:24:01 printStatus(175) -- Drogno_8: ready		battery 4.07	pos 1.27 0.43 0.03	yaw: -134.75	msg/s 0.0	link quality: 46	kalman var: 0.0 0.0 0.0	flight time: 30s	 batterySag: 0.67041015625
INFO: 2021-10-09 15:24:03 printStatus(175) -- Drogno_8: ready		battery 4.07	pos 1.27 0.43 0.03	yaw: -133.12	msg/s 0.0	link quality: 46	kalman var: 0.0 0.0 0.0	flight time: 30s	 batterySag: 0.67041015625
INFO: 2021-10-09 15:24:05 printStatus(175) -- Drogno_8: ready		battery 4.07	pos 1.27 0.43 0.03	yaw: -131.50	msg/s 0.0	link quality: 46	kalman var: 0.0 0.0 0.0	flight time: 30s	 batterySag: 0.67041015625
INFO: 2021-10-09 15:24:07 printStatus(175) -- Drogno_8: ready		battery 3.77	pos 1.27 0.42 0.03	yaw: -134.62	msg/s 0.0	link quality: 46	kalman var: 0.0 0.0 0.0	flight time: 30s	 batterySag: 0.67041015625
INFO: 2021-10-09 15:24:08 printStatus(175) -- Drogno_8: ready		battery 3.65	pos 1.28 0.44 0.09	yaw: -72.31	msg/s 0.0	link quality: 39	kalman var: 0.001 0.001 0.001	flight time: 0s	 batterySag: 0.67041015625
INFO: 2021-10-09 15:24:10 printStatus(175) -- Drogno_8: ready		battery 3.66	pos 1.28 0.43 0.86	yaw: 5.73	msg/s 0.0	link quality: 41	kalman var: 0.001 0.001 0.001	flight time: 2s	 batterySag: 0.67041015625
INFO: 2021-10-09 15:24:12 printStatus(175) -- Drogno_8: ready		battery 3.64	pos 1.28 0.43 0.88	yaw: 3.22	msg/s 0.0	link quality: 43	kalman var: 0.001 0.001 0.001	flight time: 4s	 batterySag: 0.67041015625
INFO: 2021-10-09 15:24:13 printStatus(175) -- Drogno_8: ready		battery 3.63	pos 1.28 0.42 0.87	yaw: 0.71	msg/s 0.0	link quality: 42	kalman var: 0.003 0.003 0.001	flight time: 5s	 batterySag: 0.67041015625
INFO: 2021-10-09 15:24:15 printStatus(175) -- Drogno_8: ready		battery 3.62	pos 1.30 0.42 0.85	yaw: -2.39	msg/s 0.0	link quality: 41	kalman var: 0.001 0.001 0.001	flight time: 7s	 batterySag: 0.67041015625
INFO: 2021-10-09 15:24:17 printStatus(175) -- Drogno_8: ready		battery 3.59	pos 1.24 0.43 0.85	yaw: -5.36	msg/s 0.0	link quality: 44	kalman var: 0.001 0.001 0.001	flight time: 9s	 batterySag: 0.67041015625
INFO: 2021-10-09 15:24:19 printStatus(175) -- Drogno_8: ready		battery 3.58	pos 1.26 0.44 0.82	yaw: -2.00	msg/s 0.0	link quality: 42	kalman var: 0.001 0.001 0.001	flight time: 10s	 batterySag: 0.67041015625
INFO: 2021-10-09 15:24:20 printStatus(175) -- Drogno_8: ready		battery 3.57	pos 1.26 0.41 0.82	yaw: 3.27	msg/s 0.0	link quality: 49	kalman var: 0.0 0.0 0.0	flight time: 12s	 batterySag: 0.67041015625
INFO: 2021-10-09 15:24:22 printStatus(175) -- Drogno_8: ready		battery 3.56	pos 1.32 0.43 0.80	yaw: 3.80	msg/s 0.0	link quality: 50	kalman var: 0.0 0.0 0.0	flight time: 14s	 batterySag: 0.67041015625
INFO: 2021-10-09 15:24:23 printStatus(175) -- Drogno_8: ready		battery 3.56	pos 1.28 0.42 0.81	yaw: 5.18	msg/s 0.0	link quality: 43	kalman var: 0.0 0.0 0.0	flight time: 15s	 batterySag: 0.67041015625
INFO: 2021-10-09 15:24:25 printStatus(175) -- Drogno_8: ready		battery 3.54	pos 1.25 0.45 0.79	yaw: 0.01	msg/s 0.0	link quality: 43	kalman var: 0.001 0.001 0.001	flight time: 17s	 batterySag: 0.67041015625
INFO: 2021-10-09 15:24:27 printStatus(175) -- Drogno_8: ready		battery 3.54	pos 1.30 0.40 0.81	yaw: 1.30	msg/s 0.0	link quality: 41	kalman var: 0.001 0.001 0.001	flight time: 19s	 batterySag: 0.67041015625
INFO: 2021-10-09 15:24:29 printStatus(175) -- Drogno_8: ready		battery 3.54	pos 1.29 0.41 0.80	yaw: 0.97	msg/s 0.0	link quality: 43	kalman var: 0.001 0.001 0.001	flight time: 20s	 batterySag: 0.67041015625
INFO: 2021-10-09 15:24:30 printStatus(175) -- Drogno_8: ready		battery 3.53	pos 1.27 0.42 0.80	yaw: 1.80	msg/s 0.0	link quality: 45	kalman var: 0.001 0.001 0.001	flight time: 22s	 batterySag: 0.67041015625
INFO: 2021-10-09 15:24:32 printStatus(175) -- Drogno_8: ready		battery 3.52	pos 1.28 0.42 0.80	yaw: 2.27	msg/s 0.0	link quality: 42	kalman var: 0.0 0.0 0.001	flight time: 24s	 batterySag: 0.67041015625
INFO: 2021-10-09 15:24:34 printStatus(175) -- Drogno_8: ready		battery 3.51	pos 1.28 0.43 0.81	yaw: -1.17	msg/s 0.0	link quality: 46	kalman var: 0.002 0.002 0.001	flight time: 25s	 batterySag: 0.67041015625
INFO: 2021-10-09 15:24:35 printStatus(175) -- Drogno_8: ready		battery 3.51	pos 1.27 0.42 0.80	yaw: -0.37	msg/s 0.0	link quality: 44	kalman var: 0.002 0.002 0.001	flight time: 27s	 batterySag: 0.67041015625
INFO: 2021-10-09 15:24:37 printStatus(175) -- Drogno_8: ready		battery 3.51	pos 1.27 0.42 0.80	yaw: 0.14	msg/s 0.0	link quality: 46	kalman var: 0.0 0.0 0.0	flight time: 29s	 batterySag: 0.67041015625
INFO: 2021-10-09 15:24:39 printStatus(175) -- Drogno_8: ready		battery 3.49	pos 1.29 0.41 0.80	yaw: -1.00	msg/s 0.0	link quality: 41	kalman var: 0.001 0.001 0.001	flight time: 30s	 batterySag: 0.67041015625
INFO: 2021-10-09 15:24:41 printStatus(175) -- Drogno_8: ready		battery 3.5	pos 1.28 0.44 0.81	yaw: -2.66	msg/s 0.0	link quality: 42	kalman var: 0.001 0.001 0.001	flight time: 32s	 batterySag: 0.67041015625
INFO: 2021-10-09 15:24:42 printStatus(175) -- Drogno_8: ready		battery 3.48	pos 1.25 0.45 0.81	yaw: 1.10	msg/s 0.0	link quality: 42	kalman var: 0.001 0.001 0.001	flight time: 34s	 batterySag: 0.67041015625
INFO: 2021-10-09 15:24:44 printStatus(175) -- Drogno_8: ready		battery 3.48	pos 1.30 0.40 0.81	yaw: 2.55	msg/s 0.0	link quality: 40	kalman var: 0.0 0.0 0.0	flight time: 36s	 batterySag: 0.67041015625
INFO: 2021-10-09 15:24:45 printStatus(175) -- Drogno_8: ready		battery 3.48	pos 1.27 0.42 0.80	yaw: 1.34	msg/s 0.0	link quality: 44	kalman var: 0.001 0.001 0.001	flight time: 37s	 batterySag: 0.67041015625
INFO: 2021-10-09 15:24:47 printStatus(175) -- Drogno_8: ready		battery 3.48	pos 1.31 0.37 0.82	yaw: -0.45	msg/s 0.0	link quality: 44	kalman var: 0.001 0.001 0.001	flight time: 39s	 batterySag: 0.67041015625
INFO: 2021-10-09 15:24:48 printStatus(175) -- Drogno_8: ready		battery 3.48	pos 1.28 0.97 0.80	yaw: 0.08	msg/s 0.0	link quality: 44	kalman var: 0.0 0.0 0.0	flight time: 40s	 batterySag: 0.67041015625
INFO: 2021-10-09 15:24:50 printStatus(175) -- Drogno_8: ready		battery 3.47	pos 1.28 0.95 0.80	yaw: 1.75	msg/s 0.0	link quality: 44	kalman var: 0.0 0.0 0.0	flight time: 42s	 batterySag: 0.67041015625
INFO: 2021-10-09 15:24:52 printStatus(175) -- Drogno_8: ready		battery 3.47	pos 1.27 0.92 0.81	yaw: -1.03	msg/s 0.0	link quality: 48	kalman var: 0.0 0.0 0.0	flight time: 44s	 batterySag: 0.67041015625
INFO: 2021-10-09 15:24:54 printStatus(175) -- Drogno_8: ready		battery 3.46	pos 1.28 0.94 0.79	yaw: -2.40	msg/s 0.0	link quality: 46	kalman var: 0.0 0.0 0.0	flight time: 46s	 batterySag: 0.67041015625
INFO: 2021-10-09 15:24:56 printStatus(175) -- Drogno_8: ready		battery 3.46	pos 1.27 0.94 0.79	yaw: -0.56	msg/s 0.0	link quality: 55	kalman var: 0.0 0.0 0.0	flight time: 47s	 batterySag: 0.67041015625
INFO: 2021-10-09 15:24:58 printStatus(175) -- Drogno_8: ready		battery 3.45	pos 1.27 0.93 0.80	yaw: 0.27	msg/s 0.0	link quality: 50	kalman var: 0.0 0.0 0.0	flight time: 49s	 batterySag: 0.67041015625
INFO: 2021-10-09 15:24:59 printStatus(175) -- Drogno_8: ready		battery 3.45	pos 1.27 0.94 0.80	yaw: -5.30	msg/s 0.0	link quality: 46	kalman var: 0.0 0.0 0.001	flight time: 51s	 batterySag: 0.67041015625
INFO: 2021-10-09 15:25:01 printStatus(175) -- Drogno_8: ready		battery 3.44	pos 1.26 0.92 0.80	yaw: 0.46	msg/s 0.0	link quality: 46	kalman var: 0.0 0.0 0.0	flight time: 53s	 batterySag: 0.67041015625
INFO: 2021-10-09 15:25:03 printStatus(175) -- Drogno_8: ready		battery 3.44	pos 1.28 0.93 0.80	yaw: 1.18	msg/s 0.0	link quality: 50	kalman var: 0.0 0.0 0.0	flight time: 54s	 batterySag: 0.67041015625
INFO: 2021-10-09 15:25:04 printStatus(175) -- Drogno_8: ready		battery 3.44	pos 1.28 0.93 0.80	yaw: 0.18	msg/s 0.0	link quality: 49	kalman var: 0.0 0.0 0.0	flight time: 56s	 batterySag: 0.67041015625
INFO: 2021-10-09 15:25:06 printStatus(175) -- Drogno_8: ready		battery 3.44	pos 1.28 0.93 0.80	yaw: -0.19	msg/s 0.0	link quality: 49	kalman var: 0.0 0.0 0.0	flight time: 58s	 batterySag: 0.67041015625
INFO: 2021-10-09 15:25:08 printStatus(175) -- Drogno_8: ready		battery 3.43	pos 1.27 0.93 0.79	yaw: 1.08	msg/s 0.0	link quality: 52	kalman var: 0.0 0.0 0.0	flight time: 60s	 batterySag: 0.67041015625
INFO: 2021-10-09 15:25:10 printStatus(175) -- Drogno_8: ready		battery 3.43	pos 1.28 0.94 0.79	yaw: 1.63	msg/s 0.0	link quality: 47	kalman var: 0.0 0.0 0.0	flight time: 61s	 batterySag: 0.67041015625
INFO: 2021-10-09 15:25:11 printStatus(175) -- Drogno_8: ready		battery 3.42	pos 1.28 0.92 0.79	yaw: 0.65	msg/s 0.0	link quality: 51	kalman var: 0.0 0.0 0.0	flight time: 63s	 batterySag: 0.67041015625
INFO: 2021-10-09 15:25:14 printStatus(175) -- Drogno_8: ready		battery 3.42	pos 1.26 0.92 0.80	yaw: 0.24	msg/s 0.0	link quality: 47	kalman var: 0.0 0.0 0.0	flight time: 65s	 batterySag: 0.67041015625
INFO: 2021-10-09 15:25:15 printStatus(175) -- Drogno_8: ready		battery 3.41	pos 1.27 0.93 0.79	yaw: -0.16	msg/s 0.0	link quality: 50	kalman var: 0.0 0.0 0.0	flight time: 67s	 batterySag: 0.67041015625
INFO: 2021-10-09 15:25:17 printStatus(175) -- Drogno_8: ready		battery 3.42	pos 1.27 0.94 0.80	yaw: -1.98	msg/s 0.0	link quality: 46	kalman var: 0.0 0.0 0.0	flight time: 69s	 batterySag: 0.67041015625
INFO: 2021-10-09 15:25:19 printStatus(175) -- Drogno_8: ready		battery 3.41	pos 1.27 0.94 0.80	yaw: 1.07	msg/s 0.0	link quality: 50	kalman var: 0.0 0.0 0.0	flight time: 71s	 batterySag: 0.67041015625
INFO: 2021-10-09 15:25:21 printStatus(175) -- Drogno_8: ready		battery 3.4	pos 1.27 0.93 0.80	yaw: -1.11	msg/s 0.0	link quality: 64	kalman var: 0.0 0.0 0.0	flight time: 72s	 batterySag: 0.67041015625
INFO: 2021-10-09 15:25:22 printStatus(175) -- Drogno_8: ready		battery 3.4	pos 1.27 0.93 0.80	yaw: 0.78	msg/s 0.0	link quality: 50	kalman var: 0.001 0.001 0.001	flight time: 74s	 batterySag: 0.67041015625
INFO: 2021-10-09 15:25:24 printStatus(175) -- Drogno_8: ready		battery 3.4	pos 1.27 0.93 0.79	yaw: 1.45	msg/s 0.0	link quality: 47	kalman var: 0.0 0.0 0.0	flight time: 76s	 batterySag: 0.67041015625
INFO: 2021-10-09 15:25:25 printStatus(175) -- Drogno_8: ready		battery 3.4	pos 1.27 0.93 0.80	yaw: 0.76	msg/s 0.0	link quality: 60	kalman var: 0.001 0.001 0.001	flight time: 77s	 batterySag: 0.67041015625
INFO: 2021-10-09 15:25:27 printStatus(175) -- Drogno_8: ready		battery 3.39	pos 1.27 0.93 0.80	yaw: 0.81	msg/s 0.0	link quality: 49	kalman var: 0.0 0.0 0.0	flight time: 79s	 batterySag: 0.67041015625
INFO: 2021-10-09 15:25:28 printStatus(175) -- Drogno_8: ready		battery 3.38	pos 1.27 0.93 0.79	yaw: 1.02	msg/s 0.0	link quality: 49	kalman var: 0.0 0.0 0.0	flight time: 80s	 batterySag: 0.67041015625
INFO: 2021-10-09 15:25:30 printStatus(175) -- Drogno_8: ready		battery 3.39	pos 1.28 0.93 0.80	yaw: 0.02	msg/s 0.0	link quality: 53	kalman var: 0.0 0.0 0.0	flight time: 82s	 batterySag: 0.67041015625
INFO: 2021-10-09 15:25:32 printStatus(175) -- Drogno_8: ready		battery 3.38	pos 1.28 0.93 0.80	yaw: -1.01	msg/s 0.0	link quality: 51	kalman var: 0.0 0.0 0.0	flight time: 84s	 batterySag: 0.67041015625
INFO: 2021-10-09 15:25:34 printStatus(175) -- Drogno_8: ready		battery 3.39	pos 1.27 0.93 0.80	yaw: -0.23	msg/s 0.0	link quality: 53	kalman var: 0.0 0.0 0.0	flight time: 86s	 batterySag: 0.67041015625
INFO: 2021-10-09 15:25:36 printStatus(175) -- Drogno_8: ready		battery 3.38	pos 1.28 0.93 0.79	yaw: -0.05	msg/s 0.0	link quality: 50	kalman var: 0.0 0.0 0.0	flight time: 87s	 batterySag: 0.67041015625
INFO: 2021-10-09 15:25:37 printStatus(175) -- Drogno_8: ready		battery 3.38	pos 1.28 0.94 0.79	yaw: 0.41	msg/s 0.0	link quality: 44	kalman var: 0.0 0.0 0.0	flight time: 89s	 batterySag: 0.67041015625
INFO: 2021-10-09 15:25:39 printStatus(175) -- Drogno_8: ready		battery 3.38	pos 1.27 0.92 0.80	yaw: 2.10	msg/s 0.0	link quality: 50	kalman var: 0.0 0.0 0.0	flight time: 91s	 batterySag: 0.67041015625
INFO: 2021-10-09 15:25:40 printStatus(175) -- Drogno_8: ready		battery 3.37	pos 1.27 0.93 0.79	yaw: 1.88	msg/s 0.0	link quality: 49	kalman var: 0.0 0.0 0.0	flight time: 92s	 batterySag: 0.67041015625
INFO: 2021-10-09 15:25:42 printStatus(175) -- Drogno_8: ready		battery 3.37	pos 1.27 0.93 0.79	yaw: 1.10	msg/s 0.0	link quality: 51	kalman var: 0.0 0.0 0.0	flight time: 94s	 batterySag: 0.67041015625
INFO: 2021-10-09 15:25:44 printStatus(175) -- Drogno_8: ready		battery 3.37	pos 1.27 0.93 0.80	yaw: -0.15	msg/s 0.0	link quality: 49	kalman var: 0.001 0.001 0.001	flight time: 96s	 batterySag: 0.67041015625
INFO: 2021-10-09 15:25:46 printStatus(175) -- Drogno_8: ready		battery 3.37	pos 1.26 0.93 0.80	yaw: -1.94	msg/s 0.0	link quality: 46	kalman var: 0.0 0.0 0.0	flight time: 97s	 batterySag: 0.67041015625
INFO: 2021-10-09 15:25:47 printStatus(175) -- Drogno_8: ready		battery 3.37	pos 1.27 0.93 0.80	yaw: -2.04	msg/s 0.0	link quality: 51	kalman var: 0.0 0.0 0.0	flight time: 99s	 batterySag: 0.67041015625
INFO: 2021-10-09 15:25:49 printStatus(175) -- Drogno_8: ready		battery 3.37	pos 1.27 0.93 0.80	yaw: -0.19	msg/s 0.0	link quality: 54	kalman var: 0.0 0.0 0.0	flight time: 101s	 batterySag: 0.67041015625
INFO: 2021-10-09 15:25:50 printStatus(175) -- Drogno_8: ready		battery 3.36	pos 1.27 0.93 0.79	yaw: 1.01	msg/s 0.0	link quality: 49	kalman var: 0.0 0.0 0.0	flight time: 102s	 batterySag: 0.67041015625
INFO: 2021-10-09 15:25:52 printStatus(175) -- Drogno_8: ready		battery 3.36	pos 1.27 0.93 0.80	yaw: 0.02	msg/s 0.0	link quality: 53	kalman var: 0.0 0.0 0.0	flight time: 104s	 batterySag: 0.67041015625
INFO: 2021-10-09 15:25:53 printStatus(175) -- Drogno_8: ready		battery 3.35	pos 1.27 0.93 0.80	yaw: 0.02	msg/s 0.0	link quality: 51	kalman var: 0.0 0.0 0.0	flight time: 105s	 batterySag: 0.67041015625
INFO: 2021-10-09 15:25:55 printStatus(175) -- Drogno_8: ready		battery 3.35	pos 1.26 0.93 0.80	yaw: 0.64	msg/s 0.0	link quality: 56	kalman var: 0.0 0.0 0.0	flight time: 107s	 batterySag: 0.67041015625
INFO: 2021-10-09 15:25:57 printStatus(175) -- Drogno_8: ready		battery 3.35	pos 1.27 0.93 0.80	yaw: 0.51	msg/s 0.0	link quality: 52	kalman var: 0.0 0.0 0.0	flight time: 108s	 batterySag: 0.67041015625
INFO: 2021-10-09 15:25:59 printStatus(175) -- Drogno_8: ready		battery 3.35	pos 1.27 0.93 0.80	yaw: -1.14	msg/s 0.0	link quality: 53	kalman var: 0.0 0.0 0.0	flight time: 110s	 batterySag: 0.67041015625
INFO: 2021-10-09 15:26:00 printStatus(175) -- Drogno_8: landed		battery 3.34	pos 1.28 0.93 0.79	yaw: -0.11	msg/s 0.0	link quality: 50	kalman var: 0.0 0.0 0.001	flight time: 112s	 batterySag: 0.67041015625
INFO: 2021-10-09 15:26:02 printStatus(175) -- Drogno_8: ready		battery 3.39	pos 1.28 0.92 0.69	yaw: -1.97	msg/s 0.0	link quality: 49	kalman var: 0.0 0.0 0.0	flight time: 112s	 batterySag: 0.67041015625
INFO: 2021-10-09 15:26:04 printStatus(175) -- Drogno_8: ready		battery 3.75	pos 1.27 0.92 0.02	yaw: 1.11	msg/s 0.0	link quality: 42	kalman var: 0.0 0.0 0.0	flight time: 112s	 batterySag: 0.67041015625
INFO: 2021-10-09 15:26:05 printStatus(175) -- Drogno_8: ready		battery 3.76	pos 1.27 0.93 0.02	yaw: 1.07	msg/s 0.0	link quality: 42	kalman var: 0.0 0.0 0.0	flight time: 112s	 batterySag: 0.67041015625
INFO: 2021-10-09 15:26:07 printStatus(175) -- Drogno_8: ready		battery 3.78	pos 1.27 0.93 0.02	yaw: 1.00	msg/s 0.0	link quality: 42	kalman var: 0.0 0.0 0.0	flight time: 112s	 batterySag: 0.67041015625
INFO: 2021-10-09 15:26:09 printStatus(175) -- Drogno_8: ready		battery 3.79	pos 1.27 0.93 0.02	yaw: 1.02	msg/s 0.0	link quality: 42	kalman var: 0.001 0.001 0.001	flight time: 112s	 batterySag: 0.67041015625
INFO: 2021-10-09 15:26:11 printStatus(175) -- Drogno_8: ready		battery 3.79	pos 1.27 0.93 0.02	yaw: 1.04	msg/s 0.0	link quality: 42	kalman var: 0.0 0.0 0.0	flight time: 112s	 batterySag: 0.67041015625
INFO: 2021-10-09 15:26:13 printStatus(175) -- Drogno_8: ready		battery 3.8	pos 1.27 0.93 0.02	yaw: 1.00	msg/s 0.0	link quality: 45	kalman var: 0.0 0.0 0.0	flight time: 112s	 batterySag: 0.67041015625
INFO: 2021-10-09 15:26:14 printStatus(175) -- Drogno_8: ready		battery 3.81	pos 1.27 0.93 0.02	yaw: 1.04	msg/s 0.0	link quality: 42	kalman var: 0.0 0.0 0.0	flight time: 112s	 batterySag: 0.67041015625
INFO: 2021-10-09 15:26:16 printStatus(175) -- Drogno_8: ready		battery 3.81	pos 1.27 0.93 0.02	yaw: 1.06	msg/s 0.0	link quality: 42	kalman var: 0.001 0.001 0.001	flight time: 112s	 batterySag: 0.67041015625
INFO: 2021-10-09 15:26:17 printStatus(175) -- Drogno_8: ready		battery 3.81	pos 0.80 -1.16 1.11	yaw: 74.00	msg/s 0.0	link quality: 44	kalman var: 0.007 0.002 0.007	flight time: 112s	 batterySag: 0.67041015625
INFO: 2021-10-09 15:26:19 printStatus(175) -- Drogno_8: ready		battery 3.82	pos 2.11 -0.10 1.55	yaw: 77.12	msg/s 0.0	link quality: 56	kalman var: 0.008 0.013 0.007	flight time: 112s	 batterySag: 0.67041015625
INFO: 2021-10-09 15:26:21 printStatus(175) -- Drogno_8: out of BOX		battery 3.82	pos -0.22 -2.64 1.11	yaw: -34.91	msg/s 0.0	link quality: 47	kalman var: 0.004 0.003 0.003	flight time: 112s	 batterySag: 0.67041015625
INFO: 2021-10-09 15:26:22 printStatus(175) -- Drogno_8: out of BOX		battery 3.82	pos 0.69 -5.71 0.76	yaw: -49.66	msg/s 0.0	link quality: 46	kalman var: 0.01 0.007 0.007	flight time: 112s	 batterySag: 0.67041015625
INFO: 2021-10-09 15:26:24 printStatus(175) -- Drogno_8: out of BOX		battery 3.82	pos 5.07 -18.50 -1.28	yaw: -46.56	msg/s 0.0	link quality: 63	kalman var: 0.046 0.026 0.032	flight time: 112s	 batterySag: 0.67041015625
INFO: 2021-10-09 15:26:25 printStatus(175) -- Drogno_8: ready		battery 3.82	pos 0.00 -0.01 -0.01	yaw: -0.04	msg/s 0.0	link quality: 51	kalman var: 0.0 0.0 0.0	flight time: 112s	 batterySag: 0.67041015625
INFO: 2021-10-09 15:26:27 printStatus(175) -- Drogno_8: out of BOX		battery 3.82	pos 0.20 -4.47 -2.25	yaw: -0.45	msg/s 0.0	link quality: 53	kalman var: 0.012 0.012 0.001	flight time: 112s	 batterySag: 0.67041015625
INFO: 2021-10-09 15:26:29 printStatus(175) -- Drogno_8: out of BOX		battery 3.82	pos 0.12 -2.54 -1.26	yaw: 0.36	msg/s 0.0	link quality: 51	kalman var: 0.007 0.007 0.001	flight time: 112s	 batterySag: 0.67041015625
INFO: 2021-10-09 15:26:30 printStatus(175) -- Drogno_8: ready		battery 3.82	pos -0.02 -0.39 -0.18	yaw: 0.85	msg/s 0.0	link quality: 45	kalman var: 0.001 0.001 0.0	flight time: 112s	 batterySag: 0.67041015625
INFO: 2021-10-09 15:26:32 printStatus(175) -- Drogno_8: ready		battery 3.82	pos -0.48 -1.08 -0.55	yaw: -1.96	msg/s 0.0	link quality: 58	kalman var: 0.003 0.003 0.001	flight time: 112s	 batterySag: 0.67041015625
INFO: 2021-10-09 15:26:33 printStatus(175) -- Drogno_8: ready		battery 3.82	pos -0.04 -0.12 -0.05	yaw: -1.46	msg/s 0.0	link quality: 58	kalman var: 0.0 0.0 0.0	flight time: 112s	 batterySag: 0.67041015625
INFO: 2021-10-09 15:26:35 printStatus(175) -- Drogno_8: out of BOX		battery 3.8	pos -0.87 -2.22 -1.13	yaw: -0.03	msg/s 0.0	link quality: 49	kalman var: 0.006 0.006 0.001	flight time: 112s	 batterySag: 0.67041015625
INFO: 2021-10-09 15:26:37 printStatus(175) -- Drogno_8: out of BOX		battery 3.82	pos -2.71 -6.86 -3.52	yaw: 0.14	msg/s 0.0	link quality: 54	kalman var: 0.02 0.02 0.002	flight time: 112s	 batterySag: 0.67041015625
INFO: 2021-10-09 15:26:38 printStatus(175) -- Drogno_8: out of BOX		battery 3.83	pos -1.41 -3.49 -1.77	yaw: -0.70	msg/s 0.0	link quality: 52	kalman var: 0.01 0.01 0.001	flight time: 112s	 batterySag: 0.67041015625
INFO: 2021-10-09 15:26:40 printStatus(175) -- Drogno_8: ready		battery 3.83	pos -0.05 -0.13 -0.07	yaw: -0.14	msg/s 0.0	link quality: 49	kalman var: 0.001 0.001 0.0	flight time: 112s	 batterySag: 0.67041015625
INFO: 2021-10-09 15:26:42 printStatus(175) -- Drogno_8: out of BOX		battery 3.83	pos -0.91 -2.31 -1.16	yaw: 0.16	msg/s 0.0	link quality: 50	kalman var: 0.007 0.007 0.001	flight time: 112s	 batterySag: 0.67041015625
INFO: 2021-10-09 15:26:43 printStatus(175) -- Drogno_8: ready		battery 3.83	pos -0.22 -0.56 -0.28	yaw: -0.16	msg/s 0.0	link quality: 51	kalman var: 0.002 0.002 0.001	flight time: 112s	 batterySag: 0.67041015625
INFO: 2021-10-09 15:26:45 printStatus(175) -- Drogno_8: out of BOX		battery 3.83	pos -1.40 -3.61 -1.88	yaw: -2.77	msg/s 0.0	link quality: 52	kalman var: 0.01 0.01 0.001	flight time: 112s	 batterySag: 0.67041015625
INFO: 2021-10-09 15:26:47 printStatus(175) -- Drogno_8: ready		battery 3.83	pos -0.02 -0.09 -0.06	yaw: 0.16	msg/s 0.0	link quality: 53	kalman var: 0.0 0.0 0.0	flight time: 112s	 batterySag: 0.67041015625
INFO: 2021-10-09 15:26:49 printStatus(175) -- Drogno_8: out of BOX		battery 3.83	pos -0.64 -3.40 -1.43	yaw: -22.36	msg/s 0.0	link quality: 46	kalman var: 0.008 0.01 0.003	flight time: 112s	 batterySag: 0.67041015625
INFO: 2021-10-09 15:26:51 printStatus(175) -- Drogno_8: ready		battery 3.83	pos -0.03 -0.21 -0.15	yaw: 0.03	msg/s 0.0	link quality: 57	kalman var: 0.001 0.001 0.0	flight time: 112s	 batterySag: 0.67041015625
INFO: 2021-10-09 15:26:52 printStatus(175) -- Drogno_8: ready		battery 3.83	pos -0.03 -0.18 -0.12	yaw: -0.40	msg/s 0.0	link quality: 53	kalman var: 0.001 0.001 0.0	flight time: 112s	 batterySag: 0.67041015625
INFO: 2021-10-09 15:26:54 printStatus(175) -- Drogno_8: out of BOX		battery 3.83	pos -1.16 -5.36 -2.65	yaw: 1.31	msg/s 0.0	link quality: 54	kalman var: 0.015 0.015 0.001	flight time: 112s	 batterySag: 0.67041015625
INFO: 2021-10-09 15:26:55 printStatus(175) -- Drogno_8: ready		battery 3.83	pos -0.19 -0.87 -0.41	yaw: 0.62	msg/s 0.0	link quality: 47	kalman var: 0.003 0.003 0.001	flight time: 112s	 batterySag: 0.67041015625
INFO: 2021-10-09 15:26:57 printStatus(175) -- Drogno_8: ready		battery 3.83	pos -0.01 -0.04 -0.02	yaw: 0.15	msg/s 0.0	link quality: 46	kalman var: 0.0 0.0 0.0	flight time: 112s	 batterySag: 0.67041015625
INFO: 2021-10-09 15:26:59 printStatus(175) -- Drogno_8: ready		battery 3.83	pos -0.48 -2.01 -0.96	yaw: 0.52	msg/s 0.0	link quality: 48	kalman var: 0.006 0.006 0.001	flight time: 112s	 batterySag: 0.67041015625
INFO: 2021-10-09 15:27:00 printStatus(175) -- Drogno_8: ready		battery 3.83	pos -0.12 -0.48 -0.23	yaw: -0.08	msg/s 0.0	link quality: 48	kalman var: 0.001 0.001 0.0	flight time: 112s	 batterySag: 0.67041015625
INFO: 2021-10-09 15:27:02 printStatus(175) -- Drogno_8: out of BOX		battery 3.83	pos -0.86 -3.72 -1.78	yaw: -0.40	msg/s 0.0	link quality: 53	kalman var: 0.01 0.01 0.001	flight time: 112s	 batterySag: 0.67041015625
INFO: 2021-10-09 15:27:04 printStatus(175) -- Drogno_8: out of BOX		battery 3.83	pos -2.31 -10.09 -4.86	yaw: 12.06	msg/s 0.0	link quality: 52	kalman var: 0.027 0.025 0.007	flight time: 112s	 batterySag: 0.67041015625
INFO: 2021-10-09 15:27:06 printStatus(175) -- Drogno_8: ready		battery 3.83	pos -0.31 -2.16 -1.46	yaw: -0.48	msg/s 0.0	link quality: 53	kalman var: 0.005 0.005 0.001	flight time: 112s	 batterySag: 0.67041015625
INFO: 2021-10-09 15:27:07 printStatus(175) -- Drogno_8: ready		battery 3.83	pos -0.21 -1.58 -1.06	yaw: 0.31	msg/s 0.0	link quality: 53	kalman var: 0.004 0.004 0.001	flight time: 112s	 batterySag: 0.67041015625
INFO: 2021-10-09 15:27:09 printStatus(175) -- Drogno_8: ready		battery 3.83	pos -0.08 -0.59 -0.40	yaw: -0.36	msg/s 0.0	link quality: 50	kalman var: 0.001 0.001 0.0	flight time: 112s	 batterySag: 0.67041015625
