INFO: 2021-10-09 18:49:16 __init__(134) -- This is dronelog running on Drogno_3
INFO: 2021-10-09 18:49:16 printStatus(172) -- Started
INFO: 2021-10-09 18:49:18 printStatus(175) -- Drogno_3: connecting		battery n.p.	pos 0.00 0.00 0.00	yaw: 0.00	msg/s 0.0	link quality: 0	kalman var: 0 0 0	flight time: 0s	 batterySag: 0
INFO: 2021-10-09 18:49:19 printStatus(175) -- Drogno_3: connecting		battery n.p.	pos 0.00 0.00 0.00	yaw: 0.00	msg/s 0.0	link quality: 0	kalman var: 0 0 0	flight time: 0s	 batterySag: 0
INFO: 2021-10-09 18:49:21 printStatus(175) -- Drogno_3: landed		battery n.p.	pos 0.00 0.00 0.00	yaw: 0.00	msg/s 0.0	link quality: 0	kalman var: 0 0 0	flight time: 0s	 batterySag: 0
INFO: 2021-10-09 18:49:22 printStatus(175) -- Drogno_3: landed		battery n.p.	pos 0.00 0.00 0.00	yaw: 0.00	msg/s 0.0	link quality: 0	kalman var: 0 0 0	flight time: 0s	 batterySag: 0
INFO: 2021-10-09 18:49:24 printStatus(175) -- Drogno_3: ready		battery 3.79	pos -0.13 -0.19 0.01	yaw: -39.06	msg/s 0.0	link quality: 35	kalman var: 0.001 0.001 0.0	flight time: 0s	 batterySag: 0.71240234375
INFO: 2021-10-09 18:49:25 printStatus(175) -- Drogno_3: ready		battery 3.79	pos -0.13 -0.20 0.01	yaw: -47.91	msg/s 11.333333333333334	link quality: 35	kalman var: 0.001 0.001 0.001	flight time: 0s	 batterySag: 0.71240234375
INFO: 2021-10-09 18:49:27 printStatus(175) -- Drogno_3: ready		battery 3.48	pos -0.14 -0.19 0.01	yaw: -46.75	msg/s 22.0	link quality: 35	kalman var: 0.0 0.0 0.0	flight time: 0s	 batterySag: 0.71240234375
INFO: 2021-10-09 18:49:29 printStatus(175) -- Drogno_3: ready		battery 3.4	pos -0.13 -0.20 0.79	yaw: 0.62	msg/s 22.666666666666668	link quality: 42	kalman var: 0.0 0.0 0.001	flight time: 1s	 batterySag: 0.71240234375
INFO: 2021-10-09 18:49:30 printStatus(175) -- Drogno_3: ready		battery 3.38	pos -0.12 -0.20 0.86	yaw: 0.14	msg/s 22.0	link quality: 37	kalman var: 0.0 0.0 0.0	flight time: 3s	 batterySag: 0.71240234375
INFO: 2021-10-09 18:49:32 printStatus(175) -- Drogno_3: ready		battery 3.36	pos -0.14 -0.20 0.86	yaw: -0.54	msg/s 21.333333333333332	link quality: 37	kalman var: 0.001 0.001 0.001	flight time: 4s	 batterySag: 0.71240234375
INFO: 2021-10-09 18:49:33 printStatus(175) -- Drogno_3: ready		battery 3.34	pos -0.14 -0.20 0.84	yaw: 0.36	msg/s 22.0	link quality: 40	kalman var: 0.0 0.0 0.0	flight time: 6s	 batterySag: 0.71240234375
INFO: 2021-10-09 18:49:35 printStatus(175) -- Drogno_3: stand by		battery 3.34	pos -0.14 -0.20 0.84	yaw: 0.36	msg/s 22.666666666666668	link quality: 40	kalman var: 0.0 0.0 0.0	flight time: 6s	 batterySag: 0.71240234375
INFO: 2021-10-09 18:49:36 printStatus(175) -- Drogno_3: stand by		battery 3.34	pos -0.14 -0.20 0.84	yaw: 0.36	msg/s 46.666666666666664	link quality: 40	kalman var: 0.0 0.0 0.0	flight time: 6s	 batterySag: 0.71240234375
INFO: 2021-10-09 18:49:38 printStatus(175) -- Drogno_3: stand by		battery 3.34	pos -0.14 -0.20 0.84	yaw: 0.36	msg/s 70.0	link quality: 40	kalman var: 0.0 0.0 0.0	flight time: 6s	 batterySag: 0.71240234375
INFO: 2021-10-09 18:49:39 printStatus(175) -- Drogno_3: stand by		battery 3.34	pos -0.14 -0.20 0.84	yaw: 0.36	msg/s 92.66666666666667	link quality: 40	kalman var: 0.0 0.0 0.0	flight time: 6s	 batterySag: 0.71240234375
INFO: 2021-10-09 18:49:41 printStatus(175) -- Drogno_3: stand by		battery 3.34	pos -0.14 -0.20 0.84	yaw: 0.36	msg/s 116.66666666666667	link quality: 40	kalman var: 0.0 0.0 0.0	flight time: 6s	 batterySag: 0.71240234375
INFO: 2021-10-09 18:49:42 printStatus(175) -- Drogno_3: stand by		battery 3.34	pos -0.14 -0.20 0.84	yaw: 0.36	msg/s 140.66666666666666	link quality: 40	kalman var: 0.0 0.0 0.0	flight time: 6s	 batterySag: 0.71240234375
INFO: 2021-10-09 18:49:44 printStatus(175) -- Drogno_3: stand by		battery 3.34	pos -0.14 -0.20 0.84	yaw: 0.36	msg/s 164.66666666666666	link quality: 40	kalman var: 0.0 0.0 0.0	flight time: 6s	 batterySag: 0.71240234375
INFO: 2021-10-09 18:49:46 printStatus(175) -- Drogno_3: stand by		battery 3.34	pos -0.14 -0.20 0.84	yaw: 0.36	msg/s 189.33333333333334	link quality: 40	kalman var: 0.0 0.0 0.0	flight time: 6s	 batterySag: 0.71240234375
INFO: 2021-10-09 18:49:47 printStatus(175) -- Drogno_3: stand by		battery 3.34	pos -0.14 -0.20 0.84	yaw: 0.36	msg/s 213.33333333333334	link quality: 40	kalman var: 0.0 0.0 0.0	flight time: 6s	 batterySag: 0.71240234375
INFO: 2021-10-09 18:49:49 printStatus(175) -- Drogno_3: stand by		battery 3.34	pos -0.14 -0.20 0.84	yaw: 0.36	msg/s 236.66666666666666	link quality: 40	kalman var: 0.0 0.0 0.0	flight time: 6s	 batterySag: 0.71240234375
INFO: 2021-10-09 18:49:50 printStatus(175) -- Drogno_3: sconnesso		battery 3.34	pos -0.14 -0.20 0.84	yaw: 0.36	msg/s 258.0	link quality: 40	kalman var: 0.0 0.0 0.0	flight time: 6s	 batterySag: 0.71240234375
