INFO: 14-07-2022 18:56:10 __init__(129) -- This is dronelog running on Drogno_0
INFO: 14-07-2022 18:56:10 printStatus(165) -- Started
INFO: 14-07-2022 18:56:11 printStatus(168) -- Drogno_0: connecting	battery: n.p.	kalman var: 0 0 0	 batterySag: 0	link quality: 0	flight time: 0s	pos 0.00 0.00 0.00	yaw: 0.00	msg/s 0.0
INFO: 14-07-2022 18:56:12 printStatus(168) -- Drogno_0: connecting	battery: n.p.	kalman var: 0 0 0	 batterySag: 0	link quality: 0	flight time: 0s	pos 0.00 0.00 0.00	yaw: 0.00	msg/s 0.0
INFO: 14-07-2022 18:56:13 printStatus(168) -- Drogno_0: connecting	battery: n.p.	kalman var: 0 0 0	 batterySag: 0	link quality: 0	flight time: 0s	pos 0.00 0.00 0.00	yaw: 0.00	msg/s 0.0
INFO: 14-07-2022 18:56:14 printStatus(168) -- Drogno_0: connecting	battery: n.p.	kalman var: 0 0 0	 batterySag: 0	link quality: 0	flight time: 0s	pos 0.00 0.00 0.00	yaw: 0.00	msg/s 0.0
INFO: 14-07-2022 18:56:16 printStatus(168) -- Drogno_0: connecting	battery: n.p.	kalman var: 0 0 0	 batterySag: 0	link quality: 0	flight time: 0s	pos 0.00 0.00 0.00	yaw: 0.00	msg/s 0.0
INFO: 14-07-2022 18:56:17 printStatus(168) -- Drogno_0: connecting	battery: n.p.	kalman var: 0 0 0	 batterySag: 0	link quality: 0	flight time: 0s	pos 0.00 0.00 0.00	yaw: 0.00	msg/s 0.0
INFO: 14-07-2022 18:56:18 printStatus(168) -- Drogno_0: connecting	battery: n.p.	kalman var: 0 0 0	 batterySag: 0	link quality: 0	flight time: 0s	pos 0.00 0.00 0.00	yaw: 0.00	msg/s 0.0
INFO: 14-07-2022 18:56:19 printStatus(168) -- Drogno_0: connecting	battery: n.p.	kalman var: 0 0 0	 batterySag: 0	link quality: 0	flight time: 0s	pos 0.00 0.00 0.00	yaw: 0.00	msg/s 0.0
INFO: 14-07-2022 18:56:20 printStatus(168) -- Drogno_0: connecting	battery: n.p.	kalman var: 0 0 0	 batterySag: 0	link quality: 0	flight time: 0s	pos 0.00 0.00 0.00	yaw: 0.00	msg/s 0.0
INFO: 14-07-2022 18:56:22 printStatus(168) -- Drogno_0: connecting	battery: n.p.	kalman var: 0 0 0	 batterySag: 0	link quality: 0	flight time: 0s	pos 0.00 0.00 0.00	yaw: 0.00	msg/s 0.0
INFO: 14-07-2022 18:56:23 printStatus(168) -- Drogno_0: connecting	battery: n.p.	kalman var: 0 0 0	 batterySag: 0	link quality: 0	flight time: 0s	pos 0.00 0.00 0.00	yaw: 0.00	msg/s 0.0
INFO: 14-07-2022 18:56:24 printStatus(168) -- Drogno_0: connecting	battery: n.p.	kalman var: 0 0 0	 batterySag: 0	link quality: 0	flight time: 0s	pos 0.00 0.00 0.00	yaw: 0.00	msg/s 0.0
INFO: 14-07-2022 18:56:25 printStatus(168) -- Drogno_0: connecting	battery: n.p.	kalman var: 0 0 0	 batterySag: 0	link quality: 0	flight time: 0s	pos 0.00 0.00 0.00	yaw: 0.00	msg/s 0.0
INFO: 14-07-2022 18:56:26 printStatus(168) -- Drogno_0: connecting	battery: n.p.	kalman var: 0 0 0	 batterySag: 0	link quality: 0	flight time: 0s	pos 0.00 0.00 0.00	yaw: 0.00	msg/s 0.0
INFO: 14-07-2022 18:56:27 printStatus(168) -- Drogno_0: connecting	battery: n.p.	kalman var: 0 0 0	 batterySag: 0	link quality: 0	flight time: 0s	pos 0.00 0.00 0.00	yaw: 0.00	msg/s 0.0
INFO: 14-07-2022 18:56:29 printStatus(168) -- Drogno_0: connecting	battery: n.p.	kalman var: 0 0 0	 batterySag: 0	link quality: 0	flight time: 0s	pos 0.00 0.00 0.00	yaw: 0.00	msg/s 0.0
INFO: 14-07-2022 18:56:30 printStatus(168) -- Drogno_0: connecting	battery: n.p.	kalman var: 0 0 0	 batterySag: 0	link quality: 0	flight time: 0s	pos 0.00 0.00 0.00	yaw: 0.00	msg/s 0.0
INFO: 14-07-2022 18:56:31 printStatus(168) -- Drogno_0: connecting	battery: n.p.	kalman var: 0 0 0	 batterySag: 0	link quality: 0	flight time: 0s	pos 0.00 0.00 0.00	yaw: 0.00	msg/s 0.0
INFO: 14-07-2022 18:56:32 printStatus(168) -- Drogno_0: connecting	battery: n.p.	kalman var: 0 0 0	 batterySag: 0	link quality: 0	flight time: 0s	pos 0.00 0.00 0.00	yaw: 0.00	msg/s 0.0
INFO: 14-07-2022 18:56:33 printStatus(168) -- Drogno_0: connecting	battery: n.p.	kalman var: 0 0 0	 batterySag: 0	link quality: 0	flight time: 0s	pos 0.00 0.00 0.00	yaw: 0.00	msg/s 0.0
INFO: 14-07-2022 18:56:34 printStatus(168) -- Drogno_0: connecting	battery: n.p.	kalman var: 0 0 0	 batterySag: 0	link quality: 0	flight time: 0s	pos 0.00 0.00 0.00	yaw: 0.00	msg/s 0.0
INFO: 14-07-2022 18:56:36 printStatus(168) -- Drogno_0: connecting	battery: n.p.	kalman var: 0 0 0	 batterySag: 0	link quality: 0	flight time: 0s	pos 0.00 0.00 0.00	yaw: 0.00	msg/s 0.0
INFO: 14-07-2022 18:56:37 printStatus(168) -- Drogno_0: connecting	battery: n.p.	kalman var: 0 0 0	 batterySag: 0	link quality: 0	flight time: 0s	pos 0.00 0.00 0.00	yaw: 0.00	msg/s 0.0
INFO: 14-07-2022 18:56:38 printStatus(168) -- Drogno_0: connecting	battery: n.p.	kalman var: 0 0 0	 batterySag: 0	link quality: 0	flight time: 0s	pos 0.00 0.00 0.00	yaw: 0.00	msg/s 0.0
INFO: 14-07-2022 18:56:39 printStatus(168) -- Drogno_0: connecting	battery: n.p.	kalman var: 0 0 0	 batterySag: 0	link quality: 0	flight time: 0s	pos 0.00 0.00 0.00	yaw: 0.00	msg/s 0.0
INFO: 14-07-2022 18:56:40 printStatus(168) -- Drogno_0: connecting	battery: n.p.	kalman var: 0 0 0	 batterySag: 0	link quality: 0	flight time: 0s	pos 0.00 0.00 0.00	yaw: 0.00	msg/s 0.0
INFO: 14-07-2022 18:56:42 printStatus(168) -- Drogno_0: connecting	battery: n.p.	kalman var: 0 0 0	 batterySag: 0	link quality: 0	flight time: 0s	pos 0.00 0.00 0.00	yaw: 0.00	msg/s 0.0
INFO: 14-07-2022 18:56:43 printStatus(168) -- Drogno_0: ready	battery: 3.689453125	kalman var: 0.0 0.0 0.0	 batterySag: 0	link quality: 35	flight time: 0s	pos -0.03 0.01 -0.00	yaw: -0.73	msg/s 0.0
INFO: 14-07-2022 18:56:44 printStatus(168) -- Drogno_0: ready	battery: 3.689453125	kalman var: 0.0 0.0 0.0	 batterySag: 0	link quality: 35	flight time: 0s	pos -0.03 0.01 -0.00	yaw: -0.81	msg/s 0.0
INFO: 14-07-2022 18:56:45 printStatus(168) -- Drogno_0: ready	battery: 3.689453125	kalman var: 0.0 0.0 0.0	 batterySag: 0	link quality: 35	flight time: 0s	pos -0.03 0.01 -0.00	yaw: -0.75	msg/s 0.0
INFO: 14-07-2022 18:56:46 printStatus(168) -- Drogno_0: ready	battery: 3.689453125	kalman var: 0.0 0.0 0.0	 batterySag: 0	link quality: 35	flight time: 0s	pos -0.03 0.01 -0.00	yaw: -0.83	msg/s 0.0
INFO: 14-07-2022 18:56:48 printStatus(168) -- Drogno_0: ready	battery: 3.689453125	kalman var: 0.0 0.0 0.0	 batterySag: 0	link quality: 35	flight time: 0s	pos -0.03 0.02 0.08	yaw: 4.26	msg/s 0.0
INFO: 14-07-2022 18:56:49 printStatus(168) -- Drogno_0: ready	battery: 3.689453125	kalman var: 0.0 0.0 0.0	 batterySag: 0	link quality: 49	flight time: 0s	pos -0.06 0.00 0.27	yaw: 3.84	msg/s 0.0
INFO: 14-07-2022 18:56:50 printStatus(168) -- Drogno_0: ready	battery: 3.689453125	kalman var: 0.0 0.0 0.0	 batterySag: 0	link quality: 47	flight time: 0s	pos 0.02 -0.01 0.21	yaw: 11.14	msg/s 0.0
INFO: 14-07-2022 18:56:51 printStatus(168) -- Drogno_0: ready	battery: 3.6953125	kalman var: 0.0 0.0 0.0	 batterySag: 0	link quality: 35	flight time: 0s	pos -0.03 -0.01 0.03	yaw: 6.91	msg/s 0.0
INFO: 14-07-2022 18:56:52 printStatus(168) -- Drogno_0: ready	battery: 3.689453125	kalman var: 0.0 0.0 0.0	 batterySag: 0	link quality: 35	flight time: 0s	pos -0.20 -0.01 0.02	yaw: 3.59	msg/s 0.0
INFO: 14-07-2022 18:56:53 printStatus(168) -- Drogno_0: ready	battery: 3.689453125	kalman var: 0.0 0.0 0.0	 batterySag: 0	link quality: 35	flight time: 0s	pos -0.21 0.01 0.01	yaw: 5.16	msg/s 0.0
INFO: 14-07-2022 18:56:55 printStatus(168) -- Drogno_0: ready	battery: 3.689453125	kalman var: 0.0 0.0 0.0	 batterySag: 0	link quality: 35	flight time: 0s	pos -0.06 -0.01 0.02	yaw: 4.18	msg/s 0.0
INFO: 14-07-2022 18:56:56 printStatus(168) -- Drogno_0: ready	battery: 3.689453125	kalman var: 0.0 0.0 0.0	 batterySag: 0	link quality: 35	flight time: 0s	pos -0.04 -0.12 0.07	yaw: 0.50	msg/s 0.0
INFO: 14-07-2022 18:56:57 printStatus(168) -- Drogno_0: ready	battery: 3.689453125	kalman var: 0.0 0.0 0.0	 batterySag: 0	link quality: 35	flight time: 0s	pos -0.05 0.01 0.02	yaw: 3.60	msg/s 0.0
INFO: 14-07-2022 18:56:58 printStatus(168) -- Drogno_0: ready	battery: 3.689453125	kalman var: 0.0 0.0 0.0	 batterySag: 0	link quality: 35	flight time: 0s	pos -0.13 -0.05 0.33	yaw: -7.45	msg/s 0.0
INFO: 14-07-2022 18:56:59 printStatus(168) -- Drogno_0: ready	battery: 3.689453125	kalman var: 0.0 0.0 0.0	 batterySag: 0	link quality: 36	flight time: 0s	pos -0.03 0.08 0.10	yaw: 6.10	msg/s 0.0
INFO: 14-07-2022 18:57:00 printStatus(168) -- Drogno_0: ready	battery: 3.689453125	kalman var: 0.0 0.0 0.0	 batterySag: 0	link quality: 35	flight time: 0s	pos -0.05 0.15 0.01	yaw: 6.38	msg/s 0.0
INFO: 14-07-2022 18:57:02 printStatus(168) -- Drogno_0: ready	battery: 3.689453125	kalman var: 0.0 0.0 0.0	 batterySag: 0	link quality: 35	flight time: 0s	pos -0.05 0.16 -0.00	yaw: 5.82	msg/s 0.0
INFO: 14-07-2022 18:57:03 printStatus(168) -- Drogno_0: ready	battery: 3.68359375	kalman var: 0.0 0.0 0.0	 batterySag: 0	link quality: 35	flight time: 0s	pos -0.05 0.15 -0.00	yaw: 6.84	msg/s 0.0
INFO: 14-07-2022 18:57:04 printStatus(168) -- Drogno_0: ready	battery: 3.689453125	kalman var: 0.0 0.0 0.0	 batterySag: 0	link quality: 37	flight time: 0s	pos -0.08 -0.04 0.29	yaw: -3.49	msg/s 0.0
INFO: 14-07-2022 18:57:05 printStatus(168) -- Drogno_0: ready	battery: 3.689453125	kalman var: 0.0 0.0 0.0	 batterySag: 0	link quality: 35	flight time: 0s	pos -0.06 -0.03 -0.00	yaw: -2.93	msg/s 0.0
INFO: 14-07-2022 18:57:06 printStatus(168) -- Drogno_0: ready	battery: 3.689453125	kalman var: 0.0 0.0 0.0	 batterySag: 0	link quality: 35	flight time: 0s	pos -0.04 0.00 -0.00	yaw: 3.46	msg/s 0.0
INFO: 14-07-2022 18:57:08 printStatus(168) -- Drogno_0: ready	battery: 3.689453125	kalman var: 0.0 0.0 0.0	 batterySag: 0	link quality: 35	flight time: 0s	pos -0.03 0.00 -0.00	yaw: -1.40	msg/s 0.0
INFO: 14-07-2022 18:57:09 printStatus(168) -- Drogno_0: ready	battery: 3.689453125	kalman var: 0.0 0.001 0.001	 batterySag: 0	link quality: 35	flight time: 0s	pos -0.03 -0.00 -0.01	yaw: -1.39	msg/s 0.0
INFO: 14-07-2022 18:57:10 printStatus(168) -- Drogno_0: ready	battery: 3.689453125	kalman var: 0.0 0.0 0.0	 batterySag: 0	link quality: 35	flight time: 0s	pos -0.03 0.00 -0.00	yaw: -1.31	msg/s 0.0
INFO: 14-07-2022 18:57:11 printStatus(168) -- Drogno_0: ready	battery: 3.689453125	kalman var: 0.0 0.0 0.0	 batterySag: 0	link quality: 35	flight time: 0s	pos -0.04 0.00 -0.00	yaw: -1.32	msg/s 0.0
