INFO: 14-07-2022 17:14:54 __init__(129) -- This is dronelog running on Drogno_0
INFO: 14-07-2022 17:14:54 printStatus(165) -- Started
INFO: 14-07-2022 17:14:55 printStatus(168) -- Drogno_0: connecting	battery: n.p.	kalman var: 0 0 0	 batterySag: 0	link quality: 0	flight time: 0s	pos 0.00 0.00 0.00	yaw: 0.00	msg/s 0.0
INFO: 14-07-2022 17:14:56 printStatus(168) -- Drogno_0: connecting	battery: n.p.	kalman var: 0 0 0	 batterySag: 0	link quality: 0	flight time: 0s	pos 0.00 0.00 0.00	yaw: 0.00	msg/s 0.0
INFO: 14-07-2022 17:14:58 printStatus(168) -- Drogno_0: connecting	battery: n.p.	kalman var: 0 0 0	 batterySag: 0	link quality: 0	flight time: 0s	pos 0.00 0.00 0.00	yaw: 0.00	msg/s 0.0
INFO: 14-07-2022 17:14:59 printStatus(168) -- Drogno_0: connecting	battery: n.p.	kalman var: 0 0 0	 batterySag: 0	link quality: 0	flight time: 0s	pos 0.00 0.00 0.00	yaw: 0.00	msg/s 0.0
INFO: 14-07-2022 17:15:00 printStatus(168) -- Drogno_0: connecting	battery: n.p.	kalman var: 0 0 0	 batterySag: 0	link quality: 0	flight time: 0s	pos 0.00 0.00 0.00	yaw: 0.00	msg/s 0.0
INFO: 14-07-2022 17:15:01 printStatus(168) -- Drogno_0: connecting	battery: n.p.	kalman var: 0 0 0	 batterySag: 0	link quality: 0	flight time: 0s	pos 0.00 0.00 0.00	yaw: 0.00	msg/s 0.0
INFO: 14-07-2022 17:15:02 printStatus(168) -- Drogno_0: connecting	battery: n.p.	kalman var: 0 0 0	 batterySag: 0	link quality: 0	flight time: 0s	pos 0.00 0.00 0.00	yaw: 0.00	msg/s 0.0
INFO: 14-07-2022 17:15:03 printStatus(168) -- Drogno_0: connecting	battery: n.p.	kalman var: 0 0 0	 batterySag: 0	link quality: 0	flight time: 0s	pos 0.00 0.00 0.00	yaw: 0.00	msg/s 0.0
INFO: 14-07-2022 17:15:05 printStatus(168) -- Drogno_0: connecting	battery: n.p.	kalman var: 0 0 0	 batterySag: 0	link quality: 0	flight time: 0s	pos 0.00 0.00 0.00	yaw: 0.00	msg/s 0.0
INFO: 14-07-2022 17:15:06 printStatus(168) -- Drogno_0: connecting	battery: n.p.	kalman var: 0 0 0	 batterySag: 0	link quality: 0	flight time: 0s	pos 0.00 0.00 0.00	yaw: 0.00	msg/s 0.0
INFO: 14-07-2022 17:15:07 printStatus(168) -- Drogno_0: connecting	battery: n.p.	kalman var: 0 0 0	 batterySag: 0	link quality: 0	flight time: 0s	pos 0.00 0.00 0.00	yaw: 0.00	msg/s 0.0
INFO: 14-07-2022 17:15:08 printStatus(168) -- Drogno_0: connecting	battery: n.p.	kalman var: 0 0 0	 batterySag: 0	link quality: 0	flight time: 0s	pos 0.00 0.00 0.00	yaw: 0.00	msg/s 0.0
INFO: 14-07-2022 17:15:09 printStatus(168) -- Drogno_0: connecting	battery: n.p.	kalman var: 0 0 0	 batterySag: 0	link quality: 0	flight time: 0s	pos 0.00 0.00 0.00	yaw: 0.00	msg/s 0.0
INFO: 14-07-2022 17:15:11 printStatus(168) -- Drogno_0: connecting	battery: n.p.	kalman var: 0 0 0	 batterySag: 0	link quality: 0	flight time: 0s	pos 0.00 0.00 0.00	yaw: 0.00	msg/s 0.0
INFO: 14-07-2022 17:15:12 printStatus(168) -- Drogno_0: connecting	battery: n.p.	kalman var: 0 0 0	 batterySag: 0	link quality: 0	flight time: 0s	pos 0.00 0.00 0.00	yaw: 0.00	msg/s 0.0
INFO: 14-07-2022 17:15:13 printStatus(168) -- Drogno_0: connecting	battery: n.p.	kalman var: 0 0 0	 batterySag: 0	link quality: 0	flight time: 0s	pos 0.00 0.00 0.00	yaw: 0.00	msg/s 0.0
INFO: 14-07-2022 17:15:14 printStatus(168) -- Drogno_0: connecting	battery: n.p.	kalman var: 0 0 0	 batterySag: 0	link quality: 0	flight time: 0s	pos 0.00 0.00 0.00	yaw: 0.00	msg/s 0.0
INFO: 14-07-2022 17:15:15 printStatus(168) -- Drogno_0: connecting	battery: n.p.	kalman var: 0 0 0	 batterySag: 0	link quality: 0	flight time: 0s	pos 0.00 0.00 0.00	yaw: 0.00	msg/s 0.0
INFO: 14-07-2022 17:15:16 printStatus(168) -- Drogno_0: connecting	battery: n.p.	kalman var: 0 0 0	 batterySag: 0	link quality: 0	flight time: 0s	pos 0.00 0.00 0.00	yaw: 0.00	msg/s 0.0
INFO: 14-07-2022 17:15:18 printStatus(168) -- Drogno_0: connecting	battery: n.p.	kalman var: 0 0 0	 batterySag: 0	link quality: 0	flight time: 0s	pos 0.00 0.00 0.00	yaw: 0.00	msg/s 0.0
INFO: 14-07-2022 17:15:19 printStatus(168) -- Drogno_0: connecting	battery: n.p.	kalman var: 0 0 0	 batterySag: 0	link quality: 0	flight time: 0s	pos 0.00 0.00 0.00	yaw: 0.00	msg/s 0.0
INFO: 14-07-2022 17:15:20 printStatus(168) -- Drogno_0: connecting	battery: n.p.	kalman var: 0 0 0	 batterySag: 0	link quality: 0	flight time: 0s	pos 0.00 0.00 0.00	yaw: 0.00	msg/s 0.0
INFO: 14-07-2022 17:15:21 printStatus(168) -- Drogno_0: connecting	battery: n.p.	kalman var: 0 0 0	 batterySag: 0	link quality: 0	flight time: 0s	pos 0.00 0.00 0.00	yaw: 0.00	msg/s 0.0
INFO: 14-07-2022 17:15:22 printStatus(168) -- Drogno_0: connecting	battery: n.p.	kalman var: 0 0 0	 batterySag: 0	link quality: 0	flight time: 0s	pos 0.00 0.00 0.00	yaw: 0.00	msg/s 0.0
INFO: 14-07-2022 17:15:23 printStatus(168) -- Drogno_0: connecting	battery: n.p.	kalman var: 0 0 0	 batterySag: 0	link quality: 0	flight time: 0s	pos 0.00 0.00 0.00	yaw: 0.00	msg/s 0.0
INFO: 14-07-2022 17:15:25 printStatus(168) -- Drogno_0: connecting	battery: n.p.	kalman var: 0 0 0	 batterySag: 0	link quality: 0	flight time: 0s	pos 0.00 0.00 0.00	yaw: 0.00	msg/s 0.0
INFO: 14-07-2022 17:15:26 printStatus(168) -- Drogno_0: connecting	battery: n.p.	kalman var: 0 0 0	 batterySag: 0	link quality: 0	flight time: 0s	pos 0.00 0.00 0.00	yaw: 0.00	msg/s 0.0
INFO: 14-07-2022 17:15:27 printStatus(168) -- Drogno_0: connecting	battery: n.p.	kalman var: 0 0 0	 batterySag: 0	link quality: 0	flight time: 0s	pos 0.00 0.00 0.00	yaw: 0.00	msg/s 0.0
INFO: 14-07-2022 17:15:28 printStatus(168) -- Drogno_0: connecting	battery: n.p.	kalman var: 0 0 0	 batterySag: 0	link quality: 0	flight time: 0s	pos -0.04 -0.01 -0.00	yaw: 0.00	msg/s 0.0
INFO: 14-07-2022 17:15:29 printStatus(168) -- Drogno_0: connecting	battery: n.p.	kalman var: 0 0 0	 batterySag: 0	link quality: 0	flight time: 0s	pos -0.04 -0.01 -0.00	yaw: 0.00	msg/s 0.0
INFO: 14-07-2022 17:15:30 printStatus(168) -- Drogno_0: connecting	battery: n.p.	kalman var: 0 0 0	 batterySag: 0	link quality: 0	flight time: 0s	pos -0.04 -0.01 -0.00	yaw: 0.00	msg/s 0.0
INFO: 14-07-2022 17:15:32 printStatus(168) -- Drogno_0: connecting	battery: n.p.	kalman var: 0 0 0	 batterySag: 0	link quality: 0	flight time: 0s	pos -0.04 -0.01 -0.00	yaw: 0.00	msg/s 0.0
INFO: 14-07-2022 17:15:33 printStatus(168) -- Drogno_0: connecting	battery: n.p.	kalman var: 0 0 0	 batterySag: 0	link quality: 0	flight time: 0s	pos -0.04 -0.01 -0.00	yaw: 0.00	msg/s 0.0
INFO: 14-07-2022 17:15:34 printStatus(168) -- Drogno_0: connecting	battery: n.p.	kalman var: 0 0 0	 batterySag: 0	link quality: 0	flight time: 0s	pos -0.04 -0.01 0.01	yaw: 0.00	msg/s 0.0
INFO: 14-07-2022 17:15:35 printStatus(168) -- Drogno_0: connecting	battery: n.p.	kalman var: 0 0 0	 batterySag: 0	link quality: 0	flight time: 0s	pos -0.11 -0.04 0.24	yaw: 0.00	msg/s 0.0
INFO: 14-07-2022 17:15:36 printStatus(168) -- Drogno_0: connecting	battery: n.p.	kalman var: 0 0 0	 batterySag: 0	link quality: 0	flight time: 0s	pos -0.11 -0.04 0.24	yaw: 0.00	msg/s 0.0
INFO: 14-07-2022 17:15:37 printStatus(168) -- Drogno_0: connecting	battery: n.p.	kalman var: 0 0 0	 batterySag: 0	link quality: 0	flight time: 0s	pos -0.10 -0.02 0.24	yaw: 0.00	msg/s 0.0
INFO: 14-07-2022 17:15:39 printStatus(168) -- Drogno_0: connecting	battery: n.p.	kalman var: 0 0 0	 batterySag: 0	link quality: 0	flight time: 0s	pos -0.06 -0.01 -0.00	yaw: 0.00	msg/s 0.0
INFO: 14-07-2022 17:15:40 printStatus(168) -- Drogno_0: connecting	battery: n.p.	kalman var: 0 0 0	 batterySag: 0	link quality: 0	flight time: 0s	pos -0.06 -0.01 -0.00	yaw: 0.00	msg/s 0.0
INFO: 14-07-2022 17:15:41 printStatus(168) -- Drogno_0: connecting	battery: n.p.	kalman var: 0 0 0	 batterySag: 0	link quality: 0	flight time: 0s	pos 0.04 0.00 0.01	yaw: 0.00	msg/s 0.0
INFO: 14-07-2022 17:15:42 printStatus(168) -- Drogno_0: connecting	battery: n.p.	kalman var: 0 0 0	 batterySag: 0	link quality: 0	flight time: 0s	pos 0.10 0.00 0.00	yaw: 0.00	msg/s 0.0
INFO: 14-07-2022 17:15:43 printStatus(168) -- Drogno_0: connecting	battery: n.p.	kalman var: 0 0 0	 batterySag: 0	link quality: 0	flight time: 0s	pos 0.10 -0.00 0.00	yaw: 0.00	msg/s 0.0
INFO: 14-07-2022 17:15:45 printStatus(168) -- Drogno_0: connecting	battery: n.p.	kalman var: 0 0 0	 batterySag: 0	link quality: 0	flight time: 0s	pos 0.09 -0.07 0.01	yaw: 0.00	msg/s 0.0
INFO: 14-07-2022 17:15:46 printStatus(168) -- Drogno_0: connecting	battery: n.p.	kalman var: 0 0 0	 batterySag: 0	link quality: 0	flight time: 0s	pos 0.09 -0.15 0.00	yaw: 0.00	msg/s 0.0
INFO: 14-07-2022 17:15:47 printStatus(168) -- Drogno_0: connecting	battery: n.p.	kalman var: 0 0 0	 batterySag: 0	link quality: 0	flight time: 0s	pos 0.14 -0.14 0.01	yaw: 0.00	msg/s 0.0
INFO: 14-07-2022 17:15:48 printStatus(168) -- Drogno_0: connecting	battery: n.p.	kalman var: 0 0 0	 batterySag: 0	link quality: 0	flight time: 0s	pos 0.09 0.04 0.01	yaw: 0.00	msg/s 0.0
INFO: 14-07-2022 17:15:49 printStatus(168) -- Drogno_0: connecting	battery: n.p.	kalman var: 0 0 0	 batterySag: 0	link quality: 0	flight time: 0s	pos 0.08 0.18 0.00	yaw: 0.00	msg/s 0.0
INFO: 14-07-2022 17:15:50 printStatus(168) -- Drogno_0: connecting	battery: n.p.	kalman var: 0 0 0	 batterySag: 0	link quality: 0	flight time: 0s	pos 0.08 0.18 -0.00	yaw: 0.00	msg/s 0.0
INFO: 14-07-2022 17:15:52 printStatus(168) -- Drogno_0: connecting	battery: n.p.	kalman var: 0 0 0	 batterySag: 0	link quality: 0	flight time: 0s	pos 0.08 0.18 -0.00	yaw: 0.00	msg/s 0.0
INFO: 14-07-2022 17:15:53 printStatus(168) -- Drogno_0: connecting	battery: n.p.	kalman var: 0 0 0	 batterySag: 0	link quality: 0	flight time: 0s	pos 0.10 0.17 -0.00	yaw: 0.00	msg/s 0.0
INFO: 14-07-2022 17:15:54 printStatus(168) -- Drogno_0: connecting	battery: n.p.	kalman var: 0 0 0	 batterySag: 0	link quality: 0	flight time: 0s	pos 0.11 0.18 -0.00	yaw: 0.00	msg/s 0.0
INFO: 14-07-2022 17:15:55 printStatus(168) -- Drogno_0: connecting	battery: n.p.	kalman var: 0 0 0	 batterySag: 0	link quality: 0	flight time: 0s	pos 0.10 0.14 0.21	yaw: 0.00	msg/s 0.0
INFO: 14-07-2022 17:15:56 printStatus(168) -- Drogno_0: connecting	battery: n.p.	kalman var: 0 0 0	 batterySag: 0	link quality: 0	flight time: 0s	pos 0.09 0.13 0.21	yaw: 0.00	msg/s 0.0
INFO: 14-07-2022 17:15:57 printStatus(168) -- Drogno_0: connecting	battery: n.p.	kalman var: 0 0 0	 batterySag: 0	link quality: 0	flight time: 0s	pos 0.10 0.12 0.21	yaw: 0.00	msg/s 0.0
INFO: 14-07-2022 17:15:59 printStatus(168) -- Drogno_0: connecting	battery: n.p.	kalman var: 0 0 0	 batterySag: 0	link quality: 0	flight time: 0s	pos 0.10 0.09 0.19	yaw: 0.00	msg/s 0.0
INFO: 14-07-2022 17:16:00 printStatus(168) -- Drogno_0: connecting	battery: n.p.	kalman var: 0 0 0	 batterySag: 0	link quality: 0	flight time: 0s	pos -0.35 -0.20 0.67	yaw: 0.00	msg/s 0.0
INFO: 14-07-2022 17:16:01 printStatus(168) -- Drogno_0: connecting	battery: n.p.	kalman var: 0 0 0	 batterySag: 0	link quality: 0	flight time: 0s	pos -0.05 -0.01 -0.00	yaw: 0.00	msg/s 0.0
INFO: 14-07-2022 17:16:02 printStatus(168) -- Drogno_0: connecting	battery: n.p.	kalman var: 0 0 0	 batterySag: 0	link quality: 0	flight time: 0s	pos -0.05 -0.01 -0.01	yaw: 0.00	msg/s 0.0
INFO: 14-07-2022 17:16:03 printStatus(168) -- Drogno_0: connecting	battery: n.p.	kalman var: 0 0 0	 batterySag: 0	link quality: 0	flight time: 0s	pos -0.05 -0.01 -0.00	yaw: 0.00	msg/s 0.0
INFO: 14-07-2022 17:16:05 printStatus(168) -- Drogno_0: connecting	battery: n.p.	kalman var: 0 0 0	 batterySag: 0	link quality: 0	flight time: 0s	pos -0.05 -0.02 -0.00	yaw: 0.00	msg/s 0.0
INFO: 14-07-2022 17:16:06 printStatus(168) -- Drogno_0: connecting	battery: n.p.	kalman var: 0 0 0	 batterySag: 0	link quality: 0	flight time: 0s	pos -0.02 -0.01 -0.00	yaw: 0.00	msg/s 0.0
INFO: 14-07-2022 17:16:07 printStatus(168) -- Drogno_0: connecting	battery: n.p.	kalman var: 0 0 0	 batterySag: 0	link quality: 0	flight time: 0s	pos -0.02 -0.01 -0.00	yaw: 0.00	msg/s 0.0
INFO: 14-07-2022 17:16:08 printStatus(168) -- Drogno_0: connecting	battery: n.p.	kalman var: 0 0 0	 batterySag: 0	link quality: 0	flight time: 0s	pos -0.02 -0.01 -0.00	yaw: 0.00	msg/s 0.0
INFO: 14-07-2022 17:16:09 printStatus(168) -- Drogno_0: connecting	battery: n.p.	kalman var: 0 0 0	 batterySag: 0	link quality: 0	flight time: 0s	pos -0.02 -0.01 -0.00	yaw: 0.00	msg/s 0.0
INFO: 14-07-2022 17:16:10 printStatus(168) -- Drogno_0: connecting	battery: n.p.	kalman var: 0 0 0	 batterySag: 0	link quality: 0	flight time: 0s	pos -0.02 -0.01 -0.00	yaw: 0.00	msg/s 0.0
INFO: 14-07-2022 17:16:12 printStatus(168) -- Drogno_0: connecting	battery: n.p.	kalman var: 0 0 0	 batterySag: 0	link quality: 0	flight time: 0s	pos -0.03 -0.01 -0.00	yaw: 0.00	msg/s 0.0
INFO: 14-07-2022 17:16:13 printStatus(168) -- Drogno_0: connecting	battery: n.p.	kalman var: 0 0 0	 batterySag: 0	link quality: 0	flight time: 0s	pos -0.02 -0.01 -0.00	yaw: 0.00	msg/s 0.0
INFO: 14-07-2022 17:16:14 printStatus(168) -- Drogno_0: connecting	battery: n.p.	kalman var: 0 0 0	 batterySag: 0	link quality: 0	flight time: 0s	pos -0.02 -0.01 -0.00	yaw: 0.00	msg/s 0.0
INFO: 14-07-2022 17:16:15 printStatus(168) -- Drogno_0: connecting	battery: n.p.	kalman var: 0 0 0	 batterySag: 0	link quality: 0	flight time: 0s	pos -0.02 -0.01 -0.00	yaw: 0.00	msg/s 0.0
INFO: 14-07-2022 17:16:16 printStatus(168) -- Drogno_0: connecting	battery: n.p.	kalman var: 0 0 0	 batterySag: 0	link quality: 0	flight time: 0s	pos -0.02 -0.01 -0.00	yaw: 0.00	msg/s 0.0
INFO: 14-07-2022 17:16:17 printStatus(168) -- Drogno_0: connecting	battery: n.p.	kalman var: 0 0 0	 batterySag: 0	link quality: 0	flight time: 0s	pos -0.02 -0.01 -0.00	yaw: 0.00	msg/s 0.0
INFO: 14-07-2022 17:16:19 printStatus(168) -- Drogno_0: connecting	battery: n.p.	kalman var: 0 0 0	 batterySag: 0	link quality: 0	flight time: 0s	pos -0.02 -0.01 -0.00	yaw: 0.00	msg/s 0.0
INFO: 14-07-2022 17:16:20 printStatus(168) -- Drogno_0: connecting	battery: n.p.	kalman var: 0 0 0	 batterySag: 0	link quality: 0	flight time: 0s	pos -0.02 -0.01 -0.00	yaw: 0.00	msg/s 0.0
INFO: 14-07-2022 17:16:21 printStatus(168) -- Drogno_0: connecting	battery: n.p.	kalman var: 0 0 0	 batterySag: 0	link quality: 0	flight time: 0s	pos -0.02 0.04 -0.09	yaw: 0.00	msg/s 0.0
INFO: 14-07-2022 17:16:22 printStatus(168) -- Drogno_0: connecting	battery: n.p.	kalman var: 0 0 0	 batterySag: 0	link quality: 0	flight time: 0s	pos -0.02 -0.01 -0.00	yaw: 0.00	msg/s 0.0
INFO: 14-07-2022 17:16:23 printStatus(168) -- Drogno_0: connecting	battery: n.p.	kalman var: 0 0 0	 batterySag: 0	link quality: 0	flight time: 0s	pos -0.02 -0.01 -0.00	yaw: 0.00	msg/s 0.0
INFO: 14-07-2022 17:16:24 printStatus(168) -- Drogno_0: connecting	battery: n.p.	kalman var: 0 0 0	 batterySag: 0	link quality: 0	flight time: 0s	pos -0.02 -0.01 -0.00	yaw: 0.00	msg/s 0.0
INFO: 14-07-2022 17:16:26 printStatus(168) -- Drogno_0: connecting	battery: n.p.	kalman var: 0 0 0	 batterySag: 0	link quality: 0	flight time: 0s	pos -0.02 -0.01 -0.00	yaw: 0.00	msg/s 0.0
INFO: 14-07-2022 17:16:27 printStatus(168) -- Drogno_0: connecting	battery: n.p.	kalman var: 0 0 0	 batterySag: 0	link quality: 0	flight time: 0s	pos -0.02 -0.01 -0.00	yaw: 0.00	msg/s 0.0
INFO: 14-07-2022 17:16:28 printStatus(168) -- Drogno_0: connecting	battery: n.p.	kalman var: 0 0 0	 batterySag: 0	link quality: 0	flight time: 0s	pos -0.02 -0.01 -0.00	yaw: 0.00	msg/s 0.0
INFO: 14-07-2022 17:16:29 printStatus(168) -- Drogno_0: connecting	battery: n.p.	kalman var: 0 0 0	 batterySag: 0	link quality: 0	flight time: 0s	pos -0.02 -0.01 -0.00	yaw: 0.00	msg/s 0.0
INFO: 14-07-2022 17:16:30 printStatus(168) -- Drogno_0: connecting	battery: n.p.	kalman var: 0 0 0	 batterySag: 0	link quality: 0	flight time: 0s	pos -0.02 -0.01 -0.00	yaw: 0.00	msg/s 0.0
INFO: 14-07-2022 17:16:32 printStatus(168) -- Drogno_0: connecting	battery: n.p.	kalman var: 0 0 0	 batterySag: 0	link quality: 0	flight time: 0s	pos -0.02 -0.01 -0.00	yaw: 0.00	msg/s 0.0
INFO: 14-07-2022 17:16:33 printStatus(168) -- Drogno_0: connecting	battery: n.p.	kalman var: 0 0 0	 batterySag: 0	link quality: 0	flight time: 0s	pos -0.02 -0.01 -0.00	yaw: 0.00	msg/s 0.0
INFO: 14-07-2022 17:16:34 printStatus(168) -- Drogno_0: connecting	battery: n.p.	kalman var: 0 0 0	 batterySag: 0	link quality: 0	flight time: 0s	pos -0.02 -0.01 -0.00	yaw: 0.00	msg/s 0.0
INFO: 14-07-2022 17:16:35 printStatus(168) -- Drogno_0: connecting	battery: n.p.	kalman var: 0 0 0	 batterySag: 0	link quality: 0	flight time: 0s	pos -0.03 -0.01 -0.00	yaw: 0.00	msg/s 0.0
INFO: 14-07-2022 17:16:36 printStatus(168) -- Drogno_0: connecting	battery: n.p.	kalman var: 0 0 0	 batterySag: 0	link quality: 0	flight time: 0s	pos -0.02 -0.01 -0.00	yaw: 0.00	msg/s 0.0
INFO: 14-07-2022 17:16:37 printStatus(168) -- Drogno_0: connecting	battery: n.p.	kalman var: 0 0 0	 batterySag: 0	link quality: 0	flight time: 0s	pos -0.02 -0.01 -0.00	yaw: 0.00	msg/s 0.0
INFO: 14-07-2022 17:16:39 printStatus(168) -- Drogno_0: connecting	battery: n.p.	kalman var: 0 0 0	 batterySag: 0	link quality: 0	flight time: 0s	pos -0.02 -0.01 -0.00	yaw: 0.00	msg/s 0.0
INFO: 14-07-2022 17:16:40 printStatus(168) -- Drogno_0: connecting	battery: n.p.	kalman var: 0 0 0	 batterySag: 0	link quality: 0	flight time: 0s	pos -0.02 -0.01 -0.00	yaw: 0.00	msg/s 0.0
INFO: 14-07-2022 17:16:41 printStatus(168) -- Drogno_0: connecting	battery: n.p.	kalman var: 0 0 0	 batterySag: 0	link quality: 0	flight time: 0s	pos -0.02 -0.01 -0.00	yaw: 0.00	msg/s 0.0
INFO: 14-07-2022 17:16:42 printStatus(168) -- Drogno_0: connecting	battery: n.p.	kalman var: 0 0 0	 batterySag: 0	link quality: 0	flight time: 0s	pos -0.02 -0.01 -0.00	yaw: 0.00	msg/s 0.0
INFO: 14-07-2022 17:16:43 printStatus(168) -- Drogno_0: connecting	battery: n.p.	kalman var: 0 0 0	 batterySag: 0	link quality: 0	flight time: 0s	pos -0.02 -0.01 -0.00	yaw: 0.00	msg/s 0.0
INFO: 14-07-2022 17:16:44 printStatus(168) -- Drogno_0: connecting	battery: n.p.	kalman var: 0 0 0	 batterySag: 0	link quality: 0	flight time: 0s	pos -0.02 -0.01 -0.00	yaw: 0.00	msg/s 0.0
INFO: 14-07-2022 17:16:46 printStatus(168) -- Drogno_0: connecting	battery: n.p.	kalman var: 0 0 0	 batterySag: 0	link quality: 0	flight time: 0s	pos -0.02 -0.01 -0.00	yaw: 0.00	msg/s 0.0
INFO: 14-07-2022 17:16:47 printStatus(168) -- Drogno_0: connecting	battery: n.p.	kalman var: 0 0 0	 batterySag: 0	link quality: 0	flight time: 0s	pos -0.02 -0.01 -0.00	yaw: 0.00	msg/s 0.0
INFO: 14-07-2022 17:16:48 printStatus(168) -- Drogno_0: connecting	battery: n.p.	kalman var: 0 0 0	 batterySag: 0	link quality: 0	flight time: 0s	pos -0.02 -0.01 -0.00	yaw: 0.00	msg/s 0.0
INFO: 14-07-2022 17:16:49 printStatus(168) -- Drogno_0: connecting	battery: n.p.	kalman var: 0 0 0	 batterySag: 0	link quality: 0	flight time: 0s	pos -0.02 -0.01 -0.00	yaw: 0.00	msg/s 0.0
INFO: 14-07-2022 17:16:50 printStatus(168) -- Drogno_0: connecting	battery: n.p.	kalman var: 0 0 0	 batterySag: 0	link quality: 0	flight time: 0s	pos -0.02 -0.01 -0.00	yaw: 0.00	msg/s 0.0
INFO: 14-07-2022 17:16:52 printStatus(168) -- Drogno_0: connecting	battery: n.p.	kalman var: 0 0 0	 batterySag: 0	link quality: 0	flight time: 0s	pos -0.02 -0.01 -0.00	yaw: 0.00	msg/s 0.0
INFO: 14-07-2022 17:16:53 printStatus(168) -- Drogno_0: connecting	battery: n.p.	kalman var: 0 0 0	 batterySag: 0	link quality: 0	flight time: 0s	pos -0.02 -0.01 -0.00	yaw: 0.00	msg/s 0.0
INFO: 14-07-2022 17:16:54 printStatus(168) -- Drogno_0: connecting	battery: n.p.	kalman var: 0 0 0	 batterySag: 0	link quality: 0	flight time: 0s	pos -0.02 -0.01 -0.00	yaw: 0.00	msg/s 0.0
INFO: 14-07-2022 17:16:55 printStatus(168) -- Drogno_0: connecting	battery: n.p.	kalman var: 0 0 0	 batterySag: 0	link quality: 0	flight time: 0s	pos -0.02 -0.01 -0.00	yaw: 0.00	msg/s 0.0
INFO: 14-07-2022 17:16:56 printStatus(168) -- Drogno_0: connecting	battery: n.p.	kalman var: 0 0 0	 batterySag: 0	link quality: 0	flight time: 0s	pos -0.02 -0.01 -0.00	yaw: 0.00	msg/s 0.0
INFO: 14-07-2022 17:16:57 printStatus(168) -- Drogno_0: connecting	battery: n.p.	kalman var: 0 0 0	 batterySag: 0	link quality: 0	flight time: 0s	pos -0.02 -0.01 -0.00	yaw: 0.00	msg/s 0.0
INFO: 14-07-2022 17:16:59 printStatus(168) -- Drogno_0: connecting	battery: n.p.	kalman var: 0 0 0	 batterySag: 0	link quality: 0	flight time: 0s	pos -0.02 -0.01 -0.00	yaw: 0.00	msg/s 0.0
INFO: 14-07-2022 17:17:00 printStatus(168) -- Drogno_0: connecting	battery: n.p.	kalman var: 0 0 0	 batterySag: 0	link quality: 0	flight time: 0s	pos -0.02 -0.01 -0.00	yaw: 0.00	msg/s 0.0
INFO: 14-07-2022 17:17:01 printStatus(168) -- Drogno_0: connecting	battery: n.p.	kalman var: 0 0 0	 batterySag: 0	link quality: 0	flight time: 0s	pos -0.02 -0.01 -0.00	yaw: 0.00	msg/s 0.0
INFO: 14-07-2022 17:17:02 printStatus(168) -- Drogno_0: connecting	battery: n.p.	kalman var: 0 0 0	 batterySag: 0	link quality: 0	flight time: 0s	pos -0.02 -0.01 -0.00	yaw: 0.00	msg/s 0.0
INFO: 14-07-2022 17:17:03 printStatus(168) -- Drogno_0: connecting	battery: n.p.	kalman var: 0 0 0	 batterySag: 0	link quality: 0	flight time: 0s	pos -0.02 -0.01 -0.00	yaw: 0.00	msg/s 0.0
INFO: 14-07-2022 17:17:05 printStatus(168) -- Drogno_0: connecting	battery: n.p.	kalman var: 0 0 0	 batterySag: 0	link quality: 0	flight time: 0s	pos -0.02 -0.01 -0.00	yaw: 0.00	msg/s 0.0
INFO: 14-07-2022 17:17:06 printStatus(168) -- Drogno_0: connecting	battery: n.p.	kalman var: 0 0 0	 batterySag: 0	link quality: 0	flight time: 0s	pos -0.03 -0.01 -0.00	yaw: 0.00	msg/s 0.0
INFO: 14-07-2022 17:17:07 printStatus(168) -- Drogno_0: connecting	battery: n.p.	kalman var: 0 0 0	 batterySag: 0	link quality: 0	flight time: 0s	pos -0.02 -0.01 -0.00	yaw: 0.00	msg/s 0.0
INFO: 14-07-2022 17:17:08 printStatus(168) -- Drogno_0: connecting	battery: n.p.	kalman var: 0 0 0	 batterySag: 0	link quality: 0	flight time: 0s	pos -0.02 -0.01 -0.00	yaw: 0.00	msg/s 0.0
INFO: 14-07-2022 17:17:09 printStatus(168) -- Drogno_0: connecting	battery: n.p.	kalman var: 0 0 0	 batterySag: 0	link quality: 0	flight time: 0s	pos -0.02 -0.01 -0.00	yaw: 0.00	msg/s 0.0
INFO: 14-07-2022 17:17:10 printStatus(168) -- Drogno_0: connecting	battery: n.p.	kalman var: 0 0 0	 batterySag: 0	link quality: 0	flight time: 0s	pos -0.02 -0.01 -0.00	yaw: 0.00	msg/s 0.0
INFO: 14-07-2022 17:17:12 printStatus(168) -- Drogno_0: connecting	battery: n.p.	kalman var: 0 0 0	 batterySag: 0	link quality: 0	flight time: 0s	pos -0.02 -0.01 -0.00	yaw: 0.00	msg/s 0.0
INFO: 14-07-2022 17:17:13 printStatus(168) -- Drogno_0: connecting	battery: n.p.	kalman var: 0 0 0	 batterySag: 0	link quality: 0	flight time: 0s	pos -0.02 -0.01 -0.00	yaw: 0.00	msg/s 0.0
INFO: 14-07-2022 17:17:14 printStatus(168) -- Drogno_0: connecting	battery: n.p.	kalman var: 0 0 0	 batterySag: 0	link quality: 0	flight time: 0s	pos -0.02 -0.01 -0.00	yaw: 0.00	msg/s 0.0
INFO: 14-07-2022 17:17:15 printStatus(168) -- Drogno_0: connecting	battery: n.p.	kalman var: 0 0 0	 batterySag: 0	link quality: 0	flight time: 0s	pos -0.02 -0.01 -0.00	yaw: 0.00	msg/s 0.0
INFO: 14-07-2022 17:17:16 printStatus(168) -- Drogno_0: connecting	battery: n.p.	kalman var: 0 0 0	 batterySag: 0	link quality: 0	flight time: 0s	pos -0.02 -0.01 -0.00	yaw: 0.00	msg/s 0.0
INFO: 14-07-2022 17:17:17 printStatus(168) -- Drogno_0: connecting	battery: n.p.	kalman var: 0 0 0	 batterySag: 0	link quality: 0	flight time: 0s	pos -0.02 -0.01 -0.00	yaw: 0.00	msg/s 0.0
INFO: 14-07-2022 17:17:18 printStatus(168) -- Drogno_0: connecting	battery: n.p.	kalman var: 0 0 0	 batterySag: 0	link quality: 0	flight time: 0s	pos -0.02 -0.01 -0.00	yaw: 0.00	msg/s 0.0
INFO: 14-07-2022 17:17:20 printStatus(168) -- Drogno_0: connecting	battery: n.p.	kalman var: 0 0 0	 batterySag: 0	link quality: 0	flight time: 0s	pos -0.02 -0.01 -0.00	yaw: 0.00	msg/s 0.0
INFO: 14-07-2022 17:17:21 printStatus(168) -- Drogno_0: connecting	battery: n.p.	kalman var: 0 0 0	 batterySag: 0	link quality: 0	flight time: 0s	pos -0.02 -0.01 -0.00	yaw: 0.00	msg/s 0.0
INFO: 14-07-2022 17:17:22 printStatus(168) -- Drogno_0: connecting	battery: n.p.	kalman var: 0 0 0	 batterySag: 0	link quality: 0	flight time: 0s	pos -0.02 -0.01 -0.00	yaw: 0.00	msg/s 0.0
INFO: 14-07-2022 17:17:23 printStatus(168) -- Drogno_0: connecting	battery: n.p.	kalman var: 0 0 0	 batterySag: 0	link quality: 0	flight time: 0s	pos -0.02 -0.01 -0.00	yaw: 0.00	msg/s 0.0
INFO: 14-07-2022 17:17:24 printStatus(168) -- Drogno_0: connecting	battery: n.p.	kalman var: 0 0 0	 batterySag: 0	link quality: 0	flight time: 0s	pos -0.02 -0.01 -0.00	yaw: 0.00	msg/s 0.0
INFO: 14-07-2022 17:17:25 printStatus(168) -- Drogno_0: connecting	battery: n.p.	kalman var: 0 0 0	 batterySag: 0	link quality: 0	flight time: 0s	pos -0.02 -0.01 -0.00	yaw: 0.00	msg/s 0.0
INFO: 14-07-2022 17:17:27 printStatus(168) -- Drogno_0: connecting	battery: n.p.	kalman var: 0 0 0	 batterySag: 0	link quality: 0	flight time: 0s	pos -0.02 -0.01 -0.00	yaw: 0.00	msg/s 0.0
INFO: 14-07-2022 17:17:28 printStatus(168) -- Drogno_0: connecting	battery: n.p.	kalman var: 0 0 0	 batterySag: 0	link quality: 0	flight time: 0s	pos -0.01 -0.01 -0.04	yaw: 0.00	msg/s 0.0
INFO: 14-07-2022 17:17:29 printStatus(168) -- Drogno_0: connecting	battery: n.p.	kalman var: 0 0 0	 batterySag: 0	link quality: 0	flight time: 0s	pos -0.02 -0.01 -0.00	yaw: 0.00	msg/s 0.0
INFO: 14-07-2022 17:17:30 printStatus(168) -- Drogno_0: connecting	battery: n.p.	kalman var: 0 0 0	 batterySag: 0	link quality: 0	flight time: 0s	pos -0.02 -0.01 -0.00	yaw: 0.00	msg/s 0.0
INFO: 14-07-2022 17:17:31 printStatus(168) -- Drogno_0: connecting	battery: n.p.	kalman var: 0 0 0	 batterySag: 0	link quality: 0	flight time: 0s	pos -0.02 -0.01 -0.00	yaw: 0.00	msg/s 0.0
INFO: 14-07-2022 17:17:32 printStatus(168) -- Drogno_0: connecting	battery: n.p.	kalman var: 0 0 0	 batterySag: 0	link quality: 0	flight time: 0s	pos -0.02 -0.01 -0.00	yaw: 0.00	msg/s 0.0
INFO: 14-07-2022 17:17:34 printStatus(168) -- Drogno_0: connecting	battery: n.p.	kalman var: 0 0 0	 batterySag: 0	link quality: 0	flight time: 0s	pos -0.02 -0.01 -0.00	yaw: 0.00	msg/s 0.0
INFO: 14-07-2022 17:17:35 printStatus(168) -- Drogno_0: connecting	battery: n.p.	kalman var: 0 0 0	 batterySag: 0	link quality: 0	flight time: 0s	pos -0.02 -0.01 -0.00	yaw: 0.00	msg/s 0.0
INFO: 14-07-2022 17:17:36 printStatus(168) -- Drogno_0: connecting	battery: n.p.	kalman var: 0 0 0	 batterySag: 0	link quality: 0	flight time: 0s	pos -0.02 -0.01 -0.00	yaw: 0.00	msg/s 0.0
INFO: 14-07-2022 17:17:37 printStatus(168) -- Drogno_0: connecting	battery: n.p.	kalman var: 0 0 0	 batterySag: 0	link quality: 0	flight time: 0s	pos -0.02 -0.01 -0.00	yaw: 0.00	msg/s 0.0
INFO: 14-07-2022 17:17:38 printStatus(168) -- Drogno_0: connecting	battery: n.p.	kalman var: 0 0 0	 batterySag: 0	link quality: 0	flight time: 0s	pos -0.02 -0.01 -0.00	yaw: 0.00	msg/s 0.0
INFO: 14-07-2022 17:17:39 printStatus(168) -- Drogno_0: connecting	battery: n.p.	kalman var: 0 0 0	 batterySag: 0	link quality: 0	flight time: 0s	pos -0.02 -0.01 -0.00	yaw: 0.00	msg/s 0.0
INFO: 14-07-2022 17:17:40 printStatus(168) -- Drogno_0: connecting	battery: n.p.	kalman var: 0 0 0	 batterySag: 0	link quality: 0	flight time: 0s	pos -0.02 -0.01 -0.00	yaw: 0.00	msg/s 0.0
INFO: 14-07-2022 17:17:42 printStatus(168) -- Drogno_0: connecting	battery: n.p.	kalman var: 0 0 0	 batterySag: 0	link quality: 0	flight time: 0s	pos -0.02 -0.01 -0.00	yaw: 0.00	msg/s 0.0
INFO: 14-07-2022 17:17:43 printStatus(168) -- Drogno_0: connecting	battery: n.p.	kalman var: 0 0 0	 batterySag: 0	link quality: 0	flight time: 0s	pos -0.02 -0.01 -0.00	yaw: 0.00	msg/s 0.0
INFO: 14-07-2022 17:17:44 printStatus(168) -- Drogno_0: connecting	battery: n.p.	kalman var: 0 0 0	 batterySag: 0	link quality: 0	flight time: 0s	pos -0.03 -0.01 -0.00	yaw: 0.00	msg/s 0.0
