INFO: 11-10-2021 20:22:53 __init__(130) -- This is dronelog running on Drogno_1
INFO: 11-10-2021 20:22:53 printStatus(166) -- Started
INFO: 11-10-2021 20:22:55 printStatus(169) -- Drogno_1: connecting	battery: n.p.	kalman var: 0 0 0	 batterySag: 0	link quality: 0	flight time: 0s	pos 0.00 0.00 0.00	yaw: 0.00	msg/s 0.0
INFO: 11-10-2021 20:22:56 printStatus(169) -- Drogno_1: connecting	battery: n.p.	kalman var: 0 0 0	 batterySag: 0	link quality: 0	flight time: 0s	pos 0.00 0.00 0.00	yaw: 0.00	msg/s 0.0
INFO: 11-10-2021 20:22:57 printStatus(169) -- Drogno_1: connecting	battery: n.p.	kalman var: 0 0 0	 batterySag: 0	link quality: 0	flight time: 0s	pos 0.00 0.00 0.00	yaw: 0.00	msg/s 0.0
INFO: 11-10-2021 20:22:58 printStatus(169) -- Drogno_1: connecting	battery: n.p.	kalman var: 0 0 0	 batterySag: 0	link quality: 0	flight time: 0s	pos 0.00 0.00 0.00	yaw: 0.00	msg/s 0.0
INFO: 11-10-2021 20:22:59 printStatus(169) -- Drogno_1: landed	battery: n.p.	kalman var: 0 0 0	 batterySag: 0	link quality: 0	flight time: 0s	pos 0.00 0.00 0.00	yaw: 0.00	msg/s 0.0
INFO: 11-10-2021 20:23:00 printStatus(169) -- Drogno_1: landed	battery: n.p.	kalman var: 0 0 0	 batterySag: 0	link quality: 0	flight time: 0s	pos 0.00 0.00 0.00	yaw: 0.00	msg/s 0.0
INFO: 11-10-2021 20:23:02 printStatus(169) -- Drogno_1: landed	battery: n.p.	kalman var: 0 0 0	 batterySag: 0	link quality: 0	flight time: 0s	pos 0.00 0.00 0.00	yaw: 0.00	msg/s 0.0
INFO: 11-10-2021 20:23:04 printStatus(169) -- Drogno_1: ready	battery: 4.15	kalman var: 0.0 0.0 0.0	 batterySag: 0.73388671875	link quality: 61	flight time: 0s	pos -0.43 0.98 -0.02	yaw: -1.46	msg/s 0.0
INFO: 11-10-2021 20:23:05 printStatus(169) -- Drogno_1: ready	battery: 4.15	kalman var: 0.0 0.0 0.0	 batterySag: 0.73388671875	link quality: 61	flight time: 0s	pos -0.43 0.98 -0.02	yaw: -1.30	msg/s 0.0
INFO: 11-10-2021 20:23:07 printStatus(169) -- Drogno_1: ready	battery: 4.15	kalman var: 0.0 0.0 0.0	 batterySag: 0.73388671875	link quality: 62	flight time: 0s	pos -0.43 0.98 -0.02	yaw: -1.34	msg/s 0.0
INFO: 11-10-2021 20:23:08 printStatus(169) -- Drogno_1: ready	battery: 4.15	kalman var: 0.0 0.0 0.0	 batterySag: 0.73388671875	link quality: 61	flight time: 0s	pos -0.43 0.98 -0.02	yaw: -1.32	msg/s 0.0
INFO: 11-10-2021 20:23:09 printStatus(169) -- Drogno_1: ready	battery: 4.15	kalman var: 0.0 0.0 0.0	 batterySag: 0.73388671875	link quality: 61	flight time: 0s	pos -0.43 0.98 -0.02	yaw: -1.32	msg/s 0.0
INFO: 11-10-2021 20:23:10 printStatus(169) -- Drogno_1: ready	battery: 4.15	kalman var: 0.0 0.0 0.0	 batterySag: 0.73388671875	link quality: 62	flight time: 0s	pos -0.43 0.98 -0.02	yaw: -1.33	msg/s 0.0
INFO: 11-10-2021 20:23:11 printStatus(169) -- Drogno_1: ready	battery: 4.15	kalman var: 0.001 0.001 0.001	 batterySag: 0.73388671875	link quality: 62	flight time: 0s	pos -0.43 0.98 -0.02	yaw: -1.36	msg/s 0.0
INFO: 11-10-2021 20:23:13 printStatus(169) -- Drogno_1: ready	battery: 4.15	kalman var: 0.0 0.0 0.0	 batterySag: 0.73388671875	link quality: 61	flight time: 0s	pos -0.43 0.98 -0.02	yaw: -1.35	msg/s 0.0
INFO: 11-10-2021 20:23:14 printStatus(169) -- Drogno_1: ready	battery: 4.15	kalman var: 0.001 0.001 0.001	 batterySag: 0.73388671875	link quality: 61	flight time: 0s	pos -0.43 0.98 -0.02	yaw: -1.36	msg/s 0.0
INFO: 11-10-2021 20:23:15 printStatus(169) -- Drogno_1: ready	battery: 4.15	kalman var: 0.0 0.0 0.0	 batterySag: 0.73388671875	link quality: 61	flight time: 0s	pos -0.43 0.98 -0.02	yaw: -1.47	msg/s 0.0
INFO: 11-10-2021 20:23:16 printStatus(169) -- Drogno_1: ready	battery: 4.15	kalman var: 0.0 0.0 0.0	 batterySag: 0.73388671875	link quality: 63	flight time: 0s	pos -0.43 0.98 -0.02	yaw: -1.43	msg/s 0.0
INFO: 11-10-2021 20:23:17 printStatus(169) -- Drogno_1: ready	battery: 4.15	kalman var: 0.001 0.001 0.001	 batterySag: 0.73388671875	link quality: 61	flight time: 0s	pos -0.43 0.98 -0.02	yaw: -1.34	msg/s 0.0
INFO: 11-10-2021 20:23:19 printStatus(169) -- Drogno_1: ready	battery: 4.15	kalman var: 0.0 0.0 0.0	 batterySag: 0.73388671875	link quality: 60	flight time: 0s	pos -0.43 0.98 -0.02	yaw: -1.34	msg/s 0.0
INFO: 11-10-2021 20:23:20 printStatus(169) -- Drogno_1: ready	battery: 4.15	kalman var: 0.0 0.0 0.0	 batterySag: 0.73388671875	link quality: 60	flight time: 0s	pos -0.43 0.98 -0.02	yaw: -1.36	msg/s 0.0
INFO: 11-10-2021 20:23:21 printStatus(169) -- Drogno_1: ready	battery: 4.15	kalman var: 0.0 0.0 0.0	 batterySag: 0.73388671875	link quality: 61	flight time: 0s	pos -0.43 0.98 -0.02	yaw: -1.38	msg/s 0.0
INFO: 11-10-2021 20:23:22 printStatus(169) -- Drogno_1: ready	battery: 4.15	kalman var: 0.0 0.0 0.0	 batterySag: 0.73388671875	link quality: 61	flight time: 0s	pos -0.43 0.98 -0.02	yaw: -1.39	msg/s 0.0
INFO: 11-10-2021 20:23:23 printStatus(169) -- Drogno_1: ready	battery: 4.15	kalman var: 0.0 0.0 0.0	 batterySag: 0.73388671875	link quality: 61	flight time: 0s	pos -0.43 0.98 -0.02	yaw: -1.36	msg/s 0.0
INFO: 11-10-2021 20:23:25 printStatus(169) -- Drogno_1: ready	battery: 4.15	kalman var: 0.0 0.0 0.0	 batterySag: 0.73388671875	link quality: 61	flight time: 0s	pos -0.43 0.98 -0.02	yaw: -1.31	msg/s 0.0
INFO: 11-10-2021 20:23:26 printStatus(169) -- Drogno_1: ready	battery: 4.15	kalman var: 0.0 0.0 0.0	 batterySag: 0.73388671875	link quality: 62	flight time: 0s	pos -0.43 0.98 -0.02	yaw: -1.32	msg/s 0.0
INFO: 11-10-2021 20:23:27 printStatus(169) -- Drogno_1: ready	battery: 4.15	kalman var: 0.0 0.0 0.0	 batterySag: 0.73388671875	link quality: 61	flight time: 0s	pos -0.43 0.98 -0.02	yaw: -1.50	msg/s 0.0
INFO: 11-10-2021 20:23:28 printStatus(169) -- Drogno_1: ready	battery: 4.15	kalman var: 0.0 0.0 0.0	 batterySag: 0.73388671875	link quality: 61	flight time: 0s	pos -0.43 0.98 -0.02	yaw: -1.54	msg/s 0.0
INFO: 11-10-2021 20:23:30 printStatus(169) -- Drogno_1: ready	battery: 4.15	kalman var: 0.0 0.0 0.0	 batterySag: 0.73388671875	link quality: 60	flight time: 0s	pos -0.43 0.98 -0.02	yaw: -1.48	msg/s 0.0
INFO: 11-10-2021 20:23:31 printStatus(169) -- Drogno_1: ready	battery: 4.15	kalman var: 0.0 0.0 0.0	 batterySag: 0.73388671875	link quality: 61	flight time: 0s	pos -0.43 0.98 -0.02	yaw: -1.33	msg/s 0.0
INFO: 11-10-2021 20:23:32 printStatus(169) -- Drogno_1: ready	battery: 4.15	kalman var: 0.0 0.0 0.0	 batterySag: 0.73388671875	link quality: 62	flight time: 0s	pos -0.43 0.98 -0.02	yaw: -1.32	msg/s 0.0
INFO: 11-10-2021 20:23:34 printStatus(169) -- Drogno_1: ready	battery: 4.15	kalman var: 0.0 0.0 0.0	 batterySag: 0.73388671875	link quality: 61	flight time: 0s	pos -0.43 0.98 -0.02	yaw: -1.30	msg/s 0.0
INFO: 11-10-2021 20:23:36 printStatus(169) -- Drogno_1: ready	battery: 4.15	kalman var: 0.0 0.0 0.0	 batterySag: 0.73388671875	link quality: 61	flight time: 0s	pos -0.43 0.98 -0.02	yaw: -1.35	msg/s 0.0
INFO: 11-10-2021 20:23:38 printStatus(169) -- Drogno_1: ready	battery: 4.15	kalman var: 0.0 0.0 0.0	 batterySag: 0.73388671875	link quality: 61	flight time: 0s	pos -0.43 0.98 -0.02	yaw: -1.35	msg/s 0.0
INFO: 11-10-2021 20:23:39 printStatus(169) -- Drogno_1: ready	battery: 4.15	kalman var: 0.0 0.0 0.0	 batterySag: 0.73388671875	link quality: 61	flight time: 0s	pos -0.43 0.98 -0.02	yaw: -1.37	msg/s 0.0
INFO: 11-10-2021 20:23:40 printStatus(169) -- Drogno_1: ready	battery: 4.15	kalman var: 0.0 0.0 0.0	 batterySag: 0.73388671875	link quality: 61	flight time: 0s	pos -0.43 0.98 -0.02	yaw: -1.32	msg/s 0.0
INFO: 11-10-2021 20:23:42 printStatus(169) -- Drogno_1: ready	battery: 4.15	kalman var: 0.0 0.0 0.0	 batterySag: 0.73388671875	link quality: 61	flight time: 0s	pos -0.43 0.98 -0.02	yaw: -1.35	msg/s 0.0
INFO: 11-10-2021 20:23:43 printStatus(169) -- Drogno_1: ready	battery: 4.15	kalman var: 0.0 0.0 0.0	 batterySag: 0.73388671875	link quality: 61	flight time: 0s	pos -0.43 0.98 -0.02	yaw: -1.30	msg/s 0.0
INFO: 11-10-2021 20:23:44 printStatus(169) -- Drogno_1: ready	battery: 4.15	kalman var: 0.0 0.0 0.0	 batterySag: 0.73388671875	link quality: 61	flight time: 0s	pos -0.43 0.98 -0.02	yaw: -1.31	msg/s 0.0
INFO: 11-10-2021 20:23:46 printStatus(169) -- Drogno_1: ready	battery: 4.15	kalman var: 0.0 0.0 0.0	 batterySag: 0.73388671875	link quality: 61	flight time: 0s	pos -0.43 0.98 -0.02	yaw: -1.36	msg/s 0.0
INFO: 11-10-2021 20:23:47 printStatus(169) -- Drogno_1: ready	battery: 4.15	kalman var: 0.0 0.0 0.0	 batterySag: 0.73388671875	link quality: 61	flight time: 0s	pos -0.43 0.98 -0.02	yaw: -1.37	msg/s 0.0
INFO: 11-10-2021 20:23:48 printStatus(169) -- Drogno_1: ready	battery: 4.15	kalman var: 0.0 0.0 0.0	 batterySag: 0.73388671875	link quality: 61	flight time: 0s	pos -0.43 0.98 -0.02	yaw: -1.40	msg/s 0.0
INFO: 11-10-2021 20:23:50 printStatus(169) -- Drogno_1: ready	battery: 4.15	kalman var: 0.0 0.0 0.0	 batterySag: 0.73388671875	link quality: 61	flight time: 0s	pos -0.43 0.98 -0.02	yaw: -1.32	msg/s 0.0
INFO: 11-10-2021 20:23:51 printStatus(169) -- Drogno_1: ready	battery: 4.15	kalman var: 0.0 0.0 0.0	 batterySag: 0.73388671875	link quality: 61	flight time: 0s	pos -0.43 0.98 -0.02	yaw: -1.35	msg/s 0.0
INFO: 11-10-2021 20:23:53 printStatus(169) -- Drogno_1: ready	battery: 4.15	kalman var: 0.0 0.0 0.0	 batterySag: 0.73388671875	link quality: 61	flight time: 0s	pos -0.43 0.98 -0.02	yaw: -1.35	msg/s 0.0
INFO: 11-10-2021 20:23:55 printStatus(169) -- Drogno_1: ready	battery: 4.15	kalman var: 0.0 0.0 0.0	 batterySag: 0.73388671875	link quality: 61	flight time: 0s	pos -0.43 0.98 -0.02	yaw: -1.36	msg/s 0.0
INFO: 11-10-2021 20:23:56 printStatus(169) -- Drogno_1: ready	battery: 4.15	kalman var: 0.0 0.0 0.0	 batterySag: 0.73388671875	link quality: 61	flight time: 0s	pos -0.43 0.98 -0.02	yaw: -1.39	msg/s 0.0
INFO: 11-10-2021 20:23:57 printStatus(169) -- Drogno_1: ready	battery: 4.15	kalman var: 0.0 0.0 0.0	 batterySag: 0.73388671875	link quality: 60	flight time: 0s	pos -0.43 0.98 -0.02	yaw: -1.49	msg/s 0.0
INFO: 11-10-2021 20:23:59 printStatus(169) -- Drogno_1: ready	battery: 4.15	kalman var: 0.0 0.0 0.0	 batterySag: 0.73388671875	link quality: 63	flight time: 0s	pos -0.43 0.98 -0.02	yaw: -1.45	msg/s 0.0
INFO: 11-10-2021 20:24:00 printStatus(169) -- Drogno_1: ready	battery: 4.15	kalman var: 0.0 0.0 0.0	 batterySag: 0.73388671875	link quality: 61	flight time: 0s	pos -0.43 0.98 -0.02	yaw: -1.37	msg/s 0.0
INFO: 11-10-2021 20:24:02 printStatus(169) -- Drogno_1: ready	battery: 4.15	kalman var: 0.0 0.0 0.0	 batterySag: 0.73388671875	link quality: 61	flight time: 0s	pos -0.43 0.98 -0.02	yaw: -1.30	msg/s 0.0
INFO: 11-10-2021 20:24:03 printStatus(169) -- Drogno_1: ready	battery: 4.15	kalman var: 0.0 0.0 0.0	 batterySag: 0.73388671875	link quality: 61	flight time: 0s	pos -0.43 0.98 -0.02	yaw: -1.36	msg/s 0.0
INFO: 11-10-2021 20:24:04 printStatus(169) -- Drogno_1: ready	battery: 4.14	kalman var: 0.0 0.0 0.0	 batterySag: 0.73388671875	link quality: 61	flight time: 0s	pos -0.43 0.98 -0.02	yaw: -1.34	msg/s 0.0
INFO: 11-10-2021 20:24:05 printStatus(169) -- Drogno_1: ready	battery: 4.14	kalman var: 0.0 0.0 0.0	 batterySag: 0.73388671875	link quality: 61	flight time: 0s	pos -0.43 0.98 -0.02	yaw: -1.33	msg/s 0.0
INFO: 11-10-2021 20:24:07 printStatus(169) -- Drogno_1: ready	battery: 4.14	kalman var: 0.0 0.0 0.0	 batterySag: 0.73388671875	link quality: 62	flight time: 0s	pos -0.43 0.98 -0.02	yaw: -1.31	msg/s 0.0
INFO: 11-10-2021 20:24:08 printStatus(169) -- Drogno_1: ready	battery: 4.14	kalman var: 0.0 0.0 0.0	 batterySag: 0.73388671875	link quality: 61	flight time: 0s	pos -0.43 0.98 -0.02	yaw: -1.38	msg/s 0.0
INFO: 11-10-2021 20:24:09 printStatus(169) -- Drogno_1: ready	battery: 4.14	kalman var: 0.0 0.0 0.0	 batterySag: 0.73388671875	link quality: 62	flight time: 0s	pos -0.43 0.98 -0.02	yaw: -1.35	msg/s 0.0
INFO: 11-10-2021 20:24:10 printStatus(169) -- Drogno_1: ready	battery: 4.14	kalman var: 0.0 0.0 0.0	 batterySag: 0.73388671875	link quality: 61	flight time: 0s	pos -0.43 0.98 -0.02	yaw: -1.35	msg/s 0.0
INFO: 11-10-2021 20:24:11 printStatus(169) -- Drogno_1: ready	battery: 4.14	kalman var: 0.0 0.0 0.0	 batterySag: 0.73388671875	link quality: 61	flight time: 0s	pos -0.43 0.98 -0.02	yaw: -1.45	msg/s 0.0
INFO: 11-10-2021 20:24:13 printStatus(169) -- Drogno_1: ready	battery: 4.14	kalman var: 0.0 0.0 0.0	 batterySag: 0.73388671875	link quality: 61	flight time: 0s	pos -0.43 0.98 -0.02	yaw: -1.38	msg/s 0.0
INFO: 11-10-2021 20:24:14 printStatus(169) -- Drogno_1: ready	battery: 4.14	kalman var: 0.0 0.0 0.0	 batterySag: 0.73388671875	link quality: 61	flight time: 0s	pos -0.43 0.98 -0.02	yaw: -1.35	msg/s 0.0
INFO: 11-10-2021 20:24:15 printStatus(169) -- Drogno_1: ready	battery: 4.14	kalman var: 0.0 0.0 0.0	 batterySag: 0.73388671875	link quality: 61	flight time: 0s	pos -0.43 0.98 -0.02	yaw: -1.37	msg/s 0.0
INFO: 11-10-2021 20:24:16 printStatus(169) -- Drogno_1: ready	battery: 4.14	kalman var: 0.0 0.0 0.0	 batterySag: 0.73388671875	link quality: 61	flight time: 0s	pos -0.43 0.98 -0.02	yaw: -1.35	msg/s 0.0
INFO: 11-10-2021 20:24:18 printStatus(169) -- Drogno_1: ready	battery: 4.14	kalman var: 0.001 0.001 0.001	 batterySag: 0.73388671875	link quality: 63	flight time: 0s	pos -0.44 0.98 -0.02	yaw: -1.30	msg/s 0.0
INFO: 11-10-2021 20:24:19 printStatus(169) -- Drogno_1: ready	battery: 4.14	kalman var: 0.0 0.0 0.0	 batterySag: 0.73388671875	link quality: 61	flight time: 0s	pos -0.43 0.98 -0.02	yaw: -1.32	msg/s 0.0
INFO: 11-10-2021 20:24:20 printStatus(169) -- Drogno_1: ready	battery: 4.14	kalman var: 0.0 0.0 0.0	 batterySag: 0.73388671875	link quality: 61	flight time: 0s	pos -0.43 0.98 -0.02	yaw: -1.42	msg/s 0.0
INFO: 11-10-2021 20:24:21 printStatus(169) -- Drogno_1: ready	battery: 4.14	kalman var: 0.001 0.001 0.001	 batterySag: 0.73388671875	link quality: 62	flight time: 0s	pos -0.43 0.98 -0.02	yaw: -1.40	msg/s 0.0
INFO: 11-10-2021 20:24:22 printStatus(169) -- Drogno_1: ready	battery: 4.14	kalman var: 0.0 0.0 0.0	 batterySag: 0.73388671875	link quality: 63	flight time: 0s	pos -0.43 0.98 -0.02	yaw: -1.37	msg/s 0.0
INFO: 11-10-2021 20:24:24 printStatus(169) -- Drogno_1: ready	battery: 4.14	kalman var: 0.001 0.001 0.001	 batterySag: 0.73388671875	link quality: 63	flight time: 0s	pos -0.43 0.98 -0.02	yaw: -1.37	msg/s 0.0
INFO: 11-10-2021 20:24:25 printStatus(169) -- Drogno_1: ready	battery: 4.14	kalman var: 0.0 0.0 0.0	 batterySag: 0.73388671875	link quality: 62	flight time: 0s	pos -0.43 0.98 -0.02	yaw: -1.32	msg/s 0.0
INFO: 11-10-2021 20:24:26 printStatus(169) -- Drogno_1: ready	battery: 4.14	kalman var: 0.0 0.0 0.0	 batterySag: 0.73388671875	link quality: 61	flight time: 0s	pos -0.43 0.98 -0.02	yaw: -1.31	msg/s 0.0
INFO: 11-10-2021 20:24:27 printStatus(169) -- Drogno_1: ready	battery: 4.14	kalman var: 0.0 0.0 0.0	 batterySag: 0.73388671875	link quality: 61	flight time: 0s	pos -0.43 0.98 -0.02	yaw: -1.33	msg/s 0.0
INFO: 11-10-2021 20:24:28 printStatus(169) -- Drogno_1: ready	battery: 4.14	kalman var: 0.0 0.0 0.0	 batterySag: 0.73388671875	link quality: 62	flight time: 0s	pos -0.43 0.98 -0.02	yaw: -1.34	msg/s 0.0
INFO: 11-10-2021 20:24:29 printStatus(169) -- Drogno_1: ready	battery: 4.14	kalman var: 0.0 0.0 0.0	 batterySag: 0.73388671875	link quality: 63	flight time: 0s	pos -0.43 0.98 -0.02	yaw: -1.34	msg/s 0.0
INFO: 11-10-2021 20:24:31 printStatus(169) -- Drogno_1: ready	battery: 4.14	kalman var: 0.0 0.0 0.0	 batterySag: 0.73388671875	link quality: 62	flight time: 0s	pos -0.43 0.98 -0.02	yaw: -1.30	msg/s 0.0
INFO: 11-10-2021 20:24:32 printStatus(169) -- Drogno_1: ready	battery: 4.14	kalman var: 0.0 0.0 0.0	 batterySag: 0.73388671875	link quality: 62	flight time: 0s	pos -0.43 0.98 -0.02	yaw: -1.36	msg/s 0.0
INFO: 11-10-2021 20:24:34 printStatus(169) -- Drogno_1: ready	battery: 4.14	kalman var: 0.0 0.0 0.0	 batterySag: 0.73388671875	link quality: 61	flight time: 0s	pos -0.43 0.98 -0.02	yaw: -1.36	msg/s 0.0
INFO: 11-10-2021 20:24:36 printStatus(169) -- Drogno_1: ready	battery: 4.14	kalman var: 0.0 0.0 0.0	 batterySag: 0.73388671875	link quality: 62	flight time: 0s	pos -0.43 0.98 -0.02	yaw: -1.33	msg/s 0.0
INFO: 11-10-2021 20:24:37 printStatus(169) -- Drogno_1: ready	battery: 4.14	kalman var: 0.001 0.001 0.001	 batterySag: 0.73388671875	link quality: 62	flight time: 0s	pos -0.43 0.98 -0.02	yaw: -1.31	msg/s 0.0
INFO: 11-10-2021 20:24:38 printStatus(169) -- Drogno_1: ready	battery: 4.14	kalman var: 0.0 0.0 0.0	 batterySag: 0.73388671875	link quality: 62	flight time: 0s	pos -0.43 0.98 -0.02	yaw: -1.36	msg/s 0.0
INFO: 11-10-2021 20:24:39 printStatus(169) -- Drogno_1: ready	battery: 4.14	kalman var: 0.0 0.0 0.0	 batterySag: 0.73388671875	link quality: 62	flight time: 0s	pos -0.43 0.98 -0.02	yaw: -1.33	msg/s 0.0
INFO: 11-10-2021 20:24:40 printStatus(169) -- Drogno_1: ready	battery: 4.14	kalman var: 0.001 0.001 0.001	 batterySag: 0.73388671875	link quality: 62	flight time: 0s	pos -0.43 0.98 -0.02	yaw: -1.30	msg/s 0.0
INFO: 11-10-2021 20:24:42 printStatus(169) -- Drogno_1: ready	battery: 4.14	kalman var: 0.0 0.0 0.0	 batterySag: 0.73388671875	link quality: 62	flight time: 0s	pos -0.43 0.98 -0.02	yaw: -1.36	msg/s 0.0
INFO: 11-10-2021 20:24:43 printStatus(169) -- Drogno_1: ready	battery: 4.14	kalman var: 0.001 0.001 0.001	 batterySag: 0.73388671875	link quality: 61	flight time: 0s	pos -0.43 0.98 -0.02	yaw: -1.33	msg/s 0.0
INFO: 11-10-2021 20:24:44 printStatus(169) -- Drogno_1: ready	battery: 4.14	kalman var: 0.0 0.0 0.0	 batterySag: 0.73388671875	link quality: 62	flight time: 0s	pos -0.43 0.98 -0.02	yaw: -1.38	msg/s 0.0
INFO: 11-10-2021 20:24:45 printStatus(169) -- Drogno_1: ready	battery: 4.14	kalman var: 0.0 0.0 0.0	 batterySag: 0.73388671875	link quality: 61	flight time: 0s	pos -0.43 0.98 -0.02	yaw: -1.29	msg/s 0.0
INFO: 11-10-2021 20:24:47 printStatus(169) -- Drogno_1: ready	battery: 4.14	kalman var: 0.0 0.0 0.0	 batterySag: 0.73388671875	link quality: 63	flight time: 0s	pos -0.43 0.98 -0.02	yaw: -1.33	msg/s 0.0
INFO: 11-10-2021 20:24:48 printStatus(169) -- Drogno_1: ready	battery: 4.14	kalman var: 0.0 0.0 0.0	 batterySag: 0.73388671875	link quality: 63	flight time: 0s	pos -0.43 0.98 -0.02	yaw: -1.35	msg/s 0.0
INFO: 11-10-2021 20:24:49 printStatus(169) -- Drogno_1: ready	battery: 4.14	kalman var: 0.0 0.0 0.0	 batterySag: 0.73388671875	link quality: 61	flight time: 0s	pos -0.43 0.98 -0.02	yaw: -1.38	msg/s 0.0
INFO: 11-10-2021 20:24:50 printStatus(169) -- Drogno_1: ready	battery: 4.14	kalman var: 0.0 0.0 0.0	 batterySag: 0.73388671875	link quality: 62	flight time: 0s	pos -0.43 0.98 -0.02	yaw: -1.39	msg/s 0.0
INFO: 11-10-2021 20:24:52 printStatus(169) -- Drogno_1: ready	battery: 4.14	kalman var: 0.0 0.0 0.0	 batterySag: 0.73388671875	link quality: 61	flight time: 0s	pos -0.43 0.98 -0.02	yaw: -1.36	msg/s 0.0
INFO: 11-10-2021 20:24:53 printStatus(169) -- Drogno_1: ready	battery: 4.14	kalman var: 0.0 0.0 0.0	 batterySag: 0.73388671875	link quality: 61	flight time: 0s	pos -0.43 0.98 -0.02	yaw: -1.37	msg/s 0.0
INFO: 11-10-2021 20:24:55 printStatus(169) -- Drogno_1: ready	battery: 4.14	kalman var: 0.0 0.0 0.0	 batterySag: 0.73388671875	link quality: 60	flight time: 0s	pos -0.43 0.98 -0.02	yaw: -1.36	msg/s 0.0
INFO: 11-10-2021 20:24:56 printStatus(169) -- Drogno_1: ready	battery: 4.14	kalman var: 0.001 0.001 0.001	 batterySag: 0.73388671875	link quality: 63	flight time: 0s	pos -0.43 0.98 -0.02	yaw: -1.36	msg/s 0.0
INFO: 11-10-2021 20:24:57 printStatus(169) -- Drogno_1: ready	battery: 4.14	kalman var: 0.0 0.0 0.0	 batterySag: 0.73388671875	link quality: 63	flight time: 0s	pos -0.43 0.98 -0.02	yaw: -1.43	msg/s 0.0
INFO: 11-10-2021 20:24:59 printStatus(169) -- Drogno_1: ready	battery: 4.14	kalman var: 0.0 0.0 0.001	 batterySag: 0.73388671875	link quality: 61	flight time: 0s	pos -0.43 0.98 -0.02	yaw: -1.41	msg/s 0.0
INFO: 11-10-2021 20:25:00 printStatus(169) -- Drogno_1: ready	battery: 4.14	kalman var: 0.0 0.0 0.0	 batterySag: 0.73388671875	link quality: 63	flight time: 0s	pos -0.43 0.98 -0.02	yaw: -1.34	msg/s 0.0
INFO: 11-10-2021 20:25:01 printStatus(169) -- Drogno_1: ready	battery: 4.14	kalman var: 0.0 0.0 0.0	 batterySag: 0.73388671875	link quality: 61	flight time: 0s	pos -0.43 0.98 -0.02	yaw: -1.38	msg/s 0.0
INFO: 11-10-2021 20:25:03 printStatus(169) -- Drogno_1: ready	battery: 4.14	kalman var: 0.0 0.0 0.0	 batterySag: 0.73388671875	link quality: 63	flight time: 0s	pos -0.43 0.98 -0.02	yaw: -1.33	msg/s 0.0
INFO: 11-10-2021 20:25:04 printStatus(169) -- Drogno_1: ready	battery: 4.14	kalman var: 0.0 0.0 0.0	 batterySag: 0.73388671875	link quality: 63	flight time: 0s	pos -0.43 0.98 -0.02	yaw: -1.34	msg/s 0.0
INFO: 11-10-2021 20:25:05 printStatus(169) -- Drogno_1: ready	battery: 4.14	kalman var: 0.0 0.0 0.0	 batterySag: 0.73388671875	link quality: 63	flight time: 0s	pos -0.43 0.98 -0.02	yaw: -1.38	msg/s 0.0
INFO: 11-10-2021 20:25:06 printStatus(169) -- Drogno_1: ready	battery: 4.14	kalman var: 0.0 0.0 0.0	 batterySag: 0.73388671875	link quality: 61	flight time: 0s	pos -0.43 0.98 -0.02	yaw: -1.35	msg/s 0.0
INFO: 11-10-2021 20:25:07 printStatus(169) -- Drogno_1: ready	battery: 4.14	kalman var: 0.0 0.0 0.0	 batterySag: 0.73388671875	link quality: 62	flight time: 0s	pos -0.43 0.98 -0.02	yaw: -1.34	msg/s 0.0
INFO: 11-10-2021 20:25:08 printStatus(169) -- Drogno_1: ready	battery: 4.14	kalman var: 0.0 0.0 0.0	 batterySag: 0.73388671875	link quality: 63	flight time: 0s	pos -0.43 0.98 -0.02	yaw: -1.38	msg/s 0.0
INFO: 11-10-2021 20:25:10 printStatus(169) -- Drogno_1: ready	battery: 4.14	kalman var: 0.0 0.0 0.0	 batterySag: 0.73388671875	link quality: 62	flight time: 0s	pos -0.43 0.98 -0.02	yaw: -1.35	msg/s 0.0
INFO: 11-10-2021 20:25:11 printStatus(169) -- Drogno_1: ready	battery: 4.14	kalman var: 0.0 0.0 0.0	 batterySag: 0.73388671875	link quality: 62	flight time: 0s	pos -0.43 0.98 -0.02	yaw: -1.31	msg/s 0.0
INFO: 11-10-2021 20:25:13 printStatus(169) -- Drogno_1: ready	battery: 4.14	kalman var: 0.0 0.0 0.0	 batterySag: 0.73388671875	link quality: 63	flight time: 0s	pos -0.43 0.98 -0.02	yaw: -1.30	msg/s 0.0
INFO: 11-10-2021 20:25:15 printStatus(169) -- Drogno_1: ready	battery: 4.14	kalman var: 0.0 0.0 0.0	 batterySag: 0.73388671875	link quality: 63	flight time: 0s	pos -0.43 0.98 -0.02	yaw: -1.36	msg/s 0.0
INFO: 11-10-2021 20:25:16 printStatus(169) -- Drogno_1: ready	battery: 4.14	kalman var: 0.0 0.0 0.0	 batterySag: 0.73388671875	link quality: 63	flight time: 0s	pos -0.43 0.98 -0.02	yaw: -1.38	msg/s 0.0
INFO: 11-10-2021 20:25:17 printStatus(169) -- Drogno_1: ready	battery: 4.14	kalman var: 0.0 0.0 0.0	 batterySag: 0.73388671875	link quality: 63	flight time: 0s	pos -0.43 0.98 -0.02	yaw: -1.39	msg/s 0.0
INFO: 11-10-2021 20:25:18 printStatus(169) -- Drogno_1: ready	battery: 4.14	kalman var: 0.0 0.0 0.0	 batterySag: 0.73388671875	link quality: 63	flight time: 0s	pos -0.43 0.98 -0.02	yaw: -1.36	msg/s 0.0
INFO: 11-10-2021 20:25:19 printStatus(169) -- Drogno_1: ready	battery: 4.14	kalman var: 0.0 0.0 0.0	 batterySag: 0.73388671875	link quality: 63	flight time: 0s	pos -0.43 0.98 -0.02	yaw: -1.39	msg/s 0.0
INFO: 11-10-2021 20:25:21 printStatus(169) -- Drogno_1: ready	battery: 4.14	kalman var: 0.0 0.0 0.0	 batterySag: 0.73388671875	link quality: 61	flight time: 0s	pos -0.43 0.98 -0.02	yaw: -1.37	msg/s 0.0
INFO: 11-10-2021 20:25:22 printStatus(169) -- Drogno_1: ready	battery: 4.14	kalman var: 0.0 0.0 0.0	 batterySag: 0.73388671875	link quality: 63	flight time: 0s	pos -0.43 0.98 -0.02	yaw: -1.36	msg/s 0.0
INFO: 11-10-2021 20:25:24 printStatus(169) -- Drogno_1: ready	battery: 4.14	kalman var: 0.0 0.0 0.0	 batterySag: 0.73388671875	link quality: 61	flight time: 0s	pos -0.43 0.98 -0.02	yaw: -1.35	msg/s 0.0
INFO: 11-10-2021 20:25:25 printStatus(169) -- Drogno_1: ready	battery: 4.14	kalman var: 0.0 0.0 0.0	 batterySag: 0.73388671875	link quality: 61	flight time: 0s	pos -0.43 0.98 -0.02	yaw: -1.35	msg/s 0.0
INFO: 11-10-2021 20:25:27 printStatus(169) -- Drogno_1: ready	battery: 4.14	kalman var: 0.0 0.0 0.0	 batterySag: 0.73388671875	link quality: 63	flight time: 0s	pos -0.43 0.98 -0.02	yaw: -1.35	msg/s 0.0
INFO: 11-10-2021 20:25:28 printStatus(169) -- Drogno_1: ready	battery: 4.14	kalman var: 0.001 0.001 0.001	 batterySag: 0.73388671875	link quality: 63	flight time: 0s	pos -0.44 0.98 -0.02	yaw: -1.37	msg/s 0.0
INFO: 11-10-2021 20:25:29 printStatus(169) -- Drogno_1: ready	battery: 4.14	kalman var: 0.0 0.0 0.0	 batterySag: 0.73388671875	link quality: 63	flight time: 0s	pos -0.43 0.98 -0.02	yaw: -1.37	msg/s 0.0
INFO: 11-10-2021 20:25:31 printStatus(169) -- Drogno_1: ready	battery: 4.14	kalman var: 0.001 0.001 0.001	 batterySag: 0.73388671875	link quality: 63	flight time: 0s	pos -0.44 0.98 -0.02	yaw: -1.40	msg/s 0.0
INFO: 11-10-2021 20:25:33 printStatus(169) -- Drogno_1: ready	battery: 4.14	kalman var: 0.0 0.0 0.0	 batterySag: 0.73388671875	link quality: 61	flight time: 0s	pos -0.43 0.98 -0.02	yaw: -1.38	msg/s 0.0
INFO: 11-10-2021 20:25:35 printStatus(169) -- Drogno_1: ready	battery: 4.14	kalman var: 0.0 0.0 0.0	 batterySag: 0.73388671875	link quality: 62	flight time: 0s	pos -0.43 0.98 -0.02	yaw: -1.35	msg/s 0.0
INFO: 11-10-2021 20:25:36 printStatus(169) -- Drogno_1: ready	battery: 4.14	kalman var: 0.0 0.0 0.0	 batterySag: 0.73388671875	link quality: 62	flight time: 0s	pos -0.43 0.98 -0.02	yaw: -1.36	msg/s 0.0
INFO: 11-10-2021 20:25:37 printStatus(169) -- Drogno_1: ready	battery: 4.14	kalman var: 0.0 0.0 0.0	 batterySag: 0.73388671875	link quality: 63	flight time: 0s	pos -0.43 0.98 -0.02	yaw: -1.37	msg/s 0.0
INFO: 11-10-2021 20:25:39 printStatus(169) -- Drogno_1: hovering	battery: 4.14	kalman var: 0.0 0.0 0.0	 batterySag: 0.73388671875	link quality: 61	flight time: 0s	pos -0.43 0.98 -0.02	yaw: -1.37	msg/s 0.0
INFO: 11-10-2021 20:25:40 printStatus(169) -- Drogno_1: ready	battery: 3.79	kalman var: 0.0 0.0 0.0	 batterySag: 0.73388671875	link quality: 60	flight time: 0s	pos -0.44 0.98 0.00	yaw: 0.57	msg/s 0.0
INFO: 11-10-2021 20:25:41 printStatus(169) -- Drogno_1: ready	battery: 3.79	kalman var: 0.0 0.0 0.0	 batterySag: 0.73388671875	link quality: 67	flight time: 1s	pos -0.43 0.98 0.51	yaw: 2.45	msg/s 0.0
INFO: 11-10-2021 20:25:42 printStatus(169) -- Drogno_1: ready	battery: 3.76	kalman var: 0.0 0.0 0.0	 batterySag: 0.73388671875	link quality: 58	flight time: 2s	pos -0.43 0.98 0.84	yaw: 1.28	msg/s 0.0
INFO: 11-10-2021 20:25:44 printStatus(169) -- Drogno_1: ready	battery: 3.73	kalman var: 0.001 0.001 0.001	 batterySag: 0.73388671875	link quality: 65	flight time: 3s	pos -0.43 0.98 0.86	yaw: -1.07	msg/s 0.0
INFO: 11-10-2021 20:25:45 printStatus(169) -- Drogno_1: ready	battery: 3.72	kalman var: 0.001 0.001 0.001	 batterySag: 0.73388671875	link quality: 65	flight time: 5s	pos -0.42 0.99 0.86	yaw: -0.75	msg/s 0.0
INFO: 11-10-2021 20:25:46 printStatus(169) -- Drogno_1: ready	battery: 3.71	kalman var: 0.0 0.0 0.0	 batterySag: 0.73388671875	link quality: 58	flight time: 6s	pos -0.42 0.98 0.84	yaw: 0.01	msg/s 0.0
INFO: 11-10-2021 20:25:47 printStatus(169) -- Drogno_1: ready	battery: 3.7	kalman var: 0.0 0.0 0.001	 batterySag: 0.73388671875	link quality: 57	flight time: 7s	pos -0.43 0.98 0.83	yaw: 2.17	msg/s 0.0
INFO: 11-10-2021 20:25:49 printStatus(169) -- Drogno_1: ready	battery: 3.68	kalman var: 0.0 0.0 0.0	 batterySag: 0.73388671875	link quality: 59	flight time: 8s	pos -0.43 0.99 0.82	yaw: -0.04	msg/s 0.0
INFO: 11-10-2021 20:25:50 printStatus(169) -- Drogno_1: hovering	battery: 3.56	kalman var: 0.0 0.0 0.0	 batterySag: 0.73388671875	link quality: 67	flight time: 10s	pos -0.45 0.98 0.84	yaw: -0.63	msg/s 12.727272727272727
INFO: 11-10-2021 20:25:51 printStatus(169) -- Drogno_1: hovering	battery: 3.68	kalman var: 0.0 0.0 0.0	 batterySag: 0.73388671875	link quality: 63	flight time: 11s	pos -1.18 0.45 1.22	yaw: 0.86	msg/s 16.363636363636363
INFO: 11-10-2021 20:25:52 printStatus(169) -- Drogno_1: hovering	battery: 3.66	kalman var: 0.0 0.0 0.0	 batterySag: 0.73388671875	link quality: 64	flight time: 12s	pos -1.33 0.00 1.06	yaw: -1.54	msg/s 16.363636363636363
INFO: 11-10-2021 20:25:54 printStatus(169) -- Drogno_1: hovering	battery: 3.67	kalman var: 0.0 0.0 0.0	 batterySag: 0.73388671875	link quality: 57	flight time: 13s	pos -1.21 -0.65 1.28	yaw: -1.18	msg/s 21.818181818181817
INFO: 11-10-2021 20:25:56 printStatus(169) -- Drogno_1: hovering	battery: 3.63	kalman var: 0.0 0.0 0.0	 batterySag: 0.73388671875	link quality: 61	flight time: 15s	pos -0.81 -1.11 0.98	yaw: -0.44	msg/s 23.636363636363633
INFO: 11-10-2021 20:25:57 printStatus(169) -- Drogno_1: hovering	battery: 3.65	kalman var: 0.002 0.002 0.001	 batterySag: 0.73388671875	link quality: 58	flight time: 17s	pos -0.59 -1.22 1.21	yaw: -0.98	msg/s 18.18181818181818
INFO: 11-10-2021 20:25:58 printStatus(169) -- Drogno_1: hovering	battery: 3.64	kalman var: 0.0 0.0 0.001	 batterySag: 0.73388671875	link quality: 66	flight time: 18s	pos -0.41 -1.29 1.15	yaw: -0.71	msg/s 18.18181818181818
INFO: 11-10-2021 20:25:59 printStatus(169) -- Drogno_1: hovering	battery: 3.63	kalman var: 0.003 0.003 0.002	 batterySag: 0.73388671875	link quality: 60	flight time: 19s	pos -0.30 -1.31 1.04	yaw: -1.55	msg/s 21.818181818181817
INFO: 11-10-2021 20:26:01 printStatus(169) -- Drogno_1: hovering	battery: 3.64	kalman var: 0.001 0.001 0.001	 batterySag: 0.73388671875	link quality: 58	flight time: 20s	pos -0.19 -1.33 1.07	yaw: -1.05	msg/s 18.18181818181818
INFO: 11-10-2021 20:26:02 printStatus(169) -- Drogno_1: hovering	battery: 3.62	kalman var: 0.0 0.0 0.0	 batterySag: 0.73388671875	link quality: 58	flight time: 21s	pos -0.03 -1.28 1.04	yaw: -0.28	msg/s 18.18181818181818
INFO: 11-10-2021 20:26:03 printStatus(169) -- Drogno_1: hovering	battery: 3.61	kalman var: 0.001 0.001 0.001	 batterySag: 0.73388671875	link quality: 60	flight time: 23s	pos 0.41 -1.08 1.18	yaw: 0.98	msg/s 21.818181818181817
INFO: 11-10-2021 20:26:04 printStatus(169) -- Drogno_1: moving	battery: 3.62	kalman var: 0.001 0.001 0.001	 batterySag: 0.73388671875	link quality: 69	flight time: 24s	pos 0.74 -0.45 1.45	yaw: 0.37	msg/s 21.818181818181817
INFO: 11-10-2021 20:26:05 printStatus(169) -- Drogno_1: hovering	battery: 3.63	kalman var: 0.0 0.0 0.0	 batterySag: 0.73388671875	link quality: 57	flight time: 25s	pos 0.48 0.28 1.71	yaw: -0.02	msg/s 21.818181818181817
INFO: 11-10-2021 20:26:06 printStatus(169) -- Drogno_1: hovering	battery: 3.63	kalman var: 0.0 0.0 0.0	 batterySag: 0.73388671875	link quality: 58	flight time: 26s	pos -0.29 0.54 1.75	yaw: 0.49	msg/s 20.0
INFO: 11-10-2021 20:26:08 printStatus(169) -- Drogno_1: ready	battery: 3.66	kalman var: 0.001 0.001 0.001	 batterySag: 0.73388671875	link quality: 63	flight time: 27s	pos -0.92 -0.12 1.38	yaw: 1.60	msg/s 18.18181818181818
INFO: 11-10-2021 20:26:09 printStatus(169) -- Drogno_1: hovering	battery: 3.6	kalman var: 0.0 0.0 0.0	 batterySag: 0.73388671875	link quality: 65	flight time: 29s	pos -0.50 -0.98 1.10	yaw: 0.51	msg/s 21.818181818181817
INFO: 11-10-2021 20:26:10 printStatus(169) -- Drogno_1: hovering	battery: 3.6	kalman var: 0.0 0.0 0.0	 batterySag: 0.73388671875	link quality: 62	flight time: 30s	pos -0.31 -1.17 1.02	yaw: -0.07	msg/s 23.636363636363633
INFO: 11-10-2021 20:26:11 printStatus(169) -- Drogno_1: hovering	battery: 3.57	kalman var: 0.0 0.0 0.001	 batterySag: 0.73388671875	link quality: 56	flight time: 31s	pos -0.25 -1.22 0.83	yaw: -0.94	msg/s 20.0
INFO: 11-10-2021 20:26:12 printStatus(169) -- Drogno_1: hovering	battery: 3.55	kalman var: 0.001 0.001 0.001	 batterySag: 0.73388671875	link quality: 63	flight time: 32s	pos -0.30 -1.18 0.89	yaw: 1.46	msg/s 21.818181818181817
INFO: 11-10-2021 20:26:14 printStatus(169) -- Drogno_1: hovering	battery: 3.62	kalman var: 0.001 0.001 0.001	 batterySag: 0.73388671875	link quality: 65	flight time: 33s	pos -0.31 -1.19 1.28	yaw: 0.34	msg/s 20.0
INFO: 11-10-2021 20:26:15 printStatus(169) -- Drogno_1: hovering	battery: 3.6	kalman var: 0.002 0.002 0.001	 batterySag: 0.73388671875	link quality: 58	flight time: 34s	pos -0.34 -1.35 0.77	yaw: 0.63	msg/s 25.454545454545453
INFO: 11-10-2021 20:26:16 printStatus(169) -- Drogno_1: hovering	battery: 3.58	kalman var: 0.001 0.001 0.0	 batterySag: 0.73388671875	link quality: 61	flight time: 36s	pos -0.34 -1.42 0.63	yaw: 3.53	msg/s 21.818181818181817
INFO: 11-10-2021 20:26:18 printStatus(169) -- Drogno_1: hovering	battery: 3.58	kalman var: 0.0 0.0 0.0	 batterySag: 0.73388671875	link quality: 60	flight time: 37s	pos -0.28 -1.39 0.46	yaw: 4.02	msg/s 27.27272727272727
INFO: 11-10-2021 20:26:19 printStatus(169) -- Drogno_1: hovering	battery: 3.57	kalman var: 0.001 0.001 0.001	 batterySag: 0.73388671875	link quality: 61	flight time: 38s	pos -0.03 -1.26 0.61	yaw: -2.33	msg/s 21.818181818181817
INFO: 11-10-2021 20:26:20 printStatus(169) -- Drogno_1: hovering	battery: 3.56	kalman var: 0.0 0.0 0.001	 batterySag: 0.73388671875	link quality: 57	flight time: 40s	pos -0.05 -1.24 0.79	yaw: -0.76	msg/s 23.636363636363633
INFO: 11-10-2021 20:26:22 printStatus(169) -- Drogno_1: hovering	battery: 3.57	kalman var: 0.006 0.006 0.002	 batterySag: 0.73388671875	link quality: 56	flight time: 41s	pos -0.61 -1.14 1.15	yaw: -1.43	msg/s 23.636363636363633
INFO: 11-10-2021 20:26:23 printStatus(169) -- Drogno_1: hovering	battery: 3.58	kalman var: 0.0 0.0 0.0	 batterySag: 0.73388671875	link quality: 65	flight time: 43s	pos -0.78 -0.87 1.24	yaw: -2.14	msg/s 23.636363636363633
INFO: 11-10-2021 20:26:25 printStatus(169) -- Drogno_1: hovering	battery: 3.57	kalman var: 0.0 0.0 0.0	 batterySag: 0.73388671875	link quality: 63	flight time: 44s	pos -1.08 -0.47 1.25	yaw: -1.00	msg/s 21.818181818181817
INFO: 11-10-2021 20:26:26 printStatus(169) -- Drogno_1: hovering	battery: 3.58	kalman var: 0.001 0.001 0.001	 batterySag: 0.73388671875	link quality: 57	flight time: 45s	pos -1.42 0.50 1.20	yaw: -1.06	msg/s 23.636363636363633
INFO: 11-10-2021 20:26:27 printStatus(169) -- Drogno_1: hovering	battery: 3.56	kalman var: 0.0 0.0 0.0	 batterySag: 0.73388671875	link quality: 67	flight time: 47s	pos -0.91 0.77 1.05	yaw: -0.83	msg/s 20.0
INFO: 11-10-2021 20:26:28 printStatus(169) -- Drogno_1: hovering	battery: 3.52	kalman var: 0.0 0.0 0.001	 batterySag: 0.73388671875	link quality: 59	flight time: 48s	pos -0.39 0.93 1.10	yaw: -0.29	msg/s 21.818181818181817
INFO: 11-10-2021 20:26:29 printStatus(169) -- Drogno_1: hovering	battery: 3.56	kalman var: 0.003 0.003 0.002	 batterySag: 0.73388671875	link quality: 58	flight time: 49s	pos 0.09 1.20 1.48	yaw: -0.52	msg/s 20.0
INFO: 11-10-2021 20:26:31 printStatus(169) -- Drogno_1: hovering	battery: 3.55	kalman var: 0.001 0.001 0.001	 batterySag: 0.73388671875	link quality: 57	flight time: 50s	pos 0.58 0.18 1.91	yaw: -0.53	msg/s 21.818181818181817
INFO: 11-10-2021 20:26:32 printStatus(169) -- Drogno_1: hovering	battery: 3.56	kalman var: 0.006 0.006 0.002	 batterySag: 0.73388671875	link quality: 58	flight time: 52s	pos 0.48 -0.38 1.83	yaw: -1.13	msg/s 23.636363636363633
INFO: 11-10-2021 20:26:34 printStatus(169) -- Drogno_1: hovering	battery: 3.59	kalman var: 0.0 0.0 0.0	 batterySag: 0.73388671875	link quality: 56	flight time: 53s	pos -0.16 -1.20 1.22	yaw: -3.12	msg/s 25.454545454545453
INFO: 11-10-2021 20:26:35 printStatus(169) -- Drogno_1: moving	battery: 3.56	kalman var: 0.001 0.001 0.001	 batterySag: 0.73388671875	link quality: 57	flight time: 54s	pos -0.73 -1.11 0.72	yaw: 1.00	msg/s 25.454545454545453
INFO: 11-10-2021 20:26:36 printStatus(169) -- Drogno_1: hovering	battery: 3.53	kalman var: 0.0 0.0 0.0	 batterySag: 0.73388671875	link quality: 59	flight time: 56s	pos -1.16 -0.68 0.34	yaw: 0.20	msg/s 25.454545454545453
INFO: 11-10-2021 20:26:37 printStatus(169) -- Drogno_1: hovering	battery: 3.52	kalman var: 0.0 0.0 0.0	 batterySag: 0.73388671875	link quality: 67	flight time: 57s	pos -1.23 0.25 0.32	yaw: 0.41	msg/s 23.636363636363633
INFO: 11-10-2021 20:26:38 printStatus(169) -- Drogno_1: hovering	battery: 3.54	kalman var: 0.001 0.001 0.001	 batterySag: 0.73388671875	link quality: 69	flight time: 58s	pos -0.81 0.96 0.72	yaw: 0.82	msg/s 18.18181818181818
INFO: 11-10-2021 20:26:39 printStatus(169) -- Drogno_1: hovering	battery: 3.54	kalman var: 0.001 0.001 0.001	 batterySag: 0.73388671875	link quality: 58	flight time: 59s	pos -0.32 1.10 1.21	yaw: -0.46	msg/s 25.454545454545453
INFO: 11-10-2021 20:26:41 printStatus(169) -- Drogno_1: moving	battery: 3.55	kalman var: 0.008 0.008 0.002	 batterySag: 0.73388671875	link quality: 68	flight time: 60s	pos -0.26 0.71 1.46	yaw: -0.69	msg/s 25.454545454545453
INFO: 11-10-2021 20:26:42 printStatus(169) -- Drogno_1: hovering	battery: 3.53	kalman var: 0.001 0.001 0.0	 batterySag: 0.73388671875	link quality: 53	flight time: 61s	pos -0.44 0.98 1.37	yaw: 1.08	msg/s 27.27272727272727
INFO: 11-10-2021 20:26:43 printStatus(169) -- Drogno_1: hovering	battery: 3.52	kalman var: 0.0 0.0 0.0	 batterySag: 0.73388671875	link quality: 58	flight time: 63s	pos -0.83 0.79 1.34	yaw: 1.51	msg/s 18.18181818181818
INFO: 11-10-2021 20:26:44 printStatus(169) -- Drogno_1: hovering	battery: 3.53	kalman var: 0.0 0.0 0.0	 batterySag: 0.73388671875	link quality: 66	flight time: 64s	pos -1.25 0.62 1.33	yaw: -0.68	msg/s 23.636363636363633
INFO: 11-10-2021 20:26:45 printStatus(169) -- Drogno_1: hovering	battery: 3.54	kalman var: 0.001 0.001 0.001	 batterySag: 0.73388671875	link quality: 64	flight time: 65s	pos -1.57 0.75 1.26	yaw: 0.57	msg/s 21.818181818181817
INFO: 11-10-2021 20:26:47 printStatus(169) -- Drogno_1: hovering	battery: 3.53	kalman var: 0.001 0.001 0.001	 batterySag: 0.73388671875	link quality: 61	flight time: 66s	pos -0.80 1.42 0.84	yaw: -0.00	msg/s 21.818181818181817
INFO: 11-10-2021 20:26:48 printStatus(169) -- Drogno_1: hovering	battery: 3.53	kalman var: 0.004 0.004 0.002	 batterySag: 0.73388671875	link quality: 63	flight time: 68s	pos 0.32 1.38 0.86	yaw: -0.24	msg/s 23.636363636363633
INFO: 11-10-2021 20:26:49 printStatus(169) -- Drogno_1: hovering	battery: 3.52	kalman var: 0.001 0.001 0.001	 batterySag: 0.73388671875	link quality: 63	flight time: 69s	pos 0.76 1.29 0.96	yaw: 0.27	msg/s 25.454545454545453
INFO: 11-10-2021 20:26:51 printStatus(169) -- Drogno_1: hovering	battery: 3.5	kalman var: 0.0 0.0 0.0	 batterySag: 0.73388671875	link quality: 67	flight time: 70s	pos 0.88 0.73 1.32	yaw: 0.29	msg/s 23.636363636363633
INFO: 11-10-2021 20:26:52 printStatus(169) -- Drogno_1: hovering	battery: 3.52	kalman var: 0.001 0.001 0.001	 batterySag: 0.73388671875	link quality: 65	flight time: 72s	pos 0.20 0.61 1.32	yaw: 0.31	msg/s 23.636363636363633
INFO: 11-10-2021 20:26:54 printStatus(169) -- Drogno_1: ready	battery: 3.51	kalman var: 0.001 0.001 0.001	 batterySag: 0.73388671875	link quality: 55	flight time: 73s	pos -0.33 0.78 1.26	yaw: -0.28	msg/s 23.636363636363633
INFO: 11-10-2021 20:26:55 printStatus(169) -- Drogno_1: hovering	battery: 3.51	kalman var: 0.001 0.001 0.001	 batterySag: 0.73388671875	link quality: 56	flight time: 74s	pos -0.48 0.86 1.22	yaw: 0.21	msg/s 25.454545454545453
INFO: 11-10-2021 20:26:56 printStatus(169) -- Drogno_1: hovering	battery: 3.5	kalman var: 0.002 0.002 0.001	 batterySag: 0.73388671875	link quality: 57	flight time: 76s	pos -0.29 1.07 1.09	yaw: -0.97	msg/s 21.818181818181817
INFO: 11-10-2021 20:26:57 printStatus(169) -- Drogno_1: hovering	battery: 3.51	kalman var: 0.001 0.001 0.001	 batterySag: 0.73388671875	link quality: 76	flight time: 77s	pos 0.31 1.20 1.02	yaw: 0.80	msg/s 18.18181818181818
INFO: 11-10-2021 20:26:59 printStatus(169) -- Drogno_1: hovering	battery: 3.5	kalman var: 0.001 0.001 0.001	 batterySag: 0.73388671875	link quality: 69	flight time: 78s	pos 1.00 1.18 1.09	yaw: 0.05	msg/s 25.454545454545453
INFO: 11-10-2021 20:27:00 printStatus(169) -- Drogno_1: moving	battery: 3.5	kalman var: 0.002 0.002 0.001	 batterySag: 0.73388671875	link quality: 72	flight time: 80s	pos 0.92 1.17 1.10	yaw: -0.26	msg/s 20.0
INFO: 11-10-2021 20:27:01 printStatus(169) -- Drogno_1: hovering	battery: 3.49	kalman var: 0.001 0.001 0.001	 batterySag: 0.73388671875	link quality: 71	flight time: 81s	pos 1.08 1.14 1.11	yaw: -0.00	msg/s 23.636363636363633
WARNING: 11-10-2021 20:27:01 evaluateBattery(804) -- battery under 3.50v
WARNING: 11-10-2021 20:27:02 evaluateBattery(804) -- battery under 3.50v
INFO: 11-10-2021 20:27:02 printStatus(169) -- Drogno_1: hovering	battery: 3.49	kalman var: 0.003 0.003 0.002	 batterySag: 0.73388671875	link quality: 65	flight time: 82s	pos 0.91 1.21 1.10	yaw: 0.15	msg/s 23.636363636363633
WARNING: 11-10-2021 20:27:02 evaluateBattery(804) -- battery under 3.50v
WARNING: 11-10-2021 20:27:03 evaluateBattery(804) -- battery under 3.50v
WARNING: 11-10-2021 20:27:03 evaluateBattery(804) -- battery under 3.50v
INFO: 11-10-2021 20:27:03 printStatus(169) -- Drogno_1: hovering	battery: 3.49	kalman var: 0.011 0.011 0.003	 batterySag: 0.73388671875	link quality: 63	flight time: 83s	pos 0.92 1.21 1.10	yaw: 0.20	msg/s 29.09090909090909
WARNING: 11-10-2021 20:27:04 evaluateBattery(804) -- battery under 3.50v
WARNING: 11-10-2021 20:27:04 evaluateBattery(804) -- battery under 3.50v
INFO: 11-10-2021 20:27:04 printStatus(169) -- Drogno_1: hovering	battery: 3.49	kalman var: 0.001 0.001 0.001	 batterySag: 0.73388671875	link quality: 79	flight time: 84s	pos 0.89 1.22 1.10	yaw: -0.39	msg/s 23.636363636363633
WARNING: 11-10-2021 20:27:05 evaluateBattery(804) -- battery under 3.50v
WARNING: 11-10-2021 20:27:05 evaluateBattery(804) -- battery under 3.50v
INFO: 11-10-2021 20:27:06 printStatus(169) -- Drogno_1: moving	battery: 3.49	kalman var: 0.001 0.001 0.001	 batterySag: 0.73388671875	link quality: 70	flight time: 85s	pos 0.93 1.22 1.10	yaw: -0.20	msg/s 20.0
WARNING: 11-10-2021 20:27:06 evaluateBattery(804) -- battery under 3.50v
WARNING: 11-10-2021 20:27:07 evaluateBattery(804) -- battery under 3.50v
INFO: 11-10-2021 20:27:07 printStatus(169) -- Drogno_1: hovering	battery: 3.49	kalman var: 0.001 0.001 0.001	 batterySag: 0.73388671875	link quality: 67	flight time: 87s	pos 0.92 1.22 1.11	yaw: -0.25	msg/s 25.454545454545453
WARNING: 11-10-2021 20:27:07 evaluateBattery(804) -- battery under 3.50v
WARNING: 11-10-2021 20:27:08 evaluateBattery(804) -- battery under 3.50v
INFO: 11-10-2021 20:27:08 printStatus(169) -- Drogno_1: hovering	battery: 3.48	kalman var: 0.002 0.002 0.001	 batterySag: 0.73388671875	link quality: 63	flight time: 88s	pos 0.91 1.22 1.10	yaw: 0.04	msg/s 21.818181818181817
WARNING: 11-10-2021 20:27:08 evaluateBattery(804) -- battery under 3.50v
INFO: 11-10-2021 20:27:09 printStatus(169) -- Drogno_1: moving	battery: 3.48	kalman var: 0.001 0.001 0.001	 batterySag: 0.73388671875	link quality: 63	flight time: 89s	pos 0.94 1.21 1.11	yaw: -0.96	msg/s 27.27272727272727
WARNING: 11-10-2021 20:27:09 evaluateBattery(804) -- battery under 3.50v
WARNING: 11-10-2021 20:27:10 evaluateBattery(804) -- battery under 3.50v
INFO: 11-10-2021 20:27:10 printStatus(169) -- Drogno_1: moving	battery: 3.48	kalman var: 0.001 0.001 0.001	 batterySag: 0.73388671875	link quality: 78	flight time: 90s	pos 0.90 1.22 1.10	yaw: -0.22	msg/s 20.0
WARNING: 11-10-2021 20:27:10 evaluateBattery(804) -- battery under 3.50v
WARNING: 11-10-2021 20:27:11 evaluateBattery(804) -- battery under 3.50v
WARNING: 11-10-2021 20:27:12 evaluateBattery(804) -- battery under 3.50v
INFO: 11-10-2021 20:27:12 printStatus(169) -- Drogno_1: moving	battery: 3.48	kalman var: 0.002 0.002 0.001	 batterySag: 0.73388671875	link quality: 67	flight time: 91s	pos 0.89 1.23 1.11	yaw: 0.38	msg/s 7.2727272727272725
WARNING: 11-10-2021 20:27:12 evaluateBattery(804) -- battery under 3.50v
WARNING: 11-10-2021 20:27:13 evaluateBattery(804) -- battery under 3.50v
INFO: 11-10-2021 20:27:13 printStatus(169) -- Drogno_1: hovering	battery: 3.48	kalman var: 0.006 0.006 0.002	 batterySag: 0.73388671875	link quality: 73	flight time: 93s	pos 0.88 1.23 1.11	yaw: -0.38	msg/s 10.909090909090908
WARNING: 11-10-2021 20:27:14 evaluateBattery(804) -- battery under 3.50v
WARNING: 11-10-2021 20:27:15 evaluateBattery(804) -- battery under 3.50v
INFO: 11-10-2021 20:27:15 printStatus(169) -- Drogno_1: hovering	battery: 3.47	kalman var: 0.004 0.004 0.002	 batterySag: 0.73388671875	link quality: 63	flight time: 94s	pos 0.86 1.24 1.10	yaw: 1.19	msg/s 23.636363636363633
WARNING: 11-10-2021 20:27:15 evaluateBattery(804) -- battery under 3.50v
WARNING: 11-10-2021 20:27:16 evaluateBattery(804) -- battery under 3.50v
INFO: 11-10-2021 20:27:16 printStatus(169) -- Drogno_1: hovering	battery: 3.47	kalman var: 0.003 0.003 0.001	 batterySag: 0.73388671875	link quality: 64	flight time: 96s	pos 0.85 1.24 1.11	yaw: 0.38	msg/s 23.636363636363633
WARNING: 11-10-2021 20:27:16 evaluateBattery(804) -- battery under 3.50v
INFO: 11-10-2021 20:27:17 printStatus(169) -- Drogno_1: hovering	battery: 3.47	kalman var: 0.004 0.004 0.002	 batterySag: 0.73388671875	link quality: 63	flight time: 97s	pos 0.85 1.25 1.10	yaw: 1.00	msg/s 21.818181818181817
WARNING: 11-10-2021 20:27:17 evaluateBattery(804) -- battery under 3.50v
WARNING: 11-10-2021 20:27:18 evaluateBattery(804) -- battery under 3.50v
WARNING: 11-10-2021 20:27:18 evaluateBattery(804) -- battery under 3.50v
INFO: 11-10-2021 20:27:18 printStatus(169) -- Drogno_1: hovering	battery: 3.47	kalman var: 0.002 0.002 0.001	 batterySag: 0.73388671875	link quality: 66	flight time: 98s	pos 0.84 1.24 1.11	yaw: -0.44	msg/s 27.27272727272727
WARNING: 11-10-2021 20:27:19 evaluateBattery(804) -- battery under 3.50v
WARNING: 11-10-2021 20:27:20 evaluateBattery(804) -- battery under 3.50v
INFO: 11-10-2021 20:27:20 printStatus(169) -- Drogno_1: ready	battery: 3.47	kalman var: 0.0 0.0 0.0	 batterySag: 0.73388671875	link quality: 67	flight time: 99s	pos 0.81 1.27 1.11	yaw: -0.35	msg/s 29.09090909090909
WARNING: 11-10-2021 20:27:20 evaluateBattery(804) -- battery under 3.50v
INFO: 11-10-2021 20:27:22 printStatus(169) -- Drogno_1: ready	battery: 3.44	kalman var: 0.001 0.001 0.001	 batterySag: 0.73388671875	link quality: 59	flight time: 99s	pos 0.82 1.27 0.34	yaw: 0.76	msg/s 43.63636363636363
WARNING: 11-10-2021 20:27:22 evaluateBattery(804) -- battery under 3.50v
INFO: 11-10-2021 20:27:23 printStatus(169) -- Drogno_1: landed	battery: 3.79	kalman var: 0.002 0.002 0.001	 batterySag: 0.73388671875	link quality: 69	flight time: 99s	pos 0.83 1.26 -0.01	yaw: 3.12	msg/s 43.63636363636363
INFO: 11-10-2021 20:27:24 printStatus(169) -- Drogno_1: ready	battery: 3.81	kalman var: 0.001 0.001 0.001	 batterySag: 0.73388671875	link quality: 69	flight time: 99s	pos 0.82 1.26 -0.01	yaw: 3.18	msg/s 43.63636363636363
INFO: 11-10-2021 20:27:26 printStatus(169) -- Drogno_1: ready	battery: 3.83	kalman var: 0.001 0.001 0.001	 batterySag: 0.73388671875	link quality: 71	flight time: 99s	pos 0.84 1.27 -0.01	yaw: 3.25	msg/s 43.63636363636363
INFO: 11-10-2021 20:27:27 printStatus(169) -- Drogno_1: ready	battery: 3.84	kalman var: 0.001 0.001 0.001	 batterySag: 0.73388671875	link quality: 67	flight time: 99s	pos 0.84 1.27 -0.00	yaw: 3.24	msg/s 43.63636363636363
INFO: 11-10-2021 20:27:28 printStatus(169) -- Drogno_1: ready	battery: 3.85	kalman var: 0.001 0.001 0.001	 batterySag: 0.73388671875	link quality: 67	flight time: 99s	pos 0.84 1.27 -0.01	yaw: 3.30	msg/s 45.45454545454545
INFO: 11-10-2021 20:27:29 printStatus(169) -- Drogno_1: ready	battery: 3.85	kalman var: 0.003 0.003 0.001	 batterySag: 0.73388671875	link quality: 84	flight time: 99s	pos 0.82 1.27 0.01	yaw: 3.15	msg/s 40.0
INFO: 11-10-2021 20:27:31 printStatus(169) -- Drogno_1: ready	battery: 3.86	kalman var: 0.002 0.002 0.001	 batterySag: 0.73388671875	link quality: 63	flight time: 99s	pos 0.83 1.27 0.00	yaw: 3.24	msg/s 43.63636363636363
INFO: 11-10-2021 20:27:32 printStatus(169) -- Drogno_1: ready	battery: 3.86	kalman var: 0.002 0.002 0.001	 batterySag: 0.73388671875	link quality: 65	flight time: 99s	pos 0.83 1.27 0.00	yaw: 3.18	msg/s 43.63636363636363
INFO: 11-10-2021 20:27:33 printStatus(169) -- Drogno_1: ready	battery: 3.87	kalman var: 0.001 0.001 0.001	 batterySag: 0.73388671875	link quality: 63	flight time: 99s	pos 0.84 1.27 -0.00	yaw: 3.27	msg/s 41.81818181818181
INFO: 11-10-2021 20:27:34 printStatus(169) -- Drogno_1: ready	battery: 3.87	kalman var: 0.006 0.006 0.002	 batterySag: 0.73388671875	link quality: 67	flight time: 99s	pos 0.80 1.27 0.02	yaw: 3.22	msg/s 41.81818181818181
INFO: 11-10-2021 20:27:36 printStatus(169) -- Drogno_1: ready	battery: 3.88	kalman var: 0.004 0.004 0.001	 batterySag: 0.73388671875	link quality: 65	flight time: 99s	pos 0.83 1.27 0.00	yaw: 3.16	msg/s 45.45454545454545
INFO: 11-10-2021 20:27:37 printStatus(169) -- Drogno_1: ready	battery: 3.88	kalman var: 0.001 0.001 0.001	 batterySag: 0.73388671875	link quality: 65	flight time: 99s	pos 0.84 1.27 -0.01	yaw: 3.27	msg/s 43.63636363636363
INFO: 11-10-2021 20:27:38 printStatus(169) -- Drogno_1: ready	battery: 3.88	kalman var: 0.001 0.001 0.001	 batterySag: 0.73388671875	link quality: 65	flight time: 99s	pos 0.84 1.27 -0.00	yaw: 3.23	msg/s 43.63636363636363
INFO: 11-10-2021 20:27:40 printStatus(169) -- Drogno_1: ready	battery: 3.88	kalman var: 0.006 0.006 0.002	 batterySag: 0.73388671875	link quality: 66	flight time: 99s	pos 0.80 1.27 0.02	yaw: 3.22	msg/s 41.81818181818181
INFO: 11-10-2021 20:27:41 printStatus(169) -- Drogno_1: ready	battery: 3.88	kalman var: 0.002 0.002 0.001	 batterySag: 0.73388671875	link quality: 65	flight time: 99s	pos 0.84 1.27 -0.01	yaw: 3.17	msg/s 41.81818181818181
INFO: 11-10-2021 20:27:42 printStatus(169) -- Drogno_1: ready	battery: 3.88	kalman var: 0.001 0.001 0.001	 batterySag: 0.73388671875	link quality: 63	flight time: 99s	pos 0.84 1.27 -0.01	yaw: 3.27	msg/s 41.81818181818181
INFO: 11-10-2021 20:27:43 printStatus(169) -- Drogno_1: ready	battery: 3.88	kalman var: 0.001 0.001 0.001	 batterySag: 0.73388671875	link quality: 64	flight time: 99s	pos 0.84 1.27 -0.01	yaw: 3.24	msg/s 41.81818181818181
INFO: 11-10-2021 20:27:44 printStatus(169) -- Drogno_1: ready	battery: 3.88	kalman var: 0.001 0.001 0.001	 batterySag: 0.73388671875	link quality: 66	flight time: 99s	pos 0.84 1.27 -0.00	yaw: 3.29	msg/s 43.63636363636363
INFO: 11-10-2021 20:27:46 printStatus(169) -- Drogno_1: BAD kalman	battery: 3.89	kalman var: 0.016 0.016 0.003	 batterySag: 0.73388671875	link quality: 66	flight time: 99s	pos 0.72 1.27 0.05	yaw: 3.21	msg/s 43.63636363636363
INFO: 11-10-2021 20:27:47 printStatus(169) -- Drogno_1: BAD kalman	battery: 3.89	kalman var: 0.033 0.033 0.004	 batterySag: 0.73388671875	link quality: 63	flight time: 99s	pos 0.58 1.26 0.10	yaw: 3.14	msg/s 45.45454545454545
INFO: 11-10-2021 20:27:48 printStatus(169) -- Drogno_1: BAD kalman	battery: 3.89	kalman var: 0.06 0.058 0.008	 batterySag: 0.73388671875	link quality: 57	flight time: 99s	pos 0.32 1.11 0.31	yaw: 19.12	msg/s 41.81818181818181
INFO: 11-10-2021 20:27:49 printStatus(169) -- Drogno_1: BAD kalman	battery: 3.89	kalman var: 0.098 0.091 0.013	 batterySag: 0.73388671875	link quality: 50	flight time: 99s	pos -0.85 0.97 0.87	yaw: -102.50	msg/s 41.81818181818181
INFO: 11-10-2021 20:27:51 printStatus(169) -- Drogno_1: out of BOX	battery: 3.89	kalman var: 0.11 0.158 0.058	 batterySag: 0.73388671875	link quality: 50	flight time: 99s	pos 4.20 -15.47 0.87	yaw: -54.78	msg/s 43.63636363636363
INFO: 11-10-2021 20:27:52 printStatus(169) -- Drogno_1: out of BOX	battery: 3.9	kalman var: 0.127 0.254 0.064	 batterySag: 0.73388671875	link quality: 56	flight time: 99s	pos 6.95 -20.94 0.14	yaw: -93.44	msg/s 41.81818181818181
INFO: 11-10-2021 20:27:53 printStatus(169) -- Drogno_1: BAD kalman	battery: 3.9	kalman var: 0.019 0.028 0.008	 batterySag: 0.73388671875	link quality: 54	flight time: 99s	pos 0.22 -0.27 0.78	yaw: -86.44	msg/s 43.63636363636363
INFO: 11-10-2021 20:27:54 printStatus(169) -- Drogno_1: sconnesso	battery: 3.9	kalman var: 0.007 0.007 0.003	 batterySag: 0.73388671875	link quality: 61	flight time: 99s	pos -0.14 0.06 0.08	yaw: -94.19	msg/s 38.18181818181818
INFO: 11-10-2021 20:27:55 printStatus(169) -- Drogno_1: stand by	battery: 3.9	kalman var: 0.007 0.007 0.003	 batterySag: 0.73388671875	link quality: 61	flight time: 99s	pos -0.14 0.06 0.08	yaw: -94.19	msg/s 20.909090909090907
INFO: 11-10-2021 20:27:56 printStatus(169) -- Drogno_1: stand by	battery: 3.9	kalman var: 0.007 0.007 0.003	 batterySag: 0.73388671875	link quality: 61	flight time: 99s	pos -0.14 0.06 0.08	yaw: -94.19	msg/s 20.909090909090907
INFO: 11-10-2021 20:27:58 printStatus(169) -- Drogno_1: stand by	battery: 3.9	kalman var: 0.007 0.007 0.003	 batterySag: 0.73388671875	link quality: 61	flight time: 99s	pos -0.14 0.06 0.08	yaw: -94.19	msg/s 20.909090909090907
INFO: 11-10-2021 20:27:59 printStatus(169) -- Drogno_1: stand by	battery: 3.9	kalman var: 0.007 0.007 0.003	 batterySag: 0.73388671875	link quality: 61	flight time: 99s	pos -0.14 0.06 0.08	yaw: -94.19	msg/s 21.818181818181817
INFO: 11-10-2021 20:28:00 printStatus(169) -- Drogno_1: stand by	battery: 3.9	kalman var: 0.007 0.007 0.003	 batterySag: 0.73388671875	link quality: 61	flight time: 99s	pos -0.14 0.06 0.08	yaw: -94.19	msg/s 22.727272727272727
INFO: 11-10-2021 20:28:01 printStatus(169) -- Drogno_1: stand by	battery: 3.9	kalman var: 0.007 0.007 0.003	 batterySag: 0.73388671875	link quality: 61	flight time: 99s	pos -0.14 0.06 0.08	yaw: -94.19	msg/s 21.818181818181817
INFO: 11-10-2021 20:28:02 printStatus(169) -- Drogno_1: stand by	battery: 3.9	kalman var: 0.007 0.007 0.003	 batterySag: 0.73388671875	link quality: 61	flight time: 99s	pos -0.14 0.06 0.08	yaw: -94.19	msg/s 21.818181818181817
INFO: 11-10-2021 20:28:03 printStatus(169) -- Drogno_1: stand by	battery: 3.9	kalman var: 0.007 0.007 0.003	 batterySag: 0.73388671875	link quality: 61	flight time: 99s	pos -0.14 0.06 0.08	yaw: -94.19	msg/s 21.818181818181817
INFO: 11-10-2021 20:28:04 printStatus(169) -- Drogno_1: stand by	battery: 3.9	kalman var: 0.007 0.007 0.003	 batterySag: 0.73388671875	link quality: 61	flight time: 99s	pos -0.14 0.06 0.08	yaw: -94.19	msg/s 21.818181818181817
INFO: 11-10-2021 20:28:06 printStatus(169) -- Drogno_1: stand by	battery: 3.9	kalman var: 0.007 0.007 0.003	 batterySag: 0.73388671875	link quality: 61	flight time: 99s	pos -0.14 0.06 0.08	yaw: -94.19	msg/s 20.909090909090907
INFO: 11-10-2021 20:28:07 printStatus(169) -- Drogno_1: stand by	battery: 3.9	kalman var: 0.007 0.007 0.003	 batterySag: 0.73388671875	link quality: 61	flight time: 99s	pos -0.14 0.06 0.08	yaw: -94.19	msg/s 21.818181818181817
INFO: 11-10-2021 20:28:08 printStatus(169) -- Drogno_1: stand by	battery: 3.9	kalman var: 0.007 0.007 0.003	 batterySag: 0.73388671875	link quality: 61	flight time: 99s	pos -0.14 0.06 0.08	yaw: -94.19	msg/s 20.0
INFO: 11-10-2021 20:28:09 printStatus(169) -- Drogno_1: stand by	battery: 3.9	kalman var: 0.007 0.007 0.003	 batterySag: 0.73388671875	link quality: 61	flight time: 99s	pos -0.14 0.06 0.08	yaw: -94.19	msg/s 21.818181818181817
INFO: 11-10-2021 20:28:10 printStatus(169) -- Drogno_1: stand by	battery: 3.9	kalman var: 0.007 0.007 0.003	 batterySag: 0.73388671875	link quality: 61	flight time: 99s	pos -0.14 0.06 0.08	yaw: -94.19	msg/s 21.818181818181817
INFO: 11-10-2021 20:28:12 printStatus(169) -- Drogno_1: stand by	battery: 3.9	kalman var: 0.007 0.007 0.003	 batterySag: 0.73388671875	link quality: 61	flight time: 99s	pos -0.14 0.06 0.08	yaw: -94.19	msg/s 22.727272727272727
INFO: 11-10-2021 20:28:13 printStatus(169) -- Drogno_1: stand by	battery: 3.9	kalman var: 0.007 0.007 0.003	 batterySag: 0.73388671875	link quality: 61	flight time: 99s	pos -0.14 0.06 0.08	yaw: -94.19	msg/s 21.818181818181817
INFO: 11-10-2021 20:28:14 printStatus(169) -- Drogno_1: stand by	battery: 3.9	kalman var: 0.007 0.007 0.003	 batterySag: 0.73388671875	link quality: 61	flight time: 99s	pos -0.14 0.06 0.08	yaw: -94.19	msg/s 21.818181818181817
INFO: 11-10-2021 20:28:15 printStatus(169) -- Drogno_1: stand by	battery: 3.9	kalman var: 0.007 0.007 0.003	 batterySag: 0.73388671875	link quality: 61	flight time: 99s	pos -0.14 0.06 0.08	yaw: -94.19	msg/s 22.727272727272727
INFO: 11-10-2021 20:28:17 printStatus(169) -- Drogno_1: stand by	battery: 3.9	kalman var: 0.007 0.007 0.003	 batterySag: 0.73388671875	link quality: 61	flight time: 99s	pos -0.14 0.06 0.08	yaw: -94.19	msg/s 22.727272727272727
INFO: 11-10-2021 20:28:18 printStatus(169) -- Drogno_1: stand by	battery: 3.9	kalman var: 0.007 0.007 0.003	 batterySag: 0.73388671875	link quality: 61	flight time: 99s	pos -0.14 0.06 0.08	yaw: -94.19	msg/s 23.636363636363633
INFO: 11-10-2021 20:28:19 printStatus(169) -- Drogno_1: stand by	battery: 3.9	kalman var: 0.007 0.007 0.003	 batterySag: 0.73388671875	link quality: 61	flight time: 99s	pos -0.14 0.06 0.08	yaw: -94.19	msg/s 21.818181818181817
INFO: 11-10-2021 20:28:20 printStatus(169) -- Drogno_1: stand by	battery: 3.9	kalman var: 0.007 0.007 0.003	 batterySag: 0.73388671875	link quality: 61	flight time: 99s	pos -0.14 0.06 0.08	yaw: -94.19	msg/s 22.727272727272727
INFO: 11-10-2021 20:28:21 printStatus(169) -- Drogno_1: stand by	battery: 3.9	kalman var: 0.007 0.007 0.003	 batterySag: 0.73388671875	link quality: 61	flight time: 99s	pos -0.14 0.06 0.08	yaw: -94.19	msg/s 22.727272727272727
INFO: 11-10-2021 20:28:22 printStatus(169) -- Drogno_1: stand by	battery: 3.9	kalman var: 0.007 0.007 0.003	 batterySag: 0.73388671875	link quality: 61	flight time: 99s	pos -0.14 0.06 0.08	yaw: -94.19	msg/s 22.727272727272727
INFO: 11-10-2021 20:28:23 printStatus(169) -- Drogno_1: stand by	battery: 3.9	kalman var: 0.007 0.007 0.003	 batterySag: 0.73388671875	link quality: 61	flight time: 99s	pos -0.14 0.06 0.08	yaw: -94.19	msg/s 21.818181818181817
INFO: 11-10-2021 20:28:24 printStatus(169) -- Drogno_1: stand by	battery: 3.9	kalman var: 0.007 0.007 0.003	 batterySag: 0.73388671875	link quality: 61	flight time: 99s	pos -0.14 0.06 0.08	yaw: -94.19	msg/s 20.909090909090907
INFO: 11-10-2021 20:28:26 printStatus(169) -- Drogno_1: stand by	battery: 3.9	kalman var: 0.007 0.007 0.003	 batterySag: 0.73388671875	link quality: 61	flight time: 99s	pos -0.14 0.06 0.08	yaw: -94.19	msg/s 22.727272727272727
INFO: 11-10-2021 20:28:27 printStatus(169) -- Drogno_1: stand by	battery: 3.9	kalman var: 0.007 0.007 0.003	 batterySag: 0.73388671875	link quality: 61	flight time: 99s	pos -0.14 0.06 0.08	yaw: -94.19	msg/s 22.727272727272727
INFO: 11-10-2021 20:28:28 printStatus(169) -- Drogno_1: stand by	battery: 3.9	kalman var: 0.007 0.007 0.003	 batterySag: 0.73388671875	link quality: 61	flight time: 99s	pos -0.14 0.06 0.08	yaw: -94.19	msg/s 23.636363636363633
INFO: 11-10-2021 20:28:29 printStatus(169) -- Drogno_1: stand by	battery: 3.9	kalman var: 0.007 0.007 0.003	 batterySag: 0.73388671875	link quality: 61	flight time: 99s	pos -0.14 0.06 0.08	yaw: -94.19	msg/s 23.636363636363633
INFO: 11-10-2021 20:28:30 printStatus(169) -- Drogno_1: stand by	battery: 3.9	kalman var: 0.007 0.007 0.003	 batterySag: 0.73388671875	link quality: 61	flight time: 99s	pos -0.14 0.06 0.08	yaw: -94.19	msg/s 22.727272727272727
INFO: 11-10-2021 20:28:32 printStatus(169) -- Drogno_1: stand by	battery: 3.9	kalman var: 0.007 0.007 0.003	 batterySag: 0.73388671875	link quality: 61	flight time: 99s	pos -0.14 0.06 0.08	yaw: -94.19	msg/s 23.636363636363633
INFO: 11-10-2021 20:28:33 printStatus(169) -- Drogno_1: stand by	battery: 3.9	kalman var: 0.007 0.007 0.003	 batterySag: 0.73388671875	link quality: 61	flight time: 99s	pos -0.14 0.06 0.08	yaw: -94.19	msg/s 22.727272727272727
INFO: 11-10-2021 20:28:34 printStatus(169) -- Drogno_1: stand by	battery: 3.9	kalman var: 0.007 0.007 0.003	 batterySag: 0.73388671875	link quality: 61	flight time: 99s	pos -0.14 0.06 0.08	yaw: -94.19	msg/s 22.727272727272727
INFO: 11-10-2021 20:28:35 printStatus(169) -- Drogno_1: stand by	battery: 3.9	kalman var: 0.007 0.007 0.003	 batterySag: 0.73388671875	link quality: 61	flight time: 99s	pos -0.14 0.06 0.08	yaw: -94.19	msg/s 21.818181818181817
INFO: 11-10-2021 20:28:36 printStatus(169) -- Drogno_1: stand by	battery: 3.9	kalman var: 0.007 0.007 0.003	 batterySag: 0.73388671875	link quality: 61	flight time: 99s	pos -0.14 0.06 0.08	yaw: -94.19	msg/s 14.545454545454545
INFO: 11-10-2021 20:28:37 printStatus(169) -- Drogno_1: stand by	battery: 3.9	kalman var: 0.007 0.007 0.003	 batterySag: 0.73388671875	link quality: 61	flight time: 99s	pos -0.14 0.06 0.08	yaw: -94.19	msg/s 0.0
INFO: 11-10-2021 20:28:38 printStatus(169) -- Drogno_1: stand by	battery: 3.9	kalman var: 0.007 0.007 0.003	 batterySag: 0.73388671875	link quality: 61	flight time: 99s	pos -0.14 0.06 0.08	yaw: -94.19	msg/s 0.0
INFO: 11-10-2021 20:28:40 printStatus(169) -- Drogno_1: stand by	battery: 3.9	kalman var: 0.007 0.007 0.003	 batterySag: 0.73388671875	link quality: 61	flight time: 99s	pos -0.14 0.06 0.08	yaw: -94.19	msg/s 0.0
INFO: 11-10-2021 20:28:41 printStatus(169) -- Drogno_1: stand by	battery: 3.9	kalman var: 0.007 0.007 0.003	 batterySag: 0.73388671875	link quality: 61	flight time: 99s	pos -0.14 0.06 0.08	yaw: -94.19	msg/s 0.0
INFO: 11-10-2021 20:28:42 printStatus(169) -- Drogno_1: stand by	battery: 3.9	kalman var: 0.007 0.007 0.003	 batterySag: 0.73388671875	link quality: 61	flight time: 99s	pos -0.14 0.06 0.08	yaw: -94.19	msg/s 0.0
INFO: 11-10-2021 20:28:43 printStatus(169) -- Drogno_1: stand by	battery: 3.9	kalman var: 0.007 0.007 0.003	 batterySag: 0.73388671875	link quality: 61	flight time: 99s	pos -0.14 0.06 0.08	yaw: -94.19	msg/s 0.0
WARNING: 11-10-2021 20:28:44 exit(859) -- closing Drogno_1
INFO: 11-10-2021 20:28:44 printStatus(169) -- Drogno_1: sconnesso	battery: 3.9	kalman var: 0.007 0.007 0.003	 batterySag: 0.73388671875	link quality: 61	flight time: 99s	pos -0.14 0.06 0.08	yaw: -94.19	msg/s 0.0
