INFO: 11-10-2021 23:25:12 __init__(130) -- This is dronelog running on Drogno_1
INFO: 11-10-2021 23:25:13 printStatus(166) -- Started
INFO: 11-10-2021 23:25:14 printStatus(169) -- Drogno_1: connecting	battery: n.p.	kalman var: 0 0 0	 batterySag: 0	link quality: 0	flight time: 0s	pos 0.00 0.00 0.00	yaw: 0.00	msg/s 0.0
INFO: 11-10-2021 23:25:15 printStatus(169) -- Drogno_1: connecting	battery: n.p.	kalman var: 0 0 0	 batterySag: 0	link quality: 0	flight time: 0s	pos 0.00 0.00 0.00	yaw: 0.00	msg/s 0.0
INFO: 11-10-2021 23:25:16 printStatus(169) -- Drogno_1: connecting	battery: n.p.	kalman var: 0 0 0	 batterySag: 0	link quality: 0	flight time: 0s	pos 0.00 0.00 0.00	yaw: 0.00	msg/s 0.0
INFO: 11-10-2021 23:25:17 printStatus(169) -- Drogno_1: connecting	battery: n.p.	kalman var: 0 0 0	 batterySag: 0	link quality: 0	flight time: 0s	pos 0.00 0.00 0.00	yaw: 0.00	msg/s 0.0
INFO: 11-10-2021 23:25:18 printStatus(169) -- Drogno_1: landed	battery: n.p.	kalman var: 0 0 0	 batterySag: 0	link quality: 0	flight time: 0s	pos 0.00 0.00 0.00	yaw: 0.00	msg/s 0.0
INFO: 11-10-2021 23:25:20 printStatus(169) -- Drogno_1: landed	battery: n.p.	kalman var: 0 0 0	 batterySag: 0	link quality: 0	flight time: 0s	pos 0.00 0.00 0.00	yaw: 0.00	msg/s 0.0
INFO: 11-10-2021 23:25:21 printStatus(169) -- Drogno_1: landed	battery: n.p.	kalman var: 0 0 0	 batterySag: 0	link quality: 0	flight time: 0s	pos 0.00 0.00 0.00	yaw: 0.00	msg/s 0.0
INFO: 11-10-2021 23:25:23 printStatus(169) -- Drogno_1: ready	battery: 4.14	kalman var: 0.0 0.0 0.0	 batterySag: 0.734	link quality: 63	flight time: 0s	pos -0.44 0.99 -0.01	yaw: 3.86	msg/s 0.0
INFO: 11-10-2021 23:25:24 printStatus(169) -- Drogno_1: ready	battery: 4.15	kalman var: 0.0 0.0 0.001	 batterySag: 0.734	link quality: 61	flight time: 0s	pos -0.44 0.99 -0.01	yaw: 3.76	msg/s 0.0
INFO: 11-10-2021 23:25:26 printStatus(169) -- Drogno_1: ready	battery: 4.15	kalman var: 0.0 0.0 0.0	 batterySag: 0.734	link quality: 62	flight time: 0s	pos -0.44 0.99 -0.01	yaw: 3.81	msg/s 0.0
INFO: 11-10-2021 23:25:27 printStatus(169) -- Drogno_1: ready	battery: 4.15	kalman var: 0.0 0.0 0.0	 batterySag: 0.734	link quality: 62	flight time: 0s	pos -0.44 0.99 -0.01	yaw: 3.89	msg/s 0.0
INFO: 11-10-2021 23:25:28 printStatus(169) -- Drogno_1: ready	battery: 4.15	kalman var: 0.0 0.0 0.0	 batterySag: 0.734	link quality: 61	flight time: 0s	pos -0.44 0.99 -0.01	yaw: 3.82	msg/s 0.0
INFO: 11-10-2021 23:25:29 printStatus(169) -- Drogno_1: ready	battery: 4.15	kalman var: 0.0 0.0 0.0	 batterySag: 0.734	link quality: 61	flight time: 0s	pos -0.44 0.99 -0.01	yaw: 4.00	msg/s 0.0
INFO: 11-10-2021 23:25:30 printStatus(169) -- Drogno_1: ready	battery: 4.15	kalman var: 0.0 0.0 0.0	 batterySag: 0.734	link quality: 61	flight time: 0s	pos -0.44 0.99 -0.01	yaw: 3.96	msg/s 0.0
INFO: 11-10-2021 23:25:31 printStatus(169) -- Drogno_1: ready	battery: 4.15	kalman var: 0.0 0.0 0.0	 batterySag: 0.734	link quality: 62	flight time: 0s	pos -0.44 0.99 -0.01	yaw: 3.85	msg/s 0.0
INFO: 11-10-2021 23:25:33 printStatus(169) -- Drogno_1: ready	battery: 4.15	kalman var: 0.0 0.0 0.0	 batterySag: 0.734	link quality: 61	flight time: 0s	pos -0.44 0.99 -0.01	yaw: 3.84	msg/s 0.0
INFO: 11-10-2021 23:25:34 printStatus(169) -- Drogno_1: ready	battery: 4.14	kalman var: 0.0 0.0 0.0	 batterySag: 0.734	link quality: 61	flight time: 0s	pos -0.44 0.99 -0.01	yaw: 3.85	msg/s 0.0
INFO: 11-10-2021 23:25:35 printStatus(169) -- Drogno_1: ready	battery: 4.15	kalman var: 0.0 0.0 0.0	 batterySag: 0.734	link quality: 61	flight time: 0s	pos -0.44 0.99 -0.01	yaw: 3.93	msg/s 0.0
INFO: 11-10-2021 23:25:36 printStatus(169) -- Drogno_1: ready	battery: 4.14	kalman var: 0.0 0.0 0.0	 batterySag: 0.734	link quality: 62	flight time: 0s	pos -0.44 0.99 -0.01	yaw: 3.85	msg/s 0.0
INFO: 11-10-2021 23:25:37 printStatus(169) -- Drogno_1: ready	battery: 4.14	kalman var: 0.0 0.0 0.0	 batterySag: 0.734	link quality: 62	flight time: 0s	pos -0.44 0.99 -0.01	yaw: 3.84	msg/s 0.0
INFO: 11-10-2021 23:25:38 printStatus(169) -- Drogno_1: ready	battery: 4.14	kalman var: 0.0 0.0 0.0	 batterySag: 0.734	link quality: 62	flight time: 0s	pos -0.44 0.99 -0.01	yaw: 3.92	msg/s 0.0
INFO: 11-10-2021 23:25:39 printStatus(169) -- Drogno_1: ready	battery: 4.14	kalman var: 0.0 0.0 0.0	 batterySag: 0.734	link quality: 61	flight time: 0s	pos -0.44 0.99 -0.01	yaw: 3.93	msg/s 0.0
INFO: 11-10-2021 23:25:41 printStatus(169) -- Drogno_1: ready	battery: 4.14	kalman var: 0.0 0.0 0.0	 batterySag: 0.734	link quality: 61	flight time: 0s	pos -0.44 0.99 -0.01	yaw: 3.87	msg/s 0.0
INFO: 11-10-2021 23:25:42 printStatus(169) -- Drogno_1: ready	battery: 4.14	kalman var: 0.0 0.0 0.0	 batterySag: 0.734	link quality: 61	flight time: 0s	pos -0.44 0.99 -0.01	yaw: 3.88	msg/s 0.0
INFO: 11-10-2021 23:25:43 printStatus(169) -- Drogno_1: ready	battery: 4.14	kalman var: 0.0 0.0 0.0	 batterySag: 0.734	link quality: 62	flight time: 0s	pos -0.44 0.99 -0.01	yaw: 3.83	msg/s 0.0
INFO: 11-10-2021 23:25:44 printStatus(169) -- Drogno_1: ready	battery: 4.14	kalman var: 0.0 0.0 0.0	 batterySag: 0.734	link quality: 62	flight time: 0s	pos -0.44 0.99 -0.01	yaw: 3.85	msg/s 0.0
INFO: 11-10-2021 23:25:45 printStatus(169) -- Drogno_1: ready	battery: 4.14	kalman var: 0.0 0.0 0.0	 batterySag: 0.734	link quality: 65	flight time: 0s	pos -0.44 0.99 -0.01	yaw: 3.87	msg/s 0.0
INFO: 11-10-2021 23:25:47 printStatus(169) -- Drogno_1: ready	battery: 4.14	kalman var: 0.0 0.0 0.0	 batterySag: 0.734	link quality: 63	flight time: 0s	pos -0.44 0.99 -0.01	yaw: 3.93	msg/s 0.0
INFO: 11-10-2021 23:25:48 printStatus(169) -- Drogno_1: ready	battery: 4.14	kalman var: 0.0 0.0 0.0	 batterySag: 0.734	link quality: 63	flight time: 0s	pos -0.44 0.99 -0.01	yaw: 3.92	msg/s 0.0
INFO: 11-10-2021 23:25:49 printStatus(169) -- Drogno_1: ready	battery: 4.14	kalman var: 0.0 0.0 0.0	 batterySag: 0.734	link quality: 63	flight time: 0s	pos -0.44 0.99 -0.01	yaw: 3.93	msg/s 0.0
INFO: 11-10-2021 23:25:50 printStatus(169) -- Drogno_1: ready	battery: 4.14	kalman var: 0.0 0.0 0.0	 batterySag: 0.734	link quality: 63	flight time: 0s	pos -0.44 0.99 -0.01	yaw: 3.86	msg/s 0.0
INFO: 11-10-2021 23:25:51 printStatus(169) -- Drogno_1: ready	battery: 4.14	kalman var: 0.0 0.0 0.0	 batterySag: 0.734	link quality: 65	flight time: 0s	pos -0.44 0.99 -0.01	yaw: 3.91	msg/s 0.0
INFO: 11-10-2021 23:25:53 printStatus(169) -- Drogno_1: ready	battery: 4.14	kalman var: 0.001 0.001 0.001	 batterySag: 0.734	link quality: 63	flight time: 0s	pos -0.44 0.99 -0.01	yaw: 3.84	msg/s 0.0
INFO: 11-10-2021 23:25:54 printStatus(169) -- Drogno_1: ready	battery: 4.14	kalman var: 0.0 0.0 0.0	 batterySag: 0.734	link quality: 61	flight time: 0s	pos -0.44 0.99 -0.01	yaw: 3.84	msg/s 0.0
INFO: 11-10-2021 23:25:56 printStatus(169) -- Drogno_1: ready	battery: 4.14	kalman var: 0.0 0.0 0.0	 batterySag: 0.734	link quality: 61	flight time: 0s	pos -0.44 0.99 -0.01	yaw: 3.93	msg/s 0.0
INFO: 11-10-2021 23:25:57 printStatus(169) -- Drogno_1: ready	battery: 4.14	kalman var: 0.001 0.001 0.001	 batterySag: 0.734	link quality: 62	flight time: 0s	pos -0.44 0.98 -0.01	yaw: 3.86	msg/s 0.0
INFO: 11-10-2021 23:25:58 printStatus(169) -- Drogno_1: ready	battery: 4.14	kalman var: 0.0 0.0 0.0	 batterySag: 0.734	link quality: 62	flight time: 0s	pos -0.44 0.99 -0.01	yaw: 3.94	msg/s 0.0
INFO: 11-10-2021 23:26:00 printStatus(169) -- Drogno_1: ready	battery: 4.14	kalman var: 0.0 0.0 0.0	 batterySag: 0.734	link quality: 63	flight time: 0s	pos -0.44 0.99 -0.01	yaw: 3.85	msg/s 0.0
INFO: 11-10-2021 23:26:01 printStatus(169) -- Drogno_1: ready	battery: 4.14	kalman var: 0.0 0.0 0.0	 batterySag: 0.734	link quality: 63	flight time: 0s	pos -0.44 0.99 -0.01	yaw: 3.76	msg/s 0.0
INFO: 11-10-2021 23:26:02 printStatus(169) -- Drogno_1: ready	battery: 4.14	kalman var: 0.0 0.0 0.0	 batterySag: 0.734	link quality: 62	flight time: 0s	pos -0.44 0.99 -0.01	yaw: 3.87	msg/s 0.0
INFO: 11-10-2021 23:26:03 printStatus(169) -- Drogno_1: ready	battery: 4.14	kalman var: 0.0 0.0 0.0	 batterySag: 0.734	link quality: 63	flight time: 0s	pos -0.44 0.99 -0.01	yaw: 3.80	msg/s 0.0
INFO: 11-10-2021 23:26:05 printStatus(169) -- Drogno_1: ready	battery: 4.14	kalman var: 0.0 0.0 0.0	 batterySag: 0.734	link quality: 62	flight time: 0s	pos -0.44 0.99 -0.01	yaw: 3.91	msg/s 0.0
INFO: 11-10-2021 23:26:06 printStatus(169) -- Drogno_1: ready	battery: 4.14	kalman var: 0.0 0.0 0.0	 batterySag: 0.734	link quality: 62	flight time: 0s	pos -0.44 0.99 -0.01	yaw: 3.81	msg/s 0.0
INFO: 11-10-2021 23:26:07 printStatus(169) -- Drogno_1: ready	battery: 4.14	kalman var: 0.0 0.0 0.0	 batterySag: 0.734	link quality: 62	flight time: 0s	pos -0.44 0.99 -0.01	yaw: 3.86	msg/s 0.0
INFO: 11-10-2021 23:26:08 printStatus(169) -- Drogno_1: ready	battery: 4.14	kalman var: 0.0 0.0 0.0	 batterySag: 0.734	link quality: 62	flight time: 0s	pos -0.44 0.99 -0.01	yaw: 3.86	msg/s 0.0
INFO: 11-10-2021 23:26:10 printStatus(169) -- Drogno_1: ready	battery: 4.14	kalman var: 0.0 0.0 0.0	 batterySag: 0.734	link quality: 63	flight time: 0s	pos -0.44 0.99 -0.01	yaw: 3.91	msg/s 0.0
INFO: 11-10-2021 23:26:12 printStatus(169) -- Drogno_1: ready	battery: 4.14	kalman var: 0.0 0.0 0.0	 batterySag: 0.734	link quality: 61	flight time: 0s	pos -0.44 0.99 -0.01	yaw: 3.88	msg/s 0.0
INFO: 11-10-2021 23:26:13 printStatus(169) -- Drogno_1: ready	battery: 4.14	kalman var: 0.001 0.001 0.001	 batterySag: 0.734	link quality: 61	flight time: 0s	pos -0.44 0.98 -0.01	yaw: 3.76	msg/s 0.0
INFO: 11-10-2021 23:26:14 printStatus(169) -- Drogno_1: ready	battery: 4.14	kalman var: 0.0 0.0 0.0	 batterySag: 0.734	link quality: 61	flight time: 0s	pos -0.44 0.99 -0.01	yaw: 3.91	msg/s 0.0
INFO: 11-10-2021 23:26:15 printStatus(169) -- Drogno_1: ready	battery: 4.14	kalman var: 0.001 0.001 0.001	 batterySag: 0.734	link quality: 61	flight time: 0s	pos -0.44 0.99 -0.01	yaw: 3.73	msg/s 0.0
INFO: 11-10-2021 23:26:16 printStatus(169) -- Drogno_1: ready	battery: 4.14	kalman var: 0.0 0.0 0.0	 batterySag: 0.734	link quality: 62	flight time: 0s	pos -0.44 0.99 -0.01	yaw: 3.80	msg/s 0.0
INFO: 11-10-2021 23:26:17 printStatus(169) -- Drogno_1: ready	battery: 4.14	kalman var: 0.0 0.0 0.0	 batterySag: 0.734	link quality: 61	flight time: 0s	pos -0.44 0.99 -0.01	yaw: 3.79	msg/s 0.0
INFO: 11-10-2021 23:26:19 printStatus(169) -- Drogno_1: ready	battery: 4.14	kalman var: 0.0 0.0 0.0	 batterySag: 0.734	link quality: 60	flight time: 0s	pos -0.44 0.99 -0.01	yaw: 3.84	msg/s 0.0
INFO: 11-10-2021 23:26:20 printStatus(169) -- Drogno_1: ready	battery: 4.14	kalman var: 0.0 0.0 0.0	 batterySag: 0.734	link quality: 62	flight time: 0s	pos -0.44 0.99 -0.01	yaw: 3.89	msg/s 0.0
INFO: 11-10-2021 23:26:21 printStatus(169) -- Drogno_1: ready	battery: 4.14	kalman var: 0.0 0.0 0.0	 batterySag: 0.734	link quality: 61	flight time: 0s	pos -0.44 0.99 -0.01	yaw: 3.80	msg/s 0.0
INFO: 11-10-2021 23:26:22 printStatus(169) -- Drogno_1: ready	battery: 4.14	kalman var: 0.0 0.0 0.0	 batterySag: 0.734	link quality: 61	flight time: 0s	pos -0.44 0.99 -0.01	yaw: 3.95	msg/s 0.0
INFO: 11-10-2021 23:26:23 printStatus(169) -- Drogno_1: ready	battery: 4.14	kalman var: 0.0 0.0 0.0	 batterySag: 0.734	link quality: 62	flight time: 0s	pos -0.44 0.99 -0.01	yaw: 3.91	msg/s 0.0
INFO: 11-10-2021 23:26:24 printStatus(169) -- Drogno_1: ready	battery: 4.14	kalman var: 0.0 0.0 0.0	 batterySag: 0.734	link quality: 63	flight time: 0s	pos -0.44 0.99 -0.01	yaw: 3.83	msg/s 0.0
INFO: 11-10-2021 23:26:26 printStatus(169) -- Drogno_1: ready	battery: 4.14	kalman var: 0.0 0.0 0.0	 batterySag: 0.734	link quality: 62	flight time: 0s	pos -0.44 0.99 -0.01	yaw: 3.82	msg/s 0.0
INFO: 11-10-2021 23:26:27 printStatus(169) -- Drogno_1: ready	battery: 4.14	kalman var: 0.0 0.0 0.0	 batterySag: 0.734	link quality: 61	flight time: 0s	pos -0.44 0.99 -0.01	yaw: 3.80	msg/s 0.0
INFO: 11-10-2021 23:26:28 printStatus(169) -- Drogno_1: ready	battery: 4.14	kalman var: 0.001 0.001 0.001	 batterySag: 0.734	link quality: 61	flight time: 0s	pos -0.44 0.99 -0.01	yaw: 3.81	msg/s 0.0
INFO: 11-10-2021 23:26:29 printStatus(169) -- Drogno_1: ready	battery: 4.14	kalman var: 0.0 0.0 0.0	 batterySag: 0.734	link quality: 61	flight time: 0s	pos -0.44 0.99 -0.01	yaw: 3.80	msg/s 0.0
INFO: 11-10-2021 23:26:30 printStatus(169) -- Drogno_1: ready	battery: 4.14	kalman var: 0.0 0.0 0.0	 batterySag: 0.734	link quality: 63	flight time: 0s	pos -0.44 0.99 -0.01	yaw: 3.92	msg/s 0.0
INFO: 11-10-2021 23:26:31 printStatus(169) -- Drogno_1: ready	battery: 4.14	kalman var: 0.001 0.001 0.001	 batterySag: 0.734	link quality: 61	flight time: 0s	pos -0.44 0.98 -0.01	yaw: 3.85	msg/s 0.0
INFO: 11-10-2021 23:26:33 printStatus(169) -- Drogno_1: ready	battery: 4.14	kalman var: 0.0 0.0 0.0	 batterySag: 0.734	link quality: 62	flight time: 0s	pos -0.44 0.99 -0.01	yaw: 3.90	msg/s 0.0
INFO: 11-10-2021 23:26:34 printStatus(169) -- Drogno_1: ready	battery: 4.14	kalman var: 0.0 0.0 0.0	 batterySag: 0.734	link quality: 62	flight time: 0s	pos -0.44 0.99 -0.01	yaw: 3.78	msg/s 0.0
INFO: 11-10-2021 23:26:35 printStatus(169) -- Drogno_1: ready	battery: 4.14	kalman var: 0.0 0.0 0.0	 batterySag: 0.734	link quality: 62	flight time: 0s	pos -0.44 0.99 -0.01	yaw: 3.81	msg/s 0.0
INFO: 11-10-2021 23:26:36 printStatus(169) -- Drogno_1: ready	battery: 4.14	kalman var: 0.0 0.0 0.0	 batterySag: 0.734	link quality: 62	flight time: 0s	pos -0.44 0.99 -0.01	yaw: 3.83	msg/s 0.0
INFO: 11-10-2021 23:26:37 printStatus(169) -- Drogno_1: ready	battery: 4.14	kalman var: 0.0 0.0 0.0	 batterySag: 0.734	link quality: 62	flight time: 0s	pos -0.44 0.99 -0.01	yaw: 3.89	msg/s 0.0
INFO: 11-10-2021 23:26:38 printStatus(169) -- Drogno_1: ready	battery: 4.14	kalman var: 0.0 0.0 0.0	 batterySag: 0.734	link quality: 62	flight time: 0s	pos -0.44 0.99 -0.01	yaw: 3.88	msg/s 0.0
INFO: 11-10-2021 23:26:40 printStatus(169) -- Drogno_1: ready	battery: 4.14	kalman var: 0.0 0.0 0.0	 batterySag: 0.734	link quality: 62	flight time: 0s	pos -0.44 0.99 -0.01	yaw: 3.98	msg/s 0.0
INFO: 11-10-2021 23:26:41 printStatus(169) -- Drogno_1: ready	battery: 4.14	kalman var: 0.0 0.0 0.0	 batterySag: 0.734	link quality: 61	flight time: 0s	pos -0.44 0.99 -0.01	yaw: 3.89	msg/s 0.0
INFO: 11-10-2021 23:26:42 printStatus(169) -- Drogno_1: ready	battery: 4.14	kalman var: 0.0 0.0 0.0	 batterySag: 0.734	link quality: 61	flight time: 0s	pos -0.44 0.99 -0.01	yaw: 3.83	msg/s 0.0
INFO: 11-10-2021 23:26:43 printStatus(169) -- Drogno_1: ready	battery: 4.14	kalman var: 0.0 0.0 0.0	 batterySag: 0.734	link quality: 62	flight time: 0s	pos -0.44 0.99 -0.01	yaw: 3.91	msg/s 0.0
INFO: 11-10-2021 23:26:44 printStatus(169) -- Drogno_1: ready	battery: 4.14	kalman var: 0.0 0.0 0.0	 batterySag: 0.734	link quality: 62	flight time: 0s	pos -0.44 0.99 -0.01	yaw: 3.80	msg/s 0.0
INFO: 11-10-2021 23:26:46 printStatus(169) -- Drogno_1: ready	battery: 4.14	kalman var: 0.0 0.0 0.0	 batterySag: 0.734	link quality: 62	flight time: 0s	pos -0.44 0.99 -0.01	yaw: 3.87	msg/s 0.0
INFO: 11-10-2021 23:26:47 printStatus(169) -- Drogno_1: ready	battery: 4.14	kalman var: 0.0 0.0 0.0	 batterySag: 0.734	link quality: 61	flight time: 0s	pos -0.44 0.99 -0.01	yaw: 3.87	msg/s 0.0
INFO: 11-10-2021 23:26:48 printStatus(169) -- Drogno_1: ready	battery: 4.14	kalman var: 0.0 0.0 0.0	 batterySag: 0.734	link quality: 62	flight time: 0s	pos -0.44 0.99 -0.01	yaw: 3.92	msg/s 0.0
INFO: 11-10-2021 23:26:49 printStatus(169) -- Drogno_1: ready	battery: 4.14	kalman var: 0.0 0.0 0.0	 batterySag: 0.734	link quality: 62	flight time: 0s	pos -0.44 0.99 -0.01	yaw: 3.90	msg/s 0.0
INFO: 11-10-2021 23:26:51 printStatus(169) -- Drogno_1: ready	battery: 4.14	kalman var: 0.0 0.0 0.0	 batterySag: 0.734	link quality: 62	flight time: 0s	pos -0.44 0.99 -0.01	yaw: 3.84	msg/s 0.0
INFO: 11-10-2021 23:26:52 printStatus(169) -- Drogno_1: ready	battery: 4.14	kalman var: 0.0 0.0 0.0	 batterySag: 0.734	link quality: 61	flight time: 0s	pos -0.44 0.99 -0.01	yaw: 3.83	msg/s 0.0
INFO: 11-10-2021 23:26:53 printStatus(169) -- Drogno_1: ready	battery: 4.14	kalman var: 0.0 0.0 0.0	 batterySag: 0.734	link quality: 63	flight time: 0s	pos -0.44 0.99 -0.01	yaw: 3.82	msg/s 0.0
INFO: 11-10-2021 23:26:54 printStatus(169) -- Drogno_1: ready	battery: 4.14	kalman var: 0.0 0.0 0.0	 batterySag: 0.734	link quality: 61	flight time: 0s	pos -0.44 0.99 -0.01	yaw: 3.85	msg/s 0.0
INFO: 11-10-2021 23:26:56 printStatus(169) -- Drogno_1: ready	battery: 4.14	kalman var: 0.0 0.0 0.0	 batterySag: 0.734	link quality: 61	flight time: 0s	pos -0.44 0.99 -0.01	yaw: 3.81	msg/s 0.0
INFO: 11-10-2021 23:26:58 printStatus(169) -- Drogno_1: ready	battery: 3.83	kalman var: 0.0 0.0 0.0	 batterySag: 0.734	link quality: 61	flight time: 0s	pos -0.43 0.98 -0.01	yaw: 6.52	msg/s 0.0
INFO: 11-10-2021 23:26:59 printStatus(169) -- Drogno_1: ready	battery: 3.76	kalman var: 0.0 0.0 0.0	 batterySag: 0.734	link quality: 62	flight time: 0s	pos -0.44 1.00 0.33	yaw: 3.77	msg/s 0.0
INFO: 11-10-2021 23:27:00 printStatus(169) -- Drogno_1: hovering	battery: 3.76	kalman var: 0.001 0.001 0.001	 batterySag: 0.734	link quality: 59	flight time: 2s	pos -0.44 0.98 0.82	yaw: 1.31	msg/s 5.5
INFO: 11-10-2021 23:27:02 printStatus(169) -- Drogno_1: hovering	battery: 3.73	kalman var: 0.0 0.0 0.0	 batterySag: 0.734	link quality: 61	flight time: 3s	pos -0.23 1.27 0.72	yaw: 1.63	msg/s 7.3
INFO: 11-10-2021 23:27:03 printStatus(169) -- Drogno_1: hovering	battery: 3.74	kalman var: 0.001 0.001 0.001	 batterySag: 0.734	link quality: 63	flight time: 4s	pos -0.23 1.27 0.94	yaw: -0.28	msg/s 12.7
INFO: 11-10-2021 23:27:04 printStatus(169) -- Drogno_1: ready	battery: 3.73	kalman var: 0.001 0.001 0.001	 batterySag: 0.734	link quality: 58	flight time: 5s	pos -0.16 1.37 1.01	yaw: -0.59	msg/s 3.6
INFO: 11-10-2021 23:27:05 printStatus(169) -- Drogno_1: moving	battery: 3.71	kalman var: 0.002 0.002 0.001	 batterySag: 0.734	link quality: 65	flight time: 6s	pos -0.29 1.24 0.98	yaw: -0.24	msg/s 9.1
INFO: 11-10-2021 23:27:06 printStatus(169) -- Drogno_1: hovering	battery: 3.71	kalman var: 0.002 0.002 0.001	 batterySag: 0.734	link quality: 62	flight time: 8s	pos -0.30 1.26 0.99	yaw: -0.41	msg/s 7.3
INFO: 11-10-2021 23:27:07 printStatus(169) -- Drogno_1: hovering	battery: 3.69	kalman var: 0.008 0.008 0.002	 batterySag: 0.734	link quality: 66	flight time: 9s	pos -0.45 1.23 1.01	yaw: -0.70	msg/s 18.2
INFO: 11-10-2021 23:27:09 printStatus(169) -- Drogno_1: hovering	battery: 3.69	kalman var: 0.02 0.02 0.003	 batterySag: 0.734	link quality: 61	flight time: 10s	pos -0.63 1.21 1.03	yaw: -0.11	msg/s 18.2
INFO: 11-10-2021 23:27:10 printStatus(169) -- Drogno_1: moving	battery: 3.67	kalman var: 0.002 0.002 0.001	 batterySag: 0.734	link quality: 65	flight time: 11s	pos -0.99 1.03 1.06	yaw: -0.02	msg/s 20.0
INFO: 11-10-2021 23:27:11 printStatus(169) -- Drogno_1: hovering	battery: 3.67	kalman var: 0.001 0.001 0.001	 batterySag: 0.734	link quality: 63	flight time: 12s	pos -1.07 0.81 1.08	yaw: -0.38	msg/s 16.4
INFO: 11-10-2021 23:27:12 printStatus(169) -- Drogno_1: hovering	battery: 3.66	kalman var: 0.0 0.0 0.0	 batterySag: 0.734	link quality: 63	flight time: 14s	pos -1.20 0.52 1.06	yaw: -1.83	msg/s 18.2
INFO: 11-10-2021 23:27:13 printStatus(169) -- Drogno_1: hovering	battery: 3.67	kalman var: 0.0 0.0 0.001	 batterySag: 0.734	link quality: 68	flight time: 15s	pos -1.33 0.15 1.18	yaw: 1.35	msg/s 20.0
INFO: 11-10-2021 23:27:15 printStatus(169) -- Drogno_1: hovering	battery: 3.66	kalman var: 0.0 0.0 0.0	 batterySag: 0.734	link quality: 61	flight time: 16s	pos -1.30 -0.21 1.19	yaw: -4.23	msg/s 16.4
INFO: 11-10-2021 23:27:16 printStatus(169) -- Drogno_1: hovering	battery: 3.62	kalman var: 0.0 0.0 0.0	 batterySag: 0.734	link quality: 63	flight time: 17s	pos -1.24 -0.54 0.96	yaw: 0.41	msg/s 14.5
INFO: 11-10-2021 23:27:17 printStatus(169) -- Drogno_1: hovering	battery: 3.67	kalman var: 0.0 0.0 0.0	 batterySag: 0.734	link quality: 73	flight time: 18s	pos -0.89 -1.06 1.26	yaw: 0.77	msg/s 12.7
INFO: 11-10-2021 23:27:19 printStatus(169) -- Drogno_1: moving	battery: 3.64	kalman var: 0.0 0.0 0.0	 batterySag: 0.734	link quality: 60	flight time: 20s	pos -0.68 -1.17 1.05	yaw: 0.41	msg/s 9.1
INFO: 11-10-2021 23:27:20 printStatus(169) -- Drogno_1: hovering	battery: 3.65	kalman var: 0.0 0.0 0.0	 batterySag: 0.734	link quality: 59	flight time: 21s	pos -0.35 -1.31 1.18	yaw: -0.74	msg/s 10.9
INFO: 11-10-2021 23:27:22 printStatus(169) -- Drogno_1: hovering	battery: 3.63	kalman var: 0.0 0.0 0.0	 batterySag: 0.734	link quality: 66	flight time: 22s	pos -0.23 -1.33 1.11	yaw: -0.38	msg/s 14.5
INFO: 11-10-2021 23:27:23 printStatus(169) -- Drogno_1: hovering	battery: 3.63	kalman var: 0.001 0.001 0.001	 batterySag: 0.734	link quality: 63	flight time: 24s	pos -0.12 -1.32 1.03	yaw: 0.15	msg/s 12.7
INFO: 11-10-2021 23:27:24 printStatus(169) -- Drogno_1: ready	battery: 3.63	kalman var: 0.0 0.0 0.0	 batterySag: 0.734	link quality: 58	flight time: 25s	pos 0.20 -1.20 1.10	yaw: -0.03	msg/s 14.5
INFO: 11-10-2021 23:27:25 printStatus(169) -- Drogno_1: hovering	battery: 3.62	kalman var: 0.0 0.0 0.001	 batterySag: 0.734	link quality: 58	flight time: 26s	pos 0.59 -0.82 1.33	yaw: 0.06	msg/s 14.5
INFO: 11-10-2021 23:27:27 printStatus(169) -- Drogno_1: hovering	battery: 3.63	kalman var: 0.0 0.0 0.0	 batterySag: 0.734	link quality: 56	flight time: 28s	pos 0.06 0.53 1.75	yaw: -0.76	msg/s 18.2
INFO: 11-10-2021 23:27:29 printStatus(169) -- Drogno_1: hovering	battery: 3.64	kalman var: 0.0 0.0 0.0	 batterySag: 0.734	link quality: 56	flight time: 29s	pos -0.70 0.43 1.70	yaw: 0.32	msg/s 18.2
INFO: 11-10-2021 23:27:30 printStatus(169) -- Drogno_1: moving	battery: 3.63	kalman var: 0.0 0.0 0.0	 batterySag: 0.734	link quality: 58	flight time: 31s	pos -0.88 -0.87 1.22	yaw: -0.30	msg/s 3.6
INFO: 11-10-2021 23:27:31 printStatus(169) -- Drogno_1: hovering	battery: 3.59	kalman var: 0.0 0.0 0.0	 batterySag: 0.734	link quality: 60	flight time: 32s	pos -0.32 -1.19 1.03	yaw: -0.82	msg/s 18.2
INFO: 11-10-2021 23:27:32 printStatus(169) -- Drogno_1: moving	battery: 3.64	kalman var: 0.001 0.001 0.001	 batterySag: 0.734	link quality: 58	flight time: 33s	pos -0.28 -1.16 0.97	yaw: -0.94	msg/s 18.2
INFO: 11-10-2021 23:27:33 printStatus(169) -- Drogno_1: hovering	battery: 3.57	kalman var: 0.002 0.002 0.001	 batterySag: 0.734	link quality: 52	flight time: 35s	pos -0.30 -1.16 0.71	yaw: -0.23	msg/s 16.4
INFO: 11-10-2021 23:27:34 printStatus(169) -- Drogno_1: hovering	battery: 3.65	kalman var: 0.0 0.0 0.0	 batterySag: 0.734	link quality: 57	flight time: 36s	pos -0.31 -1.17 1.23	yaw: 0.05	msg/s 9.1
INFO: 11-10-2021 23:27:36 printStatus(169) -- Drogno_1: hovering	battery: 3.58	kalman var: 0.0 0.0 0.0	 batterySag: 0.734	link quality: 54	flight time: 37s	pos -0.38 -1.25 0.72	yaw: 0.16	msg/s 14.5
INFO: 11-10-2021 23:27:37 printStatus(169) -- Drogno_1: hovering	battery: 3.61	kalman var: 0.001 0.001 0.001	 batterySag: 0.734	link quality: 57	flight time: 38s	pos -0.38 -1.32 0.72	yaw: -1.11	msg/s 18.2
INFO: 11-10-2021 23:27:38 printStatus(169) -- Drogno_1: hovering	battery: 3.59	kalman var: 0.004 0.004 0.002	 batterySag: 0.734	link quality: 61	flight time: 39s	pos -0.31 -1.44 0.51	yaw: 3.04	msg/s 18.2
INFO: 11-10-2021 23:27:39 printStatus(169) -- Drogno_1: hovering	battery: 3.58	kalman var: 0.0 0.0 0.0	 batterySag: 0.734	link quality: 63	flight time: 41s	pos -0.20 -1.35 0.47	yaw: 3.68	msg/s 14.5
INFO: 11-10-2021 23:27:41 printStatus(169) -- Drogno_1: hovering	battery: 3.58	kalman var: 0.001 0.001 0.001	 batterySag: 0.734	link quality: 54	flight time: 42s	pos -0.08 -1.25 0.57	yaw: -2.59	msg/s 18.2
INFO: 11-10-2021 23:27:42 printStatus(169) -- Drogno_1: hovering	battery: 3.59	kalman var: 0.001 0.001 0.001	 batterySag: 0.734	link quality: 54	flight time: 43s	pos -0.04 -1.26 0.71	yaw: -1.70	msg/s 20.0
INFO: 11-10-2021 23:27:43 printStatus(169) -- Drogno_1: hovering	battery: 3.59	kalman var: 0.0 0.0 0.0	 batterySag: 0.734	link quality: 55	flight time: 44s	pos -0.43 -1.18 1.10	yaw: -0.82	msg/s 16.4
INFO: 11-10-2021 23:27:44 printStatus(169) -- Drogno_1: hovering	battery: 3.59	kalman var: 0.0 0.0 0.0	 batterySag: 0.734	link quality: 57	flight time: 45s	pos -0.77 -0.94 1.22	yaw: -0.93	msg/s 16.4
INFO: 11-10-2021 23:27:46 printStatus(169) -- Drogno_1: hovering	battery: 3.58	kalman var: 0.0 0.0 0.0	 batterySag: 0.734	link quality: 62	flight time: 47s	pos -1.30 -0.28 1.24	yaw: -0.71	msg/s 16.4
INFO: 11-10-2021 23:27:47 printStatus(169) -- Drogno_1: hovering	battery: 3.59	kalman var: 0.0 0.0 0.0	 batterySag: 0.734	link quality: 58	flight time: 48s	pos -1.50 0.24 1.24	yaw: -0.67	msg/s 16.4
INFO: 11-10-2021 23:27:48 printStatus(169) -- Drogno_1: hovering	battery: 3.57	kalman var: 0.001 0.001 0.001	 batterySag: 0.734	link quality: 58	flight time: 50s	pos -1.10 0.71 1.09	yaw: -0.45	msg/s 14.5
INFO: 11-10-2021 23:27:49 printStatus(169) -- Drogno_1: hovering	battery: 3.56	kalman var: 0.001 0.001 0.001	 batterySag: 0.734	link quality: 59	flight time: 51s	pos -0.62 0.89 1.04	yaw: 0.28	msg/s 16.4
INFO: 11-10-2021 23:27:51 printStatus(169) -- Drogno_1: hovering	battery: 3.55	kalman var: 0.001 0.001 0.001	 batterySag: 0.734	link quality: 59	flight time: 52s	pos -0.12 1.12 1.29	yaw: -0.09	msg/s 18.2
INFO: 11-10-2021 23:27:52 printStatus(169) -- Drogno_1: ready	battery: 3.56	kalman var: 0.001 0.001 0.001	 batterySag: 0.734	link quality: 65	flight time: 53s	pos 0.61 0.48 1.95	yaw: -1.04	msg/s 16.4
INFO: 11-10-2021 23:27:54 printStatus(169) -- Drogno_1: hovering	battery: 3.57	kalman var: 0.006 0.006 0.002	 batterySag: 0.734	link quality: 51	flight time: 54s	pos 0.52 -0.13 1.87	yaw: -0.28	msg/s 16.4
INFO: 11-10-2021 23:27:55 printStatus(169) -- Drogno_1: hovering	battery: 3.57	kalman var: 0.0 0.0 0.0	 batterySag: 0.734	link quality: 56	flight time: 56s	pos 0.42 -0.17 1.47	yaw: 1.76	msg/s 18.2
INFO: 11-10-2021 23:27:56 printStatus(169) -- Drogno_1: hovering	battery: 3.52	kalman var: 0.0 0.0 0.0	 batterySag: 0.734	link quality: 61	flight time: 57s	pos -0.28 -1.05 1.03	yaw: -2.63	msg/s 14.5
INFO: 11-10-2021 23:27:57 printStatus(169) -- Drogno_1: hovering	battery: 3.56	kalman var: 0.0 0.0 0.0	 batterySag: 0.734	link quality: 68	flight time: 58s	pos -0.89 -1.02 0.57	yaw: 0.04	msg/s 14.5
INFO: 11-10-2021 23:27:59 printStatus(169) -- Drogno_1: hovering	battery: 3.54	kalman var: 0.0 0.0 0.0	 batterySag: 0.734	link quality: 63	flight time: 60s	pos -1.14 0.41 0.44	yaw: -0.40	msg/s 18.2
INFO: 11-10-2021 23:28:00 printStatus(169) -- Drogno_1: hovering	battery: 3.55	kalman var: 0.0 0.0 0.0	 batterySag: 0.734	link quality: 58	flight time: 61s	pos -0.61 1.09 0.91	yaw: 0.31	msg/s 18.2
INFO: 11-10-2021 23:28:01 printStatus(169) -- Drogno_1: hovering	battery: 3.56	kalman var: 0.002 0.002 0.001	 batterySag: 0.734	link quality: 68	flight time: 62s	pos -0.17 1.00 1.31	yaw: -0.07	msg/s 23.6
INFO: 11-10-2021 23:28:02 printStatus(169) -- Drogno_1: hovering	battery: 3.52	kalman var: 0.001 0.001 0.001	 batterySag: 0.734	link quality: 61	flight time: 64s	pos -0.12 1.39 1.49	yaw: 0.11	msg/s 21.8
INFO: 11-10-2021 23:28:04 printStatus(169) -- Drogno_1: hovering	battery: 3.54	kalman var: 0.0 0.0 0.0	 batterySag: 0.734	link quality: 57	flight time: 65s	pos -0.23 0.77 1.45	yaw: 0.21	msg/s 23.6
INFO: 11-10-2021 23:28:05 printStatus(169) -- Drogno_1: hovering	battery: 3.54	kalman var: 0.002 0.002 0.001	 batterySag: 0.734	link quality: 58	flight time: 66s	pos -0.67 0.65 1.36	yaw: 0.51	msg/s 23.6
INFO: 11-10-2021 23:28:06 printStatus(169) -- Drogno_1: moving	battery: 3.56	kalman var: 0.0 0.0 0.0	 batterySag: 0.734	link quality: 56	flight time: 67s	pos -1.37 0.66 1.33	yaw: -0.20	msg/s 21.8
INFO: 11-10-2021 23:28:08 printStatus(169) -- Drogno_1: hovering	battery: 3.51	kalman var: 0.0 0.0 0.0	 batterySag: 0.734	link quality: 61	flight time: 69s	pos -1.52 1.27 0.89	yaw: -0.37	msg/s 21.8
INFO: 11-10-2021 23:28:09 printStatus(169) -- Drogno_1: hovering	battery: 3.53	kalman var: 0.002 0.002 0.001	 batterySag: 0.734	link quality: 63	flight time: 70s	pos -0.43 1.41 0.85	yaw: -0.10	msg/s 25.5
INFO: 11-10-2021 23:28:10 printStatus(169) -- Drogno_1: hovering	battery: 3.52	kalman var: 0.008 0.008 0.002	 batterySag: 0.734	link quality: 66	flight time: 72s	pos 0.67 1.37 0.86	yaw: 0.07	msg/s 20.0
INFO: 11-10-2021 23:28:11 printStatus(169) -- Drogno_1: hovering	battery: 3.54	kalman var: 0.019 0.018 0.003	 batterySag: 0.734	link quality: 54	flight time: 73s	pos 0.96 1.08 1.06	yaw: 0.62	msg/s 23.6
WARNING: 11-10-2021 23:28:12 evaluateBattery(804) -- battery under 3.50v
INFO: 11-10-2021 23:28:13 printStatus(169) -- Drogno_1: hovering	battery: 3.46	kalman var: 0.0 0.0 0.0	 batterySag: 0.734	link quality: 57	flight time: 74s	pos -0.73 0.89 1.34	yaw: 0.51	msg/s 21.8
WARNING: 11-10-2021 23:28:13 evaluateBattery(804) -- battery under 3.50v
INFO: 11-10-2021 23:28:14 printStatus(169) -- Drogno_1: hovering	battery: 3.53	kalman var: 0.0 0.0 0.0	 batterySag: 0.734	link quality: 57	flight time: 75s	pos 0.17 0.63 1.29	yaw: -0.16	msg/s 23.6
INFO: 11-10-2021 23:28:16 printStatus(169) -- Drogno_1: hovering	battery: 3.53	kalman var: 0.0 0.0 0.0	 batterySag: 0.734	link quality: 55	flight time: 77s	pos -0.22 0.73 1.27	yaw: -0.07	msg/s 23.6
INFO: 11-10-2021 23:28:17 printStatus(169) -- Drogno_1: hovering	battery: 3.54	kalman var: 0.001 0.001 0.001	 batterySag: 0.734	link quality: 53	flight time: 78s	pos -0.39 0.92 1.17	yaw: -0.20	msg/s 20.0
INFO: 11-10-2021 23:28:18 printStatus(169) -- Drogno_1: moving	battery: 3.51	kalman var: 0.0 0.0 0.0	 batterySag: 0.734	link quality: 65	flight time: 79s	pos -0.09 1.17 1.01	yaw: 0.17	msg/s 23.6
INFO: 11-10-2021 23:28:20 printStatus(169) -- Drogno_1: hovering	battery: 3.52	kalman var: 0.002 0.002 0.001	 batterySag: 0.734	link quality: 63	flight time: 81s	pos 0.92 1.19 1.06	yaw: 0.30	msg/s 23.6
INFO: 11-10-2021 23:28:21 printStatus(169) -- Drogno_1: hovering	battery: 3.52	kalman var: 0.001 0.001 0.001	 batterySag: 0.734	link quality: 58	flight time: 82s	pos 0.99 1.19 1.10	yaw: -0.03	msg/s 21.8
INFO: 11-10-2021 23:28:23 printStatus(169) -- Drogno_1: hovering	battery: 3.51	kalman var: 0.005 0.005 0.002	 batterySag: 0.734	link quality: 58	flight time: 84s	pos 0.93 1.19 1.09	yaw: 0.01	msg/s 25.5
INFO: 11-10-2021 23:28:24 printStatus(169) -- Drogno_1: hovering	battery: 3.52	kalman var: 0.0 0.0 0.0	 batterySag: 0.734	link quality: 58	flight time: 85s	pos 0.95 1.21 1.11	yaw: -0.24	msg/s 21.8
INFO: 11-10-2021 23:28:25 printStatus(169) -- Drogno_1: hovering	battery: 3.51	kalman var: 0.0 0.0 0.001	 batterySag: 0.734	link quality: 61	flight time: 86s	pos 0.90 1.20 1.11	yaw: -0.05	msg/s 21.8
INFO: 11-10-2021 23:28:27 printStatus(169) -- Drogno_1: hovering	battery: 3.51	kalman var: 0.002 0.002 0.001	 batterySag: 0.734	link quality: 60	flight time: 87s	pos 0.92 1.21 1.10	yaw: -0.07	msg/s 23.6
INFO: 11-10-2021 23:28:29 printStatus(169) -- Drogno_1: moving	battery: 3.5	kalman var: 0.001 0.001 0.001	 batterySag: 0.734	link quality: 59	flight time: 89s	pos 0.93 1.22 1.11	yaw: -0.09	msg/s 25.5
WARNING: 11-10-2021 23:28:30 evaluateBattery(804) -- battery under 3.50v
INFO: 11-10-2021 23:28:31 printStatus(169) -- Drogno_1: hovering	battery: 3.49	kalman var: 0.004 0.004 0.002	 batterySag: 0.734	link quality: 65	flight time: 91s	pos 0.91 1.22 1.10	yaw: 0.75	msg/s 23.6
WARNING: 11-10-2021 23:28:31 evaluateBattery(804) -- battery under 3.50v
WARNING: 11-10-2021 23:28:32 evaluateBattery(804) -- battery under 3.50v
INFO: 11-10-2021 23:28:33 printStatus(169) -- Drogno_1: ready	battery: 3.53	kalman var: 0.003 0.003 0.001	 batterySag: 0.734	link quality: 70	flight time: 93s	pos 0.91 1.22 0.81	yaw: 0.28	msg/s 30.9
WARNING: 11-10-2021 23:28:34 evaluateBattery(804) -- battery under 3.50v
INFO: 11-10-2021 23:28:35 printStatus(169) -- Drogno_1: landed	battery: 3.48	kalman var: 0.001 0.001 0.0	 batterySag: 0.734	link quality: 60	flight time: 93s	pos 0.94 1.21 0.02	yaw: -0.33	msg/s 43.6
WARNING: 11-10-2021 23:28:35 evaluateBattery(804) -- battery under 3.50v
INFO: 11-10-2021 23:28:36 printStatus(169) -- Drogno_1: ready	battery: 3.84	kalman var: 0.001 0.001 0.001	 batterySag: 0.734	link quality: 61	flight time: 93s	pos 0.93 1.20 0.02	yaw: -0.96	msg/s 41.8
INFO: 11-10-2021 23:28:37 printStatus(169) -- Drogno_1: ready	battery: 3.85	kalman var: 0.001 0.001 0.001	 batterySag: 0.734	link quality: 61	flight time: 93s	pos 0.93 1.21 0.02	yaw: -0.89	msg/s 45.5
INFO: 11-10-2021 23:28:38 printStatus(169) -- Drogno_1: ready	battery: 3.86	kalman var: 0.001 0.001 0.001	 batterySag: 0.734	link quality: 61	flight time: 93s	pos 0.93 1.21 0.02	yaw: -0.89	msg/s 40.0
INFO: 11-10-2021 23:28:40 printStatus(169) -- Drogno_1: sconnesso	battery: 3.86	kalman var: 0.001 0.001 0.001	 batterySag: 0.734	link quality: 61	flight time: 93s	pos 0.93 1.20 0.02	yaw: -0.84	msg/s 0.0
WARNING: 11-10-2021 23:28:40 exit(859) -- closing Drogno_1
INFO: 11-10-2021 23:28:41 printStatus(169) -- Drogno_1: sconnesso	battery: 3.86	kalman var: 0.001 0.001 0.001	 batterySag: 0.734	link quality: 61	flight time: 93s	pos 0.93 1.20 0.02	yaw: -0.84	msg/s 0.0
WARNING: 11-10-2021 23:28:51 exit(859) -- closing Drogno_1
