INFO: 01-08-2022 17:17:44 __init__(126) -- This is dronelog running on Drogno_3
INFO: 01-08-2022 17:17:45 printStatus(162) -- Started
INFO: 01-08-2022 17:17:48 printStatus(167) -- Drogno_3: landed	battery: n.p.	kalman var: 0 0 0	 batterySag: 0	link quality: 0	flight time: 0s	pos 0.00 0.00 0.00	yaw: 0.00	msg/s 0.0
INFO: 01-08-2022 17:17:49 printStatus(167) -- Drogno_3: landed	battery: n.p.	kalman var: 0 0 0	 batterySag: 0	link quality: 0	flight time: 0s	pos 0.00 0.00 0.00	yaw: 0.00	msg/s 0.0
INFO: 01-08-2022 17:17:50 printStatus(167) -- Drogno_3: ready	battery: 4.08	kalman var: 0.002 0.002 0.001	 batterySag: 0.66	link quality: 49	flight time: 0s	pos 0.00 0.00 -0.00	yaw: 3.30	msg/s 0.0
INFO: 01-08-2022 17:17:51 printStatus(167) -- Drogno_3: ready	battery: 4.08	kalman var: 0.0 0.0 0.0	 batterySag: 0.66	link quality: 49	flight time: 0s	pos -0.00 0.00 -0.00	yaw: 3.22	msg/s 0.0
INFO: 01-08-2022 17:17:53 printStatus(167) -- Drogno_3: ready	battery: 4.08	kalman var: 0.0 0.0 0.0	 batterySag: 0.66	link quality: 49	flight time: 0s	pos -0.00 0.00 -0.00	yaw: 3.19	msg/s 0.0
INFO: 01-08-2022 17:17:54 printStatus(167) -- Drogno_3: ready	battery: 4.08	kalman var: 0.0 0.0 0.001	 batterySag: 0.66	link quality: 48	flight time: 0s	pos -0.00 0.00 -0.00	yaw: 3.15	msg/s 0.0
INFO: 01-08-2022 17:17:55 printStatus(167) -- Drogno_3: ready	battery: 4.08	kalman var: 0.0 0.0 0.0	 batterySag: 0.66	link quality: 48	flight time: 0s	pos -0.00 0.00 -0.00	yaw: 3.23	msg/s 0.0
INFO: 01-08-2022 17:17:56 printStatus(167) -- Drogno_3: ready	battery: 4.08	kalman var: 0.0 0.0 0.001	 batterySag: 0.66	link quality: 51	flight time: 0s	pos -0.00 0.00 -0.00	yaw: 3.17	msg/s 0.0
INFO: 01-08-2022 17:17:57 printStatus(167) -- Drogno_3: ready	battery: 4.08	kalman var: 0.0 0.0 0.001	 batterySag: 0.66	link quality: 47	flight time: 0s	pos -0.00 0.00 -0.00	yaw: 3.16	msg/s 0.0
INFO: 01-08-2022 17:17:58 printStatus(167) -- Drogno_3: ready	battery: 4.08	kalman var: 0.001 0.001 0.001	 batterySag: 0.66	link quality: 52	flight time: 0s	pos -0.00 0.00 -0.00	yaw: 3.16	msg/s 0.0
INFO: 01-08-2022 17:17:59 printStatus(167) -- Drogno_3: ready	battery: 4.08	kalman var: 0.001 0.001 0.001	 batterySag: 0.66	link quality: 51	flight time: 0s	pos -0.00 0.00 -0.00	yaw: 3.15	msg/s 0.0
INFO: 01-08-2022 17:18:00 printStatus(167) -- Drogno_3: ready	battery: 4.08	kalman var: 0.0 0.0 0.0	 batterySag: 0.66	link quality: 51	flight time: 0s	pos -0.00 0.00 -0.00	yaw: 3.12	msg/s 0.0
INFO: 01-08-2022 17:18:01 printStatus(167) -- Drogno_3: ready	battery: 4.08	kalman var: 0.0 0.0 0.0	 batterySag: 0.66	link quality: 50	flight time: 0s	pos -0.00 0.00 -0.00	yaw: 3.21	msg/s 0.0
INFO: 01-08-2022 17:18:03 printStatus(167) -- Drogno_3: ready	battery: 4.08	kalman var: 0.0 0.0 0.0	 batterySag: 0.66	link quality: 51	flight time: 0s	pos -0.00 0.00 -0.00	yaw: 3.19	msg/s 0.0
INFO: 01-08-2022 17:18:04 printStatus(167) -- Drogno_3: ready	battery: 4.08	kalman var: 0.0 0.0 0.0	 batterySag: 0.66	link quality: 50	flight time: 0s	pos -0.00 0.00 -0.00	yaw: 3.19	msg/s 0.0
INFO: 01-08-2022 17:18:05 printStatus(167) -- Drogno_3: ready	battery: 4.08	kalman var: 0.0 0.0 0.001	 batterySag: 0.66	link quality: 50	flight time: 0s	pos -0.00 0.00 -0.00	yaw: 3.16	msg/s 0.0
INFO: 01-08-2022 17:18:06 printStatus(167) -- Drogno_3: ready	battery: 4.08	kalman var: 0.0 0.0 0.0	 batterySag: 0.66	link quality: 51	flight time: 0s	pos -0.00 0.00 -0.00	yaw: 3.19	msg/s 0.0
INFO: 01-08-2022 17:18:07 printStatus(167) -- Drogno_3: ready	battery: 4.08	kalman var: 0.0 0.0 0.0	 batterySag: 0.66	link quality: 51	flight time: 0s	pos -0.00 0.00 -0.00	yaw: 3.20	msg/s 0.0
INFO: 01-08-2022 17:18:08 printStatus(167) -- Drogno_3: ready	battery: 4.07	kalman var: 0.0 0.0 0.0	 batterySag: 0.66	link quality: 53	flight time: 0s	pos -0.00 0.00 -0.00	yaw: 3.12	msg/s 0.0
INFO: 01-08-2022 17:18:09 printStatus(167) -- Drogno_3: ready	battery: 4.07	kalman var: 0.0 0.0 0.0	 batterySag: 0.66	link quality: 52	flight time: 0s	pos -0.00 0.00 -0.00	yaw: 3.19	msg/s 0.0
INFO: 01-08-2022 17:18:10 printStatus(167) -- Drogno_3: ready	battery: 4.07	kalman var: 0.0 0.0 0.0	 batterySag: 0.66	link quality: 51	flight time: 0s	pos -0.00 0.00 -0.00	yaw: 3.17	msg/s 0.0
INFO: 01-08-2022 17:18:11 printStatus(167) -- Drogno_3: ready	battery: 4.07	kalman var: 0.0 0.0 0.0	 batterySag: 0.66	link quality: 52	flight time: 0s	pos -0.00 0.00 -0.00	yaw: 3.19	msg/s 0.0
INFO: 01-08-2022 17:18:12 printStatus(167) -- Drogno_3: ready	battery: 4.07	kalman var: 0.0 0.0 0.001	 batterySag: 0.66	link quality: 51	flight time: 0s	pos -0.00 0.00 -0.00	yaw: 3.19	msg/s 0.0
INFO: 01-08-2022 17:18:14 printStatus(167) -- Drogno_3: ready	battery: 4.08	kalman var: 0.0 0.0 0.0	 batterySag: 0.66	link quality: 51	flight time: 0s	pos -0.00 0.00 -0.00	yaw: 3.22	msg/s 0.0
INFO: 01-08-2022 17:18:15 printStatus(167) -- Drogno_3: ready	battery: 4.07	kalman var: 0.0 0.0 0.0	 batterySag: 0.66	link quality: 51	flight time: 0s	pos -0.00 0.00 -0.00	yaw: 3.15	msg/s 0.0
INFO: 01-08-2022 17:18:16 printStatus(167) -- Drogno_3: ready	battery: 4.07	kalman var: 0.0 0.0 0.0	 batterySag: 0.66	link quality: 51	flight time: 0s	pos -0.00 0.00 -0.00	yaw: 3.25	msg/s 0.0
INFO: 01-08-2022 17:18:17 printStatus(167) -- Drogno_3: ready	battery: 4.07	kalman var: 0.0 0.0 0.0	 batterySag: 0.66	link quality: 51	flight time: 0s	pos -0.00 0.00 -0.00	yaw: 3.24	msg/s 0.0
INFO: 01-08-2022 17:18:18 printStatus(167) -- Drogno_3: ready	battery: 4.08	kalman var: 0.0 0.0 0.001	 batterySag: 0.66	link quality: 51	flight time: 0s	pos -0.00 0.00 -0.00	yaw: 3.20	msg/s 0.0
INFO: 01-08-2022 17:18:19 printStatus(167) -- Drogno_3: ready	battery: 4.07	kalman var: 0.001 0.001 0.001	 batterySag: 0.66	link quality: 51	flight time: 0s	pos -0.00 0.00 -0.00	yaw: 3.15	msg/s 0.0
INFO: 01-08-2022 17:18:20 printStatus(167) -- Drogno_3: ready	battery: 4.07	kalman var: 0.0 0.0 0.0	 batterySag: 0.66	link quality: 51	flight time: 0s	pos -0.00 0.00 -0.00	yaw: 3.16	msg/s 0.0
INFO: 01-08-2022 17:18:21 printStatus(167) -- Drogno_3: ready	battery: 4.07	kalman var: 0.0 0.0 0.0	 batterySag: 0.66	link quality: 51	flight time: 0s	pos -0.00 0.00 -0.00	yaw: 3.24	msg/s 0.0
INFO: 01-08-2022 17:18:22 printStatus(167) -- Drogno_3: ready	battery: 4.07	kalman var: 0.0 0.0 0.0	 batterySag: 0.66	link quality: 51	flight time: 0s	pos -0.00 0.00 -0.00	yaw: 3.21	msg/s 0.0
INFO: 01-08-2022 17:18:24 printStatus(167) -- Drogno_3: ready	battery: 4.07	kalman var: 0.0 0.0 0.0	 batterySag: 0.66	link quality: 51	flight time: 0s	pos -0.00 0.00 -0.00	yaw: 3.22	msg/s 0.0
INFO: 01-08-2022 17:18:25 printStatus(167) -- Drogno_3: ready	battery: 4.07	kalman var: 0.0 0.0 0.0	 batterySag: 0.66	link quality: 51	flight time: 0s	pos -0.00 0.00 -0.00	yaw: 3.21	msg/s 0.0
INFO: 01-08-2022 17:18:26 printStatus(167) -- Drogno_3: ready	battery: 4.07	kalman var: 0.001 0.001 0.001	 batterySag: 0.66	link quality: 51	flight time: 0s	pos -0.00 0.00 -0.00	yaw: 3.18	msg/s 0.0
INFO: 01-08-2022 17:18:27 printStatus(167) -- Drogno_3: ready	battery: 4.07	kalman var: 0.001 0.001 0.001	 batterySag: 0.66	link quality: 51	flight time: 0s	pos -0.00 0.00 -0.00	yaw: 3.09	msg/s 0.0
INFO: 01-08-2022 17:18:28 printStatus(167) -- Drogno_3: ready	battery: 4.07	kalman var: 0.0 0.0 0.0	 batterySag: 0.66	link quality: 52	flight time: 0s	pos -0.00 0.00 -0.00	yaw: 3.16	msg/s 0.0
INFO: 01-08-2022 17:18:29 printStatus(167) -- Drogno_3: ready	battery: 4.07	kalman var: 0.0 0.0 0.0	 batterySag: 0.66	link quality: 51	flight time: 0s	pos -0.00 0.00 -0.00	yaw: 3.16	msg/s 0.0
INFO: 01-08-2022 17:18:30 printStatus(167) -- Drogno_3: ready	battery: 4.07	kalman var: 0.0 0.0 0.0	 batterySag: 0.66	link quality: 51	flight time: 0s	pos -0.00 0.00 -0.00	yaw: 3.23	msg/s 0.0
INFO: 01-08-2022 17:18:31 printStatus(167) -- Drogno_3: ready	battery: 4.07	kalman var: 0.0 0.0 0.0	 batterySag: 0.66	link quality: 52	flight time: 0s	pos -0.00 0.00 -0.00	yaw: 3.15	msg/s 0.0
INFO: 01-08-2022 17:18:32 printStatus(167) -- Drogno_3: ready	battery: 4.07	kalman var: 0.0 0.0 0.0	 batterySag: 0.66	link quality: 52	flight time: 0s	pos -0.00 0.00 -0.00	yaw: 3.18	msg/s 0.0
INFO: 01-08-2022 17:18:33 printStatus(167) -- Drogno_3: ready	battery: 4.07	kalman var: 0.0 0.0 0.0	 batterySag: 0.66	link quality: 51	flight time: 0s	pos -0.00 0.00 -0.00	yaw: 3.19	msg/s 0.0
INFO: 01-08-2022 17:18:35 printStatus(167) -- Drogno_3: ready	battery: 4.07	kalman var: 0.0 0.0 0.0	 batterySag: 0.66	link quality: 51	flight time: 0s	pos -0.00 0.00 -0.00	yaw: 3.24	msg/s 0.0
INFO: 01-08-2022 17:18:36 printStatus(167) -- Drogno_3: ready	battery: 4.07	kalman var: 0.0 0.0 0.0	 batterySag: 0.66	link quality: 51	flight time: 0s	pos -0.00 0.00 -0.00	yaw: 3.21	msg/s 0.0
INFO: 01-08-2022 17:18:37 printStatus(167) -- Drogno_3: ready	battery: 4.07	kalman var: 0.0 0.0 0.0	 batterySag: 0.66	link quality: 51	flight time: 0s	pos -0.00 0.00 -0.00	yaw: 3.14	msg/s 0.0
INFO: 01-08-2022 17:18:38 printStatus(167) -- Drogno_3: ready	battery: 4.07	kalman var: 0.0 0.0 0.0	 batterySag: 0.66	link quality: 55	flight time: 0s	pos -0.00 0.00 -0.00	yaw: 3.17	msg/s 0.0
INFO: 01-08-2022 17:18:39 printStatus(167) -- Drogno_3: ready	battery: 4.07	kalman var: 0.0 0.0 0.0	 batterySag: 0.66	link quality: 52	flight time: 0s	pos -0.00 0.00 -0.00	yaw: 3.21	msg/s 0.0
INFO: 01-08-2022 17:18:40 printStatus(167) -- Drogno_3: ready	battery: 4.07	kalman var: 0.0 0.0 0.0	 batterySag: 0.66	link quality: 52	flight time: 0s	pos -0.00 0.00 -0.00	yaw: 3.20	msg/s 0.0
INFO: 01-08-2022 17:18:41 printStatus(167) -- Drogno_3: ready	battery: 4.07	kalman var: 0.001 0.001 0.001	 batterySag: 0.66	link quality: 51	flight time: 0s	pos -0.00 0.00 -0.00	yaw: 3.15	msg/s 0.0
INFO: 01-08-2022 17:18:42 printStatus(167) -- Drogno_3: ready	battery: 4.07	kalman var: 0.0 0.0 0.0	 batterySag: 0.66	link quality: 49	flight time: 0s	pos -0.00 0.00 -0.00	yaw: 3.22	msg/s 0.0
INFO: 01-08-2022 17:18:43 printStatus(167) -- Drogno_3: ready	battery: 4.07	kalman var: 0.0 0.0 0.0	 batterySag: 0.66	link quality: 57	flight time: 0s	pos -0.00 0.00 -0.00	yaw: 3.21	msg/s 0.0
INFO: 01-08-2022 17:18:45 printStatus(167) -- Drogno_3: ready	battery: 4.07	kalman var: 0.0 0.0 0.0	 batterySag: 0.66	link quality: 56	flight time: 0s	pos -0.00 0.00 -0.00	yaw: 3.23	msg/s 0.0
INFO: 01-08-2022 17:18:46 printStatus(167) -- Drogno_3: ready	battery: 4.07	kalman var: 0.0 0.0 0.001	 batterySag: 0.66	link quality: 56	flight time: 0s	pos -0.00 0.00 -0.00	yaw: 3.17	msg/s 0.0
INFO: 01-08-2022 17:18:47 printStatus(167) -- Drogno_3: ready	battery: 4.07	kalman var: 0.001 0.001 0.001	 batterySag: 0.66	link quality: 52	flight time: 0s	pos -0.00 0.00 -0.01	yaw: 3.06	msg/s 0.0
INFO: 01-08-2022 17:18:48 printStatus(167) -- Drogno_3: ready	battery: 4.07	kalman var: 0.001 0.001 0.001	 batterySag: 0.66	link quality: 51	flight time: 0s	pos -0.00 0.00 -0.01	yaw: 3.12	msg/s 0.0
INFO: 01-08-2022 17:18:49 printStatus(167) -- Drogno_3: ready	battery: 4.07	kalman var: 0.0 0.0 0.0	 batterySag: 0.66	link quality: 53	flight time: 0s	pos -0.00 0.00 -0.00	yaw: 3.19	msg/s 0.0
INFO: 01-08-2022 17:18:50 printStatus(167) -- Drogno_3: ready	battery: 4.07	kalman var: 0.0 0.0 0.0	 batterySag: 0.66	link quality: 53	flight time: 0s	pos -0.00 0.00 -0.00	yaw: 3.21	msg/s 0.0
INFO: 01-08-2022 17:18:51 printStatus(167) -- Drogno_3: ready	battery: 4.07	kalman var: 0.0 0.0 0.0	 batterySag: 0.66	link quality: 52	flight time: 0s	pos -0.00 0.00 -0.00	yaw: 3.22	msg/s 0.0
INFO: 01-08-2022 17:18:52 printStatus(167) -- Drogno_3: ready	battery: 4.07	kalman var: 0.0 0.0 0.0	 batterySag: 0.66	link quality: 52	flight time: 0s	pos -0.00 0.00 -0.00	yaw: 3.20	msg/s 0.0
INFO: 01-08-2022 17:18:53 printStatus(167) -- Drogno_3: ready	battery: 4.07	kalman var: 0.0 0.0 0.0	 batterySag: 0.66	link quality: 52	flight time: 0s	pos -0.00 0.00 -0.00	yaw: 3.22	msg/s 0.0
INFO: 01-08-2022 17:18:55 printStatus(167) -- Drogno_3: ready	battery: 4.07	kalman var: 0.001 0.001 0.001	 batterySag: 0.66	link quality: 50	flight time: 0s	pos -0.00 0.00 -0.00	yaw: 3.14	msg/s 0.0
INFO: 01-08-2022 17:18:56 printStatus(167) -- Drogno_3: ready	battery: 4.07	kalman var: 0.001 0.001 0.001	 batterySag: 0.66	link quality: 50	flight time: 0s	pos 0.00 0.00 -0.01	yaw: 3.18	msg/s 0.0
INFO: 01-08-2022 17:18:57 printStatus(167) -- Drogno_3: ready	battery: 3.75	kalman var: 0.0 0.0 0.0	 batterySag: 0.66	link quality: 61	flight time: 0s	pos 0.00 -0.01 0.01	yaw: 2.90	msg/s 0.0
INFO: 01-08-2022 17:18:58 printStatus(167) -- Drogno_3: ready	battery: 3.75	kalman var: 0.003 0.003 0.001	 batterySag: 0.66	link quality: 43	flight time: 0s	pos -0.00 0.01 0.56	yaw: -1.88	msg/s 0.0
INFO: 01-08-2022 17:18:59 printStatus(167) -- Drogno_3: ready	battery: 3.71	kalman var: 0.0 0.0 0.0	 batterySag: 0.66	link quality: 38	flight time: 1s	pos -0.01 -0.06 0.86	yaw: -1.19	msg/s 0.0
INFO: 01-08-2022 17:19:00 printStatus(167) -- Drogno_3: ready	battery: 3.69	kalman var: 0.001 0.001 0.001	 batterySag: 0.66	link quality: 38	flight time: 3s	pos -0.00 -0.01 0.88	yaw: -3.40	msg/s 0.0
INFO: 01-08-2022 17:19:01 printStatus(167) -- Drogno_3: ready	battery: 3.68	kalman var: 0.0 0.0 0.0	 batterySag: 0.66	link quality: 36	flight time: 4s	pos -0.05 0.03 0.86	yaw: -0.58	msg/s 0.0
INFO: 01-08-2022 17:19:02 printStatus(167) -- Drogno_3: ready	battery: 3.66	kalman var: 0.0 0.0 0.0	 batterySag: 0.66	link quality: 37	flight time: 5s	pos 0.15 0.02 0.87	yaw: -2.66	msg/s 0.0
INFO: 01-08-2022 17:19:03 printStatus(167) -- Drogno_3: ready	battery: 3.66	kalman var: 0.0 0.0 0.0	 batterySag: 0.66	link quality: 39	flight time: 6s	pos 0.42 -0.01 0.90	yaw: 1.43	msg/s 0.0
INFO: 01-08-2022 17:19:04 printStatus(167) -- Drogno_3: ready	battery: 3.65	kalman var: 0.001 0.001 0.001	 batterySag: 0.66	link quality: 38	flight time: 7s	pos 0.47 0.01 0.90	yaw: 0.41	msg/s 0.0
INFO: 01-08-2022 17:19:06 printStatus(167) -- Drogno_3: ready	battery: 3.64	kalman var: 0.001 0.001 0.001	 batterySag: 0.66	link quality: 40	flight time: 8s	pos 0.46 -0.18 0.91	yaw: -2.34	msg/s 0.0
INFO: 01-08-2022 17:19:07 printStatus(167) -- Drogno_3: ready	battery: 3.64	kalman var: 0.0 0.0 0.0	 batterySag: 0.66	link quality: 39	flight time: 9s	pos 0.44 -0.44 0.92	yaw: 1.47	msg/s 0.0
INFO: 01-08-2022 17:19:08 printStatus(167) -- Drogno_3: ready	battery: 3.63	kalman var: 0.0 0.0 0.0	 batterySag: 0.66	link quality: 42	flight time: 10s	pos 0.43 -0.34 0.93	yaw: 2.09	msg/s 0.0
INFO: 01-08-2022 17:19:09 printStatus(167) -- Drogno_3: ready	battery: 3.63	kalman var: 0.0 0.0 0.0	 batterySag: 0.66	link quality: 39	flight time: 11s	pos 0.44 0.03 0.94	yaw: 0.60	msg/s 0.0
INFO: 01-08-2022 17:19:10 printStatus(167) -- Drogno_3: ready	battery: 3.61	kalman var: 0.0 0.0 0.0	 batterySag: 0.66	link quality: 42	flight time: 12s	pos 0.42 0.23 0.94	yaw: 1.01	msg/s 0.0
INFO: 01-08-2022 17:19:11 printStatus(167) -- Drogno_3: ready	battery: 3.62	kalman var: 0.0 0.0 0.0	 batterySag: 0.66	link quality: 39	flight time: 14s	pos 0.43 0.51 0.96	yaw: 1.63	msg/s 0.0
INFO: 01-08-2022 17:19:12 printStatus(167) -- Drogno_3: ready	battery: 3.6	kalman var: 0.0 0.0 0.0	 batterySag: 0.66	link quality: 43	flight time: 15s	pos 0.41 0.58 0.94	yaw: -5.16	msg/s 0.0
INFO: 01-08-2022 17:19:13 printStatus(167) -- Drogno_3: ready	battery: 3.61	kalman var: 0.0 0.0 0.0	 batterySag: 0.66	link quality: 42	flight time: 16s	pos 0.43 0.11 0.96	yaw: 2.26	msg/s 0.0
INFO: 01-08-2022 17:19:14 printStatus(167) -- Drogno_3: ready	battery: 3.59	kalman var: 0.001 0.001 0.001	 batterySag: 0.66	link quality: 39	flight time: 17s	pos 0.10 0.11 0.95	yaw: 1.29	msg/s 0.0
INFO: 01-08-2022 17:19:16 printStatus(167) -- Drogno_3: ready	battery: 3.57	kalman var: 0.001 0.001 0.001	 batterySag: 0.66	link quality: 41	flight time: 18s	pos 0.03 0.04 0.96	yaw: -2.56	msg/s 0.0
INFO: 01-08-2022 17:19:17 printStatus(167) -- Drogno_3: ready	battery: 3.58	kalman var: 0.001 0.001 0.001	 batterySag: 0.66	link quality: 39	flight time: 19s	pos -0.07 0.10 0.96	yaw: 1.96	msg/s 0.0
INFO: 01-08-2022 17:19:18 printStatus(167) -- Drogno_3: ready	battery: 3.58	kalman var: 0.003 0.003 0.001	 batterySag: 0.66	link quality: 42	flight time: 20s	pos -0.07 0.14 0.96	yaw: 0.75	msg/s 0.0
INFO: 01-08-2022 17:19:19 printStatus(167) -- Drogno_3: ready	battery: 3.61	kalman var: 0.001 0.001 0.001	 batterySag: 0.66	link quality: 37	flight time: 21s	pos -0.24 0.05 1.06	yaw: 3.80	msg/s 0.0
INFO: 01-08-2022 17:19:20 printStatus(167) -- Drogno_3: ready	battery: 3.56	kalman var: 0.001 0.001 0.001	 batterySag: 0.66	link quality: 38	flight time: 22s	pos -0.07 0.13 1.15	yaw: -0.19	msg/s 0.0
INFO: 01-08-2022 17:19:21 printStatus(167) -- Drogno_3: ready	battery: 3.57	kalman var: 0.0 0.0 0.0	 batterySag: 0.66	link quality: 39	flight time: 24s	pos -0.01 0.01 1.42	yaw: -1.09	msg/s 0.0
INFO: 01-08-2022 17:19:22 printStatus(167) -- Drogno_3: ready	battery: 3.56	kalman var: 0.0 0.0 0.0	 batterySag: 0.66	link quality: 41	flight time: 25s	pos -0.03 0.00 1.42	yaw: -1.09	msg/s 0.0
INFO: 01-08-2022 17:19:23 printStatus(167) -- Drogno_3: ready	battery: 3.55	kalman var: 0.0 0.0 0.0	 batterySag: 0.66	link quality: 42	flight time: 26s	pos -0.01 0.01 1.42	yaw: -0.37	msg/s 0.0
INFO: 01-08-2022 17:19:24 printStatus(167) -- Drogno_3: ready	battery: 3.61	kalman var: 0.001 0.001 0.001	 batterySag: 0.66	link quality: 39	flight time: 27s	pos 0.01 -0.00 1.40	yaw: 1.14	msg/s 0.0
INFO: 01-08-2022 17:19:25 printStatus(167) -- Drogno_3: ready	battery: 3.53	kalman var: 0.001 0.001 0.001	 batterySag: 0.66	link quality: 45	flight time: 28s	pos 0.04 -0.08 0.52	yaw: -5.92	msg/s 0.0
INFO: 01-08-2022 17:19:27 printStatus(167) -- Drogno_3: ready	battery: 3.88	kalman var: 0.001 0.001 0.001	 batterySag: 0.66	link quality: 44	flight time: 29s	pos -0.05 -0.04 -0.00	yaw: 0.95	msg/s 0.0
INFO: 01-08-2022 17:19:28 printStatus(167) -- Drogno_3: ready	battery: 3.9	kalman var: 0.003 0.003 0.002	 batterySag: 0.66	link quality: 43	flight time: 29s	pos 0.02 -0.06 -0.00	yaw: 0.90	msg/s 0.0
INFO: 01-08-2022 17:19:29 printStatus(167) -- Drogno_3: ready	battery: 3.91	kalman var: 0.001 0.001 0.001	 batterySag: 0.66	link quality: 46	flight time: 29s	pos -0.06 -0.05 -0.00	yaw: 0.77	msg/s 0.0
INFO: 01-08-2022 17:19:30 printStatus(167) -- Drogno_3: ready	battery: 3.92	kalman var: 0.001 0.001 0.001	 batterySag: 0.66	link quality: 44	flight time: 29s	pos -0.06 -0.04 -0.00	yaw: 0.71	msg/s 0.0
INFO: 01-08-2022 17:19:31 printStatus(167) -- Drogno_3: ready	battery: 3.93	kalman var: 0.003 0.003 0.002	 batterySag: 0.66	link quality: 46	flight time: 29s	pos -0.05 -0.04 -0.00	yaw: 0.74	msg/s 0.0
INFO: 01-08-2022 17:19:32 printStatus(167) -- Drogno_3: ready	battery: 3.93	kalman var: 0.001 0.001 0.001	 batterySag: 0.66	link quality: 44	flight time: 29s	pos -0.06 -0.04 -0.00	yaw: 0.73	msg/s 0.0
INFO: 01-08-2022 17:19:33 printStatus(167) -- Drogno_3: ready	battery: 3.94	kalman var: 0.005 0.005 0.002	 batterySag: 0.66	link quality: 46	flight time: 29s	pos -0.04 -0.05 -0.00	yaw: 0.73	msg/s 0.0
INFO: 01-08-2022 17:19:34 printStatus(167) -- Drogno_3: BAD kalman	battery: 3.94	kalman var: 0.015 0.015 0.003	 batterySag: 0.66	link quality: 42	flight time: 29s	pos -0.01 -0.07 -0.00	yaw: 0.73	msg/s 0.0
INFO: 01-08-2022 17:19:35 printStatus(167) -- Drogno_3: BAD kalman	battery: 3.95	kalman var: 0.034 0.034 0.004	 batterySag: 0.66	link quality: 44	flight time: 29s	pos 0.04 -0.10 -0.00	yaw: 0.75	msg/s 0.0
INFO: 01-08-2022 17:19:37 printStatus(167) -- Drogno_3: BAD kalman	battery: 3.95	kalman var: 0.064 0.064 0.005	 batterySag: 0.66	link quality: 44	flight time: 29s	pos 0.13 -0.15 -0.00	yaw: 0.78	msg/s 0.0
INFO: 01-08-2022 17:19:38 printStatus(167) -- Drogno_3: ready	battery: 3.95	kalman var: 0.002 0.002 0.001	 batterySag: 0.66	link quality: 48	flight time: 29s	pos -0.06 -0.04 -0.00	yaw: 0.76	msg/s 0.0
INFO: 01-08-2022 17:19:39 printStatus(167) -- Drogno_3: ready	battery: 3.95	kalman var: 0.001 0.001 0.001	 batterySag: 0.66	link quality: 46	flight time: 29s	pos -0.06 -0.04 -0.00	yaw: 0.74	msg/s 0.0
INFO: 01-08-2022 17:19:40 printStatus(167) -- Drogno_3: ready	battery: 3.96	kalman var: 0.002 0.002 0.001	 batterySag: 0.66	link quality: 43	flight time: 29s	pos -0.05 -0.05 -0.00	yaw: 0.74	msg/s 0.0
INFO: 01-08-2022 17:19:41 printStatus(167) -- Drogno_3: ready	battery: 3.96	kalman var: 0.003 0.003 0.001	 batterySag: 0.66	link quality: 46	flight time: 29s	pos -0.05 -0.04 -0.00	yaw: 0.76	msg/s 0.0
INFO: 01-08-2022 17:19:42 printStatus(167) -- Drogno_3: ready	battery: 3.96	kalman var: 0.001 0.001 0.001	 batterySag: 0.66	link quality: 45	flight time: 29s	pos -0.06 -0.04 -0.00	yaw: 0.77	msg/s 0.0
INFO: 01-08-2022 17:19:43 printStatus(167) -- Drogno_3: ready	battery: 3.96	kalman var: 0.001 0.001 0.001	 batterySag: 0.66	link quality: 46	flight time: 29s	pos -0.06 -0.04 -0.01	yaw: 0.75	msg/s 0.0
INFO: 01-08-2022 17:19:44 printStatus(167) -- Drogno_3: ready	battery: 3.96	kalman var: 0.002 0.002 0.001	 batterySag: 0.66	link quality: 49	flight time: 29s	pos -0.05 -0.05 -0.01	yaw: 0.68	msg/s 0.0
INFO: 01-08-2022 17:19:45 printStatus(167) -- Drogno_3: ready	battery: 3.96	kalman var: 0.009 0.009 0.002	 batterySag: 0.66	link quality: 44	flight time: 29s	pos -0.04 -0.06 -0.00	yaw: 0.66	msg/s 0.0
INFO: 01-08-2022 17:19:46 printStatus(167) -- Drogno_3: BAD kalman	battery: 3.96	kalman var: 0.025 0.025 0.004	 batterySag: 0.66	link quality: 43	flight time: 29s	pos -0.00 -0.09 -0.00	yaw: 0.69	msg/s 0.0
INFO: 01-08-2022 17:19:48 printStatus(167) -- Drogno_3: BAD kalman	battery: 3.96	kalman var: 0.05 0.05 0.005	 batterySag: 0.66	link quality: 39	flight time: 29s	pos 0.05 -0.14 -0.00	yaw: 0.76	msg/s 0.0
INFO: 01-08-2022 17:19:49 printStatus(167) -- Drogno_3: ready	battery: 3.96	kalman var: 0.0 0.0 0.0	 batterySag: 0.66	link quality: 40	flight time: 29s	pos -0.06 -0.04 -0.00	yaw: 0.78	msg/s 0.0
INFO: 01-08-2022 17:19:50 printStatus(167) -- Drogno_3: ready	battery: 3.97	kalman var: 0.004 0.004 0.002	 batterySag: 0.66	link quality: 44	flight time: 29s	pos -0.04 -0.04 -0.00	yaw: 0.75	msg/s 0.0
INFO: 01-08-2022 17:19:51 printStatus(167) -- Drogno_3: BAD kalman	battery: 3.97	kalman var: 0.013 0.013 0.003	 batterySag: 0.66	link quality: 45	flight time: 29s	pos -0.01 -0.05 -0.01	yaw: 0.78	msg/s 0.0
INFO: 01-08-2022 17:19:52 printStatus(167) -- Drogno_3: ready	battery: 3.97	kalman var: 0.005 0.005 0.002	 batterySag: 0.66	link quality: 56	flight time: 29s	pos -0.05 -0.05 -0.01	yaw: 0.73	msg/s 0.0
INFO: 01-08-2022 17:19:53 printStatus(167) -- Drogno_3: ready	battery: 3.97	kalman var: 0.003 0.003 0.001	 batterySag: 0.66	link quality: 44	flight time: 29s	pos -0.05 -0.05 -0.01	yaw: 0.75	msg/s 0.0
INFO: 01-08-2022 17:19:54 printStatus(167) -- Drogno_3: BAD kalman	battery: 3.97	kalman var: 0.011 0.011 0.003	 batterySag: 0.66	link quality: 47	flight time: 29s	pos -0.02 -0.05 -0.01	yaw: 0.76	msg/s 0.0
INFO: 01-08-2022 17:19:55 printStatus(167) -- Drogno_3: ready	battery: 3.97	kalman var: 0.002 0.002 0.001	 batterySag: 0.66	link quality: 49	flight time: 29s	pos -0.05 -0.04 -0.01	yaw: 0.75	msg/s 0.0
INFO: 01-08-2022 17:19:56 printStatus(167) -- Drogno_3: ready	battery: 3.97	kalman var: 0.004 0.004 0.002	 batterySag: 0.66	link quality: 43	flight time: 29s	pos -0.05 -0.05 -0.01	yaw: 0.70	msg/s 0.0
INFO: 01-08-2022 17:19:58 printStatus(167) -- Drogno_3: ready	battery: 3.97	kalman var: 0.002 0.002 0.001	 batterySag: 0.66	link quality: 41	flight time: 29s	pos -0.06 -0.04 -0.01	yaw: 0.73	msg/s 0.0
INFO: 01-08-2022 17:19:59 printStatus(167) -- Drogno_3: ready	battery: 3.97	kalman var: 0.001 0.001 0.001	 batterySag: 0.66	link quality: 44	flight time: 29s	pos -0.06 -0.04 -0.00	yaw: 0.73	msg/s 0.0
INFO: 01-08-2022 17:20:00 printStatus(167) -- Drogno_3: ready	battery: 3.97	kalman var: 0.001 0.001 0.001	 batterySag: 0.66	link quality: 44	flight time: 29s	pos -0.06 -0.04 -0.00	yaw: 0.77	msg/s 0.0
INFO: 01-08-2022 17:20:01 printStatus(167) -- Drogno_3: ready	battery: 3.97	kalman var: 0.001 0.001 0.001	 batterySag: 0.66	link quality: 40	flight time: 29s	pos -0.06 -0.04 -0.00	yaw: 0.79	msg/s 0.0
INFO: 01-08-2022 17:20:02 printStatus(167) -- Drogno_3: ready	battery: 3.97	kalman var: 0.001 0.001 0.001	 batterySag: 0.66	link quality: 43	flight time: 29s	pos -0.06 -0.04 -0.00	yaw: 0.79	msg/s 0.0
INFO: 01-08-2022 17:20:03 printStatus(167) -- Drogno_3: ready	battery: 3.97	kalman var: 0.005 0.005 0.002	 batterySag: 0.66	link quality: 44	flight time: 29s	pos -0.04 -0.05 -0.00	yaw: 0.78	msg/s 0.0
INFO: 01-08-2022 17:20:04 printStatus(167) -- Drogno_3: BAD kalman	battery: 3.97	kalman var: 0.014 0.014 0.003	 batterySag: 0.66	link quality: 45	flight time: 29s	pos -0.01 -0.07 -0.01	yaw: 0.81	msg/s 0.0
INFO: 01-08-2022 17:20:05 printStatus(167) -- Drogno_3: BAD kalman	battery: 3.97	kalman var: 0.035 0.035 0.004	 batterySag: 0.66	link quality: 44	flight time: 29s	pos 0.07 -0.11 -0.02	yaw: 0.81	msg/s 0.0
INFO: 01-08-2022 17:20:06 printStatus(167) -- Drogno_3: BAD kalman	battery: 3.97	kalman var: 0.066 0.066 0.005	 batterySag: 0.66	link quality: 49	flight time: 29s	pos 0.17 -0.16 -0.04	yaw: 0.83	msg/s 0.0
INFO: 01-08-2022 17:20:07 printStatus(167) -- Drogno_3: ready	battery: 3.97	kalman var: 0.002 0.002 0.001	 batterySag: 0.66	link quality: 57	flight time: 29s	pos -0.06 -0.04 -0.01	yaw: 0.76	msg/s 0.0
INFO: 01-08-2022 17:20:09 printStatus(167) -- Drogno_3: ready	battery: 3.97	kalman var: 0.007 0.007 0.002	 batterySag: 0.66	link quality: 59	flight time: 29s	pos -0.05 -0.05 -0.01	yaw: 0.80	msg/s 0.0
INFO: 01-08-2022 17:20:10 printStatus(167) -- Drogno_3: ready	battery: 3.97	kalman var: 0.003 0.003 0.001	 batterySag: 0.66	link quality: 55	flight time: 29s	pos -0.05 -0.04 -0.01	yaw: 0.79	msg/s 0.0
INFO: 01-08-2022 17:20:11 printStatus(167) -- Drogno_3: BAD kalman	battery: 3.97	kalman var: 0.011 0.011 0.003	 batterySag: 0.66	link quality: 55	flight time: 29s	pos -0.01 -0.05 -0.01	yaw: 0.82	msg/s 0.0
INFO: 01-08-2022 17:20:12 printStatus(167) -- Drogno_3: ready	battery: 3.97	kalman var: 0.002 0.002 0.001	 batterySag: 0.66	link quality: 46	flight time: 29s	pos -0.06 -0.05 -0.01	yaw: 0.77	msg/s 0.0
INFO: 01-08-2022 17:20:13 printStatus(167) -- Drogno_3: ready	battery: 3.97	kalman var: 0.009 0.009 0.002	 batterySag: 0.66	link quality: 44	flight time: 29s	pos -0.05 -0.06 -0.02	yaw: 0.72	msg/s 0.0
INFO: 01-08-2022 17:20:14 printStatus(167) -- Drogno_3: ready	battery: 3.97	kalman var: 0.003 0.003 0.001	 batterySag: 0.66	link quality: 44	flight time: 29s	pos -0.05 -0.05 -0.00	yaw: 0.71	msg/s 0.0
INFO: 01-08-2022 17:20:15 printStatus(167) -- Drogno_3: ready	battery: 3.97	kalman var: 0.002 0.002 0.001	 batterySag: 0.66	link quality: 44	flight time: 29s	pos -0.05 -0.04 -0.01	yaw: 0.73	msg/s 0.0
INFO: 01-08-2022 17:20:16 printStatus(167) -- Drogno_3: ready	battery: 3.97	kalman var: 0.002 0.002 0.001	 batterySag: 0.66	link quality: 48	flight time: 29s	pos -0.05 -0.05 -0.01	yaw: 0.70	msg/s 0.0
INFO: 01-08-2022 17:20:17 printStatus(167) -- Drogno_3: ready	battery: 3.97	kalman var: 0.001 0.001 0.001	 batterySag: 0.66	link quality: 63	flight time: 29s	pos -0.06 -0.04 -0.01	yaw: 0.70	msg/s 0.0
INFO: 01-08-2022 17:20:19 printStatus(167) -- Drogno_3: ready	battery: 3.97	kalman var: 0.001 0.001 0.001	 batterySag: 0.66	link quality: 48	flight time: 29s	pos -0.06 -0.05 -0.00	yaw: 0.68	msg/s 0.0
INFO: 01-08-2022 17:20:20 printStatus(167) -- Drogno_3: ready	battery: 3.97	kalman var: 0.001 0.001 0.001	 batterySag: 0.66	link quality: 44	flight time: 29s	pos -0.06 -0.04 -0.00	yaw: 0.69	msg/s 0.0
INFO: 01-08-2022 17:20:21 printStatus(167) -- Drogno_3: ready	battery: 3.97	kalman var: 0.006 0.006 0.002	 batterySag: 0.66	link quality: 45	flight time: 29s	pos -0.04 -0.05 -0.01	yaw: 0.70	msg/s 0.0
INFO: 01-08-2022 17:20:22 printStatus(167) -- Drogno_3: ready	battery: 3.97	kalman var: 0.002 0.002 0.001	 batterySag: 0.66	link quality: 46	flight time: 29s	pos -0.05 -0.05 -0.01	yaw: 0.70	msg/s 0.0
INFO: 01-08-2022 17:20:23 printStatus(167) -- Drogno_3: ready	battery: 3.97	kalman var: 0.009 0.009 0.002	 batterySag: 0.66	link quality: 42	flight time: 29s	pos -0.04 -0.06 -0.02	yaw: 0.70	msg/s 0.0
INFO: 01-08-2022 17:20:24 printStatus(167) -- Drogno_3: ready	battery: 3.97	kalman var: 0.004 0.004 0.002	 batterySag: 0.66	link quality: 44	flight time: 29s	pos -0.05 -0.04 -0.01	yaw: 0.71	msg/s 0.0
INFO: 01-08-2022 17:20:25 printStatus(167) -- Drogno_3: ready	battery: 3.97	kalman var: 0.002 0.002 0.001	 batterySag: 0.66	link quality: 44	flight time: 29s	pos -0.05 -0.04 -0.01	yaw: 0.72	msg/s 0.0
INFO: 01-08-2022 17:20:26 printStatus(167) -- Drogno_3: ready	battery: 3.97	kalman var: 0.003 0.003 0.001	 batterySag: 0.66	link quality: 44	flight time: 29s	pos -0.05 -0.05 -0.01	yaw: 0.72	msg/s 0.0
INFO: 01-08-2022 17:20:27 printStatus(167) -- Drogno_3: ready	battery: 3.97	kalman var: 0.003 0.003 0.001	 batterySag: 0.66	link quality: 44	flight time: 29s	pos -0.05 -0.05 -0.01	yaw: 0.69	msg/s 0.0
INFO: 01-08-2022 17:20:29 printStatus(167) -- Drogno_3: BAD kalman	battery: 3.97	kalman var: 0.01 0.01 0.003	 batterySag: 0.66	link quality: 44	flight time: 29s	pos -0.03 -0.06 -0.02	yaw: 0.71	msg/s 0.0
INFO: 01-08-2022 17:20:30 printStatus(167) -- Drogno_3: ready	battery: 3.97	kalman var: 0.002 0.002 0.001	 batterySag: 0.66	link quality: 44	flight time: 29s	pos -0.06 -0.04 -0.01	yaw: 0.69	msg/s 0.0
INFO: 01-08-2022 17:20:31 printStatus(167) -- Drogno_3: ready	battery: 3.97	kalman var: 0.007 0.007 0.002	 batterySag: 0.66	link quality: 45	flight time: 29s	pos -0.05 -0.05 -0.02	yaw: 0.73	msg/s 0.0
INFO: 01-08-2022 17:20:32 printStatus(167) -- Drogno_3: ready	battery: 3.97	kalman var: 0.004 0.004 0.002	 batterySag: 0.66	link quality: 44	flight time: 29s	pos -0.05 -0.04 -0.01	yaw: 0.72	msg/s 0.0
INFO: 01-08-2022 17:20:33 printStatus(167) -- Drogno_3: ready	battery: 3.97	kalman var: 0.001 0.001 0.001	 batterySag: 0.66	link quality: 44	flight time: 29s	pos -0.06 -0.04 -0.00	yaw: 0.73	msg/s 0.0
INFO: 01-08-2022 17:20:34 printStatus(167) -- Drogno_3: ready	battery: 3.97	kalman var: 0.005 0.005 0.002	 batterySag: 0.66	link quality: 43	flight time: 29s	pos -0.05 -0.05 -0.01	yaw: 0.72	msg/s 0.0
INFO: 01-08-2022 17:20:35 printStatus(167) -- Drogno_3: ready	battery: 3.97	kalman var: 0.001 0.001 0.001	 batterySag: 0.66	link quality: 43	flight time: 29s	pos -0.06 -0.04 -0.00	yaw: 0.71	msg/s 0.0
INFO: 01-08-2022 17:20:36 printStatus(167) -- Drogno_3: ready	battery: 3.97	kalman var: 0.006 0.006 0.002	 batterySag: 0.66	link quality: 47	flight time: 29s	pos -0.03 -0.05 -0.01	yaw: 0.72	msg/s 0.0
INFO: 01-08-2022 17:20:37 printStatus(167) -- Drogno_3: ready	battery: 3.97	kalman var: 0.003 0.003 0.001	 batterySag: 0.66	link quality: 44	flight time: 29s	pos -0.05 -0.04 -0.00	yaw: 0.73	msg/s 0.0
INFO: 01-08-2022 17:20:38 printStatus(167) -- Drogno_3: ready	battery: 3.97	kalman var: 0.001 0.001 0.001	 batterySag: 0.66	link quality: 44	flight time: 29s	pos -0.06 -0.04 -0.00	yaw: 0.69	msg/s 0.0
INFO: 01-08-2022 17:20:40 printStatus(167) -- Drogno_3: ready	battery: 3.97	kalman var: 0.004 0.004 0.002	 batterySag: 0.66	link quality: 43	flight time: 29s	pos -0.05 -0.05 -0.01	yaw: 0.70	msg/s 0.0
INFO: 01-08-2022 17:20:41 printStatus(167) -- Drogno_3: ready	battery: 3.97	kalman var: 0.002 0.002 0.001	 batterySag: 0.66	link quality: 45	flight time: 29s	pos -0.06 -0.04 -0.01	yaw: 0.75	msg/s 0.0
INFO: 01-08-2022 17:20:42 printStatus(167) -- Drogno_3: ready	battery: 3.97	kalman var: 0.008 0.008 0.002	 batterySag: 0.66	link quality: 50	flight time: 29s	pos -0.03 -0.05 -0.01	yaw: 0.72	msg/s 0.0
INFO: 01-08-2022 17:20:43 printStatus(167) -- Drogno_3: ready	battery: 3.97	kalman var: 0.001 0.001 0.001	 batterySag: 0.66	link quality: 46	flight time: 29s	pos -0.06 -0.04 -0.00	yaw: 0.75	msg/s 0.0
INFO: 01-08-2022 17:20:44 printStatus(167) -- Drogno_3: ready	battery: 3.97	kalman var: 0.001 0.001 0.001	 batterySag: 0.66	link quality: 44	flight time: 29s	pos -0.06 -0.04 -0.00	yaw: 0.71	msg/s 0.0
INFO: 01-08-2022 17:20:45 printStatus(167) -- Drogno_3: ready	battery: 3.97	kalman var: 0.0 0.0 0.0	 batterySag: 0.66	link quality: 44	flight time: 29s	pos -0.06 -0.04 -0.00	yaw: 0.70	msg/s 0.0
INFO: 01-08-2022 17:20:46 printStatus(167) -- Drogno_3: ready	battery: 3.97	kalman var: 0.002 0.002 0.001	 batterySag: 0.66	link quality: 44	flight time: 29s	pos -0.05 -0.04 -0.01	yaw: 0.69	msg/s 0.0
INFO: 01-08-2022 17:20:47 printStatus(167) -- Drogno_3: ready	battery: 3.97	kalman var: 0.007 0.007 0.002	 batterySag: 0.66	link quality: 45	flight time: 29s	pos -0.04 -0.05 -0.01	yaw: 0.71	msg/s 0.0
INFO: 01-08-2022 17:20:48 printStatus(167) -- Drogno_3: ready	battery: 3.97	kalman var: 0.001 0.001 0.001	 batterySag: 0.66	link quality: 45	flight time: 29s	pos -0.06 -0.04 -0.00	yaw: 0.69	msg/s 0.0
INFO: 01-08-2022 17:20:50 printStatus(167) -- Drogno_3: ready	battery: 3.97	kalman var: 0.002 0.002 0.001	 batterySag: 0.66	link quality: 44	flight time: 29s	pos -0.06 -0.05 -0.01	yaw: 0.68	msg/s 0.0
INFO: 01-08-2022 17:20:51 printStatus(167) -- Drogno_3: ready	battery: 3.97	kalman var: 0.003 0.003 0.001	 batterySag: 0.66	link quality: 45	flight time: 29s	pos -0.05 -0.04 -0.01	yaw: 0.70	msg/s 0.0
INFO: 01-08-2022 17:20:52 printStatus(167) -- Drogno_3: ready	battery: 3.97	kalman var: 0.001 0.001 0.001	 batterySag: 0.66	link quality: 44	flight time: 29s	pos -0.06 -0.04 -0.00	yaw: 0.75	msg/s 0.0
INFO: 01-08-2022 17:20:53 printStatus(167) -- Drogno_3: ready	battery: 3.97	kalman var: 0.004 0.004 0.002	 batterySag: 0.66	link quality: 44	flight time: 29s	pos -0.04 -0.04 -0.01	yaw: 0.73	msg/s 0.0
INFO: 01-08-2022 17:20:54 printStatus(167) -- Drogno_3: ready	battery: 3.97	kalman var: 0.0 0.0 0.0	 batterySag: 0.66	link quality: 45	flight time: 29s	pos -0.06 -0.04 -0.00	yaw: 0.70	msg/s 0.0
INFO: 01-08-2022 17:20:55 printStatus(167) -- Drogno_3: ready	battery: 3.97	kalman var: 0.003 0.003 0.002	 batterySag: 0.66	link quality: 44	flight time: 29s	pos -0.05 -0.05 -0.01	yaw: 0.69	msg/s 0.0
INFO: 01-08-2022 17:20:56 printStatus(167) -- Drogno_3: ready	battery: 3.97	kalman var: 0.001 0.001 0.001	 batterySag: 0.66	link quality: 44	flight time: 29s	pos -0.06 -0.04 -0.01	yaw: 0.71	msg/s 0.0
INFO: 01-08-2022 17:20:57 printStatus(167) -- Drogno_3: ready	battery: 3.97	kalman var: 0.001 0.001 0.001	 batterySag: 0.66	link quality: 45	flight time: 29s	pos -0.06 -0.04 -0.00	yaw: 0.70	msg/s 0.0
INFO: 01-08-2022 17:20:58 printStatus(167) -- Drogno_3: ready	battery: 3.97	kalman var: 0.002 0.002 0.001	 batterySag: 0.66	link quality: 44	flight time: 29s	pos -0.05 -0.04 -0.01	yaw: 0.69	msg/s 0.0
INFO: 01-08-2022 17:21:00 printStatus(167) -- Drogno_3: ready	battery: 3.97	kalman var: 0.001 0.001 0.001	 batterySag: 0.66	link quality: 44	flight time: 29s	pos -0.06 -0.04 -0.01	yaw: 0.70	msg/s 0.0
INFO: 01-08-2022 17:21:01 printStatus(167) -- Drogno_3: ready	battery: 3.97	kalman var: 0.005 0.005 0.002	 batterySag: 0.66	link quality: 45	flight time: 29s	pos -0.05 -0.06 -0.01	yaw: 0.71	msg/s 0.0
INFO: 01-08-2022 17:21:02 printStatus(167) -- Drogno_3: ready	battery: 3.97	kalman var: 0.001 0.001 0.001	 batterySag: 0.66	link quality: 45	flight time: 29s	pos -0.06 -0.04 -0.01	yaw: 0.71	msg/s 0.0
INFO: 01-08-2022 17:21:03 printStatus(167) -- Drogno_3: ready	battery: 3.97	kalman var: 0.001 0.001 0.001	 batterySag: 0.66	link quality: 45	flight time: 29s	pos -0.06 -0.04 -0.00	yaw: 0.71	msg/s 0.0
INFO: 01-08-2022 17:21:04 printStatus(167) -- Drogno_3: ready	battery: 3.97	kalman var: 0.001 0.001 0.001	 batterySag: 0.66	link quality: 44	flight time: 29s	pos -0.06 -0.04 -0.01	yaw: 0.70	msg/s 0.0
INFO: 01-08-2022 17:21:05 printStatus(167) -- Drogno_3: ready	battery: 3.97	kalman var: 0.001 0.001 0.001	 batterySag: 0.66	link quality: 44	flight time: 29s	pos -0.06 -0.04 -0.01	yaw: 0.70	msg/s 0.0
INFO: 01-08-2022 17:21:06 printStatus(167) -- Drogno_3: ready	battery: 3.97	kalman var: 0.002 0.002 0.001	 batterySag: 0.66	link quality: 45	flight time: 29s	pos -0.05 -0.05 -0.01	yaw: 0.72	msg/s 0.0
INFO: 01-08-2022 17:21:07 printStatus(167) -- Drogno_3: ready	battery: 3.97	kalman var: 0.001 0.001 0.001	 batterySag: 0.66	link quality: 45	flight time: 29s	pos -0.06 -0.04 -0.01	yaw: 0.71	msg/s 0.0
INFO: 01-08-2022 17:21:08 printStatus(167) -- Drogno_3: ready	battery: 3.97	kalman var: 0.001 0.001 0.001	 batterySag: 0.66	link quality: 44	flight time: 29s	pos -0.06 -0.04 -0.01	yaw: 0.72	msg/s 0.0
INFO: 01-08-2022 17:21:09 printStatus(167) -- Drogno_3: ready	battery: 3.97	kalman var: 0.001 0.001 0.001	 batterySag: 0.66	link quality: 44	flight time: 29s	pos -0.05 -0.05 -0.01	yaw: 0.67	msg/s 0.0
INFO: 01-08-2022 17:21:11 printStatus(167) -- Drogno_3: ready	battery: 3.97	kalman var: 0.001 0.001 0.001	 batterySag: 0.66	link quality: 45	flight time: 29s	pos -0.06 -0.04 -0.00	yaw: 0.72	msg/s 0.0
INFO: 01-08-2022 17:21:12 printStatus(167) -- Drogno_3: ready	battery: 3.97	kalman var: 0.002 0.002 0.001	 batterySag: 0.66	link quality: 45	flight time: 29s	pos -0.05 -0.04 -0.01	yaw: 0.72	msg/s 0.0
INFO: 01-08-2022 17:21:13 printStatus(167) -- Drogno_3: ready	battery: 3.97	kalman var: 0.001 0.001 0.001	 batterySag: 0.66	link quality: 45	flight time: 29s	pos -0.06 -0.04 -0.01	yaw: 0.72	msg/s 0.0
INFO: 01-08-2022 17:21:14 printStatus(167) -- Drogno_3: ready	battery: 3.97	kalman var: 0.003 0.003 0.002	 batterySag: 0.66	link quality: 45	flight time: 29s	pos -0.05 -0.05 -0.01	yaw: 0.73	msg/s 0.0
INFO: 01-08-2022 17:21:15 printStatus(167) -- Drogno_3: ready	battery: 3.97	kalman var: 0.001 0.001 0.001	 batterySag: 0.66	link quality: 44	flight time: 29s	pos -0.06 -0.04 -0.01	yaw: 0.71	msg/s 0.0
INFO: 01-08-2022 17:21:16 printStatus(167) -- Drogno_3: ready	battery: 3.97	kalman var: 0.001 0.001 0.001	 batterySag: 0.66	link quality: 45	flight time: 29s	pos -0.06 -0.04 -0.00	yaw: 0.70	msg/s 0.0
INFO: 01-08-2022 17:21:17 printStatus(167) -- Drogno_3: ready	battery: 3.97	kalman var: 0.001 0.001 0.001	 batterySag: 0.66	link quality: 45	flight time: 29s	pos -0.06 -0.05 -0.01	yaw: 0.71	msg/s 0.0
INFO: 01-08-2022 17:21:18 printStatus(167) -- Drogno_3: ready	battery: 3.97	kalman var: 0.001 0.001 0.001	 batterySag: 0.66	link quality: 44	flight time: 29s	pos -0.06 -0.04 -0.00	yaw: 0.74	msg/s 0.0
INFO: 01-08-2022 17:21:19 printStatus(167) -- Drogno_3: ready	battery: 3.97	kalman var: 0.004 0.004 0.002	 batterySag: 0.66	link quality: 45	flight time: 29s	pos -0.04 -0.05 -0.01	yaw: 0.71	msg/s 0.0
INFO: 01-08-2022 17:21:21 printStatus(167) -- Drogno_3: ready	battery: 3.97	kalman var: 0.001 0.001 0.001	 batterySag: 0.66	link quality: 45	flight time: 29s	pos -0.06 -0.04 -0.00	yaw: 0.70	msg/s 0.0
INFO: 01-08-2022 17:21:22 printStatus(167) -- Drogno_3: ready	battery: 3.97	kalman var: 0.001 0.001 0.001	 batterySag: 0.66	link quality: 44	flight time: 29s	pos -0.06 -0.04 -0.00	yaw: 0.70	msg/s 0.0
INFO: 01-08-2022 17:21:23 printStatus(167) -- Drogno_3: ready	battery: 3.97	kalman var: 0.001 0.001 0.001	 batterySag: 0.66	link quality: 45	flight time: 29s	pos -0.06 -0.04 -0.00	yaw: 0.69	msg/s 0.0
INFO: 01-08-2022 17:21:24 printStatus(167) -- Drogno_3: ready	battery: 3.97	kalman var: 0.001 0.001 0.001	 batterySag: 0.66	link quality: 45	flight time: 29s	pos -0.06 -0.04 -0.01	yaw: 0.72	msg/s 0.0
INFO: 01-08-2022 17:21:25 printStatus(167) -- Drogno_3: ready	battery: 3.97	kalman var: 0.002 0.002 0.001	 batterySag: 0.66	link quality: 45	flight time: 29s	pos -0.05 -0.04 -0.01	yaw: 0.71	msg/s 0.0
INFO: 01-08-2022 17:21:26 printStatus(167) -- Drogno_3: ready	battery: 3.97	kalman var: 0.001 0.001 0.001	 batterySag: 0.66	link quality: 45	flight time: 29s	pos -0.06 -0.04 -0.01	yaw: 0.69	msg/s 0.0
INFO: 01-08-2022 17:21:27 printStatus(167) -- Drogno_3: ready	battery: 3.97	kalman var: 0.0 0.0 0.001	 batterySag: 0.66	link quality: 44	flight time: 29s	pos -0.06 -0.04 -0.00	yaw: 0.70	msg/s 0.0
INFO: 01-08-2022 17:21:28 printStatus(167) -- Drogno_3: ready	battery: 3.97	kalman var: 0.001 0.001 0.001	 batterySag: 0.66	link quality: 44	flight time: 29s	pos -0.06 -0.04 -0.01	yaw: 0.71	msg/s 0.0
INFO: 01-08-2022 17:21:29 printStatus(167) -- Drogno_3: ready	battery: 3.97	kalman var: 0.005 0.005 0.002	 batterySag: 0.66	link quality: 45	flight time: 29s	pos -0.04 -0.05 -0.02	yaw: 0.69	msg/s 0.0
INFO: 01-08-2022 17:21:31 printStatus(167) -- Drogno_3: ready	battery: 3.97	kalman var: 0.002 0.002 0.001	 batterySag: 0.66	link quality: 44	flight time: 29s	pos -0.06 -0.05 -0.01	yaw: 0.68	msg/s 0.0
INFO: 01-08-2022 17:21:32 printStatus(167) -- Drogno_3: ready	battery: 3.97	kalman var: 0.001 0.001 0.001	 batterySag: 0.66	link quality: 44	flight time: 29s	pos -0.06 -0.04 -0.00	yaw: 0.70	msg/s 0.0
INFO: 01-08-2022 17:21:33 printStatus(167) -- Drogno_3: ready	battery: 3.97	kalman var: 0.002 0.002 0.001	 batterySag: 0.66	link quality: 45	flight time: 29s	pos -0.06 -0.05 -0.01	yaw: 0.71	msg/s 0.0
INFO: 01-08-2022 17:21:34 printStatus(167) -- Drogno_3: ready	battery: 3.97	kalman var: 0.001 0.001 0.001	 batterySag: 0.66	link quality: 44	flight time: 29s	pos -0.06 -0.04 -0.01	yaw: 0.70	msg/s 0.0
INFO: 01-08-2022 17:21:35 printStatus(167) -- Drogno_3: ready	battery: 3.97	kalman var: 0.004 0.004 0.002	 batterySag: 0.66	link quality: 44	flight time: 29s	pos -0.05 -0.05 -0.01	yaw: 0.72	msg/s 0.0
INFO: 01-08-2022 17:21:36 printStatus(167) -- Drogno_3: ready	battery: 3.97	kalman var: 0.002 0.002 0.001	 batterySag: 0.66	link quality: 45	flight time: 29s	pos -0.05 -0.04 -0.01	yaw: 0.70	msg/s 0.0
INFO: 01-08-2022 17:21:37 printStatus(167) -- Drogno_3: ready	battery: 3.97	kalman var: 0.001 0.001 0.001	 batterySag: 0.66	link quality: 44	flight time: 29s	pos -0.06 -0.05 -0.01	yaw: 0.70	msg/s 0.0
INFO: 01-08-2022 17:21:38 printStatus(167) -- Drogno_3: ready	battery: 3.97	kalman var: 0.002 0.002 0.001	 batterySag: 0.66	link quality: 45	flight time: 29s	pos -0.06 -0.04 -0.01	yaw: 0.72	msg/s 0.0
INFO: 01-08-2022 17:21:39 printStatus(167) -- Drogno_3: ready	battery: 3.97	kalman var: 0.003 0.003 0.001	 batterySag: 0.66	link quality: 45	flight time: 29s	pos -0.05 -0.05 -0.01	yaw: 0.74	msg/s 0.0
INFO: 01-08-2022 17:21:40 printStatus(167) -- Drogno_3: ready	battery: 3.97	kalman var: 0.0 0.0 0.0	 batterySag: 0.66	link quality: 44	flight time: 29s	pos -0.06 -0.04 -0.00	yaw: 0.73	msg/s 0.0
INFO: 01-08-2022 17:21:42 printStatus(167) -- Drogno_3: ready	battery: 3.97	kalman var: 0.001 0.001 0.001	 batterySag: 0.66	link quality: 45	flight time: 29s	pos -0.06 -0.04 -0.01	yaw: 0.71	msg/s 0.0
INFO: 01-08-2022 17:21:43 printStatus(167) -- Drogno_3: ready	battery: 3.97	kalman var: 0.0 0.0 0.0	 batterySag: 0.66	link quality: 45	flight time: 29s	pos -0.06 -0.04 -0.00	yaw: 0.71	msg/s 0.0
INFO: 01-08-2022 17:21:44 printStatus(167) -- Drogno_3: ready	battery: 3.97	kalman var: 0.001 0.001 0.001	 batterySag: 0.66	link quality: 44	flight time: 29s	pos -0.06 -0.05 -0.01	yaw: 0.72	msg/s 0.0
INFO: 01-08-2022 17:21:45 printStatus(167) -- Drogno_3: ready	battery: 3.97	kalman var: 0.001 0.001 0.001	 batterySag: 0.66	link quality: 45	flight time: 29s	pos -0.06 -0.04 -0.01	yaw: 0.72	msg/s 0.0
INFO: 01-08-2022 17:21:46 printStatus(167) -- Drogno_3: ready	battery: 3.97	kalman var: 0.001 0.001 0.001	 batterySag: 0.66	link quality: 44	flight time: 29s	pos -0.06 -0.04 -0.01	yaw: 0.71	msg/s 0.0
INFO: 01-08-2022 17:21:47 printStatus(167) -- Drogno_3: ready	battery: 3.97	kalman var: 0.002 0.002 0.001	 batterySag: 0.66	link quality: 44	flight time: 29s	pos -0.05 -0.05 -0.01	yaw: 0.70	msg/s 0.0
INFO: 01-08-2022 17:21:48 printStatus(167) -- Drogno_3: ready	battery: 3.97	kalman var: 0.01 0.01 0.002	 batterySag: 0.66	link quality: 45	flight time: 29s	pos -0.03 -0.06 -0.02	yaw: 0.74	msg/s 0.0
INFO: 01-08-2022 17:21:49 printStatus(167) -- Drogno_3: ready	battery: 3.97	kalman var: 0.002 0.002 0.001	 batterySag: 0.66	link quality: 44	flight time: 29s	pos -0.06 -0.05 -0.01	yaw: 0.71	msg/s 0.0
INFO: 01-08-2022 17:21:50 printStatus(167) -- Drogno_3: ready	battery: 3.97	kalman var: 0.0 0.0 0.0	 batterySag: 0.66	link quality: 44	flight time: 29s	pos -0.06 -0.04 -0.00	yaw: 0.72	msg/s 0.0
INFO: 01-08-2022 17:21:52 printStatus(167) -- Drogno_3: ready	battery: 3.97	kalman var: 0.003 0.003 0.001	 batterySag: 0.66	link quality: 44	flight time: 29s	pos -0.05 -0.05 -0.01	yaw: 0.71	msg/s 0.0
INFO: 01-08-2022 17:21:53 printStatus(167) -- Drogno_3: ready	battery: 3.97	kalman var: 0.001 0.001 0.001	 batterySag: 0.66	link quality: 44	flight time: 29s	pos -0.06 -0.04 -0.00	yaw: 0.71	msg/s 0.0
INFO: 01-08-2022 17:21:54 printStatus(167) -- Drogno_3: ready	battery: 3.97	kalman var: 0.001 0.001 0.001	 batterySag: 0.66	link quality: 45	flight time: 29s	pos -0.06 -0.04 -0.01	yaw: 0.69	msg/s 0.0
INFO: 01-08-2022 17:21:55 printStatus(167) -- Drogno_3: ready	battery: 3.97	kalman var: 0.001 0.001 0.001	 batterySag: 0.66	link quality: 45	flight time: 29s	pos -0.06 -0.05 -0.01	yaw: 0.69	msg/s 0.0
INFO: 01-08-2022 17:21:56 printStatus(167) -- Drogno_3: ready	battery: 3.97	kalman var: 0.001 0.001 0.001	 batterySag: 0.66	link quality: 44	flight time: 29s	pos -0.06 -0.04 -0.00	yaw: 0.72	msg/s 0.0
INFO: 01-08-2022 17:21:57 printStatus(167) -- Drogno_3: ready	battery: 3.97	kalman var: 0.005 0.005 0.002	 batterySag: 0.66	link quality: 44	flight time: 29s	pos -0.05 -0.05 -0.01	yaw: 0.70	msg/s 0.0
INFO: 01-08-2022 17:21:58 printStatus(167) -- Drogno_3: ready	battery: 3.97	kalman var: 0.002 0.002 0.001	 batterySag: 0.66	link quality: 45	flight time: 29s	pos -0.06 -0.04 -0.01	yaw: 0.69	msg/s 0.0
INFO: 01-08-2022 17:21:59 printStatus(167) -- Drogno_3: ready	battery: 3.97	kalman var: 0.003 0.003 0.001	 batterySag: 0.66	link quality: 45	flight time: 29s	pos -0.06 -0.05 -0.01	yaw: 0.70	msg/s 0.0
INFO: 01-08-2022 17:22:00 printStatus(167) -- Drogno_3: ready	battery: 3.97	kalman var: 0.001 0.001 0.0	 batterySag: 0.66	link quality: 45	flight time: 29s	pos -0.06 -0.04 -0.01	yaw: 0.70	msg/s 0.0
INFO: 01-08-2022 17:22:02 printStatus(167) -- Drogno_3: ready	battery: 3.97	kalman var: 0.001 0.001 0.001	 batterySag: 0.66	link quality: 45	flight time: 29s	pos -0.06 -0.04 -0.00	yaw: 0.69	msg/s 0.0
INFO: 01-08-2022 17:22:03 printStatus(167) -- Drogno_3: ready	battery: 3.97	kalman var: 0.001 0.001 0.001	 batterySag: 0.66	link quality: 44	flight time: 29s	pos -0.06 -0.05 -0.01	yaw: 0.71	msg/s 0.0
INFO: 01-08-2022 17:22:04 printStatus(167) -- Drogno_3: ready	battery: 3.97	kalman var: 0.0 0.0 0.0	 batterySag: 0.66	link quality: 45	flight time: 29s	pos -0.06 -0.04 -0.01	yaw: 0.68	msg/s 0.0
INFO: 01-08-2022 17:22:05 printStatus(167) -- Drogno_3: ready	battery: 3.97	kalman var: 0.002 0.002 0.001	 batterySag: 0.66	link quality: 45	flight time: 29s	pos -0.06 -0.05 -0.01	yaw: 0.70	msg/s 0.0
INFO: 01-08-2022 17:22:06 printStatus(167) -- Drogno_3: ready	battery: 3.97	kalman var: 0.002 0.002 0.001	 batterySag: 0.66	link quality: 44	flight time: 29s	pos -0.06 -0.04 -0.01	yaw: 0.69	msg/s 0.0
INFO: 01-08-2022 17:22:07 printStatus(167) -- Drogno_3: ready	battery: 3.97	kalman var: 0.007 0.007 0.002	 batterySag: 0.66	link quality: 45	flight time: 29s	pos -0.04 -0.05 -0.02	yaw: 0.75	msg/s 0.0
INFO: 01-08-2022 17:22:08 printStatus(167) -- Drogno_3: ready	battery: 3.97	kalman var: 0.001 0.001 0.001	 batterySag: 0.66	link quality: 45	flight time: 29s	pos -0.06 -0.04 -0.01	yaw: 0.72	msg/s 0.0
INFO: 01-08-2022 17:22:09 printStatus(167) -- Drogno_3: ready	battery: 3.97	kalman var: 0.001 0.001 0.001	 batterySag: 0.66	link quality: 44	flight time: 29s	pos -0.06 -0.04 -0.00	yaw: 0.71	msg/s 0.0
INFO: 01-08-2022 17:22:10 printStatus(167) -- Drogno_3: ready	battery: 3.97	kalman var: 0.002 0.002 0.001	 batterySag: 0.66	link quality: 46	flight time: 29s	pos -0.05 -0.05 -0.01	yaw: 0.70	msg/s 0.0
INFO: 01-08-2022 17:22:11 printStatus(167) -- Drogno_3: ready	battery: 3.97	kalman var: 0.001 0.001 0.001	 batterySag: 0.66	link quality: 44	flight time: 29s	pos -0.06 -0.04 -0.01	yaw: 0.70	msg/s 0.0
INFO: 01-08-2022 17:22:13 printStatus(167) -- Drogno_3: ready	battery: 3.97	kalman var: 0.003 0.003 0.002	 batterySag: 0.66	link quality: 44	flight time: 29s	pos -0.05 -0.05 -0.01	yaw: 0.70	msg/s 0.0
INFO: 01-08-2022 17:22:14 printStatus(167) -- Drogno_3: ready	battery: 3.97	kalman var: 0.001 0.001 0.001	 batterySag: 0.66	link quality: 45	flight time: 29s	pos -0.06 -0.05 -0.01	yaw: 0.66	msg/s 0.0
INFO: 01-08-2022 17:22:15 printStatus(167) -- Drogno_3: ready	battery: 3.97	kalman var: 0.001 0.001 0.001	 batterySag: 0.66	link quality: 44	flight time: 29s	pos -0.06 -0.04 -0.00	yaw: 0.71	msg/s 0.0
INFO: 01-08-2022 17:22:16 printStatus(167) -- Drogno_3: ready	battery: 3.97	kalman var: 0.001 0.001 0.001	 batterySag: 0.66	link quality: 44	flight time: 29s	pos -0.06 -0.04 -0.01	yaw: 0.73	msg/s 0.0
INFO: 01-08-2022 17:22:17 printStatus(167) -- Drogno_3: ready	battery: 3.97	kalman var: 0.001 0.001 0.001	 batterySag: 0.66	link quality: 45	flight time: 29s	pos -0.06 -0.04 -0.01	yaw: 0.73	msg/s 0.0
INFO: 01-08-2022 17:22:18 printStatus(167) -- Drogno_3: ready	battery: 3.97	kalman var: 0.005 0.005 0.002	 batterySag: 0.66	link quality: 45	flight time: 29s	pos -0.05 -0.05 -0.01	yaw: 0.58	msg/s 0.0
INFO: 01-08-2022 17:22:19 printStatus(167) -- Drogno_3: ready	battery: 3.97	kalman var: 0.001 0.001 0.001	 batterySag: 0.66	link quality: 45	flight time: 29s	pos -0.06 -0.04 -0.01	yaw: 0.70	msg/s 0.0
INFO: 01-08-2022 17:22:20 printStatus(167) -- Drogno_3: ready	battery: 3.97	kalman var: 0.004 0.004 0.002	 batterySag: 0.66	link quality: 45	flight time: 29s	pos -0.05 -0.05 -0.01	yaw: 0.69	msg/s 0.0
INFO: 01-08-2022 17:22:21 printStatus(167) -- Drogno_3: ready	battery: 3.97	kalman var: 0.001 0.001 0.001	 batterySag: 0.66	link quality: 44	flight time: 29s	pos -0.06 -0.04 -0.01	yaw: 0.71	msg/s 0.0
INFO: 01-08-2022 17:22:23 printStatus(167) -- Drogno_3: ready	battery: 3.97	kalman var: 0.001 0.001 0.001	 batterySag: 0.66	link quality: 45	flight time: 29s	pos -0.06 -0.04 -0.01	yaw: 0.71	msg/s 0.0
INFO: 01-08-2022 17:22:24 printStatus(167) -- Drogno_3: ready	battery: 3.97	kalman var: 0.001 0.001 0.001	 batterySag: 0.66	link quality: 45	flight time: 29s	pos -0.06 -0.04 -0.00	yaw: 0.72	msg/s 0.0
INFO: 01-08-2022 17:22:25 printStatus(167) -- Drogno_3: ready	battery: 3.97	kalman var: 0.001 0.001 0.001	 batterySag: 0.66	link quality: 45	flight time: 29s	pos -0.06 -0.05 -0.00	yaw: 0.69	msg/s 0.0
INFO: 01-08-2022 17:22:26 printStatus(167) -- Drogno_3: ready	battery: 3.97	kalman var: 0.002 0.002 0.001	 batterySag: 0.66	link quality: 46	flight time: 29s	pos -0.06 -0.05 -0.01	yaw: 0.71	msg/s 0.0
INFO: 01-08-2022 17:22:27 printStatus(167) -- Drogno_3: ready	battery: 3.97	kalman var: 0.001 0.001 0.001	 batterySag: 0.66	link quality: 44	flight time: 29s	pos -0.06 -0.04 -0.01	yaw: 0.70	msg/s 0.0
INFO: 01-08-2022 17:22:28 printStatus(167) -- Drogno_3: ready	battery: 3.97	kalman var: 0.007 0.007 0.002	 batterySag: 0.66	link quality: 44	flight time: 29s	pos -0.04 -0.04 -0.02	yaw: 0.73	msg/s 0.0
INFO: 01-08-2022 17:22:29 printStatus(167) -- Drogno_3: ready	battery: 3.97	kalman var: 0.003 0.003 0.001	 batterySag: 0.66	link quality: 43	flight time: 29s	pos -0.05 -0.05 -0.01	yaw: 0.70	msg/s 0.0
INFO: 01-08-2022 17:22:30 printStatus(167) -- Drogno_3: ready	battery: 3.97	kalman var: 0.001 0.001 0.001	 batterySag: 0.66	link quality: 46	flight time: 29s	pos -0.06 -0.05 -0.01	yaw: 0.69	msg/s 0.0
INFO: 01-08-2022 17:22:31 printStatus(167) -- Drogno_3: ready	battery: 3.96	kalman var: 0.002 0.002 0.001	 batterySag: 0.66	link quality: 44	flight time: 29s	pos -0.06 -0.05 -0.01	yaw: 0.68	msg/s 0.0
INFO: 01-08-2022 17:22:33 printStatus(167) -- Drogno_3: ready	battery: 3.97	kalman var: 0.001 0.001 0.001	 batterySag: 0.66	link quality: 44	flight time: 29s	pos -0.06 -0.04 -0.01	yaw: 0.70	msg/s 0.0
INFO: 01-08-2022 17:22:34 printStatus(167) -- Drogno_3: ready	battery: 3.96	kalman var: 0.001 0.001 0.001	 batterySag: 0.66	link quality: 45	flight time: 29s	pos -0.06 -0.04 -0.01	yaw: 0.70	msg/s 0.0
INFO: 01-08-2022 17:22:35 printStatus(167) -- Drogno_3: ready	battery: 3.97	kalman var: 0.003 0.003 0.001	 batterySag: 0.66	link quality: 43	flight time: 29s	pos -0.05 -0.05 -0.01	yaw: 0.69	msg/s 0.0
INFO: 01-08-2022 17:22:36 printStatus(167) -- Drogno_3: BAD kalman	battery: 3.97	kalman var: 0.01 0.01 0.003	 batterySag: 0.66	link quality: 44	flight time: 29s	pos -0.03 -0.07 -0.02	yaw: 0.72	msg/s 0.0
INFO: 01-08-2022 17:22:37 printStatus(167) -- Drogno_3: ready	battery: 3.96	kalman var: 0.005 0.005 0.002	 batterySag: 0.66	link quality: 44	flight time: 29s	pos -0.05 -0.05 -0.01	yaw: 0.71	msg/s 0.0
INFO: 01-08-2022 17:22:38 printStatus(167) -- Drogno_3: ready	battery: 3.97	kalman var: 0.001 0.001 0.0	 batterySag: 0.66	link quality: 44	flight time: 29s	pos -0.06 -0.04 -0.00	yaw: 0.73	msg/s 0.0
INFO: 01-08-2022 17:22:39 printStatus(167) -- Drogno_3: ready	battery: 3.97	kalman var: 0.004 0.004 0.002	 batterySag: 0.66	link quality: 43	flight time: 29s	pos -0.05 -0.05 -0.01	yaw: 0.72	msg/s 0.0
INFO: 01-08-2022 17:22:40 printStatus(167) -- Drogno_3: ready	battery: 3.97	kalman var: 0.002 0.002 0.001	 batterySag: 0.66	link quality: 43	flight time: 29s	pos -0.05 -0.05 -0.01	yaw: 0.70	msg/s 0.0
INFO: 01-08-2022 17:22:41 printStatus(167) -- Drogno_3: ready	battery: 3.97	kalman var: 0.001 0.001 0.001	 batterySag: 0.66	link quality: 43	flight time: 29s	pos -0.06 -0.04 -0.00	yaw: 0.70	msg/s 0.0
INFO: 01-08-2022 17:22:42 printStatus(167) -- Drogno_3: ready	battery: 3.96	kalman var: 0.001 0.001 0.001	 batterySag: 0.66	link quality: 43	flight time: 29s	pos -0.06 -0.04 -0.01	yaw: 0.70	msg/s 0.0
INFO: 01-08-2022 17:22:44 printStatus(167) -- Drogno_3: ready	battery: 3.97	kalman var: 0.001 0.001 0.001	 batterySag: 0.66	link quality: 43	flight time: 29s	pos -0.06 -0.04 -0.00	yaw: 0.72	msg/s 0.0
INFO: 01-08-2022 17:22:45 printStatus(167) -- Drogno_3: ready	battery: 3.97	kalman var: 0.004 0.004 0.002	 batterySag: 0.66	link quality: 43	flight time: 29s	pos -0.05 -0.05 -0.01	yaw: 0.69	msg/s 0.0
INFO: 01-08-2022 17:22:46 printStatus(167) -- Drogno_3: ready	battery: 3.97	kalman var: 0.001 0.001 0.001	 batterySag: 0.66	link quality: 44	flight time: 29s	pos -0.06 -0.04 -0.01	yaw: 0.70	msg/s 0.0
INFO: 01-08-2022 17:22:47 printStatus(167) -- Drogno_3: ready	battery: 3.97	kalman var: 0.005 0.005 0.002	 batterySag: 0.66	link quality: 43	flight time: 29s	pos -0.05 -0.05 -0.02	yaw: 0.69	msg/s 0.0
INFO: 01-08-2022 17:22:48 printStatus(167) -- Drogno_3: ready	battery: 3.97	kalman var: 0.002 0.002 0.001	 batterySag: 0.66	link quality: 43	flight time: 29s	pos -0.05 -0.05 -0.01	yaw: 0.73	msg/s 0.0
INFO: 01-08-2022 17:22:49 printStatus(167) -- Drogno_3: ready	battery: 3.96	kalman var: 0.001 0.001 0.001	 batterySag: 0.66	link quality: 44	flight time: 29s	pos -0.06 -0.04 -0.01	yaw: 0.69	msg/s 0.0
INFO: 01-08-2022 17:22:50 printStatus(167) -- Drogno_3: ready	battery: 3.96	kalman var: 0.002 0.002 0.001	 batterySag: 0.66	link quality: 44	flight time: 29s	pos -0.05 -0.04 -0.01	yaw: 0.70	msg/s 0.0
INFO: 01-08-2022 17:22:51 printStatus(167) -- Drogno_3: ready	battery: 3.97	kalman var: 0.001 0.001 0.001	 batterySag: 0.66	link quality: 44	flight time: 29s	pos -0.06 -0.04 -0.01	yaw: 0.67	msg/s 0.0
INFO: 01-08-2022 17:22:52 printStatus(167) -- Drogno_3: ready	battery: 3.96	kalman var: 0.005 0.005 0.002	 batterySag: 0.66	link quality: 44	flight time: 29s	pos -0.05 -0.05 -0.01	yaw: 0.70	msg/s 0.0
INFO: 01-08-2022 17:22:54 printStatus(167) -- Drogno_3: ready	battery: 3.96	kalman var: 0.001 0.001 0.001	 batterySag: 0.66	link quality: 43	flight time: 29s	pos -0.06 -0.04 -0.01	yaw: 0.69	msg/s 0.0
INFO: 01-08-2022 17:22:55 printStatus(167) -- Drogno_3: ready	battery: 3.96	kalman var: 0.006 0.006 0.002	 batterySag: 0.66	link quality: 44	flight time: 29s	pos -0.04 -0.05 -0.02	yaw: 0.71	msg/s 0.0
INFO: 01-08-2022 17:22:56 printStatus(167) -- Drogno_3: ready	battery: 3.96	kalman var: 0.003 0.003 0.001	 batterySag: 0.66	link quality: 43	flight time: 29s	pos -0.05 -0.05 -0.01	yaw: 0.69	msg/s 0.0
INFO: 01-08-2022 17:22:57 printStatus(167) -- Drogno_3: BAD kalman	battery: 3.96	kalman var: 0.011 0.011 0.003	 batterySag: 0.66	link quality: 43	flight time: 29s	pos -0.05 -0.06 -0.02	yaw: 0.69	msg/s 0.0
INFO: 01-08-2022 17:22:58 printStatus(167) -- Drogno_3: ready	battery: 3.96	kalman var: 0.003 0.003 0.001	 batterySag: 0.66	link quality: 44	flight time: 29s	pos -0.06 -0.05 -0.01	yaw: 0.67	msg/s 0.0
INFO: 01-08-2022 17:22:59 printStatus(167) -- Drogno_3: ready	battery: 3.96	kalman var: 0.001 0.001 0.001	 batterySag: 0.66	link quality: 44	flight time: 29s	pos -0.06 -0.05 -0.01	yaw: 0.70	msg/s 0.0
INFO: 01-08-2022 17:23:00 printStatus(167) -- Drogno_3: ready	battery: 3.96	kalman var: 0.005 0.005 0.002	 batterySag: 0.66	link quality: 43	flight time: 29s	pos -0.04 -0.05 -0.01	yaw: 0.69	msg/s 0.0
INFO: 01-08-2022 17:23:01 printStatus(167) -- Drogno_3: ready	battery: 3.96	kalman var: 0.001 0.001 0.001	 batterySag: 0.66	link quality: 44	flight time: 29s	pos -0.06 -0.04 -0.01	yaw: 0.70	msg/s 0.0
INFO: 01-08-2022 17:23:02 printStatus(167) -- Drogno_3: ready	battery: 3.96	kalman var: 0.001 0.001 0.001	 batterySag: 0.66	link quality: 44	flight time: 29s	pos -0.06 -0.04 -0.00	yaw: 0.68	msg/s 0.0
INFO: 01-08-2022 17:23:03 printStatus(167) -- Drogno_3: ready	battery: 3.96	kalman var: 0.002 0.002 0.001	 batterySag: 0.66	link quality: 44	flight time: 29s	pos -0.05 -0.04 -0.01	yaw: 0.71	msg/s 0.0
INFO: 01-08-2022 17:23:05 printStatus(167) -- Drogno_3: ready	battery: 3.96	kalman var: 0.001 0.001 0.001	 batterySag: 0.66	link quality: 44	flight time: 29s	pos -0.06 -0.04 -0.00	yaw: 0.73	msg/s 0.0
INFO: 01-08-2022 17:23:06 printStatus(167) -- Drogno_3: ready	battery: 3.96	kalman var: 0.005 0.005 0.002	 batterySag: 0.66	link quality: 44	flight time: 29s	pos -0.05 -0.05 -0.01	yaw: 0.72	msg/s 0.0
INFO: 01-08-2022 17:23:07 printStatus(167) -- Drogno_3: BAD kalman	battery: 3.96	kalman var: 0.014 0.014 0.003	 batterySag: 0.66	link quality: 43	flight time: 29s	pos -0.03 -0.06 -0.03	yaw: 0.70	msg/s 0.0
INFO: 01-08-2022 17:23:08 printStatus(167) -- Drogno_3: ready	battery: 3.96	kalman var: 0.002 0.002 0.001	 batterySag: 0.66	link quality: 43	flight time: 29s	pos -0.06 -0.04 -0.00	yaw: 0.70	msg/s 0.0
INFO: 01-08-2022 17:23:09 printStatus(167) -- Drogno_3: ready	battery: 3.96	kalman var: 0.009 0.009 0.002	 batterySag: 0.66	link quality: 44	flight time: 29s	pos -0.05 -0.06 -0.02	yaw: 0.71	msg/s 0.0
INFO: 01-08-2022 17:23:10 printStatus(167) -- Drogno_3: ready	battery: 3.96	kalman var: 0.001 0.001 0.001	 batterySag: 0.66	link quality: 43	flight time: 29s	pos -0.06 -0.04 -0.01	yaw: 0.70	msg/s 0.0
INFO: 01-08-2022 17:23:11 printStatus(167) -- Drogno_3: ready	battery: 3.96	kalman var: 0.002 0.002 0.001	 batterySag: 0.66	link quality: 44	flight time: 29s	pos -0.05 -0.05 -0.01	yaw: 0.69	msg/s 0.0
INFO: 01-08-2022 17:23:12 printStatus(167) -- Drogno_3: ready	battery: 3.96	kalman var: 0.0 0.0 0.0	 batterySag: 0.66	link quality: 43	flight time: 29s	pos -0.06 -0.04 -0.00	yaw: 0.69	msg/s 0.0
INFO: 01-08-2022 17:23:13 printStatus(167) -- Drogno_3: ready	battery: 3.96	kalman var: 0.004 0.004 0.002	 batterySag: 0.66	link quality: 43	flight time: 29s	pos -0.05 -0.05 -0.01	yaw: 0.70	msg/s 0.0
INFO: 01-08-2022 17:23:15 printStatus(167) -- Drogno_3: ready	battery: 3.96	kalman var: 0.002 0.002 0.001	 batterySag: 0.66	link quality: 44	flight time: 29s	pos -0.06 -0.04 -0.01	yaw: 0.69	msg/s 0.0
INFO: 01-08-2022 17:23:16 printStatus(167) -- Drogno_3: ready	battery: 3.96	kalman var: 0.007 0.007 0.002	 batterySag: 0.66	link quality: 44	flight time: 29s	pos -0.04 -0.05 -0.02	yaw: 0.68	msg/s 0.0
INFO: 01-08-2022 17:23:17 printStatus(167) -- Drogno_3: ready	battery: 3.96	kalman var: 0.004 0.004 0.002	 batterySag: 0.66	link quality: 44	flight time: 29s	pos -0.05 -0.05 -0.01	yaw: 0.71	msg/s 0.0
INFO: 01-08-2022 17:23:18 printStatus(167) -- Drogno_3: ready	battery: 3.96	kalman var: 0.001 0.001 0.001	 batterySag: 0.66	link quality: 43	flight time: 29s	pos -0.06 -0.04 -0.01	yaw: 0.69	msg/s 0.0
INFO: 01-08-2022 17:23:19 printStatus(167) -- Drogno_3: ready	battery: 3.96	kalman var: 0.005 0.005 0.002	 batterySag: 0.66	link quality: 44	flight time: 29s	pos -0.05 -0.05 -0.01	yaw: 0.69	msg/s 0.0
INFO: 01-08-2022 17:23:20 printStatus(167) -- Drogno_3: ready	battery: 3.96	kalman var: 0.001 0.001 0.001	 batterySag: 0.66	link quality: 44	flight time: 29s	pos -0.06 -0.04 -0.01	yaw: 0.72	msg/s 0.0
INFO: 01-08-2022 17:23:21 printStatus(167) -- Drogno_3: ready	battery: 3.96	kalman var: 0.001 0.001 0.001	 batterySag: 0.66	link quality: 43	flight time: 29s	pos -0.06 -0.04 -0.01	yaw: 0.70	msg/s 0.0
INFO: 01-08-2022 17:23:22 printStatus(167) -- Drogno_3: ready	battery: 3.96	kalman var: 0.004 0.004 0.002	 batterySag: 0.66	link quality: 44	flight time: 29s	pos -0.05 -0.05 -0.02	yaw: 0.72	msg/s 0.0
INFO: 01-08-2022 17:23:23 printStatus(167) -- Drogno_3: ready	battery: 3.96	kalman var: 0.001 0.001 0.001	 batterySag: 0.66	link quality: 44	flight time: 29s	pos -0.06 -0.04 -0.00	yaw: 0.74	msg/s 0.0
INFO: 01-08-2022 17:23:25 printStatus(167) -- Drogno_3: ready	battery: 3.96	kalman var: 0.005 0.005 0.002	 batterySag: 0.66	link quality: 44	flight time: 29s	pos -0.05 -0.05 -0.01	yaw: 0.71	msg/s 0.0
INFO: 01-08-2022 17:23:26 printStatus(167) -- Drogno_3: ready	battery: 3.96	kalman var: 0.001 0.001 0.001	 batterySag: 0.66	link quality: 44	flight time: 29s	pos -0.06 -0.04 -0.01	yaw: 0.73	msg/s 0.0
INFO: 01-08-2022 17:23:27 printStatus(167) -- Drogno_3: ready	battery: 3.96	kalman var: 0.007 0.007 0.002	 batterySag: 0.66	link quality: 44	flight time: 29s	pos -0.04 -0.05 -0.02	yaw: 0.71	msg/s 0.0
INFO: 01-08-2022 17:23:28 printStatus(167) -- Drogno_3: ready	battery: 3.96	kalman var: 0.003 0.003 0.001	 batterySag: 0.66	link quality: 45	flight time: 29s	pos -0.05 -0.05 -0.01	yaw: 0.71	msg/s 0.0
INFO: 01-08-2022 17:23:29 printStatus(167) -- Drogno_3: ready	battery: 3.96	kalman var: 0.001 0.001 0.001	 batterySag: 0.66	link quality: 46	flight time: 29s	pos -0.06 -0.04 -0.01	yaw: 0.68	msg/s 0.0
INFO: 01-08-2022 17:23:30 printStatus(167) -- Drogno_3: ready	battery: 3.96	kalman var: 0.002 0.002 0.001	 batterySag: 0.66	link quality: 44	flight time: 29s	pos -0.06 -0.05 -0.01	yaw: 0.68	msg/s 0.0
INFO: 01-08-2022 17:23:31 printStatus(167) -- Drogno_3: ready	battery: 3.96	kalman var: 0.001 0.001 0.001	 batterySag: 0.66	link quality: 44	flight time: 29s	pos -0.06 -0.04 -0.01	yaw: 0.71	msg/s 0.0
INFO: 01-08-2022 17:23:32 printStatus(167) -- Drogno_3: ready	battery: 3.96	kalman var: 0.006 0.006 0.002	 batterySag: 0.66	link quality: 44	flight time: 29s	pos -0.04 -0.05 -0.01	yaw: 0.71	msg/s 0.0
INFO: 01-08-2022 17:23:33 printStatus(167) -- Drogno_3: BAD kalman	battery: 3.96	kalman var: 0.017 0.017 0.003	 batterySag: 0.66	link quality: 44	flight time: 29s	pos -0.01 -0.07 -0.03	yaw: 0.69	msg/s 0.0
INFO: 01-08-2022 17:23:34 printStatus(167) -- Drogno_3: BAD kalman	battery: 3.96	kalman var: 0.037 0.037 0.004	 batterySag: 0.66	link quality: 44	flight time: 29s	pos 0.03 -0.10 -0.06	yaw: 0.72	msg/s 0.0
INFO: 01-08-2022 17:23:36 printStatus(167) -- Drogno_3: ready	battery: 3.96	kalman var: 0.007 0.007 0.002	 batterySag: 0.66	link quality: 44	flight time: 29s	pos -0.06 -0.05 -0.01	yaw: 0.72	msg/s 0.0
INFO: 01-08-2022 17:23:37 printStatus(167) -- Drogno_3: ready	battery: 3.96	kalman var: 0.001 0.001 0.001	 batterySag: 0.66	link quality: 44	flight time: 29s	pos -0.06 -0.04 -0.00	yaw: 0.72	msg/s 0.0
INFO: 01-08-2022 17:23:38 printStatus(167) -- Drogno_3: ready	battery: 3.96	kalman var: 0.005 0.005 0.002	 batterySag: 0.66	link quality: 44	flight time: 29s	pos -0.04 -0.05 -0.01	yaw: 0.73	msg/s 0.0
INFO: 01-08-2022 17:23:39 printStatus(167) -- Drogno_3: ready	battery: 3.96	kalman var: 0.001 0.001 0.001	 batterySag: 0.66	link quality: 44	flight time: 29s	pos -0.06 -0.04 -0.01	yaw: 0.69	msg/s 0.0
INFO: 01-08-2022 17:23:40 printStatus(167) -- Drogno_3: ready	battery: 3.96	kalman var: 0.001 0.001 0.001	 batterySag: 0.66	link quality: 44	flight time: 29s	pos -0.06 -0.04 -0.01	yaw: 0.70	msg/s 0.0
INFO: 01-08-2022 17:23:41 printStatus(167) -- Drogno_3: ready	battery: 3.96	kalman var: 0.001 0.001 0.001	 batterySag: 0.66	link quality: 44	flight time: 29s	pos -0.06 -0.05 -0.01	yaw: 0.70	msg/s 0.0
INFO: 01-08-2022 17:23:42 printStatus(167) -- Drogno_3: ready	battery: 3.96	kalman var: 0.005 0.005 0.002	 batterySag: 0.66	link quality: 44	flight time: 29s	pos -0.05 -0.06 -0.02	yaw: 0.70	msg/s 0.0
INFO: 01-08-2022 17:23:43 printStatus(167) -- Drogno_3: ready	battery: 3.96	kalman var: 0.002 0.002 0.001	 batterySag: 0.66	link quality: 44	flight time: 29s	pos -0.06 -0.05 -0.01	yaw: 0.68	msg/s 0.0
INFO: 01-08-2022 17:23:44 printStatus(167) -- Drogno_3: ready	battery: 3.96	kalman var: 0.008 0.008 0.002	 batterySag: 0.66	link quality: 44	flight time: 29s	pos -0.05 -0.05 -0.02	yaw: 0.70	msg/s 0.0
INFO: 01-08-2022 17:23:46 printStatus(167) -- Drogno_3: BAD kalman	battery: 3.96	kalman var: 0.021 0.021 0.003	 batterySag: 0.66	link quality: 44	flight time: 29s	pos -0.03 -0.08 -0.05	yaw: 0.70	msg/s 0.0
INFO: 01-08-2022 17:23:47 printStatus(167) -- Drogno_3: ready	battery: 3.96	kalman var: 0.001 0.001 0.001	 batterySag: 0.66	link quality: 44	flight time: 29s	pos -0.06 -0.04 -0.01	yaw: 0.72	msg/s 0.0
INFO: 01-08-2022 17:23:48 printStatus(167) -- Drogno_3: ready	battery: 3.96	kalman var: 0.001 0.001 0.001	 batterySag: 0.66	link quality: 44	flight time: 29s	pos -0.06 -0.04 -0.01	yaw: 0.71	msg/s 0.0
INFO: 01-08-2022 17:23:49 printStatus(167) -- Drogno_3: ready	battery: 3.96	kalman var: 0.002 0.002 0.001	 batterySag: 0.66	link quality: 44	flight time: 29s	pos -0.06 -0.05 -0.01	yaw: 0.72	msg/s 0.0
INFO: 01-08-2022 17:23:50 printStatus(167) -- Drogno_3: ready	battery: 3.96	kalman var: 0.001 0.001 0.001	 batterySag: 0.66	link quality: 44	flight time: 29s	pos -0.06 -0.04 -0.00	yaw: 0.70	msg/s 0.0
INFO: 01-08-2022 17:23:51 printStatus(167) -- Drogno_3: ready	battery: 3.96	kalman var: 0.002 0.002 0.001	 batterySag: 0.66	link quality: 44	flight time: 29s	pos -0.06 -0.05 -0.01	yaw: 0.69	msg/s 0.0
INFO: 01-08-2022 17:23:52 printStatus(167) -- Drogno_3: ready	battery: 3.96	kalman var: 0.009 0.009 0.002	 batterySag: 0.66	link quality: 44	flight time: 29s	pos -0.04 -0.06 -0.02	yaw: 0.72	msg/s 0.0
INFO: 01-08-2022 17:23:53 printStatus(167) -- Drogno_3: BAD kalman	battery: 3.96	kalman var: 0.025 0.025 0.004	 batterySag: 0.66	link quality: 44	flight time: 29s	pos -0.01 -0.08 -0.04	yaw: 0.72	msg/s 0.0
INFO: 01-08-2022 17:23:54 printStatus(167) -- Drogno_3: BAD kalman	battery: 3.96	kalman var: 0.05 0.05 0.005	 batterySag: 0.66	link quality: 44	flight time: 29s	pos 0.04 -0.11 -0.07	yaw: 0.75	msg/s 0.0
INFO: 01-08-2022 17:23:55 printStatus(167) -- Drogno_3: ready	battery: 3.96	kalman var: 0.006 0.006 0.002	 batterySag: 0.66	link quality: 44	flight time: 29s	pos -0.06 -0.04 -0.01	yaw: 0.72	msg/s 0.0
INFO: 01-08-2022 17:23:57 printStatus(167) -- Drogno_3: ready	battery: 3.96	kalman var: 0.002 0.002 0.001	 batterySag: 0.66	link quality: 44	flight time: 29s	pos -0.06 -0.05 -0.01	yaw: 0.71	msg/s 0.0
INFO: 01-08-2022 17:23:58 printStatus(167) -- Drogno_3: ready	battery: 3.96	kalman var: 0.001 0.001 0.001	 batterySag: 0.66	link quality: 44	flight time: 29s	pos -0.06 -0.04 -0.01	yaw: 0.71	msg/s 0.0
INFO: 01-08-2022 17:23:59 printStatus(167) -- Drogno_3: ready	battery: 3.96	kalman var: 0.005 0.005 0.002	 batterySag: 0.66	link quality: 44	flight time: 29s	pos -0.05 -0.06 -0.01	yaw: 0.69	msg/s 0.0
INFO: 01-08-2022 17:24:00 printStatus(167) -- Drogno_3: ready	battery: 3.96	kalman var: 0.002 0.002 0.001	 batterySag: 0.66	link quality: 44	flight time: 29s	pos -0.06 -0.05 -0.01	yaw: 0.66	msg/s 0.0
INFO: 01-08-2022 17:24:01 printStatus(167) -- Drogno_3: ready	battery: 3.96	kalman var: 0.001 0.001 0.001	 batterySag: 0.66	link quality: 44	flight time: 29s	pos -0.06 -0.04 -0.00	yaw: 0.69	msg/s 0.0
INFO: 01-08-2022 17:24:02 printStatus(167) -- Drogno_3: ready	battery: 3.96	kalman var: 0.005 0.005 0.002	 batterySag: 0.66	link quality: 44	flight time: 29s	pos -0.05 -0.05 -0.01	yaw: 0.70	msg/s 0.0
INFO: 01-08-2022 17:24:03 printStatus(167) -- Drogno_3: ready	battery: 3.96	kalman var: 0.001 0.001 0.001	 batterySag: 0.66	link quality: 44	flight time: 29s	pos -0.06 -0.04 -0.01	yaw: 0.70	msg/s 0.0
INFO: 01-08-2022 17:24:04 printStatus(167) -- Drogno_3: ready	battery: 3.96	kalman var: 0.007 0.007 0.002	 batterySag: 0.66	link quality: 44	flight time: 29s	pos -0.04 -0.05 -0.02	yaw: 0.71	msg/s 0.0
INFO: 01-08-2022 17:24:05 printStatus(167) -- Drogno_3: ready	battery: 3.96	kalman var: 0.001 0.001 0.001	 batterySag: 0.66	link quality: 44	flight time: 29s	pos -0.06 -0.04 -0.01	yaw: 0.70	msg/s 0.0
INFO: 01-08-2022 17:24:07 printStatus(167) -- Drogno_3: ready	battery: 3.96	kalman var: 0.001 0.001 0.001	 batterySag: 0.66	link quality: 44	flight time: 29s	pos -0.06 -0.04 -0.01	yaw: 0.71	msg/s 0.0
INFO: 01-08-2022 17:24:08 printStatus(167) -- Drogno_3: ready	battery: 3.96	kalman var: 0.003 0.003 0.001	 batterySag: 0.66	link quality: 44	flight time: 29s	pos -0.05 -0.05 -0.01	yaw: 0.69	msg/s 0.0
INFO: 01-08-2022 17:24:09 printStatus(167) -- Drogno_3: ready	battery: 3.96	kalman var: 0.001 0.001 0.001	 batterySag: 0.66	link quality: 44	flight time: 29s	pos -0.06 -0.04 -0.00	yaw: 0.69	msg/s 0.0
INFO: 01-08-2022 17:24:10 printStatus(167) -- Drogno_3: ready	battery: 3.96	kalman var: 0.004 0.004 0.002	 batterySag: 0.66	link quality: 44	flight time: 29s	pos -0.05 -0.05 -0.01	yaw: 0.68	msg/s 0.0
INFO: 01-08-2022 17:24:11 printStatus(167) -- Drogno_3: ready	battery: 3.96	kalman var: 0.002 0.002 0.001	 batterySag: 0.66	link quality: 44	flight time: 29s	pos -0.06 -0.05 -0.01	yaw: 0.71	msg/s 0.0
INFO: 01-08-2022 17:24:12 printStatus(167) -- Drogno_3: ready	battery: 3.96	kalman var: 0.008 0.008 0.002	 batterySag: 0.66	link quality: 44	flight time: 29s	pos -0.05 -0.07 -0.02	yaw: 0.67	msg/s 0.0
INFO: 01-08-2022 17:24:13 printStatus(167) -- Drogno_3: ready	battery: 3.96	kalman var: 0.002 0.002 0.001	 batterySag: 0.66	link quality: 44	flight time: 29s	pos -0.05 -0.05 -0.01	yaw: 0.72	msg/s 0.0
INFO: 01-08-2022 17:24:14 printStatus(167) -- Drogno_3: ready	battery: 3.96	kalman var: 0.01 0.01 0.002	 batterySag: 0.66	link quality: 44	flight time: 29s	pos -0.04 -0.06 -0.02	yaw: 0.70	msg/s 0.0
INFO: 01-08-2022 17:24:15 printStatus(167) -- Drogno_3: ready	battery: 3.96	kalman var: 0.003 0.003 0.001	 batterySag: 0.66	link quality: 44	flight time: 29s	pos -0.05 -0.05 -0.01	yaw: 0.71	msg/s 0.0
INFO: 01-08-2022 17:24:16 printStatus(167) -- Drogno_3: ready	battery: 3.96	kalman var: 0.001 0.001 0.001	 batterySag: 0.66	link quality: 44	flight time: 29s	pos -0.06 -0.04 -0.01	yaw: 0.70	msg/s 0.0
INFO: 01-08-2022 17:24:18 printStatus(167) -- Drogno_3: ready	battery: 3.96	kalman var: 0.006 0.006 0.002	 batterySag: 0.66	link quality: 44	flight time: 29s	pos -0.05 -0.05 -0.02	yaw: 0.68	msg/s 0.0
INFO: 01-08-2022 17:24:19 printStatus(167) -- Drogno_3: ready	battery: 3.96	kalman var: 0.001 0.001 0.001	 batterySag: 0.66	link quality: 44	flight time: 29s	pos -0.06 -0.04 -0.01	yaw: 0.68	msg/s 0.0
INFO: 01-08-2022 17:24:20 printStatus(167) -- Drogno_3: ready	battery: 3.96	kalman var: 0.006 0.006 0.002	 batterySag: 0.66	link quality: 44	flight time: 29s	pos -0.04 -0.05 -0.02	yaw: 0.69	msg/s 0.0
INFO: 01-08-2022 17:24:21 printStatus(167) -- Drogno_3: ready	battery: 3.96	kalman var: 0.002 0.002 0.001	 batterySag: 0.66	link quality: 44	flight time: 29s	pos -0.06 -0.05 -0.01	yaw: 0.68	msg/s 0.0
INFO: 01-08-2022 17:24:22 printStatus(167) -- Drogno_3: ready	battery: 3.96	kalman var: 0.001 0.001 0.001	 batterySag: 0.66	link quality: 44	flight time: 29s	pos -0.06 -0.04 -0.00	yaw: 0.69	msg/s 0.0
INFO: 01-08-2022 17:24:23 printStatus(167) -- Drogno_3: ready	battery: 3.96	kalman var: 0.004 0.004 0.002	 batterySag: 0.66	link quality: 44	flight time: 29s	pos -0.06 -0.05 -0.01	yaw: 0.71	msg/s 0.0
INFO: 01-08-2022 17:24:24 printStatus(167) -- Drogno_3: ready	battery: 3.96	kalman var: 0.001 0.001 0.001	 batterySag: 0.66	link quality: 44	flight time: 29s	pos -0.06 -0.04 -0.00	yaw: 0.72	msg/s 0.0
INFO: 01-08-2022 17:24:25 printStatus(167) -- Drogno_3: ready	battery: 3.96	kalman var: 0.005 0.005 0.002	 batterySag: 0.66	link quality: 44	flight time: 29s	pos -0.05 -0.05 -0.02	yaw: 0.71	msg/s 0.0
INFO: 01-08-2022 17:24:26 printStatus(167) -- Drogno_3: ready	battery: 3.96	kalman var: 0.003 0.003 0.001	 batterySag: 0.66	link quality: 44	flight time: 29s	pos -0.05 -0.05 -0.01	yaw: 0.70	msg/s 0.0
INFO: 01-08-2022 17:24:28 printStatus(167) -- Drogno_3: ready	battery: 3.96	kalman var: 0.001 0.001 0.001	 batterySag: 0.66	link quality: 44	flight time: 29s	pos -0.06 -0.04 -0.01	yaw: 0.70	msg/s 0.0
INFO: 01-08-2022 17:24:29 printStatus(167) -- Drogno_3: ready	battery: 3.96	kalman var: 0.005 0.005 0.002	 batterySag: 0.66	link quality: 44	flight time: 29s	pos -0.05 -0.05 -0.01	yaw: 0.68	msg/s 0.0
INFO: 01-08-2022 17:24:30 printStatus(167) -- Drogno_3: ready	battery: 3.96	kalman var: 0.001 0.001 0.001	 batterySag: 0.66	link quality: 44	flight time: 29s	pos -0.06 -0.04 -0.00	yaw: 0.71	msg/s 0.0
INFO: 01-08-2022 17:24:31 printStatus(167) -- Drogno_3: ready	battery: 3.96	kalman var: 0.005 0.005 0.002	 batterySag: 0.66	link quality: 44	flight time: 29s	pos -0.05 -0.05 -0.01	yaw: 0.68	msg/s 0.0
