INFO: 11-10-2021 20:22:53 __init__(130) -- This is dronelog running on Drogno_6
INFO: 11-10-2021 20:22:53 printStatus(166) -- Started
INFO: 11-10-2021 20:22:55 printStatus(169) -- Drogno_6: connecting	battery: n.p.	kalman var: 0 0 0	 batterySag: 0	link quality: 0	flight time: 0s	pos 0.00 0.00 0.00	yaw: 0.00	msg/s 0.0
INFO: 11-10-2021 20:22:56 printStatus(169) -- Drogno_6: connecting	battery: n.p.	kalman var: 0 0 0	 batterySag: 0	link quality: 0	flight time: 0s	pos 0.00 0.00 0.00	yaw: 0.00	msg/s 0.0
INFO: 11-10-2021 20:22:57 printStatus(169) -- Drogno_6: connecting	battery: n.p.	kalman var: 0 0 0	 batterySag: 0	link quality: 0	flight time: 0s	pos 0.00 0.00 0.00	yaw: 0.00	msg/s 0.0
INFO: 11-10-2021 20:22:58 printStatus(169) -- Drogno_6: connecting	battery: n.p.	kalman var: 0 0 0	 batterySag: 0	link quality: 0	flight time: 0s	pos 0.00 0.00 0.00	yaw: 0.00	msg/s 0.0
INFO: 11-10-2021 20:23:00 printStatus(169) -- Drogno_6: landed	battery: n.p.	kalman var: 0 0 0	 batterySag: 0	link quality: 0	flight time: 0s	pos 0.00 0.00 0.00	yaw: 0.00	msg/s 0.0
INFO: 11-10-2021 20:23:01 printStatus(169) -- Drogno_6: landed	battery: n.p.	kalman var: 0 0 0	 batterySag: 0	link quality: 0	flight time: 0s	pos 0.00 0.00 0.00	yaw: 0.00	msg/s 0.0
INFO: 11-10-2021 20:23:03 printStatus(169) -- Drogno_6: landed	battery: n.p.	kalman var: 0 0 0	 batterySag: 0	link quality: 0	flight time: 0s	pos 0.00 0.00 0.00	yaw: 0.00	msg/s 0.0
INFO: 11-10-2021 20:23:04 printStatus(169) -- Drogno_6: ready	battery: 4.16	kalman var: 0.005 0.005 0.001	 batterySag: 0.744140625	link quality: 65	flight time: 0s	pos 0.21 -0.83 0.01	yaw: 3.28	msg/s 0.0
INFO: 11-10-2021 20:23:06 printStatus(169) -- Drogno_6: ready	battery: 4.16	kalman var: 0.0 0.0 0.0	 batterySag: 0.744140625	link quality: 65	flight time: 0s	pos 0.23 -0.83 0.01	yaw: 3.37	msg/s 0.0
INFO: 11-10-2021 20:23:07 printStatus(169) -- Drogno_6: ready	battery: 4.16	kalman var: 0.0 0.0 0.0	 batterySag: 0.744140625	link quality: 65	flight time: 0s	pos 0.22 -0.83 0.01	yaw: 3.29	msg/s 0.0
INFO: 11-10-2021 20:23:09 printStatus(169) -- Drogno_6: ready	battery: 4.16	kalman var: 0.0 0.0 0.0	 batterySag: 0.744140625	link quality: 66	flight time: 0s	pos 0.23 -0.83 0.01	yaw: 3.40	msg/s 0.0
INFO: 11-10-2021 20:23:10 printStatus(169) -- Drogno_6: ready	battery: 4.16	kalman var: 0.0 0.0 0.0	 batterySag: 0.744140625	link quality: 65	flight time: 0s	pos 0.23 -0.83 0.01	yaw: 3.37	msg/s 0.0
INFO: 11-10-2021 20:23:11 printStatus(169) -- Drogno_6: ready	battery: 4.16	kalman var: 0.0 0.0 0.001	 batterySag: 0.744140625	link quality: 64	flight time: 0s	pos 0.22 -0.83 0.01	yaw: 3.31	msg/s 0.0
INFO: 11-10-2021 20:23:12 printStatus(169) -- Drogno_6: ready	battery: 4.16	kalman var: 0.0 0.0 0.0	 batterySag: 0.744140625	link quality: 64	flight time: 0s	pos 0.23 -0.83 0.01	yaw: 3.36	msg/s 0.0
INFO: 11-10-2021 20:23:13 printStatus(169) -- Drogno_6: ready	battery: 4.16	kalman var: 0.0 0.0 0.0	 batterySag: 0.744140625	link quality: 65	flight time: 0s	pos 0.23 -0.83 0.01	yaw: 3.30	msg/s 0.0
INFO: 11-10-2021 20:23:14 printStatus(169) -- Drogno_6: ready	battery: 4.16	kalman var: 0.0 0.0 0.0	 batterySag: 0.744140625	link quality: 65	flight time: 0s	pos 0.23 -0.83 0.01	yaw: 3.36	msg/s 0.0
INFO: 11-10-2021 20:23:15 printStatus(169) -- Drogno_6: ready	battery: 4.16	kalman var: 0.0 0.0 0.0	 batterySag: 0.744140625	link quality: 63	flight time: 0s	pos 0.22 -0.83 0.01	yaw: 3.39	msg/s 0.0
INFO: 11-10-2021 20:23:17 printStatus(169) -- Drogno_6: ready	battery: 4.16	kalman var: 0.0 0.0 0.0	 batterySag: 0.744140625	link quality: 63	flight time: 0s	pos 0.23 -0.83 0.01	yaw: 3.34	msg/s 0.0
INFO: 11-10-2021 20:23:18 printStatus(169) -- Drogno_6: ready	battery: 4.16	kalman var: 0.0 0.0 0.0	 batterySag: 0.744140625	link quality: 63	flight time: 0s	pos 0.23 -0.83 0.01	yaw: 3.34	msg/s 0.0
INFO: 11-10-2021 20:23:19 printStatus(169) -- Drogno_6: ready	battery: 4.16	kalman var: 0.0 0.0 0.0	 batterySag: 0.744140625	link quality: 63	flight time: 0s	pos 0.23 -0.83 0.01	yaw: 3.35	msg/s 0.0
INFO: 11-10-2021 20:23:21 printStatus(169) -- Drogno_6: ready	battery: 4.16	kalman var: 0.0 0.0 0.0	 batterySag: 0.744140625	link quality: 66	flight time: 0s	pos 0.23 -0.83 0.01	yaw: 3.36	msg/s 0.0
INFO: 11-10-2021 20:23:22 printStatus(169) -- Drogno_6: ready	battery: 4.16	kalman var: 0.0 0.0 0.0	 batterySag: 0.744140625	link quality: 65	flight time: 0s	pos 0.23 -0.83 0.01	yaw: 3.38	msg/s 0.0
INFO: 11-10-2021 20:23:23 printStatus(169) -- Drogno_6: ready	battery: 4.16	kalman var: 0.0 0.0 0.0	 batterySag: 0.744140625	link quality: 63	flight time: 0s	pos 0.22 -0.83 0.01	yaw: 3.35	msg/s 0.0
INFO: 11-10-2021 20:23:24 printStatus(169) -- Drogno_6: ready	battery: 4.16	kalman var: 0.0 0.0 0.0	 batterySag: 0.744140625	link quality: 64	flight time: 0s	pos 0.23 -0.83 0.01	yaw: 3.38	msg/s 0.0
INFO: 11-10-2021 20:23:25 printStatus(169) -- Drogno_6: ready	battery: 4.16	kalman var: 0.0 0.0 0.0	 batterySag: 0.744140625	link quality: 64	flight time: 0s	pos 0.22 -0.83 0.01	yaw: 3.35	msg/s 0.0
INFO: 11-10-2021 20:23:26 printStatus(169) -- Drogno_6: ready	battery: 4.16	kalman var: 0.0 0.0 0.001	 batterySag: 0.744140625	link quality: 65	flight time: 0s	pos 0.22 -0.83 0.01	yaw: 3.29	msg/s 0.0
INFO: 11-10-2021 20:23:28 printStatus(169) -- Drogno_6: ready	battery: 4.16	kalman var: 0.0 0.0 0.0	 batterySag: 0.744140625	link quality: 64	flight time: 0s	pos 0.23 -0.83 0.01	yaw: 3.37	msg/s 0.0
INFO: 11-10-2021 20:23:29 printStatus(169) -- Drogno_6: ready	battery: 4.16	kalman var: 0.0 0.0 0.0	 batterySag: 0.744140625	link quality: 64	flight time: 0s	pos 0.23 -0.83 0.01	yaw: 3.36	msg/s 0.0
INFO: 11-10-2021 20:23:30 printStatus(169) -- Drogno_6: ready	battery: 4.16	kalman var: 0.0 0.0 0.0	 batterySag: 0.744140625	link quality: 64	flight time: 0s	pos 0.23 -0.83 0.01	yaw: 3.38	msg/s 0.0
INFO: 11-10-2021 20:23:32 printStatus(169) -- Drogno_6: ready	battery: 4.16	kalman var: 0.0 0.0 0.0	 batterySag: 0.744140625	link quality: 65	flight time: 0s	pos 0.23 -0.83 0.01	yaw: 3.38	msg/s 0.0
INFO: 11-10-2021 20:23:34 printStatus(169) -- Drogno_6: ready	battery: 4.16	kalman var: 0.0 0.0 0.0	 batterySag: 0.744140625	link quality: 64	flight time: 0s	pos 0.22 -0.83 0.01	yaw: 3.33	msg/s 0.0
INFO: 11-10-2021 20:23:36 printStatus(169) -- Drogno_6: ready	battery: 4.16	kalman var: 0.0 0.0 0.0	 batterySag: 0.744140625	link quality: 66	flight time: 0s	pos 0.23 -0.83 0.01	yaw: 3.31	msg/s 0.0
INFO: 11-10-2021 20:23:38 printStatus(169) -- Drogno_6: ready	battery: 4.16	kalman var: 0.0 0.0 0.0	 batterySag: 0.744140625	link quality: 65	flight time: 0s	pos 0.23 -0.83 0.01	yaw: 3.36	msg/s 0.0
INFO: 11-10-2021 20:23:39 printStatus(169) -- Drogno_6: ready	battery: 4.16	kalman var: 0.0 0.0 0.0	 batterySag: 0.744140625	link quality: 64	flight time: 0s	pos 0.23 -0.83 0.01	yaw: 3.38	msg/s 0.0
INFO: 11-10-2021 20:23:40 printStatus(169) -- Drogno_6: ready	battery: 4.16	kalman var: 0.0 0.0 0.0	 batterySag: 0.744140625	link quality: 65	flight time: 0s	pos 0.22 -0.83 0.01	yaw: 3.33	msg/s 0.0
INFO: 11-10-2021 20:23:41 printStatus(169) -- Drogno_6: ready	battery: 4.16	kalman var: 0.0 0.0 0.0	 batterySag: 0.744140625	link quality: 63	flight time: 0s	pos 0.23 -0.83 0.01	yaw: 3.39	msg/s 0.0
INFO: 11-10-2021 20:23:42 printStatus(169) -- Drogno_6: ready	battery: 4.16	kalman var: 0.001 0.001 0.001	 batterySag: 0.744140625	link quality: 63	flight time: 0s	pos 0.22 -0.83 0.01	yaw: 3.31	msg/s 0.0
INFO: 11-10-2021 20:23:44 printStatus(169) -- Drogno_6: ready	battery: 4.16	kalman var: 0.0 0.0 0.0	 batterySag: 0.744140625	link quality: 65	flight time: 0s	pos 0.22 -0.83 0.01	yaw: 3.31	msg/s 0.0
INFO: 11-10-2021 20:23:46 printStatus(169) -- Drogno_6: ready	battery: 4.16	kalman var: 0.0 0.0 0.0	 batterySag: 0.744140625	link quality: 63	flight time: 0s	pos 0.22 -0.83 0.01	yaw: 3.36	msg/s 0.0
INFO: 11-10-2021 20:23:48 printStatus(169) -- Drogno_6: ready	battery: 4.16	kalman var: 0.0 0.0 0.0	 batterySag: 0.744140625	link quality: 61	flight time: 0s	pos 0.23 -0.83 0.01	yaw: 3.39	msg/s 0.0
INFO: 11-10-2021 20:23:49 printStatus(169) -- Drogno_6: ready	battery: 4.16	kalman var: 0.0 0.0 0.0	 batterySag: 0.744140625	link quality: 63	flight time: 0s	pos 0.23 -0.83 0.01	yaw: 3.39	msg/s 0.0
INFO: 11-10-2021 20:23:50 printStatus(169) -- Drogno_6: ready	battery: 4.16	kalman var: 0.0 0.0 0.0	 batterySag: 0.744140625	link quality: 62	flight time: 0s	pos 0.22 -0.83 0.01	yaw: 3.43	msg/s 0.0
INFO: 11-10-2021 20:23:52 printStatus(169) -- Drogno_6: ready	battery: 4.16	kalman var: 0.0 0.0 0.0	 batterySag: 0.744140625	link quality: 63	flight time: 0s	pos 0.23 -0.83 0.01	yaw: 3.50	msg/s 0.0
INFO: 11-10-2021 20:23:53 printStatus(169) -- Drogno_6: ready	battery: 4.16	kalman var: 0.0 0.0 0.0	 batterySag: 0.744140625	link quality: 64	flight time: 0s	pos 0.23 -0.83 0.01	yaw: 3.34	msg/s 0.0
INFO: 11-10-2021 20:23:55 printStatus(169) -- Drogno_6: ready	battery: 4.16	kalman var: 0.0 0.0 0.0	 batterySag: 0.744140625	link quality: 70	flight time: 0s	pos 0.23 -0.83 0.01	yaw: 3.34	msg/s 0.0
INFO: 11-10-2021 20:23:56 printStatus(169) -- Drogno_6: ready	battery: 4.16	kalman var: 0.001 0.001 0.001	 batterySag: 0.744140625	link quality: 63	flight time: 0s	pos 0.22 -0.83 0.01	yaw: 3.32	msg/s 0.0
INFO: 11-10-2021 20:23:57 printStatus(169) -- Drogno_6: ready	battery: 4.16	kalman var: 0.0 0.0 0.0	 batterySag: 0.744140625	link quality: 65	flight time: 0s	pos 0.23 -0.83 0.01	yaw: 3.35	msg/s 0.0
INFO: 11-10-2021 20:23:59 printStatus(169) -- Drogno_6: ready	battery: 4.16	kalman var: 0.001 0.001 0.001	 batterySag: 0.744140625	link quality: 63	flight time: 0s	pos 0.22 -0.83 0.01	yaw: 3.28	msg/s 0.0
INFO: 11-10-2021 20:24:00 printStatus(169) -- Drogno_6: ready	battery: 4.16	kalman var: 0.0 0.0 0.0	 batterySag: 0.744140625	link quality: 63	flight time: 0s	pos 0.22 -0.83 0.01	yaw: 3.33	msg/s 0.0
INFO: 11-10-2021 20:24:02 printStatus(169) -- Drogno_6: ready	battery: 4.16	kalman var: 0.0 0.0 0.001	 batterySag: 0.744140625	link quality: 64	flight time: 0s	pos 0.22 -0.83 0.01	yaw: 3.32	msg/s 0.0
INFO: 11-10-2021 20:24:03 printStatus(169) -- Drogno_6: ready	battery: 4.16	kalman var: 0.0 0.0 0.0	 batterySag: 0.744140625	link quality: 63	flight time: 0s	pos 0.23 -0.83 0.01	yaw: 3.37	msg/s 0.0
INFO: 11-10-2021 20:24:04 printStatus(169) -- Drogno_6: ready	battery: 4.16	kalman var: 0.0 0.0 0.0	 batterySag: 0.744140625	link quality: 65	flight time: 0s	pos 0.23 -0.83 0.01	yaw: 3.34	msg/s 0.0
INFO: 11-10-2021 20:24:05 printStatus(169) -- Drogno_6: ready	battery: 4.16	kalman var: 0.0 0.0 0.0	 batterySag: 0.744140625	link quality: 67	flight time: 0s	pos 0.22 -0.83 0.01	yaw: 3.34	msg/s 0.0
INFO: 11-10-2021 20:24:07 printStatus(169) -- Drogno_6: ready	battery: 4.16	kalman var: 0.0 0.0 0.0	 batterySag: 0.744140625	link quality: 63	flight time: 0s	pos 0.23 -0.83 0.01	yaw: 3.34	msg/s 0.0
INFO: 11-10-2021 20:24:08 printStatus(169) -- Drogno_6: ready	battery: 4.16	kalman var: 0.0 0.0 0.0	 batterySag: 0.744140625	link quality: 65	flight time: 0s	pos 0.23 -0.83 0.01	yaw: 3.35	msg/s 0.0
INFO: 11-10-2021 20:24:09 printStatus(169) -- Drogno_6: ready	battery: 4.16	kalman var: 0.0 0.0 0.0	 batterySag: 0.744140625	link quality: 65	flight time: 0s	pos 0.23 -0.83 0.01	yaw: 3.37	msg/s 0.0
INFO: 11-10-2021 20:24:10 printStatus(169) -- Drogno_6: ready	battery: 4.16	kalman var: 0.0 0.0 0.0	 batterySag: 0.744140625	link quality: 65	flight time: 0s	pos 0.23 -0.83 0.01	yaw: 3.35	msg/s 0.0
INFO: 11-10-2021 20:24:11 printStatus(169) -- Drogno_6: ready	battery: 4.16	kalman var: 0.0 0.0 0.0	 batterySag: 0.744140625	link quality: 65	flight time: 0s	pos 0.22 -0.83 0.01	yaw: 3.33	msg/s 0.0
INFO: 11-10-2021 20:24:13 printStatus(169) -- Drogno_6: ready	battery: 4.16	kalman var: 0.0 0.0 0.0	 batterySag: 0.744140625	link quality: 63	flight time: 0s	pos 0.23 -0.83 0.01	yaw: 3.35	msg/s 0.0
INFO: 11-10-2021 20:24:14 printStatus(169) -- Drogno_6: ready	battery: 4.16	kalman var: 0.0 0.0 0.0	 batterySag: 0.744140625	link quality: 65	flight time: 0s	pos 0.23 -0.83 0.01	yaw: 3.36	msg/s 0.0
INFO: 11-10-2021 20:24:15 printStatus(169) -- Drogno_6: ready	battery: 4.16	kalman var: 0.001 0.001 0.001	 batterySag: 0.744140625	link quality: 64	flight time: 0s	pos 0.22 -0.83 0.01	yaw: 3.35	msg/s 0.0
INFO: 11-10-2021 20:24:16 printStatus(169) -- Drogno_6: ready	battery: 4.16	kalman var: 0.0 0.0 0.0	 batterySag: 0.744140625	link quality: 65	flight time: 0s	pos 0.22 -0.83 0.01	yaw: 3.36	msg/s 0.0
INFO: 11-10-2021 20:24:18 printStatus(169) -- Drogno_6: ready	battery: 4.16	kalman var: 0.001 0.001 0.001	 batterySag: 0.744140625	link quality: 64	flight time: 0s	pos 0.22 -0.83 0.01	yaw: 3.32	msg/s 0.0
INFO: 11-10-2021 20:24:19 printStatus(169) -- Drogno_6: ready	battery: 4.16	kalman var: 0.0 0.0 0.0	 batterySag: 0.744140625	link quality: 66	flight time: 0s	pos 0.23 -0.83 0.01	yaw: 3.33	msg/s 0.0
INFO: 11-10-2021 20:24:20 printStatus(169) -- Drogno_6: ready	battery: 4.15	kalman var: 0.0 0.0 0.0	 batterySag: 0.744140625	link quality: 64	flight time: 0s	pos 0.23 -0.83 0.01	yaw: 3.37	msg/s 0.0
INFO: 11-10-2021 20:24:21 printStatus(169) -- Drogno_6: ready	battery: 4.15	kalman var: 0.0 0.0 0.0	 batterySag: 0.744140625	link quality: 63	flight time: 0s	pos 0.22 -0.83 0.01	yaw: 3.38	msg/s 0.0
INFO: 11-10-2021 20:24:22 printStatus(169) -- Drogno_6: ready	battery: 4.15	kalman var: 0.0 0.0 0.0	 batterySag: 0.744140625	link quality: 63	flight time: 0s	pos 0.22 -0.83 0.01	yaw: 3.37	msg/s 0.0
INFO: 11-10-2021 20:24:24 printStatus(169) -- Drogno_6: ready	battery: 4.15	kalman var: 0.0 0.0 0.0	 batterySag: 0.744140625	link quality: 63	flight time: 0s	pos 0.23 -0.83 0.01	yaw: 3.37	msg/s 0.0
INFO: 11-10-2021 20:24:25 printStatus(169) -- Drogno_6: ready	battery: 4.15	kalman var: 0.0 0.0 0.0	 batterySag: 0.744140625	link quality: 64	flight time: 0s	pos 0.23 -0.83 0.01	yaw: 3.34	msg/s 0.0
INFO: 11-10-2021 20:24:26 printStatus(169) -- Drogno_6: ready	battery: 4.15	kalman var: 0.0 0.0 0.0	 batterySag: 0.744140625	link quality: 65	flight time: 0s	pos 0.22 -0.83 0.01	yaw: 3.35	msg/s 0.0
INFO: 11-10-2021 20:24:27 printStatus(169) -- Drogno_6: ready	battery: 4.15	kalman var: 0.0 0.0 0.0	 batterySag: 0.744140625	link quality: 64	flight time: 0s	pos 0.22 -0.83 0.01	yaw: 3.37	msg/s 0.0
INFO: 11-10-2021 20:24:28 printStatus(169) -- Drogno_6: ready	battery: 4.15	kalman var: 0.0 0.0 0.0	 batterySag: 0.744140625	link quality: 63	flight time: 0s	pos 0.23 -0.83 0.01	yaw: 3.33	msg/s 0.0
INFO: 11-10-2021 20:24:29 printStatus(169) -- Drogno_6: ready	battery: 4.15	kalman var: 0.0 0.0 0.0	 batterySag: 0.744140625	link quality: 62	flight time: 0s	pos 0.23 -0.83 0.01	yaw: 3.37	msg/s 0.0
INFO: 11-10-2021 20:24:30 printStatus(169) -- Drogno_6: ready	battery: 4.15	kalman var: 0.001 0.001 0.001	 batterySag: 0.744140625	link quality: 62	flight time: 0s	pos 0.22 -0.83 0.01	yaw: 3.24	msg/s 0.0
INFO: 11-10-2021 20:24:32 printStatus(169) -- Drogno_6: ready	battery: 4.15	kalman var: 0.0 0.0 0.0	 batterySag: 0.744140625	link quality: 60	flight time: 0s	pos 0.22 -0.83 0.01	yaw: 3.38	msg/s 0.0
INFO: 11-10-2021 20:24:34 printStatus(169) -- Drogno_6: ready	battery: 4.15	kalman var: 0.0 0.0 0.001	 batterySag: 0.744140625	link quality: 59	flight time: 0s	pos 0.22 -0.83 0.01	yaw: 3.28	msg/s 0.0
INFO: 11-10-2021 20:24:35 printStatus(169) -- Drogno_6: ready	battery: 4.15	kalman var: 0.0 0.0 0.0	 batterySag: 0.744140625	link quality: 60	flight time: 0s	pos 0.23 -0.83 0.01	yaw: 3.38	msg/s 0.0
INFO: 11-10-2021 20:24:36 printStatus(169) -- Drogno_6: ready	battery: 4.15	kalman var: 0.0 0.0 0.0	 batterySag: 0.744140625	link quality: 60	flight time: 0s	pos 0.22 -0.83 0.01	yaw: 3.30	msg/s 0.0
INFO: 11-10-2021 20:24:38 printStatus(169) -- Drogno_6: ready	battery: 4.15	kalman var: 0.0 0.0 0.0	 batterySag: 0.744140625	link quality: 60	flight time: 0s	pos 0.22 -0.83 0.01	yaw: 3.31	msg/s 0.0
INFO: 11-10-2021 20:24:39 printStatus(169) -- Drogno_6: ready	battery: 4.15	kalman var: 0.0 0.0 0.0	 batterySag: 0.744140625	link quality: 60	flight time: 0s	pos 0.22 -0.83 0.01	yaw: 3.37	msg/s 0.0
INFO: 11-10-2021 20:24:40 printStatus(169) -- Drogno_6: ready	battery: 4.15	kalman var: 0.0 0.0 0.0	 batterySag: 0.744140625	link quality: 61	flight time: 0s	pos 0.23 -0.83 0.01	yaw: 3.35	msg/s 0.0
INFO: 11-10-2021 20:24:42 printStatus(169) -- Drogno_6: ready	battery: 4.15	kalman var: 0.0 0.0 0.0	 batterySag: 0.744140625	link quality: 60	flight time: 0s	pos 0.23 -0.83 0.01	yaw: 3.39	msg/s 0.0
INFO: 11-10-2021 20:24:43 printStatus(169) -- Drogno_6: ready	battery: 4.15	kalman var: 0.0 0.0 0.0	 batterySag: 0.744140625	link quality: 60	flight time: 0s	pos 0.22 -0.83 0.01	yaw: 3.33	msg/s 0.0
INFO: 11-10-2021 20:24:44 printStatus(169) -- Drogno_6: ready	battery: 4.15	kalman var: 0.0 0.0 0.0	 batterySag: 0.744140625	link quality: 61	flight time: 0s	pos 0.23 -0.83 0.01	yaw: 3.33	msg/s 0.0
INFO: 11-10-2021 20:24:45 printStatus(169) -- Drogno_6: ready	battery: 4.15	kalman var: 0.0 0.0 0.0	 batterySag: 0.744140625	link quality: 60	flight time: 0s	pos 0.23 -0.83 0.01	yaw: 3.34	msg/s 0.0
INFO: 11-10-2021 20:24:46 printStatus(169) -- Drogno_6: ready	battery: 4.15	kalman var: 0.0 0.0 0.0	 batterySag: 0.744140625	link quality: 60	flight time: 0s	pos 0.23 -0.83 0.01	yaw: 3.29	msg/s 0.0
INFO: 11-10-2021 20:24:48 printStatus(169) -- Drogno_6: ready	battery: 4.15	kalman var: 0.0 0.0 0.0	 batterySag: 0.744140625	link quality: 61	flight time: 0s	pos 0.22 -0.83 0.01	yaw: 3.34	msg/s 0.0
INFO: 11-10-2021 20:24:49 printStatus(169) -- Drogno_6: ready	battery: 4.15	kalman var: 0.0 0.0 0.001	 batterySag: 0.744140625	link quality: 61	flight time: 0s	pos 0.22 -0.83 0.01	yaw: 3.35	msg/s 0.0
INFO: 11-10-2021 20:24:50 printStatus(169) -- Drogno_6: ready	battery: 4.15	kalman var: 0.001 0.001 0.001	 batterySag: 0.744140625	link quality: 60	flight time: 0s	pos 0.22 -0.83 0.01	yaw: 3.28	msg/s 0.0
INFO: 11-10-2021 20:24:52 printStatus(169) -- Drogno_6: ready	battery: 4.15	kalman var: 0.0 0.0 0.0	 batterySag: 0.744140625	link quality: 61	flight time: 0s	pos 0.22 -0.83 0.01	yaw: 3.38	msg/s 0.0
INFO: 11-10-2021 20:24:53 printStatus(169) -- Drogno_6: ready	battery: 4.15	kalman var: 0.0 0.0 0.0	 batterySag: 0.744140625	link quality: 61	flight time: 0s	pos 0.23 -0.83 0.01	yaw: 3.33	msg/s 0.0
INFO: 11-10-2021 20:24:54 printStatus(169) -- Drogno_6: ready	battery: 4.15	kalman var: 0.0 0.0 0.0	 batterySag: 0.744140625	link quality: 60	flight time: 0s	pos 0.22 -0.83 0.01	yaw: 3.41	msg/s 0.0
INFO: 11-10-2021 20:24:56 printStatus(169) -- Drogno_6: ready	battery: 4.15	kalman var: 0.0 0.0 0.0	 batterySag: 0.744140625	link quality: 60	flight time: 0s	pos 0.23 -0.83 0.01	yaw: 3.38	msg/s 0.0
INFO: 11-10-2021 20:24:57 printStatus(169) -- Drogno_6: ready	battery: 4.15	kalman var: 0.0 0.0 0.0	 batterySag: 0.744140625	link quality: 61	flight time: 0s	pos 0.23 -0.83 0.01	yaw: 3.38	msg/s 0.0
INFO: 11-10-2021 20:24:58 printStatus(169) -- Drogno_6: ready	battery: 4.15	kalman var: 0.0 0.0 0.0	 batterySag: 0.744140625	link quality: 61	flight time: 0s	pos 0.22 -0.83 0.01	yaw: 3.43	msg/s 0.0
INFO: 11-10-2021 20:24:59 printStatus(169) -- Drogno_6: ready	battery: 4.15	kalman var: 0.0 0.0 0.0	 batterySag: 0.744140625	link quality: 61	flight time: 0s	pos 0.23 -0.83 0.01	yaw: 3.37	msg/s 0.0
INFO: 11-10-2021 20:25:00 printStatus(169) -- Drogno_6: ready	battery: 4.15	kalman var: 0.0 0.0 0.0	 batterySag: 0.744140625	link quality: 61	flight time: 0s	pos 0.23 -0.83 0.01	yaw: 3.39	msg/s 0.0
INFO: 11-10-2021 20:25:02 printStatus(169) -- Drogno_6: ready	battery: 4.15	kalman var: 0.0 0.0 0.0	 batterySag: 0.744140625	link quality: 61	flight time: 0s	pos 0.22 -0.83 0.01	yaw: 3.33	msg/s 0.0
INFO: 11-10-2021 20:25:04 printStatus(169) -- Drogno_6: ready	battery: 4.15	kalman var: 0.0 0.0 0.0	 batterySag: 0.744140625	link quality: 60	flight time: 0s	pos 0.22 -0.83 0.01	yaw: 3.36	msg/s 0.0
INFO: 11-10-2021 20:25:05 printStatus(169) -- Drogno_6: ready	battery: 4.15	kalman var: 0.0 0.0 0.001	 batterySag: 0.744140625	link quality: 60	flight time: 0s	pos 0.22 -0.83 0.01	yaw: 3.38	msg/s 0.0
INFO: 11-10-2021 20:25:06 printStatus(169) -- Drogno_6: ready	battery: 4.15	kalman var: 0.0 0.0 0.0	 batterySag: 0.744140625	link quality: 61	flight time: 0s	pos 0.23 -0.83 0.01	yaw: 3.36	msg/s 0.0
INFO: 11-10-2021 20:25:07 printStatus(169) -- Drogno_6: ready	battery: 4.15	kalman var: 0.0 0.0 0.0	 batterySag: 0.744140625	link quality: 61	flight time: 0s	pos 0.22 -0.83 0.01	yaw: 3.38	msg/s 0.0
INFO: 11-10-2021 20:25:08 printStatus(169) -- Drogno_6: ready	battery: 4.15	kalman var: 0.001 0.001 0.001	 batterySag: 0.744140625	link quality: 60	flight time: 0s	pos 0.22 -0.83 0.01	yaw: 3.29	msg/s 0.0
INFO: 11-10-2021 20:25:10 printStatus(169) -- Drogno_6: ready	battery: 4.15	kalman var: 0.0 0.0 0.0	 batterySag: 0.744140625	link quality: 61	flight time: 0s	pos 0.22 -0.83 0.01	yaw: 3.36	msg/s 0.0
INFO: 11-10-2021 20:25:11 printStatus(169) -- Drogno_6: ready	battery: 4.15	kalman var: 0.0 0.0 0.0	 batterySag: 0.744140625	link quality: 61	flight time: 0s	pos 0.23 -0.83 0.01	yaw: 3.38	msg/s 0.0
INFO: 11-10-2021 20:25:12 printStatus(169) -- Drogno_6: ready	battery: 4.15	kalman var: 0.0 0.0 0.0	 batterySag: 0.744140625	link quality: 60	flight time: 0s	pos 0.23 -0.83 0.01	yaw: 3.31	msg/s 0.0
INFO: 11-10-2021 20:25:13 printStatus(169) -- Drogno_6: ready	battery: 4.15	kalman var: 0.0 0.0 0.0	 batterySag: 0.744140625	link quality: 60	flight time: 0s	pos 0.23 -0.83 0.01	yaw: 3.37	msg/s 0.0
INFO: 11-10-2021 20:25:15 printStatus(169) -- Drogno_6: ready	battery: 4.15	kalman var: 0.0 0.0 0.001	 batterySag: 0.744140625	link quality: 61	flight time: 0s	pos 0.22 -0.83 0.01	yaw: 3.34	msg/s 0.0
INFO: 11-10-2021 20:25:16 printStatus(169) -- Drogno_6: ready	battery: 4.15	kalman var: 0.0 0.0 0.0	 batterySag: 0.744140625	link quality: 61	flight time: 0s	pos 0.22 -0.83 0.01	yaw: 3.38	msg/s 0.0
INFO: 11-10-2021 20:25:17 printStatus(169) -- Drogno_6: ready	battery: 4.15	kalman var: 0.0 0.0 0.0	 batterySag: 0.744140625	link quality: 61	flight time: 0s	pos 0.22 -0.83 0.01	yaw: 3.33	msg/s 0.0
INFO: 11-10-2021 20:25:19 printStatus(169) -- Drogno_6: ready	battery: 4.15	kalman var: 0.0 0.0 0.0	 batterySag: 0.744140625	link quality: 61	flight time: 0s	pos 0.22 -0.83 0.01	yaw: 3.34	msg/s 0.0
INFO: 11-10-2021 20:25:20 printStatus(169) -- Drogno_6: ready	battery: 4.15	kalman var: 0.0 0.0 0.0	 batterySag: 0.744140625	link quality: 62	flight time: 0s	pos 0.22 -0.83 0.01	yaw: 3.37	msg/s 0.0
INFO: 11-10-2021 20:25:22 printStatus(169) -- Drogno_6: ready	battery: 4.15	kalman var: 0.001 0.001 0.001	 batterySag: 0.744140625	link quality: 59	flight time: 0s	pos 0.22 -0.82 0.01	yaw: 3.35	msg/s 0.0
INFO: 11-10-2021 20:25:23 printStatus(169) -- Drogno_6: ready	battery: 4.15	kalman var: 0.0 0.0 0.0	 batterySag: 0.744140625	link quality: 60	flight time: 0s	pos 0.22 -0.83 0.01	yaw: 3.36	msg/s 0.0
INFO: 11-10-2021 20:25:24 printStatus(169) -- Drogno_6: ready	battery: 4.15	kalman var: 0.0 0.0 0.0	 batterySag: 0.744140625	link quality: 61	flight time: 0s	pos 0.22 -0.83 0.01	yaw: 3.37	msg/s 0.0
INFO: 11-10-2021 20:25:25 printStatus(169) -- Drogno_6: ready	battery: 4.15	kalman var: 0.0 0.0 0.0	 batterySag: 0.744140625	link quality: 58	flight time: 0s	pos 0.23 -0.83 0.01	yaw: 3.38	msg/s 0.0
INFO: 11-10-2021 20:25:27 printStatus(169) -- Drogno_6: ready	battery: 4.15	kalman var: 0.0 0.0 0.0	 batterySag: 0.744140625	link quality: 59	flight time: 0s	pos 0.22 -0.83 0.01	yaw: 3.37	msg/s 0.0
INFO: 11-10-2021 20:25:28 printStatus(169) -- Drogno_6: ready	battery: 4.15	kalman var: 0.0 0.0 0.0	 batterySag: 0.744140625	link quality: 64	flight time: 0s	pos 0.22 -0.83 0.01	yaw: 3.35	msg/s 0.0
INFO: 11-10-2021 20:25:30 printStatus(169) -- Drogno_6: ready	battery: 4.15	kalman var: 0.0 0.0 0.0	 batterySag: 0.744140625	link quality: 61	flight time: 0s	pos 0.22 -0.83 0.01	yaw: 3.32	msg/s 0.0
INFO: 11-10-2021 20:25:31 printStatus(169) -- Drogno_6: ready	battery: 4.15	kalman var: 0.0 0.0 0.0	 batterySag: 0.744140625	link quality: 60	flight time: 0s	pos 0.22 -0.83 0.01	yaw: 3.35	msg/s 0.0
INFO: 11-10-2021 20:25:33 printStatus(169) -- Drogno_6: ready	battery: 4.15	kalman var: 0.0 0.0 0.0	 batterySag: 0.744140625	link quality: 61	flight time: 0s	pos 0.22 -0.83 0.01	yaw: 3.36	msg/s 0.0
INFO: 11-10-2021 20:25:34 printStatus(169) -- Drogno_6: ready	battery: 4.15	kalman var: 0.0 0.0 0.0	 batterySag: 0.744140625	link quality: 61	flight time: 0s	pos 0.23 -0.83 0.01	yaw: 3.41	msg/s 0.0
INFO: 11-10-2021 20:25:36 printStatus(169) -- Drogno_6: ready	battery: 4.15	kalman var: 0.0 0.0 0.0	 batterySag: 0.744140625	link quality: 61	flight time: 0s	pos 0.22 -0.83 0.01	yaw: 3.36	msg/s 0.0
INFO: 11-10-2021 20:25:37 printStatus(169) -- Drogno_6: ready	battery: 4.15	kalman var: 0.0 0.0 0.0	 batterySag: 0.744140625	link quality: 59	flight time: 0s	pos 0.23 -0.83 0.01	yaw: 3.39	msg/s 0.0
INFO: 11-10-2021 20:25:38 printStatus(169) -- Drogno_6: ready	battery: 4.15	kalman var: 0.001 0.001 0.001	 batterySag: 0.744140625	link quality: 61	flight time: 0s	pos 0.22 -0.83 0.01	yaw: 3.32	msg/s 0.0
INFO: 11-10-2021 20:25:40 printStatus(169) -- Drogno_6: ready	battery: 4.15	kalman var: 0.0 0.0 0.0	 batterySag: 0.744140625	link quality: 61	flight time: 0s	pos 0.23 -0.83 0.01	yaw: 3.31	msg/s 0.0
INFO: 11-10-2021 20:25:41 printStatus(169) -- Drogno_6: ready	battery: 3.79	kalman var: 0.0 0.0 0.0	 batterySag: 0.744140625	link quality: 59	flight time: 0s	pos 0.25 -0.83 0.54	yaw: -0.57	msg/s 0.0
INFO: 11-10-2021 20:25:42 printStatus(169) -- Drogno_6: ready	battery: 3.75	kalman var: 0.0 0.0 0.0	 batterySag: 0.744140625	link quality: 60	flight time: 2s	pos 0.24 -0.83 0.83	yaw: -0.42	msg/s 0.0
INFO: 11-10-2021 20:25:43 printStatus(169) -- Drogno_6: ready	battery: 3.75	kalman var: 0.0 0.0 0.001	 batterySag: 0.744140625	link quality: 58	flight time: 3s	pos 0.23 -0.82 0.86	yaw: -1.41	msg/s 0.0
INFO: 11-10-2021 20:25:45 printStatus(169) -- Drogno_6: ready	battery: 3.73	kalman var: 0.0 0.0 0.0	 batterySag: 0.744140625	link quality: 56	flight time: 4s	pos 0.24 -0.83 0.85	yaw: -0.71	msg/s 0.0
INFO: 11-10-2021 20:25:46 printStatus(169) -- Drogno_6: ready	battery: 3.72	kalman var: 0.0 0.0 0.001	 batterySag: 0.744140625	link quality: 56	flight time: 5s	pos 0.23 -0.83 0.86	yaw: 3.22	msg/s 0.0
INFO: 11-10-2021 20:25:47 printStatus(169) -- Drogno_6: ready	battery: 3.7	kalman var: 0.0 0.0 0.0	 batterySag: 0.744140625	link quality: 56	flight time: 6s	pos 0.22 -0.83 0.82	yaw: 1.44	msg/s 0.0
INFO: 11-10-2021 20:25:49 printStatus(169) -- Drogno_6: ready	battery: 3.7	kalman var: 0.0 0.0 0.0	 batterySag: 0.744140625	link quality: 58	flight time: 8s	pos 0.24 -0.83 0.82	yaw: -0.96	msg/s 0.0
INFO: 11-10-2021 20:25:50 printStatus(169) -- Drogno_6: hovering	battery: 3.69	kalman var: 0.0 0.0 0.0	 batterySag: 0.744140625	link quality: 60	flight time: 9s	pos 0.25 -0.84 0.82	yaw: 0.97	msg/s 7.2727272727272725
INFO: 11-10-2021 20:25:51 printStatus(169) -- Drogno_6: ready	battery: 3.7	kalman var: 0.001 0.001 0.001	 batterySag: 0.744140625	link quality: 54	flight time: 10s	pos 0.36 -0.12 1.14	yaw: -2.96	msg/s 16.363636363636363
INFO: 11-10-2021 20:25:52 printStatus(169) -- Drogno_6: hovering	battery: 3.64	kalman var: 0.001 0.001 0.001	 batterySag: 0.744140625	link quality: 55	flight time: 12s	pos 0.40 0.12 0.93	yaw: -0.71	msg/s 14.545454545454545
INFO: 11-10-2021 20:25:54 printStatus(169) -- Drogno_6: ready	battery: 3.67	kalman var: 0.0 0.0 0.0	 batterySag: 0.744140625	link quality: 56	flight time: 13s	pos 0.30 0.57 1.21	yaw: 0.31	msg/s 21.818181818181817
INFO: 11-10-2021 20:25:56 printStatus(169) -- Drogno_6: hovering	battery: 3.65	kalman var: 0.003 0.003 0.002	 batterySag: 0.744140625	link quality: 80	flight time: 15s	pos 0.14 0.69 1.02	yaw: 0.34	msg/s 21.818181818181817
INFO: 11-10-2021 20:25:57 printStatus(169) -- Drogno_6: moving	battery: 3.69	kalman var: 0.0 0.0 0.0	 batterySag: 0.744140625	link quality: 71	flight time: 16s	pos 0.00 0.82 1.08	yaw: -0.18	msg/s 20.0
INFO: 11-10-2021 20:25:58 printStatus(169) -- Drogno_6: ready	battery: 3.65	kalman var: 0.001 0.001 0.001	 batterySag: 0.744140625	link quality: 65	flight time: 17s	pos -0.26 0.88 1.12	yaw: 1.69	msg/s 18.18181818181818
INFO: 11-10-2021 20:25:59 printStatus(169) -- Drogno_6: hovering	battery: 3.67	kalman var: 0.001 0.001 0.001	 batterySag: 0.744140625	link quality: 59	flight time: 19s	pos -0.33 0.89 1.09	yaw: -0.16	msg/s 21.818181818181817
INFO: 11-10-2021 20:26:01 printStatus(169) -- Drogno_6: hovering	battery: 3.61	kalman var: 0.001 0.001 0.001	 batterySag: 0.744140625	link quality: 56	flight time: 20s	pos -0.24 0.81 1.12	yaw: 0.94	msg/s 20.0
INFO: 11-10-2021 20:26:02 printStatus(169) -- Drogno_6: hovering	battery: 3.64	kalman var: 0.0 0.0 0.0	 batterySag: 0.744140625	link quality: 61	flight time: 21s	pos 0.14 0.76 1.11	yaw: -1.27	msg/s 18.18181818181818
INFO: 11-10-2021 20:26:03 printStatus(169) -- Drogno_6: hovering	battery: 3.68	kalman var: 0.0 0.0 0.0	 batterySag: 0.744140625	link quality: 64	flight time: 22s	pos -0.29 1.20 0.85	yaw: 0.71	msg/s 21.818181818181817
INFO: 11-10-2021 20:26:04 printStatus(169) -- Drogno_6: hovering	battery: 3.6	kalman var: 0.0 0.0 0.0	 batterySag: 0.744140625	link quality: 56	flight time: 24s	pos -1.15 0.85 0.55	yaw: -0.33	msg/s 20.0
INFO: 11-10-2021 20:26:06 printStatus(169) -- Drogno_6: hovering	battery: 3.59	kalman var: 0.0 0.0 0.0	 batterySag: 0.744140625	link quality: 65	flight time: 25s	pos -1.44 -0.02 0.30	yaw: -3.23	msg/s 20.0
INFO: 11-10-2021 20:26:07 printStatus(169) -- Drogno_6: hovering	battery: 3.62	kalman var: 0.001 0.001 0.001	 batterySag: 0.744140625	link quality: 56	flight time: 26s	pos -0.72 -0.96 0.44	yaw: -0.00	msg/s 21.818181818181817
INFO: 11-10-2021 20:26:08 printStatus(169) -- Drogno_6: hovering	battery: 3.61	kalman var: 0.0 0.0 0.001	 batterySag: 0.744140625	link quality: 66	flight time: 27s	pos 0.15 -0.84 0.72	yaw: 0.16	msg/s 18.18181818181818
INFO: 11-10-2021 20:26:09 printStatus(169) -- Drogno_6: moving	battery: 3.63	kalman var: 0.001 0.001 0.001	 batterySag: 0.744140625	link quality: 60	flight time: 28s	pos 0.69 0.85 1.12	yaw: -0.18	msg/s 21.818181818181817
INFO: 11-10-2021 20:26:10 printStatus(169) -- Drogno_6: hovering	battery: 3.62	kalman var: 0.0 0.0 0.0	 batterySag: 0.744140625	link quality: 68	flight time: 30s	pos 0.75 1.06 1.19	yaw: 0.76	msg/s 21.818181818181817
INFO: 11-10-2021 20:26:11 printStatus(169) -- Drogno_6: hovering	battery: 3.69	kalman var: 0.0 0.0 0.0	 batterySag: 0.744140625	link quality: 67	flight time: 31s	pos 0.58 1.09 1.20	yaw: -1.99	msg/s 20.0
INFO: 11-10-2021 20:26:13 printStatus(169) -- Drogno_6: hovering	battery: 3.55	kalman var: 0.001 0.001 0.001	 batterySag: 0.744140625	link quality: 58	flight time: 32s	pos 0.58 1.09 0.87	yaw: -0.28	msg/s 20.0
INFO: 11-10-2021 20:26:14 printStatus(169) -- Drogno_6: hovering	battery: 3.65	kalman var: 0.001 0.001 0.001	 batterySag: 0.744140625	link quality: 58	flight time: 33s	pos 0.47 0.86 1.29	yaw: 0.40	msg/s 23.636363636363633
INFO: 11-10-2021 20:26:15 printStatus(169) -- Drogno_6: hovering	battery: 3.62	kalman var: 0.001 0.001 0.001	 batterySag: 0.744140625	link quality: 67	flight time: 34s	pos 0.20 0.75 1.04	yaw: -1.63	msg/s 25.454545454545453
INFO: 11-10-2021 20:26:17 printStatus(169) -- Drogno_6: hovering	battery: 3.61	kalman var: 0.003 0.003 0.001	 batterySag: 0.744140625	link quality: 63	flight time: 35s	pos -0.34 0.92 0.66	yaw: 2.74	msg/s 23.636363636363633
INFO: 11-10-2021 20:26:18 printStatus(169) -- Drogno_6: hovering	battery: 3.57	kalman var: 0.001 0.001 0.001	 batterySag: 0.744140625	link quality: 61	flight time: 37s	pos -0.41 0.98 0.54	yaw: 1.30	msg/s 30.909090909090907
INFO: 11-10-2021 20:26:19 printStatus(169) -- Drogno_6: hovering	battery: 3.59	kalman var: 0.004 0.004 0.002	 batterySag: 0.744140625	link quality: 58	flight time: 38s	pos -0.28 1.14 0.78	yaw: -0.29	msg/s 20.0
INFO: 11-10-2021 20:26:21 printStatus(169) -- Drogno_6: hovering	battery: 3.63	kalman var: 0.001 0.001 0.001	 batterySag: 0.744140625	link quality: 67	flight time: 40s	pos -0.07 1.16 0.80	yaw: 0.55	msg/s 23.636363636363633
INFO: 11-10-2021 20:26:22 printStatus(169) -- Drogno_6: moving	battery: 3.57	kalman var: 0.0 0.0 0.0	 batterySag: 0.744140625	link quality: 67	flight time: 41s	pos 0.29 1.14 1.12	yaw: 0.53	msg/s 23.636363636363633
INFO: 11-10-2021 20:26:23 printStatus(169) -- Drogno_6: hovering	battery: 3.57	kalman var: 0.0 0.0 0.0	 batterySag: 0.744140625	link quality: 67	flight time: 42s	pos 0.74 0.44 1.27	yaw: -0.98	msg/s 23.636363636363633
INFO: 11-10-2021 20:26:25 printStatus(169) -- Drogno_6: hovering	battery: 3.57	kalman var: 0.002 0.002 0.001	 batterySag: 0.744140625	link quality: 63	flight time: 44s	pos 1.00 -0.61 1.29	yaw: 1.44	msg/s 27.27272727272727
INFO: 11-10-2021 20:26:26 printStatus(169) -- Drogno_6: hovering	battery: 3.56	kalman var: 0.0 0.0 0.0	 batterySag: 0.744140625	link quality: 61	flight time: 46s	pos 0.64 -0.96 1.33	yaw: -0.13	msg/s 23.636363636363633
INFO: 11-10-2021 20:26:27 printStatus(169) -- Drogno_6: hovering	battery: 3.58	kalman var: 0.0 0.0 0.001	 batterySag: 0.744140625	link quality: 57	flight time: 47s	pos -0.01 -0.97 1.31	yaw: 0.61	msg/s 20.0
INFO: 11-10-2021 20:26:29 printStatus(169) -- Drogno_6: hovering	battery: 3.57	kalman var: 0.0 0.0 0.0	 batterySag: 0.744140625	link quality: 52	flight time: 48s	pos -0.45 -1.02 1.00	yaw: 0.97	msg/s 20.0
INFO: 11-10-2021 20:26:30 printStatus(169) -- Drogno_6: hovering	battery: 3.57	kalman var: 0.0 0.0 0.0	 batterySag: 0.744140625	link quality: 61	flight time: 49s	pos -0.94 -0.93 0.58	yaw: 1.15	msg/s 25.454545454545453
INFO: 11-10-2021 20:26:31 printStatus(169) -- Drogno_6: hovering	battery: 3.55	kalman var: 0.0 0.0 0.0	 batterySag: 0.744140625	link quality: 66	flight time: 50s	pos -1.08 -0.26 0.44	yaw: -0.87	msg/s 21.818181818181817
INFO: 11-10-2021 20:26:32 printStatus(169) -- Drogno_6: hovering	battery: 3.56	kalman var: 0.002 0.002 0.001	 batterySag: 0.744140625	link quality: 56	flight time: 51s	pos -0.62 0.81 0.90	yaw: -0.24	msg/s 23.636363636363633
INFO: 11-10-2021 20:26:34 printStatus(169) -- Drogno_6: moving	battery: 3.55	kalman var: 0.0 0.0 0.0	 batterySag: 0.744140625	link quality: 57	flight time: 53s	pos -0.21 1.09 1.24	yaw: -0.27	msg/s 21.818181818181817
INFO: 11-10-2021 20:26:35 printStatus(169) -- Drogno_6: hovering	battery: 3.57	kalman var: 0.001 0.001 0.001	 batterySag: 0.744140625	link quality: 58	flight time: 55s	pos 0.71 0.48 2.10	yaw: -0.49	msg/s 23.636363636363633
INFO: 11-10-2021 20:26:37 printStatus(169) -- Drogno_6: hovering	battery: 3.56	kalman var: 0.0 0.0 0.0	 batterySag: 0.744140625	link quality: 53	flight time: 56s	pos 0.87 -0.17 2.14	yaw: -0.73	msg/s 25.454545454545453
INFO: 11-10-2021 20:26:38 printStatus(169) -- Drogno_6: hovering	battery: 3.52	kalman var: 0.0 0.0 0.0	 batterySag: 0.744140625	link quality: 55	flight time: 57s	pos 0.53 -0.96 1.82	yaw: 0.35	msg/s 16.363636363636363
INFO: 11-10-2021 20:26:39 printStatus(169) -- Drogno_6: hovering	battery: 3.58	kalman var: 0.001 0.001 0.001	 batterySag: 0.744140625	link quality: 61	flight time: 58s	pos -0.02 -1.27 1.35	yaw: 1.12	msg/s 25.454545454545453
INFO: 11-10-2021 20:26:40 printStatus(169) -- Drogno_6: hovering	battery: 3.55	kalman var: 0.0 0.0 0.0	 batterySag: 0.744140625	link quality: 58	flight time: 59s	pos -0.67 -0.80 1.07	yaw: -0.71	msg/s 23.636363636363633
INFO: 11-10-2021 20:26:41 printStatus(169) -- Drogno_6: hovering	battery: 3.54	kalman var: 0.001 0.001 0.001	 batterySag: 0.744140625	link quality: 58	flight time: 61s	pos -0.55 -0.66 1.20	yaw: 0.43	msg/s 25.454545454545453
INFO: 11-10-2021 20:26:42 printStatus(169) -- Drogno_6: hovering	battery: 3.55	kalman var: 0.0 0.0 0.0	 batterySag: 0.744140625	link quality: 56	flight time: 62s	pos -0.67 -0.70 1.28	yaw: 0.34	msg/s 23.636363636363633
INFO: 11-10-2021 20:26:44 printStatus(169) -- Drogno_6: hovering	battery: 3.53	kalman var: 0.0 0.0 0.0	 batterySag: 0.744140625	link quality: 60	flight time: 63s	pos -0.97 -0.79 1.31	yaw: -0.08	msg/s 21.818181818181817
INFO: 11-10-2021 20:26:45 printStatus(169) -- Drogno_6: hovering	battery: 3.54	kalman var: 0.0 0.0 0.0	 batterySag: 0.744140625	link quality: 57	flight time: 64s	pos -1.34 -0.82 1.32	yaw: 0.07	msg/s 20.0
WARNING: 11-10-2021 20:26:45 evaluateBattery(804) -- battery under 3.50v
WARNING: 11-10-2021 20:26:46 evaluateBattery(804) -- battery under 3.50v
INFO: 11-10-2021 20:26:46 printStatus(169) -- Drogno_6: moving	battery: 3.52	kalman var: 0.0 0.0 0.0	 batterySag: 0.744140625	link quality: 58	flight time: 65s	pos -1.37 -1.45 0.89	yaw: -0.68	msg/s 25.454545454545453
INFO: 11-10-2021 20:26:47 printStatus(169) -- Drogno_6: hovering	battery: 3.55	kalman var: 0.001 0.001 0.001	 batterySag: 0.744140625	link quality: 65	flight time: 67s	pos -0.38 -1.56 0.89	yaw: -0.29	msg/s 23.636363636363633
INFO: 11-10-2021 20:26:49 printStatus(169) -- Drogno_6: hovering	battery: 3.51	kalman var: 0.001 0.001 0.001	 batterySag: 0.744140625	link quality: 61	flight time: 68s	pos 0.36 -1.70 0.75	yaw: -1.51	msg/s 23.636363636363633
INFO: 11-10-2021 20:26:50 printStatus(169) -- Drogno_6: hovering	battery: 3.53	kalman var: 0.003 0.003 0.002	 batterySag: 0.744140625	link quality: 57	flight time: 69s	pos 0.90 -0.78 1.36	yaw: -0.31	msg/s 23.636363636363633
WARNING: 11-10-2021 20:26:51 evaluateBattery(804) -- battery under 3.50v
INFO: 11-10-2021 20:26:51 printStatus(169) -- Drogno_6: hovering	battery: 3.43	kalman var: 0.001 0.001 0.001	 batterySag: 0.744140625	link quality: 62	flight time: 71s	pos 1.28 -1.04 1.12	yaw: 1.59	msg/s 21.818181818181817
WARNING: 11-10-2021 20:26:52 evaluateBattery(804) -- battery under 3.50v
INFO: 11-10-2021 20:26:53 printStatus(169) -- Drogno_6: hovering	battery: 3.53	kalman var: 0.0 0.0 0.001	 batterySag: 0.744140625	link quality: 65	flight time: 72s	pos 0.32 -0.81 1.44	yaw: 1.27	msg/s 25.454545454545453
WARNING: 11-10-2021 20:26:53 evaluateBattery(804) -- battery under 3.50v
WARNING: 11-10-2021 20:26:54 evaluateBattery(804) -- battery under 3.50v
INFO: 11-10-2021 20:26:54 printStatus(169) -- Drogno_6: ready	battery: 3.53	kalman var: 0.001 0.001 0.001	 batterySag: 0.744140625	link quality: 54	flight time: 73s	pos -0.48 -0.85 1.48	yaw: -0.07	msg/s 21.818181818181817
INFO: 11-10-2021 20:26:55 printStatus(169) -- Drogno_6: hovering	battery: 3.51	kalman var: 0.0 0.0 0.0	 batterySag: 0.744140625	link quality: 68	flight time: 75s	pos -0.59 -0.90 1.44	yaw: -0.30	msg/s 25.454545454545453
INFO: 11-10-2021 20:26:56 printStatus(169) -- Drogno_6: hovering	battery: 3.49	kalman var: 0.0 0.0 0.0	 batterySag: 0.744140625	link quality: 58	flight time: 76s	pos -0.40 -1.11 1.32	yaw: -0.39	msg/s 21.818181818181817
WARNING: 11-10-2021 20:26:56 evaluateBattery(804) -- battery under 3.50v
INFO: 11-10-2021 20:26:58 printStatus(169) -- Drogno_6: hovering	battery: 3.5	kalman var: 0.0 0.0 0.001	 batterySag: 0.744140625	link quality: 64	flight time: 77s	pos 0.26 -1.14 1.42	yaw: -0.79	msg/s 21.818181818181817
INFO: 11-10-2021 20:26:59 printStatus(169) -- Drogno_6: hovering	battery: 3.52	kalman var: 0.002 0.002 0.001	 batterySag: 0.744140625	link quality: 57	flight time: 78s	pos 0.57 -1.08 1.54	yaw: 0.44	msg/s 23.636363636363633
INFO: 11-10-2021 20:27:00 printStatus(169) -- Drogno_6: hovering	battery: 3.52	kalman var: 0.001 0.001 0.001	 batterySag: 0.744140625	link quality: 53	flight time: 79s	pos 0.57 -0.98 1.64	yaw: 0.12	msg/s 20.0
INFO: 11-10-2021 20:27:01 printStatus(169) -- Drogno_6: ready	battery: 3.51	kalman var: 0.0 0.0 0.001	 batterySag: 0.744140625	link quality: 54	flight time: 80s	pos 0.50 -0.96 1.67	yaw: 0.41	msg/s 23.636363636363633
INFO: 11-10-2021 20:27:02 printStatus(169) -- Drogno_6: hovering	battery: 3.5	kalman var: 0.001 0.001 0.001	 batterySag: 0.744140625	link quality: 64	flight time: 82s	pos 0.50 -0.97 1.62	yaw: 0.82	msg/s 21.818181818181817
INFO: 11-10-2021 20:27:03 printStatus(169) -- Drogno_6: hovering	battery: 3.52	kalman var: 0.004 0.004 0.002	 batterySag: 0.744140625	link quality: 51	flight time: 83s	pos 0.50 -0.96 1.67	yaw: -1.12	msg/s 29.09090909090909
INFO: 11-10-2021 20:27:04 printStatus(169) -- Drogno_6: hovering	battery: 3.56	kalman var: 0.0 0.0 0.0	 batterySag: 0.744140625	link quality: 52	flight time: 84s	pos 0.50 -0.99 1.56	yaw: -1.37	msg/s 25.454545454545453
INFO: 11-10-2021 20:27:06 printStatus(169) -- Drogno_6: hovering	battery: 3.51	kalman var: 0.001 0.001 0.001	 batterySag: 0.744140625	link quality: 57	flight time: 85s	pos 0.52 -0.96 1.70	yaw: -0.19	msg/s 21.818181818181817
WARNING: 11-10-2021 20:27:07 evaluateBattery(804) -- battery under 3.50v
INFO: 11-10-2021 20:27:07 printStatus(169) -- Drogno_6: hovering	battery: 3.49	kalman var: 0.003 0.003 0.001	 batterySag: 0.744140625	link quality: 60	flight time: 86s	pos 0.50 -0.97 1.68	yaw: 0.67	msg/s 25.454545454545453
WARNING: 11-10-2021 20:27:08 evaluateBattery(804) -- battery under 3.50v
WARNING: 11-10-2021 20:27:08 evaluateBattery(804) -- battery under 3.50v
INFO: 11-10-2021 20:27:08 printStatus(169) -- Drogno_6: hovering	battery: 3.48	kalman var: 0.0 0.0 0.0	 batterySag: 0.744140625	link quality: 61	flight time: 88s	pos 0.51 -0.96 1.62	yaw: 3.48	msg/s 21.818181818181817
WARNING: 11-10-2021 20:27:09 evaluateBattery(804) -- battery under 3.50v
WARNING: 11-10-2021 20:27:10 evaluateBattery(804) -- battery under 3.50v
INFO: 11-10-2021 20:27:10 printStatus(169) -- Drogno_6: hovering	battery: 3.48	kalman var: 0.0 0.0 0.0	 batterySag: 0.744140625	link quality: 58	flight time: 89s	pos 0.52 -0.98 1.61	yaw: 1.17	msg/s 23.636363636363633
WARNING: 11-10-2021 20:27:10 evaluateBattery(804) -- battery under 3.50v
WARNING: 11-10-2021 20:27:11 evaluateBattery(804) -- battery under 3.50v
WARNING: 11-10-2021 20:27:11 evaluateBattery(804) -- battery under 3.50v
INFO: 11-10-2021 20:27:12 printStatus(169) -- Drogno_6: hovering	battery: 3.46	kalman var: 0.001 0.001 0.001	 batterySag: 0.744140625	link quality: 59	flight time: 91s	pos 0.51 -0.96 1.65	yaw: 0.19	msg/s 7.2727272727272725
WARNING: 11-10-2021 20:27:12 evaluateBattery(804) -- battery under 3.50v
WARNING: 11-10-2021 20:27:13 evaluateBattery(804) -- battery under 3.50v
INFO: 11-10-2021 20:27:13 printStatus(169) -- Drogno_6: hovering	battery: 3.44	kalman var: 0.001 0.001 0.001	 batterySag: 0.744140625	link quality: 61	flight time: 92s	pos 0.51 -0.96 1.59	yaw: 0.82	msg/s 5.454545454545454
WARNING: 11-10-2021 20:27:13 evaluateBattery(804) -- battery under 3.50v
WARNING: 11-10-2021 20:27:14 evaluateBattery(804) -- battery under 3.50v
INFO: 11-10-2021 20:27:14 printStatus(169) -- Drogno_6: ready	battery: 3.51	kalman var: 0.001 0.001 0.001	 batterySag: 0.744140625	link quality: 53	flight time: 93s	pos 0.52 -0.98 1.64	yaw: -1.46	msg/s 20.0
WARNING: 11-10-2021 20:27:15 evaluateBattery(804) -- battery under 3.50v
INFO: 11-10-2021 20:27:15 printStatus(169) -- Drogno_6: hovering	battery: 3.4	kalman var: 0.001 0.001 0.001	 batterySag: 0.744140625	link quality: 61	flight time: 94s	pos 0.56 -0.96 1.61	yaw: 0.80	msg/s 23.636363636363633
WARNING: 11-10-2021 20:27:16 evaluateBattery(804) -- battery under 3.50v
WARNING: 11-10-2021 20:27:16 evaluateBattery(804) -- battery under 3.50v
INFO: 11-10-2021 20:27:17 printStatus(169) -- Drogno_6: hovering	battery: 3.41	kalman var: 0.001 0.001 0.001	 batterySag: 0.744140625	link quality: 56	flight time: 96s	pos 0.55 -0.95 1.54	yaw: -0.16	msg/s 23.636363636363633
WARNING: 11-10-2021 20:27:17 evaluateBattery(804) -- battery under 3.50v
INFO: 11-10-2021 20:27:18 printStatus(169) -- Drogno_6: hovering	battery: 3.48	kalman var: 0.001 0.001 0.001	 batterySag: 0.744140625	link quality: 58	flight time: 97s	pos 0.56 -0.98 1.60	yaw: -0.25	msg/s 27.27272727272727
WARNING: 11-10-2021 20:27:19 evaluateBattery(804) -- battery under 3.50v
INFO: 11-10-2021 20:27:19 printStatus(169) -- Drogno_6: hovering	battery: 3.47	kalman var: 0.003 0.003 0.002	 batterySag: 0.744140625	link quality: 58	flight time: 99s	pos 0.49 -0.96 1.68	yaw: -1.25	msg/s 25.454545454545453
WARNING: 11-10-2021 20:27:19 evaluateBattery(804) -- battery under 3.50v
WARNING: 11-10-2021 20:27:20 evaluateBattery(804) -- battery under 3.50v
INFO: 11-10-2021 20:27:20 printStatus(169) -- Drogno_6: BAD kalman	battery: 3.47	kalman var: 0.011 0.011 0.003	 batterySag: 0.744140625	link quality: 53	flight time: 100s	pos 0.50 -0.97 1.67	yaw: 0.13	msg/s 32.72727272727273
WARNING: 11-10-2021 20:27:21 evaluateBattery(804) -- battery under 3.50v
INFO: 11-10-2021 20:27:22 printStatus(169) -- Drogno_6: ready	battery: 3.47	kalman var: 0.0 0.0 0.001	 batterySag: 0.744140625	link quality: 54	flight time: 100s	pos 0.51 -0.96 1.76	yaw: -3.93	msg/s 43.63636363636363
WARNING: 11-10-2021 20:27:23 evaluateBattery(804) -- battery under 3.50v
WARNING: 11-10-2021 20:27:23 evaluateBattery(804) -- battery under 3.50v
INFO: 11-10-2021 20:27:24 printStatus(169) -- Drogno_6: ready	battery: 3.45	kalman var: 0.0 0.0 0.0	 batterySag: 0.744140625	link quality: 60	flight time: 100s	pos 0.59 -0.99 1.65	yaw: -3.30	msg/s 40.0
WARNING: 11-10-2021 20:27:24 evaluateBattery(804) -- battery under 3.50v
WARNING: 11-10-2021 20:27:24 evaluateBattery(804) -- battery under 3.50v
WARNING: 11-10-2021 20:27:25 evaluateBattery(804) -- battery under 3.50v
INFO: 11-10-2021 20:27:25 printStatus(169) -- Drogno_6: ready	battery: 3.47	kalman var: 0.001 0.001 0.001	 batterySag: 0.744140625	link quality: 56	flight time: 100s	pos 0.49 -0.96 1.68	yaw: -2.39	msg/s 41.81818181818181
WARNING: 11-10-2021 20:27:25 evaluateBattery(804) -- battery under 3.50v
WARNING: 11-10-2021 20:27:26 evaluateBattery(804) -- battery under 3.50v
INFO: 11-10-2021 20:27:26 printStatus(169) -- Drogno_6: ready	battery: 3.48	kalman var: 0.001 0.001 0.001	 batterySag: 0.744140625	link quality: 58	flight time: 100s	pos 0.51 -0.97 1.65	yaw: -1.53	msg/s 43.63636363636363
WARNING: 11-10-2021 20:27:27 evaluateBattery(804) -- battery under 3.50v
INFO: 11-10-2021 20:27:28 printStatus(169) -- Drogno_6: stand by	battery: 3.78	kalman var: 0.001 0.001 0.001	 batterySag: 0.744140625	link quality: 58	flight time: 100s	pos 0.45 -1.42 0.90	yaw: 37.94	msg/s 29.999999999999996
INFO: 11-10-2021 20:27:29 printStatus(169) -- Drogno_6: stand by	battery: 3.78	kalman var: 0.001 0.001 0.001	 batterySag: 0.744140625	link quality: 58	flight time: 100s	pos 0.45 -1.42 0.90	yaw: 37.94	msg/s 21.818181818181817
INFO: 11-10-2021 20:27:30 printStatus(169) -- Drogno_6: stand by	battery: 3.78	kalman var: 0.001 0.001 0.001	 batterySag: 0.744140625	link quality: 58	flight time: 100s	pos 0.45 -1.42 0.90	yaw: 37.94	msg/s 20.909090909090907
INFO: 11-10-2021 20:27:31 printStatus(169) -- Drogno_6: stand by	battery: 3.78	kalman var: 0.001 0.001 0.001	 batterySag: 0.744140625	link quality: 58	flight time: 100s	pos 0.45 -1.42 0.90	yaw: 37.94	msg/s 22.727272727272727
INFO: 11-10-2021 20:27:32 printStatus(169) -- Drogno_6: stand by	battery: 3.78	kalman var: 0.001 0.001 0.001	 batterySag: 0.744140625	link quality: 58	flight time: 100s	pos 0.45 -1.42 0.90	yaw: 37.94	msg/s 21.818181818181817
INFO: 11-10-2021 20:27:33 printStatus(169) -- Drogno_6: stand by	battery: 3.78	kalman var: 0.001 0.001 0.001	 batterySag: 0.744140625	link quality: 58	flight time: 100s	pos 0.45 -1.42 0.90	yaw: 37.94	msg/s 20.909090909090907
INFO: 11-10-2021 20:27:34 printStatus(169) -- Drogno_6: stand by	battery: 3.78	kalman var: 0.001 0.001 0.001	 batterySag: 0.744140625	link quality: 58	flight time: 100s	pos 0.45 -1.42 0.90	yaw: 37.94	msg/s 20.909090909090907
INFO: 11-10-2021 20:27:36 printStatus(169) -- Drogno_6: stand by	battery: 3.78	kalman var: 0.001 0.001 0.001	 batterySag: 0.744140625	link quality: 58	flight time: 100s	pos 0.45 -1.42 0.90	yaw: 37.94	msg/s 21.818181818181817
INFO: 11-10-2021 20:27:37 printStatus(169) -- Drogno_6: stand by	battery: 3.78	kalman var: 0.001 0.001 0.001	 batterySag: 0.744140625	link quality: 58	flight time: 100s	pos 0.45 -1.42 0.90	yaw: 37.94	msg/s 21.818181818181817
INFO: 11-10-2021 20:27:38 printStatus(169) -- Drogno_6: stand by	battery: 3.78	kalman var: 0.001 0.001 0.001	 batterySag: 0.744140625	link quality: 58	flight time: 100s	pos 0.45 -1.42 0.90	yaw: 37.94	msg/s 21.818181818181817
INFO: 11-10-2021 20:27:39 printStatus(169) -- Drogno_6: stand by	battery: 3.78	kalman var: 0.001 0.001 0.001	 batterySag: 0.744140625	link quality: 58	flight time: 100s	pos 0.45 -1.42 0.90	yaw: 37.94	msg/s 20.909090909090907
INFO: 11-10-2021 20:27:40 printStatus(169) -- Drogno_6: stand by	battery: 3.78	kalman var: 0.001 0.001 0.001	 batterySag: 0.744140625	link quality: 58	flight time: 100s	pos 0.45 -1.42 0.90	yaw: 37.94	msg/s 20.909090909090907
INFO: 11-10-2021 20:27:42 printStatus(169) -- Drogno_6: stand by	battery: 3.78	kalman var: 0.001 0.001 0.001	 batterySag: 0.744140625	link quality: 58	flight time: 100s	pos 0.45 -1.42 0.90	yaw: 37.94	msg/s 20.909090909090907
INFO: 11-10-2021 20:27:43 printStatus(169) -- Drogno_6: stand by	battery: 3.78	kalman var: 0.001 0.001 0.001	 batterySag: 0.744140625	link quality: 58	flight time: 100s	pos 0.45 -1.42 0.90	yaw: 37.94	msg/s 21.818181818181817
INFO: 11-10-2021 20:27:44 printStatus(169) -- Drogno_6: stand by	battery: 3.78	kalman var: 0.001 0.001 0.001	 batterySag: 0.744140625	link quality: 58	flight time: 100s	pos 0.45 -1.42 0.90	yaw: 37.94	msg/s 20.909090909090907
INFO: 11-10-2021 20:27:45 printStatus(169) -- Drogno_6: stand by	battery: 3.78	kalman var: 0.001 0.001 0.001	 batterySag: 0.744140625	link quality: 58	flight time: 100s	pos 0.45 -1.42 0.90	yaw: 37.94	msg/s 22.727272727272727
INFO: 11-10-2021 20:27:46 printStatus(169) -- Drogno_6: stand by	battery: 3.78	kalman var: 0.001 0.001 0.001	 batterySag: 0.744140625	link quality: 58	flight time: 100s	pos 0.45 -1.42 0.90	yaw: 37.94	msg/s 21.818181818181817
INFO: 11-10-2021 20:27:47 printStatus(169) -- Drogno_6: stand by	battery: 3.78	kalman var: 0.001 0.001 0.001	 batterySag: 0.744140625	link quality: 58	flight time: 100s	pos 0.45 -1.42 0.90	yaw: 37.94	msg/s 21.818181818181817
INFO: 11-10-2021 20:27:49 printStatus(169) -- Drogno_6: stand by	battery: 3.78	kalman var: 0.001 0.001 0.001	 batterySag: 0.744140625	link quality: 58	flight time: 100s	pos 0.45 -1.42 0.90	yaw: 37.94	msg/s 21.818181818181817
INFO: 11-10-2021 20:27:50 printStatus(169) -- Drogno_6: stand by	battery: 3.78	kalman var: 0.001 0.001 0.001	 batterySag: 0.744140625	link quality: 58	flight time: 100s	pos 0.45 -1.42 0.90	yaw: 37.94	msg/s 20.909090909090907
INFO: 11-10-2021 20:27:51 printStatus(169) -- Drogno_6: stand by	battery: 3.78	kalman var: 0.001 0.001 0.001	 batterySag: 0.744140625	link quality: 58	flight time: 100s	pos 0.45 -1.42 0.90	yaw: 37.94	msg/s 20.909090909090907
INFO: 11-10-2021 20:27:52 printStatus(169) -- Drogno_6: stand by	battery: 3.78	kalman var: 0.001 0.001 0.001	 batterySag: 0.744140625	link quality: 58	flight time: 100s	pos 0.45 -1.42 0.90	yaw: 37.94	msg/s 20.909090909090907
INFO: 11-10-2021 20:27:53 printStatus(169) -- Drogno_6: stand by	battery: 3.78	kalman var: 0.001 0.001 0.001	 batterySag: 0.744140625	link quality: 58	flight time: 100s	pos 0.45 -1.42 0.90	yaw: 37.94	msg/s 20.909090909090907
INFO: 11-10-2021 20:27:54 printStatus(169) -- Drogno_6: stand by	battery: 3.78	kalman var: 0.001 0.001 0.001	 batterySag: 0.744140625	link quality: 58	flight time: 100s	pos 0.45 -1.42 0.90	yaw: 37.94	msg/s 20.0
INFO: 11-10-2021 20:27:55 printStatus(169) -- Drogno_6: stand by	battery: 3.78	kalman var: 0.001 0.001 0.001	 batterySag: 0.744140625	link quality: 58	flight time: 100s	pos 0.45 -1.42 0.90	yaw: 37.94	msg/s 21.818181818181817
INFO: 11-10-2021 20:27:57 printStatus(169) -- Drogno_6: stand by	battery: 3.78	kalman var: 0.001 0.001 0.001	 batterySag: 0.744140625	link quality: 58	flight time: 100s	pos 0.45 -1.42 0.90	yaw: 37.94	msg/s 21.818181818181817
INFO: 11-10-2021 20:27:58 printStatus(169) -- Drogno_6: stand by	battery: 3.78	kalman var: 0.001 0.001 0.001	 batterySag: 0.744140625	link quality: 58	flight time: 100s	pos 0.45 -1.42 0.90	yaw: 37.94	msg/s 20.909090909090907
INFO: 11-10-2021 20:27:59 printStatus(169) -- Drogno_6: stand by	battery: 3.78	kalman var: 0.001 0.001 0.001	 batterySag: 0.744140625	link quality: 58	flight time: 100s	pos 0.45 -1.42 0.90	yaw: 37.94	msg/s 21.818181818181817
INFO: 11-10-2021 20:28:00 printStatus(169) -- Drogno_6: stand by	battery: 3.78	kalman var: 0.001 0.001 0.001	 batterySag: 0.744140625	link quality: 58	flight time: 100s	pos 0.45 -1.42 0.90	yaw: 37.94	msg/s 21.818181818181817
INFO: 11-10-2021 20:28:01 printStatus(169) -- Drogno_6: stand by	battery: 3.78	kalman var: 0.001 0.001 0.001	 batterySag: 0.744140625	link quality: 58	flight time: 100s	pos 0.45 -1.42 0.90	yaw: 37.94	msg/s 21.818181818181817
INFO: 11-10-2021 20:28:03 printStatus(169) -- Drogno_6: stand by	battery: 3.78	kalman var: 0.001 0.001 0.001	 batterySag: 0.744140625	link quality: 58	flight time: 100s	pos 0.45 -1.42 0.90	yaw: 37.94	msg/s 21.818181818181817
INFO: 11-10-2021 20:28:04 printStatus(169) -- Drogno_6: stand by	battery: 3.78	kalman var: 0.001 0.001 0.001	 batterySag: 0.744140625	link quality: 58	flight time: 100s	pos 0.45 -1.42 0.90	yaw: 37.94	msg/s 21.818181818181817
INFO: 11-10-2021 20:28:05 printStatus(169) -- Drogno_6: stand by	battery: 3.78	kalman var: 0.001 0.001 0.001	 batterySag: 0.744140625	link quality: 58	flight time: 100s	pos 0.45 -1.42 0.90	yaw: 37.94	msg/s 21.818181818181817
INFO: 11-10-2021 20:28:06 printStatus(169) -- Drogno_6: stand by	battery: 3.78	kalman var: 0.001 0.001 0.001	 batterySag: 0.744140625	link quality: 58	flight time: 100s	pos 0.45 -1.42 0.90	yaw: 37.94	msg/s 20.909090909090907
INFO: 11-10-2021 20:28:07 printStatus(169) -- Drogno_6: stand by	battery: 3.78	kalman var: 0.001 0.001 0.001	 batterySag: 0.744140625	link quality: 58	flight time: 100s	pos 0.45 -1.42 0.90	yaw: 37.94	msg/s 20.909090909090907
INFO: 11-10-2021 20:28:08 printStatus(169) -- Drogno_6: stand by	battery: 3.78	kalman var: 0.001 0.001 0.001	 batterySag: 0.744140625	link quality: 58	flight time: 100s	pos 0.45 -1.42 0.90	yaw: 37.94	msg/s 21.818181818181817
INFO: 11-10-2021 20:28:10 printStatus(169) -- Drogno_6: stand by	battery: 3.78	kalman var: 0.001 0.001 0.001	 batterySag: 0.744140625	link quality: 58	flight time: 100s	pos 0.45 -1.42 0.90	yaw: 37.94	msg/s 21.818181818181817
INFO: 11-10-2021 20:28:11 printStatus(169) -- Drogno_6: stand by	battery: 3.78	kalman var: 0.001 0.001 0.001	 batterySag: 0.744140625	link quality: 58	flight time: 100s	pos 0.45 -1.42 0.90	yaw: 37.94	msg/s 21.818181818181817
INFO: 11-10-2021 20:28:12 printStatus(169) -- Drogno_6: stand by	battery: 3.78	kalman var: 0.001 0.001 0.001	 batterySag: 0.744140625	link quality: 58	flight time: 100s	pos 0.45 -1.42 0.90	yaw: 37.94	msg/s 20.909090909090907
INFO: 11-10-2021 20:28:13 printStatus(169) -- Drogno_6: stand by	battery: 3.78	kalman var: 0.001 0.001 0.001	 batterySag: 0.744140625	link quality: 58	flight time: 100s	pos 0.45 -1.42 0.90	yaw: 37.94	msg/s 21.818181818181817
INFO: 11-10-2021 20:28:14 printStatus(169) -- Drogno_6: stand by	battery: 3.78	kalman var: 0.001 0.001 0.001	 batterySag: 0.744140625	link quality: 58	flight time: 100s	pos 0.45 -1.42 0.90	yaw: 37.94	msg/s 22.727272727272727
INFO: 11-10-2021 20:28:16 printStatus(169) -- Drogno_6: stand by	battery: 3.78	kalman var: 0.001 0.001 0.001	 batterySag: 0.744140625	link quality: 58	flight time: 100s	pos 0.45 -1.42 0.90	yaw: 37.94	msg/s 22.727272727272727
INFO: 11-10-2021 20:28:17 printStatus(169) -- Drogno_6: stand by	battery: 3.78	kalman var: 0.001 0.001 0.001	 batterySag: 0.744140625	link quality: 58	flight time: 100s	pos 0.45 -1.42 0.90	yaw: 37.94	msg/s 22.727272727272727
INFO: 11-10-2021 20:28:18 printStatus(169) -- Drogno_6: stand by	battery: 3.78	kalman var: 0.001 0.001 0.001	 batterySag: 0.744140625	link quality: 58	flight time: 100s	pos 0.45 -1.42 0.90	yaw: 37.94	msg/s 22.727272727272727
INFO: 11-10-2021 20:28:19 printStatus(169) -- Drogno_6: stand by	battery: 3.78	kalman var: 0.001 0.001 0.001	 batterySag: 0.744140625	link quality: 58	flight time: 100s	pos 0.45 -1.42 0.90	yaw: 37.94	msg/s 22.727272727272727
INFO: 11-10-2021 20:28:20 printStatus(169) -- Drogno_6: stand by	battery: 3.78	kalman var: 0.001 0.001 0.001	 batterySag: 0.744140625	link quality: 58	flight time: 100s	pos 0.45 -1.42 0.90	yaw: 37.94	msg/s 22.727272727272727
INFO: 11-10-2021 20:28:21 printStatus(169) -- Drogno_6: stand by	battery: 3.78	kalman var: 0.001 0.001 0.001	 batterySag: 0.744140625	link quality: 58	flight time: 100s	pos 0.45 -1.42 0.90	yaw: 37.94	msg/s 23.636363636363633
INFO: 11-10-2021 20:28:22 printStatus(169) -- Drogno_6: stand by	battery: 3.78	kalman var: 0.001 0.001 0.001	 batterySag: 0.744140625	link quality: 58	flight time: 100s	pos 0.45 -1.42 0.90	yaw: 37.94	msg/s 22.727272727272727
INFO: 11-10-2021 20:28:24 printStatus(169) -- Drogno_6: stand by	battery: 3.78	kalman var: 0.001 0.001 0.001	 batterySag: 0.744140625	link quality: 58	flight time: 100s	pos 0.45 -1.42 0.90	yaw: 37.94	msg/s 22.727272727272727
INFO: 11-10-2021 20:28:25 printStatus(169) -- Drogno_6: stand by	battery: 3.78	kalman var: 0.001 0.001 0.001	 batterySag: 0.744140625	link quality: 58	flight time: 100s	pos 0.45 -1.42 0.90	yaw: 37.94	msg/s 21.818181818181817
INFO: 11-10-2021 20:28:26 printStatus(169) -- Drogno_6: stand by	battery: 3.78	kalman var: 0.001 0.001 0.001	 batterySag: 0.744140625	link quality: 58	flight time: 100s	pos 0.45 -1.42 0.90	yaw: 37.94	msg/s 22.727272727272727
INFO: 11-10-2021 20:28:27 printStatus(169) -- Drogno_6: stand by	battery: 3.78	kalman var: 0.001 0.001 0.001	 batterySag: 0.744140625	link quality: 58	flight time: 100s	pos 0.45 -1.42 0.90	yaw: 37.94	msg/s 22.727272727272727
INFO: 11-10-2021 20:28:28 printStatus(169) -- Drogno_6: stand by	battery: 3.78	kalman var: 0.001 0.001 0.001	 batterySag: 0.744140625	link quality: 58	flight time: 100s	pos 0.45 -1.42 0.90	yaw: 37.94	msg/s 23.636363636363633
INFO: 11-10-2021 20:28:29 printStatus(169) -- Drogno_6: stand by	battery: 3.78	kalman var: 0.001 0.001 0.001	 batterySag: 0.744140625	link quality: 58	flight time: 100s	pos 0.45 -1.42 0.90	yaw: 37.94	msg/s 22.727272727272727
INFO: 11-10-2021 20:28:30 printStatus(169) -- Drogno_6: stand by	battery: 3.78	kalman var: 0.001 0.001 0.001	 batterySag: 0.744140625	link quality: 58	flight time: 100s	pos 0.45 -1.42 0.90	yaw: 37.94	msg/s 22.727272727272727
INFO: 11-10-2021 20:28:32 printStatus(169) -- Drogno_6: stand by	battery: 3.78	kalman var: 0.001 0.001 0.001	 batterySag: 0.744140625	link quality: 58	flight time: 100s	pos 0.45 -1.42 0.90	yaw: 37.94	msg/s 22.727272727272727
INFO: 11-10-2021 20:28:33 printStatus(169) -- Drogno_6: stand by	battery: 3.78	kalman var: 0.001 0.001 0.001	 batterySag: 0.744140625	link quality: 58	flight time: 100s	pos 0.45 -1.42 0.90	yaw: 37.94	msg/s 21.818181818181817
INFO: 11-10-2021 20:28:34 printStatus(169) -- Drogno_6: stand by	battery: 3.78	kalman var: 0.001 0.001 0.001	 batterySag: 0.744140625	link quality: 58	flight time: 100s	pos 0.45 -1.42 0.90	yaw: 37.94	msg/s 22.727272727272727
INFO: 11-10-2021 20:28:35 printStatus(169) -- Drogno_6: stand by	battery: 3.78	kalman var: 0.001 0.001 0.001	 batterySag: 0.744140625	link quality: 58	flight time: 100s	pos 0.45 -1.42 0.90	yaw: 37.94	msg/s 22.727272727272727
INFO: 11-10-2021 20:28:36 printStatus(169) -- Drogno_6: stand by	battery: 3.78	kalman var: 0.001 0.001 0.001	 batterySag: 0.744140625	link quality: 58	flight time: 100s	pos 0.45 -1.42 0.90	yaw: 37.94	msg/s 14.545454545454545
INFO: 11-10-2021 20:28:37 printStatus(169) -- Drogno_6: stand by	battery: 3.78	kalman var: 0.001 0.001 0.001	 batterySag: 0.744140625	link quality: 58	flight time: 100s	pos 0.45 -1.42 0.90	yaw: 37.94	msg/s 0.0
INFO: 11-10-2021 20:28:38 printStatus(169) -- Drogno_6: stand by	battery: 3.78	kalman var: 0.001 0.001 0.001	 batterySag: 0.744140625	link quality: 58	flight time: 100s	pos 0.45 -1.42 0.90	yaw: 37.94	msg/s 0.0
INFO: 11-10-2021 20:28:40 printStatus(169) -- Drogno_6: stand by	battery: 3.78	kalman var: 0.001 0.001 0.001	 batterySag: 0.744140625	link quality: 58	flight time: 100s	pos 0.45 -1.42 0.90	yaw: 37.94	msg/s 0.0
INFO: 11-10-2021 20:28:41 printStatus(169) -- Drogno_6: stand by	battery: 3.78	kalman var: 0.001 0.001 0.001	 batterySag: 0.744140625	link quality: 58	flight time: 100s	pos 0.45 -1.42 0.90	yaw: 37.94	msg/s 0.0
INFO: 11-10-2021 20:28:42 printStatus(169) -- Drogno_6: stand by	battery: 3.78	kalman var: 0.001 0.001 0.001	 batterySag: 0.744140625	link quality: 58	flight time: 100s	pos 0.45 -1.42 0.90	yaw: 37.94	msg/s 0.0
INFO: 11-10-2021 20:28:43 printStatus(169) -- Drogno_6: stand by	battery: 3.78	kalman var: 0.001 0.001 0.001	 batterySag: 0.744140625	link quality: 58	flight time: 100s	pos 0.45 -1.42 0.90	yaw: 37.94	msg/s 0.0
INFO: 11-10-2021 20:28:44 printStatus(169) -- Drogno_6: stand by	battery: 3.78	kalman var: 0.001 0.001 0.001	 batterySag: 0.744140625	link quality: 58	flight time: 100s	pos 0.45 -1.42 0.90	yaw: 37.94	msg/s 0.0
WARNING: 11-10-2021 20:28:45 exit(859) -- closing Drogno_6
