INFO: 11-10-2021 23:25:12 __init__(130) -- This is dronelog running on Drogno_6
INFO: 11-10-2021 23:25:13 printStatus(166) -- Started
INFO: 11-10-2021 23:25:14 printStatus(169) -- Drogno_6: connecting	battery: n.p.	kalman var: 0 0 0	 batterySag: 0	link quality: 0	flight time: 0s	pos 0.00 0.00 0.00	yaw: 0.00	msg/s 0.0
INFO: 11-10-2021 23:25:15 printStatus(169) -- Drogno_6: connecting	battery: n.p.	kalman var: 0 0 0	 batterySag: 0	link quality: 0	flight time: 0s	pos 0.00 0.00 0.00	yaw: 0.00	msg/s 0.0
INFO: 11-10-2021 23:25:16 printStatus(169) -- Drogno_6: connecting	battery: n.p.	kalman var: 0 0 0	 batterySag: 0	link quality: 0	flight time: 0s	pos 0.00 0.00 0.00	yaw: 0.00	msg/s 0.0
INFO: 11-10-2021 23:25:18 printStatus(169) -- Drogno_6: connecting	battery: n.p.	kalman var: 0 0 0	 batterySag: 0	link quality: 0	flight time: 0s	pos 0.00 0.00 0.00	yaw: 0.00	msg/s 0.0
INFO: 11-10-2021 23:25:19 printStatus(169) -- Drogno_6: landed	battery: n.p.	kalman var: 0 0 0	 batterySag: 0	link quality: 0	flight time: 0s	pos 0.00 0.00 0.00	yaw: 0.00	msg/s 0.0
INFO: 11-10-2021 23:25:20 printStatus(169) -- Drogno_6: landed	battery: n.p.	kalman var: 0 0 0	 batterySag: 0	link quality: 0	flight time: 0s	pos 0.00 0.00 0.00	yaw: 0.00	msg/s 0.0
INFO: 11-10-2021 23:25:22 printStatus(169) -- Drogno_6: landed	battery: n.p.	kalman var: 0 0 0	 batterySag: 0	link quality: 0	flight time: 0s	pos 0.00 0.00 0.00	yaw: 0.00	msg/s 0.0
INFO: 11-10-2021 23:25:23 printStatus(169) -- Drogno_6: ready	battery: 4.16	kalman var: 0.0 0.0 0.0	 batterySag: 0.776	link quality: 62	flight time: 0s	pos 0.18 -0.84 -0.03	yaw: -4.01	msg/s 0.0
INFO: 11-10-2021 23:25:25 printStatus(169) -- Drogno_6: ready	battery: 4.16	kalman var: 0.0 0.0 0.0	 batterySag: 0.776	link quality: 64	flight time: 0s	pos 0.18 -0.84 -0.03	yaw: -3.91	msg/s 0.0
INFO: 11-10-2021 23:25:26 printStatus(169) -- Drogno_6: ready	battery: 4.16	kalman var: 0.0 0.0 0.0	 batterySag: 0.776	link quality: 63	flight time: 0s	pos 0.18 -0.84 -0.03	yaw: -3.95	msg/s 0.0
INFO: 11-10-2021 23:25:27 printStatus(169) -- Drogno_6: ready	battery: 4.16	kalman var: 0.001 0.001 0.001	 batterySag: 0.776	link quality: 63	flight time: 0s	pos 0.18 -0.85 -0.03	yaw: -3.91	msg/s 0.0
INFO: 11-10-2021 23:25:28 printStatus(169) -- Drogno_6: ready	battery: 4.16	kalman var: 0.0 0.0 0.0	 batterySag: 0.776	link quality: 63	flight time: 0s	pos 0.18 -0.85 -0.03	yaw: -3.92	msg/s 0.0
INFO: 11-10-2021 23:25:30 printStatus(169) -- Drogno_6: ready	battery: 4.16	kalman var: 0.0 0.0 0.0	 batterySag: 0.776	link quality: 63	flight time: 0s	pos 0.18 -0.85 -0.03	yaw: -3.94	msg/s 0.0
INFO: 11-10-2021 23:25:31 printStatus(169) -- Drogno_6: ready	battery: 4.16	kalman var: 0.001 0.001 0.001	 batterySag: 0.776	link quality: 63	flight time: 0s	pos 0.18 -0.85 -0.03	yaw: -3.86	msg/s 0.0
INFO: 11-10-2021 23:25:32 printStatus(169) -- Drogno_6: ready	battery: 4.16	kalman var: 0.0 0.0 0.0	 batterySag: 0.776	link quality: 63	flight time: 0s	pos 0.18 -0.84 -0.03	yaw: -3.97	msg/s 0.0
INFO: 11-10-2021 23:25:33 printStatus(169) -- Drogno_6: ready	battery: 4.16	kalman var: 0.0 0.0 0.0	 batterySag: 0.776	link quality: 62	flight time: 0s	pos 0.18 -0.85 -0.03	yaw: -3.94	msg/s 0.0
INFO: 11-10-2021 23:25:34 printStatus(169) -- Drogno_6: ready	battery: 4.16	kalman var: 0.0 0.0 0.0	 batterySag: 0.776	link quality: 62	flight time: 0s	pos 0.18 -0.84 -0.03	yaw: -3.95	msg/s 0.0
INFO: 11-10-2021 23:25:36 printStatus(169) -- Drogno_6: ready	battery: 4.16	kalman var: 0.0 0.0 0.0	 batterySag: 0.776	link quality: 63	flight time: 0s	pos 0.18 -0.84 -0.03	yaw: -3.96	msg/s 0.0
INFO: 11-10-2021 23:25:37 printStatus(169) -- Drogno_6: ready	battery: 4.16	kalman var: 0.0 0.0 0.0	 batterySag: 0.776	link quality: 64	flight time: 0s	pos 0.18 -0.84 -0.03	yaw: -3.95	msg/s 0.0
INFO: 11-10-2021 23:25:38 printStatus(169) -- Drogno_6: ready	battery: 4.16	kalman var: 0.0 0.0 0.0	 batterySag: 0.776	link quality: 62	flight time: 0s	pos 0.18 -0.84 -0.03	yaw: -3.95	msg/s 0.0
INFO: 11-10-2021 23:25:39 printStatus(169) -- Drogno_6: ready	battery: 4.16	kalman var: 0.0 0.0 0.0	 batterySag: 0.776	link quality: 61	flight time: 0s	pos 0.18 -0.84 -0.03	yaw: -3.94	msg/s 0.0
INFO: 11-10-2021 23:25:40 printStatus(169) -- Drogno_6: ready	battery: 4.16	kalman var: 0.0 0.0 0.0	 batterySag: 0.776	link quality: 62	flight time: 0s	pos 0.18 -0.84 -0.03	yaw: -3.94	msg/s 0.0
INFO: 11-10-2021 23:25:41 printStatus(169) -- Drogno_6: ready	battery: 4.16	kalman var: 0.0 0.0 0.0	 batterySag: 0.776	link quality: 63	flight time: 0s	pos 0.18 -0.84 -0.03	yaw: -3.95	msg/s 0.0
INFO: 11-10-2021 23:25:42 printStatus(169) -- Drogno_6: ready	battery: 4.16	kalman var: 0.0 0.0 0.0	 batterySag: 0.776	link quality: 63	flight time: 0s	pos 0.18 -0.84 -0.03	yaw: -3.94	msg/s 0.0
INFO: 11-10-2021 23:25:44 printStatus(169) -- Drogno_6: ready	battery: 4.16	kalman var: 0.0 0.0 0.0	 batterySag: 0.776	link quality: 61	flight time: 0s	pos 0.18 -0.85 -0.03	yaw: -3.84	msg/s 0.0
INFO: 11-10-2021 23:25:45 printStatus(169) -- Drogno_6: ready	battery: 4.15	kalman var: 0.0 0.0 0.0	 batterySag: 0.776	link quality: 69	flight time: 0s	pos 0.18 -0.84 -0.03	yaw: -3.95	msg/s 0.0
INFO: 11-10-2021 23:25:46 printStatus(169) -- Drogno_6: ready	battery: 4.16	kalman var: 0.0 0.0 0.0	 batterySag: 0.776	link quality: 63	flight time: 0s	pos 0.18 -0.84 -0.03	yaw: -3.98	msg/s 0.0
INFO: 11-10-2021 23:25:47 printStatus(169) -- Drogno_6: ready	battery: 4.16	kalman var: 0.001 0.001 0.001	 batterySag: 0.776	link quality: 69	flight time: 0s	pos 0.18 -0.84 -0.03	yaw: -3.88	msg/s 0.0
INFO: 11-10-2021 23:25:48 printStatus(169) -- Drogno_6: ready	battery: 4.16	kalman var: 0.0 0.0 0.0	 batterySag: 0.776	link quality: 65	flight time: 0s	pos 0.18 -0.85 -0.03	yaw: -3.96	msg/s 0.0
INFO: 11-10-2021 23:25:50 printStatus(169) -- Drogno_6: ready	battery: 4.15	kalman var: 0.0 0.0 0.0	 batterySag: 0.776	link quality: 62	flight time: 0s	pos 0.18 -0.85 -0.03	yaw: -3.94	msg/s 0.0
INFO: 11-10-2021 23:25:51 printStatus(169) -- Drogno_6: ready	battery: 4.15	kalman var: 0.0 0.0 0.0	 batterySag: 0.776	link quality: 62	flight time: 0s	pos 0.18 -0.84 -0.03	yaw: -4.00	msg/s 0.0
INFO: 11-10-2021 23:25:52 printStatus(169) -- Drogno_6: ready	battery: 4.15	kalman var: 0.0 0.0 0.0	 batterySag: 0.776	link quality: 61	flight time: 0s	pos 0.18 -0.84 -0.03	yaw: -3.98	msg/s 0.0
INFO: 11-10-2021 23:25:54 printStatus(169) -- Drogno_6: ready	battery: 4.15	kalman var: 0.0 0.0 0.0	 batterySag: 0.776	link quality: 65	flight time: 0s	pos 0.18 -0.84 -0.03	yaw: -3.95	msg/s 0.0
INFO: 11-10-2021 23:25:55 printStatus(169) -- Drogno_6: ready	battery: 4.15	kalman var: 0.0 0.0 0.0	 batterySag: 0.776	link quality: 63	flight time: 0s	pos 0.18 -0.84 -0.03	yaw: -3.97	msg/s 0.0
INFO: 11-10-2021 23:25:56 printStatus(169) -- Drogno_6: ready	battery: 4.15	kalman var: 0.0 0.0 0.0	 batterySag: 0.776	link quality: 62	flight time: 0s	pos 0.18 -0.84 -0.03	yaw: -3.98	msg/s 0.0
INFO: 11-10-2021 23:25:57 printStatus(169) -- Drogno_6: ready	battery: 4.15	kalman var: 0.0 0.0 0.0	 batterySag: 0.776	link quality: 62	flight time: 0s	pos 0.18 -0.84 -0.03	yaw: -4.00	msg/s 0.0
INFO: 11-10-2021 23:25:58 printStatus(169) -- Drogno_6: ready	battery: 4.15	kalman var: 0.0 0.0 0.0	 batterySag: 0.776	link quality: 63	flight time: 0s	pos 0.18 -0.84 -0.03	yaw: -4.01	msg/s 0.0
INFO: 11-10-2021 23:26:00 printStatus(169) -- Drogno_6: ready	battery: 4.15	kalman var: 0.0 0.0 0.0	 batterySag: 0.776	link quality: 61	flight time: 0s	pos 0.18 -0.84 -0.03	yaw: -3.94	msg/s 0.0
INFO: 11-10-2021 23:26:01 printStatus(169) -- Drogno_6: ready	battery: 4.15	kalman var: 0.0 0.0 0.0	 batterySag: 0.776	link quality: 67	flight time: 0s	pos 0.18 -0.84 -0.03	yaw: -3.99	msg/s 0.0
INFO: 11-10-2021 23:26:02 printStatus(169) -- Drogno_6: ready	battery: 4.15	kalman var: 0.001 0.001 0.001	 batterySag: 0.776	link quality: 63	flight time: 0s	pos 0.18 -0.85 -0.03	yaw: -3.91	msg/s 0.0
INFO: 11-10-2021 23:26:03 printStatus(169) -- Drogno_6: ready	battery: 4.15	kalman var: 0.0 0.0 0.0	 batterySag: 0.776	link quality: 62	flight time: 0s	pos 0.18 -0.84 -0.03	yaw: -3.96	msg/s 0.0
INFO: 11-10-2021 23:26:05 printStatus(169) -- Drogno_6: ready	battery: 4.15	kalman var: 0.0 0.0 0.0	 batterySag: 0.776	link quality: 67	flight time: 0s	pos 0.18 -0.84 -0.03	yaw: -4.00	msg/s 0.0
INFO: 11-10-2021 23:26:07 printStatus(169) -- Drogno_6: ready	battery: 4.15	kalman var: 0.0 0.0 0.0	 batterySag: 0.776	link quality: 63	flight time: 0s	pos 0.18 -0.85 -0.03	yaw: -3.96	msg/s 0.0
INFO: 11-10-2021 23:26:08 printStatus(169) -- Drogno_6: ready	battery: 4.15	kalman var: 0.0 0.0 0.0	 batterySag: 0.776	link quality: 61	flight time: 0s	pos 0.18 -0.84 -0.03	yaw: -3.97	msg/s 0.0
INFO: 11-10-2021 23:26:09 printStatus(169) -- Drogno_6: ready	battery: 4.15	kalman var: 0.0 0.0 0.0	 batterySag: 0.776	link quality: 64	flight time: 0s	pos 0.18 -0.84 -0.03	yaw: -4.01	msg/s 0.0
INFO: 11-10-2021 23:26:10 printStatus(169) -- Drogno_6: ready	battery: 4.15	kalman var: 0.0 0.0 0.0	 batterySag: 0.776	link quality: 62	flight time: 0s	pos 0.18 -0.85 -0.03	yaw: -3.96	msg/s 0.0
INFO: 11-10-2021 23:26:12 printStatus(169) -- Drogno_6: ready	battery: 4.15	kalman var: 0.0 0.0 0.0	 batterySag: 0.776	link quality: 63	flight time: 0s	pos 0.18 -0.84 -0.03	yaw: -3.95	msg/s 0.0
INFO: 11-10-2021 23:26:13 printStatus(169) -- Drogno_6: ready	battery: 4.15	kalman var: 0.0 0.0 0.0	 batterySag: 0.776	link quality: 63	flight time: 0s	pos 0.18 -0.84 -0.03	yaw: -3.99	msg/s 0.0
INFO: 11-10-2021 23:26:15 printStatus(169) -- Drogno_6: ready	battery: 4.15	kalman var: 0.0 0.0 0.0	 batterySag: 0.776	link quality: 63	flight time: 0s	pos 0.18 -0.85 -0.03	yaw: -3.97	msg/s 0.0
INFO: 11-10-2021 23:26:16 printStatus(169) -- Drogno_6: ready	battery: 4.15	kalman var: 0.0 0.0 0.0	 batterySag: 0.776	link quality: 63	flight time: 0s	pos 0.18 -0.85 -0.03	yaw: -3.96	msg/s 0.0
INFO: 11-10-2021 23:26:17 printStatus(169) -- Drogno_6: ready	battery: 4.15	kalman var: 0.0 0.0 0.0	 batterySag: 0.776	link quality: 62	flight time: 0s	pos 0.18 -0.84 -0.03	yaw: -3.96	msg/s 0.0
INFO: 11-10-2021 23:26:18 printStatus(169) -- Drogno_6: ready	battery: 4.15	kalman var: 0.0 0.0 0.0	 batterySag: 0.776	link quality: 63	flight time: 0s	pos 0.18 -0.85 -0.03	yaw: -3.92	msg/s 0.0
INFO: 11-10-2021 23:26:19 printStatus(169) -- Drogno_6: ready	battery: 4.15	kalman var: 0.0 0.0 0.0	 batterySag: 0.776	link quality: 63	flight time: 0s	pos 0.18 -0.85 -0.03	yaw: -3.97	msg/s 0.0
INFO: 11-10-2021 23:26:21 printStatus(169) -- Drogno_6: ready	battery: 4.15	kalman var: 0.0 0.0 0.0	 batterySag: 0.776	link quality: 63	flight time: 0s	pos 0.18 -0.85 -0.03	yaw: -3.99	msg/s 0.0
INFO: 11-10-2021 23:26:22 printStatus(169) -- Drogno_6: ready	battery: 4.15	kalman var: 0.0 0.0 0.001	 batterySag: 0.776	link quality: 63	flight time: 0s	pos 0.18 -0.85 -0.03	yaw: -3.87	msg/s 0.0
INFO: 11-10-2021 23:26:23 printStatus(169) -- Drogno_6: ready	battery: 4.15	kalman var: 0.0 0.0 0.0	 batterySag: 0.776	link quality: 62	flight time: 0s	pos 0.18 -0.84 -0.03	yaw: -3.97	msg/s 0.0
INFO: 11-10-2021 23:26:24 printStatus(169) -- Drogno_6: ready	battery: 4.15	kalman var: 0.0 0.0 0.0	 batterySag: 0.776	link quality: 63	flight time: 0s	pos 0.18 -0.85 -0.03	yaw: -3.96	msg/s 0.0
INFO: 11-10-2021 23:26:25 printStatus(169) -- Drogno_6: ready	battery: 4.15	kalman var: 0.0 0.0 0.0	 batterySag: 0.776	link quality: 63	flight time: 0s	pos 0.18 -0.84 -0.03	yaw: -3.97	msg/s 0.0
INFO: 11-10-2021 23:26:26 printStatus(169) -- Drogno_6: ready	battery: 4.15	kalman var: 0.0 0.0 0.0	 batterySag: 0.776	link quality: 62	flight time: 0s	pos 0.18 -0.85 -0.03	yaw: -3.97	msg/s 0.0
INFO: 11-10-2021 23:26:28 printStatus(169) -- Drogno_6: ready	battery: 4.15	kalman var: 0.0 0.0 0.0	 batterySag: 0.776	link quality: 62	flight time: 0s	pos 0.18 -0.84 -0.03	yaw: -3.96	msg/s 0.0
INFO: 11-10-2021 23:26:29 printStatus(169) -- Drogno_6: ready	battery: 4.15	kalman var: 0.0 0.0 0.0	 batterySag: 0.776	link quality: 62	flight time: 0s	pos 0.18 -0.85 -0.03	yaw: -3.97	msg/s 0.0
INFO: 11-10-2021 23:26:30 printStatus(169) -- Drogno_6: ready	battery: 4.15	kalman var: 0.0 0.0 0.0	 batterySag: 0.776	link quality: 63	flight time: 0s	pos 0.18 -0.85 -0.03	yaw: -3.95	msg/s 0.0
INFO: 11-10-2021 23:26:31 printStatus(169) -- Drogno_6: ready	battery: 4.15	kalman var: 0.0 0.0 0.0	 batterySag: 0.776	link quality: 63	flight time: 0s	pos 0.18 -0.85 -0.03	yaw: -3.98	msg/s 0.0
INFO: 11-10-2021 23:26:32 printStatus(169) -- Drogno_6: ready	battery: 4.15	kalman var: 0.0 0.0 0.0	 batterySag: 0.776	link quality: 62	flight time: 0s	pos 0.18 -0.84 -0.03	yaw: -3.94	msg/s 0.0
INFO: 11-10-2021 23:26:33 printStatus(169) -- Drogno_6: ready	battery: 4.15	kalman var: 0.0 0.0 0.0	 batterySag: 0.776	link quality: 63	flight time: 0s	pos 0.18 -0.85 -0.03	yaw: -3.96	msg/s 0.0
INFO: 11-10-2021 23:26:35 printStatus(169) -- Drogno_6: ready	battery: 4.15	kalman var: 0.001 0.001 0.001	 batterySag: 0.776	link quality: 62	flight time: 0s	pos 0.18 -0.84 -0.03	yaw: -3.98	msg/s 0.0
INFO: 11-10-2021 23:26:36 printStatus(169) -- Drogno_6: ready	battery: 4.15	kalman var: 0.0 0.0 0.0	 batterySag: 0.776	link quality: 62	flight time: 0s	pos 0.18 -0.84 -0.03	yaw: -4.00	msg/s 0.0
INFO: 11-10-2021 23:26:37 printStatus(169) -- Drogno_6: ready	battery: 4.15	kalman var: 0.0 0.0 0.0	 batterySag: 0.776	link quality: 63	flight time: 0s	pos 0.18 -0.84 -0.03	yaw: -4.00	msg/s 0.0
INFO: 11-10-2021 23:26:38 printStatus(169) -- Drogno_6: ready	battery: 4.15	kalman var: 0.001 0.001 0.001	 batterySag: 0.776	link quality: 63	flight time: 0s	pos 0.18 -0.85 -0.03	yaw: -3.92	msg/s 0.0
INFO: 11-10-2021 23:26:39 printStatus(169) -- Drogno_6: ready	battery: 4.15	kalman var: 0.0 0.0 0.0	 batterySag: 0.776	link quality: 63	flight time: 0s	pos 0.18 -0.84 -0.03	yaw: -4.00	msg/s 0.0
INFO: 11-10-2021 23:26:40 printStatus(169) -- Drogno_6: ready	battery: 4.15	kalman var: 0.0 0.0 0.0	 batterySag: 0.776	link quality: 62	flight time: 0s	pos 0.18 -0.84 -0.03	yaw: -3.92	msg/s 0.0
INFO: 11-10-2021 23:26:41 printStatus(169) -- Drogno_6: ready	battery: 4.15	kalman var: 0.0 0.0 0.0	 batterySag: 0.776	link quality: 63	flight time: 0s	pos 0.18 -0.84 -0.03	yaw: -4.00	msg/s 0.0
INFO: 11-10-2021 23:26:43 printStatus(169) -- Drogno_6: ready	battery: 4.15	kalman var: 0.0 0.0 0.0	 batterySag: 0.776	link quality: 63	flight time: 0s	pos 0.18 -0.84 -0.03	yaw: -3.97	msg/s 0.0
INFO: 11-10-2021 23:26:44 printStatus(169) -- Drogno_6: ready	battery: 4.15	kalman var: 0.0 0.0 0.0	 batterySag: 0.776	link quality: 63	flight time: 0s	pos 0.18 -0.84 -0.03	yaw: -3.97	msg/s 0.0
INFO: 11-10-2021 23:26:45 printStatus(169) -- Drogno_6: ready	battery: 4.15	kalman var: 0.0 0.0 0.0	 batterySag: 0.776	link quality: 63	flight time: 0s	pos 0.18 -0.84 -0.03	yaw: -4.00	msg/s 0.0
INFO: 11-10-2021 23:26:46 printStatus(169) -- Drogno_6: ready	battery: 4.15	kalman var: 0.0 0.0 0.0	 batterySag: 0.776	link quality: 63	flight time: 0s	pos 0.18 -0.84 -0.03	yaw: -3.97	msg/s 0.0
INFO: 11-10-2021 23:26:48 printStatus(169) -- Drogno_6: ready	battery: 4.15	kalman var: 0.0 0.0 0.0	 batterySag: 0.776	link quality: 63	flight time: 0s	pos 0.18 -0.84 -0.03	yaw: -3.96	msg/s 0.0
INFO: 11-10-2021 23:26:49 printStatus(169) -- Drogno_6: ready	battery: 4.15	kalman var: 0.0 0.0 0.0	 batterySag: 0.776	link quality: 62	flight time: 0s	pos 0.18 -0.84 -0.03	yaw: -3.99	msg/s 0.0
INFO: 11-10-2021 23:26:50 printStatus(169) -- Drogno_6: ready	battery: 4.15	kalman var: 0.0 0.0 0.0	 batterySag: 0.776	link quality: 63	flight time: 0s	pos 0.18 -0.84 -0.03	yaw: -3.98	msg/s 0.0
INFO: 11-10-2021 23:26:51 printStatus(169) -- Drogno_6: ready	battery: 4.15	kalman var: 0.0 0.0 0.0	 batterySag: 0.776	link quality: 63	flight time: 0s	pos 0.18 -0.84 -0.03	yaw: -3.98	msg/s 0.0
INFO: 11-10-2021 23:26:53 printStatus(169) -- Drogno_6: ready	battery: 4.15	kalman var: 0.0 0.0 0.0	 batterySag: 0.776	link quality: 63	flight time: 0s	pos 0.18 -0.85 -0.03	yaw: -3.97	msg/s 0.0
INFO: 11-10-2021 23:26:54 printStatus(169) -- Drogno_6: ready	battery: 4.15	kalman var: 0.0 0.0 0.0	 batterySag: 0.776	link quality: 62	flight time: 0s	pos 0.18 -0.84 -0.03	yaw: -3.98	msg/s 0.0
INFO: 11-10-2021 23:26:56 printStatus(169) -- Drogno_6: ready	battery: 4.15	kalman var: 0.0 0.0 0.0	 batterySag: 0.776	link quality: 63	flight time: 0s	pos 0.18 -0.84 -0.03	yaw: -3.96	msg/s 0.0
INFO: 11-10-2021 23:26:58 printStatus(169) -- Drogno_6: hovering	battery: 4.15	kalman var: 0.0 0.0 0.0	 batterySag: 0.776	link quality: 63	flight time: 0s	pos 0.18 -0.84 -0.03	yaw: -4.01	msg/s 0.0
INFO: 11-10-2021 23:26:59 printStatus(169) -- Drogno_6: ready	battery: 3.78	kalman var: 0.0 0.0 0.0	 batterySag: 0.776	link quality: 62	flight time: 0s	pos 0.19 -0.84 -0.02	yaw: -3.90	msg/s 0.0
INFO: 11-10-2021 23:27:00 printStatus(169) -- Drogno_6: hovering	battery: 3.72	kalman var: 0.0 0.0 0.0	 batterySag: 0.776	link quality: 62	flight time: 1s	pos 0.20 -0.85 0.38	yaw: -0.57	msg/s 1.8
INFO: 11-10-2021 23:27:01 printStatus(169) -- Drogno_6: hovering	battery: 3.73	kalman var: 0.001 0.001 0.001	 batterySag: 0.776	link quality: 55	flight time: 2s	pos 0.19 -0.84 0.75	yaw: 0.42	msg/s 7.3
INFO: 11-10-2021 23:27:02 printStatus(169) -- Drogno_6: hovering	battery: 3.67	kalman var: 0.002 0.002 0.001	 batterySag: 0.776	link quality: 69	flight time: 3s	pos 0.42 -1.09 0.98	yaw: 0.00	msg/s 10.9
INFO: 11-10-2021 23:27:03 printStatus(169) -- Drogno_6: moving	battery: 3.67	kalman var: 0.002 0.002 0.001	 batterySag: 0.776	link quality: 53	flight time: 4s	pos 0.40 -1.08 1.00	yaw: 0.90	msg/s 5.5
INFO: 11-10-2021 23:27:05 printStatus(169) -- Drogno_6: hovering	battery: 3.65	kalman var: 0.007 0.007 0.002	 batterySag: 0.776	link quality: 60	flight time: 6s	pos 0.39 -1.07 1.02	yaw: 0.25	msg/s 9.1
INFO: 11-10-2021 23:27:06 printStatus(169) -- Drogno_6: hovering	battery: 3.64	kalman var: 0.017 0.017 0.003	 batterySag: 0.776	link quality: 56	flight time: 7s	pos 0.38 -1.05 1.03	yaw: 1.00	msg/s 5.5
WARNING: 11-10-2021 23:27:06 evaluateBattery(804) -- battery under 3.50v
WARNING: 11-10-2021 23:27:07 evaluateBattery(804) -- battery under 3.50v
INFO: 11-10-2021 23:27:07 printStatus(169) -- Drogno_6: hovering	battery: 3.46	kalman var: 0.002 0.002 0.001	 batterySag: 0.776	link quality: 61	flight time: 8s	pos 0.78 -1.08 0.04	yaw: 9.27	msg/s 14.5
INFO: 11-10-2021 23:27:08 printStatus(169) -- Drogno_6: hovering	battery: 3.64	kalman var: 0.001 0.001 0.001	 batterySag: 0.776	link quality: 63	flight time: 9s	pos 0.18 -0.99 1.30	yaw: -2.65	msg/s 18.2
INFO: 11-10-2021 23:27:10 printStatus(169) -- Drogno_6: hovering	battery: 3.62	kalman var: 0.001 0.001 0.001	 batterySag: 0.776	link quality: 63	flight time: 11s	pos 0.25 -0.92 1.23	yaw: -2.47	msg/s 18.2
INFO: 11-10-2021 23:27:11 printStatus(169) -- Drogno_6: hovering	battery: 3.64	kalman var: 0.001 0.001 0.001	 batterySag: 0.776	link quality: 53	flight time: 12s	pos 0.40 -0.83 1.21	yaw: -1.76	msg/s 16.4
INFO: 11-10-2021 23:27:12 printStatus(169) -- Drogno_6: hovering	battery: 3.59	kalman var: 0.0 0.0 0.0	 batterySag: 0.776	link quality: 63	flight time: 13s	pos 0.46 -0.51 1.17	yaw: -1.26	msg/s 16.4
WARNING: 11-10-2021 23:27:13 evaluateBattery(804) -- battery under 3.50v
INFO: 11-10-2021 23:27:13 printStatus(169) -- Drogno_6: hovering	battery: 3.49	kalman var: 0.0 0.0 0.0	 batterySag: 0.776	link quality: 56	flight time: 14s	pos 0.36 -0.20 1.12	yaw: -0.94	msg/s 20.0
INFO: 11-10-2021 23:27:14 printStatus(169) -- Drogno_6: hovering	battery: 3.59	kalman var: 0.0 0.0 0.0	 batterySag: 0.776	link quality: 55	flight time: 15s	pos 0.41 0.26 1.12	yaw: -0.40	msg/s 16.4
INFO: 11-10-2021 23:27:15 printStatus(169) -- Drogno_6: hovering	battery: 3.57	kalman var: 0.0 0.0 0.0	 batterySag: 0.776	link quality: 65	flight time: 17s	pos 0.34 0.47 1.03	yaw: -0.38	msg/s 14.5
INFO: 11-10-2021 23:27:17 printStatus(169) -- Drogno_6: ready	battery: 3.58	kalman var: 0.0 0.0 0.0	 batterySag: 0.776	link quality: 67	flight time: 18s	pos 0.07 0.77 1.20	yaw: -0.34	msg/s 14.5
INFO: 11-10-2021 23:27:19 printStatus(169) -- Drogno_6: hovering	battery: 3.56	kalman var: 0.0 0.0 0.0	 batterySag: 0.776	link quality: 54	flight time: 19s	pos -0.07 0.84 1.00	yaw: -0.89	msg/s 9.1
INFO: 11-10-2021 23:27:20 printStatus(169) -- Drogno_6: moving	battery: 3.51	kalman var: 0.0 0.0 0.0	 batterySag: 0.776	link quality: 57	flight time: 21s	pos -0.20 0.87 1.11	yaw: -0.60	msg/s 12.7
INFO: 11-10-2021 23:27:21 printStatus(169) -- Drogno_6: hovering	battery: 3.57	kalman var: 0.0 0.0 0.001	 batterySag: 0.776	link quality: 58	flight time: 22s	pos -0.34 0.89 1.13	yaw: 0.08	msg/s 16.4
INFO: 11-10-2021 23:27:22 printStatus(169) -- Drogno_6: hovering	battery: 3.58	kalman var: 0.001 0.001 0.001	 batterySag: 0.776	link quality: 67	flight time: 23s	pos -0.03 0.73 1.07	yaw: 0.74	msg/s 14.5
INFO: 11-10-2021 23:27:24 printStatus(169) -- Drogno_6: hovering	battery: 3.57	kalman var: 0.0 0.0 0.0	 batterySag: 0.776	link quality: 68	flight time: 24s	pos 0.29 0.85 1.10	yaw: 0.40	msg/s 14.5
INFO: 11-10-2021 23:27:25 printStatus(169) -- Drogno_6: ready	battery: 3.53	kalman var: 0.0 0.0 0.0	 batterySag: 0.776	link quality: 57	flight time: 26s	pos -0.82 1.17 0.74	yaw: 0.51	msg/s 14.5
WARNING: 11-10-2021 23:27:26 evaluateBattery(804) -- battery under 3.50v
INFO: 11-10-2021 23:27:27 printStatus(169) -- Drogno_6: hovering	battery: 3.45	kalman var: 0.0 0.0 0.0	 batterySag: 0.776	link quality: 69	flight time: 27s	pos -1.36 0.55 0.31	yaw: -1.42	msg/s 18.2
WARNING: 11-10-2021 23:27:27 evaluateBattery(804) -- battery under 3.50v
INFO: 11-10-2021 23:27:28 printStatus(169) -- Drogno_6: moving	battery: 3.53	kalman var: 0.001 0.001 0.001	 batterySag: 0.776	link quality: 71	flight time: 29s	pos -0.22 -1.01 0.57	yaw: -0.09	msg/s 18.2
INFO: 11-10-2021 23:27:29 printStatus(169) -- Drogno_6: hovering	battery: 3.56	kalman var: 0.001 0.001 0.001	 batterySag: 0.776	link quality: 58	flight time: 30s	pos 0.71 -0.48 0.87	yaw: 1.80	msg/s 7.3
INFO: 11-10-2021 23:27:31 printStatus(169) -- Drogno_6: hovering	battery: 3.54	kalman var: 0.0 0.0 0.0	 batterySag: 0.776	link quality: 56	flight time: 32s	pos 0.88 0.29 1.03	yaw: -0.80	msg/s 14.5
WARNING: 11-10-2021 23:27:32 evaluateBattery(804) -- battery under 3.50v
INFO: 11-10-2021 23:27:32 printStatus(169) -- Drogno_6: hovering	battery: 3.49	kalman var: 0.0 0.0 0.0	 batterySag: 0.776	link quality: 65	flight time: 33s	pos 0.67 1.02 1.13	yaw: -0.37	msg/s 18.2
INFO: 11-10-2021 23:27:33 printStatus(169) -- Drogno_6: hovering	battery: 3.61	kalman var: 0.002 0.002 0.001	 batterySag: 0.776	link quality: 58	flight time: 34s	pos 0.55 1.03 1.37	yaw: 0.19	msg/s 16.4
WARNING: 11-10-2021 23:27:34 evaluateBattery(804) -- battery under 3.50v
WARNING: 11-10-2021 23:27:34 evaluateBattery(804) -- battery under 3.50v
INFO: 11-10-2021 23:27:34 printStatus(169) -- Drogno_6: hovering	battery: 3.47	kalman var: 0.001 0.001 0.001	 batterySag: 0.776	link quality: 70	flight time: 35s	pos 0.57 0.99 1.03	yaw: -0.03	msg/s 9.1
WARNING: 11-10-2021 23:27:35 evaluateBattery(804) -- battery under 3.50v
INFO: 11-10-2021 23:27:36 printStatus(169) -- Drogno_6: hovering	battery: 3.55	kalman var: 0.0 0.0 0.0	 batterySag: 0.776	link quality: 60	flight time: 37s	pos 0.38 0.79 1.33	yaw: 0.66	msg/s 14.5
INFO: 11-10-2021 23:27:37 printStatus(169) -- Drogno_6: hovering	battery: 3.51	kalman var: 0.0 0.0 0.0	 batterySag: 0.776	link quality: 65	flight time: 38s	pos 0.02 0.71 0.86	yaw: 0.16	msg/s 18.2
INFO: 11-10-2021 23:27:38 printStatus(169) -- Drogno_6: hovering	battery: 3.52	kalman var: 0.0 0.0 0.0	 batterySag: 0.776	link quality: 56	flight time: 39s	pos -0.26 0.83 0.70	yaw: 1.52	msg/s 16.4
WARNING: 11-10-2021 23:27:39 evaluateBattery(804) -- battery under 3.50v
WARNING: 11-10-2021 23:27:39 evaluateBattery(804) -- battery under 3.50v
INFO: 11-10-2021 23:27:39 printStatus(169) -- Drogno_6: hovering	battery: 3.51	kalman var: 0.0 0.0 0.0	 batterySag: 0.776	link quality: 53	flight time: 40s	pos -0.40 1.02 0.56	yaw: -0.15	msg/s 18.2
INFO: 11-10-2021 23:27:41 printStatus(169) -- Drogno_6: hovering	battery: 3.52	kalman var: 0.0 0.0 0.0	 batterySag: 0.776	link quality: 65	flight time: 41s	pos -0.36 1.09 0.66	yaw: -0.79	msg/s 16.4
INFO: 11-10-2021 23:27:42 printStatus(169) -- Drogno_6: hovering	battery: 3.54	kalman var: 0.001 0.001 0.001	 batterySag: 0.776	link quality: 65	flight time: 43s	pos -0.19 1.17 0.83	yaw: -0.30	msg/s 16.4
INFO: 11-10-2021 23:27:43 printStatus(169) -- Drogno_6: hovering	battery: 3.53	kalman var: 0.0 0.0 0.0	 batterySag: 0.776	link quality: 56	flight time: 44s	pos 0.08 1.18 0.95	yaw: -0.53	msg/s 16.4
WARNING: 11-10-2021 23:27:44 evaluateBattery(804) -- battery under 3.50v
INFO: 11-10-2021 23:27:44 printStatus(169) -- Drogno_6: hovering	battery: 3.49	kalman var: 0.0 0.0 0.0	 batterySag: 0.776	link quality: 57	flight time: 45s	pos 0.44 1.08 1.12	yaw: -0.45	msg/s 16.4
WARNING: 11-10-2021 23:27:44 evaluateBattery(804) -- battery under 3.50v
INFO: 11-10-2021 23:27:45 printStatus(169) -- Drogno_6: hovering	battery: 3.51	kalman var: 0.0 0.0 0.0	 batterySag: 0.776	link quality: 56	flight time: 46s	pos 0.83 0.20 1.26	yaw: 0.05	msg/s 14.5
WARNING: 11-10-2021 23:27:45 evaluateBattery(804) -- battery under 3.50v
INFO: 11-10-2021 23:27:47 printStatus(169) -- Drogno_6: hovering	battery: 3.5	kalman var: 0.0 0.0 0.0	 batterySag: 0.776	link quality: 61	flight time: 47s	pos 1.02 -0.28 1.23	yaw: 0.47	msg/s 16.4
WARNING: 11-10-2021 23:27:47 evaluateBattery(804) -- battery under 3.50v
WARNING: 11-10-2021 23:27:48 evaluateBattery(804) -- battery under 3.50v
INFO: 11-10-2021 23:27:48 printStatus(169) -- Drogno_6: hovering	battery: 3.49	kalman var: 0.001 0.001 0.001	 batterySag: 0.776	link quality: 55	flight time: 49s	pos 0.86 -0.85 1.29	yaw: -0.96	msg/s 18.2
INFO: 11-10-2021 23:27:49 printStatus(169) -- Drogno_6: hovering	battery: 3.53	kalman var: 0.001 0.001 0.001	 batterySag: 0.776	link quality: 66	flight time: 50s	pos -0.25 -0.96 1.21	yaw: -1.81	msg/s 16.4
INFO: 11-10-2021 23:27:51 printStatus(169) -- Drogno_6: hovering	battery: 3.5	kalman var: 0.0 0.0 0.0	 batterySag: 0.776	link quality: 66	flight time: 51s	pos -0.71 -1.01 0.76	yaw: -0.88	msg/s 16.4
WARNING: 11-10-2021 23:27:51 evaluateBattery(804) -- battery under 3.50v
INFO: 11-10-2021 23:27:52 printStatus(169) -- Drogno_6: hovering	battery: 3.48	kalman var: 0.0 0.0 0.0	 batterySag: 0.776	link quality: 63	flight time: 53s	pos -1.09 -0.60 0.41	yaw: -1.13	msg/s 16.4
WARNING: 11-10-2021 23:27:52 evaluateBattery(804) -- battery under 3.50v
WARNING: 11-10-2021 23:27:53 evaluateBattery(804) -- battery under 3.50v
INFO: 11-10-2021 23:27:53 printStatus(169) -- Drogno_6: moving	battery: 3.47	kalman var: 0.0 0.0 0.0	 batterySag: 0.776	link quality: 56	flight time: 54s	pos -0.78 0.55 0.69	yaw: 0.92	msg/s 16.4
WARNING: 11-10-2021 23:27:54 evaluateBattery(804) -- battery under 3.50v
WARNING: 11-10-2021 23:27:54 evaluateBattery(804) -- battery under 3.50v
INFO: 11-10-2021 23:27:54 printStatus(169) -- Drogno_6: hovering	battery: 3.5	kalman var: 0.001 0.001 0.001	 batterySag: 0.776	link quality: 53	flight time: 55s	pos -0.52 0.90 0.98	yaw: 0.70	msg/s 16.4
WARNING: 11-10-2021 23:27:56 evaluateBattery(804) -- battery under 3.50v
INFO: 11-10-2021 23:27:56 printStatus(169) -- Drogno_6: hovering	battery: 3.43	kalman var: 0.0 0.0 0.0	 batterySag: 0.776	link quality: 53	flight time: 57s	pos -0.08 1.10 1.37	yaw: 0.32	msg/s 16.4
WARNING: 11-10-2021 23:27:56 evaluateBattery(804) -- battery under 3.50v
INFO: 11-10-2021 23:27:57 printStatus(169) -- Drogno_6: hovering	battery: 3.46	kalman var: 0.0 0.0 0.001	 batterySag: 0.776	link quality: 62	flight time: 58s	pos 0.40 0.96 1.79	yaw: 0.40	msg/s 18.2
WARNING: 11-10-2021 23:27:57 evaluateBattery(804) -- battery under 3.50v
WARNING: 11-10-2021 23:27:58 evaluateBattery(804) -- battery under 3.50v
INFO: 11-10-2021 23:27:58 printStatus(169) -- Drogno_6: hovering	battery: 3.49	kalman var: 0.0 0.0 0.001	 batterySag: 0.776	link quality: 69	flight time: 59s	pos 0.78 0.37 2.12	yaw: -0.52	msg/s 18.2
WARNING: 11-10-2021 23:27:58 evaluateBattery(804) -- battery under 3.50v
WARNING: 11-10-2021 23:27:59 evaluateBattery(804) -- battery under 3.50v
INFO: 11-10-2021 23:27:59 printStatus(169) -- Drogno_6: hovering	battery: 3.51	kalman var: 0.0 0.0 0.0	 batterySag: 0.776	link quality: 61	flight time: 60s	pos 0.42 -1.13 1.68	yaw: 1.37	msg/s 16.4
WARNING: 11-10-2021 23:28:00 evaluateBattery(804) -- battery under 3.50v
INFO: 11-10-2021 23:28:01 printStatus(169) -- Drogno_6: hovering	battery: 3.39	kalman var: 0.001 0.001 0.001	 batterySag: 0.776	link quality: 63	flight time: 62s	pos -0.26 -1.33 1.17	yaw: 0.65	msg/s 21.8
WARNING: 11-10-2021 23:28:01 evaluateBattery(804) -- battery under 3.50v
WARNING: 11-10-2021 23:28:02 evaluateBattery(804) -- battery under 3.50v
INFO: 11-10-2021 23:28:02 printStatus(169) -- Drogno_6: hovering	battery: 3.47	kalman var: 0.0 0.0 0.0	 batterySag: 0.776	link quality: 58	flight time: 63s	pos -0.85 -1.08 1.04	yaw: 0.02	msg/s 23.6
WARNING: 11-10-2021 23:28:02 evaluateBattery(804) -- battery under 3.50v
WARNING: 11-10-2021 23:28:03 evaluateBattery(804) -- battery under 3.50v
INFO: 11-10-2021 23:28:03 printStatus(169) -- Drogno_6: hovering	battery: 3.48	kalman var: 0.0 0.0 0.001	 batterySag: 0.776	link quality: 60	flight time: 64s	pos -0.54 -0.74 1.10	yaw: 2.56	msg/s 21.8
WARNING: 11-10-2021 23:28:03 evaluateBattery(804) -- battery under 3.50v
WARNING: 11-10-2021 23:28:04 evaluateBattery(804) -- battery under 3.50v
INFO: 11-10-2021 23:28:04 printStatus(169) -- Drogno_6: hovering	battery: 3.44	kalman var: 0.0 0.0 0.0	 batterySag: 0.776	link quality: 55	flight time: 65s	pos -0.72 -0.71 1.23	yaw: -1.47	msg/s 21.8
WARNING: 11-10-2021 23:28:04 evaluateBattery(804) -- battery under 3.50v
WARNING: 11-10-2021 23:28:05 evaluateBattery(804) -- battery under 3.50v
INFO: 11-10-2021 23:28:05 printStatus(169) -- Drogno_6: hovering	battery: 3.47	kalman var: 0.001 0.001 0.001	 batterySag: 0.776	link quality: 62	flight time: 66s	pos -1.11 -0.79 1.33	yaw: -2.62	msg/s 23.6
WARNING: 11-10-2021 23:28:06 evaluateBattery(804) -- battery under 3.50v
WARNING: 11-10-2021 23:28:06 evaluateBattery(804) -- battery under 3.50v
INFO: 11-10-2021 23:28:06 printStatus(169) -- Drogno_6: hovering	battery: 3.47	kalman var: 0.0 0.0 0.001	 batterySag: 0.776	link quality: 55	flight time: 68s	pos -1.40 -0.79 1.31	yaw: 0.46	msg/s 21.8
WARNING: 11-10-2021 23:28:07 evaluateBattery(804) -- battery under 3.50v
INFO: 11-10-2021 23:28:08 printStatus(169) -- Drogno_6: hovering	battery: 3.47	kalman var: 0.0 0.0 0.0	 batterySag: 0.776	link quality: 52	flight time: 69s	pos -1.14 -1.52 0.90	yaw: -0.08	msg/s 21.8
WARNING: 11-10-2021 23:28:09 evaluateBattery(804) -- battery under 3.50v
WARNING: 11-10-2021 23:28:09 evaluateBattery(804) -- battery under 3.50v
INFO: 11-10-2021 23:28:10 printStatus(169) -- Drogno_6: hovering	battery: 3.47	kalman var: 0.0 0.0 0.001	 batterySag: 0.776	link quality: 73	flight time: 70s	pos -0.14 -1.56 0.89	yaw: -0.34	msg/s 25.5
WARNING: 11-10-2021 23:28:10 evaluateBattery(804) -- battery under 3.50v
WARNING: 11-10-2021 23:28:11 evaluateBattery(804) -- battery under 3.50v
INFO: 11-10-2021 23:28:11 printStatus(169) -- Drogno_6: hovering	battery: 3.48	kalman var: 0.001 0.001 0.001	 batterySag: 0.776	link quality: 57	flight time: 72s	pos 0.86 -1.52 0.92	yaw: 0.37	msg/s 21.8
WARNING: 11-10-2021 23:28:11 evaluateBattery(804) -- battery under 3.50v
WARNING: 11-10-2021 23:28:12 evaluateBattery(804) -- battery under 3.50v
INFO: 11-10-2021 23:28:12 printStatus(169) -- Drogno_6: hovering	battery: 3.47	kalman var: 0.004 0.004 0.002	 batterySag: 0.776	link quality: 69	flight time: 73s	pos 0.77 -0.77 1.37	yaw: -0.19	msg/s 23.6
WARNING: 11-10-2021 23:28:12 evaluateBattery(804) -- battery under 3.50v
WARNING: 11-10-2021 23:28:13 evaluateBattery(804) -- battery under 3.50v
INFO: 11-10-2021 23:28:14 printStatus(169) -- Drogno_6: hovering	battery: 3.49	kalman var: 0.001 0.001 0.001	 batterySag: 0.776	link quality: 71	flight time: 74s	pos 0.76 -0.77 1.34	yaw: 1.50	msg/s 21.8
WARNING: 11-10-2021 23:28:14 evaluateBattery(804) -- battery under 3.50v
WARNING: 11-10-2021 23:28:14 evaluateBattery(804) -- battery under 3.50v
INFO: 11-10-2021 23:28:15 printStatus(169) -- Drogno_6: hovering	battery: 3.47	kalman var: 0.001 0.001 0.001	 batterySag: 0.776	link quality: 51	flight time: 76s	pos -0.02 -0.85 1.44	yaw: -1.44	msg/s 23.6
WARNING: 11-10-2021 23:28:15 evaluateBattery(804) -- battery under 3.50v
WARNING: 11-10-2021 23:28:16 evaluateBattery(804) -- battery under 3.50v
INFO: 11-10-2021 23:28:16 printStatus(169) -- Drogno_6: hovering	battery: 3.46	kalman var: 0.001 0.001 0.001	 batterySag: 0.776	link quality: 54	flight time: 77s	pos -0.38 -0.82 1.44	yaw: -0.93	msg/s 23.6
WARNING: 11-10-2021 23:28:17 evaluateBattery(804) -- battery under 3.50v
WARNING: 11-10-2021 23:28:17 evaluateBattery(804) -- battery under 3.50v
INFO: 11-10-2021 23:28:18 printStatus(169) -- Drogno_6: hovering	battery: 3.46	kalman var: 0.002 0.002 0.001	 batterySag: 0.776	link quality: 65	flight time: 78s	pos -0.51 -1.00 1.45	yaw: -1.37	msg/s 23.6
WARNING: 11-10-2021 23:28:18 evaluateBattery(804) -- battery under 3.50v
WARNING: 11-10-2021 23:28:19 evaluateBattery(804) -- battery under 3.50v
WARNING: 11-10-2021 23:28:19 evaluateBattery(804) -- battery under 3.50v
INFO: 11-10-2021 23:28:20 printStatus(169) -- Drogno_6: hovering	battery: 3.46	kalman var: 0.001 0.001 0.001	 batterySag: 0.776	link quality: 55	flight time: 80s	pos 0.49 -1.10 1.50	yaw: 1.18	msg/s 23.6
WARNING: 11-10-2021 23:28:20 evaluateBattery(804) -- battery under 3.50v
INFO: 11-10-2021 23:28:21 printStatus(169) -- Drogno_6: hovering	battery: 3.5	kalman var: 0.002 0.002 0.001	 batterySag: 0.776	link quality: 59	flight time: 82s	pos 0.56 -1.00 1.57	yaw: -5.39	msg/s 20.0
WARNING: 11-10-2021 23:28:21 evaluateBattery(804) -- battery under 3.50v
WARNING: 11-10-2021 23:28:22 evaluateBattery(804) -- battery under 3.50v
INFO: 11-10-2021 23:28:22 printStatus(169) -- Drogno_6: hovering	battery: 3.45	kalman var: 0.001 0.001 0.001	 batterySag: 0.776	link quality: 55	flight time: 83s	pos 0.49 -0.95 1.70	yaw: 3.07	msg/s 25.5
WARNING: 11-10-2021 23:28:22 evaluateBattery(804) -- battery under 3.50v
WARNING: 11-10-2021 23:28:23 evaluateBattery(804) -- battery under 3.50v
WARNING: 11-10-2021 23:28:24 evaluateBattery(804) -- battery under 3.50v
INFO: 11-10-2021 23:28:24 printStatus(169) -- Drogno_6: hovering	battery: 3.38	kalman var: 0.0 0.0 0.0	 batterySag: 0.776	link quality: 60	flight time: 84s	pos 0.51 -0.92 1.62	yaw: 2.53	msg/s 21.8
WARNING: 11-10-2021 23:28:24 evaluateBattery(804) -- battery under 3.50v
WARNING: 11-10-2021 23:28:25 evaluateBattery(804) -- battery under 3.50v
INFO: 11-10-2021 23:28:25 printStatus(169) -- Drogno_6: moving	battery: 3.44	kalman var: 0.0 0.0 0.0	 batterySag: 0.776	link quality: 57	flight time: 86s	pos 0.51 -0.96 1.65	yaw: 3.22	msg/s 23.6
WARNING: 11-10-2021 23:28:26 evaluateBattery(804) -- battery under 3.50v
WARNING: 11-10-2021 23:28:26 evaluateBattery(804) -- battery under 3.50v
INFO: 11-10-2021 23:28:26 printStatus(169) -- Drogno_6: hovering	battery: 3.45	kalman var: 0.002 0.002 0.001	 batterySag: 0.776	link quality: 54	flight time: 87s	pos 0.49 -0.97 1.67	yaw: 1.11	msg/s 21.8
WARNING: 11-10-2021 23:28:27 evaluateBattery(804) -- battery under 3.50v
WARNING: 11-10-2021 23:28:28 evaluateBattery(804) -- battery under 3.50v
INFO: 11-10-2021 23:28:28 printStatus(169) -- Drogno_6: hovering	battery: 3.44	kalman var: 0.004 0.004 0.002	 batterySag: 0.776	link quality: 58	flight time: 89s	pos 0.49 -0.97 1.67	yaw: 0.73	msg/s 23.6
WARNING: 11-10-2021 23:28:29 evaluateBattery(804) -- battery under 3.50v
INFO: 11-10-2021 23:28:29 printStatus(169) -- Drogno_6: hovering	battery: 3.44	kalman var: 0.003 0.003 0.001	 batterySag: 0.776	link quality: 61	flight time: 90s	pos 0.50 -0.98 1.66	yaw: -1.09	msg/s 20.0
WARNING: 11-10-2021 23:28:29 evaluateBattery(804) -- battery under 3.50v
WARNING: 11-10-2021 23:28:30 evaluateBattery(804) -- battery under 3.50v
WARNING: 11-10-2021 23:28:31 evaluateBattery(804) -- battery under 3.50v
INFO: 11-10-2021 23:28:31 printStatus(169) -- Drogno_6: hovering	battery: 3.33	kalman var: 0.001 0.001 0.001	 batterySag: 0.776	link quality: 56	flight time: 91s	pos 0.67 -0.94 1.39	yaw: 2.30	msg/s 21.8
WARNING: 11-10-2021 23:28:31 evaluateBattery(815) -- battery under 3.35v
WARNING: 11-10-2021 23:28:32 evaluateBattery(804) -- battery under 3.50v
WARNING: 11-10-2021 23:28:33 evaluateBattery(804) -- battery under 3.50v
INFO: 11-10-2021 23:28:33 printStatus(169) -- Drogno_6: ready	battery: 3.42	kalman var: 0.001 0.001 0.001	 batterySag: 0.776	link quality: 54	flight time: 93s	pos 0.49 -0.98 1.62	yaw: -1.20	msg/s 34.5
WARNING: 11-10-2021 23:28:34 evaluateBattery(804) -- battery under 3.50v
WARNING: 11-10-2021 23:28:34 evaluateBattery(804) -- battery under 3.50v
WARNING: 11-10-2021 23:28:34 evaluateBattery(815) -- battery under 3.35v
INFO: 11-10-2021 23:28:35 printStatus(169) -- Drogno_6: stand by	battery: 3.33	kalman var: 0.0 0.0 0.0	 batterySag: 0.776	link quality: 69	flight time: 93s	pos 0.51 -0.95 0.19	yaw: -0.56	msg/s 32.7
INFO: 11-10-2021 23:28:37 printStatus(169) -- Drogno_6: stand by	battery: 3.33	kalman var: 0.0 0.0 0.0	 batterySag: 0.776	link quality: 69	flight time: 93s	pos 0.51 -0.95 0.19	yaw: -0.56	msg/s 21.8
INFO: 11-10-2021 23:28:38 printStatus(169) -- Drogno_6: stand by	battery: 3.33	kalman var: 0.0 0.0 0.0	 batterySag: 0.776	link quality: 69	flight time: 93s	pos 0.51 -0.95 0.19	yaw: -0.56	msg/s 21.8
INFO: 11-10-2021 23:28:39 printStatus(169) -- Drogno_6: stand by	battery: 3.33	kalman var: 0.0 0.0 0.0	 batterySag: 0.776	link quality: 69	flight time: 93s	pos 0.51 -0.95 0.19	yaw: -0.56	msg/s 7.3
INFO: 11-10-2021 23:28:40 printStatus(169) -- Drogno_6: stand by	battery: 3.33	kalman var: 0.0 0.0 0.0	 batterySag: 0.776	link quality: 69	flight time: 93s	pos 0.51 -0.95 0.19	yaw: -0.56	msg/s 0.0
INFO: 11-10-2021 23:28:41 printStatus(169) -- Drogno_6: stand by	battery: 3.33	kalman var: 0.0 0.0 0.0	 batterySag: 0.776	link quality: 69	flight time: 93s	pos 0.51 -0.95 0.19	yaw: -0.56	msg/s 0.0
WARNING: 11-10-2021 23:28:51 exit(859) -- closing Drogno_6
