INFO: 12-10-2021 14:11:19 __init__(130) -- This is dronelog running on Drogno_3
INFO: 12-10-2021 14:11:19 printStatus(166) -- Started
INFO: 12-10-2021 14:11:20 printStatus(169) -- Drogno_3: connecting	battery: n.p.	kalman var: 0 0 0	 batterySag: 0	link quality: 0	flight time: 0s	pos 0.00 0.00 0.00	yaw: 0.00	msg/s 0.0
INFO: 12-10-2021 14:11:22 printStatus(169) -- Drogno_3: connecting	battery: n.p.	kalman var: 0 0 0	 batterySag: 0	link quality: 0	flight time: 0s	pos 0.00 0.00 0.00	yaw: 0.00	msg/s 0.0
INFO: 12-10-2021 14:11:23 printStatus(169) -- Drogno_3: connecting	battery: n.p.	kalman var: 0 0 0	 batterySag: 0	link quality: 0	flight time: 0s	pos 0.00 0.00 0.00	yaw: 0.00	msg/s 0.0
INFO: 12-10-2021 14:11:24 printStatus(169) -- Drogno_3: connecting	battery: n.p.	kalman var: 0 0 0	 batterySag: 0	link quality: 0	flight time: 0s	pos 0.00 0.00 0.00	yaw: 0.00	msg/s 0.0
INFO: 12-10-2021 14:11:26 printStatus(169) -- Drogno_3: landed	battery: n.p.	kalman var: 0 0 0	 batterySag: 0	link quality: 0	flight time: 0s	pos 0.00 0.00 0.00	yaw: 0.00	msg/s 0.0
INFO: 12-10-2021 14:11:27 printStatus(169) -- Drogno_3: landed	battery: n.p.	kalman var: 0 0 0	 batterySag: 0	link quality: 0	flight time: 0s	pos 0.00 0.00 0.00	yaw: 0.00	msg/s 0.0
INFO: 12-10-2021 14:11:28 printStatus(169) -- Drogno_3: landed	battery: n.p.	kalman var: 0 0 0	 batterySag: 0	link quality: 0	flight time: 0s	pos 0.00 0.00 0.00	yaw: 0.00	msg/s 0.0
INFO: 12-10-2021 14:11:29 printStatus(169) -- Drogno_3: ready	battery: 4.16	kalman var: 0.001 0.001 0.001	 batterySag: 0.655	link quality: 62	flight time: 0s	pos 0.77 0.63 -0.02	yaw: -2.86	msg/s 0.0
INFO: 12-10-2021 14:11:31 printStatus(169) -- Drogno_3: ready	battery: 4.16	kalman var: 0.0 0.0 0.0	 batterySag: 0.655	link quality: 62	flight time: 0s	pos 0.77 0.63 -0.02	yaw: -3.12	msg/s 0.0
INFO: 12-10-2021 14:11:32 printStatus(169) -- Drogno_3: ready	battery: 4.16	kalman var: 0.0 0.0 0.0	 batterySag: 0.655	link quality: 61	flight time: 0s	pos 0.77 0.63 -0.02	yaw: -3.15	msg/s 0.0
INFO: 12-10-2021 14:11:33 printStatus(169) -- Drogno_3: ready	battery: 4.16	kalman var: 0.0 0.0 0.0	 batterySag: 0.655	link quality: 61	flight time: 0s	pos 0.77 0.63 -0.02	yaw: -3.17	msg/s 0.0
INFO: 12-10-2021 14:11:34 printStatus(169) -- Drogno_3: ready	battery: 4.16	kalman var: 0.0 0.0 0.0	 batterySag: 0.655	link quality: 63	flight time: 0s	pos 0.77 0.63 -0.02	yaw: -3.13	msg/s 0.0
INFO: 12-10-2021 14:11:35 printStatus(169) -- Drogno_3: ready	battery: 4.16	kalman var: 0.0 0.0 0.0	 batterySag: 0.655	link quality: 63	flight time: 0s	pos 0.77 0.63 -0.02	yaw: -3.12	msg/s 0.0
INFO: 12-10-2021 14:11:37 printStatus(169) -- Drogno_3: ready	battery: 4.16	kalman var: 0.001 0.001 0.001	 batterySag: 0.655	link quality: 63	flight time: 0s	pos 0.76 0.63 -0.02	yaw: -3.08	msg/s 0.0
INFO: 12-10-2021 14:11:38 printStatus(169) -- Drogno_3: ready	battery: 4.16	kalman var: 0.0 0.0 0.0	 batterySag: 0.655	link quality: 64	flight time: 0s	pos 0.77 0.63 -0.02	yaw: -3.10	msg/s 0.0
INFO: 12-10-2021 14:11:39 printStatus(169) -- Drogno_3: ready	battery: 4.16	kalman var: 0.0 0.0 0.0	 batterySag: 0.655	link quality: 62	flight time: 0s	pos 0.77 0.63 -0.02	yaw: -3.07	msg/s 0.0
INFO: 12-10-2021 14:11:40 printStatus(169) -- Drogno_3: ready	battery: 4.16	kalman var: 0.0 0.0 0.0	 batterySag: 0.655	link quality: 63	flight time: 0s	pos 0.77 0.63 -0.02	yaw: -3.12	msg/s 0.0
INFO: 12-10-2021 14:11:41 printStatus(169) -- Drogno_3: ready	battery: 4.16	kalman var: 0.0 0.0 0.0	 batterySag: 0.655	link quality: 63	flight time: 0s	pos 0.77 0.63 -0.02	yaw: -3.11	msg/s 0.0
INFO: 12-10-2021 14:11:42 printStatus(169) -- Drogno_3: ready	battery: 4.16	kalman var: 0.001 0.001 0.001	 batterySag: 0.655	link quality: 63	flight time: 0s	pos 0.77 0.63 -0.02	yaw: -2.99	msg/s 0.0
INFO: 12-10-2021 14:11:43 printStatus(169) -- Drogno_3: ready	battery: 4.16	kalman var: 0.0 0.0 0.0	 batterySag: 0.655	link quality: 62	flight time: 0s	pos 0.77 0.63 -0.02	yaw: -3.14	msg/s 0.0
INFO: 12-10-2021 14:11:45 printStatus(169) -- Drogno_3: ready	battery: 4.16	kalman var: 0.0 0.0 0.0	 batterySag: 0.655	link quality: 63	flight time: 0s	pos 0.77 0.63 -0.02	yaw: -3.15	msg/s 0.0
INFO: 12-10-2021 14:11:46 printStatus(169) -- Drogno_3: ready	battery: 4.16	kalman var: 0.0 0.0 0.0	 batterySag: 0.655	link quality: 63	flight time: 0s	pos 0.77 0.63 -0.02	yaw: -3.11	msg/s 0.0
INFO: 12-10-2021 14:11:47 printStatus(169) -- Drogno_3: ready	battery: 4.16	kalman var: 0.0 0.0 0.0	 batterySag: 0.655	link quality: 62	flight time: 0s	pos 0.77 0.63 -0.02	yaw: -3.15	msg/s 0.0
INFO: 12-10-2021 14:11:48 printStatus(169) -- Drogno_3: ready	battery: 4.16	kalman var: 0.0 0.0 0.0	 batterySag: 0.655	link quality: 63	flight time: 0s	pos 0.77 0.63 -0.02	yaw: -3.09	msg/s 0.0
INFO: 12-10-2021 14:11:49 printStatus(169) -- Drogno_3: ready	battery: 4.16	kalman var: 0.0 0.0 0.0	 batterySag: 0.655	link quality: 63	flight time: 0s	pos 0.77 0.63 -0.02	yaw: -3.10	msg/s 0.0
INFO: 12-10-2021 14:11:51 printStatus(169) -- Drogno_3: ready	battery: 4.16	kalman var: 0.0 0.0 0.0	 batterySag: 0.655	link quality: 63	flight time: 0s	pos 0.77 0.63 -0.02	yaw: -3.15	msg/s 0.0
INFO: 12-10-2021 14:11:52 printStatus(169) -- Drogno_3: ready	battery: 4.16	kalman var: 0.0 0.0 0.0	 batterySag: 0.655	link quality: 63	flight time: 0s	pos 0.77 0.63 -0.02	yaw: -3.09	msg/s 0.0
INFO: 12-10-2021 14:11:53 printStatus(169) -- Drogno_3: ready	battery: 4.16	kalman var: 0.0 0.0 0.001	 batterySag: 0.655	link quality: 63	flight time: 0s	pos 0.77 0.63 -0.02	yaw: -3.17	msg/s 0.0
INFO: 12-10-2021 14:11:54 printStatus(169) -- Drogno_3: ready	battery: 4.16	kalman var: 0.0 0.0 0.0	 batterySag: 0.655	link quality: 63	flight time: 0s	pos 0.77 0.63 -0.02	yaw: -3.13	msg/s 0.0
INFO: 12-10-2021 14:11:56 printStatus(169) -- Drogno_3: ready	battery: 4.16	kalman var: 0.0 0.0 0.0	 batterySag: 0.655	link quality: 63	flight time: 0s	pos 0.77 0.63 -0.02	yaw: -3.07	msg/s 0.0
INFO: 12-10-2021 14:11:57 printStatus(169) -- Drogno_3: ready	battery: 4.16	kalman var: 0.0 0.0 0.0	 batterySag: 0.655	link quality: 63	flight time: 0s	pos 0.77 0.63 -0.02	yaw: -3.07	msg/s 0.0
INFO: 12-10-2021 14:11:59 printStatus(169) -- Drogno_3: ready	battery: 4.16	kalman var: 0.0 0.0 0.0	 batterySag: 0.655	link quality: 63	flight time: 0s	pos 0.77 0.63 -0.02	yaw: -3.09	msg/s 0.0
INFO: 12-10-2021 14:12:00 printStatus(169) -- Drogno_3: ready	battery: 4.16	kalman var: 0.0 0.0 0.0	 batterySag: 0.655	link quality: 63	flight time: 0s	pos 0.77 0.63 -0.02	yaw: -3.07	msg/s 0.0
INFO: 12-10-2021 14:12:01 printStatus(169) -- Drogno_3: ready	battery: 4.16	kalman var: 0.0 0.0 0.001	 batterySag: 0.655	link quality: 63	flight time: 0s	pos 0.77 0.63 -0.02	yaw: -3.00	msg/s 0.0
INFO: 12-10-2021 14:12:02 printStatus(169) -- Drogno_3: ready	battery: 4.16	kalman var: 0.0 0.0 0.0	 batterySag: 0.655	link quality: 63	flight time: 0s	pos 0.77 0.63 -0.02	yaw: -3.04	msg/s 0.0
INFO: 12-10-2021 14:12:03 printStatus(169) -- Drogno_3: ready	battery: 4.16	kalman var: 0.0 0.0 0.0	 batterySag: 0.655	link quality: 63	flight time: 0s	pos 0.77 0.63 -0.02	yaw: -3.08	msg/s 0.0
INFO: 12-10-2021 14:12:04 printStatus(169) -- Drogno_3: ready	battery: 4.16	kalman var: 0.0 0.0 0.0	 batterySag: 0.655	link quality: 63	flight time: 0s	pos 0.77 0.63 -0.02	yaw: -3.07	msg/s 0.0
INFO: 12-10-2021 14:12:06 printStatus(169) -- Drogno_3: ready	battery: 4.16	kalman var: 0.0 0.0 0.0	 batterySag: 0.655	link quality: 63	flight time: 0s	pos 0.77 0.63 -0.02	yaw: -3.07	msg/s 0.0
INFO: 12-10-2021 14:12:08 printStatus(169) -- Drogno_3: ready	battery: 4.16	kalman var: 0.0 0.0 0.001	 batterySag: 0.655	link quality: 62	flight time: 0s	pos 0.77 0.63 -0.02	yaw: -3.13	msg/s 0.0
INFO: 12-10-2021 14:12:09 printStatus(169) -- Drogno_3: ready	battery: 4.16	kalman var: 0.0 0.0 0.0	 batterySag: 0.655	link quality: 63	flight time: 0s	pos 0.77 0.63 -0.02	yaw: -3.08	msg/s 0.0
INFO: 12-10-2021 14:12:10 printStatus(169) -- Drogno_3: ready	battery: 4.16	kalman var: 0.0 0.0 0.0	 batterySag: 0.655	link quality: 62	flight time: 0s	pos 0.77 0.63 -0.02	yaw: -3.14	msg/s 0.0
INFO: 12-10-2021 14:12:11 printStatus(169) -- Drogno_3: ready	battery: 4.16	kalman var: 0.0 0.0 0.0	 batterySag: 0.655	link quality: 63	flight time: 0s	pos 0.77 0.63 -0.02	yaw: -3.08	msg/s 0.0
INFO: 12-10-2021 14:12:13 printStatus(169) -- Drogno_3: ready	battery: 4.16	kalman var: 0.0 0.0 0.0	 batterySag: 0.655	link quality: 63	flight time: 0s	pos 0.77 0.63 -0.02	yaw: -3.12	msg/s 0.0
INFO: 12-10-2021 14:12:14 printStatus(169) -- Drogno_3: ready	battery: 4.16	kalman var: 0.001 0.001 0.001	 batterySag: 0.655	link quality: 63	flight time: 0s	pos 0.77 0.63 -0.02	yaw: -3.09	msg/s 0.0
INFO: 12-10-2021 14:12:15 printStatus(169) -- Drogno_3: ready	battery: 4.16	kalman var: 0.0 0.0 0.0	 batterySag: 0.655	link quality: 63	flight time: 0s	pos 0.77 0.63 -0.02	yaw: -3.12	msg/s 0.0
INFO: 12-10-2021 14:12:17 printStatus(169) -- Drogno_3: ready	battery: 4.16	kalman var: 0.0 0.0 0.0	 batterySag: 0.655	link quality: 61	flight time: 0s	pos 0.77 0.63 -0.02	yaw: -3.13	msg/s 0.0
INFO: 12-10-2021 14:12:18 printStatus(169) -- Drogno_3: ready	battery: 4.16	kalman var: 0.0 0.0 0.0	 batterySag: 0.655	link quality: 63	flight time: 0s	pos 0.77 0.63 -0.02	yaw: -3.16	msg/s 0.0
INFO: 12-10-2021 14:12:19 printStatus(169) -- Drogno_3: ready	battery: 4.16	kalman var: 0.0 0.0 0.0	 batterySag: 0.655	link quality: 63	flight time: 0s	pos 0.77 0.63 -0.02	yaw: -3.13	msg/s 0.0
INFO: 12-10-2021 14:12:20 printStatus(169) -- Drogno_3: ready	battery: 4.16	kalman var: 0.0 0.0 0.0	 batterySag: 0.655	link quality: 62	flight time: 0s	pos 0.77 0.63 -0.02	yaw: -3.11	msg/s 0.0
INFO: 12-10-2021 14:12:21 printStatus(169) -- Drogno_3: ready	battery: 4.16	kalman var: 0.0 0.0 0.0	 batterySag: 0.655	link quality: 62	flight time: 0s	pos 0.77 0.63 -0.02	yaw: -3.12	msg/s 0.0
INFO: 12-10-2021 14:12:23 printStatus(169) -- Drogno_3: ready	battery: 4.16	kalman var: 0.0 0.0 0.0	 batterySag: 0.655	link quality: 62	flight time: 0s	pos 0.77 0.63 -0.02	yaw: -3.16	msg/s 0.0
INFO: 12-10-2021 14:12:24 printStatus(169) -- Drogno_3: ready	battery: 4.16	kalman var: 0.0 0.0 0.0	 batterySag: 0.655	link quality: 63	flight time: 0s	pos 0.77 0.63 -0.02	yaw: -3.12	msg/s 0.0
INFO: 12-10-2021 14:12:25 printStatus(169) -- Drogno_3: ready	battery: 4.16	kalman var: 0.0 0.0 0.0	 batterySag: 0.655	link quality: 63	flight time: 0s	pos 0.77 0.63 -0.02	yaw: -3.13	msg/s 0.0
INFO: 12-10-2021 14:12:27 printStatus(169) -- Drogno_3: ready	battery: 4.16	kalman var: 0.0 0.0 0.0	 batterySag: 0.655	link quality: 63	flight time: 0s	pos 0.77 0.63 -0.02	yaw: -3.12	msg/s 0.0
INFO: 12-10-2021 14:12:28 printStatus(169) -- Drogno_3: ready	battery: 4.16	kalman var: 0.0 0.0 0.0	 batterySag: 0.655	link quality: 63	flight time: 0s	pos 0.77 0.63 -0.02	yaw: -3.16	msg/s 0.0
INFO: 12-10-2021 14:12:29 printStatus(169) -- Drogno_3: ready	battery: 4.16	kalman var: 0.0 0.0 0.0	 batterySag: 0.655	link quality: 63	flight time: 0s	pos 0.77 0.63 -0.02	yaw: -3.16	msg/s 0.0
INFO: 12-10-2021 14:12:31 printStatus(169) -- Drogno_3: ready	battery: 4.16	kalman var: 0.001 0.001 0.001	 batterySag: 0.655	link quality: 63	flight time: 0s	pos 0.76 0.63 -0.02	yaw: -3.09	msg/s 0.0
INFO: 12-10-2021 14:12:32 printStatus(169) -- Drogno_3: ready	battery: 4.16	kalman var: 0.0 0.0 0.0	 batterySag: 0.655	link quality: 62	flight time: 0s	pos 0.77 0.63 -0.02	yaw: -3.17	msg/s 0.0
INFO: 12-10-2021 14:12:33 printStatus(169) -- Drogno_3: ready	battery: 4.16	kalman var: 0.0 0.0 0.0	 batterySag: 0.655	link quality: 63	flight time: 0s	pos 0.77 0.63 -0.02	yaw: -3.12	msg/s 0.0
INFO: 12-10-2021 14:12:34 printStatus(169) -- Drogno_3: ready	battery: 4.16	kalman var: 0.0 0.0 0.0	 batterySag: 0.655	link quality: 62	flight time: 0s	pos 0.77 0.63 -0.02	yaw: -3.13	msg/s 0.0
INFO: 12-10-2021 14:12:36 printStatus(169) -- Drogno_3: ready	battery: 4.16	kalman var: 0.001 0.001 0.001	 batterySag: 0.655	link quality: 63	flight time: 0s	pos 0.77 0.63 -0.02	yaw: -3.09	msg/s 0.0
INFO: 12-10-2021 14:12:37 printStatus(169) -- Drogno_3: ready	battery: 4.16	kalman var: 0.0 0.0 0.0	 batterySag: 0.655	link quality: 63	flight time: 0s	pos 0.77 0.63 -0.02	yaw: -3.16	msg/s 0.0
INFO: 12-10-2021 14:12:38 printStatus(169) -- Drogno_3: ready	battery: 4.16	kalman var: 0.0 0.0 0.0	 batterySag: 0.655	link quality: 62	flight time: 0s	pos 0.77 0.63 -0.02	yaw: -3.11	msg/s 0.0
INFO: 12-10-2021 14:12:40 printStatus(169) -- Drogno_3: ready	battery: 4.16	kalman var: 0.0 0.0 0.0	 batterySag: 0.655	link quality: 62	flight time: 0s	pos 0.77 0.63 -0.02	yaw: -3.13	msg/s 0.0
INFO: 12-10-2021 14:12:41 printStatus(169) -- Drogno_3: ready	battery: 4.16	kalman var: 0.0 0.0 0.0	 batterySag: 0.655	link quality: 63	flight time: 0s	pos 0.77 0.63 -0.02	yaw: -3.14	msg/s 0.0
INFO: 12-10-2021 14:12:43 printStatus(169) -- Drogno_3: ready	battery: 4.16	kalman var: 0.0 0.0 0.0	 batterySag: 0.655	link quality: 62	flight time: 0s	pos 0.77 0.63 -0.02	yaw: -3.09	msg/s 0.0
INFO: 12-10-2021 14:12:44 printStatus(169) -- Drogno_3: ready	battery: 4.16	kalman var: 0.0 0.0 0.0	 batterySag: 0.655	link quality: 62	flight time: 0s	pos 0.77 0.63 -0.02	yaw: -3.15	msg/s 0.0
INFO: 12-10-2021 14:12:45 printStatus(169) -- Drogno_3: ready	battery: 4.16	kalman var: 0.0 0.0 0.0	 batterySag: 0.655	link quality: 62	flight time: 0s	pos 0.77 0.63 -0.02	yaw: -3.20	msg/s 0.0
INFO: 12-10-2021 14:12:46 printStatus(169) -- Drogno_3: ready	battery: 4.16	kalman var: 0.0 0.0 0.0	 batterySag: 0.655	link quality: 62	flight time: 0s	pos 0.77 0.63 -0.02	yaw: -3.14	msg/s 0.0
INFO: 12-10-2021 14:12:47 printStatus(169) -- Drogno_3: ready	battery: 4.16	kalman var: 0.0 0.0 0.001	 batterySag: 0.655	link quality: 62	flight time: 0s	pos 0.77 0.63 -0.02	yaw: -3.14	msg/s 0.0
INFO: 12-10-2021 14:12:49 printStatus(169) -- Drogno_3: hovering	battery: 4.15	kalman var: 0.001 0.001 0.001	 batterySag: 0.655	link quality: 63	flight time: 0s	pos 0.77 0.63 -0.02	yaw: -3.08	msg/s 0.0
INFO: 12-10-2021 14:12:50 printStatus(169) -- Drogno_3: ready	battery: 3.85	kalman var: 0.001 0.001 0.001	 batterySag: 0.655	link quality: 62	flight time: 0s	pos 0.77 0.62 0.00	yaw: -8.92	msg/s 0.0
INFO: 12-10-2021 14:12:52 printStatus(169) -- Drogno_3: ready	battery: 3.82	kalman var: 0.0 0.0 0.0	 batterySag: 0.655	link quality: 56	flight time: 1s	pos 0.78 0.61 0.83	yaw: -3.54	msg/s 0.0
INFO: 12-10-2021 14:12:53 printStatus(169) -- Drogno_3: ready	battery: 3.81	kalman var: 0.0 0.0 0.0	 batterySag: 0.655	link quality: 56	flight time: 3s	pos 0.77 0.63 0.86	yaw: -1.52	msg/s 0.0
INFO: 12-10-2021 14:12:54 printStatus(169) -- Drogno_3: ready	battery: 3.8	kalman var: 0.0 0.0 0.0	 batterySag: 0.655	link quality: 56	flight time: 4s	pos 0.77 0.63 0.86	yaw: -0.16	msg/s 0.0
INFO: 12-10-2021 14:12:55 printStatus(169) -- Drogno_3: ready	battery: 3.79	kalman var: 0.0 0.0 0.001	 batterySag: 0.655	link quality: 56	flight time: 5s	pos 0.77 0.63 0.85	yaw: 0.31	msg/s 0.0
INFO: 12-10-2021 14:12:56 printStatus(169) -- Drogno_3: ready	battery: 3.77	kalman var: 0.0 0.0 0.0	 batterySag: 0.655	link quality: 56	flight time: 6s	pos 0.77 0.62 0.84	yaw: 0.05	msg/s 0.0
INFO: 12-10-2021 14:12:58 printStatus(169) -- Drogno_3: ready	battery: 3.77	kalman var: 0.0 0.0 0.0	 batterySag: 0.655	link quality: 57	flight time: 7s	pos 0.77 0.61 0.84	yaw: -0.60	msg/s 0.0
INFO: 12-10-2021 14:12:59 printStatus(169) -- Drogno_3: ready	battery: 3.75	kalman var: 0.0 0.0 0.0	 batterySag: 0.655	link quality: 56	flight time: 8s	pos 0.77 0.63 0.82	yaw: -1.59	msg/s 0.0
INFO: 12-10-2021 14:13:00 printStatus(169) -- Drogno_3: ready	battery: 3.75	kalman var: 0.0 0.0 0.0	 batterySag: 0.655	link quality: 59	flight time: 10s	pos 0.76 0.63 0.81	yaw: -0.34	msg/s 0.0
INFO: 12-10-2021 14:13:01 printStatus(169) -- Drogno_3: ready	battery: 3.75	kalman var: 0.0 0.0 0.0	 batterySag: 0.655	link quality: 58	flight time: 11s	pos 0.77 0.62 0.82	yaw: -0.20	msg/s 0.0
INFO: 12-10-2021 14:13:02 printStatus(169) -- Drogno_3: ready	battery: 3.74	kalman var: 0.0 0.0 0.0	 batterySag: 0.655	link quality: 58	flight time: 12s	pos 0.77 0.61 0.81	yaw: 1.93	msg/s 0.0
INFO: 12-10-2021 14:13:04 printStatus(169) -- Drogno_3: ready	battery: 3.73	kalman var: 0.0 0.0 0.0	 batterySag: 0.655	link quality: 59	flight time: 13s	pos 0.77 0.63 0.81	yaw: -1.90	msg/s 0.0
INFO: 12-10-2021 14:13:05 printStatus(169) -- Drogno_3: ready	battery: 3.73	kalman var: 0.0 0.0 0.0	 batterySag: 0.655	link quality: 60	flight time: 15s	pos 0.77 0.63 0.81	yaw: -1.79	msg/s 0.0
INFO: 12-10-2021 14:13:07 printStatus(169) -- Drogno_3: moving	battery: 3.73	kalman var: 0.0 0.0 0.0	 batterySag: 0.655	link quality: 58	flight time: 16s	pos 0.77 0.63 0.81	yaw: -0.68	msg/s 10.9
INFO: 12-10-2021 14:13:08 printStatus(169) -- Drogno_3: hovering	battery: 3.72	kalman var: 0.0 0.0 0.0	 batterySag: 0.655	link quality: 61	flight time: 17s	pos 0.77 0.52 1.12	yaw: 0.42	msg/s 9.1
INFO: 12-10-2021 14:13:09 printStatus(169) -- Drogno_3: hovering	battery: 3.72	kalman var: 0.001 0.001 0.001	 batterySag: 0.655	link quality: 58	flight time: 19s	pos 0.76 0.49 1.13	yaw: 0.54	msg/s 9.1
INFO: 12-10-2021 14:13:10 printStatus(169) -- Drogno_3: hovering	battery: 3.72	kalman var: 0.0 0.0 0.0	 batterySag: 0.655	link quality: 58	flight time: 20s	pos 0.73 0.48 1.13	yaw: -0.26	msg/s 9.1
INFO: 12-10-2021 14:13:11 printStatus(169) -- Drogno_3: hovering	battery: 3.7	kalman var: 0.0 0.0 0.0	 batterySag: 0.655	link quality: 65	flight time: 21s	pos 0.69 0.45 1.10	yaw: -0.28	msg/s 9.1
INFO: 12-10-2021 14:13:13 printStatus(169) -- Drogno_3: hovering	battery: 3.7	kalman var: 0.001 0.001 0.001	 batterySag: 0.655	link quality: 65	flight time: 22s	pos 0.65 0.41 1.10	yaw: -0.10	msg/s 10.9
INFO: 12-10-2021 14:13:14 printStatus(169) -- Drogno_3: hovering	battery: 3.71	kalman var: 0.0 0.0 0.0	 batterySag: 0.655	link quality: 59	flight time: 24s	pos 0.65 0.38 1.10	yaw: -2.84	msg/s 1.8
INFO: 12-10-2021 14:13:15 printStatus(169) -- Drogno_3: hovering	battery: 3.7	kalman var: 0.003 0.003 0.001	 batterySag: 0.655	link quality: 58	flight time: 25s	pos 0.64 0.41 1.13	yaw: 0.58	msg/s 9.1
INFO: 12-10-2021 14:13:17 printStatus(169) -- Drogno_3: moving	battery: 3.7	kalman var: 0.0 0.0 0.0	 batterySag: 0.655	link quality: 60	flight time: 26s	pos 0.56 0.36 1.11	yaw: -2.10	msg/s 9.1
INFO: 12-10-2021 14:13:18 printStatus(169) -- Drogno_3: hovering	battery: 3.7	kalman var: 0.001 0.001 0.001	 batterySag: 0.655	link quality: 56	flight time: 27s	pos 0.24 0.31 1.13	yaw: -2.25	msg/s 9.1
INFO: 12-10-2021 14:13:19 printStatus(169) -- Drogno_3: hovering	battery: 3.69	kalman var: 0.0 0.0 0.0	 batterySag: 0.655	link quality: 58	flight time: 29s	pos -0.00 0.30 1.11	yaw: 3.71	msg/s 14.5
INFO: 12-10-2021 14:13:21 printStatus(169) -- Drogno_3: hovering	battery: 3.67	kalman var: 0.0 0.0 0.0	 batterySag: 0.655	link quality: 55	flight time: 30s	pos -0.85 0.15 1.10	yaw: 6.09	msg/s 20.0
INFO: 12-10-2021 14:13:22 printStatus(169) -- Drogno_3: hovering	battery: 3.7	kalman var: 0.0 0.0 0.0	 batterySag: 0.655	link quality: 55	flight time: 32s	pos -1.03 0.02 1.19	yaw: -0.59	msg/s 12.7
INFO: 12-10-2021 14:13:23 printStatus(169) -- Drogno_3: moving	battery: 3.67	kalman var: 0.001 0.001 0.001	 batterySag: 0.655	link quality: 57	flight time: 33s	pos -0.99 -0.10 1.07	yaw: 1.03	msg/s 7.3
INFO: 12-10-2021 14:13:24 printStatus(169) -- Drogno_3: hovering	battery: 3.63	kalman var: 0.0 0.0 0.0	 batterySag: 0.655	link quality: 53	flight time: 34s	pos -1.04 -0.32 0.95	yaw: -1.65	msg/s 7.3
INFO: 12-10-2021 14:13:26 printStatus(169) -- Drogno_3: hovering	battery: 3.68	kalman var: 0.0 0.0 0.0	 batterySag: 0.655	link quality: 61	flight time: 35s	pos -0.89 -0.40 1.16	yaw: 0.83	msg/s 10.9
INFO: 12-10-2021 14:13:27 printStatus(169) -- Drogno_3: moving	battery: 3.66	kalman var: 0.0 0.0 0.0	 batterySag: 0.655	link quality: 52	flight time: 37s	pos -0.83 -0.47 0.97	yaw: 2.76	msg/s 25.5
INFO: 12-10-2021 14:13:29 printStatus(169) -- Drogno_3: hovering	battery: 3.67	kalman var: 0.0 0.0 0.0	 batterySag: 0.655	link quality: 54	flight time: 38s	pos -0.69 -0.52 1.19	yaw: 0.09	msg/s 21.8
INFO: 12-10-2021 14:13:30 printStatus(169) -- Drogno_3: hovering	battery: 3.66	kalman var: 0.0 0.0 0.0	 batterySag: 0.655	link quality: 53	flight time: 40s	pos -0.66 -0.52 1.06	yaw: -0.92	msg/s 9.1
INFO: 12-10-2021 14:13:31 printStatus(169) -- Drogno_3: hovering	battery: 3.67	kalman var: 0.001 0.001 0.001	 batterySag: 0.655	link quality: 51	flight time: 41s	pos -0.59 -0.52 1.10	yaw: -0.51	msg/s 9.1
INFO: 12-10-2021 14:13:32 printStatus(169) -- Drogno_3: hovering	battery: 3.67	kalman var: 0.001 0.001 0.001	 batterySag: 0.655	link quality: 58	flight time: 42s	pos -0.15 -0.54 1.12	yaw: 1.30	msg/s 12.7
INFO: 12-10-2021 14:13:33 printStatus(169) -- Drogno_3: hovering	battery: 3.67	kalman var: 0.0 0.0 0.001	 batterySag: 0.655	link quality: 56	flight time: 43s	pos 0.19 -0.16 1.11	yaw: -1.62	msg/s 21.8
INFO: 12-10-2021 14:13:34 printStatus(169) -- Drogno_3: hovering	battery: 3.66	kalman var: 0.0 0.0 0.0	 batterySag: 0.655	link quality: 56	flight time: 44s	pos 0.18 0.33 1.11	yaw: -0.65	msg/s 18.2
INFO: 12-10-2021 14:13:36 printStatus(169) -- Drogno_3: moving	battery: 3.65	kalman var: 0.0 0.0 0.0	 batterySag: 0.655	link quality: 56	flight time: 45s	pos -1.22 0.52 1.12	yaw: -0.50	msg/s 21.8
INFO: 12-10-2021 14:13:37 printStatus(169) -- Drogno_3: hovering	battery: 3.64	kalman var: 0.0 0.0 0.0	 batterySag: 0.655	link quality: 51	flight time: 46s	pos -1.49 -0.30 1.10	yaw: -1.16	msg/s 23.6
INFO: 12-10-2021 14:13:38 printStatus(169) -- Drogno_3: hovering	battery: 3.65	kalman var: 0.0 0.0 0.001	 batterySag: 0.655	link quality: 60	flight time: 48s	pos -0.88 -1.05 1.12	yaw: -0.56	msg/s 21.8
INFO: 12-10-2021 14:13:39 printStatus(169) -- Drogno_3: hovering	battery: 3.65	kalman var: 0.0 0.0 0.0	 batterySag: 0.655	link quality: 59	flight time: 49s	pos 0.08 -0.87 1.12	yaw: -0.01	msg/s 18.2
INFO: 12-10-2021 14:13:41 printStatus(169) -- Drogno_3: hovering	battery: 3.62	kalman var: 0.0 0.0 0.0	 batterySag: 0.655	link quality: 53	flight time: 50s	pos 0.46 -0.09 1.12	yaw: -0.62	msg/s 23.6
INFO: 12-10-2021 14:13:42 printStatus(169) -- Drogno_3: hovering	battery: 3.69	kalman var: 0.0 0.0 0.0	 batterySag: 0.655	link quality: 53	flight time: 52s	pos 0.36 -0.06 1.28	yaw: 1.08	msg/s 21.8
INFO: 12-10-2021 14:13:43 printStatus(169) -- Drogno_3: hovering	battery: 3.63	kalman var: 0.001 0.001 0.001	 batterySag: 0.655	link quality: 63	flight time: 53s	pos 0.36 -0.12 0.78	yaw: -18.86	msg/s 18.2
INFO: 12-10-2021 14:13:44 printStatus(169) -- Drogno_3: hovering	battery: 3.69	kalman var: 0.0 0.0 0.001	 batterySag: 0.655	link quality: 56	flight time: 54s	pos 0.23 -0.30 1.21	yaw: 1.27	msg/s 25.5
INFO: 12-10-2021 14:13:45 printStatus(169) -- Drogno_3: hovering	battery: 3.62	kalman var: 0.0 0.0 0.0	 batterySag: 0.655	link quality: 57	flight time: 55s	pos 0.08 -0.44 1.21	yaw: 1.33	msg/s 21.8
INFO: 12-10-2021 14:13:47 printStatus(169) -- Drogno_3: hovering	battery: 3.63	kalman var: 0.005 0.005 0.002	 batterySag: 0.655	link quality: 50	flight time: 56s	pos -0.52 -0.49 0.69	yaw: -4.91	msg/s 21.8
INFO: 12-10-2021 14:13:48 printStatus(169) -- Drogno_3: hovering	battery: 3.64	kalman var: 0.001 0.001 0.001	 batterySag: 0.655	link quality: 52	flight time: 58s	pos -0.68 -0.54 0.56	yaw: -4.15	msg/s 20.0
INFO: 12-10-2021 14:13:49 printStatus(169) -- Drogno_3: hovering	battery: 3.63	kalman var: 0.0 0.0 0.0	 batterySag: 0.655	link quality: 56	flight time: 59s	pos -0.82 -0.60 0.60	yaw: 0.18	msg/s 18.2
INFO: 12-10-2021 14:13:51 printStatus(169) -- Drogno_3: ready	battery: 3.61	kalman var: 0.0 0.0 0.0	 batterySag: 0.655	link quality: 55	flight time: 60s	pos -1.36 -0.51 0.85	yaw: 0.88	msg/s 21.8
INFO: 12-10-2021 14:13:52 printStatus(169) -- Drogno_3: hovering	battery: 3.63	kalman var: 0.0 0.0 0.0	 batterySag: 0.655	link quality: 56	flight time: 61s	pos -1.69 -0.24 1.06	yaw: -0.13	msg/s 21.8
INFO: 12-10-2021 14:13:53 printStatus(169) -- Drogno_3: hovering	battery: 3.63	kalman var: 0.001 0.001 0.001	 batterySag: 0.655	link quality: 61	flight time: 63s	pos -1.85 0.18 1.19	yaw: -0.45	msg/s 18.2
INFO: 12-10-2021 14:13:54 printStatus(169) -- Drogno_3: hovering	battery: 3.63	kalman var: 0.0 0.0 0.0	 batterySag: 0.655	link quality: 63	flight time: 64s	pos -1.65 0.53 1.23	yaw: 0.19	msg/s 27.3
INFO: 12-10-2021 14:13:55 printStatus(169) -- Drogno_3: hovering	battery: 3.62	kalman var: 0.0 0.0 0.0	 batterySag: 0.655	link quality: 63	flight time: 65s	pos -1.33 0.86 1.22	yaw: 0.12	msg/s 21.8
INFO: 12-10-2021 14:13:57 printStatus(169) -- Drogno_3: hovering	battery: 3.6	kalman var: 0.0 0.0 0.0	 batterySag: 0.655	link quality: 55	flight time: 66s	pos -0.37 1.26 1.15	yaw: 0.01	msg/s 23.6
INFO: 12-10-2021 14:13:58 printStatus(169) -- Drogno_3: hovering	battery: 3.6	kalman var: 0.0 0.0 0.0	 batterySag: 0.655	link quality: 63	flight time: 67s	pos -0.05 0.76 1.31	yaw: -0.26	msg/s 23.6
INFO: 12-10-2021 14:13:59 printStatus(169) -- Drogno_3: hovering	battery: 3.59	kalman var: 0.0 0.0 0.0	 batterySag: 0.655	link quality: 55	flight time: 69s	pos 0.14 0.28 1.58	yaw: 1.10	msg/s 18.2
INFO: 12-10-2021 14:14:00 printStatus(169) -- Drogno_3: hovering	battery: 3.62	kalman var: 0.0 0.0 0.0	 batterySag: 0.655	link quality: 59	flight time: 70s	pos 0.36 -0.28 1.77	yaw: 0.93	msg/s 20.0
INFO: 12-10-2021 14:14:02 printStatus(169) -- Drogno_3: hovering	battery: 3.62	kalman var: 0.0 0.0 0.0	 batterySag: 0.655	link quality: 64	flight time: 71s	pos -0.39 -1.06 1.25	yaw: 1.20	msg/s 20.0
INFO: 12-10-2021 14:14:03 printStatus(169) -- Drogno_3: hovering	battery: 3.61	kalman var: 0.002 0.002 0.001	 batterySag: 0.655	link quality: 52	flight time: 73s	pos -0.95 -1.03 0.93	yaw: -0.94	msg/s 21.8
INFO: 12-10-2021 14:14:05 printStatus(169) -- Drogno_3: ready	battery: 3.6	kalman var: 0.0 0.0 0.0	 batterySag: 0.655	link quality: 51	flight time: 74s	pos -1.70 -0.33 0.45	yaw: 1.17	msg/s 21.8
INFO: 12-10-2021 14:14:06 printStatus(169) -- Drogno_3: hovering	battery: 3.57	kalman var: 0.0 0.0 0.0	 batterySag: 0.655	link quality: 56	flight time: 75s	pos -1.66 0.33 0.47	yaw: -0.78	msg/s 18.2
INFO: 12-10-2021 14:14:07 printStatus(169) -- Drogno_3: hovering	battery: 3.59	kalman var: 0.0 0.0 0.0	 batterySag: 0.655	link quality: 56	flight time: 77s	pos -1.25 0.94 0.77	yaw: -0.64	msg/s 20.0
INFO: 12-10-2021 14:14:08 printStatus(169) -- Drogno_3: hovering	battery: 3.58	kalman var: 0.0 0.0 0.0	 batterySag: 0.655	link quality: 60	flight time: 78s	pos -0.52 1.09 1.22	yaw: 0.34	msg/s 18.2
INFO: 12-10-2021 14:14:09 printStatus(169) -- Drogno_3: hovering	battery: 3.59	kalman var: 0.0 0.0 0.0	 batterySag: 0.655	link quality: 55	flight time: 79s	pos 0.19 0.79 1.53	yaw: 0.93	msg/s 21.8
INFO: 12-10-2021 14:14:10 printStatus(169) -- Drogno_3: hovering	battery: 3.6	kalman var: 0.0 0.0 0.0	 batterySag: 0.655	link quality: 70	flight time: 80s	pos 0.61 0.32 1.48	yaw: 0.99	msg/s 20.0
INFO: 12-10-2021 14:14:12 printStatus(169) -- Drogno_3: hovering	battery: 3.57	kalman var: 0.0 0.0 0.0	 batterySag: 0.655	link quality: 63	flight time: 81s	pos 0.77 0.01 1.22	yaw: 1.64	msg/s 21.8
INFO: 12-10-2021 14:14:13 printStatus(169) -- Drogno_3: hovering	battery: 3.57	kalman var: 0.0 0.0 0.0	 batterySag: 0.655	link quality: 65	flight time: 82s	pos 0.78 0.76 1.15	yaw: -3.35	msg/s 21.8
INFO: 12-10-2021 14:14:14 printStatus(169) -- Drogno_3: hovering	battery: 3.58	kalman var: 0.0 0.0 0.001	 batterySag: 0.655	link quality: 63	flight time: 84s	pos 0.77 0.86 1.33	yaw: 2.84	msg/s 23.6
INFO: 12-10-2021 14:14:15 printStatus(169) -- Drogno_3: hovering	battery: 3.58	kalman var: 0.0 0.0 0.0	 batterySag: 0.655	link quality: 60	flight time: 85s	pos 0.55 0.85 1.35	yaw: -0.08	msg/s 21.8
INFO: 12-10-2021 14:14:17 printStatus(169) -- Drogno_3: hovering	battery: 3.57	kalman var: 0.0 0.0 0.0	 batterySag: 0.655	link quality: 67	flight time: 86s	pos -0.18 0.83 1.33	yaw: -0.17	msg/s 21.8
INFO: 12-10-2021 14:14:18 printStatus(169) -- Drogno_3: hovering	battery: 3.56	kalman var: 0.0 0.0 0.0	 batterySag: 0.655	link quality: 61	flight time: 88s	pos -0.62 0.81 1.33	yaw: 1.61	msg/s 21.8
INFO: 12-10-2021 14:14:19 printStatus(169) -- Drogno_3: hovering	battery: 3.57	kalman var: 0.001 0.001 0.001	 batterySag: 0.655	link quality: 57	flight time: 89s	pos -0.99 0.76 1.34	yaw: -9.34	msg/s 18.2
INFO: 12-10-2021 14:14:21 printStatus(169) -- Drogno_3: hovering	battery: 3.58	kalman var: 0.0 0.0 0.0	 batterySag: 0.655	link quality: 60	flight time: 90s	pos -1.83 0.90 1.17	yaw: 1.88	msg/s 18.2
INFO: 12-10-2021 14:14:22 printStatus(169) -- Drogno_3: hovering	battery: 3.55	kalman var: 0.0 0.0 0.0	 batterySag: 0.655	link quality: 60	flight time: 92s	pos -1.44 1.32 0.86	yaw: -0.62	msg/s 20.0
INFO: 12-10-2021 14:14:24 printStatus(169) -- Drogno_3: hovering	battery: 3.54	kalman var: 0.0 0.0 0.0	 batterySag: 0.655	link quality: 64	flight time: 93s	pos 0.52 1.20 1.12	yaw: 0.04	msg/s 20.0
INFO: 12-10-2021 14:14:25 printStatus(169) -- Drogno_3: hovering	battery: 3.58	kalman var: 0.001 0.001 0.001	 batterySag: 0.655	link quality: 63	flight time: 95s	pos 0.58 0.67 1.48	yaw: 1.88	msg/s 23.6
INFO: 12-10-2021 14:14:27 printStatus(169) -- Drogno_3: hovering	battery: 3.56	kalman var: 0.0 0.0 0.0	 batterySag: 0.655	link quality: 53	flight time: 96s	pos 0.35 0.53 1.61	yaw: 0.66	msg/s 21.8
INFO: 12-10-2021 14:14:28 printStatus(169) -- Drogno_3: hovering	battery: 3.55	kalman var: 0.0 0.0 0.0	 batterySag: 0.655	link quality: 56	flight time: 97s	pos -0.16 0.47 1.75	yaw: -0.17	msg/s 20.0
INFO: 12-10-2021 14:14:30 printStatus(169) -- Drogno_3: hovering	battery: 3.54	kalman var: 0.0 0.0 0.0	 batterySag: 0.655	link quality: 61	flight time: 99s	pos -0.11 0.44 1.88	yaw: 0.36	msg/s 23.6
INFO: 12-10-2021 14:14:31 printStatus(169) -- Drogno_3: moving	battery: 3.55	kalman var: 0.0 0.0 0.0	 batterySag: 0.655	link quality: 56	flight time: 100s	pos 0.03 0.42 1.94	yaw: 2.41	msg/s 9.1
INFO: 12-10-2021 14:14:33 printStatus(169) -- Drogno_3: hovering	battery: 3.54	kalman var: 0.0 0.0 0.0	 batterySag: 0.655	link quality: 58	flight time: 102s	pos 0.02 0.41 1.92	yaw: -0.13	msg/s 7.3
INFO: 12-10-2021 14:14:34 printStatus(169) -- Drogno_3: hovering	battery: 3.54	kalman var: 0.0 0.0 0.0	 batterySag: 0.655	link quality: 57	flight time: 104s	pos -0.01 0.43 1.92	yaw: -1.61	msg/s 5.5
INFO: 12-10-2021 14:14:36 printStatus(169) -- Drogno_3: ready	battery: 3.54	kalman var: 0.0 0.0 0.0	 batterySag: 0.655	link quality: 56	flight time: 105s	pos -0.04 0.44 1.91	yaw: 0.77	msg/s 0.0
INFO: 12-10-2021 14:14:38 printStatus(169) -- Drogno_3: ready	battery: 3.53	kalman var: 0.0 0.0 0.0	 batterySag: 0.655	link quality: 59	flight time: 107s	pos -0.03 0.43 1.91	yaw: 0.52	msg/s 0.0
INFO: 12-10-2021 14:14:39 printStatus(169) -- Drogno_3: ready	battery: 3.53	kalman var: 0.0 0.0 0.0	 batterySag: 0.655	link quality: 62	flight time: 108s	pos -0.02 0.43 1.90	yaw: -0.89	msg/s 0.0
INFO: 12-10-2021 14:14:41 printStatus(169) -- Drogno_3: ready	battery: 3.55	kalman var: 0.0 0.0 0.0	 batterySag: 0.655	link quality: 61	flight time: 110s	pos -0.03 0.43 1.56	yaw: 2.25	msg/s 0.0
INFO: 12-10-2021 14:14:42 printStatus(169) -- Drogno_3: landed	battery: 3.54	kalman var: 0.001 0.001 0.0	 batterySag: 0.655	link quality: 60	flight time: 110s	pos -0.04 0.44 0.39	yaw: 2.41	msg/s 0.0
INFO: 12-10-2021 14:14:44 printStatus(169) -- Drogno_3: ready	battery: 3.83	kalman var: 0.001 0.001 0.001	 batterySag: 0.655	link quality: 56	flight time: 110s	pos -0.03 0.41 -0.00	yaw: -3.31	msg/s 0.0
INFO: 12-10-2021 14:14:46 printStatus(169) -- Drogno_3: ready	battery: 3.85	kalman var: 0.0 0.0 0.0	 batterySag: 0.655	link quality: 56	flight time: 110s	pos -0.03 0.42 -0.00	yaw: -3.44	msg/s 0.0
INFO: 12-10-2021 14:14:48 printStatus(169) -- Drogno_3: stand by	battery: 3.86	kalman var: 0.0 0.0 0.0	 batterySag: 0.655	link quality: 56	flight time: 110s	pos -0.03 0.42 -0.00	yaw: -3.41	msg/s 0.0
INFO: 12-10-2021 14:14:49 printStatus(169) -- Drogno_3: stand by	battery: 3.86	kalman var: 0.0 0.0 0.0	 batterySag: 0.655	link quality: 56	flight time: 110s	pos -0.03 0.42 -0.00	yaw: -3.41	msg/s 0.0
INFO: 12-10-2021 14:14:50 printStatus(169) -- Drogno_3: stand by	battery: 3.86	kalman var: 0.0 0.0 0.0	 batterySag: 0.655	link quality: 56	flight time: 110s	pos -0.03 0.42 -0.00	yaw: -3.41	msg/s 0.0
INFO: 12-10-2021 14:14:51 printStatus(169) -- Drogno_3: stand by	battery: 3.86	kalman var: 0.0 0.0 0.0	 batterySag: 0.655	link quality: 56	flight time: 110s	pos -0.03 0.42 -0.00	yaw: -3.41	msg/s 0.0
WARNING: 12-10-2021 14:14:51 exit(859) -- closing Drogno_3
