INFO: 11-10-2021 20:22:53 __init__(130) -- This is dronelog running on Drogno_7
INFO: 11-10-2021 20:22:53 printStatus(166) -- Started
INFO: 11-10-2021 20:22:55 printStatus(169) -- Drogno_7: connecting	battery: n.p.	kalman var: 0 0 0	 batterySag: 0	link quality: 0	flight time: 0s	pos 0.00 0.00 0.00	yaw: 0.00	msg/s 0.0
INFO: 11-10-2021 20:22:56 printStatus(169) -- Drogno_7: connecting	battery: n.p.	kalman var: 0 0 0	 batterySag: 0	link quality: 0	flight time: 0s	pos 0.00 0.00 0.00	yaw: 0.00	msg/s 0.0
INFO: 11-10-2021 20:22:57 printStatus(169) -- Drogno_7: connecting	battery: n.p.	kalman var: 0 0 0	 batterySag: 0	link quality: 0	flight time: 0s	pos 0.00 0.00 0.00	yaw: 0.00	msg/s 0.0
INFO: 11-10-2021 20:22:58 printStatus(169) -- Drogno_7: connecting	battery: n.p.	kalman var: 0 0 0	 batterySag: 0	link quality: 0	flight time: 0s	pos 0.00 0.00 0.00	yaw: 0.00	msg/s 0.0
INFO: 11-10-2021 20:23:00 printStatus(169) -- Drogno_7: landed	battery: n.p.	kalman var: 0 0 0	 batterySag: 0	link quality: 0	flight time: 0s	pos 0.00 0.00 0.00	yaw: 0.00	msg/s 0.0
INFO: 11-10-2021 20:23:01 printStatus(169) -- Drogno_7: landed	battery: n.p.	kalman var: 0 0 0	 batterySag: 0	link quality: 0	flight time: 0s	pos 0.00 0.00 0.00	yaw: 0.00	msg/s 0.0
INFO: 11-10-2021 20:23:03 printStatus(169) -- Drogno_7: ready	battery: 4.14	kalman var: 0.001 0.001 0.001	 batterySag: 0.70751953125	link quality: 51	flight time: 0s	pos -0.38 -1.03 0.01	yaw: 1.38	msg/s 0.0
INFO: 11-10-2021 20:23:04 printStatus(169) -- Drogno_7: ready	battery: 4.14	kalman var: 0.008 0.008 0.001	 batterySag: 0.70751953125	link quality: 49	flight time: 0s	pos -0.04 0.04 -0.00	yaw: 1.21	msg/s 0.0
INFO: 11-10-2021 20:23:06 printStatus(169) -- Drogno_7: BAD kalman	battery: 4.14	kalman var: 0.037 0.037 0.002	 batterySag: 0.70751953125	link quality: 49	flight time: 0s	pos -0.20 0.17 0.00	yaw: 1.22	msg/s 0.0
INFO: 11-10-2021 20:23:07 printStatus(169) -- Drogno_7: BAD kalman	battery: 4.14	kalman var: 0.167 0.167 0.004	 batterySag: 0.70751953125	link quality: 49	flight time: 0s	pos -0.82 0.74 -0.00	yaw: 1.21	msg/s 0.0
INFO: 11-10-2021 20:23:09 printStatus(169) -- Drogno_7: BAD kalman	battery: 4.14	kalman var: 0.271 0.271 0.005	 batterySag: 0.70751953125	link quality: 49	flight time: 0s	pos -1.27 1.15 -0.01	yaw: 1.23	msg/s 0.0
INFO: 11-10-2021 20:23:10 printStatus(169) -- Drogno_7: BAD kalman	battery: 4.14	kalman var: 0.396 0.396 0.006	 batterySag: 0.70751953125	link quality: 50	flight time: 0s	pos -0.61 -0.81 0.00	yaw: 1.22	msg/s 0.0
INFO: 11-10-2021 20:23:11 printStatus(169) -- Drogno_7: BAD kalman	battery: 4.14	kalman var: 0.557 0.557 0.007	 batterySag: 0.70751953125	link quality: 50	flight time: 0s	pos -1.24 -0.23 -0.00	yaw: 1.21	msg/s 0.0
INFO: 11-10-2021 20:23:12 printStatus(169) -- Drogno_7: ready	battery: 4.14	kalman var: 0.001 0.001 0.001	 batterySag: 0.70751953125	link quality: 49	flight time: 0s	pos -0.38 -1.03 0.00	yaw: 1.33	msg/s 0.0
INFO: 11-10-2021 20:23:14 printStatus(169) -- Drogno_7: ready	battery: 4.14	kalman var: 0.001 0.001 0.001	 batterySag: 0.70751953125	link quality: 49	flight time: 0s	pos -0.38 -1.03 0.01	yaw: 1.34	msg/s 0.0
INFO: 11-10-2021 20:23:15 printStatus(169) -- Drogno_7: BAD kalman	battery: 4.14	kalman var: 0.014 0.014 0.003	 batterySag: 0.70751953125	link quality: 49	flight time: 0s	pos -0.43 -0.98 0.01	yaw: 1.32	msg/s 0.0
INFO: 11-10-2021 20:23:16 printStatus(169) -- Drogno_7: ready	battery: 4.14	kalman var: 0.002 0.002 0.001	 batterySag: 0.70751953125	link quality: 50	flight time: 0s	pos -0.38 -1.03 0.01	yaw: 1.30	msg/s 0.0
INFO: 11-10-2021 20:23:17 printStatus(169) -- Drogno_7: ready	battery: 4.14	kalman var: 0.007 0.007 0.002	 batterySag: 0.70751953125	link quality: 50	flight time: 0s	pos -0.40 -1.01 0.00	yaw: 1.31	msg/s 0.0
INFO: 11-10-2021 20:23:18 printStatus(169) -- Drogno_7: ready	battery: 4.14	kalman var: 0.001 0.001 0.001	 batterySag: 0.70751953125	link quality: 50	flight time: 0s	pos -0.38 -1.03 0.01	yaw: 1.33	msg/s 0.0
INFO: 11-10-2021 20:23:20 printStatus(169) -- Drogno_7: ready	battery: 4.14	kalman var: 0.001 0.001 0.001	 batterySag: 0.70751953125	link quality: 50	flight time: 0s	pos -0.38 -1.03 0.01	yaw: 1.35	msg/s 0.0
INFO: 11-10-2021 20:23:21 printStatus(169) -- Drogno_7: ready	battery: 4.14	kalman var: 0.002 0.002 0.001	 batterySag: 0.70751953125	link quality: 51	flight time: 0s	pos -0.39 -1.03 0.01	yaw: 1.32	msg/s 0.0
INFO: 11-10-2021 20:23:22 printStatus(169) -- Drogno_7: ready	battery: 4.14	kalman var: 0.003 0.003 0.001	 batterySag: 0.70751953125	link quality: 49	flight time: 0s	pos -0.39 -1.02 0.00	yaw: 1.33	msg/s 0.0
INFO: 11-10-2021 20:23:23 printStatus(169) -- Drogno_7: BAD kalman	battery: 4.14	kalman var: 0.011 0.011 0.003	 batterySag: 0.70751953125	link quality: 50	flight time: 0s	pos -0.41 -1.00 -0.00	yaw: 1.31	msg/s 0.0
INFO: 11-10-2021 20:23:24 printStatus(169) -- Drogno_7: ready	battery: 4.14	kalman var: 0.003 0.003 0.001	 batterySag: 0.70751953125	link quality: 49	flight time: 0s	pos -0.38 -1.03 0.01	yaw: 1.32	msg/s 0.0
INFO: 11-10-2021 20:23:25 printStatus(169) -- Drogno_7: ready	battery: 4.14	kalman var: 0.002 0.002 0.001	 batterySag: 0.70751953125	link quality: 51	flight time: 0s	pos -0.38 -1.03 0.01	yaw: 1.35	msg/s 0.0
INFO: 11-10-2021 20:23:27 printStatus(169) -- Drogno_7: ready	battery: 4.14	kalman var: 0.001 0.001 0.001	 batterySag: 0.70751953125	link quality: 49	flight time: 0s	pos -0.38 -1.03 0.01	yaw: 1.32	msg/s 0.0
INFO: 11-10-2021 20:23:28 printStatus(169) -- Drogno_7: ready	battery: 4.14	kalman var: 0.006 0.006 0.002	 batterySag: 0.70751953125	link quality: 50	flight time: 0s	pos -0.40 -1.01 0.00	yaw: 1.34	msg/s 0.0
INFO: 11-10-2021 20:23:29 printStatus(169) -- Drogno_7: ready	battery: 4.14	kalman var: 0.002 0.002 0.001	 batterySag: 0.70751953125	link quality: 50	flight time: 0s	pos -0.38 -1.03 0.01	yaw: 1.31	msg/s 0.0
INFO: 11-10-2021 20:23:31 printStatus(169) -- Drogno_7: ready	battery: 4.14	kalman var: 0.008 0.008 0.002	 batterySag: 0.70751953125	link quality: 50	flight time: 0s	pos -0.40 -1.01 0.00	yaw: 1.33	msg/s 0.0
INFO: 11-10-2021 20:23:32 printStatus(169) -- Drogno_7: BAD kalman	battery: 4.14	kalman var: 0.039 0.039 0.004	 batterySag: 0.70751953125	link quality: 50	flight time: 0s	pos -0.51 -0.89 -0.01	yaw: 1.31	msg/s 0.0
INFO: 11-10-2021 20:23:34 printStatus(169) -- Drogno_7: BAD kalman	battery: 4.14	kalman var: 0.11 0.11 0.006	 batterySag: 0.70751953125	link quality: 50	flight time: 0s	pos -0.76 -0.64 -0.03	yaw: 1.29	msg/s 0.0
INFO: 11-10-2021 20:23:36 printStatus(169) -- Drogno_7: BAD kalman	battery: 4.14	kalman var: 0.238 0.238 0.009	 batterySag: 0.70751953125	link quality: 50	flight time: 0s	pos -1.19 -0.22 -0.07	yaw: 1.26	msg/s 0.0
INFO: 11-10-2021 20:23:38 printStatus(169) -- Drogno_7: BAD kalman	battery: 4.14	kalman var: 0.438 0.438 0.011	 batterySag: 0.70751953125	link quality: 50	flight time: 0s	pos -1.83 0.41 -0.12	yaw: 1.26	msg/s 0.0
INFO: 11-10-2021 20:23:39 printStatus(169) -- Drogno_7: out of BOX	battery: 4.14	kalman var: 0.57 0.57 0.012	 batterySag: 0.70751953125	link quality: 50	flight time: 0s	pos -2.25 0.81 -0.15	yaw: 1.25	msg/s 0.0
INFO: 11-10-2021 20:23:41 printStatus(169) -- Drogno_7: out of BOX	battery: 4.14	kalman var: 0.727 0.727 0.013	 batterySag: 0.70751953125	link quality: 50	flight time: 0s	pos -2.74 1.27 -0.18	yaw: 1.28	msg/s 0.0
INFO: 11-10-2021 20:23:42 printStatus(169) -- Drogno_7: ready	battery: 4.14	kalman var: 0.001 0.001 0.001	 batterySag: 0.70751953125	link quality: 49	flight time: 0s	pos -0.38 -1.03 0.01	yaw: 1.31	msg/s 0.0
INFO: 11-10-2021 20:23:44 printStatus(169) -- Drogno_7: ready	battery: 4.14	kalman var: 0.006 0.006 0.002	 batterySag: 0.70751953125	link quality: 50	flight time: 0s	pos -0.39 -1.02 -0.00	yaw: 1.32	msg/s 0.0
INFO: 11-10-2021 20:23:45 printStatus(169) -- Drogno_7: ready	battery: 4.14	kalman var: 0.004 0.004 0.002	 batterySag: 0.70751953125	link quality: 50	flight time: 0s	pos -0.39 -1.02 0.00	yaw: 1.33	msg/s 0.0
INFO: 11-10-2021 20:23:46 printStatus(169) -- Drogno_7: BAD kalman	battery: 4.13	kalman var: 0.012 0.012 0.003	 batterySag: 0.70751953125	link quality: 50	flight time: 0s	pos -0.42 -1.00 -0.01	yaw: 1.35	msg/s 0.0
INFO: 11-10-2021 20:23:48 printStatus(169) -- Drogno_7: ready	battery: 4.14	kalman var: 0.004 0.004 0.002	 batterySag: 0.70751953125	link quality: 50	flight time: 0s	pos -0.39 -1.02 0.00	yaw: 1.33	msg/s 0.0
INFO: 11-10-2021 20:23:49 printStatus(169) -- Drogno_7: ready	battery: 4.14	kalman var: 0.006 0.006 0.002	 batterySag: 0.70751953125	link quality: 50	flight time: 0s	pos -0.39 -1.01 -0.00	yaw: 1.36	msg/s 0.0
INFO: 11-10-2021 20:23:51 printStatus(169) -- Drogno_7: ready	battery: 4.13	kalman var: 0.0 0.0 0.0	 batterySag: 0.70751953125	link quality: 50	flight time: 0s	pos -0.38 -1.03 0.01	yaw: -5.00	msg/s 0.0
INFO: 11-10-2021 20:23:53 printStatus(169) -- Drogno_7: ready	battery: 4.13	kalman var: 0.001 0.001 0.001	 batterySag: 0.70751953125	link quality: 49	flight time: 0s	pos -0.38 -1.03 0.01	yaw: -4.95	msg/s 0.0
INFO: 11-10-2021 20:23:54 printStatus(169) -- Drogno_7: ready	battery: 4.13	kalman var: 0.0 0.0 0.0	 batterySag: 0.70751953125	link quality: 49	flight time: 0s	pos -0.38 -1.03 0.01	yaw: -5.01	msg/s 0.0
INFO: 11-10-2021 20:23:55 printStatus(169) -- Drogno_7: ready	battery: 4.13	kalman var: 0.0 0.0 0.001	 batterySag: 0.70751953125	link quality: 49	flight time: 0s	pos -0.38 -1.03 0.01	yaw: -4.91	msg/s 0.0
INFO: 11-10-2021 20:23:57 printStatus(169) -- Drogno_7: ready	battery: 4.13	kalman var: 0.0 0.0 0.0	 batterySag: 0.70751953125	link quality: 49	flight time: 0s	pos -0.38 -1.03 0.01	yaw: -4.98	msg/s 0.0
INFO: 11-10-2021 20:23:58 printStatus(169) -- Drogno_7: ready	battery: 4.13	kalman var: 0.0 0.0 0.0	 batterySag: 0.70751953125	link quality: 49	flight time: 0s	pos -0.38 -1.03 0.01	yaw: -4.94	msg/s 0.0
INFO: 11-10-2021 20:23:59 printStatus(169) -- Drogno_7: ready	battery: 4.13	kalman var: 0.0 0.0 0.0	 batterySag: 0.70751953125	link quality: 49	flight time: 0s	pos -0.38 -1.03 0.01	yaw: -4.95	msg/s 0.0
INFO: 11-10-2021 20:24:00 printStatus(169) -- Drogno_7: ready	battery: 4.13	kalman var: 0.0 0.0 0.0	 batterySag: 0.70751953125	link quality: 49	flight time: 0s	pos -0.38 -1.03 0.01	yaw: -4.98	msg/s 0.0
INFO: 11-10-2021 20:24:02 printStatus(169) -- Drogno_7: ready	battery: 4.13	kalman var: 0.0 0.0 0.0	 batterySag: 0.70751953125	link quality: 49	flight time: 0s	pos -0.38 -1.03 0.01	yaw: -4.98	msg/s 0.0
INFO: 11-10-2021 20:24:03 printStatus(169) -- Drogno_7: ready	battery: 4.13	kalman var: 0.0 0.0 0.0	 batterySag: 0.70751953125	link quality: 49	flight time: 0s	pos -0.38 -1.03 0.01	yaw: -4.98	msg/s 0.0
INFO: 11-10-2021 20:24:04 printStatus(169) -- Drogno_7: ready	battery: 4.13	kalman var: 0.0 0.0 0.0	 batterySag: 0.70751953125	link quality: 49	flight time: 0s	pos -0.38 -1.03 0.01	yaw: -4.98	msg/s 0.0
INFO: 11-10-2021 20:24:05 printStatus(169) -- Drogno_7: ready	battery: 4.13	kalman var: 0.0 0.0 0.0	 batterySag: 0.70751953125	link quality: 49	flight time: 0s	pos -0.38 -1.03 0.01	yaw: -4.98	msg/s 0.0
INFO: 11-10-2021 20:24:07 printStatus(169) -- Drogno_7: ready	battery: 4.13	kalman var: 0.0 0.0 0.0	 batterySag: 0.70751953125	link quality: 49	flight time: 0s	pos -0.38 -1.03 0.01	yaw: -4.97	msg/s 0.0
INFO: 11-10-2021 20:24:08 printStatus(169) -- Drogno_7: ready	battery: 4.13	kalman var: 0.001 0.001 0.001	 batterySag: 0.70751953125	link quality: 49	flight time: 0s	pos -0.38 -1.03 0.01	yaw: -4.90	msg/s 0.0
INFO: 11-10-2021 20:24:09 printStatus(169) -- Drogno_7: ready	battery: 4.13	kalman var: 0.0 0.0 0.0	 batterySag: 0.70751953125	link quality: 49	flight time: 0s	pos -0.38 -1.03 0.01	yaw: -4.98	msg/s 0.0
INFO: 11-10-2021 20:24:11 printStatus(169) -- Drogno_7: ready	battery: 4.13	kalman var: 0.0 0.0 0.0	 batterySag: 0.70751953125	link quality: 49	flight time: 0s	pos -0.38 -1.03 0.01	yaw: -4.96	msg/s 0.0
INFO: 11-10-2021 20:24:12 printStatus(169) -- Drogno_7: ready	battery: 4.13	kalman var: 0.001 0.001 0.001	 batterySag: 0.70751953125	link quality: 49	flight time: 0s	pos -0.38 -1.03 0.01	yaw: -4.88	msg/s 0.0
INFO: 11-10-2021 20:24:13 printStatus(169) -- Drogno_7: ready	battery: 4.13	kalman var: 0.0 0.0 0.0	 batterySag: 0.70751953125	link quality: 49	flight time: 0s	pos -0.38 -1.03 0.01	yaw: -4.98	msg/s 0.0
INFO: 11-10-2021 20:24:14 printStatus(169) -- Drogno_7: ready	battery: 4.13	kalman var: 0.001 0.001 0.001	 batterySag: 0.70751953125	link quality: 49	flight time: 0s	pos -0.38 -1.03 0.01	yaw: -4.87	msg/s 0.0
INFO: 11-10-2021 20:24:15 printStatus(169) -- Drogno_7: ready	battery: 4.13	kalman var: 0.0 0.0 0.0	 batterySag: 0.70751953125	link quality: 49	flight time: 0s	pos -0.38 -1.03 0.01	yaw: -4.99	msg/s 0.0
INFO: 11-10-2021 20:24:16 printStatus(169) -- Drogno_7: ready	battery: 4.13	kalman var: 0.0 0.0 0.0	 batterySag: 0.70751953125	link quality: 50	flight time: 0s	pos -0.38 -1.03 0.01	yaw: -4.98	msg/s 0.0
INFO: 11-10-2021 20:24:18 printStatus(169) -- Drogno_7: ready	battery: 4.13	kalman var: 0.0 0.0 0.0	 batterySag: 0.70751953125	link quality: 50	flight time: 0s	pos -0.38 -1.03 0.01	yaw: -4.98	msg/s 0.0
INFO: 11-10-2021 20:24:19 printStatus(169) -- Drogno_7: ready	battery: 4.13	kalman var: 0.0 0.0 0.0	 batterySag: 0.70751953125	link quality: 49	flight time: 0s	pos -0.38 -1.03 0.01	yaw: -4.95	msg/s 0.0
INFO: 11-10-2021 20:24:20 printStatus(169) -- Drogno_7: ready	battery: 4.13	kalman var: 0.0 0.0 0.0	 batterySag: 0.70751953125	link quality: 49	flight time: 0s	pos -0.38 -1.03 0.01	yaw: -4.93	msg/s 0.0
INFO: 11-10-2021 20:24:21 printStatus(169) -- Drogno_7: ready	battery: 4.13	kalman var: 0.0 0.0 0.0	 batterySag: 0.70751953125	link quality: 49	flight time: 0s	pos -0.38 -1.03 0.01	yaw: -4.96	msg/s 0.0
INFO: 11-10-2021 20:24:23 printStatus(169) -- Drogno_7: ready	battery: 4.13	kalman var: 0.0 0.0 0.0	 batterySag: 0.70751953125	link quality: 49	flight time: 0s	pos -0.38 -1.03 0.01	yaw: -4.95	msg/s 0.0
INFO: 11-10-2021 20:24:24 printStatus(169) -- Drogno_7: ready	battery: 4.13	kalman var: 0.0 0.0 0.0	 batterySag: 0.70751953125	link quality: 49	flight time: 0s	pos -0.38 -1.03 0.01	yaw: -4.93	msg/s 0.0
INFO: 11-10-2021 20:24:25 printStatus(169) -- Drogno_7: ready	battery: 4.13	kalman var: 0.0 0.0 0.0	 batterySag: 0.70751953125	link quality: 49	flight time: 0s	pos -0.38 -1.03 0.01	yaw: -4.96	msg/s 0.0
INFO: 11-10-2021 20:24:26 printStatus(169) -- Drogno_7: ready	battery: 4.13	kalman var: 0.0 0.0 0.0	 batterySag: 0.70751953125	link quality: 50	flight time: 0s	pos -0.38 -1.03 0.01	yaw: -4.94	msg/s 0.0
INFO: 11-10-2021 20:24:27 printStatus(169) -- Drogno_7: ready	battery: 4.13	kalman var: 0.0 0.0 0.001	 batterySag: 0.70751953125	link quality: 50	flight time: 0s	pos -0.38 -1.03 0.01	yaw: -4.89	msg/s 0.0
INFO: 11-10-2021 20:24:28 printStatus(169) -- Drogno_7: ready	battery: 4.13	kalman var: 0.0 0.0 0.0	 batterySag: 0.70751953125	link quality: 49	flight time: 0s	pos -0.38 -1.03 0.01	yaw: -4.96	msg/s 0.0
INFO: 11-10-2021 20:24:30 printStatus(169) -- Drogno_7: ready	battery: 4.13	kalman var: 0.0 0.0 0.0	 batterySag: 0.70751953125	link quality: 49	flight time: 0s	pos -0.38 -1.03 0.01	yaw: -4.95	msg/s 0.0
INFO: 11-10-2021 20:24:31 printStatus(169) -- Drogno_7: ready	battery: 4.13	kalman var: 0.0 0.0 0.0	 batterySag: 0.70751953125	link quality: 49	flight time: 0s	pos -0.38 -1.03 0.01	yaw: -4.89	msg/s 0.0
INFO: 11-10-2021 20:24:32 printStatus(169) -- Drogno_7: ready	battery: 4.13	kalman var: 0.0 0.0 0.0	 batterySag: 0.70751953125	link quality: 49	flight time: 0s	pos -0.38 -1.03 0.01	yaw: -4.95	msg/s 0.0
INFO: 11-10-2021 20:24:34 printStatus(169) -- Drogno_7: ready	battery: 4.13	kalman var: 0.0 0.0 0.0	 batterySag: 0.70751953125	link quality: 49	flight time: 0s	pos -0.38 -1.03 0.01	yaw: -4.94	msg/s 0.0
INFO: 11-10-2021 20:24:36 printStatus(169) -- Drogno_7: ready	battery: 4.13	kalman var: 0.0 0.0 0.0	 batterySag: 0.70751953125	link quality: 49	flight time: 0s	pos -0.38 -1.03 0.01	yaw: -4.95	msg/s 0.0
INFO: 11-10-2021 20:24:37 printStatus(169) -- Drogno_7: ready	battery: 4.13	kalman var: 0.0 0.0 0.0	 batterySag: 0.70751953125	link quality: 49	flight time: 0s	pos -0.38 -1.03 0.01	yaw: -4.98	msg/s 0.0
INFO: 11-10-2021 20:24:38 printStatus(169) -- Drogno_7: ready	battery: 4.13	kalman var: 0.0 0.0 0.0	 batterySag: 0.70751953125	link quality: 49	flight time: 0s	pos -0.38 -1.03 0.01	yaw: -4.95	msg/s 0.0
INFO: 11-10-2021 20:24:40 printStatus(169) -- Drogno_7: ready	battery: 4.13	kalman var: 0.0 0.0 0.0	 batterySag: 0.70751953125	link quality: 49	flight time: 0s	pos -0.38 -1.03 0.01	yaw: -4.94	msg/s 0.0
INFO: 11-10-2021 20:24:41 printStatus(169) -- Drogno_7: ready	battery: 4.13	kalman var: 0.0 0.0 0.0	 batterySag: 0.70751953125	link quality: 49	flight time: 0s	pos -0.38 -1.03 0.01	yaw: -4.95	msg/s 0.0
INFO: 11-10-2021 20:24:42 printStatus(169) -- Drogno_7: ready	battery: 4.13	kalman var: 0.0 0.0 0.0	 batterySag: 0.70751953125	link quality: 49	flight time: 0s	pos -0.38 -1.03 0.01	yaw: -4.98	msg/s 0.0
INFO: 11-10-2021 20:24:43 printStatus(169) -- Drogno_7: ready	battery: 4.13	kalman var: 0.0 0.0 0.0	 batterySag: 0.70751953125	link quality: 49	flight time: 0s	pos -0.38 -1.03 0.01	yaw: -4.94	msg/s 0.0
INFO: 11-10-2021 20:24:45 printStatus(169) -- Drogno_7: ready	battery: 4.13	kalman var: 0.0 0.0 0.0	 batterySag: 0.70751953125	link quality: 49	flight time: 0s	pos -0.38 -1.03 0.01	yaw: -4.97	msg/s 0.0
INFO: 11-10-2021 20:24:46 printStatus(169) -- Drogno_7: ready	battery: 4.13	kalman var: 0.0 0.0 0.0	 batterySag: 0.70751953125	link quality: 49	flight time: 0s	pos -0.38 -1.03 0.01	yaw: -4.99	msg/s 0.0
INFO: 11-10-2021 20:24:47 printStatus(169) -- Drogno_7: ready	battery: 4.13	kalman var: 0.0 0.0 0.0	 batterySag: 0.70751953125	link quality: 49	flight time: 0s	pos -0.38 -1.03 0.01	yaw: -4.98	msg/s 0.0
INFO: 11-10-2021 20:24:48 printStatus(169) -- Drogno_7: ready	battery: 4.13	kalman var: 0.0 0.0 0.0	 batterySag: 0.70751953125	link quality: 49	flight time: 0s	pos -0.38 -1.03 0.01	yaw: -4.95	msg/s 0.0
INFO: 11-10-2021 20:24:50 printStatus(169) -- Drogno_7: ready	battery: 4.13	kalman var: 0.0 0.0 0.0	 batterySag: 0.70751953125	link quality: 49	flight time: 0s	pos -0.38 -1.03 0.01	yaw: -4.95	msg/s 0.0
INFO: 11-10-2021 20:24:51 printStatus(169) -- Drogno_7: ready	battery: 4.13	kalman var: 0.0 0.0 0.0	 batterySag: 0.70751953125	link quality: 49	flight time: 0s	pos -0.38 -1.03 0.01	yaw: -4.96	msg/s 0.0
INFO: 11-10-2021 20:24:53 printStatus(169) -- Drogno_7: ready	battery: 4.13	kalman var: 0.0 0.0 0.0	 batterySag: 0.70751953125	link quality: 49	flight time: 0s	pos -0.38 -1.03 0.01	yaw: -4.97	msg/s 0.0
INFO: 11-10-2021 20:24:54 printStatus(169) -- Drogno_7: ready	battery: 4.13	kalman var: 0.0 0.0 0.0	 batterySag: 0.70751953125	link quality: 49	flight time: 0s	pos -0.38 -1.03 0.01	yaw: -4.96	msg/s 0.0
INFO: 11-10-2021 20:24:55 printStatus(169) -- Drogno_7: ready	battery: 4.13	kalman var: 0.0 0.0 0.0	 batterySag: 0.70751953125	link quality: 49	flight time: 0s	pos -0.38 -1.03 0.01	yaw: -4.95	msg/s 0.0
INFO: 11-10-2021 20:24:57 printStatus(169) -- Drogno_7: ready	battery: 4.13	kalman var: 0.0 0.0 0.0	 batterySag: 0.70751953125	link quality: 49	flight time: 0s	pos -0.38 -1.03 0.01	yaw: -4.96	msg/s 0.0
INFO: 11-10-2021 20:24:58 printStatus(169) -- Drogno_7: ready	battery: 4.13	kalman var: 0.0 0.0 0.0	 batterySag: 0.70751953125	link quality: 49	flight time: 0s	pos -0.38 -1.03 0.01	yaw: -4.93	msg/s 0.0
INFO: 11-10-2021 20:24:59 printStatus(169) -- Drogno_7: ready	battery: 4.13	kalman var: 0.0 0.0 0.0	 batterySag: 0.70751953125	link quality: 49	flight time: 0s	pos -0.38 -1.03 0.01	yaw: -4.92	msg/s 0.0
INFO: 11-10-2021 20:25:00 printStatus(169) -- Drogno_7: ready	battery: 4.13	kalman var: 0.0 0.0 0.0	 batterySag: 0.70751953125	link quality: 49	flight time: 0s	pos -0.38 -1.03 0.01	yaw: -4.95	msg/s 0.0
INFO: 11-10-2021 20:25:02 printStatus(169) -- Drogno_7: ready	battery: 4.13	kalman var: 0.0 0.0 0.0	 batterySag: 0.70751953125	link quality: 49	flight time: 0s	pos -0.38 -1.03 0.01	yaw: -4.93	msg/s 0.0
INFO: 11-10-2021 20:25:03 printStatus(169) -- Drogno_7: ready	battery: 4.13	kalman var: 0.0 0.0 0.0	 batterySag: 0.70751953125	link quality: 49	flight time: 0s	pos -0.38 -1.03 0.01	yaw: -4.95	msg/s 0.0
INFO: 11-10-2021 20:25:04 printStatus(169) -- Drogno_7: ready	battery: 4.13	kalman var: 0.0 0.0 0.0	 batterySag: 0.70751953125	link quality: 49	flight time: 0s	pos -0.38 -1.03 0.01	yaw: -4.96	msg/s 0.0
INFO: 11-10-2021 20:25:05 printStatus(169) -- Drogno_7: ready	battery: 4.13	kalman var: 0.0 0.0 0.0	 batterySag: 0.70751953125	link quality: 49	flight time: 0s	pos -0.38 -1.03 0.01	yaw: -4.96	msg/s 0.0
INFO: 11-10-2021 20:25:06 printStatus(169) -- Drogno_7: ready	battery: 4.13	kalman var: 0.0 0.0 0.0	 batterySag: 0.70751953125	link quality: 50	flight time: 0s	pos -0.38 -1.03 0.01	yaw: -4.98	msg/s 0.0
INFO: 11-10-2021 20:25:08 printStatus(169) -- Drogno_7: ready	battery: 4.13	kalman var: 0.0 0.0 0.0	 batterySag: 0.70751953125	link quality: 49	flight time: 0s	pos -0.38 -1.03 0.01	yaw: -4.95	msg/s 0.0
INFO: 11-10-2021 20:25:09 printStatus(169) -- Drogno_7: ready	battery: 4.13	kalman var: 0.0 0.0 0.0	 batterySag: 0.70751953125	link quality: 49	flight time: 0s	pos -0.38 -1.03 0.01	yaw: -4.97	msg/s 0.0
INFO: 11-10-2021 20:25:10 printStatus(169) -- Drogno_7: ready	battery: 4.13	kalman var: 0.0 0.0 0.0	 batterySag: 0.70751953125	link quality: 49	flight time: 0s	pos -0.38 -1.03 0.01	yaw: -4.95	msg/s 0.0
INFO: 11-10-2021 20:25:11 printStatus(169) -- Drogno_7: ready	battery: 4.13	kalman var: 0.0 0.0 0.0	 batterySag: 0.70751953125	link quality: 49	flight time: 0s	pos -0.38 -1.03 0.01	yaw: -4.96	msg/s 0.0
INFO: 11-10-2021 20:25:13 printStatus(169) -- Drogno_7: ready	battery: 4.13	kalman var: 0.0 0.0 0.0	 batterySag: 0.70751953125	link quality: 49	flight time: 0s	pos -0.38 -1.03 0.01	yaw: -4.95	msg/s 0.0
INFO: 11-10-2021 20:25:14 printStatus(169) -- Drogno_7: ready	battery: 4.13	kalman var: 0.0 0.0 0.0	 batterySag: 0.70751953125	link quality: 49	flight time: 0s	pos -0.38 -1.03 0.01	yaw: -4.96	msg/s 0.0
INFO: 11-10-2021 20:25:15 printStatus(169) -- Drogno_7: ready	battery: 4.13	kalman var: 0.001 0.001 0.001	 batterySag: 0.70751953125	link quality: 49	flight time: 0s	pos -0.38 -1.03 0.01	yaw: -4.88	msg/s 0.0
INFO: 11-10-2021 20:25:16 printStatus(169) -- Drogno_7: ready	battery: 4.13	kalman var: 0.0 0.0 0.0	 batterySag: 0.70751953125	link quality: 49	flight time: 0s	pos -0.38 -1.03 0.01	yaw: -4.95	msg/s 0.0
INFO: 11-10-2021 20:25:18 printStatus(169) -- Drogno_7: ready	battery: 4.13	kalman var: 0.0 0.0 0.0	 batterySag: 0.70751953125	link quality: 49	flight time: 0s	pos -0.38 -1.03 0.01	yaw: -4.96	msg/s 0.0
INFO: 11-10-2021 20:25:19 printStatus(169) -- Drogno_7: ready	battery: 4.13	kalman var: 0.0 0.0 0.0	 batterySag: 0.70751953125	link quality: 49	flight time: 0s	pos -0.38 -1.03 0.01	yaw: -4.95	msg/s 0.0
INFO: 11-10-2021 20:25:20 printStatus(169) -- Drogno_7: ready	battery: 4.13	kalman var: 0.001 0.001 0.001	 batterySag: 0.70751953125	link quality: 52	flight time: 0s	pos -0.38 -1.03 0.01	yaw: -4.91	msg/s 0.0
INFO: 11-10-2021 20:25:22 printStatus(169) -- Drogno_7: ready	battery: 4.13	kalman var: 0.0 0.0 0.0	 batterySag: 0.70751953125	link quality: 49	flight time: 0s	pos -0.38 -1.03 0.01	yaw: -5.00	msg/s 0.0
INFO: 11-10-2021 20:25:23 printStatus(169) -- Drogno_7: ready	battery: 4.13	kalman var: 0.0 0.0 0.0	 batterySag: 0.70751953125	link quality: 49	flight time: 0s	pos -0.38 -1.03 0.01	yaw: -4.97	msg/s 0.0
INFO: 11-10-2021 20:25:25 printStatus(169) -- Drogno_7: ready	battery: 4.13	kalman var: 0.0 0.0 0.0	 batterySag: 0.70751953125	link quality: 49	flight time: 0s	pos -0.38 -1.03 0.01	yaw: -4.97	msg/s 0.0
INFO: 11-10-2021 20:25:26 printStatus(169) -- Drogno_7: ready	battery: 4.13	kalman var: 0.0 0.0 0.0	 batterySag: 0.70751953125	link quality: 49	flight time: 0s	pos -0.38 -1.03 0.01	yaw: -4.99	msg/s 0.0
INFO: 11-10-2021 20:25:27 printStatus(169) -- Drogno_7: ready	battery: 4.13	kalman var: 0.0 0.0 0.0	 batterySag: 0.70751953125	link quality: 49	flight time: 0s	pos -0.38 -1.03 0.01	yaw: -5.00	msg/s 0.0
INFO: 11-10-2021 20:25:29 printStatus(169) -- Drogno_7: ready	battery: 4.13	kalman var: 0.0 0.0 0.0	 batterySag: 0.70751953125	link quality: 49	flight time: 0s	pos -0.38 -1.03 0.01	yaw: -4.99	msg/s 0.0
INFO: 11-10-2021 20:25:31 printStatus(169) -- Drogno_7: ready	battery: 4.13	kalman var: 0.0 0.0 0.0	 batterySag: 0.70751953125	link quality: 49	flight time: 0s	pos -0.38 -1.03 0.01	yaw: -4.95	msg/s 0.0
INFO: 11-10-2021 20:25:33 printStatus(169) -- Drogno_7: ready	battery: 4.13	kalman var: 0.0 0.0 0.0	 batterySag: 0.70751953125	link quality: 49	flight time: 0s	pos -0.38 -1.03 0.01	yaw: -4.96	msg/s 0.0
INFO: 11-10-2021 20:25:34 printStatus(169) -- Drogno_7: ready	battery: 4.13	kalman var: 0.0 0.0 0.0	 batterySag: 0.70751953125	link quality: 49	flight time: 0s	pos -0.38 -1.03 0.01	yaw: -4.94	msg/s 0.0
INFO: 11-10-2021 20:25:35 printStatus(169) -- Drogno_7: ready	battery: 4.12	kalman var: 0.0 0.0 0.0	 batterySag: 0.70751953125	link quality: 49	flight time: 0s	pos -0.38 -1.03 0.01	yaw: -4.97	msg/s 0.0
INFO: 11-10-2021 20:25:36 printStatus(169) -- Drogno_7: ready	battery: 4.12	kalman var: 0.0 0.0 0.0	 batterySag: 0.70751953125	link quality: 49	flight time: 0s	pos -0.38 -1.03 0.01	yaw: -4.94	msg/s 0.0
INFO: 11-10-2021 20:25:37 printStatus(169) -- Drogno_7: ready	battery: 4.12	kalman var: 0.001 0.001 0.001	 batterySag: 0.70751953125	link quality: 49	flight time: 0s	pos -0.38 -1.03 0.01	yaw: -4.84	msg/s 0.0
INFO: 11-10-2021 20:25:39 printStatus(169) -- Drogno_7: hovering	battery: 4.12	kalman var: 0.0 0.0 0.0	 batterySag: 0.70751953125	link quality: 49	flight time: 0s	pos -0.38 -1.03 0.01	yaw: -4.97	msg/s 0.0
INFO: 11-10-2021 20:25:41 printStatus(169) -- Drogno_7: ready	battery: 3.82	kalman var: 0.0 0.0 0.0	 batterySag: 0.70751953125	link quality: 48	flight time: 0s	pos -0.39 -1.04 0.02	yaw: -6.49	msg/s 0.0
INFO: 11-10-2021 20:25:42 printStatus(169) -- Drogno_7: ready	battery: 3.78	kalman var: 0.0 0.0 0.0	 batterySag: 0.70751953125	link quality: 55	flight time: 1s	pos -0.37 -1.02 0.83	yaw: -1.20	msg/s 0.0
INFO: 11-10-2021 20:25:43 printStatus(169) -- Drogno_7: ready	battery: 3.76	kalman var: 0.0 0.0 0.001	 batterySag: 0.70751953125	link quality: 63	flight time: 2s	pos -0.38 -1.03 0.86	yaw: -0.71	msg/s 0.0
INFO: 11-10-2021 20:25:44 printStatus(169) -- Drogno_7: ready	battery: 3.73	kalman var: 0.0 0.0 0.001	 batterySag: 0.70751953125	link quality: 58	flight time: 4s	pos -0.37 -1.02 0.83	yaw: -1.91	msg/s 0.0
INFO: 11-10-2021 20:25:46 printStatus(169) -- Drogno_7: ready	battery: 3.75	kalman var: 0.0 0.0 0.0	 batterySag: 0.70751953125	link quality: 60	flight time: 5s	pos -0.38 -1.04 0.85	yaw: -0.94	msg/s 0.0
INFO: 11-10-2021 20:25:47 printStatus(169) -- Drogno_7: ready	battery: 3.73	kalman var: 0.003 0.003 0.002	 batterySag: 0.70751953125	link quality: 60	flight time: 6s	pos -0.38 -1.03 0.84	yaw: 1.53	msg/s 0.0
INFO: 11-10-2021 20:25:49 printStatus(169) -- Drogno_7: ready	battery: 3.72	kalman var: 0.003 0.003 0.001	 batterySag: 0.70751953125	link quality: 53	flight time: 7s	pos -0.38 -1.04 0.83	yaw: 5.34	msg/s 0.0
INFO: 11-10-2021 20:25:50 printStatus(169) -- Drogno_7: hovering	battery: 3.71	kalman var: 0.001 0.001 0.001	 batterySag: 0.70751953125	link quality: 56	flight time: 9s	pos -0.40 -1.08 0.81	yaw: 0.19	msg/s 5.454545454545454
INFO: 11-10-2021 20:25:51 printStatus(169) -- Drogno_7: hovering	battery: 3.69	kalman var: 0.0 0.0 0.0	 batterySag: 0.70751953125	link quality: 55	flight time: 10s	pos 0.58 -0.26 1.07	yaw: -2.28	msg/s 18.18181818181818
INFO: 11-10-2021 20:25:52 printStatus(169) -- Drogno_7: hovering	battery: 3.69	kalman var: 0.0 0.0 0.0	 batterySag: 0.70751953125	link quality: 57	flight time: 11s	pos 0.90 0.12 1.13	yaw: -1.12	msg/s 12.727272727272727
INFO: 11-10-2021 20:25:54 printStatus(169) -- Drogno_7: hovering	battery: 3.71	kalman var: 0.001 0.001 0.001	 batterySag: 0.70751953125	link quality: 52	flight time: 13s	pos 1.01 0.46 1.28	yaw: -0.76	msg/s 20.0
INFO: 11-10-2021 20:25:55 printStatus(169) -- Drogno_7: hovering	battery: 3.68	kalman var: 0.001 0.001 0.001	 batterySag: 0.70751953125	link quality: 55	flight time: 14s	pos 0.73 0.75 1.07	yaw: -0.94	msg/s 23.636363636363633
INFO: 11-10-2021 20:25:56 printStatus(169) -- Drogno_7: moving	battery: 3.71	kalman var: 0.001 0.001 0.001	 batterySag: 0.70751953125	link quality: 56	flight time: 15s	pos 0.33 1.14 1.25	yaw: 0.07	msg/s 23.636363636363633
INFO: 11-10-2021 20:25:57 printStatus(169) -- Drogno_7: hovering	battery: 3.66	kalman var: 0.001 0.001 0.001	 batterySag: 0.70751953125	link quality: 58	flight time: 16s	pos 0.11 1.28 1.14	yaw: 2.67	msg/s 21.818181818181817
INFO: 11-10-2021 20:25:59 printStatus(169) -- Drogno_7: ready	battery: 3.68	kalman var: 0.003 0.003 0.001	 batterySag: 0.70751953125	link quality: 61	flight time: 18s	pos -0.19 1.30 1.13	yaw: 1.19	msg/s 20.0
INFO: 11-10-2021 20:26:00 printStatus(169) -- Drogno_7: hovering	battery: 3.67	kalman var: 0.009 0.009 0.002	 batterySag: 0.70751953125	link quality: 65	flight time: 19s	pos -0.24 1.28 1.12	yaw: 0.02	msg/s 18.18181818181818
INFO: 11-10-2021 20:26:01 printStatus(169) -- Drogno_7: hovering	battery: 3.66	kalman var: 0.0 0.0 0.0	 batterySag: 0.70751953125	link quality: 53	flight time: 21s	pos -0.22 1.17 1.09	yaw: 1.02	msg/s 20.0
INFO: 11-10-2021 20:26:02 printStatus(169) -- Drogno_7: hovering	battery: 3.67	kalman var: 0.0 0.0 0.0	 batterySag: 0.70751953125	link quality: 65	flight time: 22s	pos -0.36 0.96 1.09	yaw: 2.14	msg/s 21.818181818181817
INFO: 11-10-2021 20:26:04 printStatus(169) -- Drogno_7: hovering	battery: 3.67	kalman var: 0.001 0.001 0.001	 batterySag: 0.70751953125	link quality: 56	flight time: 23s	pos -0.79 0.69 0.94	yaw: -0.40	msg/s 21.818181818181817
INFO: 11-10-2021 20:26:05 printStatus(169) -- Drogno_7: moving	battery: 3.68	kalman var: 0.0 0.0 0.0	 batterySag: 0.70751953125	link quality: 57	flight time: 24s	pos -1.07 0.08 0.58	yaw: -1.32	msg/s 23.636363636363633
INFO: 11-10-2021 20:26:06 printStatus(169) -- Drogno_7: hovering	battery: 3.63	kalman var: 0.002 0.001 0.001	 batterySag: 0.70751953125	link quality: 73	flight time: 25s	pos 0.18 -0.53 0.37	yaw: -3.61	msg/s 16.363636363636363
INFO: 11-10-2021 20:26:07 printStatus(169) -- Drogno_7: hovering	battery: 3.64	kalman var: 0.0 0.0 0.0	 batterySag: 0.70751953125	link quality: 58	flight time: 27s	pos 0.62 -0.04 0.65	yaw: 2.07	msg/s 20.0
INFO: 11-10-2021 20:26:08 printStatus(169) -- Drogno_7: hovering	battery: 3.65	kalman var: 0.0 0.0 0.001	 batterySag: 0.70751953125	link quality: 64	flight time: 28s	pos 0.31 0.79 0.94	yaw: -1.76	msg/s 21.818181818181817
INFO: 11-10-2021 20:26:10 printStatus(169) -- Drogno_7: moving	battery: 3.67	kalman var: 0.001 0.001 0.001	 batterySag: 0.70751953125	link quality: 59	flight time: 29s	pos -0.22 1.20 1.17	yaw: 0.40	msg/s 23.636363636363633
INFO: 11-10-2021 20:26:11 printStatus(169) -- Drogno_7: hovering	battery: 3.61	kalman var: 0.0 0.0 0.0	 batterySag: 0.70751953125	link quality: 55	flight time: 30s	pos -0.27 1.08 0.85	yaw: 3.97	msg/s 20.0
INFO: 11-10-2021 20:26:12 printStatus(169) -- Drogno_7: hovering	battery: 3.66	kalman var: 0.001 0.001 0.001	 batterySag: 0.70751953125	link quality: 59	flight time: 32s	pos -0.23 1.05 1.17	yaw: 0.55	msg/s 23.636363636363633
INFO: 11-10-2021 20:26:13 printStatus(169) -- Drogno_7: hovering	battery: 3.68	kalman var: 0.001 0.001 0.001	 batterySag: 0.70751953125	link quality: 61	flight time: 33s	pos -0.23 1.08 1.32	yaw: 0.37	msg/s 20.0
INFO: 11-10-2021 20:26:15 printStatus(169) -- Drogno_7: hovering	battery: 3.6	kalman var: 0.0 0.0 0.0	 batterySag: 0.70751953125	link quality: 68	flight time: 34s	pos -0.22 1.15 0.85	yaw: 1.27	msg/s 27.27272727272727
INFO: 11-10-2021 20:26:16 printStatus(169) -- Drogno_7: hovering	battery: 3.63	kalman var: 0.003 0.003 0.002	 batterySag: 0.70751953125	link quality: 72	flight time: 35s	pos -0.22 1.31 0.65	yaw: -2.25	msg/s 21.818181818181817
INFO: 11-10-2021 20:26:18 printStatus(169) -- Drogno_7: hovering	battery: 3.62	kalman var: 0.011 0.011 0.003	 batterySag: 0.70751953125	link quality: 56	flight time: 37s	pos -0.17 1.31 0.54	yaw: -1.61	msg/s 27.27272727272727
INFO: 11-10-2021 20:26:19 printStatus(169) -- Drogno_7: hovering	battery: 3.62	kalman var: 0.002 0.002 0.001	 batterySag: 0.70751953125	link quality: 65	flight time: 38s	pos 0.15 1.22 0.72	yaw: 0.02	msg/s 21.818181818181817
INFO: 11-10-2021 20:26:20 printStatus(169) -- Drogno_7: hovering	battery: 3.62	kalman var: 0.002 0.002 0.001	 batterySag: 0.70751953125	link quality: 80	flight time: 39s	pos 0.42 1.06 0.90	yaw: 0.38	msg/s 23.636363636363633
INFO: 11-10-2021 20:26:22 printStatus(169) -- Drogno_7: hovering	battery: 3.62	kalman var: 0.009 0.009 0.002	 batterySag: 0.70751953125	link quality: 60	flight time: 41s	pos 0.76 0.74 1.09	yaw: -0.42	msg/s 23.636363636363633
INFO: 11-10-2021 20:26:23 printStatus(169) -- Drogno_7: hovering	battery: 3.61	kalman var: 0.0 0.0 0.0	 batterySag: 0.70751953125	link quality: 53	flight time: 42s	pos 0.81 -0.19 1.27	yaw: -1.98	msg/s 23.636363636363633
INFO: 11-10-2021 20:26:24 printStatus(169) -- Drogno_7: hovering	battery: 3.61	kalman var: 0.0 0.0 0.0	 batterySag: 0.70751953125	link quality: 61	flight time: 44s	pos 0.70 -0.61 1.25	yaw: -1.91	msg/s 21.818181818181817
INFO: 11-10-2021 20:26:25 printStatus(169) -- Drogno_7: hovering	battery: 3.61	kalman var: 0.001 0.001 0.001	 batterySag: 0.70751953125	link quality: 55	flight time: 45s	pos 0.42 -1.19 1.26	yaw: 1.06	msg/s 23.636363636363633
INFO: 11-10-2021 20:26:27 printStatus(169) -- Drogno_7: hovering	battery: 3.63	kalman var: 0.001 0.001 0.001	 batterySag: 0.70751953125	link quality: 56	flight time: 46s	pos -0.07 -1.30 1.25	yaw: 0.94	msg/s 23.636363636363633
INFO: 11-10-2021 20:26:28 printStatus(169) -- Drogno_7: hovering	battery: 3.61	kalman var: 0.0 0.0 0.0	 batterySag: 0.70751953125	link quality: 57	flight time: 47s	pos -0.54 -0.96 1.05	yaw: 2.04	msg/s 20.0
INFO: 11-10-2021 20:26:29 printStatus(169) -- Drogno_7: hovering	battery: 3.58	kalman var: 0.0 0.0 0.0	 batterySag: 0.70751953125	link quality: 54	flight time: 48s	pos -1.17 -0.12 0.36	yaw: -0.99	msg/s 21.818181818181817
INFO: 11-10-2021 20:26:31 printStatus(169) -- Drogno_7: hovering	battery: 3.57	kalman var: 0.0 0.0 0.0	 batterySag: 0.70751953125	link quality: 63	flight time: 50s	pos -1.06 0.52 0.47	yaw: -1.01	msg/s 21.818181818181817
INFO: 11-10-2021 20:26:32 printStatus(169) -- Drogno_7: hovering	battery: 3.59	kalman var: 0.0 0.0 0.001	 batterySag: 0.70751953125	link quality: 69	flight time: 51s	pos -0.21 1.01 1.26	yaw: 0.76	msg/s 21.818181818181817
INFO: 11-10-2021 20:26:34 printStatus(169) -- Drogno_7: hovering	battery: 3.6	kalman var: 0.001 0.001 0.001	 batterySag: 0.70751953125	link quality: 51	flight time: 53s	pos 0.64 0.47 2.00	yaw: 1.06	msg/s 23.636363636363633
INFO: 11-10-2021 20:26:35 printStatus(169) -- Drogno_7: hovering	battery: 3.61	kalman var: 0.006 0.006 0.002	 batterySag: 0.70751953125	link quality: 54	flight time: 54s	pos 0.76 -0.28 2.09	yaw: 0.48	msg/s 25.454545454545453
INFO: 11-10-2021 20:26:36 printStatus(169) -- Drogno_7: hovering	battery: 3.63	kalman var: 0.001 0.001 0.0	 batterySag: 0.70751953125	link quality: 56	flight time: 56s	pos 0.63 -0.55 1.81	yaw: 0.32	msg/s 25.454545454545453
INFO: 11-10-2021 20:26:38 printStatus(169) -- Drogno_7: hovering	battery: 3.58	kalman var: 0.001 0.001 0.001	 batterySag: 0.70751953125	link quality: 61	flight time: 57s	pos 0.04 -1.29 1.33	yaw: 1.26	msg/s 18.18181818181818
INFO: 11-10-2021 20:26:39 printStatus(169) -- Drogno_7: moving	battery: 3.56	kalman var: 0.0 0.0 0.0	 batterySag: 0.70751953125	link quality: 52	flight time: 58s	pos -0.73 -1.32 0.87	yaw: -0.36	msg/s 27.27272727272727
INFO: 11-10-2021 20:26:40 printStatus(169) -- Drogno_7: hovering	battery: 3.58	kalman var: 0.0 0.0 0.0	 batterySag: 0.70751953125	link quality: 53	flight time: 59s	pos -0.23 -0.45 0.97	yaw: -1.72	msg/s 23.636363636363633
INFO: 11-10-2021 20:26:41 printStatus(169) -- Drogno_7: hovering	battery: 3.58	kalman var: 0.0 0.0 0.0	 batterySag: 0.70751953125	link quality: 65	flight time: 60s	pos 0.26 -0.49 1.18	yaw: 0.31	msg/s 23.636363636363633
INFO: 11-10-2021 20:26:42 printStatus(169) -- Drogno_7: hovering	battery: 3.58	kalman var: 0.0 0.0 0.001	 batterySag: 0.70751953125	link quality: 62	flight time: 62s	pos 0.32 -0.68 1.29	yaw: 0.38	msg/s 25.454545454545453
INFO: 11-10-2021 20:26:43 printStatus(169) -- Drogno_7: hovering	battery: 3.57	kalman var: 0.001 0.001 0.001	 batterySag: 0.70751953125	link quality: 57	flight time: 63s	pos 0.11 -0.79 1.32	yaw: 2.70	msg/s 20.0
INFO: 11-10-2021 20:26:45 printStatus(169) -- Drogno_7: hovering	battery: 3.56	kalman var: 0.001 0.001 0.001	 batterySag: 0.70751953125	link quality: 53	flight time: 64s	pos -0.24 -0.84 1.32	yaw: -0.47	msg/s 20.0
INFO: 11-10-2021 20:26:46 printStatus(169) -- Drogno_7: hovering	battery: 3.57	kalman var: 0.001 0.001 0.001	 batterySag: 0.70751953125	link quality: 49	flight time: 65s	pos -0.60 -0.84 1.32	yaw: 0.00	msg/s 23.636363636363633
INFO: 11-10-2021 20:26:47 printStatus(169) -- Drogno_7: hovering	battery: 3.58	kalman var: 0.0 0.0 0.0	 batterySag: 0.70751953125	link quality: 55	flight time: 66s	pos -1.43 -0.84 1.31	yaw: -0.03	msg/s 23.636363636363633
INFO: 11-10-2021 20:26:49 printStatus(169) -- Drogno_7: hovering	battery: 3.56	kalman var: 0.0 0.0 0.0	 batterySag: 0.70751953125	link quality: 49	flight time: 68s	pos -1.61 -1.23 1.02	yaw: -0.23	msg/s 21.818181818181817
INFO: 11-10-2021 20:26:50 printStatus(169) -- Drogno_7: hovering	battery: 3.56	kalman var: 0.001 0.001 0.001	 batterySag: 0.70751953125	link quality: 49	flight time: 69s	pos 0.07 -1.61 0.86	yaw: -0.37	msg/s 25.454545454545453
INFO: 11-10-2021 20:26:51 printStatus(169) -- Drogno_7: hovering	battery: 3.53	kalman var: 0.001 0.001 0.001	 batterySag: 0.70751953125	link quality: 51	flight time: 71s	pos 0.97 -1.43 0.96	yaw: 0.23	msg/s 21.818181818181817
INFO: 11-10-2021 20:26:53 printStatus(169) -- Drogno_7: moving	battery: 3.55	kalman var: 0.001 0.001 0.001	 batterySag: 0.70751953125	link quality: 75	flight time: 72s	pos 0.68 -0.89 1.28	yaw: -1.91	msg/s 25.454545454545453
INFO: 11-10-2021 20:26:54 printStatus(169) -- Drogno_7: hovering	battery: 3.54	kalman var: 0.002 0.002 0.001	 batterySag: 0.70751953125	link quality: 58	flight time: 74s	pos 0.55 -1.02 1.25	yaw: 1.30	msg/s 25.454545454545453
INFO: 11-10-2021 20:26:55 printStatus(169) -- Drogno_7: moving	battery: 3.56	kalman var: 0.001 0.001 0.001	 batterySag: 0.70751953125	link quality: 57	flight time: 75s	pos 0.70 -1.12 1.21	yaw: -0.75	msg/s 21.818181818181817
INFO: 11-10-2021 20:26:57 printStatus(169) -- Drogno_7: hovering	battery: 3.55	kalman var: 0.001 0.001 0.001	 batterySag: 0.70751953125	link quality: 55	flight time: 76s	pos 0.70 -1.19 1.18	yaw: -1.01	msg/s 18.18181818181818
INFO: 11-10-2021 20:26:58 printStatus(169) -- Drogno_7: ready	battery: 3.54	kalman var: 0.001 0.001 0.001	 batterySag: 0.70751953125	link quality: 54	flight time: 77s	pos 0.83 -1.49 1.05	yaw: 0.14	msg/s 25.454545454545453
INFO: 11-10-2021 20:26:59 printStatus(169) -- Drogno_7: moving	battery: 3.54	kalman var: 0.001 0.001 0.001	 batterySag: 0.70751953125	link quality: 52	flight time: 78s	pos 1.02 -1.44 1.05	yaw: 0.14	msg/s 21.818181818181817
INFO: 11-10-2021 20:27:00 printStatus(169) -- Drogno_7: hovering	battery: 3.54	kalman var: 0.001 0.001 0.001	 batterySag: 0.70751953125	link quality: 54	flight time: 80s	pos 1.02 -1.45 1.03	yaw: -1.43	msg/s 23.636363636363633
INFO: 11-10-2021 20:27:01 printStatus(169) -- Drogno_7: hovering	battery: 3.53	kalman var: 0.001 0.001 0.001	 batterySag: 0.70751953125	link quality: 67	flight time: 81s	pos 1.07 -1.41 1.04	yaw: -1.49	msg/s 27.27272727272727
INFO: 11-10-2021 20:27:03 printStatus(169) -- Drogno_7: hovering	battery: 3.54	kalman var: 0.001 0.001 0.001	 batterySag: 0.70751953125	link quality: 57	flight time: 82s	pos 1.03 -1.39 1.05	yaw: -1.42	msg/s 23.636363636363633
INFO: 11-10-2021 20:27:04 printStatus(169) -- Drogno_7: hovering	battery: 3.53	kalman var: 0.001 0.001 0.001	 batterySag: 0.70751953125	link quality: 60	flight time: 83s	pos 1.04 -1.34 1.04	yaw: -0.13	msg/s 25.454545454545453
INFO: 11-10-2021 20:27:05 printStatus(169) -- Drogno_7: moving	battery: 3.53	kalman var: 0.003 0.003 0.001	 batterySag: 0.70751953125	link quality: 65	flight time: 84s	pos 0.95 -1.36 1.07	yaw: 0.82	msg/s 20.0
INFO: 11-10-2021 20:27:06 printStatus(169) -- Drogno_7: hovering	battery: 3.53	kalman var: 0.0 0.0 0.0	 batterySag: 0.70751953125	link quality: 54	flight time: 85s	pos 0.94 -1.37 1.05	yaw: 1.86	msg/s 25.454545454545453
INFO: 11-10-2021 20:27:07 printStatus(169) -- Drogno_7: moving	battery: 3.53	kalman var: 0.0 0.0 0.0	 batterySag: 0.70751953125	link quality: 56	flight time: 87s	pos 0.92 -1.36 1.05	yaw: -0.58	msg/s 23.636363636363633
INFO: 11-10-2021 20:27:09 printStatus(169) -- Drogno_7: hovering	battery: 3.53	kalman var: 0.0 0.0 0.0	 batterySag: 0.70751953125	link quality: 58	flight time: 88s	pos 0.90 -1.33 1.06	yaw: 0.23	msg/s 23.636363636363633
INFO: 11-10-2021 20:27:10 printStatus(169) -- Drogno_7: hovering	battery: 3.53	kalman var: 0.001 0.001 0.001	 batterySag: 0.70751953125	link quality: 53	flight time: 89s	pos 0.87 -1.33 1.06	yaw: 0.96	msg/s 21.818181818181817
INFO: 11-10-2021 20:27:12 printStatus(169) -- Drogno_7: ready	battery: 3.51	kalman var: 0.0 0.0 0.001	 batterySag: 0.70751953125	link quality: 61	flight time: 91s	pos 0.86 -1.27 1.03	yaw: 0.35	msg/s 9.09090909090909
INFO: 11-10-2021 20:27:13 printStatus(169) -- Drogno_7: hovering	battery: 3.5	kalman var: 0.0 0.0 0.0	 batterySag: 0.70751953125	link quality: 51	flight time: 92s	pos 0.91 -1.36 1.05	yaw: 0.11	msg/s 3.6363636363636362
INFO: 11-10-2021 20:27:14 printStatus(169) -- Drogno_7: hovering	battery: 3.51	kalman var: 0.0 0.0 0.0	 batterySag: 0.70751953125	link quality: 53	flight time: 94s	pos 0.89 -1.35 1.05	yaw: 1.28	msg/s 25.454545454545453
INFO: 11-10-2021 20:27:15 printStatus(169) -- Drogno_7: hovering	battery: 3.51	kalman var: 0.0 0.0 0.001	 batterySag: 0.70751953125	link quality: 53	flight time: 95s	pos 0.88 -1.36 1.06	yaw: 2.63	msg/s 25.454545454545453
INFO: 11-10-2021 20:27:17 printStatus(169) -- Drogno_7: hovering	battery: 3.52	kalman var: 0.0 0.0 0.001	 batterySag: 0.70751953125	link quality: 53	flight time: 96s	pos 0.86 -1.33 1.06	yaw: 4.80	msg/s 25.454545454545453
INFO: 11-10-2021 20:27:18 printStatus(169) -- Drogno_7: hovering	battery: 3.51	kalman var: 0.001 0.001 0.001	 batterySag: 0.70751953125	link quality: 56	flight time: 97s	pos 0.88 -1.29 1.06	yaw: -2.37	msg/s 27.27272727272727
INFO: 11-10-2021 20:27:20 printStatus(169) -- Drogno_7: landing	battery: 3.51	kalman var: 0.003 0.003 0.001	 batterySag: 0.70751953125	link quality: 55	flight time: 99s	pos 0.87 -1.34 1.06	yaw: -1.83	msg/s 21.818181818181817
INFO: 11-10-2021 20:27:21 printStatus(169) -- Drogno_7: ready	battery: 3.55	kalman var: 0.0 0.0 0.0	 batterySag: 0.70751953125	link quality: 49	flight time: 99s	pos 0.87 -1.37 1.03	yaw: 0.08	msg/s 43.63636363636363
INFO: 11-10-2021 20:27:22 printStatus(169) -- Drogno_7: ready	battery: 3.48	kalman var: 0.001 0.001 0.001	 batterySag: 0.70751953125	link quality: 64	flight time: 99s	pos 0.90 -1.32 0.38	yaw: -9.65	msg/s 43.63636363636363
WARNING: 11-10-2021 20:27:22 evaluateBattery(804) -- battery under 3.50v
INFO: 11-10-2021 20:27:24 printStatus(169) -- Drogno_7: ready	battery: 3.82	kalman var: 0.002 0.002 0.001	 batterySag: 0.70751953125	link quality: 58	flight time: 99s	pos 0.90 -1.39 0.04	yaw: -2.66	msg/s 41.81818181818181
INFO: 11-10-2021 20:27:25 printStatus(169) -- Drogno_7: ready	battery: 3.83	kalman var: 0.003 0.003 0.001	 batterySag: 0.70751953125	link quality: 67	flight time: 99s	pos 0.90 -1.41 0.03	yaw: -2.73	msg/s 43.63636363636363
INFO: 11-10-2021 20:27:26 printStatus(169) -- Drogno_7: ready	battery: 3.84	kalman var: 0.009 0.009 0.002	 batterySag: 0.70751953125	link quality: 63	flight time: 99s	pos 0.90 -1.43 0.05	yaw: -2.52	msg/s 43.63636363636363
INFO: 11-10-2021 20:27:28 printStatus(169) -- Drogno_7: BAD kalman	battery: 3.85	kalman var: 0.043 0.043 0.005	 batterySag: 0.70751953125	link quality: 64	flight time: 99s	pos 0.86 -1.49 0.12	yaw: -2.69	msg/s 45.45454545454545
INFO: 11-10-2021 20:27:29 printStatus(169) -- Drogno_7: BAD kalman	battery: 3.85	kalman var: 0.074 0.074 0.006	 batterySag: 0.70751953125	link quality: 61	flight time: 99s	pos 0.80 -1.51 0.16	yaw: -2.74	msg/s 41.81818181818181
INFO: 11-10-2021 20:27:31 printStatus(169) -- Drogno_7: ready	battery: 3.86	kalman var: 0.01 0.01 0.002	 batterySag: 0.70751953125	link quality: 64	flight time: 99s	pos 0.88 -1.38 0.01	yaw: -2.85	msg/s 45.45454545454545
INFO: 11-10-2021 20:27:32 printStatus(169) -- Drogno_7: BAD kalman	battery: 3.86	kalman var: 0.046 0.046 0.004	 batterySag: 0.70751953125	link quality: 62	flight time: 99s	pos 0.70 -1.25 0.03	yaw: -2.68	msg/s 43.63636363636363
INFO: 11-10-2021 20:27:33 printStatus(169) -- Drogno_7: ready	battery: 3.87	kalman var: 0.003 0.003 0.001	 batterySag: 0.70751953125	link quality: 62	flight time: 99s	pos 0.89 -1.39 0.01	yaw: -2.84	msg/s 41.81818181818181
INFO: 11-10-2021 20:27:34 printStatus(169) -- Drogno_7: ready	battery: 3.87	kalman var: 0.001 0.001 0.001	 batterySag: 0.70751953125	link quality: 63	flight time: 99s	pos 0.90 -1.39 0.01	yaw: -2.80	msg/s 41.81818181818181
INFO: 11-10-2021 20:27:35 printStatus(169) -- Drogno_7: ready	battery: 3.87	kalman var: 0.004 0.004 0.002	 batterySag: 0.70751953125	link quality: 63	flight time: 99s	pos 0.89 -1.39 0.01	yaw: -2.65	msg/s 43.63636363636363
INFO: 11-10-2021 20:27:37 printStatus(169) -- Drogno_7: BAD kalman	battery: 3.88	kalman var: 0.012 0.012 0.003	 batterySag: 0.70751953125	link quality: 61	flight time: 99s	pos 0.86 -1.37 0.03	yaw: -2.75	msg/s 45.45454545454545
INFO: 11-10-2021 20:27:38 printStatus(169) -- Drogno_7: BAD kalman	battery: 3.88	kalman var: 0.011 0.011 0.002	 batterySag: 0.70751953125	link quality: 63	flight time: 99s	pos 0.85 -1.38 0.02	yaw: -2.59	msg/s 43.63636363636363
INFO: 11-10-2021 20:27:39 printStatus(169) -- Drogno_7: BAD kalman	battery: 3.88	kalman var: 0.025 0.025 0.004	 batterySag: 0.70751953125	link quality: 63	flight time: 99s	pos 0.78 -1.36 0.04	yaw: -2.72	msg/s 43.63636363636363
INFO: 11-10-2021 20:27:40 printStatus(169) -- Drogno_7: BAD kalman	battery: 3.88	kalman var: 0.048 0.048 0.005	 batterySag: 0.70751953125	link quality: 63	flight time: 99s	pos 0.68 -1.33 0.06	yaw: -2.78	msg/s 41.81818181818181
INFO: 11-10-2021 20:27:41 printStatus(169) -- Drogno_7: BAD kalman	battery: 3.88	kalman var: 0.082 0.082 0.006	 batterySag: 0.70751953125	link quality: 63	flight time: 99s	pos 0.53 -1.29 0.08	yaw: -2.67	msg/s 41.81818181818181
INFO: 11-10-2021 20:27:42 printStatus(169) -- Drogno_7: BAD kalman	battery: 3.88	kalman var: 0.011 0.011 0.002	 batterySag: 0.70751953125	link quality: 63	flight time: 99s	pos 0.88 -1.38 0.01	yaw: -2.72	msg/s 41.81818181818181
INFO: 11-10-2021 20:27:44 printStatus(169) -- Drogno_7: ready	battery: 3.88	kalman var: 0.001 0.001 0.001	 batterySag: 0.70751953125	link quality: 63	flight time: 99s	pos 0.89 -1.39 0.01	yaw: -2.77	msg/s 40.0
INFO: 11-10-2021 20:27:45 printStatus(169) -- Drogno_7: ready	battery: 3.88	kalman var: 0.007 0.007 0.002	 batterySag: 0.70751953125	link quality: 63	flight time: 99s	pos 0.87 -1.38 0.01	yaw: -2.65	msg/s 43.63636363636363
INFO: 11-10-2021 20:27:46 printStatus(169) -- Drogno_7: BAD kalman	battery: 3.88	kalman var: 0.018 0.018 0.003	 batterySag: 0.70751953125	link quality: 63	flight time: 99s	pos 0.83 -1.37 0.02	yaw: -2.64	msg/s 43.63636363636363
INFO: 11-10-2021 20:27:48 printStatus(169) -- Drogno_7: BAD kalman	battery: 3.88	kalman var: 0.036 0.036 0.004	 batterySag: 0.70751953125	link quality: 64	flight time: 99s	pos 0.76 -1.34 0.03	yaw: -2.66	msg/s 43.63636363636363
INFO: 11-10-2021 20:27:49 printStatus(169) -- Drogno_7: BAD kalman	battery: 3.88	kalman var: 0.103 0.103 0.006	 batterySag: 0.70751953125	link quality: 63	flight time: 99s	pos 0.50 -1.24 0.07	yaw: -2.75	msg/s 41.81818181818181
INFO: 11-10-2021 20:27:50 printStatus(169) -- Drogno_7: BAD kalman	battery: 3.89	kalman var: 0.157 0.157 0.007	 batterySag: 0.70751953125	link quality: 63	flight time: 99s	pos 0.31 -1.17 0.10	yaw: -2.68	msg/s 43.63636363636363
INFO: 11-10-2021 20:27:52 printStatus(169) -- Drogno_7: BAD kalman	battery: 3.89	kalman var: 0.014 0.014 0.002	 batterySag: 0.70751953125	link quality: 65	flight time: 99s	pos 0.90 -1.39 0.01	yaw: -2.64	msg/s 43.63636363636363
INFO: 11-10-2021 20:27:53 printStatus(169) -- Drogno_7: ready	battery: 3.89	kalman var: 0.003 0.003 0.001	 batterySag: 0.70751953125	link quality: 61	flight time: 99s	pos 0.89 -1.39 0.01	yaw: -2.74	msg/s 43.63636363636363
INFO: 11-10-2021 20:27:54 printStatus(169) -- Drogno_7: ready	battery: 3.89	kalman var: 0.01 0.01 0.002	 batterySag: 0.70751953125	link quality: 63	flight time: 99s	pos 0.85 -1.38 0.01	yaw: -2.66	msg/s 41.81818181818181
INFO: 11-10-2021 20:27:55 printStatus(169) -- Drogno_7: BAD kalman	battery: 3.89	kalman var: 0.024 0.024 0.003	 batterySag: 0.70751953125	link quality: 65	flight time: 99s	pos 0.78 -1.35 0.02	yaw: -2.69	msg/s 43.63636363636363
INFO: 11-10-2021 20:27:57 printStatus(169) -- Drogno_7: BAD kalman	battery: 3.89	kalman var: 0.081 0.081 0.005	 batterySag: 0.70751953125	link quality: 63	flight time: 99s	pos 0.53 -1.26 0.05	yaw: -2.70	msg/s 43.63636363636363
INFO: 11-10-2021 20:27:58 printStatus(169) -- Drogno_7: BAD kalman	battery: 3.89	kalman var: 0.128 0.126 0.008	 batterySag: 0.70751953125	link quality: 67	flight time: 99s	pos 0.30 -1.21 0.08	yaw: 10.99	msg/s 41.81818181818181
INFO: 11-10-2021 20:27:59 printStatus(169) -- Drogno_7: BAD kalman	battery: 3.89	kalman var: 0.19 0.186 0.011	 batterySag: 0.70751953125	link quality: 69	flight time: 99s	pos -0.45 -1.10 0.68	yaw: -34.59	msg/s 45.45454545454545
INFO: 11-10-2021 20:28:00 printStatus(169) -- Drogno_7: BAD kalman	battery: 3.89	kalman var: 0.245 0.25 0.035	 batterySag: 0.70751953125	link quality: 59	flight time: 99s	pos -1.05 -0.58 0.91	yaw: -85.56	msg/s 45.45454545454545
INFO: 11-10-2021 20:28:01 printStatus(169) -- Drogno_7: BAD kalman	battery: 3.89	kalman var: 0.314 0.307 0.021	 batterySag: 0.70751953125	link quality: 58	flight time: 99s	pos -0.88 0.67 0.92	yaw: 164.00	msg/s 43.63636363636363
INFO: 11-10-2021 20:28:03 printStatus(169) -- Drogno_7: BAD kalman	battery: 3.89	kalman var: 0.305 0.292 0.028	 batterySag: 0.70751953125	link quality: 63	flight time: 99s	pos -0.83 1.33 1.05	yaw: 103.50	msg/s 41.81818181818181
INFO: 11-10-2021 20:28:04 printStatus(169) -- Drogno_7: out of BOX	battery: 3.9	kalman var: 0.27 0.282 0.068	 batterySag: 0.70751953125	link quality: 58	flight time: 99s	pos -0.16 3.11 1.42	yaw: 127.81	msg/s 45.45454545454545
INFO: 11-10-2021 20:28:05 printStatus(169) -- Drogno_7: out of BOX	battery: 3.9	kalman var: 0.341 0.305 0.043	 batterySag: 0.70751953125	link quality: 58	flight time: 99s	pos 1.48 3.11 1.44	yaw: 127.19	msg/s 43.63636363636363
INFO: 11-10-2021 20:28:06 printStatus(169) -- Drogno_7: out of BOX	battery: 3.9	kalman var: 0.396 0.35 0.06	 batterySag: 0.70751953125	link quality: 66	flight time: 99s	pos 4.22 2.91 1.45	yaw: 127.94	msg/s 41.81818181818181
INFO: 11-10-2021 20:28:07 printStatus(169) -- Drogno_7: out of BOX	battery: 3.9	kalman var: 0.478 0.435 0.074	 batterySag: 0.70751953125	link quality: 66	flight time: 99s	pos 8.48 2.41 1.29	yaw: 153.75	msg/s 41.81818181818181
INFO: 11-10-2021 20:28:08 printStatus(169) -- Drogno_7: out of BOX	battery: 3.9	kalman var: 0.455 0.583 0.214	 batterySag: 0.70751953125	link quality: 69	flight time: 99s	pos 14.25 1.69 0.92	yaw: -168.00	msg/s 41.81818181818181
INFO: 11-10-2021 20:28:10 printStatus(169) -- Drogno_7: ready	battery: 3.9	kalman var: 0.001 0.001 0.0	 batterySag: 0.70751953125	link quality: 82	flight time: 99s	pos 0.27 0.13 -0.07	yaw: 10.26	msg/s 45.45454545454545
INFO: 11-10-2021 20:28:12 printStatus(169) -- Drogno_7: out of BOX	battery: 3.9	kalman var: 0.016 0.017 0.001	 batterySag: 0.70751953125	link quality: 67	flight time: 99s	pos 5.37 2.10 -2.44	yaw: -0.52	msg/s 43.63636363636363
INFO: 11-10-2021 20:28:13 printStatus(169) -- Drogno_7: ready	battery: 3.88	kalman var: 0.003 0.003 0.001	 batterySag: 0.70751953125	link quality: 69	flight time: 99s	pos 0.58 0.35 -0.16	yaw: -17.44	msg/s 43.63636363636363
INFO: 11-10-2021 20:28:14 printStatus(169) -- Drogno_7: out of BOX	battery: 3.9	kalman var: 0.007 0.022 0.017	 batterySag: 0.70751953125	link quality: 66	flight time: 99s	pos 5.73 3.59 -2.37	yaw: -97.75	msg/s 43.63636363636363
INFO: 11-10-2021 20:28:16 printStatus(169) -- Drogno_7: stand by	battery: 3.9	kalman var: 0.007 0.022 0.017	 batterySag: 0.70751953125	link quality: 66	flight time: 99s	pos 5.73 3.59 -2.37	yaw: -97.75	msg/s 24.545454545454543
INFO: 11-10-2021 20:28:17 printStatus(169) -- Drogno_7: stand by	battery: 3.9	kalman var: 0.007 0.022 0.017	 batterySag: 0.70751953125	link quality: 66	flight time: 99s	pos 5.73 3.59 -2.37	yaw: -97.75	msg/s 22.727272727272727
INFO: 11-10-2021 20:28:18 printStatus(169) -- Drogno_7: stand by	battery: 3.9	kalman var: 0.007 0.022 0.017	 batterySag: 0.70751953125	link quality: 66	flight time: 99s	pos 5.73 3.59 -2.37	yaw: -97.75	msg/s 22.727272727272727
INFO: 11-10-2021 20:28:19 printStatus(169) -- Drogno_7: stand by	battery: 3.9	kalman var: 0.007 0.022 0.017	 batterySag: 0.70751953125	link quality: 66	flight time: 99s	pos 5.73 3.59 -2.37	yaw: -97.75	msg/s 21.818181818181817
INFO: 11-10-2021 20:28:20 printStatus(169) -- Drogno_7: stand by	battery: 3.9	kalman var: 0.007 0.022 0.017	 batterySag: 0.70751953125	link quality: 66	flight time: 99s	pos 5.73 3.59 -2.37	yaw: -97.75	msg/s 21.818181818181817
INFO: 11-10-2021 20:28:21 printStatus(169) -- Drogno_7: stand by	battery: 3.9	kalman var: 0.007 0.022 0.017	 batterySag: 0.70751953125	link quality: 66	flight time: 99s	pos 5.73 3.59 -2.37	yaw: -97.75	msg/s 22.727272727272727
INFO: 11-10-2021 20:28:22 printStatus(169) -- Drogno_7: stand by	battery: 3.9	kalman var: 0.007 0.022 0.017	 batterySag: 0.70751953125	link quality: 66	flight time: 99s	pos 5.73 3.59 -2.37	yaw: -97.75	msg/s 21.818181818181817
INFO: 11-10-2021 20:28:24 printStatus(169) -- Drogno_7: stand by	battery: 3.9	kalman var: 0.007 0.022 0.017	 batterySag: 0.70751953125	link quality: 66	flight time: 99s	pos 5.73 3.59 -2.37	yaw: -97.75	msg/s 22.727272727272727
INFO: 11-10-2021 20:28:25 printStatus(169) -- Drogno_7: stand by	battery: 3.9	kalman var: 0.007 0.022 0.017	 batterySag: 0.70751953125	link quality: 66	flight time: 99s	pos 5.73 3.59 -2.37	yaw: -97.75	msg/s 22.727272727272727
INFO: 11-10-2021 20:28:26 printStatus(169) -- Drogno_7: stand by	battery: 3.9	kalman var: 0.007 0.022 0.017	 batterySag: 0.70751953125	link quality: 66	flight time: 99s	pos 5.73 3.59 -2.37	yaw: -97.75	msg/s 23.636363636363633
INFO: 11-10-2021 20:28:27 printStatus(169) -- Drogno_7: stand by	battery: 3.9	kalman var: 0.007 0.022 0.017	 batterySag: 0.70751953125	link quality: 66	flight time: 99s	pos 5.73 3.59 -2.37	yaw: -97.75	msg/s 22.727272727272727
INFO: 11-10-2021 20:28:28 printStatus(169) -- Drogno_7: stand by	battery: 3.9	kalman var: 0.007 0.022 0.017	 batterySag: 0.70751953125	link quality: 66	flight time: 99s	pos 5.73 3.59 -2.37	yaw: -97.75	msg/s 22.727272727272727
INFO: 11-10-2021 20:28:29 printStatus(169) -- Drogno_7: stand by	battery: 3.9	kalman var: 0.007 0.022 0.017	 batterySag: 0.70751953125	link quality: 66	flight time: 99s	pos 5.73 3.59 -2.37	yaw: -97.75	msg/s 22.727272727272727
INFO: 11-10-2021 20:28:30 printStatus(169) -- Drogno_7: stand by	battery: 3.9	kalman var: 0.007 0.022 0.017	 batterySag: 0.70751953125	link quality: 66	flight time: 99s	pos 5.73 3.59 -2.37	yaw: -97.75	msg/s 22.727272727272727
INFO: 11-10-2021 20:28:32 printStatus(169) -- Drogno_7: stand by	battery: 3.9	kalman var: 0.007 0.022 0.017	 batterySag: 0.70751953125	link quality: 66	flight time: 99s	pos 5.73 3.59 -2.37	yaw: -97.75	msg/s 23.636363636363633
INFO: 11-10-2021 20:28:33 printStatus(169) -- Drogno_7: stand by	battery: 3.9	kalman var: 0.007 0.022 0.017	 batterySag: 0.70751953125	link quality: 66	flight time: 99s	pos 5.73 3.59 -2.37	yaw: -97.75	msg/s 21.818181818181817
INFO: 11-10-2021 20:28:34 printStatus(169) -- Drogno_7: stand by	battery: 3.9	kalman var: 0.007 0.022 0.017	 batterySag: 0.70751953125	link quality: 66	flight time: 99s	pos 5.73 3.59 -2.37	yaw: -97.75	msg/s 22.727272727272727
INFO: 11-10-2021 20:28:35 printStatus(169) -- Drogno_7: stand by	battery: 3.9	kalman var: 0.007 0.022 0.017	 batterySag: 0.70751953125	link quality: 66	flight time: 99s	pos 5.73 3.59 -2.37	yaw: -97.75	msg/s 22.727272727272727
INFO: 11-10-2021 20:28:36 printStatus(169) -- Drogno_7: stand by	battery: 3.9	kalman var: 0.007 0.022 0.017	 batterySag: 0.70751953125	link quality: 66	flight time: 99s	pos 5.73 3.59 -2.37	yaw: -97.75	msg/s 13.636363636363635
INFO: 11-10-2021 20:28:37 printStatus(169) -- Drogno_7: stand by	battery: 3.9	kalman var: 0.007 0.022 0.017	 batterySag: 0.70751953125	link quality: 66	flight time: 99s	pos 5.73 3.59 -2.37	yaw: -97.75	msg/s 0.0
INFO: 11-10-2021 20:28:38 printStatus(169) -- Drogno_7: stand by	battery: 3.9	kalman var: 0.007 0.022 0.017	 batterySag: 0.70751953125	link quality: 66	flight time: 99s	pos 5.73 3.59 -2.37	yaw: -97.75	msg/s 0.0
INFO: 11-10-2021 20:28:40 printStatus(169) -- Drogno_7: stand by	battery: 3.9	kalman var: 0.007 0.022 0.017	 batterySag: 0.70751953125	link quality: 66	flight time: 99s	pos 5.73 3.59 -2.37	yaw: -97.75	msg/s 0.0
INFO: 11-10-2021 20:28:41 printStatus(169) -- Drogno_7: stand by	battery: 3.9	kalman var: 0.007 0.022 0.017	 batterySag: 0.70751953125	link quality: 66	flight time: 99s	pos 5.73 3.59 -2.37	yaw: -97.75	msg/s 0.0
INFO: 11-10-2021 20:28:42 printStatus(169) -- Drogno_7: stand by	battery: 3.9	kalman var: 0.007 0.022 0.017	 batterySag: 0.70751953125	link quality: 66	flight time: 99s	pos 5.73 3.59 -2.37	yaw: -97.75	msg/s 0.0
INFO: 11-10-2021 20:28:43 printStatus(169) -- Drogno_7: stand by	battery: 3.9	kalman var: 0.007 0.022 0.017	 batterySag: 0.70751953125	link quality: 66	flight time: 99s	pos 5.73 3.59 -2.37	yaw: -97.75	msg/s 0.0
INFO: 11-10-2021 20:28:44 printStatus(169) -- Drogno_7: stand by	battery: 3.9	kalman var: 0.007 0.022 0.017	 batterySag: 0.70751953125	link quality: 66	flight time: 99s	pos 5.73 3.59 -2.37	yaw: -97.75	msg/s 0.0
WARNING: 11-10-2021 20:28:45 exit(859) -- closing Drogno_7
