INFO: 12-10-2021 14:11:19 __init__(130) -- This is dronelog running on Drogno_1
INFO: 12-10-2021 14:11:19 printStatus(166) -- Started
INFO: 12-10-2021 14:11:20 printStatus(169) -- Drogno_1: connecting	battery: n.p.	kalman var: 0 0 0	 batterySag: 0	link quality: 0	flight time: 0s	pos 0.00 0.00 0.00	yaw: 0.00	msg/s 0.0
INFO: 12-10-2021 14:11:21 printStatus(169) -- Drogno_1: connecting	battery: n.p.	kalman var: 0 0 0	 batterySag: 0	link quality: 0	flight time: 0s	pos 0.00 0.00 0.00	yaw: 0.00	msg/s 0.0
INFO: 12-10-2021 14:11:23 printStatus(169) -- Drogno_1: connecting	battery: n.p.	kalman var: 0 0 0	 batterySag: 0	link quality: 0	flight time: 0s	pos 0.00 0.00 0.00	yaw: 0.00	msg/s 0.0
INFO: 12-10-2021 14:11:24 printStatus(169) -- Drogno_1: connecting	battery: n.p.	kalman var: 0 0 0	 batterySag: 0	link quality: 0	flight time: 0s	pos 0.00 0.00 0.00	yaw: 0.00	msg/s 0.0
INFO: 12-10-2021 14:11:25 printStatus(169) -- Drogno_1: landed	battery: n.p.	kalman var: 0 0 0	 batterySag: 0	link quality: 0	flight time: 0s	pos 0.00 0.00 0.00	yaw: 0.00	msg/s 0.0
INFO: 12-10-2021 14:11:26 printStatus(169) -- Drogno_1: landed	battery: n.p.	kalman var: 0 0 0	 batterySag: 0	link quality: 0	flight time: 0s	pos 0.00 0.00 0.00	yaw: 0.00	msg/s 0.0
INFO: 12-10-2021 14:11:27 printStatus(169) -- Drogno_1: landed	battery: n.p.	kalman var: 0 0 0	 batterySag: 0	link quality: 0	flight time: 0s	pos 0.00 0.00 0.00	yaw: 0.00	msg/s 0.0
INFO: 12-10-2021 14:11:29 printStatus(169) -- Drogno_1: ready	battery: 4.14	kalman var: 0.0 0.0 0.0	 batterySag: 0.702	link quality: 58	flight time: 0s	pos -0.43 0.99 0.03	yaw: 8.98	msg/s 0.0
INFO: 12-10-2021 14:11:30 printStatus(169) -- Drogno_1: ready	battery: 4.14	kalman var: 0.0 0.0 0.0	 batterySag: 0.702	link quality: 58	flight time: 0s	pos -0.43 0.99 0.03	yaw: 8.89	msg/s 0.0
INFO: 12-10-2021 14:11:31 printStatus(169) -- Drogno_1: ready	battery: 4.14	kalman var: 0.0 0.0 0.0	 batterySag: 0.702	link quality: 58	flight time: 0s	pos -0.43 0.99 0.03	yaw: 9.02	msg/s 0.0
INFO: 12-10-2021 14:11:32 printStatus(169) -- Drogno_1: ready	battery: 4.14	kalman var: 0.0 0.0 0.0	 batterySag: 0.702	link quality: 58	flight time: 0s	pos -0.43 0.99 0.03	yaw: 9.01	msg/s 0.0
INFO: 12-10-2021 14:11:33 printStatus(169) -- Drogno_1: ready	battery: 4.14	kalman var: 0.001 0.001 0.001	 batterySag: 0.702	link quality: 58	flight time: 0s	pos -0.44 0.99 0.03	yaw: 8.91	msg/s 0.0
INFO: 12-10-2021 14:11:34 printStatus(169) -- Drogno_1: ready	battery: 4.14	kalman var: 0.0 0.0 0.0	 batterySag: 0.702	link quality: 58	flight time: 0s	pos -0.43 0.99 0.03	yaw: 8.98	msg/s 0.0
INFO: 12-10-2021 14:11:36 printStatus(169) -- Drogno_1: ready	battery: 4.14	kalman var: 0.001 0.001 0.001	 batterySag: 0.702	link quality: 58	flight time: 0s	pos -0.44 0.99 0.03	yaw: 8.77	msg/s 0.0
INFO: 12-10-2021 14:11:37 printStatus(169) -- Drogno_1: ready	battery: 4.14	kalman var: 0.0 0.0 0.0	 batterySag: 0.702	link quality: 58	flight time: 0s	pos -0.43 0.99 0.03	yaw: 9.05	msg/s 0.0
INFO: 12-10-2021 14:11:38 printStatus(169) -- Drogno_1: ready	battery: 4.14	kalman var: 0.0 0.0 0.0	 batterySag: 0.702	link quality: 57	flight time: 0s	pos -0.43 0.99 0.03	yaw: 8.95	msg/s 0.0
INFO: 12-10-2021 14:11:39 printStatus(169) -- Drogno_1: ready	battery: 4.14	kalman var: 0.0 0.0 0.0	 batterySag: 0.702	link quality: 58	flight time: 0s	pos -0.43 0.99 0.03	yaw: 8.98	msg/s 0.0
INFO: 12-10-2021 14:11:40 printStatus(169) -- Drogno_1: ready	battery: 4.14	kalman var: 0.0 0.0 0.0	 batterySag: 0.702	link quality: 58	flight time: 0s	pos -0.43 0.99 0.03	yaw: 8.89	msg/s 0.0
INFO: 12-10-2021 14:11:41 printStatus(169) -- Drogno_1: ready	battery: 4.14	kalman var: 0.0 0.0 0.0	 batterySag: 0.702	link quality: 58	flight time: 0s	pos -0.43 0.99 0.03	yaw: 8.83	msg/s 0.0
INFO: 12-10-2021 14:11:43 printStatus(169) -- Drogno_1: ready	battery: 4.14	kalman var: 0.0 0.0 0.0	 batterySag: 0.702	link quality: 58	flight time: 0s	pos -0.43 0.99 0.03	yaw: 8.95	msg/s 0.0
INFO: 12-10-2021 14:11:44 printStatus(169) -- Drogno_1: ready	battery: 4.14	kalman var: 0.0 0.0 0.0	 batterySag: 0.702	link quality: 58	flight time: 0s	pos -0.43 0.99 0.03	yaw: 8.98	msg/s 0.0
INFO: 12-10-2021 14:11:45 printStatus(169) -- Drogno_1: ready	battery: 4.14	kalman var: 0.0 0.0 0.0	 batterySag: 0.702	link quality: 58	flight time: 0s	pos -0.43 0.99 0.03	yaw: 8.91	msg/s 0.0
INFO: 12-10-2021 14:11:46 printStatus(169) -- Drogno_1: ready	battery: 4.14	kalman var: 0.0 0.0 0.0	 batterySag: 0.702	link quality: 58	flight time: 0s	pos -0.43 0.99 0.03	yaw: 8.88	msg/s 0.0
INFO: 12-10-2021 14:11:47 printStatus(169) -- Drogno_1: ready	battery: 4.14	kalman var: 0.0 0.0 0.0	 batterySag: 0.702	link quality: 58	flight time: 0s	pos -0.43 0.99 0.03	yaw: 9.00	msg/s 0.0
INFO: 12-10-2021 14:11:48 printStatus(169) -- Drogno_1: ready	battery: 4.14	kalman var: 0.001 0.001 0.001	 batterySag: 0.702	link quality: 59	flight time: 0s	pos -0.44 0.99 0.03	yaw: 8.85	msg/s 0.0
INFO: 12-10-2021 14:11:50 printStatus(169) -- Drogno_1: ready	battery: 4.14	kalman var: 0.0 0.0 0.0	 batterySag: 0.702	link quality: 58	flight time: 0s	pos -0.43 0.99 0.03	yaw: 8.95	msg/s 0.0
INFO: 12-10-2021 14:11:51 printStatus(169) -- Drogno_1: ready	battery: 4.14	kalman var: 0.0 0.0 0.0	 batterySag: 0.702	link quality: 58	flight time: 0s	pos -0.43 0.99 0.03	yaw: 8.97	msg/s 0.0
INFO: 12-10-2021 14:11:52 printStatus(169) -- Drogno_1: ready	battery: 4.14	kalman var: 0.001 0.001 0.001	 batterySag: 0.702	link quality: 59	flight time: 0s	pos -0.44 0.99 0.03	yaw: 8.70	msg/s 0.0
INFO: 12-10-2021 14:11:54 printStatus(169) -- Drogno_1: ready	battery: 4.14	kalman var: 0.0 0.0 0.0	 batterySag: 0.702	link quality: 58	flight time: 0s	pos -0.43 0.99 0.03	yaw: 8.84	msg/s 0.0
INFO: 12-10-2021 14:11:55 printStatus(169) -- Drogno_1: ready	battery: 4.14	kalman var: 0.001 0.001 0.001	 batterySag: 0.702	link quality: 58	flight time: 0s	pos -0.44 0.99 0.03	yaw: 8.73	msg/s 0.0
INFO: 12-10-2021 14:11:56 printStatus(169) -- Drogno_1: ready	battery: 4.14	kalman var: 0.0 0.0 0.0	 batterySag: 0.702	link quality: 58	flight time: 0s	pos -0.43 0.99 0.03	yaw: 8.85	msg/s 0.0
INFO: 12-10-2021 14:11:57 printStatus(169) -- Drogno_1: ready	battery: 4.14	kalman var: 0.0 0.0 0.0	 batterySag: 0.702	link quality: 58	flight time: 0s	pos -0.43 0.99 0.03	yaw: 8.95	msg/s 0.0
INFO: 12-10-2021 14:11:59 printStatus(169) -- Drogno_1: ready	battery: 4.14	kalman var: 0.0 0.0 0.0	 batterySag: 0.702	link quality: 58	flight time: 0s	pos -0.43 0.99 0.03	yaw: 8.83	msg/s 0.0
INFO: 12-10-2021 14:12:00 printStatus(169) -- Drogno_1: ready	battery: 4.14	kalman var: 0.0 0.0 0.0	 batterySag: 0.702	link quality: 58	flight time: 0s	pos -0.43 0.99 0.03	yaw: 8.74	msg/s 0.0
INFO: 12-10-2021 14:12:01 printStatus(169) -- Drogno_1: ready	battery: 4.14	kalman var: 0.0 0.0 0.0	 batterySag: 0.702	link quality: 58	flight time: 0s	pos -0.43 0.99 0.03	yaw: 8.75	msg/s 0.0
INFO: 12-10-2021 14:12:03 printStatus(169) -- Drogno_1: ready	battery: 4.14	kalman var: 0.0 0.0 0.0	 batterySag: 0.702	link quality: 58	flight time: 0s	pos -0.43 0.99 0.03	yaw: 8.71	msg/s 0.0
INFO: 12-10-2021 14:12:04 printStatus(169) -- Drogno_1: ready	battery: 4.14	kalman var: 0.0 0.0 0.0	 batterySag: 0.702	link quality: 58	flight time: 0s	pos -0.43 0.99 0.03	yaw: 8.79	msg/s 0.0
INFO: 12-10-2021 14:12:05 printStatus(169) -- Drogno_1: ready	battery: 4.14	kalman var: 0.0 0.0 0.0	 batterySag: 0.702	link quality: 58	flight time: 0s	pos -0.43 0.99 0.03	yaw: 8.71	msg/s 0.0
INFO: 12-10-2021 14:12:06 printStatus(169) -- Drogno_1: ready	battery: 4.14	kalman var: 0.0 0.0 0.0	 batterySag: 0.702	link quality: 58	flight time: 0s	pos -0.43 0.99 0.03	yaw: 8.76	msg/s 0.0
INFO: 12-10-2021 14:12:08 printStatus(169) -- Drogno_1: ready	battery: 4.14	kalman var: 0.0 0.0 0.001	 batterySag: 0.702	link quality: 58	flight time: 0s	pos -0.44 0.99 0.03	yaw: 8.66	msg/s 0.0
INFO: 12-10-2021 14:12:09 printStatus(169) -- Drogno_1: ready	battery: 4.14	kalman var: 0.0 0.0 0.0	 batterySag: 0.702	link quality: 58	flight time: 0s	pos -0.43 0.99 0.03	yaw: 8.92	msg/s 0.0
INFO: 12-10-2021 14:12:11 printStatus(169) -- Drogno_1: ready	battery: 4.14	kalman var: 0.001 0.001 0.001	 batterySag: 0.702	link quality: 58	flight time: 0s	pos -0.44 0.99 0.03	yaw: 8.62	msg/s 0.0
INFO: 12-10-2021 14:12:12 printStatus(169) -- Drogno_1: ready	battery: 4.14	kalman var: 0.0 0.0 0.0	 batterySag: 0.702	link quality: 58	flight time: 0s	pos -0.43 0.99 0.03	yaw: 8.88	msg/s 0.0
INFO: 12-10-2021 14:12:13 printStatus(169) -- Drogno_1: ready	battery: 4.14	kalman var: 0.0 0.0 0.0	 batterySag: 0.702	link quality: 58	flight time: 0s	pos -0.43 0.99 0.03	yaw: 8.90	msg/s 0.0
INFO: 12-10-2021 14:12:14 printStatus(169) -- Drogno_1: ready	battery: 4.14	kalman var: 0.0 0.0 0.0	 batterySag: 0.702	link quality: 59	flight time: 0s	pos -0.44 0.99 0.03	yaw: 8.73	msg/s 0.0
INFO: 12-10-2021 14:12:16 printStatus(169) -- Drogno_1: ready	battery: 4.14	kalman var: 0.0 0.0 0.0	 batterySag: 0.702	link quality: 58	flight time: 0s	pos -0.43 0.99 0.03	yaw: 8.93	msg/s 0.0
INFO: 12-10-2021 14:12:17 printStatus(169) -- Drogno_1: ready	battery: 4.14	kalman var: 0.0 0.0 0.0	 batterySag: 0.702	link quality: 58	flight time: 0s	pos -0.43 0.99 0.03	yaw: 8.91	msg/s 0.0
INFO: 12-10-2021 14:12:18 printStatus(169) -- Drogno_1: ready	battery: 4.14	kalman var: 0.0 0.0 0.0	 batterySag: 0.702	link quality: 58	flight time: 0s	pos -0.43 0.99 0.03	yaw: 8.92	msg/s 0.0
INFO: 12-10-2021 14:12:19 printStatus(169) -- Drogno_1: ready	battery: 4.14	kalman var: 0.0 0.0 0.0	 batterySag: 0.702	link quality: 58	flight time: 0s	pos -0.43 0.99 0.03	yaw: 8.89	msg/s 0.0
INFO: 12-10-2021 14:12:20 printStatus(169) -- Drogno_1: ready	battery: 4.14	kalman var: 0.0 0.0 0.0	 batterySag: 0.702	link quality: 58	flight time: 0s	pos -0.43 0.99 0.03	yaw: 8.96	msg/s 0.0
INFO: 12-10-2021 14:12:21 printStatus(169) -- Drogno_1: ready	battery: 4.14	kalman var: 0.0 0.0 0.0	 batterySag: 0.702	link quality: 58	flight time: 0s	pos -0.43 0.99 0.03	yaw: 8.93	msg/s 0.0
INFO: 12-10-2021 14:12:23 printStatus(169) -- Drogno_1: ready	battery: 4.14	kalman var: 0.0 0.0 0.0	 batterySag: 0.702	link quality: 59	flight time: 0s	pos -0.43 0.99 0.03	yaw: 8.94	msg/s 0.0
INFO: 12-10-2021 14:12:24 printStatus(169) -- Drogno_1: ready	battery: 4.14	kalman var: 0.0 0.0 0.0	 batterySag: 0.702	link quality: 58	flight time: 0s	pos -0.43 0.99 0.03	yaw: 8.91	msg/s 0.0
INFO: 12-10-2021 14:12:25 printStatus(169) -- Drogno_1: ready	battery: 4.14	kalman var: 0.0 0.0 0.0	 batterySag: 0.702	link quality: 58	flight time: 0s	pos -0.43 0.99 0.03	yaw: 8.97	msg/s 0.0
INFO: 12-10-2021 14:12:27 printStatus(169) -- Drogno_1: ready	battery: 4.14	kalman var: 0.0 0.0 0.0	 batterySag: 0.702	link quality: 58	flight time: 0s	pos -0.43 0.99 0.03	yaw: 8.83	msg/s 0.0
INFO: 12-10-2021 14:12:28 printStatus(169) -- Drogno_1: ready	battery: 4.14	kalman var: 0.0 0.0 0.0	 batterySag: 0.702	link quality: 58	flight time: 0s	pos -0.43 0.99 0.03	yaw: 8.98	msg/s 0.0
INFO: 12-10-2021 14:12:29 printStatus(169) -- Drogno_1: ready	battery: 4.14	kalman var: 0.0 0.0 0.0	 batterySag: 0.702	link quality: 59	flight time: 0s	pos -0.43 0.99 0.03	yaw: 8.87	msg/s 0.0
INFO: 12-10-2021 14:12:31 printStatus(169) -- Drogno_1: ready	battery: 4.14	kalman var: 0.0 0.0 0.0	 batterySag: 0.702	link quality: 58	flight time: 0s	pos -0.43 0.99 0.03	yaw: 8.93	msg/s 0.0
INFO: 12-10-2021 14:12:32 printStatus(169) -- Drogno_1: ready	battery: 4.14	kalman var: 0.0 0.0 0.0	 batterySag: 0.702	link quality: 58	flight time: 0s	pos -0.43 0.99 0.03	yaw: 8.98	msg/s 0.0
INFO: 12-10-2021 14:12:33 printStatus(169) -- Drogno_1: ready	battery: 4.14	kalman var: 0.0 0.0 0.0	 batterySag: 0.702	link quality: 58	flight time: 0s	pos -0.43 0.99 0.03	yaw: 8.87	msg/s 0.0
INFO: 12-10-2021 14:12:34 printStatus(169) -- Drogno_1: ready	battery: 4.14	kalman var: 0.0 0.0 0.0	 batterySag: 0.702	link quality: 58	flight time: 0s	pos -0.43 0.99 0.03	yaw: 8.96	msg/s 0.0
INFO: 12-10-2021 14:12:36 printStatus(169) -- Drogno_1: ready	battery: 4.14	kalman var: 0.0 0.0 0.0	 batterySag: 0.702	link quality: 58	flight time: 0s	pos -0.43 0.99 0.03	yaw: 9.01	msg/s 0.0
INFO: 12-10-2021 14:12:37 printStatus(169) -- Drogno_1: ready	battery: 4.14	kalman var: 0.0 0.0 0.0	 batterySag: 0.702	link quality: 58	flight time: 0s	pos -0.43 0.99 0.03	yaw: 8.92	msg/s 0.0
INFO: 12-10-2021 14:12:38 printStatus(169) -- Drogno_1: ready	battery: 4.14	kalman var: 0.0 0.0 0.0	 batterySag: 0.702	link quality: 58	flight time: 0s	pos -0.43 0.99 0.03	yaw: 8.98	msg/s 0.0
INFO: 12-10-2021 14:12:40 printStatus(169) -- Drogno_1: ready	battery: 4.14	kalman var: 0.0 0.0 0.0	 batterySag: 0.702	link quality: 58	flight time: 0s	pos -0.44 0.99 0.03	yaw: 8.90	msg/s 0.0
INFO: 12-10-2021 14:12:41 printStatus(169) -- Drogno_1: ready	battery: 4.14	kalman var: 0.0 0.0 0.0	 batterySag: 0.702	link quality: 58	flight time: 0s	pos -0.43 0.99 0.03	yaw: 8.97	msg/s 0.0
INFO: 12-10-2021 14:12:43 printStatus(169) -- Drogno_1: ready	battery: 4.14	kalman var: 0.0 0.0 0.0	 batterySag: 0.702	link quality: 58	flight time: 0s	pos -0.44 0.99 0.03	yaw: 8.94	msg/s 0.0
INFO: 12-10-2021 14:12:44 printStatus(169) -- Drogno_1: ready	battery: 4.14	kalman var: 0.0 0.0 0.0	 batterySag: 0.702	link quality: 58	flight time: 0s	pos -0.43 0.99 0.03	yaw: 8.99	msg/s 0.0
INFO: 12-10-2021 14:12:45 printStatus(169) -- Drogno_1: ready	battery: 4.14	kalman var: 0.0 0.0 0.0	 batterySag: 0.702	link quality: 58	flight time: 0s	pos -0.43 0.99 0.03	yaw: 8.98	msg/s 0.0
INFO: 12-10-2021 14:12:47 printStatus(169) -- Drogno_1: ready	battery: 4.14	kalman var: 0.0 0.0 0.0	 batterySag: 0.702	link quality: 58	flight time: 0s	pos -0.43 0.99 0.03	yaw: 9.03	msg/s 0.0
INFO: 12-10-2021 14:12:48 printStatus(169) -- Drogno_1: ready	battery: 4.14	kalman var: 0.0 0.0 0.0	 batterySag: 0.702	link quality: 58	flight time: 0s	pos -0.43 0.99 0.03	yaw: 9.00	msg/s 0.0
INFO: 12-10-2021 14:12:50 printStatus(169) -- Drogno_1: ready	battery: 3.79	kalman var: 0.0 0.0 0.0	 batterySag: 0.702	link quality: 58	flight time: 0s	pos -0.44 0.99 0.06	yaw: 10.52	msg/s 0.0
INFO: 12-10-2021 14:12:51 printStatus(169) -- Drogno_1: ready	battery: 3.81	kalman var: 0.0 0.0 0.0	 batterySag: 0.702	link quality: 76	flight time: 1s	pos -0.44 0.98 0.57	yaw: 2.92	msg/s 0.0
INFO: 12-10-2021 14:12:52 printStatus(169) -- Drogno_1: ready	battery: 3.77	kalman var: 0.0 0.0 0.0	 batterySag: 0.702	link quality: 58	flight time: 2s	pos -0.44 1.00 0.84	yaw: 1.38	msg/s 0.0
INFO: 12-10-2021 14:12:53 printStatus(169) -- Drogno_1: ready	battery: 3.76	kalman var: 0.0 0.0 0.0	 batterySag: 0.702	link quality: 62	flight time: 3s	pos -0.43 0.99 0.87	yaw: 1.00	msg/s 0.0
INFO: 12-10-2021 14:12:54 printStatus(169) -- Drogno_1: ready	battery: 3.75	kalman var: 0.0 0.0 0.0	 batterySag: 0.702	link quality: 61	flight time: 4s	pos -0.43 1.00 0.86	yaw: -0.83	msg/s 0.0
INFO: 12-10-2021 14:12:55 printStatus(169) -- Drogno_1: ready	battery: 3.72	kalman var: 0.001 0.001 0.001	 batterySag: 0.702	link quality: 63	flight time: 5s	pos -0.43 0.99 0.84	yaw: 0.54	msg/s 0.0
INFO: 12-10-2021 14:12:57 printStatus(169) -- Drogno_1: ready	battery: 3.72	kalman var: 0.0 0.0 0.0	 batterySag: 0.702	link quality: 60	flight time: 7s	pos -0.43 0.98 0.84	yaw: 0.60	msg/s 0.0
INFO: 12-10-2021 14:12:58 printStatus(169) -- Drogno_1: ready	battery: 3.71	kalman var: 0.0 0.0 0.0	 batterySag: 0.702	link quality: 58	flight time: 8s	pos -0.43 0.98 0.83	yaw: 0.53	msg/s 0.0
INFO: 12-10-2021 14:12:59 printStatus(169) -- Drogno_1: ready	battery: 3.7	kalman var: 0.001 0.001 0.001	 batterySag: 0.702	link quality: 58	flight time: 9s	pos -0.44 0.98 0.82	yaw: -0.03	msg/s 0.0
INFO: 12-10-2021 14:13:00 printStatus(169) -- Drogno_1: ready	battery: 3.7	kalman var: 0.0 0.0 0.0	 batterySag: 0.702	link quality: 57	flight time: 10s	pos -0.44 0.98 0.82	yaw: -0.10	msg/s 0.0
INFO: 12-10-2021 14:13:01 printStatus(169) -- Drogno_1: ready	battery: 3.69	kalman var: 0.0 0.0 0.0	 batterySag: 0.702	link quality: 58	flight time: 11s	pos -0.44 0.99 0.81	yaw: -0.64	msg/s 0.0
INFO: 12-10-2021 14:13:03 printStatus(169) -- Drogno_1: ready	battery: 3.68	kalman var: 0.0 0.0 0.0	 batterySag: 0.702	link quality: 58	flight time: 13s	pos -0.43 0.99 0.81	yaw: -0.90	msg/s 0.0
INFO: 12-10-2021 14:13:04 printStatus(169) -- Drogno_1: ready	battery: 3.68	kalman var: 0.0 0.0 0.0	 batterySag: 0.702	link quality: 58	flight time: 14s	pos -0.43 0.99 0.81	yaw: -0.92	msg/s 0.0
INFO: 12-10-2021 14:13:05 printStatus(169) -- Drogno_1: ready	battery: 3.67	kalman var: 0.0 0.0 0.0	 batterySag: 0.702	link quality: 57	flight time: 15s	pos -0.43 0.99 0.80	yaw: -0.83	msg/s 0.0
INFO: 12-10-2021 14:13:07 printStatus(169) -- Drogno_1: hovering	battery: 3.7	kalman var: 0.0 0.0 0.0	 batterySag: 0.702	link quality: 55	flight time: 16s	pos -0.36 1.23 0.99	yaw: -0.86	msg/s 10.9
INFO: 12-10-2021 14:13:08 printStatus(169) -- Drogno_1: hovering	battery: 3.66	kalman var: 0.0 0.0 0.0	 batterySag: 0.702	link quality: 58	flight time: 18s	pos -0.39 1.22 1.12	yaw: -0.75	msg/s 7.3
INFO: 12-10-2021 14:13:09 printStatus(169) -- Drogno_1: moving	battery: 3.66	kalman var: 0.002 0.002 0.001	 batterySag: 0.702	link quality: 54	flight time: 19s	pos -0.39 1.33 1.12	yaw: -0.13	msg/s 10.9
INFO: 12-10-2021 14:13:10 printStatus(169) -- Drogno_1: hovering	battery: 3.64	kalman var: 0.0 0.0 0.0	 batterySag: 0.702	link quality: 57	flight time: 20s	pos -0.40 1.35 1.13	yaw: 1.26	msg/s 9.1
INFO: 12-10-2021 14:13:11 printStatus(169) -- Drogno_1: ready	battery: 3.65	kalman var: 0.005 0.005 0.002	 batterySag: 0.702	link quality: 55	flight time: 21s	pos -0.48 1.28 1.11	yaw: -0.77	msg/s 7.3
INFO: 12-10-2021 14:13:13 printStatus(169) -- Drogno_1: hovering	battery: 3.64	kalman var: 0.001 0.001 0.001	 batterySag: 0.702	link quality: 55	flight time: 23s	pos -0.48 1.35 1.11	yaw: -0.24	msg/s 9.1
INFO: 12-10-2021 14:13:14 printStatus(169) -- Drogno_1: ready	battery: 3.64	kalman var: 0.0 0.0 0.0	 batterySag: 0.702	link quality: 55	flight time: 24s	pos -0.51 1.27 1.10	yaw: 3.50	msg/s 1.8
INFO: 12-10-2021 14:13:15 printStatus(169) -- Drogno_1: ready	battery: 3.64	kalman var: 0.0 0.0 0.0	 batterySag: 0.702	link quality: 63	flight time: 25s	pos -0.59 1.22 1.10	yaw: 1.18	msg/s 7.3
INFO: 12-10-2021 14:13:17 printStatus(169) -- Drogno_1: hovering	battery: 3.65	kalman var: 0.0 0.0 0.0	 batterySag: 0.702	link quality: 60	flight time: 27s	pos -0.70 1.21 1.12	yaw: -2.00	msg/s 9.1
INFO: 12-10-2021 14:13:18 printStatus(169) -- Drogno_1: hovering	battery: 3.64	kalman var: 0.0 0.0 0.0	 batterySag: 0.702	link quality: 62	flight time: 28s	pos -0.88 1.22 1.11	yaw: -1.65	msg/s 7.3
INFO: 12-10-2021 14:13:19 printStatus(169) -- Drogno_1: hovering	battery: 3.63	kalman var: 0.001 0.001 0.0	 batterySag: 0.702	link quality: 60	flight time: 29s	pos -1.09 1.17 1.12	yaw: -0.84	msg/s 14.5
INFO: 12-10-2021 14:13:21 printStatus(169) -- Drogno_1: moving	battery: 3.64	kalman var: 0.0 0.0 0.0	 batterySag: 0.702	link quality: 63	flight time: 30s	pos -1.33 0.71 1.09	yaw: -0.40	msg/s 18.2
INFO: 12-10-2021 14:13:22 printStatus(169) -- Drogno_1: hovering	battery: 3.62	kalman var: 0.0 0.0 0.0	 batterySag: 0.702	link quality: 58	flight time: 32s	pos -1.46 0.39 1.04	yaw: -0.48	msg/s 12.7
INFO: 12-10-2021 14:13:23 printStatus(169) -- Drogno_1: hovering	battery: 3.64	kalman var: 0.0 0.0 0.0	 batterySag: 0.702	link quality: 55	flight time: 33s	pos -1.56 0.06 1.15	yaw: -2.24	msg/s 5.5
INFO: 12-10-2021 14:13:25 printStatus(169) -- Drogno_1: hovering	battery: 3.6	kalman var: 0.0 0.0 0.0	 batterySag: 0.702	link quality: 62	flight time: 34s	pos -1.45 -0.59 0.96	yaw: -2.17	msg/s 8.2
INFO: 12-10-2021 14:13:26 printStatus(169) -- Drogno_1: hovering	battery: 3.63	kalman var: 0.001 0.001 0.001	 batterySag: 0.702	link quality: 54	flight time: 36s	pos -1.26 -0.90 1.08	yaw: 1.12	msg/s 12.7
INFO: 12-10-2021 14:13:28 printStatus(169) -- Drogno_1: hovering	battery: 3.59	kalman var: 0.001 0.001 0.001	 batterySag: 0.702	link quality: 58	flight time: 37s	pos -0.84 -1.21 1.02	yaw: 1.29	msg/s 21.8
INFO: 12-10-2021 14:13:29 printStatus(169) -- Drogno_1: hovering	battery: 3.62	kalman var: 0.001 0.001 0.001	 batterySag: 0.702	link quality: 54	flight time: 39s	pos -0.64 -1.29 1.04	yaw: -0.21	msg/s 21.8
INFO: 12-10-2021 14:13:30 printStatus(169) -- Drogno_1: hovering	battery: 3.62	kalman var: 0.001 0.001 0.001	 batterySag: 0.702	link quality: 49	flight time: 40s	pos -0.52 -1.32 1.16	yaw: -0.50	msg/s 9.1
INFO: 12-10-2021 14:13:31 printStatus(169) -- Drogno_1: hovering	battery: 3.61	kalman var: 0.001 0.001 0.001	 batterySag: 0.702	link quality: 53	flight time: 41s	pos -0.44 -1.33 1.09	yaw: 0.10	msg/s 9.1
INFO: 12-10-2021 14:13:32 printStatus(169) -- Drogno_1: hovering	battery: 3.6	kalman var: 0.002 0.002 0.001	 batterySag: 0.702	link quality: 50	flight time: 42s	pos -0.35 -1.31 1.02	yaw: -0.20	msg/s 12.7
INFO: 12-10-2021 14:13:33 printStatus(169) -- Drogno_1: hovering	battery: 3.6	kalman var: 0.001 0.001 0.001	 batterySag: 0.702	link quality: 56	flight time: 43s	pos 0.14 -1.04 1.14	yaw: -0.05	msg/s 21.8
INFO: 12-10-2021 14:13:35 printStatus(169) -- Drogno_1: hovering	battery: 3.61	kalman var: 0.0 0.0 0.0	 batterySag: 0.702	link quality: 56	flight time: 45s	pos 0.48 -0.48 1.42	yaw: -0.58	msg/s 18.2
INFO: 12-10-2021 14:13:36 printStatus(169) -- Drogno_1: hovering	battery: 3.61	kalman var: 0.0 0.0 0.0	 batterySag: 0.702	link quality: 61	flight time: 46s	pos 0.25 0.22 1.66	yaw: -0.53	msg/s 21.8
INFO: 12-10-2021 14:13:37 printStatus(169) -- Drogno_1: hovering	battery: 3.6	kalman var: 0.0 0.0 0.0	 batterySag: 0.702	link quality: 55	flight time: 47s	pos -0.46 0.53 1.73	yaw: 0.28	msg/s 23.6
INFO: 12-10-2021 14:13:38 printStatus(169) -- Drogno_1: moving	battery: 3.61	kalman var: 0.001 0.001 0.001	 batterySag: 0.702	link quality: 63	flight time: 48s	pos -1.17 0.12 1.59	yaw: 0.55	msg/s 23.6
INFO: 12-10-2021 14:13:39 printStatus(169) -- Drogno_1: hovering	battery: 3.6	kalman var: 0.0 0.0 0.0	 batterySag: 0.702	link quality: 52	flight time: 50s	pos -0.72 -1.00 1.09	yaw: 1.42	msg/s 18.2
INFO: 12-10-2021 14:13:41 printStatus(169) -- Drogno_1: hovering	battery: 3.58	kalman var: 0.001 0.001 0.001	 batterySag: 0.702	link quality: 53	flight time: 51s	pos -0.51 -1.12 1.02	yaw: -0.19	msg/s 23.6
INFO: 12-10-2021 14:13:42 printStatus(169) -- Drogno_1: hovering	battery: 3.56	kalman var: 0.001 0.001 0.001	 batterySag: 0.702	link quality: 53	flight time: 52s	pos -0.43 -1.25 0.86	yaw: 0.03	msg/s 23.6
INFO: 12-10-2021 14:13:43 printStatus(169) -- Drogno_1: hovering	battery: 3.58	kalman var: 0.0 0.0 0.0	 batterySag: 0.702	link quality: 53	flight time: 53s	pos -0.52 -1.21 0.83	yaw: 6.54	msg/s 18.2
INFO: 12-10-2021 14:13:44 printStatus(169) -- Drogno_1: hovering	battery: 3.56	kalman var: 0.0 0.0 0.0	 batterySag: 0.702	link quality: 51	flight time: 54s	pos -0.57 -1.17 0.87	yaw: -1.61	msg/s 23.6
INFO: 12-10-2021 14:13:46 printStatus(169) -- Drogno_1: hovering	battery: 3.6	kalman var: 0.0 0.0 0.0	 batterySag: 0.702	link quality: 55	flight time: 56s	pos -0.56 -1.33 0.76	yaw: 2.41	msg/s 20.0
INFO: 12-10-2021 14:13:47 printStatus(169) -- Drogno_1: moving	battery: 3.57	kalman var: 0.001 0.001 0.001	 batterySag: 0.702	link quality: 53	flight time: 57s	pos -0.57 -1.43 0.65	yaw: -1.83	msg/s 23.6
INFO: 12-10-2021 14:13:48 printStatus(169) -- Drogno_1: hovering	battery: 3.56	kalman var: 0.0 0.0 0.0	 batterySag: 0.702	link quality: 63	flight time: 58s	pos -0.51 -1.42 0.47	yaw: -1.78	msg/s 20.0
INFO: 12-10-2021 14:13:50 printStatus(169) -- Drogno_1: hovering	battery: 3.57	kalman var: 0.001 0.001 0.001	 batterySag: 0.702	link quality: 51	flight time: 59s	pos -0.38 -1.26 0.60	yaw: -1.04	msg/s 18.2
INFO: 12-10-2021 14:13:51 printStatus(169) -- Drogno_1: hovering	battery: 3.56	kalman var: 0.0 0.0 0.0	 batterySag: 0.702	link quality: 59	flight time: 61s	pos -0.44 -1.24 0.78	yaw: -0.29	msg/s 21.8
INFO: 12-10-2021 14:13:52 printStatus(169) -- Drogno_1: hovering	battery: 3.56	kalman var: 0.0 0.0 0.0	 batterySag: 0.702	link quality: 51	flight time: 62s	pos -0.65 -1.21 0.99	yaw: 0.65	msg/s 14.5
INFO: 12-10-2021 14:13:53 printStatus(169) -- Drogno_1: hovering	battery: 3.56	kalman var: 0.001 0.001 0.001	 batterySag: 0.702	link quality: 53	flight time: 63s	pos -1.04 -1.15 1.14	yaw: 0.46	msg/s 21.8
INFO: 12-10-2021 14:13:55 printStatus(169) -- Drogno_1: hovering	battery: 3.56	kalman var: 0.0 0.0 0.0	 batterySag: 0.702	link quality: 64	flight time: 65s	pos -1.58 -0.52 1.22	yaw: -0.33	msg/s 21.8
INFO: 12-10-2021 14:13:56 printStatus(169) -- Drogno_1: hovering	battery: 3.56	kalman var: 0.0 0.0 0.0	 batterySag: 0.702	link quality: 53	flight time: 66s	pos -1.91 -0.13 1.18	yaw: -0.22	msg/s 21.8
INFO: 12-10-2021 14:13:57 printStatus(169) -- Drogno_1: hovering	battery: 3.56	kalman var: 0.0 0.0 0.001	 batterySag: 0.702	link quality: 56	flight time: 67s	pos -1.94 0.44 1.11	yaw: 0.41	msg/s 23.6
INFO: 12-10-2021 14:13:58 printStatus(169) -- Drogno_1: ready	battery: 3.54	kalman var: 0.0 0.0 0.0	 batterySag: 0.702	link quality: 67	flight time: 68s	pos -0.90 0.96 1.00	yaw: -0.15	msg/s 23.6
INFO: 12-10-2021 14:14:00 printStatus(169) -- Drogno_1: hovering	battery: 3.55	kalman var: 0.0 0.0 0.0	 batterySag: 0.702	link quality: 52	flight time: 70s	pos -0.46 1.17 1.26	yaw: 0.26	msg/s 16.4
INFO: 12-10-2021 14:14:01 printStatus(169) -- Drogno_1: hovering	battery: 3.56	kalman var: 0.001 0.001 0.001	 batterySag: 0.702	link quality: 54	flight time: 71s	pos 0.02 0.96 1.58	yaw: -0.40	msg/s 21.8
INFO: 12-10-2021 14:14:02 printStatus(169) -- Drogno_1: moving	battery: 3.55	kalman var: 0.0 0.0 0.0	 batterySag: 0.702	link quality: 61	flight time: 72s	pos 0.14 0.31 1.65	yaw: -0.24	msg/s 21.8
INFO: 12-10-2021 14:14:04 printStatus(169) -- Drogno_1: hovering	battery: 3.55	kalman var: 0.0 0.0 0.0	 batterySag: 0.702	link quality: 63	flight time: 74s	pos -0.25 -0.86 1.41	yaw: -1.87	msg/s 23.6
INFO: 12-10-2021 14:14:05 printStatus(169) -- Drogno_1: hovering	battery: 3.56	kalman var: 0.0 0.0 0.0	 batterySag: 0.702	link quality: 51	flight time: 75s	pos -0.71 -1.16 1.09	yaw: -0.81	msg/s 21.8
INFO: 12-10-2021 14:14:06 printStatus(169) -- Drogno_1: hovering	battery: 3.52	kalman var: 0.001 0.001 0.001	 batterySag: 0.702	link quality: 56	flight time: 76s	pos -1.35 -1.04 0.70	yaw: 1.95	msg/s 20.0
INFO: 12-10-2021 14:14:07 printStatus(169) -- Drogno_1: hovering	battery: 3.51	kalman var: 0.0 0.0 0.0	 batterySag: 0.702	link quality: 58	flight time: 77s	pos -1.85 -0.55 0.40	yaw: 6.06	msg/s 18.2
INFO: 12-10-2021 14:14:08 printStatus(169) -- Drogno_1: hovering	battery: 3.52	kalman var: 0.0 0.0 0.0	 batterySag: 0.702	link quality: 55	flight time: 78s	pos -2.03 0.24 0.37	yaw: 0.07	msg/s 20.0
INFO: 12-10-2021 14:14:09 printStatus(169) -- Drogno_1: ready	battery: 3.54	kalman var: 0.0 0.0 0.0	 batterySag: 0.702	link quality: 55	flight time: 79s	pos -0.97 1.22 1.10	yaw: -0.74	msg/s 21.8
INFO: 12-10-2021 14:14:11 printStatus(169) -- Drogno_1: hovering	battery: 3.53	kalman var: 0.0 0.0 0.0	 batterySag: 0.702	link quality: 52	flight time: 81s	pos -0.62 1.05 1.36	yaw: 0.67	msg/s 18.2
INFO: 12-10-2021 14:14:12 printStatus(169) -- Drogno_1: hovering	battery: 3.53	kalman var: 0.0 0.0 0.0	 batterySag: 0.702	link quality: 55	flight time: 82s	pos -0.67 0.83 1.42	yaw: -0.95	msg/s 21.8
INFO: 12-10-2021 14:14:13 printStatus(169) -- Drogno_1: hovering	battery: 3.54	kalman var: 0.0 0.0 0.0	 batterySag: 0.702	link quality: 66	flight time: 83s	pos -0.96 0.76 1.39	yaw: -1.80	msg/s 23.6
INFO: 12-10-2021 14:14:14 printStatus(169) -- Drogno_1: hovering	battery: 3.53	kalman var: 0.0 0.0 0.0	 batterySag: 0.702	link quality: 60	flight time: 84s	pos -1.33 0.79 1.34	yaw: 2.39	msg/s 25.5
INFO: 12-10-2021 14:14:15 printStatus(169) -- Drogno_1: ready	battery: 3.53	kalman var: 0.0 0.0 0.001	 batterySag: 0.702	link quality: 65	flight time: 85s	pos -2.05 0.83 1.28	yaw: -0.51	msg/s 21.8
INFO: 12-10-2021 14:14:17 printStatus(169) -- Drogno_1: hovering	battery: 3.54	kalman var: 0.001 0.001 0.001	 batterySag: 0.702	link quality: 71	flight time: 87s	pos -2.24 1.20 1.05	yaw: 0.24	msg/s 21.8
INFO: 12-10-2021 14:14:18 printStatus(169) -- Drogno_1: hovering	battery: 3.53	kalman var: 0.0 0.0 0.001	 batterySag: 0.702	link quality: 62	flight time: 88s	pos -1.48 1.55 0.85	yaw: 0.34	msg/s 20.0
INFO: 12-10-2021 14:14:19 printStatus(169) -- Drogno_1: ready	battery: 3.55	kalman var: 0.001 0.001 0.001	 batterySag: 0.702	link quality: 71	flight time: 89s	pos 0.18 1.55 0.97	yaw: 0.30	msg/s 16.4
INFO: 12-10-2021 14:14:21 printStatus(169) -- Drogno_1: hovering	battery: 3.53	kalman var: 0.0 0.0 0.0	 batterySag: 0.702	link quality: 58	flight time: 91s	pos 0.50 0.99 1.25	yaw: 0.17	msg/s 18.2
INFO: 12-10-2021 14:14:22 printStatus(169) -- Drogno_1: ready	battery: 3.51	kalman var: 0.001 0.001 0.001	 batterySag: 0.702	link quality: 62	flight time: 92s	pos -0.36 0.83 1.31	yaw: -0.37	msg/s 18.2
INFO: 12-10-2021 14:14:24 printStatus(169) -- Drogno_1: hovering	battery: 3.51	kalman var: 0.0 0.0 0.0	 batterySag: 0.702	link quality: 73	flight time: 94s	pos -0.65 0.90 1.29	yaw: 1.05	msg/s 20.0
INFO: 12-10-2021 14:14:25 printStatus(169) -- Drogno_1: hovering	battery: 3.51	kalman var: 0.0 0.0 0.0	 batterySag: 0.702	link quality: 57	flight time: 95s	pos -0.83 0.97 1.27	yaw: 0.73	msg/s 21.8
INFO: 12-10-2021 14:14:27 printStatus(169) -- Drogno_1: hovering	battery: 3.51	kalman var: 0.001 0.001 0.001	 batterySag: 0.702	link quality: 51	flight time: 96s	pos -0.57 1.33 1.12	yaw: -1.00	msg/s 21.8
INFO: 12-10-2021 14:14:28 printStatus(169) -- Drogno_1: hovering	battery: 3.5	kalman var: 0.004 0.004 0.002	 batterySag: 0.702	link quality: 60	flight time: 98s	pos 0.09 1.51 1.00	yaw: -0.15	msg/s 20.0
INFO: 12-10-2021 14:14:30 printStatus(169) -- Drogno_1: hovering	battery: 3.51	kalman var: 0.0 0.0 0.0	 batterySag: 0.702	link quality: 69	flight time: 99s	pos 0.78 1.38 1.08	yaw: -1.06	msg/s 23.6
INFO: 12-10-2021 14:14:31 printStatus(169) -- Drogno_1: hovering	battery: 3.5	kalman var: 0.001 0.001 0.001	 batterySag: 0.702	link quality: 66	flight time: 101s	pos 0.74 1.32 1.10	yaw: -0.40	msg/s 7.3
INFO: 12-10-2021 14:14:33 printStatus(169) -- Drogno_1: hovering	battery: 3.5	kalman var: 0.002 0.002 0.001	 batterySag: 0.702	link quality: 58	flight time: 102s	pos 0.71 1.23 1.09	yaw: -1.25	msg/s 7.3
WARNING: 12-10-2021 14:14:34 evaluateBattery(804) -- battery under 3.50v
INFO: 12-10-2021 14:14:34 printStatus(169) -- Drogno_1: hovering	battery: 3.49	kalman var: 0.001 0.001 0.001	 batterySag: 0.702	link quality: 60	flight time: 104s	pos 0.72 1.22 1.09	yaw: 0.11	msg/s 5.5
WARNING: 12-10-2021 14:14:35 evaluateBattery(804) -- battery under 3.50v
WARNING: 12-10-2021 14:14:35 evaluateBattery(804) -- battery under 3.50v
INFO: 12-10-2021 14:14:36 printStatus(169) -- Drogno_1: ready	battery: 3.48	kalman var: 0.001 0.001 0.001	 batterySag: 0.702	link quality: 63	flight time: 105s	pos 0.73 1.22 1.10	yaw: 2.14	msg/s 0.0
WARNING: 12-10-2021 14:14:36 evaluateBattery(804) -- battery under 3.50v
WARNING: 12-10-2021 14:14:37 evaluateBattery(804) -- battery under 3.50v
WARNING: 12-10-2021 14:14:37 evaluateBattery(804) -- battery under 3.50v
INFO: 12-10-2021 14:14:38 printStatus(169) -- Drogno_1: ready	battery: 3.48	kalman var: 0.002 0.002 0.001	 batterySag: 0.702	link quality: 61	flight time: 107s	pos 0.73 1.22 1.10	yaw: -1.42	msg/s 0.0
WARNING: 12-10-2021 14:14:38 evaluateBattery(804) -- battery under 3.50v
INFO: 12-10-2021 14:14:40 printStatus(169) -- Drogno_1: ready	battery: 3.49	kalman var: 0.004 0.004 0.002	 batterySag: 0.702	link quality: 61	flight time: 109s	pos 0.72 1.22 1.09	yaw: -1.55	msg/s 0.0
WARNING: 12-10-2021 14:14:40 evaluateBattery(804) -- battery under 3.50v
WARNING: 12-10-2021 14:14:41 evaluateBattery(804) -- battery under 3.50v
INFO: 12-10-2021 14:14:42 printStatus(169) -- Drogno_1: ready	battery: 3.44	kalman var: 0.001 0.001 0.001	 batterySag: 0.702	link quality: 56	flight time: 109s	pos 0.74 1.22 0.08	yaw: -6.57	msg/s 0.0
WARNING: 12-10-2021 14:14:42 evaluateBattery(804) -- battery under 3.50v
WARNING: 12-10-2021 14:14:43 evaluateBattery(804) -- battery under 3.50v
INFO: 12-10-2021 14:14:44 printStatus(169) -- Drogno_1: ready	battery: 3.8	kalman var: 0.0 0.0 0.0	 batterySag: 0.702	link quality: 78	flight time: 109s	pos 0.75 1.20 0.02	yaw: 12.64	msg/s 0.0
INFO: 12-10-2021 14:14:46 printStatus(169) -- Drogno_1: ready	battery: 3.84	kalman var: 0.0 0.0 0.0	 batterySag: 0.702	link quality: 76	flight time: 109s	pos 0.76 1.20 0.02	yaw: 12.77	msg/s 0.0
INFO: 12-10-2021 14:14:47 printStatus(169) -- Drogno_1: sconnesso	battery: 3.84	kalman var: 0.0 0.0 0.0	 batterySag: 0.702	link quality: 76	flight time: 109s	pos 0.76 1.20 0.02	yaw: 12.77	msg/s 0.0
INFO: 12-10-2021 14:14:48 printStatus(169) -- Drogno_1: stand by	battery: 3.84	kalman var: 0.0 0.0 0.0	 batterySag: 0.702	link quality: 76	flight time: 109s	pos 0.76 1.20 0.02	yaw: 12.77	msg/s 0.0
INFO: 12-10-2021 14:14:49 printStatus(169) -- Drogno_1: stand by	battery: 3.84	kalman var: 0.0 0.0 0.0	 batterySag: 0.702	link quality: 76	flight time: 109s	pos 0.76 1.20 0.02	yaw: 12.77	msg/s 0.0
INFO: 12-10-2021 14:14:51 printStatus(169) -- Drogno_1: stand by	battery: 3.84	kalman var: 0.0 0.0 0.0	 batterySag: 0.702	link quality: 76	flight time: 109s	pos 0.76 1.20 0.02	yaw: 12.77	msg/s 0.0
WARNING: 12-10-2021 14:14:51 exit(859) -- closing Drogno_1
INFO: 12-10-2021 14:14:52 printStatus(169) -- Drogno_1: sconnesso	battery: 3.84	kalman var: 0.0 0.0 0.0	 batterySag: 0.702	link quality: 76	flight time: 109s	pos 0.76 1.20 0.02	yaw: 12.77	msg/s 0.0
