INFO: 12-10-2021 14:11:19 __init__(130) -- This is dronelog running on Drogno_6
INFO: 12-10-2021 14:11:19 printStatus(166) -- Started
INFO: 12-10-2021 14:11:20 printStatus(169) -- Drogno_6: connecting	battery: n.p.	kalman var: 0 0 0	 batterySag: 0	link quality: 0	flight time: 0s	pos 0.00 0.00 0.00	yaw: 0.00	msg/s 0.0
INFO: 12-10-2021 14:11:22 printStatus(169) -- Drogno_6: connecting	battery: n.p.	kalman var: 0 0 0	 batterySag: 0	link quality: 0	flight time: 0s	pos 0.00 0.00 0.00	yaw: 0.00	msg/s 0.0
INFO: 12-10-2021 14:11:23 printStatus(169) -- Drogno_6: connecting	battery: n.p.	kalman var: 0 0 0	 batterySag: 0	link quality: 0	flight time: 0s	pos 0.00 0.00 0.00	yaw: 0.00	msg/s 0.0
INFO: 12-10-2021 14:11:24 printStatus(169) -- Drogno_6: connecting	battery: n.p.	kalman var: 0 0 0	 batterySag: 0	link quality: 0	flight time: 0s	pos 0.00 0.00 0.00	yaw: 0.00	msg/s 0.0
INFO: 12-10-2021 14:11:25 printStatus(169) -- Drogno_6: landed	battery: n.p.	kalman var: 0 0 0	 batterySag: 0	link quality: 0	flight time: 0s	pos 0.00 0.00 0.00	yaw: 0.00	msg/s 0.0
INFO: 12-10-2021 14:11:27 printStatus(169) -- Drogno_6: landed	battery: n.p.	kalman var: 0 0 0	 batterySag: 0	link quality: 0	flight time: 0s	pos 0.00 0.00 0.00	yaw: 0.00	msg/s 0.0
INFO: 12-10-2021 14:11:28 printStatus(169) -- Drogno_6: landed	battery: n.p.	kalman var: 0 0 0	 batterySag: 0	link quality: 0	flight time: 0s	pos 0.00 0.00 0.00	yaw: 0.00	msg/s 0.0
INFO: 12-10-2021 14:11:29 printStatus(169) -- Drogno_6: ready	battery: 4.18	kalman var: 0.0 0.0 0.0	 batterySag: 0.787	link quality: 58	flight time: 0s	pos 0.18 -0.84 0.02	yaw: -0.63	msg/s 0.0
INFO: 12-10-2021 14:11:31 printStatus(169) -- Drogno_6: ready	battery: 4.18	kalman var: 0.0 0.0 0.0	 batterySag: 0.787	link quality: 58	flight time: 0s	pos 0.18 -0.84 0.02	yaw: -0.57	msg/s 0.0
INFO: 12-10-2021 14:11:32 printStatus(169) -- Drogno_6: ready	battery: 4.18	kalman var: 0.0 0.0 0.0	 batterySag: 0.787	link quality: 58	flight time: 0s	pos 0.18 -0.84 0.02	yaw: -0.58	msg/s 0.0
INFO: 12-10-2021 14:11:33 printStatus(169) -- Drogno_6: ready	battery: 4.18	kalman var: 0.001 0.001 0.001	 batterySag: 0.787	link quality: 57	flight time: 0s	pos 0.18 -0.84 0.02	yaw: -0.53	msg/s 0.0
INFO: 12-10-2021 14:11:34 printStatus(169) -- Drogno_6: ready	battery: 4.18	kalman var: 0.0 0.0 0.0	 batterySag: 0.787	link quality: 56	flight time: 0s	pos 0.18 -0.84 0.02	yaw: -0.55	msg/s 0.0
INFO: 12-10-2021 14:11:35 printStatus(169) -- Drogno_6: ready	battery: 4.18	kalman var: 0.0 0.0 0.0	 batterySag: 0.787	link quality: 57	flight time: 0s	pos 0.18 -0.84 0.02	yaw: -0.57	msg/s 0.0
INFO: 12-10-2021 14:11:36 printStatus(169) -- Drogno_6: ready	battery: 4.18	kalman var: 0.0 0.0 0.0	 batterySag: 0.787	link quality: 56	flight time: 0s	pos 0.18 -0.84 0.02	yaw: -0.58	msg/s 0.0
INFO: 12-10-2021 14:11:37 printStatus(169) -- Drogno_6: ready	battery: 4.18	kalman var: 0.0 0.0 0.0	 batterySag: 0.787	link quality: 56	flight time: 0s	pos 0.18 -0.84 0.02	yaw: -0.64	msg/s 0.0
INFO: 12-10-2021 14:11:39 printStatus(169) -- Drogno_6: ready	battery: 4.18	kalman var: 0.0 0.0 0.0	 batterySag: 0.787	link quality: 57	flight time: 0s	pos 0.18 -0.84 0.02	yaw: -0.65	msg/s 0.0
INFO: 12-10-2021 14:11:40 printStatus(169) -- Drogno_6: ready	battery: 4.18	kalman var: 0.0 0.0 0.0	 batterySag: 0.787	link quality: 58	flight time: 0s	pos 0.18 -0.84 0.02	yaw: -0.59	msg/s 0.0
INFO: 12-10-2021 14:11:41 printStatus(169) -- Drogno_6: ready	battery: 4.17	kalman var: 0.0 0.0 0.0	 batterySag: 0.787	link quality: 57	flight time: 0s	pos 0.18 -0.84 0.02	yaw: -0.66	msg/s 0.0
INFO: 12-10-2021 14:11:42 printStatus(169) -- Drogno_6: ready	battery: 4.17	kalman var: 0.0 0.0 0.0	 batterySag: 0.787	link quality: 57	flight time: 0s	pos 0.18 -0.84 0.02	yaw: -0.68	msg/s 0.0
INFO: 12-10-2021 14:11:43 printStatus(169) -- Drogno_6: ready	battery: 4.17	kalman var: 0.0 0.0 0.0	 batterySag: 0.787	link quality: 58	flight time: 0s	pos 0.18 -0.84 0.02	yaw: -0.59	msg/s 0.0
INFO: 12-10-2021 14:11:45 printStatus(169) -- Drogno_6: ready	battery: 4.17	kalman var: 0.0 0.0 0.0	 batterySag: 0.787	link quality: 56	flight time: 0s	pos 0.18 -0.84 0.02	yaw: -0.64	msg/s 0.0
INFO: 12-10-2021 14:11:46 printStatus(169) -- Drogno_6: ready	battery: 4.17	kalman var: 0.0 0.0 0.0	 batterySag: 0.787	link quality: 56	flight time: 0s	pos 0.18 -0.84 0.02	yaw: -0.60	msg/s 0.0
INFO: 12-10-2021 14:11:47 printStatus(169) -- Drogno_6: ready	battery: 4.17	kalman var: 0.0 0.0 0.0	 batterySag: 0.787	link quality: 58	flight time: 0s	pos 0.18 -0.84 0.02	yaw: -0.56	msg/s 0.0
INFO: 12-10-2021 14:11:48 printStatus(169) -- Drogno_6: ready	battery: 4.17	kalman var: 0.0 0.0 0.0	 batterySag: 0.787	link quality: 58	flight time: 0s	pos 0.18 -0.84 0.02	yaw: -0.58	msg/s 0.0
INFO: 12-10-2021 14:11:49 printStatus(169) -- Drogno_6: ready	battery: 4.17	kalman var: 0.0 0.0 0.0	 batterySag: 0.787	link quality: 57	flight time: 0s	pos 0.18 -0.84 0.02	yaw: -0.61	msg/s 0.0
INFO: 12-10-2021 14:11:51 printStatus(169) -- Drogno_6: ready	battery: 4.17	kalman var: 0.0 0.0 0.0	 batterySag: 0.787	link quality: 56	flight time: 0s	pos 0.18 -0.84 0.02	yaw: -0.61	msg/s 0.0
INFO: 12-10-2021 14:11:52 printStatus(169) -- Drogno_6: ready	battery: 4.17	kalman var: 0.001 0.001 0.001	 batterySag: 0.787	link quality: 57	flight time: 0s	pos 0.18 -0.84 0.02	yaw: -0.58	msg/s 0.0
INFO: 12-10-2021 14:11:53 printStatus(169) -- Drogno_6: ready	battery: 4.17	kalman var: 0.0 0.0 0.0	 batterySag: 0.787	link quality: 57	flight time: 0s	pos 0.18 -0.84 0.02	yaw: -0.60	msg/s 0.0
INFO: 12-10-2021 14:11:54 printStatus(169) -- Drogno_6: ready	battery: 4.17	kalman var: 0.0 0.0 0.0	 batterySag: 0.787	link quality: 57	flight time: 0s	pos 0.18 -0.84 0.02	yaw: -0.63	msg/s 0.0
INFO: 12-10-2021 14:11:55 printStatus(169) -- Drogno_6: ready	battery: 4.17	kalman var: 0.0 0.0 0.0	 batterySag: 0.787	link quality: 58	flight time: 0s	pos 0.18 -0.84 0.02	yaw: -0.66	msg/s 0.0
INFO: 12-10-2021 14:11:57 printStatus(169) -- Drogno_6: ready	battery: 4.17	kalman var: 0.0 0.0 0.0	 batterySag: 0.787	link quality: 57	flight time: 0s	pos 0.18 -0.84 0.02	yaw: -0.63	msg/s 0.0
INFO: 12-10-2021 14:11:58 printStatus(169) -- Drogno_6: ready	battery: 4.17	kalman var: 0.0 0.0 0.0	 batterySag: 0.787	link quality: 57	flight time: 0s	pos 0.18 -0.84 0.02	yaw: -0.73	msg/s 0.0
INFO: 12-10-2021 14:11:59 printStatus(169) -- Drogno_6: ready	battery: 4.17	kalman var: 0.0 0.0 0.0	 batterySag: 0.787	link quality: 58	flight time: 0s	pos 0.18 -0.84 0.02	yaw: -0.73	msg/s 0.0
INFO: 12-10-2021 14:12:01 printStatus(169) -- Drogno_6: ready	battery: 4.17	kalman var: 0.0 0.0 0.0	 batterySag: 0.787	link quality: 57	flight time: 0s	pos 0.18 -0.84 0.02	yaw: -0.68	msg/s 0.0
INFO: 12-10-2021 14:12:02 printStatus(169) -- Drogno_6: ready	battery: 4.17	kalman var: 0.0 0.0 0.0	 batterySag: 0.787	link quality: 58	flight time: 0s	pos 0.18 -0.84 0.02	yaw: -0.70	msg/s 0.0
INFO: 12-10-2021 14:12:03 printStatus(169) -- Drogno_6: ready	battery: 4.17	kalman var: 0.0 0.0 0.0	 batterySag: 0.787	link quality: 56	flight time: 0s	pos 0.18 -0.84 0.02	yaw: -0.73	msg/s 0.0
INFO: 12-10-2021 14:12:04 printStatus(169) -- Drogno_6: ready	battery: 4.17	kalman var: 0.001 0.001 0.001	 batterySag: 0.787	link quality: 57	flight time: 0s	pos 0.18 -0.84 0.02	yaw: -0.74	msg/s 0.0
INFO: 12-10-2021 14:12:06 printStatus(169) -- Drogno_6: ready	battery: 4.17	kalman var: 0.0 0.0 0.0	 batterySag: 0.787	link quality: 57	flight time: 0s	pos 0.18 -0.84 0.02	yaw: -0.67	msg/s 0.0
INFO: 12-10-2021 14:12:08 printStatus(169) -- Drogno_6: ready	battery: 4.17	kalman var: 0.001 0.001 0.001	 batterySag: 0.787	link quality: 57	flight time: 0s	pos 0.18 -0.84 0.02	yaw: -0.66	msg/s 0.0
INFO: 12-10-2021 14:12:09 printStatus(169) -- Drogno_6: ready	battery: 4.17	kalman var: 0.0 0.0 0.0	 batterySag: 0.787	link quality: 56	flight time: 0s	pos 0.18 -0.84 0.02	yaw: -0.62	msg/s 0.0
INFO: 12-10-2021 14:12:10 printStatus(169) -- Drogno_6: ready	battery: 4.17	kalman var: 0.0 0.0 0.001	 batterySag: 0.787	link quality: 58	flight time: 0s	pos 0.18 -0.84 0.02	yaw: -0.64	msg/s 0.0
INFO: 12-10-2021 14:12:12 printStatus(169) -- Drogno_6: ready	battery: 4.17	kalman var: 0.0 0.0 0.0	 batterySag: 0.787	link quality: 56	flight time: 0s	pos 0.18 -0.84 0.02	yaw: -0.64	msg/s 0.0
INFO: 12-10-2021 14:12:13 printStatus(169) -- Drogno_6: ready	battery: 4.17	kalman var: 0.0 0.0 0.0	 batterySag: 0.787	link quality: 56	flight time: 0s	pos 0.18 -0.84 0.02	yaw: -0.61	msg/s 0.0
INFO: 12-10-2021 14:12:14 printStatus(169) -- Drogno_6: ready	battery: 4.17	kalman var: 0.0 0.0 0.0	 batterySag: 0.787	link quality: 56	flight time: 0s	pos 0.18 -0.84 0.02	yaw: -0.59	msg/s 0.0
INFO: 12-10-2021 14:12:16 printStatus(169) -- Drogno_6: ready	battery: 4.17	kalman var: 0.0 0.0 0.0	 batterySag: 0.787	link quality: 56	flight time: 0s	pos 0.18 -0.84 0.02	yaw: -0.63	msg/s 0.0
INFO: 12-10-2021 14:12:17 printStatus(169) -- Drogno_6: ready	battery: 4.17	kalman var: 0.0 0.0 0.0	 batterySag: 0.787	link quality: 56	flight time: 0s	pos 0.18 -0.84 0.02	yaw: -0.60	msg/s 0.0
INFO: 12-10-2021 14:12:18 printStatus(169) -- Drogno_6: ready	battery: 4.17	kalman var: 0.0 0.0 0.0	 batterySag: 0.787	link quality: 56	flight time: 0s	pos 0.18 -0.84 0.02	yaw: -0.62	msg/s 0.0
INFO: 12-10-2021 14:12:20 printStatus(169) -- Drogno_6: ready	battery: 4.17	kalman var: 0.0 0.0 0.0	 batterySag: 0.787	link quality: 57	flight time: 0s	pos 0.18 -0.84 0.02	yaw: -0.63	msg/s 0.0
INFO: 12-10-2021 14:12:21 printStatus(169) -- Drogno_6: ready	battery: 4.17	kalman var: 0.0 0.0 0.0	 batterySag: 0.787	link quality: 56	flight time: 0s	pos 0.18 -0.84 0.02	yaw: -0.59	msg/s 0.0
INFO: 12-10-2021 14:12:22 printStatus(169) -- Drogno_6: ready	battery: 4.16	kalman var: 0.0 0.0 0.0	 batterySag: 0.787	link quality: 58	flight time: 0s	pos 0.18 -0.84 0.02	yaw: -0.56	msg/s 0.0
INFO: 12-10-2021 14:12:23 printStatus(169) -- Drogno_6: ready	battery: 4.17	kalman var: 0.0 0.0 0.0	 batterySag: 0.787	link quality: 56	flight time: 0s	pos 0.18 -0.84 0.02	yaw: -0.62	msg/s 0.0
INFO: 12-10-2021 14:12:24 printStatus(169) -- Drogno_6: ready	battery: 4.17	kalman var: 0.0 0.0 0.0	 batterySag: 0.787	link quality: 56	flight time: 0s	pos 0.18 -0.84 0.02	yaw: -0.58	msg/s 0.0
INFO: 12-10-2021 14:12:26 printStatus(169) -- Drogno_6: ready	battery: 4.16	kalman var: 0.0 0.0 0.0	 batterySag: 0.787	link quality: 57	flight time: 0s	pos 0.18 -0.84 0.02	yaw: -0.61	msg/s 0.0
INFO: 12-10-2021 14:12:27 printStatus(169) -- Drogno_6: ready	battery: 4.16	kalman var: 0.0 0.0 0.0	 batterySag: 0.787	link quality: 58	flight time: 0s	pos 0.18 -0.84 0.02	yaw: -0.59	msg/s 0.0
INFO: 12-10-2021 14:12:28 printStatus(169) -- Drogno_6: ready	battery: 4.16	kalman var: 0.0 0.0 0.0	 batterySag: 0.787	link quality: 58	flight time: 0s	pos 0.18 -0.84 0.02	yaw: -0.61	msg/s 0.0
INFO: 12-10-2021 14:12:30 printStatus(169) -- Drogno_6: ready	battery: 4.17	kalman var: 0.0 0.0 0.0	 batterySag: 0.787	link quality: 57	flight time: 0s	pos 0.18 -0.84 0.02	yaw: -0.62	msg/s 0.0
INFO: 12-10-2021 14:12:31 printStatus(169) -- Drogno_6: ready	battery: 4.16	kalman var: 0.0 0.0 0.0	 batterySag: 0.787	link quality: 58	flight time: 0s	pos 0.18 -0.84 0.02	yaw: -0.58	msg/s 0.0
INFO: 12-10-2021 14:12:32 printStatus(169) -- Drogno_6: ready	battery: 4.16	kalman var: 0.0 0.0 0.0	 batterySag: 0.787	link quality: 58	flight time: 0s	pos 0.18 -0.84 0.02	yaw: -0.56	msg/s 0.0
INFO: 12-10-2021 14:12:34 printStatus(169) -- Drogno_6: ready	battery: 4.16	kalman var: 0.0 0.0 0.0	 batterySag: 0.787	link quality: 57	flight time: 0s	pos 0.18 -0.84 0.02	yaw: -0.56	msg/s 0.0
INFO: 12-10-2021 14:12:35 printStatus(169) -- Drogno_6: ready	battery: 4.16	kalman var: 0.0 0.0 0.0	 batterySag: 0.787	link quality: 57	flight time: 0s	pos 0.18 -0.84 0.02	yaw: -0.59	msg/s 0.0
INFO: 12-10-2021 14:12:36 printStatus(169) -- Drogno_6: ready	battery: 4.16	kalman var: 0.0 0.0 0.0	 batterySag: 0.787	link quality: 57	flight time: 0s	pos 0.18 -0.84 0.02	yaw: -0.59	msg/s 0.0
INFO: 12-10-2021 14:12:38 printStatus(169) -- Drogno_6: ready	battery: 4.16	kalman var: 0.0 0.0 0.0	 batterySag: 0.787	link quality: 57	flight time: 0s	pos 0.18 -0.84 0.02	yaw: -0.57	msg/s 0.0
INFO: 12-10-2021 14:12:39 printStatus(169) -- Drogno_6: ready	battery: 4.16	kalman var: 0.0 0.0 0.0	 batterySag: 0.787	link quality: 57	flight time: 0s	pos 0.18 -0.84 0.02	yaw: -0.62	msg/s 0.0
INFO: 12-10-2021 14:12:41 printStatus(169) -- Drogno_6: ready	battery: 4.16	kalman var: 0.0 0.0 0.0	 batterySag: 0.787	link quality: 58	flight time: 0s	pos 0.18 -0.84 0.02	yaw: -0.57	msg/s 0.0
INFO: 12-10-2021 14:12:43 printStatus(169) -- Drogno_6: ready	battery: 4.16	kalman var: 0.0 0.0 0.001	 batterySag: 0.787	link quality: 57	flight time: 0s	pos 0.18 -0.84 0.02	yaw: -0.56	msg/s 0.0
INFO: 12-10-2021 14:12:44 printStatus(169) -- Drogno_6: ready	battery: 4.16	kalman var: 0.0 0.0 0.0	 batterySag: 0.787	link quality: 58	flight time: 0s	pos 0.18 -0.84 0.02	yaw: -0.56	msg/s 0.0
INFO: 12-10-2021 14:12:45 printStatus(169) -- Drogno_6: ready	battery: 4.16	kalman var: 0.0 0.0 0.0	 batterySag: 0.787	link quality: 57	flight time: 0s	pos 0.18 -0.84 0.02	yaw: -0.53	msg/s 0.0
INFO: 12-10-2021 14:12:46 printStatus(169) -- Drogno_6: ready	battery: 4.16	kalman var: 0.0 0.0 0.0	 batterySag: 0.787	link quality: 56	flight time: 0s	pos 0.18 -0.84 0.02	yaw: -0.57	msg/s 0.0
INFO: 12-10-2021 14:12:47 printStatus(169) -- Drogno_6: ready	battery: 4.16	kalman var: 0.0 0.0 0.0	 batterySag: 0.787	link quality: 58	flight time: 0s	pos 0.18 -0.84 0.02	yaw: -0.56	msg/s 0.0
INFO: 12-10-2021 14:12:49 printStatus(169) -- Drogno_6: hovering	battery: 4.16	kalman var: 0.0 0.0 0.0	 batterySag: 0.787	link quality: 58	flight time: 0s	pos 0.18 -0.84 0.02	yaw: -0.55	msg/s 0.0
INFO: 12-10-2021 14:12:50 printStatus(169) -- Drogno_6: ready	battery: 3.83	kalman var: 0.0 0.0 0.0	 batterySag: 0.787	link quality: 56	flight time: 0s	pos 0.19 -0.84 0.02	yaw: -0.22	msg/s 0.0
INFO: 12-10-2021 14:12:51 printStatus(169) -- Drogno_6: ready	battery: 3.76	kalman var: 0.0 0.0 0.001	 batterySag: 0.787	link quality: 49	flight time: 1s	pos 0.21 -0.84 0.74	yaw: -0.17	msg/s 0.0
INFO: 12-10-2021 14:12:52 printStatus(169) -- Drogno_6: ready	battery: 3.75	kalman var: 0.001 0.001 0.001	 batterySag: 0.787	link quality: 48	flight time: 2s	pos 0.20 -0.83 0.86	yaw: 0.44	msg/s 0.0
INFO: 12-10-2021 14:12:54 printStatus(169) -- Drogno_6: ready	battery: 3.71	kalman var: 0.001 0.001 0.001	 batterySag: 0.787	link quality: 48	flight time: 3s	pos 0.20 -0.83 0.82	yaw: 0.32	msg/s 0.0
INFO: 12-10-2021 14:12:55 printStatus(169) -- Drogno_6: ready	battery: 3.72	kalman var: 0.002 0.002 0.001	 batterySag: 0.787	link quality: 51	flight time: 4s	pos 0.18 -0.85 0.89	yaw: 2.89	msg/s 0.0
INFO: 12-10-2021 14:12:56 printStatus(169) -- Drogno_6: ready	battery: 3.58	kalman var: 0.001 0.001 0.001	 batterySag: 0.787	link quality: 47	flight time: 5s	pos 0.18 -0.81 0.77	yaw: -0.35	msg/s 0.0
INFO: 12-10-2021 14:12:57 printStatus(169) -- Drogno_6: ready	battery: 3.7	kalman var: 0.001 0.001 0.001	 batterySag: 0.787	link quality: 46	flight time: 7s	pos 0.20 -0.82 0.85	yaw: 1.03	msg/s 0.0
INFO: 12-10-2021 14:12:58 printStatus(169) -- Drogno_6: ready	battery: 3.7	kalman var: 0.001 0.001 0.001	 batterySag: 0.787	link quality: 53	flight time: 8s	pos 0.18 -0.85 0.86	yaw: -2.23	msg/s 0.0
INFO: 12-10-2021 14:12:59 printStatus(169) -- Drogno_6: ready	battery: 3.7	kalman var: 0.001 0.001 0.001	 batterySag: 0.787	link quality: 48	flight time: 9s	pos 0.18 -0.83 0.70	yaw: 1.21	msg/s 0.0
INFO: 12-10-2021 14:13:01 printStatus(169) -- Drogno_6: ready	battery: 3.68	kalman var: 0.001 0.001 0.001	 batterySag: 0.787	link quality: 48	flight time: 10s	pos 0.20 -0.85 0.85	yaw: -1.88	msg/s 0.0
INFO: 12-10-2021 14:13:02 printStatus(169) -- Drogno_6: ready	battery: 3.67	kalman var: 0.001 0.001 0.001	 batterySag: 0.787	link quality: 52	flight time: 11s	pos 0.20 -0.84 0.80	yaw: -0.37	msg/s 0.0
INFO: 12-10-2021 14:13:03 printStatus(169) -- Drogno_6: ready	battery: 3.67	kalman var: 0.001 0.001 0.001	 batterySag: 0.787	link quality: 52	flight time: 13s	pos 0.19 -0.84 0.86	yaw: -0.93	msg/s 0.0
INFO: 12-10-2021 14:13:05 printStatus(169) -- Drogno_6: ready	battery: 3.68	kalman var: 0.001 0.001 0.001	 batterySag: 0.787	link quality: 47	flight time: 14s	pos 0.19 -0.85 0.81	yaw: -0.80	msg/s 0.0
INFO: 12-10-2021 14:13:06 printStatus(169) -- Drogno_6: hovering	battery: 3.62	kalman var: 0.0 0.0 0.0	 batterySag: 0.787	link quality: 44	flight time: 15s	pos 0.21 -0.91 0.91	yaw: -0.14	msg/s 7.3
INFO: 12-10-2021 14:13:07 printStatus(169) -- Drogno_6: hovering	battery: 3.65	kalman var: 0.001 0.001 0.001	 batterySag: 0.787	link quality: 46	flight time: 17s	pos 0.27 -1.11 1.18	yaw: -0.37	msg/s 9.1
INFO: 12-10-2021 14:13:09 printStatus(169) -- Drogno_6: hovering	battery: 3.65	kalman var: 0.002 0.002 0.001	 batterySag: 0.787	link quality: 46	flight time: 18s	pos 0.24 -1.11 1.18	yaw: -0.60	msg/s 9.1
INFO: 12-10-2021 14:13:10 printStatus(169) -- Drogno_6: hovering	battery: 3.66	kalman var: 0.002 0.002 0.001	 batterySag: 0.787	link quality: 46	flight time: 19s	pos 0.23 -1.11 1.16	yaw: 0.17	msg/s 10.9
INFO: 12-10-2021 14:13:11 printStatus(169) -- Drogno_6: moving	battery: 3.58	kalman var: 0.001 0.001 0.001	 batterySag: 0.787	link quality: 46	flight time: 21s	pos 0.23 -1.11 1.13	yaw: 0.21	msg/s 9.1
INFO: 12-10-2021 14:13:13 printStatus(169) -- Drogno_6: hovering	battery: 3.64	kalman var: 0.001 0.001 0.001	 batterySag: 0.787	link quality: 45	flight time: 22s	pos 0.18 -1.06 1.02	yaw: 0.48	msg/s 9.1
INFO: 12-10-2021 14:13:14 printStatus(169) -- Drogno_6: ready	battery: 3.6	kalman var: 0.0 0.0 0.0	 batterySag: 0.787	link quality: 48	flight time: 23s	pos 0.17 -1.06 1.13	yaw: 4.00	msg/s 1.8
INFO: 12-10-2021 14:13:15 printStatus(169) -- Drogno_6: hovering	battery: 3.63	kalman var: 0.0 0.0 0.0	 batterySag: 0.787	link quality: 50	flight time: 24s	pos 0.16 -1.07 1.15	yaw: 2.97	msg/s 5.5
INFO: 12-10-2021 14:13:16 printStatus(169) -- Drogno_6: hovering	battery: 3.63	kalman var: 0.001 0.001 0.001	 batterySag: 0.787	link quality: 56	flight time: 26s	pos 0.11 -1.04 1.16	yaw: 1.02	msg/s 9.1
INFO: 12-10-2021 14:13:17 printStatus(169) -- Drogno_6: ready	battery: 3.6	kalman var: 0.001 0.001 0.001	 batterySag: 0.787	link quality: 49	flight time: 27s	pos -0.03 -1.00 1.11	yaw: 1.10	msg/s 9.1
INFO: 12-10-2021 14:13:18 printStatus(169) -- Drogno_6: hovering	battery: 3.61	kalman var: 0.001 0.001 0.001	 batterySag: 0.787	link quality: 46	flight time: 28s	pos 0.01 -0.94 1.09	yaw: -0.31	msg/s 9.1
INFO: 12-10-2021 14:13:20 printStatus(169) -- Drogno_6: hovering	battery: 3.61	kalman var: 0.0 0.0 0.001	 batterySag: 0.787	link quality: 48	flight time: 29s	pos 0.11 -0.87 1.12	yaw: -3.99	msg/s 18.2
INFO: 12-10-2021 14:13:21 printStatus(169) -- Drogno_6: moving	battery: 3.59	kalman var: 0.001 0.001 0.001	 batterySag: 0.787	link quality: 55	flight time: 30s	pos 0.09 -0.23 1.08	yaw: 2.87	msg/s 18.2
INFO: 12-10-2021 14:13:23 printStatus(169) -- Drogno_6: hovering	battery: 3.61	kalman var: 0.0 0.0 0.0	 batterySag: 0.787	link quality: 51	flight time: 32s	pos 0.13 0.00 1.16	yaw: -2.67	msg/s 7.3
INFO: 12-10-2021 14:13:24 printStatus(169) -- Drogno_6: hovering	battery: 3.57	kalman var: 0.0 0.0 0.0	 batterySag: 0.787	link quality: 49	flight time: 34s	pos 0.17 0.40 0.95	yaw: 1.10	msg/s 7.3
INFO: 12-10-2021 14:13:26 printStatus(169) -- Drogno_6: hovering	battery: 3.57	kalman var: 0.0 0.0 0.0	 batterySag: 0.787	link quality: 51	flight time: 35s	pos 0.03 0.59 1.08	yaw: -0.80	msg/s 10.9
INFO: 12-10-2021 14:13:27 printStatus(169) -- Drogno_6: hovering	battery: 3.58	kalman var: 0.0 0.0 0.0	 batterySag: 0.787	link quality: 51	flight time: 36s	pos -0.09 0.73 1.23	yaw: -1.58	msg/s 20.0
INFO: 12-10-2021 14:13:28 printStatus(169) -- Drogno_6: hovering	battery: 3.6	kalman var: 0.001 0.001 0.001	 batterySag: 0.787	link quality: 61	flight time: 38s	pos -0.26 0.83 1.04	yaw: -0.74	msg/s 23.6
INFO: 12-10-2021 14:13:29 printStatus(169) -- Drogno_6: hovering	battery: 3.56	kalman var: 0.0 0.0 0.0	 batterySag: 0.787	link quality: 56	flight time: 39s	pos -0.51 0.89 1.15	yaw: -0.37	msg/s 14.5
INFO: 12-10-2021 14:13:31 printStatus(169) -- Drogno_6: hovering	battery: 3.56	kalman var: 0.0 0.0 0.0	 batterySag: 0.787	link quality: 46	flight time: 40s	pos -0.58 0.90 1.11	yaw: 0.42	msg/s 9.1
INFO: 12-10-2021 14:13:32 printStatus(169) -- Drogno_6: hovering	battery: 3.59	kalman var: 0.001 0.001 0.001	 batterySag: 0.787	link quality: 56	flight time: 41s	pos -0.39 0.77 1.10	yaw: 0.31	msg/s 7.3
INFO: 12-10-2021 14:13:33 printStatus(169) -- Drogno_6: hovering	battery: 3.57	kalman var: 0.0 0.0 0.0	 batterySag: 0.787	link quality: 49	flight time: 43s	pos -0.00 0.75 1.11	yaw: -0.35	msg/s 21.8
INFO: 12-10-2021 14:13:34 printStatus(169) -- Drogno_6: ready	battery: 3.63	kalman var: 0.0 0.0 0.0	 batterySag: 0.787	link quality: 56	flight time: 44s	pos -0.74 1.18 0.78	yaw: 0.98	msg/s 16.4
INFO: 12-10-2021 14:13:36 printStatus(169) -- Drogno_6: hovering	battery: 3.57	kalman var: 0.0 0.0 0.0	 batterySag: 0.787	link quality: 45	flight time: 45s	pos -1.63 0.55 0.44	yaw: 0.99	msg/s 21.8
INFO: 12-10-2021 14:13:37 printStatus(169) -- Drogno_6: moving	battery: 3.55	kalman var: 0.0 0.0 0.0	 batterySag: 0.787	link quality: 59	flight time: 46s	pos -1.55 -0.40 0.31	yaw: -0.26	msg/s 21.8
INFO: 12-10-2021 14:13:38 printStatus(169) -- Drogno_6: hovering	battery: 3.55	kalman var: 0.0 0.0 0.001	 batterySag: 0.787	link quality: 56	flight time: 48s	pos -0.75 -1.04 0.51	yaw: -1.48	msg/s 23.6
INFO: 12-10-2021 14:13:39 printStatus(169) -- Drogno_6: hovering	battery: 3.58	kalman var: 0.003 0.003 0.002	 batterySag: 0.787	link quality: 51	flight time: 49s	pos 0.36 -0.41 0.83	yaw: 0.63	msg/s 20.0
INFO: 12-10-2021 14:13:40 printStatus(169) -- Drogno_6: hovering	battery: 3.55	kalman var: 0.001 0.001 0.001	 batterySag: 0.787	link quality: 49	flight time: 50s	pos 0.38 0.95 1.15	yaw: -0.20	msg/s 18.2
INFO: 12-10-2021 14:13:41 printStatus(169) -- Drogno_6: hovering	battery: 3.59	kalman var: 0.001 0.001 0.001	 batterySag: 0.787	link quality: 57	flight time: 51s	pos 0.55 1.03 1.25	yaw: 0.17	msg/s 23.6
INFO: 12-10-2021 14:13:43 printStatus(169) -- Drogno_6: hovering	battery: 3.53	kalman var: 0.0 0.0 0.0	 batterySag: 0.787	link quality: 50	flight time: 52s	pos 0.36 1.07 1.00	yaw: -0.88	msg/s 20.0
WARNING: 12-10-2021 14:13:44 evaluateBattery(804) -- battery under 3.50v
INFO: 12-10-2021 14:13:44 printStatus(169) -- Drogno_6: hovering	battery: 3.47	kalman var: 0.001 0.001 0.001	 batterySag: 0.787	link quality: 49	flight time: 53s	pos 0.34 1.09 0.94	yaw: -0.41	msg/s 21.8
INFO: 12-10-2021 14:13:45 printStatus(169) -- Drogno_6: hovering	battery: 3.52	kalman var: 0.0 0.0 0.0	 batterySag: 0.787	link quality: 49	flight time: 55s	pos -0.11 0.69 0.89	yaw: 2.33	msg/s 21.8
INFO: 12-10-2021 14:13:46 printStatus(169) -- Drogno_6: hovering	battery: 3.56	kalman var: 0.001 0.001 0.001	 batterySag: 0.787	link quality: 55	flight time: 56s	pos -0.46 0.82 0.77	yaw: -0.90	msg/s 20.0
INFO: 12-10-2021 14:13:48 printStatus(169) -- Drogno_6: hovering	battery: 3.55	kalman var: 0.0 0.0 0.0	 batterySag: 0.787	link quality: 46	flight time: 57s	pos -0.60 0.94 0.58	yaw: 0.63	msg/s 21.8
INFO: 12-10-2021 14:13:49 printStatus(169) -- Drogno_6: hovering	battery: 3.53	kalman var: 0.001 0.001 0.001	 batterySag: 0.787	link quality: 51	flight time: 58s	pos -0.68 1.01 0.54	yaw: -0.82	msg/s 20.0
INFO: 12-10-2021 14:13:50 printStatus(169) -- Drogno_6: hovering	battery: 3.54	kalman var: 0.002 0.002 0.001	 batterySag: 0.787	link quality: 56	flight time: 60s	pos -0.69 1.08 0.66	yaw: -0.56	msg/s 18.2
INFO: 12-10-2021 14:13:51 printStatus(169) -- Drogno_6: hovering	battery: 3.54	kalman var: 0.001 0.001 0.001	 batterySag: 0.787	link quality: 53	flight time: 61s	pos -0.39 1.19 0.99	yaw: 0.48	msg/s 20.0
INFO: 12-10-2021 14:13:53 printStatus(169) -- Drogno_6: hovering	battery: 3.55	kalman var: 0.002 0.002 0.001	 batterySag: 0.787	link quality: 54	flight time: 62s	pos -0.07 1.10 1.16	yaw: -0.02	msg/s 18.2
INFO: 12-10-2021 14:13:54 printStatus(169) -- Drogno_6: hovering	battery: 3.56	kalman var: 0.001 0.001 0.001	 batterySag: 0.787	link quality: 47	flight time: 64s	pos 0.11 0.75 1.14	yaw: -1.11	msg/s 27.3
INFO: 12-10-2021 14:13:55 printStatus(169) -- Drogno_6: hovering	battery: 3.53	kalman var: 0.0 0.0 0.0	 batterySag: 0.787	link quality: 53	flight time: 65s	pos 0.50 -0.20 1.21	yaw: 0.36	msg/s 20.0
WARNING: 12-10-2021 14:13:56 evaluateBattery(804) -- battery under 3.50v
INFO: 12-10-2021 14:13:56 printStatus(169) -- Drogno_6: hovering	battery: 3.47	kalman var: 0.0 0.0 0.0	 batterySag: 0.787	link quality: 51	flight time: 66s	pos 0.49 -0.75 1.14	yaw: 1.85	msg/s 25.5
WARNING: 12-10-2021 14:13:57 evaluateBattery(804) -- battery under 3.50v
INFO: 12-10-2021 14:13:58 printStatus(169) -- Drogno_6: hovering	battery: 3.54	kalman var: 0.0 0.0 0.0	 batterySag: 0.787	link quality: 48	flight time: 67s	pos -0.11 -1.01 1.22	yaw: -1.34	msg/s 20.0
INFO: 12-10-2021 14:13:59 printStatus(169) -- Drogno_6: hovering	battery: 3.52	kalman var: 0.0 0.0 0.0	 batterySag: 0.787	link quality: 53	flight time: 68s	pos -0.66 -0.95 1.09	yaw: 1.49	msg/s 25.5
WARNING: 12-10-2021 14:14:00 evaluateBattery(804) -- battery under 3.50v
INFO: 12-10-2021 14:14:00 printStatus(169) -- Drogno_6: hovering	battery: 3.48	kalman var: 0.0 0.0 0.0	 batterySag: 0.787	link quality: 59	flight time: 70s	pos -1.17 -1.00 0.77	yaw: 0.87	msg/s 16.4
WARNING: 12-10-2021 14:14:00 evaluateBattery(804) -- battery under 3.50v
WARNING: 12-10-2021 14:14:01 evaluateBattery(804) -- battery under 3.50v
INFO: 12-10-2021 14:14:02 printStatus(169) -- Drogno_6: hovering	battery: 3.52	kalman var: 0.0 0.0 0.0	 batterySag: 0.787	link quality: 56	flight time: 71s	pos -1.69 -0.11 0.50	yaw: 1.00	msg/s 21.8
INFO: 12-10-2021 14:14:03 printStatus(169) -- Drogno_6: hovering	battery: 3.51	kalman var: 0.0 0.0 0.0	 batterySag: 0.787	link quality: 46	flight time: 73s	pos -1.39 0.50 0.68	yaw: 0.58	msg/s 18.2
WARNING: 12-10-2021 14:14:03 evaluateBattery(804) -- battery under 3.50v
WARNING: 12-10-2021 14:14:04 evaluateBattery(804) -- battery under 3.50v
INFO: 12-10-2021 14:14:04 printStatus(169) -- Drogno_6: hovering	battery: 3.48	kalman var: 0.0 0.0 0.001	 batterySag: 0.787	link quality: 56	flight time: 74s	pos -1.06 0.94 0.89	yaw: -0.35	msg/s 25.5
INFO: 12-10-2021 14:14:05 printStatus(169) -- Drogno_6: hovering	battery: 3.52	kalman var: 0.001 0.001 0.001	 batterySag: 0.787	link quality: 51	flight time: 75s	pos 0.01 0.89 1.59	yaw: -0.78	msg/s 16.4
INFO: 12-10-2021 14:14:06 printStatus(169) -- Drogno_6: hovering	battery: 3.49	kalman var: 0.001 0.001 0.001	 batterySag: 0.787	link quality: 59	flight time: 76s	pos 0.33 0.56 1.72	yaw: -0.35	msg/s 23.6
WARNING: 12-10-2021 14:14:06 evaluateBattery(804) -- battery under 3.50v
WARNING: 12-10-2021 14:14:07 evaluateBattery(804) -- battery under 3.50v
INFO: 12-10-2021 14:14:08 printStatus(169) -- Drogno_6: moving	battery: 3.51	kalman var: 0.0 0.0 0.0	 batterySag: 0.787	link quality: 55	flight time: 77s	pos 0.42 -0.44 1.78	yaw: -1.19	msg/s 18.2
INFO: 12-10-2021 14:14:09 printStatus(169) -- Drogno_6: hovering	battery: 3.53	kalman var: 0.001 0.001 0.001	 batterySag: 0.787	link quality: 46	flight time: 78s	pos -0.10 -1.12 1.48	yaw: 0.65	msg/s 23.6
INFO: 12-10-2021 14:14:10 printStatus(169) -- Drogno_6: hovering	battery: 3.51	kalman var: 0.0 0.0 0.0	 batterySag: 0.787	link quality: 49	flight time: 80s	pos -0.64 -1.29 1.08	yaw: 0.58	msg/s 20.0
WARNING: 12-10-2021 14:14:11 evaluateBattery(804) -- battery under 3.50v
INFO: 12-10-2021 14:14:11 printStatus(169) -- Drogno_6: hovering	battery: 3.49	kalman var: 0.0 0.0 0.0	 batterySag: 0.787	link quality: 51	flight time: 81s	pos -1.22 -1.06 1.03	yaw: 0.21	msg/s 21.8
WARNING: 12-10-2021 14:14:11 evaluateBattery(804) -- battery under 3.50v
WARNING: 12-10-2021 14:14:12 evaluateBattery(804) -- battery under 3.50v
WARNING: 12-10-2021 14:14:12 evaluateBattery(804) -- battery under 3.50v
INFO: 12-10-2021 14:14:12 printStatus(169) -- Drogno_6: hovering	battery: 3.49	kalman var: 0.001 0.001 0.001	 batterySag: 0.787	link quality: 68	flight time: 82s	pos -0.84 -0.70 1.25	yaw: 3.85	msg/s 21.8
WARNING: 12-10-2021 14:14:13 evaluateBattery(804) -- battery under 3.50v
WARNING: 12-10-2021 14:14:14 evaluateBattery(804) -- battery under 3.50v
INFO: 12-10-2021 14:14:14 printStatus(169) -- Drogno_6: hovering	battery: 3.49	kalman var: 0.0 0.0 0.0	 batterySag: 0.787	link quality: 61	flight time: 83s	pos -0.94 -0.75 1.30	yaw: -4.09	msg/s 23.6
WARNING: 12-10-2021 14:14:14 evaluateBattery(804) -- battery under 3.50v
WARNING: 12-10-2021 14:14:15 evaluateBattery(804) -- battery under 3.50v
INFO: 12-10-2021 14:14:15 printStatus(169) -- Drogno_6: hovering	battery: 3.48	kalman var: 0.0 0.0 0.0	 batterySag: 0.787	link quality: 57	flight time: 85s	pos -1.30 -0.77 1.34	yaw: 1.92	msg/s 20.0
WARNING: 12-10-2021 14:14:15 evaluateBattery(804) -- battery under 3.50v
INFO: 12-10-2021 14:14:16 printStatus(169) -- Drogno_6: hovering	battery: 3.51	kalman var: 0.0 0.0 0.0	 batterySag: 0.787	link quality: 56	flight time: 86s	pos -1.77 -1.22 1.05	yaw: -1.43	msg/s 20.0
INFO: 12-10-2021 14:14:17 printStatus(169) -- Drogno_6: hovering	battery: 3.49	kalman var: 0.0 0.0 0.0	 batterySag: 0.787	link quality: 49	flight time: 87s	pos -1.25 -1.51 0.87	yaw: -1.86	msg/s 21.8
WARNING: 12-10-2021 14:14:18 evaluateBattery(804) -- battery under 3.50v
WARNING: 12-10-2021 14:14:18 evaluateBattery(804) -- battery under 3.50v
WARNING: 12-10-2021 14:14:19 evaluateBattery(804) -- battery under 3.50v
INFO: 12-10-2021 14:14:19 printStatus(169) -- Drogno_6: hovering	battery: 3.49	kalman var: 0.001 0.001 0.001	 batterySag: 0.787	link quality: 45	flight time: 88s	pos -0.26 -1.55 0.89	yaw: -2.16	msg/s 20.0
WARNING: 12-10-2021 14:14:20 evaluateBattery(804) -- battery under 3.50v
INFO: 12-10-2021 14:14:20 printStatus(169) -- Drogno_6: hovering	battery: 3.49	kalman var: 0.001 0.001 0.001	 batterySag: 0.787	link quality: 46	flight time: 90s	pos 0.87 -1.12 1.17	yaw: -0.86	msg/s 18.2
WARNING: 12-10-2021 14:14:20 evaluateBattery(804) -- battery under 3.50v
WARNING: 12-10-2021 14:14:21 evaluateBattery(804) -- battery under 3.50v
WARNING: 12-10-2021 14:14:22 evaluateBattery(804) -- battery under 3.50v
INFO: 12-10-2021 14:14:22 printStatus(169) -- Drogno_6: hovering	battery: 3.41	kalman var: 0.0 0.0 0.001	 batterySag: 0.787	link quality: 57	flight time: 91s	pos 0.93 -0.95 1.23	yaw: -0.82	msg/s 20.0
WARNING: 12-10-2021 14:14:22 evaluateBattery(804) -- battery under 3.50v
WARNING: 12-10-2021 14:14:23 evaluateBattery(804) -- battery under 3.50v
INFO: 12-10-2021 14:14:23 printStatus(169) -- Drogno_6: hovering	battery: 3.47	kalman var: 0.0 0.0 0.0	 batterySag: 0.787	link quality: 49	flight time: 92s	pos 0.20 -0.78 1.37	yaw: 0.44	msg/s 21.8
WARNING: 12-10-2021 14:14:24 evaluateBattery(804) -- battery under 3.50v
WARNING: 12-10-2021 14:14:24 evaluateBattery(804) -- battery under 3.50v
INFO: 12-10-2021 14:14:24 printStatus(169) -- Drogno_6: hovering	battery: 3.47	kalman var: 0.0 0.0 0.0	 batterySag: 0.787	link quality: 50	flight time: 94s	pos -0.53 -0.81 1.43	yaw: 1.13	msg/s 21.8
WARNING: 12-10-2021 14:14:25 evaluateBattery(804) -- battery under 3.50v
WARNING: 12-10-2021 14:14:26 evaluateBattery(804) -- battery under 3.50v
INFO: 12-10-2021 14:14:26 printStatus(169) -- Drogno_6: moving	battery: 3.47	kalman var: 0.0 0.0 0.0	 batterySag: 0.787	link quality: 57	flight time: 95s	pos -0.75 -0.88 1.45	yaw: 3.01	msg/s 20.0
WARNING: 12-10-2021 14:14:26 evaluateBattery(804) -- battery under 3.50v
WARNING: 12-10-2021 14:14:27 evaluateBattery(804) -- battery under 3.50v
INFO: 12-10-2021 14:14:28 printStatus(169) -- Drogno_6: moving	battery: 3.46	kalman var: 0.0 0.0 0.0	 batterySag: 0.787	link quality: 49	flight time: 97s	pos -0.34 -1.01 1.37	yaw: -1.60	msg/s 18.2
WARNING: 12-10-2021 14:14:28 evaluateBattery(804) -- battery under 3.50v
WARNING: 12-10-2021 14:14:29 evaluateBattery(804) -- battery under 3.50v
WARNING: 12-10-2021 14:14:29 evaluateBattery(804) -- battery under 3.50v
INFO: 12-10-2021 14:14:29 printStatus(169) -- Drogno_6: ready	battery: 3.39	kalman var: 0.001 0.001 0.001	 batterySag: 0.787	link quality: 48	flight time: 98s	pos 0.32 -0.75 1.39	yaw: 0.78	msg/s 18.2
WARNING: 12-10-2021 14:14:30 evaluateBattery(804) -- battery under 3.50v
INFO: 12-10-2021 14:14:30 printStatus(169) -- Drogno_6: hovering	battery: 3.45	kalman var: 0.0 0.0 0.001	 batterySag: 0.787	link quality: 56	flight time: 100s	pos 0.39 -0.68 1.65	yaw: -0.42	msg/s 14.5
WARNING: 12-10-2021 14:14:30 evaluateBattery(804) -- battery under 3.50v
WARNING: 12-10-2021 14:14:31 evaluateBattery(804) -- battery under 3.50v
WARNING: 12-10-2021 14:14:32 evaluateBattery(804) -- battery under 3.50v
INFO: 12-10-2021 14:14:32 printStatus(169) -- Drogno_6: hovering	battery: 3.47	kalman var: 0.0 0.0 0.0	 batterySag: 0.787	link quality: 58	flight time: 101s	pos 0.35 -0.65 1.65	yaw: -0.80	msg/s 7.3
WARNING: 12-10-2021 14:14:33 evaluateBattery(804) -- battery under 3.50v
WARNING: 12-10-2021 14:14:33 evaluateBattery(804) -- battery under 3.50v
INFO: 12-10-2021 14:14:34 printStatus(169) -- Drogno_6: hovering	battery: 3.45	kalman var: 0.0 0.0 0.0	 batterySag: 0.787	link quality: 54	flight time: 103s	pos 0.33 -0.65 1.64	yaw: -0.07	msg/s 9.1
WARNING: 12-10-2021 14:14:34 evaluateBattery(804) -- battery under 3.50v
WARNING: 12-10-2021 14:14:35 evaluateBattery(804) -- battery under 3.50v
INFO: 12-10-2021 14:14:35 printStatus(169) -- Drogno_6: ready	battery: 3.46	kalman var: 0.002 0.002 0.001	 batterySag: 0.787	link quality: 56	flight time: 104s	pos 0.33 -0.66 1.65	yaw: -0.65	msg/s 0.0
WARNING: 12-10-2021 14:14:36 evaluateBattery(804) -- battery under 3.50v
WARNING: 12-10-2021 14:14:36 evaluateBattery(804) -- battery under 3.50v
WARNING: 12-10-2021 14:14:37 evaluateBattery(804) -- battery under 3.50v
INFO: 12-10-2021 14:14:37 printStatus(169) -- Drogno_6: ready	battery: 3.36	kalman var: 0.001 0.001 0.001	 batterySag: 0.787	link quality: 46	flight time: 106s	pos 0.37 -0.68 1.54	yaw: -1.17	msg/s 0.0
WARNING: 12-10-2021 14:14:38 evaluateBattery(804) -- battery under 3.50v
WARNING: 12-10-2021 14:14:38 evaluateBattery(804) -- battery under 3.50v
INFO: 12-10-2021 14:14:39 printStatus(169) -- Drogno_6: ready	battery: 3.46	kalman var: 0.003 0.003 0.001	 batterySag: 0.787	link quality: 53	flight time: 108s	pos 0.31 -0.65 1.67	yaw: 0.68	msg/s 0.0
WARNING: 12-10-2021 14:14:39 evaluateBattery(804) -- battery under 3.50v
INFO: 12-10-2021 14:14:40 printStatus(169) -- Drogno_6: ready	battery: 3.46	kalman var: 0.002 0.002 0.001	 batterySag: 0.787	link quality: 58	flight time: 109s	pos 0.33 -0.66 1.66	yaw: 0.68	msg/s 0.0
WARNING: 12-10-2021 14:14:40 evaluateBattery(804) -- battery under 3.50v
WARNING: 12-10-2021 14:14:41 evaluateBattery(804) -- battery under 3.50v
WARNING: 12-10-2021 14:14:42 evaluateBattery(804) -- battery under 3.50v
ERROR: 12-10-2021 14:14:42 evaluateBattery(815) -- battery under 3.33v ! GOING DOWN
INFO: 12-10-2021 14:14:42 printStatus(169) -- Drogno_6: landed	battery: 3.28	kalman var: 0.001 0.001 0.001	 batterySag: 0.787	link quality: 47	flight time: 111s	pos 0.44 -0.67 1.44	yaw: 2.92	msg/s 0.0
WARNING: 12-10-2021 14:14:43 evaluateBattery(804) -- battery under 3.50v
INFO: 12-10-2021 14:14:44 printStatus(169) -- Drogno_6: landed	battery: 3.67	kalman var: 0.004 0.004 0.002	 batterySag: 0.787	link quality: 49	flight time: 111s	pos 0.31 -0.65 0.13	yaw: 2.04	msg/s 0.0
INFO: 12-10-2021 14:14:45 printStatus(169) -- Drogno_6: BAD kalman	battery: 3.82	kalman var: 0.026 0.026 0.004	 batterySag: 0.787	link quality: 53	flight time: 111s	pos 0.22 -0.23 0.17	yaw: 4.52	msg/s 0.0
INFO: 12-10-2021 14:14:46 printStatus(169) -- Drogno_6: BAD kalman	battery: 3.83	kalman var: 0.049 0.049 0.005	 batterySag: 0.787	link quality: 53	flight time: 111s	pos 0.15 0.23 0.20	yaw: 4.64	msg/s 0.0
INFO: 12-10-2021 14:14:48 printStatus(169) -- Drogno_6: BAD kalman	battery: 3.83	kalman var: 0.083 0.083 0.006	 batterySag: 0.787	link quality: 53	flight time: 111s	pos 0.03 0.84 0.23	yaw: 4.54	msg/s 0.0
INFO: 12-10-2021 14:14:49 printStatus(169) -- Drogno_6: out of BOX	battery: 3.84	kalman var: 0.191 0.191 0.008	 batterySag: 0.787	link quality: 53	flight time: 111s	pos -0.50 2.40 0.30	yaw: 4.54	msg/s 0.0
INFO: 12-10-2021 14:14:51 printStatus(169) -- Drogno_6: out of BOX	battery: 3.85	kalman var: 0.269 0.268 0.009	 batterySag: 0.787	link quality: 53	flight time: 111s	pos -0.95 3.34 0.34	yaw: 4.46	msg/s 0.0
WARNING: 12-10-2021 14:14:51 exit(859) -- closing Drogno_6
INFO: 12-10-2021 14:14:52 printStatus(169) -- Drogno_6: sconnesso	battery: 3.85	kalman var: 0.366 0.365 0.01	 batterySag: 0.787	link quality: 53	flight time: 111s	pos -1.58 4.38 0.38	yaw: 4.70	msg/s 0.0
