INFO: 2021-10-09 15:22:17 __init__(134) -- This is dronelog running on Drogno_7
INFO: 2021-10-09 15:22:18 printStatus(172) -- Started
INFO: 2021-10-09 15:22:20 printStatus(175) -- Drogno_7: connecting		battery n.p.	pos 0.00 0.00 0.00	yaw: 0.00	msg/s 0.0	link quality: 0	kalman var: 0 0 0	flight time: 0s	 batterySag: 0
INFO: 2021-10-09 15:22:21 printStatus(175) -- Drogno_7: connecting		battery n.p.	pos 0.00 0.00 0.00	yaw: 0.00	msg/s 0.0	link quality: 0	kalman var: 0 0 0	flight time: 0s	 batterySag: 0
INFO: 2021-10-09 15:22:23 printStatus(175) -- Drogno_7: connecting		battery n.p.	pos 0.00 0.00 0.00	yaw: 0.00	msg/s 0.0	link quality: 0	kalman var: 0 0 0	flight time: 0s	 batterySag: 0
INFO: 2021-10-09 15:22:24 printStatus(175) -- Drogno_7: connecting		battery n.p.	pos 0.00 0.00 0.00	yaw: 0.00	msg/s 0.0	link quality: 0	kalman var: 0 0 0	flight time: 0s	 batterySag: 0
INFO: 2021-10-09 15:22:26 printStatus(175) -- Drogno_7: connecting		battery n.p.	pos 0.00 0.00 0.00	yaw: 0.00	msg/s 0.0	link quality: 0	kalman var: 0 0 0	flight time: 0s	 batterySag: 0
INFO: 2021-10-09 15:22:27 printStatus(175) -- Drogno_7: connecting		battery n.p.	pos 0.00 0.00 0.00	yaw: 0.00	msg/s 0.0	link quality: 0	kalman var: 0 0 0	flight time: 0s	 batterySag: 0
INFO: 2021-10-09 15:22:29 printStatus(175) -- Drogno_7: landed		battery n.p.	pos 0.00 0.00 0.00	yaw: 0.00	msg/s 0.0	link quality: 0	kalman var: 0 0 0	flight time: 0s	 batterySag: 0
INFO: 2021-10-09 15:22:31 printStatus(175) -- Drogno_7: landed		battery n.p.	pos 0.00 0.00 0.00	yaw: 0.00	msg/s 0.0	link quality: 0	kalman var: 0 0 0	flight time: 0s	 batterySag: 0
INFO: 2021-10-09 15:22:32 printStatus(175) -- Drogno_7: ready		battery 4.11	pos -0.01 -0.01 -0.00	yaw: -10.06	msg/s 0.0	link quality: 54	kalman var: 0.002 0.001 0.001	flight time: 0s	 batterySag: 0.67041015625
INFO: 2021-10-09 15:22:34 printStatus(175) -- Drogno_7: ready		battery 4.11	pos 0.00 0.00 0.00	yaw: -0.00	msg/s 0.0	link quality: 56	kalman var: 0.0 0.0 0.0	flight time: 0s	 batterySag: 0.67041015625
INFO: 2021-10-09 15:22:35 printStatus(175) -- Drogno_7: ready		battery 4.11	pos 0.00 -0.00 -0.00	yaw: -10.62	msg/s 0.0	link quality: 54	kalman var: 0.002 0.002 0.001	flight time: 0s	 batterySag: 0.67041015625
INFO: 2021-10-09 15:22:37 printStatus(175) -- Drogno_7: ready		battery 4.11	pos 0.00 0.00 0.00	yaw: -9.91	msg/s 0.0	link quality: 54	kalman var: 0.001 0.001 0.001	flight time: 0s	 batterySag: 0.67041015625
INFO: 2021-10-09 15:22:38 printStatus(175) -- Drogno_7: ready		battery 3.76	pos 0.01 0.00 0.00	yaw: -17.09	msg/s 0.0	link quality: 61	kalman var: 0.002 0.002 0.001	flight time: 0s	 batterySag: 0.67041015625
INFO: 2021-10-09 15:22:40 printStatus(175) -- Drogno_7: ready		battery 3.64	pos -0.00 0.06 -0.01	yaw: 2.51	msg/s 0.0	link quality: 40	kalman var: 0.001 0.001 0.001	flight time: 0s	 batterySag: 0.67041015625
INFO: 2021-10-09 15:22:42 printStatus(175) -- Drogno_7: ready		battery 3.53	pos 0.06 0.48 -0.27	yaw: -31.34	msg/s 0.0	link quality: 46	kalman var: 0.002 0.001 0.001	flight time: 2s	 batterySag: 0.67041015625
INFO: 2021-10-09 15:22:43 printStatus(175) -- Drogno_7: stand by		battery 4.04	pos -0.00 0.00 -0.00	yaw: -0.60	msg/s 0.0	link quality: 35	kalman var: 0.0 0.0 0.0	flight time: 4s	 batterySag: 0.67041015625
INFO: 2021-10-09 15:22:45 printStatus(175) -- Drogno_7: stand by		battery 4.04	pos -0.00 0.00 -0.00	yaw: -0.60	msg/s 0.0	link quality: 35	kalman var: 0.0 0.0 0.0	flight time: 4s	 batterySag: 0.67041015625
INFO: 2021-10-09 15:22:46 printStatus(175) -- Drogno_7: stand by		battery 4.04	pos -0.00 0.00 -0.00	yaw: -0.60	msg/s 0.0	link quality: 35	kalman var: 0.0 0.0 0.0	flight time: 4s	 batterySag: 0.67041015625
INFO: 2021-10-09 15:22:48 printStatus(175) -- Drogno_7: stand by		battery 4.04	pos -0.00 0.00 -0.00	yaw: -0.60	msg/s 0.0	link quality: 35	kalman var: 0.0 0.0 0.0	flight time: 4s	 batterySag: 0.67041015625
INFO: 2021-10-09 15:22:49 printStatus(175) -- Drogno_7: stand by		battery 4.04	pos -0.00 0.00 -0.00	yaw: -0.60	msg/s 0.0	link quality: 35	kalman var: 0.0 0.0 0.0	flight time: 4s	 batterySag: 0.67041015625
INFO: 2021-10-09 15:22:51 printStatus(175) -- Drogno_7: stand by		battery 4.04	pos -0.00 0.00 -0.00	yaw: -0.60	msg/s 0.0	link quality: 35	kalman var: 0.0 0.0 0.0	flight time: 4s	 batterySag: 0.67041015625
INFO: 2021-10-09 15:22:53 printStatus(175) -- Drogno_7: stand by		battery 4.04	pos -0.00 0.00 -0.00	yaw: -0.60	msg/s 0.0	link quality: 35	kalman var: 0.0 0.0 0.0	flight time: 4s	 batterySag: 0.67041015625
INFO: 2021-10-09 15:22:54 printStatus(175) -- Drogno_7: stand by		battery 4.04	pos -0.00 0.00 -0.00	yaw: -0.60	msg/s 0.0	link quality: 35	kalman var: 0.0 0.0 0.0	flight time: 4s	 batterySag: 0.67041015625
INFO: 2021-10-09 15:22:56 printStatus(175) -- Drogno_7: stand by		battery 4.04	pos -0.00 0.00 -0.00	yaw: -0.60	msg/s 0.0	link quality: 35	kalman var: 0.0 0.0 0.0	flight time: 4s	 batterySag: 0.67041015625
INFO: 2021-10-09 15:22:57 printStatus(175) -- Drogno_7: stand by		battery 4.04	pos -0.00 0.00 -0.00	yaw: -0.60	msg/s 0.0	link quality: 35	kalman var: 0.0 0.0 0.0	flight time: 4s	 batterySag: 0.67041015625
INFO: 2021-10-09 15:22:59 printStatus(175) -- Drogno_7: stand by		battery 4.04	pos -0.00 0.00 -0.00	yaw: -0.60	msg/s 0.0	link quality: 35	kalman var: 0.0 0.0 0.0	flight time: 4s	 batterySag: 0.67041015625
INFO: 2021-10-09 15:23:01 printStatus(175) -- Drogno_7: stand by		battery 4.04	pos -0.00 0.00 -0.00	yaw: -0.60	msg/s 0.0	link quality: 35	kalman var: 0.0 0.0 0.0	flight time: 4s	 batterySag: 0.67041015625
INFO: 2021-10-09 15:23:02 printStatus(175) -- Drogno_7: stand by		battery 4.04	pos -0.00 0.00 -0.00	yaw: -0.60	msg/s 0.0	link quality: 35	kalman var: 0.0 0.0 0.0	flight time: 4s	 batterySag: 0.67041015625
INFO: 2021-10-09 15:23:04 printStatus(175) -- Drogno_7: stand by		battery 4.04	pos -0.00 0.00 -0.00	yaw: -0.60	msg/s 0.0	link quality: 35	kalman var: 0.0 0.0 0.0	flight time: 4s	 batterySag: 0.67041015625
INFO: 2021-10-09 15:23:05 printStatus(175) -- Drogno_7: stand by		battery 4.04	pos -0.00 0.00 -0.00	yaw: -0.60	msg/s 0.0	link quality: 35	kalman var: 0.0 0.0 0.0	flight time: 4s	 batterySag: 0.67041015625
INFO: 2021-10-09 15:23:07 printStatus(175) -- Drogno_7: stand by		battery 4.04	pos -0.00 0.00 -0.00	yaw: -0.60	msg/s 0.0	link quality: 35	kalman var: 0.0 0.0 0.0	flight time: 4s	 batterySag: 0.67041015625
INFO: 2021-10-09 15:23:09 printStatus(175) -- Drogno_7: stand by		battery 4.04	pos -0.00 0.00 -0.00	yaw: -0.60	msg/s 0.0	link quality: 35	kalman var: 0.0 0.0 0.0	flight time: 4s	 batterySag: 0.67041015625
INFO: 2021-10-09 15:23:10 printStatus(175) -- Drogno_7: stand by		battery 4.04	pos -0.00 0.00 -0.00	yaw: -0.60	msg/s 0.0	link quality: 35	kalman var: 0.0 0.0 0.0	flight time: 4s	 batterySag: 0.67041015625
INFO: 2021-10-09 15:23:12 printStatus(175) -- Drogno_7: stand by		battery 4.04	pos -0.00 0.00 -0.00	yaw: -0.60	msg/s 0.0	link quality: 35	kalman var: 0.0 0.0 0.0	flight time: 4s	 batterySag: 0.67041015625
INFO: 2021-10-09 15:23:13 printStatus(175) -- Drogno_7: stand by		battery 4.04	pos -0.00 0.00 -0.00	yaw: -0.60	msg/s 0.0	link quality: 35	kalman var: 0.0 0.0 0.0	flight time: 4s	 batterySag: 0.67041015625
INFO: 2021-10-09 15:23:15 printStatus(175) -- Drogno_7: stand by		battery 4.04	pos -0.00 0.00 -0.00	yaw: -0.60	msg/s 0.0	link quality: 35	kalman var: 0.0 0.0 0.0	flight time: 4s	 batterySag: 0.67041015625
INFO: 2021-10-09 15:23:16 printStatus(175) -- Drogno_7: stand by		battery 4.04	pos -0.00 0.00 -0.00	yaw: -0.60	msg/s 0.0	link quality: 35	kalman var: 0.0 0.0 0.0	flight time: 4s	 batterySag: 0.67041015625
INFO: 2021-10-09 15:23:18 printStatus(175) -- Drogno_7: stand by		battery 4.04	pos -0.00 0.00 -0.00	yaw: -0.60	msg/s 0.0	link quality: 35	kalman var: 0.0 0.0 0.0	flight time: 4s	 batterySag: 0.67041015625
INFO: 2021-10-09 15:23:20 printStatus(175) -- Drogno_7: stand by		battery 4.04	pos -0.00 0.00 -0.00	yaw: -0.60	msg/s 0.0	link quality: 35	kalman var: 0.0 0.0 0.0	flight time: 4s	 batterySag: 0.67041015625
INFO: 2021-10-09 15:23:21 printStatus(175) -- Drogno_7: stand by		battery 4.04	pos -0.00 0.00 -0.00	yaw: -0.60	msg/s 0.0	link quality: 35	kalman var: 0.0 0.0 0.0	flight time: 4s	 batterySag: 0.67041015625
INFO: 2021-10-09 15:23:23 printStatus(175) -- Drogno_7: stand by		battery 4.04	pos -0.00 0.00 -0.00	yaw: -0.60	msg/s 0.0	link quality: 35	kalman var: 0.0 0.0 0.0	flight time: 4s	 batterySag: 0.67041015625
INFO: 2021-10-09 15:23:24 printStatus(175) -- Drogno_7: stand by		battery 4.04	pos -0.00 0.00 -0.00	yaw: -0.60	msg/s 0.0	link quality: 35	kalman var: 0.0 0.0 0.0	flight time: 4s	 batterySag: 0.67041015625
INFO: 2021-10-09 15:23:26 printStatus(175) -- Drogno_7: stand by		battery 4.04	pos -0.00 0.00 -0.00	yaw: -0.60	msg/s 0.0	link quality: 35	kalman var: 0.0 0.0 0.0	flight time: 4s	 batterySag: 0.67041015625
INFO: 2021-10-09 15:23:27 printStatus(175) -- Drogno_7: stand by		battery 4.04	pos -0.00 0.00 -0.00	yaw: -0.60	msg/s 0.0	link quality: 35	kalman var: 0.0 0.0 0.0	flight time: 4s	 batterySag: 0.67041015625
INFO: 2021-10-09 15:23:29 printStatus(175) -- Drogno_7: stand by		battery 4.04	pos -0.00 0.00 -0.00	yaw: -0.60	msg/s 0.0	link quality: 35	kalman var: 0.0 0.0 0.0	flight time: 4s	 batterySag: 0.67041015625
INFO: 2021-10-09 15:23:31 printStatus(175) -- Drogno_7: stand by		battery 4.04	pos -0.00 0.00 -0.00	yaw: -0.60	msg/s 0.0	link quality: 35	kalman var: 0.0 0.0 0.0	flight time: 4s	 batterySag: 0.67041015625
INFO: 2021-10-09 15:23:32 printStatus(175) -- Drogno_7: stand by		battery 4.04	pos -0.00 0.00 -0.00	yaw: -0.60	msg/s 0.0	link quality: 35	kalman var: 0.0 0.0 0.0	flight time: 4s	 batterySag: 0.67041015625
INFO: 2021-10-09 15:23:34 printStatus(175) -- Drogno_7: stand by		battery 4.04	pos -0.00 0.00 -0.00	yaw: -0.60	msg/s 0.0	link quality: 35	kalman var: 0.0 0.0 0.0	flight time: 4s	 batterySag: 0.67041015625
INFO: 2021-10-09 15:23:35 printStatus(175) -- Drogno_7: stand by		battery 4.04	pos -0.00 0.00 -0.00	yaw: -0.60	msg/s 0.0	link quality: 35	kalman var: 0.0 0.0 0.0	flight time: 4s	 batterySag: 0.67041015625
INFO: 2021-10-09 15:23:37 printStatus(175) -- Drogno_7: stand by		battery 4.04	pos -0.00 0.00 -0.00	yaw: -0.60	msg/s 0.0	link quality: 35	kalman var: 0.0 0.0 0.0	flight time: 4s	 batterySag: 0.67041015625
INFO: 2021-10-09 15:23:38 printStatus(175) -- Drogno_7: stand by		battery 4.04	pos -0.00 0.00 -0.00	yaw: -0.60	msg/s 0.0	link quality: 35	kalman var: 0.0 0.0 0.0	flight time: 4s	 batterySag: 0.67041015625
INFO: 2021-10-09 15:23:40 printStatus(175) -- Drogno_7: stand by		battery 4.04	pos -0.00 0.00 -0.00	yaw: -0.60	msg/s 0.0	link quality: 35	kalman var: 0.0 0.0 0.0	flight time: 4s	 batterySag: 0.67041015625
INFO: 2021-10-09 15:23:41 printStatus(175) -- Drogno_7: stand by		battery 4.04	pos -0.00 0.00 -0.00	yaw: -0.60	msg/s 0.0	link quality: 35	kalman var: 0.0 0.0 0.0	flight time: 4s	 batterySag: 0.67041015625
INFO: 2021-10-09 15:23:43 printStatus(175) -- Drogno_7: stand by		battery 4.04	pos -0.00 0.00 -0.00	yaw: -0.60	msg/s 0.0	link quality: 35	kalman var: 0.0 0.0 0.0	flight time: 4s	 batterySag: 0.67041015625
INFO: 2021-10-09 15:23:45 printStatus(175) -- Drogno_7: stand by		battery 4.04	pos -0.00 0.00 -0.00	yaw: -0.60	msg/s 0.0	link quality: 35	kalman var: 0.0 0.0 0.0	flight time: 4s	 batterySag: 0.67041015625
INFO: 2021-10-09 15:23:46 printStatus(175) -- Drogno_7: stand by		battery 4.04	pos -0.00 0.00 -0.00	yaw: -0.60	msg/s 0.0	link quality: 35	kalman var: 0.0 0.0 0.0	flight time: 4s	 batterySag: 0.67041015625
INFO: 2021-10-09 15:23:48 printStatus(175) -- Drogno_7: stand by		battery 4.04	pos -0.00 0.00 -0.00	yaw: -0.60	msg/s 0.0	link quality: 35	kalman var: 0.0 0.0 0.0	flight time: 4s	 batterySag: 0.67041015625
INFO: 2021-10-09 15:23:49 printStatus(175) -- Drogno_7: stand by		battery 4.04	pos -0.00 0.00 -0.00	yaw: -0.60	msg/s 0.0	link quality: 35	kalman var: 0.0 0.0 0.0	flight time: 4s	 batterySag: 0.67041015625
INFO: 2021-10-09 15:23:51 printStatus(175) -- Drogno_7: stand by		battery 4.04	pos -0.00 0.00 -0.00	yaw: -0.60	msg/s 0.0	link quality: 35	kalman var: 0.0 0.0 0.0	flight time: 4s	 batterySag: 0.67041015625
INFO: 2021-10-09 15:23:53 printStatus(175) -- Drogno_7: stand by		battery 4.04	pos -0.00 0.00 -0.00	yaw: -0.60	msg/s 0.0	link quality: 35	kalman var: 0.0 0.0 0.0	flight time: 4s	 batterySag: 0.67041015625
INFO: 2021-10-09 15:23:54 printStatus(175) -- Drogno_7: stand by		battery 4.04	pos -0.00 0.00 -0.00	yaw: -0.60	msg/s 0.0	link quality: 35	kalman var: 0.0 0.0 0.0	flight time: 4s	 batterySag: 0.67041015625
INFO: 2021-10-09 15:23:56 printStatus(175) -- Drogno_7: stand by		battery 4.04	pos -0.00 0.00 -0.00	yaw: -0.60	msg/s 0.0	link quality: 35	kalman var: 0.0 0.0 0.0	flight time: 4s	 batterySag: 0.67041015625
INFO: 2021-10-09 15:23:57 printStatus(175) -- Drogno_7: stand by		battery 4.04	pos -0.00 0.00 -0.00	yaw: -0.60	msg/s 0.0	link quality: 35	kalman var: 0.0 0.0 0.0	flight time: 4s	 batterySag: 0.67041015625
INFO: 2021-10-09 15:23:59 printStatus(175) -- Drogno_7: stand by		battery 4.04	pos -0.00 0.00 -0.00	yaw: -0.60	msg/s 0.0	link quality: 35	kalman var: 0.0 0.0 0.0	flight time: 4s	 batterySag: 0.67041015625
INFO: 2021-10-09 15:24:01 printStatus(175) -- Drogno_7: stand by		battery 4.04	pos -0.00 0.00 -0.00	yaw: -0.60	msg/s 0.0	link quality: 35	kalman var: 0.0 0.0 0.0	flight time: 4s	 batterySag: 0.67041015625
INFO: 2021-10-09 15:24:02 printStatus(175) -- Drogno_7: stand by		battery 4.04	pos -0.00 0.00 -0.00	yaw: -0.60	msg/s 0.0	link quality: 35	kalman var: 0.0 0.0 0.0	flight time: 4s	 batterySag: 0.67041015625
INFO: 2021-10-09 15:24:04 printStatus(175) -- Drogno_7: stand by		battery 4.04	pos -0.00 0.00 -0.00	yaw: -0.60	msg/s 0.0	link quality: 35	kalman var: 0.0 0.0 0.0	flight time: 4s	 batterySag: 0.67041015625
INFO: 2021-10-09 15:24:05 printStatus(175) -- Drogno_7: stand by		battery 4.04	pos -0.00 0.00 -0.00	yaw: -0.60	msg/s 0.0	link quality: 35	kalman var: 0.0 0.0 0.0	flight time: 4s	 batterySag: 0.67041015625
INFO: 2021-10-09 15:24:07 printStatus(175) -- Drogno_7: stand by		battery 4.04	pos -0.00 0.00 -0.00	yaw: -0.60	msg/s 0.0	link quality: 35	kalman var: 0.0 0.0 0.0	flight time: 4s	 batterySag: 0.67041015625
INFO: 2021-10-09 15:24:09 printStatus(175) -- Drogno_7: stand by		battery 4.04	pos -0.00 0.00 -0.00	yaw: -0.60	msg/s 0.0	link quality: 35	kalman var: 0.0 0.0 0.0	flight time: 4s	 batterySag: 0.67041015625
INFO: 2021-10-09 15:24:10 printStatus(175) -- Drogno_7: stand by		battery 4.04	pos -0.00 0.00 -0.00	yaw: -0.60	msg/s 0.0	link quality: 35	kalman var: 0.0 0.0 0.0	flight time: 4s	 batterySag: 0.67041015625
INFO: 2021-10-09 15:24:12 printStatus(175) -- Drogno_7: stand by		battery 4.04	pos -0.00 0.00 -0.00	yaw: -0.60	msg/s 0.0	link quality: 35	kalman var: 0.0 0.0 0.0	flight time: 4s	 batterySag: 0.67041015625
INFO: 2021-10-09 15:24:13 printStatus(175) -- Drogno_7: stand by		battery 4.04	pos -0.00 0.00 -0.00	yaw: -0.60	msg/s 0.0	link quality: 35	kalman var: 0.0 0.0 0.0	flight time: 4s	 batterySag: 0.67041015625
INFO: 2021-10-09 15:24:15 printStatus(175) -- Drogno_7: stand by		battery 4.04	pos -0.00 0.00 -0.00	yaw: -0.60	msg/s 0.0	link quality: 35	kalman var: 0.0 0.0 0.0	flight time: 4s	 batterySag: 0.67041015625
INFO: 2021-10-09 15:24:17 printStatus(175) -- Drogno_7: stand by		battery 4.04	pos -0.00 0.00 -0.00	yaw: -0.60	msg/s 0.0	link quality: 35	kalman var: 0.0 0.0 0.0	flight time: 4s	 batterySag: 0.67041015625
INFO: 2021-10-09 15:24:18 printStatus(175) -- Drogno_7: stand by		battery 4.04	pos -0.00 0.00 -0.00	yaw: -0.60	msg/s 0.0	link quality: 35	kalman var: 0.0 0.0 0.0	flight time: 4s	 batterySag: 0.67041015625
INFO: 2021-10-09 15:24:20 printStatus(175) -- Drogno_7: stand by		battery 4.04	pos -0.00 0.00 -0.00	yaw: -0.60	msg/s 0.0	link quality: 35	kalman var: 0.0 0.0 0.0	flight time: 4s	 batterySag: 0.67041015625
INFO: 2021-10-09 15:24:22 printStatus(175) -- Drogno_7: stand by		battery 4.04	pos -0.00 0.00 -0.00	yaw: -0.60	msg/s 0.0	link quality: 35	kalman var: 0.0 0.0 0.0	flight time: 4s	 batterySag: 0.67041015625
INFO: 2021-10-09 15:24:23 printStatus(175) -- Drogno_7: stand by		battery 4.04	pos -0.00 0.00 -0.00	yaw: -0.60	msg/s 0.0	link quality: 35	kalman var: 0.0 0.0 0.0	flight time: 4s	 batterySag: 0.67041015625
INFO: 2021-10-09 15:24:25 printStatus(175) -- Drogno_7: stand by		battery 4.04	pos -0.00 0.00 -0.00	yaw: -0.60	msg/s 0.0	link quality: 35	kalman var: 0.0 0.0 0.0	flight time: 4s	 batterySag: 0.67041015625
INFO: 2021-10-09 15:24:27 printStatus(175) -- Drogno_7: stand by		battery 4.04	pos -0.00 0.00 -0.00	yaw: -0.60	msg/s 0.0	link quality: 35	kalman var: 0.0 0.0 0.0	flight time: 4s	 batterySag: 0.67041015625
INFO: 2021-10-09 15:24:28 printStatus(175) -- Drogno_7: stand by		battery 4.04	pos -0.00 0.00 -0.00	yaw: -0.60	msg/s 0.0	link quality: 35	kalman var: 0.0 0.0 0.0	flight time: 4s	 batterySag: 0.67041015625
INFO: 2021-10-09 15:24:30 printStatus(175) -- Drogno_7: stand by		battery 4.04	pos -0.00 0.00 -0.00	yaw: -0.60	msg/s 0.0	link quality: 35	kalman var: 0.0 0.0 0.0	flight time: 4s	 batterySag: 0.67041015625
INFO: 2021-10-09 15:24:32 printStatus(175) -- Drogno_7: stand by		battery 4.04	pos -0.00 0.00 -0.00	yaw: -0.60	msg/s 0.0	link quality: 35	kalman var: 0.0 0.0 0.0	flight time: 4s	 batterySag: 0.67041015625
INFO: 2021-10-09 15:24:34 printStatus(175) -- Drogno_7: stand by		battery 4.04	pos -0.00 0.00 -0.00	yaw: -0.60	msg/s 0.0	link quality: 35	kalman var: 0.0 0.0 0.0	flight time: 4s	 batterySag: 0.67041015625
INFO: 2021-10-09 15:24:35 printStatus(175) -- Drogno_7: stand by		battery 4.04	pos -0.00 0.00 -0.00	yaw: -0.60	msg/s 0.0	link quality: 35	kalman var: 0.0 0.0 0.0	flight time: 4s	 batterySag: 0.67041015625
INFO: 2021-10-09 15:24:37 printStatus(175) -- Drogno_7: stand by		battery 4.04	pos -0.00 0.00 -0.00	yaw: -0.60	msg/s 0.0	link quality: 35	kalman var: 0.0 0.0 0.0	flight time: 4s	 batterySag: 0.67041015625
INFO: 2021-10-09 15:24:38 printStatus(175) -- Drogno_7: stand by		battery 4.04	pos -0.00 0.00 -0.00	yaw: -0.60	msg/s 0.0	link quality: 35	kalman var: 0.0 0.0 0.0	flight time: 4s	 batterySag: 0.67041015625
INFO: 2021-10-09 15:24:40 printStatus(175) -- Drogno_7: stand by		battery 4.04	pos -0.00 0.00 -0.00	yaw: -0.60	msg/s 0.0	link quality: 35	kalman var: 0.0 0.0 0.0	flight time: 4s	 batterySag: 0.67041015625
INFO: 2021-10-09 15:24:42 printStatus(175) -- Drogno_7: stand by		battery 4.04	pos -0.00 0.00 -0.00	yaw: -0.60	msg/s 0.0	link quality: 35	kalman var: 0.0 0.0 0.0	flight time: 4s	 batterySag: 0.67041015625
INFO: 2021-10-09 15:24:43 printStatus(175) -- Drogno_7: stand by		battery 4.04	pos -0.00 0.00 -0.00	yaw: -0.60	msg/s 0.0	link quality: 35	kalman var: 0.0 0.0 0.0	flight time: 4s	 batterySag: 0.67041015625
INFO: 2021-10-09 15:24:45 printStatus(175) -- Drogno_7: stand by		battery 4.04	pos -0.00 0.00 -0.00	yaw: -0.60	msg/s 0.0	link quality: 35	kalman var: 0.0 0.0 0.0	flight time: 4s	 batterySag: 0.67041015625
INFO: 2021-10-09 15:24:46 printStatus(175) -- Drogno_7: stand by		battery 4.04	pos -0.00 0.00 -0.00	yaw: -0.60	msg/s 0.0	link quality: 35	kalman var: 0.0 0.0 0.0	flight time: 4s	 batterySag: 0.67041015625
INFO: 2021-10-09 15:24:48 printStatus(175) -- Drogno_7: stand by		battery 4.04	pos -0.00 0.00 -0.00	yaw: -0.60	msg/s 0.0	link quality: 35	kalman var: 0.0 0.0 0.0	flight time: 4s	 batterySag: 0.67041015625
INFO: 2021-10-09 15:24:49 printStatus(175) -- Drogno_7: stand by		battery 4.04	pos -0.00 0.00 -0.00	yaw: -0.60	msg/s 0.0	link quality: 35	kalman var: 0.0 0.0 0.0	flight time: 4s	 batterySag: 0.67041015625
INFO: 2021-10-09 15:24:51 printStatus(175) -- Drogno_7: stand by		battery 4.04	pos -0.00 0.00 -0.00	yaw: -0.60	msg/s 0.0	link quality: 35	kalman var: 0.0 0.0 0.0	flight time: 4s	 batterySag: 0.67041015625
INFO: 2021-10-09 15:24:53 printStatus(175) -- Drogno_7: stand by		battery 4.04	pos -0.00 0.00 -0.00	yaw: -0.60	msg/s 0.0	link quality: 35	kalman var: 0.0 0.0 0.0	flight time: 4s	 batterySag: 0.67041015625
INFO: 2021-10-09 15:24:54 printStatus(175) -- Drogno_7: stand by		battery 4.04	pos -0.00 0.00 -0.00	yaw: -0.60	msg/s 0.0	link quality: 35	kalman var: 0.0 0.0 0.0	flight time: 4s	 batterySag: 0.67041015625
INFO: 2021-10-09 15:24:56 printStatus(175) -- Drogno_7: stand by		battery 4.04	pos -0.00 0.00 -0.00	yaw: -0.60	msg/s 0.0	link quality: 35	kalman var: 0.0 0.0 0.0	flight time: 4s	 batterySag: 0.67041015625
INFO: 2021-10-09 15:24:58 printStatus(175) -- Drogno_7: stand by		battery 4.04	pos -0.00 0.00 -0.00	yaw: -0.60	msg/s 0.0	link quality: 35	kalman var: 0.0 0.0 0.0	flight time: 4s	 batterySag: 0.67041015625
INFO: 2021-10-09 15:24:59 printStatus(175) -- Drogno_7: stand by		battery 4.04	pos -0.00 0.00 -0.00	yaw: -0.60	msg/s 0.0	link quality: 35	kalman var: 0.0 0.0 0.0	flight time: 4s	 batterySag: 0.67041015625
INFO: 2021-10-09 15:25:01 printStatus(175) -- Drogno_7: stand by		battery 4.04	pos -0.00 0.00 -0.00	yaw: -0.60	msg/s 0.0	link quality: 35	kalman var: 0.0 0.0 0.0	flight time: 4s	 batterySag: 0.67041015625
INFO: 2021-10-09 15:25:02 printStatus(175) -- Drogno_7: stand by		battery 4.04	pos -0.00 0.00 -0.00	yaw: -0.60	msg/s 0.0	link quality: 35	kalman var: 0.0 0.0 0.0	flight time: 4s	 batterySag: 0.67041015625
INFO: 2021-10-09 15:25:04 printStatus(175) -- Drogno_7: stand by		battery 4.04	pos -0.00 0.00 -0.00	yaw: -0.60	msg/s 0.0	link quality: 35	kalman var: 0.0 0.0 0.0	flight time: 4s	 batterySag: 0.67041015625
INFO: 2021-10-09 15:25:05 printStatus(175) -- Drogno_7: stand by		battery 4.04	pos -0.00 0.00 -0.00	yaw: -0.60	msg/s 0.0	link quality: 35	kalman var: 0.0 0.0 0.0	flight time: 4s	 batterySag: 0.67041015625
INFO: 2021-10-09 15:25:07 printStatus(175) -- Drogno_7: stand by		battery 4.04	pos -0.00 0.00 -0.00	yaw: -0.60	msg/s 0.0	link quality: 35	kalman var: 0.0 0.0 0.0	flight time: 4s	 batterySag: 0.67041015625
INFO: 2021-10-09 15:25:08 printStatus(175) -- Drogno_7: stand by		battery 4.04	pos -0.00 0.00 -0.00	yaw: -0.60	msg/s 0.0	link quality: 35	kalman var: 0.0 0.0 0.0	flight time: 4s	 batterySag: 0.67041015625
INFO: 2021-10-09 15:25:10 printStatus(175) -- Drogno_7: stand by		battery 4.04	pos -0.00 0.00 -0.00	yaw: -0.60	msg/s 0.0	link quality: 35	kalman var: 0.0 0.0 0.0	flight time: 4s	 batterySag: 0.67041015625
INFO: 2021-10-09 15:25:12 printStatus(175) -- Drogno_7: stand by		battery 4.04	pos -0.00 0.00 -0.00	yaw: -0.60	msg/s 0.0	link quality: 35	kalman var: 0.0 0.0 0.0	flight time: 4s	 batterySag: 0.67041015625
INFO: 2021-10-09 15:25:13 printStatus(175) -- Drogno_7: stand by		battery 4.04	pos -0.00 0.00 -0.00	yaw: -0.60	msg/s 0.0	link quality: 35	kalman var: 0.0 0.0 0.0	flight time: 4s	 batterySag: 0.67041015625
INFO: 2021-10-09 15:25:15 printStatus(175) -- Drogno_7: stand by		battery 4.04	pos -0.00 0.00 -0.00	yaw: -0.60	msg/s 0.0	link quality: 35	kalman var: 0.0 0.0 0.0	flight time: 4s	 batterySag: 0.67041015625
INFO: 2021-10-09 15:25:16 printStatus(175) -- Drogno_7: stand by		battery 4.04	pos -0.00 0.00 -0.00	yaw: -0.60	msg/s 0.0	link quality: 35	kalman var: 0.0 0.0 0.0	flight time: 4s	 batterySag: 0.67041015625
INFO: 2021-10-09 15:25:18 printStatus(175) -- Drogno_7: stand by		battery 4.04	pos -0.00 0.00 -0.00	yaw: -0.60	msg/s 0.0	link quality: 35	kalman var: 0.0 0.0 0.0	flight time: 4s	 batterySag: 0.67041015625
INFO: 2021-10-09 15:25:20 printStatus(175) -- Drogno_7: stand by		battery 4.04	pos -0.00 0.00 -0.00	yaw: -0.60	msg/s 0.0	link quality: 35	kalman var: 0.0 0.0 0.0	flight time: 4s	 batterySag: 0.67041015625
INFO: 2021-10-09 15:25:21 printStatus(175) -- Drogno_7: stand by		battery 4.04	pos -0.00 0.00 -0.00	yaw: -0.60	msg/s 0.0	link quality: 35	kalman var: 0.0 0.0 0.0	flight time: 4s	 batterySag: 0.67041015625
INFO: 2021-10-09 15:25:23 printStatus(175) -- Drogno_7: stand by		battery 4.04	pos -0.00 0.00 -0.00	yaw: -0.60	msg/s 0.0	link quality: 35	kalman var: 0.0 0.0 0.0	flight time: 4s	 batterySag: 0.67041015625
INFO: 2021-10-09 15:25:24 printStatus(175) -- Drogno_7: stand by		battery 4.04	pos -0.00 0.00 -0.00	yaw: -0.60	msg/s 0.0	link quality: 35	kalman var: 0.0 0.0 0.0	flight time: 4s	 batterySag: 0.67041015625
INFO: 2021-10-09 15:25:26 printStatus(175) -- Drogno_7: stand by		battery 4.04	pos -0.00 0.00 -0.00	yaw: -0.60	msg/s 0.0	link quality: 35	kalman var: 0.0 0.0 0.0	flight time: 4s	 batterySag: 0.67041015625
INFO: 2021-10-09 15:25:27 printStatus(175) -- Drogno_7: stand by		battery 4.04	pos -0.00 0.00 -0.00	yaw: -0.60	msg/s 0.0	link quality: 35	kalman var: 0.0 0.0 0.0	flight time: 4s	 batterySag: 0.67041015625
INFO: 2021-10-09 15:25:29 printStatus(175) -- Drogno_7: stand by		battery 4.04	pos -0.00 0.00 -0.00	yaw: -0.60	msg/s 0.0	link quality: 35	kalman var: 0.0 0.0 0.0	flight time: 4s	 batterySag: 0.67041015625
INFO: 2021-10-09 15:25:31 printStatus(175) -- Drogno_7: stand by		battery 4.04	pos -0.00 0.00 -0.00	yaw: -0.60	msg/s 0.0	link quality: 35	kalman var: 0.0 0.0 0.0	flight time: 4s	 batterySag: 0.67041015625
INFO: 2021-10-09 15:25:32 printStatus(175) -- Drogno_7: stand by		battery 4.04	pos -0.00 0.00 -0.00	yaw: -0.60	msg/s 0.0	link quality: 35	kalman var: 0.0 0.0 0.0	flight time: 4s	 batterySag: 0.67041015625
INFO: 2021-10-09 15:25:34 printStatus(175) -- Drogno_7: stand by		battery 4.04	pos -0.00 0.00 -0.00	yaw: -0.60	msg/s 0.0	link quality: 35	kalman var: 0.0 0.0 0.0	flight time: 4s	 batterySag: 0.67041015625
INFO: 2021-10-09 15:25:36 printStatus(175) -- Drogno_7: stand by		battery 4.04	pos -0.00 0.00 -0.00	yaw: -0.60	msg/s 0.0	link quality: 35	kalman var: 0.0 0.0 0.0	flight time: 4s	 batterySag: 0.67041015625
INFO: 2021-10-09 15:25:37 printStatus(175) -- Drogno_7: stand by		battery 4.04	pos -0.00 0.00 -0.00	yaw: -0.60	msg/s 0.0	link quality: 35	kalman var: 0.0 0.0 0.0	flight time: 4s	 batterySag: 0.67041015625
INFO: 2021-10-09 15:25:39 printStatus(175) -- Drogno_7: stand by		battery 4.04	pos -0.00 0.00 -0.00	yaw: -0.60	msg/s 0.0	link quality: 35	kalman var: 0.0 0.0 0.0	flight time: 4s	 batterySag: 0.67041015625
INFO: 2021-10-09 15:25:40 printStatus(175) -- Drogno_7: stand by		battery 4.04	pos -0.00 0.00 -0.00	yaw: -0.60	msg/s 0.0	link quality: 35	kalman var: 0.0 0.0 0.0	flight time: 4s	 batterySag: 0.67041015625
INFO: 2021-10-09 15:25:42 printStatus(175) -- Drogno_7: stand by		battery 4.04	pos -0.00 0.00 -0.00	yaw: -0.60	msg/s 0.0	link quality: 35	kalman var: 0.0 0.0 0.0	flight time: 4s	 batterySag: 0.67041015625
INFO: 2021-10-09 15:25:44 printStatus(175) -- Drogno_7: stand by		battery 4.04	pos -0.00 0.00 -0.00	yaw: -0.60	msg/s 0.0	link quality: 35	kalman var: 0.0 0.0 0.0	flight time: 4s	 batterySag: 0.67041015625
INFO: 2021-10-09 15:25:45 printStatus(175) -- Drogno_7: stand by		battery 4.04	pos -0.00 0.00 -0.00	yaw: -0.60	msg/s 0.0	link quality: 35	kalman var: 0.0 0.0 0.0	flight time: 4s	 batterySag: 0.67041015625
INFO: 2021-10-09 15:25:47 printStatus(175) -- Drogno_7: stand by		battery 4.04	pos -0.00 0.00 -0.00	yaw: -0.60	msg/s 0.0	link quality: 35	kalman var: 0.0 0.0 0.0	flight time: 4s	 batterySag: 0.67041015625
INFO: 2021-10-09 15:25:48 printStatus(175) -- Drogno_7: stand by		battery 4.04	pos -0.00 0.00 -0.00	yaw: -0.60	msg/s 0.0	link quality: 35	kalman var: 0.0 0.0 0.0	flight time: 4s	 batterySag: 0.67041015625
INFO: 2021-10-09 15:25:50 printStatus(175) -- Drogno_7: stand by		battery 4.04	pos -0.00 0.00 -0.00	yaw: -0.60	msg/s 0.0	link quality: 35	kalman var: 0.0 0.0 0.0	flight time: 4s	 batterySag: 0.67041015625
INFO: 2021-10-09 15:25:52 printStatus(175) -- Drogno_7: stand by		battery 4.04	pos -0.00 0.00 -0.00	yaw: -0.60	msg/s 0.0	link quality: 35	kalman var: 0.0 0.0 0.0	flight time: 4s	 batterySag: 0.67041015625
INFO: 2021-10-09 15:25:53 printStatus(175) -- Drogno_7: stand by		battery 4.04	pos -0.00 0.00 -0.00	yaw: -0.60	msg/s 0.0	link quality: 35	kalman var: 0.0 0.0 0.0	flight time: 4s	 batterySag: 0.67041015625
INFO: 2021-10-09 15:25:55 printStatus(175) -- Drogno_7: stand by		battery 4.04	pos -0.00 0.00 -0.00	yaw: -0.60	msg/s 0.0	link quality: 35	kalman var: 0.0 0.0 0.0	flight time: 4s	 batterySag: 0.67041015625
INFO: 2021-10-09 15:25:56 printStatus(175) -- Drogno_7: stand by		battery 4.04	pos -0.00 0.00 -0.00	yaw: -0.60	msg/s 0.0	link quality: 35	kalman var: 0.0 0.0 0.0	flight time: 4s	 batterySag: 0.67041015625
INFO: 2021-10-09 15:25:58 printStatus(175) -- Drogno_7: stand by		battery 4.04	pos -0.00 0.00 -0.00	yaw: -0.60	msg/s 0.0	link quality: 35	kalman var: 0.0 0.0 0.0	flight time: 4s	 batterySag: 0.67041015625
INFO: 2021-10-09 15:25:59 printStatus(175) -- Drogno_7: stand by		battery 4.04	pos -0.00 0.00 -0.00	yaw: -0.60	msg/s 0.0	link quality: 35	kalman var: 0.0 0.0 0.0	flight time: 4s	 batterySag: 0.67041015625
INFO: 2021-10-09 15:26:01 printStatus(175) -- Drogno_7: stand by		battery 4.04	pos -0.00 0.00 -0.00	yaw: -0.60	msg/s 0.0	link quality: 35	kalman var: 0.0 0.0 0.0	flight time: 4s	 batterySag: 0.67041015625
INFO: 2021-10-09 15:26:03 printStatus(175) -- Drogno_7: stand by		battery 4.04	pos -0.00 0.00 -0.00	yaw: -0.60	msg/s 0.0	link quality: 35	kalman var: 0.0 0.0 0.0	flight time: 4s	 batterySag: 0.67041015625
INFO: 2021-10-09 15:26:04 printStatus(175) -- Drogno_7: stand by		battery 4.04	pos -0.00 0.00 -0.00	yaw: -0.60	msg/s 0.0	link quality: 35	kalman var: 0.0 0.0 0.0	flight time: 4s	 batterySag: 0.67041015625
INFO: 2021-10-09 15:26:06 printStatus(175) -- Drogno_7: stand by		battery 4.04	pos -0.00 0.00 -0.00	yaw: -0.60	msg/s 0.0	link quality: 35	kalman var: 0.0 0.0 0.0	flight time: 4s	 batterySag: 0.67041015625
INFO: 2021-10-09 15:26:07 printStatus(175) -- Drogno_7: stand by		battery 4.04	pos -0.00 0.00 -0.00	yaw: -0.60	msg/s 0.0	link quality: 35	kalman var: 0.0 0.0 0.0	flight time: 4s	 batterySag: 0.67041015625
INFO: 2021-10-09 15:26:09 printStatus(175) -- Drogno_7: stand by		battery 4.04	pos -0.00 0.00 -0.00	yaw: -0.60	msg/s 0.0	link quality: 35	kalman var: 0.0 0.0 0.0	flight time: 4s	 batterySag: 0.67041015625
INFO: 2021-10-09 15:26:11 printStatus(175) -- Drogno_7: stand by		battery 4.04	pos -0.00 0.00 -0.00	yaw: -0.60	msg/s 0.0	link quality: 35	kalman var: 0.0 0.0 0.0	flight time: 4s	 batterySag: 0.67041015625
INFO: 2021-10-09 15:26:12 printStatus(175) -- Drogno_7: stand by		battery 4.04	pos -0.00 0.00 -0.00	yaw: -0.60	msg/s 0.0	link quality: 35	kalman var: 0.0 0.0 0.0	flight time: 4s	 batterySag: 0.67041015625
INFO: 2021-10-09 15:26:14 printStatus(175) -- Drogno_7: stand by		battery 4.04	pos -0.00 0.00 -0.00	yaw: -0.60	msg/s 0.0	link quality: 35	kalman var: 0.0 0.0 0.0	flight time: 4s	 batterySag: 0.67041015625
INFO: 2021-10-09 15:26:16 printStatus(175) -- Drogno_7: stand by		battery 4.04	pos -0.00 0.00 -0.00	yaw: -0.60	msg/s 0.0	link quality: 35	kalman var: 0.0 0.0 0.0	flight time: 4s	 batterySag: 0.67041015625
INFO: 2021-10-09 15:26:17 printStatus(175) -- Drogno_7: stand by		battery 4.04	pos -0.00 0.00 -0.00	yaw: -0.60	msg/s 0.0	link quality: 35	kalman var: 0.0 0.0 0.0	flight time: 4s	 batterySag: 0.67041015625
INFO: 2021-10-09 15:26:19 printStatus(175) -- Drogno_7: stand by		battery 4.04	pos -0.00 0.00 -0.00	yaw: -0.60	msg/s 0.0	link quality: 35	kalman var: 0.0 0.0 0.0	flight time: 4s	 batterySag: 0.67041015625
INFO: 2021-10-09 15:26:20 printStatus(175) -- Drogno_7: stand by		battery 4.04	pos -0.00 0.00 -0.00	yaw: -0.60	msg/s 0.0	link quality: 35	kalman var: 0.0 0.0 0.0	flight time: 4s	 batterySag: 0.67041015625
INFO: 2021-10-09 15:26:22 printStatus(175) -- Drogno_7: stand by		battery 4.04	pos -0.00 0.00 -0.00	yaw: -0.60	msg/s 0.0	link quality: 35	kalman var: 0.0 0.0 0.0	flight time: 4s	 batterySag: 0.67041015625
INFO: 2021-10-09 15:26:23 printStatus(175) -- Drogno_7: stand by		battery 4.04	pos -0.00 0.00 -0.00	yaw: -0.60	msg/s 0.0	link quality: 35	kalman var: 0.0 0.0 0.0	flight time: 4s	 batterySag: 0.67041015625
INFO: 2021-10-09 15:26:25 printStatus(175) -- Drogno_7: stand by		battery 4.04	pos -0.00 0.00 -0.00	yaw: -0.60	msg/s 0.0	link quality: 35	kalman var: 0.0 0.0 0.0	flight time: 4s	 batterySag: 0.67041015625
INFO: 2021-10-09 15:26:26 printStatus(175) -- Drogno_7: stand by		battery 4.04	pos -0.00 0.00 -0.00	yaw: -0.60	msg/s 0.0	link quality: 35	kalman var: 0.0 0.0 0.0	flight time: 4s	 batterySag: 0.67041015625
INFO: 2021-10-09 15:26:28 printStatus(175) -- Drogno_7: waking up		battery 4.04	pos -0.00 0.00 -0.00	yaw: -0.60	msg/s 0.0	link quality: 35	kalman var: 0.0 0.0 0.0	flight time: 4s	 batterySag: 0.67041015625
INFO: 2021-10-09 15:26:30 printStatus(175) -- Drogno_7: waking up		battery 4.04	pos -0.00 0.00 -0.00	yaw: -0.60	msg/s 0.0	link quality: 35	kalman var: 0.0 0.0 0.0	flight time: 4s	 batterySag: 0.67041015625
INFO: 2021-10-09 15:26:31 printStatus(175) -- Drogno_7: connecting		battery 4.04	pos -0.00 0.00 -0.00	yaw: -0.60	msg/s 0.0	link quality: 35	kalman var: 0.0 0.0 0.0	flight time: 4s	 batterySag: 0.67041015625
INFO: 2021-10-09 15:26:33 printStatus(175) -- Drogno_7: connecting		battery 4.04	pos -0.00 0.00 -0.00	yaw: -0.60	msg/s 0.0	link quality: 35	kalman var: 0.0 0.0 0.0	flight time: 4s	 batterySag: 0.67041015625
INFO: 2021-10-09 15:26:34 printStatus(175) -- Drogno_7: connecting		battery 4.04	pos -0.00 0.00 -0.00	yaw: -0.60	msg/s 0.0	link quality: 35	kalman var: 0.0 0.0 0.0	flight time: 4s	 batterySag: 0.67041015625
INFO: 2021-10-09 15:26:36 printStatus(175) -- Drogno_7: connecting		battery 4.04	pos -0.00 0.00 -0.00	yaw: -0.60	msg/s 0.0	link quality: 35	kalman var: 0.0 0.0 0.0	flight time: 4s	 batterySag: 0.67041015625
INFO: 2021-10-09 15:26:37 printStatus(175) -- Drogno_7: connecting		battery 4.04	pos -0.00 0.00 -0.00	yaw: -0.60	msg/s 0.0	link quality: 35	kalman var: 0.0 0.0 0.0	flight time: 4s	 batterySag: 0.67041015625
INFO: 2021-10-09 15:26:39 printStatus(175) -- Drogno_7: connecting		battery 4.04	pos -0.00 0.00 -0.00	yaw: -0.60	msg/s 0.0	link quality: 35	kalman var: 0.0 0.0 0.0	flight time: 4s	 batterySag: 0.67041015625
INFO: 2021-10-09 15:26:41 printStatus(175) -- Drogno_7: connecting		battery 4.04	pos -0.00 0.00 -0.00	yaw: -0.60	msg/s 0.0	link quality: 35	kalman var: 0.0 0.0 0.0	flight time: 4s	 batterySag: 0.67041015625
INFO: 2021-10-09 15:26:42 printStatus(175) -- Drogno_7: landed		battery 4.04	pos 0.00 -0.00 0.00	yaw: -0.60	msg/s 0.0	link quality: 35	kalman var: 0.0 0.0 0.0	flight time: 4s	 batterySag: 0.67041015625
INFO: 2021-10-09 15:26:44 printStatus(175) -- Drogno_7: landed		battery 4.04	pos 0.00 -0.00 0.00	yaw: -0.60	msg/s 0.0	link quality: 35	kalman var: 0.0 0.0 0.0	flight time: 4s	 batterySag: 0.67041015625
INFO: 2021-10-09 15:26:45 printStatus(175) -- Drogno_7: ready		battery 4.1	pos 0.62 0.24 -0.01	yaw: 5.39	msg/s 0.0	link quality: 48	kalman var: 0.001 0.001 0.0	flight time: 4s	 batterySag: 0.638671875
INFO: 2021-10-09 15:26:47 printStatus(175) -- Drogno_7: ready		battery 4.1	pos 0.62 0.24 -0.01	yaw: 6.11	msg/s 0.0	link quality: 47	kalman var: 0.0 0.0 0.0	flight time: 4s	 batterySag: 0.638671875
INFO: 2021-10-09 15:26:49 printStatus(175) -- Drogno_7: ready		battery 4.1	pos 0.62 0.24 -0.01	yaw: 6.12	msg/s 0.0	link quality: 48	kalman var: 0.0 0.0 0.0	flight time: 4s	 batterySag: 0.638671875
INFO: 2021-10-09 15:26:51 printStatus(175) -- Drogno_7: hovering		battery 4.1	pos 0.63 0.24 -0.01	yaw: 6.03	msg/s 0.0	link quality: 48	kalman var: 0.001 0.001 0.001	flight time: 4s	 batterySag: 0.638671875
INFO: 2021-10-09 15:26:52 printStatus(175) -- Drogno_7: ready		battery 3.76	pos 0.63 0.25 0.36	yaw: -0.53	msg/s 0.0	link quality: 54	kalman var: 0.0 0.0 0.0	flight time: 0s	 batterySag: 0.638671875
INFO: 2021-10-09 15:26:54 printStatus(175) -- Drogno_7: ready		battery 3.74	pos 0.62 0.25 0.87	yaw: -0.88	msg/s 0.0	link quality: 55	kalman var: 0.0 0.0 0.0	flight time: 2s	 batterySag: 0.638671875
INFO: 2021-10-09 15:26:56 printStatus(175) -- Drogno_7: ready		battery 3.72	pos 0.62 0.24 0.86	yaw: -0.10	msg/s 0.0	link quality: 56	kalman var: 0.001 0.001 0.001	flight time: 4s	 batterySag: 0.638671875
INFO: 2021-10-09 15:26:58 printStatus(175) -- Drogno_7: ready		battery 3.71	pos 0.63 0.24 0.85	yaw: -0.34	msg/s 0.0	link quality: 54	kalman var: 0.0 0.0 0.0	flight time: 6s	 batterySag: 0.638671875
INFO: 2021-10-09 15:27:00 printStatus(175) -- Drogno_7: ready		battery 3.7	pos 0.62 0.24 0.83	yaw: 0.42	msg/s 0.0	link quality: 43	kalman var: 0.0 0.0 0.0	flight time: 7s	 batterySag: 0.638671875
INFO: 2021-10-09 15:27:02 printStatus(175) -- Drogno_7: ready		battery 3.68	pos 0.62 0.24 0.82	yaw: 0.21	msg/s 0.0	link quality: 43	kalman var: 0.0 0.0 0.0	flight time: 9s	 batterySag: 0.638671875
INFO: 2021-10-09 15:27:03 printStatus(175) -- Drogno_7: ready		battery 3.68	pos 0.62 0.24 0.82	yaw: 0.34	msg/s 0.0	link quality: 43	kalman var: 0.0 0.0 0.0	flight time: 11s	 batterySag: 0.638671875
INFO: 2021-10-09 15:27:05 printStatus(175) -- Drogno_7: ready		battery 3.67	pos 0.62 0.24 0.81	yaw: 0.50	msg/s 0.0	link quality: 42	kalman var: 0.0 0.0 0.0	flight time: 13s	 batterySag: 0.638671875
INFO: 2021-10-09 15:27:06 printStatus(175) -- Drogno_7: ready		battery 3.66	pos 0.62 0.24 0.80	yaw: 0.27	msg/s 0.0	link quality: 42	kalman var: 0.001 0.001 0.001	flight time: 14s	 batterySag: 0.638671875
INFO: 2021-10-09 15:27:08 printStatus(175) -- Drogno_7: ready		battery 3.66	pos 0.62 0.24 0.80	yaw: 1.20	msg/s 0.0	link quality: 43	kalman var: 0.0 0.0 0.0	flight time: 16s	 batterySag: 0.638671875
INFO: 2021-10-09 15:27:10 printStatus(175) -- Drogno_7: ready		battery 3.66	pos 0.62 0.23 0.80	yaw: 0.81	msg/s 0.0	link quality: 44	kalman var: 0.0 0.0 0.0	flight time: 17s	 batterySag: 0.638671875
INFO: 2021-10-09 15:27:11 printStatus(175) -- Drogno_7: ready		battery 3.65	pos 0.62 0.24 0.80	yaw: -0.10	msg/s 0.0	link quality: 43	kalman var: 0.0 0.0 0.0	flight time: 19s	 batterySag: 0.638671875
INFO: 2021-10-09 15:27:13 printStatus(175) -- Drogno_7: ready		battery 3.65	pos 0.62 0.24 0.80	yaw: -0.15	msg/s 0.0	link quality: 44	kalman var: 0.0 0.0 0.001	flight time: 21s	 batterySag: 0.638671875
INFO: 2021-10-09 15:27:14 printStatus(175) -- Drogno_7: ready		battery 3.64	pos 0.62 0.24 0.80	yaw: -0.53	msg/s 0.0	link quality: 42	kalman var: 0.0 0.0 0.0	flight time: 22s	 batterySag: 0.638671875
INFO: 2021-10-09 15:27:16 printStatus(175) -- Drogno_7: ready		battery 3.64	pos 0.62 0.25 0.80	yaw: -0.64	msg/s 0.0	link quality: 42	kalman var: 0.0 0.0 0.0	flight time: 24s	 batterySag: 0.638671875
INFO: 2021-10-09 15:27:18 printStatus(175) -- Drogno_7: ready		battery 3.64	pos 0.62 0.24 0.80	yaw: -0.01	msg/s 0.0	link quality: 42	kalman var: 0.0 0.0 0.0	flight time: 25s	 batterySag: 0.638671875
INFO: 2021-10-09 15:27:19 printStatus(175) -- Drogno_7: ready		battery 3.63	pos 0.62 0.24 0.80	yaw: 0.87	msg/s 0.0	link quality: 42	kalman var: 0.0 0.0 0.0	flight time: 27s	 batterySag: 0.638671875
INFO: 2021-10-09 15:27:21 printStatus(175) -- Drogno_7: ready		battery 3.63	pos 0.62 0.24 0.80	yaw: 0.18	msg/s 0.0	link quality: 42	kalman var: 0.0 0.0 0.0	flight time: 29s	 batterySag: 0.638671875
INFO: 2021-10-09 15:27:22 printStatus(175) -- Drogno_7: ready		battery 3.62	pos 0.62 0.24 0.80	yaw: -0.65	msg/s 0.0	link quality: 43	kalman var: 0.0 0.0 0.0	flight time: 30s	 batterySag: 0.638671875
INFO: 2021-10-09 15:27:24 printStatus(175) -- Drogno_7: ready		battery 3.62	pos 0.62 0.24 0.80	yaw: -0.88	msg/s 0.0	link quality: 42	kalman var: 0.0 0.0 0.0	flight time: 32s	 batterySag: 0.638671875
INFO: 2021-10-09 15:27:25 printStatus(175) -- Drogno_7: ready		battery 3.62	pos 0.62 0.24 0.81	yaw: -0.78	msg/s 0.0	link quality: 42	kalman var: 0.0 0.0 0.0	flight time: 33s	 batterySag: 0.638671875
INFO: 2021-10-09 15:27:27 printStatus(175) -- Drogno_7: ready		battery 3.62	pos 0.62 0.24 0.80	yaw: -0.15	msg/s 0.0	link quality: 42	kalman var: 0.0 0.0 0.0	flight time: 35s	 batterySag: 0.638671875
INFO: 2021-10-09 15:27:29 printStatus(175) -- Drogno_7: ready		battery 3.61	pos 0.63 0.24 0.80	yaw: -0.23	msg/s 0.0	link quality: 44	kalman var: 0.0 0.0 0.0	flight time: 37s	 batterySag: 0.638671875
INFO: 2021-10-09 15:27:30 printStatus(175) -- Drogno_7: ready		battery 3.61	pos 0.62 0.24 0.80	yaw: 0.73	msg/s 0.0	link quality: 43	kalman var: 0.0 0.0 0.0	flight time: 38s	 batterySag: 0.638671875
INFO: 2021-10-09 15:27:32 printStatus(175) -- Drogno_7: ready		battery 3.6	pos 0.62 0.23 0.80	yaw: 1.74	msg/s 0.0	link quality: 42	kalman var: 0.0 0.0 0.0	flight time: 40s	 batterySag: 0.638671875
INFO: 2021-10-09 15:27:34 printStatus(175) -- Drogno_7: ready		battery 3.6	pos 0.63 0.24 0.80	yaw: 0.75	msg/s 0.0	link quality: 44	kalman var: 0.0 0.0 0.0	flight time: 42s	 batterySag: 0.638671875
INFO: 2021-10-09 15:27:36 printStatus(175) -- Drogno_7: ready		battery 3.59	pos 0.63 0.24 0.80	yaw: 0.37	msg/s 0.0	link quality: 44	kalman var: 0.0 0.0 0.0	flight time: 44s	 batterySag: 0.638671875
INFO: 2021-10-09 15:27:38 printStatus(175) -- Drogno_7: ready		battery 3.59	pos 0.63 0.24 0.80	yaw: -0.93	msg/s 0.0	link quality: 45	kalman var: 0.0 0.0 0.0	flight time: 45s	 batterySag: 0.638671875
INFO: 2021-10-09 15:27:39 printStatus(175) -- Drogno_7: ready		battery 3.59	pos 0.61 0.23 0.80	yaw: -0.18	msg/s 0.0	link quality: 42	kalman var: 0.0 0.0 0.0	flight time: 47s	 batterySag: 0.638671875
INFO: 2021-10-09 15:27:41 printStatus(175) -- Drogno_7: ready		battery 3.58	pos 0.62 0.23 0.81	yaw: 0.63	msg/s 0.0	link quality: 42	kalman var: 0.0 0.0 0.0	flight time: 49s	 batterySag: 0.638671875
INFO: 2021-10-09 15:27:43 printStatus(175) -- Drogno_7: ready		battery 3.58	pos 0.62 0.23 0.80	yaw: 1.12	msg/s 0.0	link quality: 43	kalman var: 0.0 0.0 0.0	flight time: 51s	 batterySag: 0.638671875
INFO: 2021-10-09 15:27:44 printStatus(175) -- Drogno_7: ready		battery 3.58	pos 0.62 0.24 0.80	yaw: 0.51	msg/s 0.0	link quality: 43	kalman var: 0.0 0.0 0.0	flight time: 52s	 batterySag: 0.638671875
INFO: 2021-10-09 15:27:46 printStatus(175) -- Drogno_7: ready		battery 3.57	pos 0.62 0.24 0.80	yaw: 0.18	msg/s 0.0	link quality: 43	kalman var: 0.0 0.0 0.0	flight time: 54s	 batterySag: 0.638671875
INFO: 2021-10-09 15:27:48 printStatus(175) -- Drogno_7: ready		battery 3.57	pos 0.62 0.24 0.80	yaw: 0.48	msg/s 0.0	link quality: 42	kalman var: 0.0 0.0 0.0	flight time: 55s	 batterySag: 0.638671875
INFO: 2021-10-09 15:27:49 printStatus(175) -- Drogno_7: ready		battery 3.56	pos 0.63 0.25 0.80	yaw: 0.33	msg/s 0.0	link quality: 42	kalman var: 0.0 0.0 0.0	flight time: 57s	 batterySag: 0.638671875
INFO: 2021-10-09 15:27:51 printStatus(175) -- Drogno_7: ready		battery 3.56	pos 0.63 0.25 0.80	yaw: -0.34	msg/s 0.0	link quality: 42	kalman var: 0.0 0.0 0.0	flight time: 59s	 batterySag: 0.638671875
INFO: 2021-10-09 15:27:52 printStatus(175) -- Drogno_7: ready		battery 3.56	pos 0.62 0.24 0.80	yaw: -0.95	msg/s 0.0	link quality: 43	kalman var: 0.0 0.0 0.0	flight time: 60s	 batterySag: 0.638671875
INFO: 2021-10-09 15:27:54 printStatus(175) -- Drogno_7: ready		battery 3.56	pos 0.62 0.24 0.80	yaw: -1.95	msg/s 0.0	link quality: 43	kalman var: 0.001 0.001 0.001	flight time: 62s	 batterySag: 0.638671875
INFO: 2021-10-09 15:27:56 printStatus(175) -- Drogno_7: ready		battery 3.55	pos 0.62 0.24 0.80	yaw: -2.32	msg/s 0.0	link quality: 42	kalman var: 0.0 0.0 0.0	flight time: 63s	 batterySag: 0.638671875
INFO: 2021-10-09 15:27:57 printStatus(175) -- Drogno_7: ready		battery 3.55	pos 0.62 0.24 0.80	yaw: -0.78	msg/s 0.0	link quality: 42	kalman var: 0.001 0.001 0.001	flight time: 65s	 batterySag: 0.638671875
INFO: 2021-10-09 15:27:59 printStatus(175) -- Drogno_7: ready		battery 3.55	pos 0.63 0.23 0.80	yaw: -0.03	msg/s 0.0	link quality: 46	kalman var: 0.0 0.0 0.0	flight time: 67s	 batterySag: 0.638671875
INFO: 2021-10-09 15:28:01 printStatus(175) -- Drogno_7: ready		battery 3.54	pos 0.63 0.23 0.80	yaw: 0.21	msg/s 0.0	link quality: 51	kalman var: 0.0 0.0 0.0	flight time: 69s	 batterySag: 0.638671875
INFO: 2021-10-09 15:28:02 printStatus(175) -- Drogno_7: ready		battery 3.54	pos 0.63 0.24 0.80	yaw: -0.78	msg/s 0.0	link quality: 44	kalman var: 0.0 0.0 0.0	flight time: 70s	 batterySag: 0.638671875
INFO: 2021-10-09 15:28:04 printStatus(175) -- Drogno_7: ready		battery 3.54	pos 0.62 0.25 0.79	yaw: 0.30	msg/s 0.0	link quality: 42	kalman var: 0.0 0.0 0.0	flight time: 72s	 batterySag: 0.638671875
INFO: 2021-10-09 15:28:06 printStatus(175) -- Drogno_7: ready		battery 3.53	pos 0.62 0.24 0.80	yaw: 1.18	msg/s 0.0	link quality: 43	kalman var: 0.0 0.0 0.0	flight time: 74s	 batterySag: 0.638671875
INFO: 2021-10-09 15:28:08 printStatus(175) -- Drogno_7: ready		battery 3.53	pos 0.62 0.24 0.80	yaw: 1.40	msg/s 0.0	link quality: 41	kalman var: 0.0 0.0 0.0	flight time: 75s	 batterySag: 0.638671875
INFO: 2021-10-09 15:28:09 printStatus(175) -- Drogno_7: ready		battery 3.53	pos 0.62 0.24 0.80	yaw: 1.41	msg/s 0.0	link quality: 42	kalman var: 0.0 0.0 0.0	flight time: 77s	 batterySag: 0.638671875
INFO: 2021-10-09 15:28:11 printStatus(175) -- Drogno_7: ready		battery 3.53	pos 0.61 0.24 0.80	yaw: 1.20	msg/s 0.0	link quality: 42	kalman var: 0.0 0.0 0.0	flight time: 79s	 batterySag: 0.638671875
INFO: 2021-10-09 15:28:12 printStatus(175) -- Drogno_7: ready		battery 3.52	pos 0.62 0.23 0.80	yaw: 0.86	msg/s 0.0	link quality: 44	kalman var: 0.0 0.0 0.0	flight time: 80s	 batterySag: 0.638671875
INFO: 2021-10-09 15:28:14 printStatus(175) -- Drogno_7: ready		battery 3.52	pos 0.62 0.24 0.80	yaw: 0.93	msg/s 0.0	link quality: 44	kalman var: 0.001 0.001 0.001	flight time: 82s	 batterySag: 0.638671875
INFO: 2021-10-09 15:28:15 printStatus(175) -- Drogno_7: ready		battery 3.52	pos 0.62 0.24 0.80	yaw: 0.86	msg/s 0.0	link quality: 43	kalman var: 0.0 0.0 0.0	flight time: 83s	 batterySag: 0.638671875
INFO: 2021-10-09 15:28:17 printStatus(175) -- Drogno_7: ready		battery 3.52	pos 0.63 0.24 0.80	yaw: -1.13	msg/s 0.0	link quality: 44	kalman var: 0.0 0.0 0.0	flight time: 85s	 batterySag: 0.638671875
INFO: 2021-10-09 15:28:18 printStatus(175) -- Drogno_7: ready		battery 3.52	pos 0.62 0.24 0.81	yaw: -0.29	msg/s 0.0	link quality: 41	kalman var: 0.0 0.0 0.0	flight time: 86s	 batterySag: 0.638671875
INFO: 2021-10-09 15:28:20 printStatus(175) -- Drogno_7: ready		battery 3.51	pos 0.62 0.24 0.80	yaw: -0.90	msg/s 0.0	link quality: 44	kalman var: 0.0 0.0 0.0	flight time: 88s	 batterySag: 0.638671875
INFO: 2021-10-09 15:28:22 printStatus(175) -- Drogno_7: ready		battery 3.51	pos 0.62 0.23 0.80	yaw: -2.13	msg/s 0.0	link quality: 45	kalman var: 0.0 0.0 0.0	flight time: 89s	 batterySag: 0.638671875
INFO: 2021-10-09 15:28:23 printStatus(175) -- Drogno_7: ready		battery 3.51	pos 0.62 0.24 0.80	yaw: -1.39	msg/s 0.0	link quality: 43	kalman var: 0.0 0.0 0.0	flight time: 91s	 batterySag: 0.638671875
INFO: 2021-10-09 15:28:25 printStatus(175) -- Drogno_7: ready		battery 3.51	pos 0.62 0.24 0.80	yaw: -0.23	msg/s 0.0	link quality: 42	kalman var: 0.0 0.0 0.0	flight time: 93s	 batterySag: 0.638671875
INFO: 2021-10-09 15:28:26 printStatus(175) -- Drogno_7: ready		battery 3.51	pos 0.62 0.24 0.80	yaw: -0.41	msg/s 0.0	link quality: 42	kalman var: 0.0 0.0 0.0	flight time: 94s	 batterySag: 0.638671875
INFO: 2021-10-09 15:28:28 printStatus(175) -- Drogno_7: ready		battery 3.5	pos 0.62 0.24 0.80	yaw: 0.73	msg/s 0.0	link quality: 42	kalman var: 0.0 0.0 0.0	flight time: 96s	 batterySag: 0.638671875
INFO: 2021-10-09 15:28:29 printStatus(175) -- Drogno_7: ready		battery 3.49	pos 0.62 0.24 0.79	yaw: -0.18	msg/s 0.0	link quality: 43	kalman var: 0.0 0.0 0.0	flight time: 97s	 batterySag: 0.638671875
INFO: 2021-10-09 15:28:31 printStatus(175) -- Drogno_7: ready		battery 3.49	pos 0.62 0.24 0.80	yaw: -0.13	msg/s 0.0	link quality: 42	kalman var: 0.0 0.0 0.0	flight time: 99s	 batterySag: 0.638671875
INFO: 2021-10-09 15:28:33 printStatus(175) -- Drogno_7: ready		battery 3.49	pos 0.62 0.24 0.80	yaw: -0.22	msg/s 0.0	link quality: 41	kalman var: 0.001 0.001 0.001	flight time: 100s	 batterySag: 0.638671875
INFO: 2021-10-09 15:28:34 printStatus(175) -- Drogno_7: ready		battery 3.49	pos 0.62 0.24 0.80	yaw: 0.92	msg/s 0.0	link quality: 43	kalman var: 0.0 0.0 0.0	flight time: 102s	 batterySag: 0.638671875
INFO: 2021-10-09 15:28:36 printStatus(175) -- Drogno_7: ready		battery 3.49	pos 0.62 0.24 0.80	yaw: 1.17	msg/s 0.0	link quality: 43	kalman var: 0.0 0.0 0.0	flight time: 104s	 batterySag: 0.638671875
INFO: 2021-10-09 15:28:38 printStatus(175) -- Drogno_7: ready		battery 3.49	pos 0.62 0.24 0.80	yaw: 0.72	msg/s 0.0	link quality: 41	kalman var: 0.0 0.0 0.0	flight time: 105s	 batterySag: 0.638671875
INFO: 2021-10-09 15:28:39 printStatus(175) -- Drogno_7: ready		battery 3.48	pos 0.62 0.24 0.80	yaw: -0.78	msg/s 0.0	link quality: 42	kalman var: 0.0 0.0 0.0	flight time: 107s	 batterySag: 0.638671875
INFO: 2021-10-09 15:28:41 printStatus(175) -- Drogno_7: ready		battery 3.48	pos 0.62 0.23 0.80	yaw: -1.06	msg/s 0.0	link quality: 44	kalman var: 0.0 0.0 0.0	flight time: 109s	 batterySag: 0.638671875
INFO: 2021-10-09 15:28:42 printStatus(175) -- Drogno_7: ready		battery 3.48	pos 0.62 0.23 0.80	yaw: -0.93	msg/s 0.0	link quality: 43	kalman var: 0.0 0.0 0.0	flight time: 110s	 batterySag: 0.638671875
INFO: 2021-10-09 15:28:44 printStatus(175) -- Drogno_7: ready		battery 3.48	pos 0.62 0.24 0.80	yaw: -1.31	msg/s 0.0	link quality: 42	kalman var: 0.0 0.0 0.0	flight time: 112s	 batterySag: 0.638671875
INFO: 2021-10-09 15:28:46 printStatus(175) -- Drogno_7: ready		battery 3.47	pos 0.60 0.23 0.80	yaw: -0.96	msg/s 0.0	link quality: 42	kalman var: 0.0 0.0 0.0	flight time: 113s	 batterySag: 0.638671875
INFO: 2021-10-09 15:28:47 printStatus(175) -- Drogno_7: ready		battery 3.47	pos 0.62 0.24 0.80	yaw: -0.18	msg/s 0.0	link quality: 43	kalman var: 0.0 0.0 0.0	flight time: 115s	 batterySag: 0.638671875
INFO: 2021-10-09 15:28:49 printStatus(175) -- Drogno_7: ready		battery 3.47	pos 0.62 0.24 0.80	yaw: 0.29	msg/s 0.0	link quality: 42	kalman var: 0.0 0.0 0.0	flight time: 117s	 batterySag: 0.638671875
INFO: 2021-10-09 15:28:50 printStatus(175) -- Drogno_7: ready		battery 3.47	pos 0.63 0.24 0.80	yaw: 1.07	msg/s 0.0	link quality: 44	kalman var: 0.0 0.0 0.0	flight time: 118s	 batterySag: 0.638671875
INFO: 2021-10-09 15:28:52 printStatus(175) -- Drogno_7: ready		battery 3.47	pos 0.62 0.24 0.80	yaw: 0.87	msg/s 0.0	link quality: 44	kalman var: 0.0 0.0 0.0	flight time: 120s	 batterySag: 0.638671875
INFO: 2021-10-09 15:28:53 printStatus(175) -- Drogno_7: ready		battery 3.47	pos 0.63 0.24 0.80	yaw: 0.70	msg/s 0.0	link quality: 47	kalman var: 0.0 0.0 0.0	flight time: 121s	 batterySag: 0.638671875
INFO: 2021-10-09 15:28:55 printStatus(175) -- Drogno_7: ready		battery 3.46	pos 0.62 0.24 0.80	yaw: 0.96	msg/s 0.0	link quality: 41	kalman var: 0.0 0.0 0.0	flight time: 123s	 batterySag: 0.638671875
INFO: 2021-10-09 15:28:57 printStatus(175) -- Drogno_7: ready		battery 3.46	pos 0.62 0.24 0.80	yaw: 0.94	msg/s 0.0	link quality: 42	kalman var: 0.0 0.0 0.0	flight time: 124s	 batterySag: 0.638671875
INFO: 2021-10-09 15:28:58 printStatus(175) -- Drogno_7: ready		battery 3.46	pos 0.62 0.23 0.80	yaw: -0.20	msg/s 0.0	link quality: 45	kalman var: 0.0 0.0 0.0	flight time: 126s	 batterySag: 0.638671875
INFO: 2021-10-09 15:29:00 printStatus(175) -- Drogno_7: ready		battery 3.46	pos 0.62 0.24 0.80	yaw: -0.16	msg/s 0.0	link quality: 42	kalman var: 0.0 0.0 0.0	flight time: 128s	 batterySag: 0.638671875
INFO: 2021-10-09 15:29:01 printStatus(175) -- Drogno_7: ready		battery 3.45	pos 0.62 0.24 0.79	yaw: 0.30	msg/s 0.0	link quality: 42	kalman var: 0.0 0.0 0.0	flight time: 129s	 batterySag: 0.638671875
INFO: 2021-10-09 15:29:03 printStatus(175) -- Drogno_7: ready		battery 3.45	pos 0.62 0.24 0.80	yaw: 0.02	msg/s 0.0	link quality: 43	kalman var: 0.0 0.0 0.0	flight time: 131s	 batterySag: 0.638671875
INFO: 2021-10-09 15:29:05 printStatus(175) -- Drogno_7: ready		battery 3.45	pos 0.62 0.23 0.80	yaw: -0.32	msg/s 0.0	link quality: 44	kalman var: 0.0 0.0 0.0	flight time: 133s	 batterySag: 0.638671875
INFO: 2021-10-09 15:29:06 printStatus(175) -- Drogno_7: ready		battery 3.45	pos 0.62 0.24 0.80	yaw: -0.58	msg/s 0.0	link quality: 43	kalman var: 0.0 0.0 0.0	flight time: 134s	 batterySag: 0.638671875
INFO: 2021-10-09 15:29:08 printStatus(175) -- Drogno_7: ready		battery 3.45	pos 0.62 0.23 0.80	yaw: -1.13	msg/s 0.0	link quality: 44	kalman var: 0.0 0.0 0.0	flight time: 136s	 batterySag: 0.638671875
INFO: 2021-10-09 15:29:09 printStatus(175) -- Drogno_7: ready		battery 3.45	pos 0.61 0.24 0.80	yaw: -1.64	msg/s 0.0	link quality: 41	kalman var: 0.0 0.0 0.0	flight time: 137s	 batterySag: 0.638671875
INFO: 2021-10-09 15:29:11 printStatus(175) -- Drogno_7: ready		battery 3.44	pos 0.63 0.24 0.80	yaw: -0.99	msg/s 0.0	link quality: 48	kalman var: 0.0 0.0 0.0	flight time: 139s	 batterySag: 0.638671875
INFO: 2021-10-09 15:29:13 printStatus(175) -- Drogno_7: ready		battery 3.44	pos 0.62 0.24 0.80	yaw: -0.35	msg/s 0.0	link quality: 44	kalman var: 0.0 0.0 0.0	flight time: 141s	 batterySag: 0.638671875
INFO: 2021-10-09 15:29:14 printStatus(175) -- Drogno_7: ready		battery 3.44	pos 0.61 0.24 0.80	yaw: 0.55	msg/s 0.0	link quality: 41	kalman var: 0.0 0.0 0.0	flight time: 142s	 batterySag: 0.638671875
INFO: 2021-10-09 15:29:16 printStatus(175) -- Drogno_7: ready		battery 3.44	pos 0.62 0.24 0.80	yaw: 1.23	msg/s 0.0	link quality: 42	kalman var: 0.0 0.0 0.0	flight time: 144s	 batterySag: 0.638671875
INFO: 2021-10-09 15:29:17 printStatus(175) -- Drogno_7: ready		battery 3.44	pos 0.62 0.24 0.80	yaw: 1.36	msg/s 0.0	link quality: 42	kalman var: 0.0 0.0 0.0	flight time: 145s	 batterySag: 0.638671875
INFO: 2021-10-09 15:29:19 printStatus(175) -- Drogno_7: ready		battery 3.43	pos 0.62 0.24 0.80	yaw: 0.59	msg/s 0.0	link quality: 42	kalman var: 0.0 0.0 0.0	flight time: 147s	 batterySag: 0.638671875
INFO: 2021-10-09 15:29:20 printStatus(175) -- Drogno_7: ready		battery 3.43	pos 0.62 0.24 0.80	yaw: 0.49	msg/s 0.0	link quality: 43	kalman var: 0.0 0.0 0.0	flight time: 148s	 batterySag: 0.638671875
INFO: 2021-10-09 15:29:22 printStatus(175) -- Drogno_7: ready		battery 3.43	pos 0.62 0.23 0.80	yaw: 0.26	msg/s 0.0	link quality: 44	kalman var: 0.0 0.0 0.0	flight time: 150s	 batterySag: 0.638671875
