INFO: 11-10-2021 23:25:12 __init__(130) -- This is dronelog running on Drogno_7
INFO: 11-10-2021 23:25:13 printStatus(166) -- Started
INFO: 11-10-2021 23:25:14 printStatus(169) -- Drogno_7: connecting	battery: n.p.	kalman var: 0 0 0	 batterySag: 0	link quality: 0	flight time: 0s	pos 0.00 0.00 0.00	yaw: 0.00	msg/s 0.0
INFO: 11-10-2021 23:25:15 printStatus(169) -- Drogno_7: connecting	battery: n.p.	kalman var: 0 0 0	 batterySag: 0	link quality: 0	flight time: 0s	pos 0.00 0.00 0.00	yaw: 0.00	msg/s 0.0
INFO: 11-10-2021 23:25:16 printStatus(169) -- Drogno_7: connecting	battery: n.p.	kalman var: 0 0 0	 batterySag: 0	link quality: 0	flight time: 0s	pos 0.00 0.00 0.00	yaw: 0.00	msg/s 0.0
INFO: 11-10-2021 23:25:18 printStatus(169) -- Drogno_7: connecting	battery: n.p.	kalman var: 0 0 0	 batterySag: 0	link quality: 0	flight time: 0s	pos 0.00 0.00 0.00	yaw: 0.00	msg/s 0.0
INFO: 11-10-2021 23:25:19 printStatus(169) -- Drogno_7: connecting	battery: n.p.	kalman var: 0 0 0	 batterySag: 0	link quality: 0	flight time: 0s	pos 0.00 0.00 0.00	yaw: 0.00	msg/s 0.0
INFO: 11-10-2021 23:25:20 printStatus(169) -- Drogno_7: landed	battery: n.p.	kalman var: 0 0 0	 batterySag: 0	link quality: 0	flight time: 0s	pos 0.00 0.00 0.00	yaw: 0.00	msg/s 0.0
INFO: 11-10-2021 23:25:22 printStatus(169) -- Drogno_7: landed	battery: n.p.	kalman var: 0 0 0	 batterySag: 0	link quality: 0	flight time: 0s	pos 0.00 0.00 0.00	yaw: 0.00	msg/s 0.0
INFO: 11-10-2021 23:25:23 printStatus(169) -- Drogno_7: ready	battery: 4.14	kalman var: 0.009 0.009 0.001	 batterySag: 0.808	link quality: 49	flight time: 0s	pos -0.05 0.04 0.00	yaw: 1.79	msg/s 0.0
INFO: 11-10-2021 23:25:25 printStatus(169) -- Drogno_7: BAD kalman	battery: 4.14	kalman var: 0.04 0.04 0.002	 batterySag: 0.808	link quality: 49	flight time: 0s	pos -0.21 0.18 0.00	yaw: 1.74	msg/s 0.0
INFO: 11-10-2021 23:25:26 printStatus(169) -- Drogno_7: BAD kalman	battery: 4.14	kalman var: 0.093 0.093 0.003	 batterySag: 0.808	link quality: 49	flight time: 0s	pos -0.58 -0.85 0.01	yaw: 1.80	msg/s 0.0
INFO: 11-10-2021 23:25:27 printStatus(169) -- Drogno_7: ready	battery: 4.14	kalman var: 0.003 0.003 0.001	 batterySag: 0.808	link quality: 49	flight time: 0s	pos -0.38 -1.03 0.01	yaw: 1.90	msg/s 0.0
INFO: 11-10-2021 23:25:28 printStatus(169) -- Drogno_7: ready	battery: 4.14	kalman var: 0.004 0.004 0.001	 batterySag: 0.808	link quality: 49	flight time: 0s	pos -0.39 -1.02 0.01	yaw: 1.91	msg/s 0.0
INFO: 11-10-2021 23:25:30 printStatus(169) -- Drogno_7: ready	battery: 4.14	kalman var: 0.003 0.003 0.001	 batterySag: 0.808	link quality: 49	flight time: 0s	pos -0.39 -1.02 0.01	yaw: 1.92	msg/s 0.0
INFO: 11-10-2021 23:25:31 printStatus(169) -- Drogno_7: BAD kalman	battery: 4.14	kalman var: 0.01 0.01 0.003	 batterySag: 0.808	link quality: 49	flight time: 0s	pos -0.43 -0.99 0.02	yaw: 1.87	msg/s 0.0
INFO: 11-10-2021 23:25:32 printStatus(169) -- Drogno_7: BAD kalman	battery: 4.14	kalman var: 0.024 0.024 0.004	 batterySag: 0.808	link quality: 49	flight time: 0s	pos -0.49 -0.93 0.03	yaw: 1.89	msg/s 0.0
INFO: 11-10-2021 23:25:33 printStatus(169) -- Drogno_7: BAD kalman	battery: 4.14	kalman var: 0.045 0.045 0.005	 batterySag: 0.808	link quality: 49	flight time: 0s	pos -0.59 -0.84 0.05	yaw: 1.85	msg/s 0.0
INFO: 11-10-2021 23:25:34 printStatus(169) -- Drogno_7: BAD kalman	battery: 4.14	kalman var: 0.122 0.122 0.007	 batterySag: 0.808	link quality: 49	flight time: 0s	pos -0.90 -0.54 0.09	yaw: 1.87	msg/s 0.0
INFO: 11-10-2021 23:25:36 printStatus(169) -- Drogno_7: BAD kalman	battery: 4.14	kalman var: 0.012 0.012 0.002	 batterySag: 0.808	link quality: 49	flight time: 0s	pos -0.38 -1.03 0.01	yaw: 1.87	msg/s 0.0
INFO: 11-10-2021 23:25:37 printStatus(169) -- Drogno_7: BAD kalman	battery: 4.14	kalman var: 0.028 0.028 0.003	 batterySag: 0.808	link quality: 49	flight time: 0s	pos -0.42 -0.99 0.02	yaw: 1.87	msg/s 0.0
INFO: 11-10-2021 23:25:38 printStatus(169) -- Drogno_7: BAD kalman	battery: 4.14	kalman var: 0.054 0.054 0.004	 batterySag: 0.808	link quality: 49	flight time: 0s	pos -0.49 -0.93 0.03	yaw: 1.90	msg/s 0.0
INFO: 11-10-2021 23:25:39 printStatus(169) -- Drogno_7: BAD kalman	battery: 4.14	kalman var: 0.091 0.091 0.005	 batterySag: 0.808	link quality: 49	flight time: 0s	pos -0.59 -0.84 0.04	yaw: 1.87	msg/s 0.0
INFO: 11-10-2021 23:25:40 printStatus(169) -- Drogno_7: BAD kalman	battery: 4.14	kalman var: 0.142 0.142 0.006	 batterySag: 0.808	link quality: 48	flight time: 0s	pos -0.72 -0.71 0.06	yaw: 1.86	msg/s 0.0
INFO: 11-10-2021 23:25:41 printStatus(169) -- Drogno_7: BAD kalman	battery: 4.14	kalman var: 0.293 0.293 0.008	 batterySag: 0.808	link quality: 49	flight time: 0s	pos -1.15 -0.30 0.10	yaw: 1.83	msg/s 0.0
INFO: 11-10-2021 23:25:43 printStatus(169) -- Drogno_7: BAD kalman	battery: 4.14	kalman var: 0.398 0.398 0.01	 batterySag: 0.808	link quality: 51	flight time: 0s	pos -1.45 -0.03 0.12	yaw: 1.80	msg/s 0.0
INFO: 11-10-2021 23:25:44 printStatus(169) -- Drogno_7: ready	battery: 4.14	kalman var: 0.0 0.0 0.0	 batterySag: 0.808	link quality: 49	flight time: 0s	pos -0.39 -1.04 0.01	yaw: -3.57	msg/s 0.0
INFO: 11-10-2021 23:25:45 printStatus(169) -- Drogno_7: ready	battery: 4.14	kalman var: 0.0 0.0 0.0	 batterySag: 0.808	link quality: 49	flight time: 0s	pos -0.39 -1.04 0.01	yaw: -3.50	msg/s 0.0
INFO: 11-10-2021 23:25:46 printStatus(169) -- Drogno_7: ready	battery: 4.14	kalman var: 0.001 0.001 0.001	 batterySag: 0.808	link quality: 49	flight time: 0s	pos -0.39 -1.03 0.01	yaw: -3.46	msg/s 0.0
INFO: 11-10-2021 23:25:48 printStatus(169) -- Drogno_7: ready	battery: 4.14	kalman var: 0.0 0.0 0.0	 batterySag: 0.808	link quality: 49	flight time: 0s	pos -0.39 -1.04 0.01	yaw: -3.52	msg/s 0.0
INFO: 11-10-2021 23:25:49 printStatus(169) -- Drogno_7: ready	battery: 4.14	kalman var: 0.0 0.0 0.0	 batterySag: 0.808	link quality: 49	flight time: 0s	pos -0.39 -1.04 0.01	yaw: -3.46	msg/s 0.0
INFO: 11-10-2021 23:25:50 printStatus(169) -- Drogno_7: ready	battery: 4.14	kalman var: 0.0 0.0 0.0	 batterySag: 0.808	link quality: 49	flight time: 0s	pos -0.39 -1.04 0.01	yaw: -3.49	msg/s 0.0
INFO: 11-10-2021 23:25:51 printStatus(169) -- Drogno_7: ready	battery: 4.14	kalman var: 0.0 0.0 0.0	 batterySag: 0.808	link quality: 49	flight time: 0s	pos -0.39 -1.04 0.01	yaw: -3.49	msg/s 0.0
INFO: 11-10-2021 23:25:53 printStatus(169) -- Drogno_7: ready	battery: 4.14	kalman var: 0.0 0.0 0.0	 batterySag: 0.808	link quality: 49	flight time: 0s	pos -0.39 -1.04 0.01	yaw: -3.47	msg/s 0.0
INFO: 11-10-2021 23:25:54 printStatus(169) -- Drogno_7: ready	battery: 4.14	kalman var: 0.0 0.0 0.0	 batterySag: 0.808	link quality: 49	flight time: 0s	pos -0.39 -1.04 0.01	yaw: -3.51	msg/s 0.0
INFO: 11-10-2021 23:25:55 printStatus(169) -- Drogno_7: ready	battery: 4.14	kalman var: 0.0 0.0 0.0	 batterySag: 0.808	link quality: 49	flight time: 0s	pos -0.39 -1.04 0.01	yaw: -3.46	msg/s 0.0
INFO: 11-10-2021 23:25:56 printStatus(169) -- Drogno_7: ready	battery: 4.14	kalman var: 0.0 0.0 0.0	 batterySag: 0.808	link quality: 49	flight time: 0s	pos -0.39 -1.04 0.01	yaw: -3.52	msg/s 0.0
INFO: 11-10-2021 23:25:57 printStatus(169) -- Drogno_7: ready	battery: 4.14	kalman var: 0.0 0.0 0.0	 batterySag: 0.808	link quality: 49	flight time: 0s	pos -0.39 -1.04 0.01	yaw: -3.47	msg/s 0.0
INFO: 11-10-2021 23:25:58 printStatus(169) -- Drogno_7: ready	battery: 4.14	kalman var: 0.0 0.0 0.0	 batterySag: 0.808	link quality: 49	flight time: 0s	pos -0.39 -1.04 0.01	yaw: -3.49	msg/s 0.0
INFO: 11-10-2021 23:26:00 printStatus(169) -- Drogno_7: ready	battery: 4.14	kalman var: 0.0 0.0 0.0	 batterySag: 0.808	link quality: 49	flight time: 0s	pos -0.39 -1.04 0.01	yaw: -3.50	msg/s 0.0
INFO: 11-10-2021 23:26:01 printStatus(169) -- Drogno_7: ready	battery: 4.14	kalman var: 0.0 0.0 0.0	 batterySag: 0.808	link quality: 47	flight time: 0s	pos -0.39 -1.04 0.01	yaw: -3.50	msg/s 0.0
INFO: 11-10-2021 23:26:03 printStatus(169) -- Drogno_7: ready	battery: 4.14	kalman var: 0.001 0.001 0.001	 batterySag: 0.808	link quality: 49	flight time: 0s	pos -0.39 -1.03 0.01	yaw: -3.48	msg/s 0.0
INFO: 11-10-2021 23:26:04 printStatus(169) -- Drogno_7: ready	battery: 4.14	kalman var: 0.0 0.0 0.0	 batterySag: 0.808	link quality: 49	flight time: 0s	pos -0.39 -1.04 0.01	yaw: -3.52	msg/s 0.0
INFO: 11-10-2021 23:26:05 printStatus(169) -- Drogno_7: ready	battery: 4.14	kalman var: 0.0 0.0 0.0	 batterySag: 0.808	link quality: 47	flight time: 0s	pos -0.39 -1.04 0.01	yaw: -3.50	msg/s 0.0
INFO: 11-10-2021 23:26:07 printStatus(169) -- Drogno_7: ready	battery: 4.14	kalman var: 0.0 0.0 0.0	 batterySag: 0.808	link quality: 49	flight time: 0s	pos -0.39 -1.04 0.01	yaw: -3.48	msg/s 0.0
INFO: 11-10-2021 23:26:08 printStatus(169) -- Drogno_7: ready	battery: 4.14	kalman var: 0.0 0.0 0.0	 batterySag: 0.808	link quality: 49	flight time: 0s	pos -0.39 -1.04 0.01	yaw: -3.49	msg/s 0.0
INFO: 11-10-2021 23:26:10 printStatus(169) -- Drogno_7: ready	battery: 4.14	kalman var: 0.0 0.0 0.0	 batterySag: 0.808	link quality: 48	flight time: 0s	pos -0.39 -1.04 0.01	yaw: -3.52	msg/s 0.0
INFO: 11-10-2021 23:26:11 printStatus(169) -- Drogno_7: ready	battery: 4.14	kalman var: 0.0 0.0 0.0	 batterySag: 0.808	link quality: 47	flight time: 0s	pos -0.39 -1.04 0.01	yaw: -3.49	msg/s 0.0
INFO: 11-10-2021 23:26:12 printStatus(169) -- Drogno_7: ready	battery: 4.14	kalman var: 0.0 0.0 0.0	 batterySag: 0.808	link quality: 49	flight time: 0s	pos -0.39 -1.04 0.01	yaw: -3.50	msg/s 0.0
INFO: 11-10-2021 23:26:13 printStatus(169) -- Drogno_7: ready	battery: 4.14	kalman var: 0.0 0.0 0.0	 batterySag: 0.808	link quality: 48	flight time: 0s	pos -0.39 -1.04 0.01	yaw: -3.52	msg/s 0.0
INFO: 11-10-2021 23:26:15 printStatus(169) -- Drogno_7: ready	battery: 4.14	kalman var: 0.0 0.0 0.0	 batterySag: 0.808	link quality: 49	flight time: 0s	pos -0.39 -1.04 0.01	yaw: -3.52	msg/s 0.0
INFO: 11-10-2021 23:26:16 printStatus(169) -- Drogno_7: ready	battery: 4.14	kalman var: 0.0 0.0 0.0	 batterySag: 0.808	link quality: 48	flight time: 0s	pos -0.39 -1.04 0.01	yaw: -3.54	msg/s 0.0
INFO: 11-10-2021 23:26:17 printStatus(169) -- Drogno_7: ready	battery: 4.14	kalman var: 0.0 0.0 0.0	 batterySag: 0.808	link quality: 48	flight time: 0s	pos -0.39 -1.04 0.01	yaw: -3.51	msg/s 0.0
INFO: 11-10-2021 23:26:18 printStatus(169) -- Drogno_7: ready	battery: 4.14	kalman var: 0.0 0.0 0.0	 batterySag: 0.808	link quality: 49	flight time: 0s	pos -0.39 -1.04 0.01	yaw: -3.53	msg/s 0.0
INFO: 11-10-2021 23:26:19 printStatus(169) -- Drogno_7: ready	battery: 4.14	kalman var: 0.0 0.0 0.0	 batterySag: 0.808	link quality: 49	flight time: 0s	pos -0.39 -1.04 0.01	yaw: -3.52	msg/s 0.0
INFO: 11-10-2021 23:26:21 printStatus(169) -- Drogno_7: ready	battery: 4.14	kalman var: 0.0 0.0 0.0	 batterySag: 0.808	link quality: 48	flight time: 0s	pos -0.39 -1.04 0.01	yaw: -3.53	msg/s 0.0
INFO: 11-10-2021 23:26:22 printStatus(169) -- Drogno_7: ready	battery: 4.14	kalman var: 0.001 0.001 0.001	 batterySag: 0.808	link quality: 48	flight time: 0s	pos -0.39 -1.03 0.01	yaw: -3.44	msg/s 0.0
INFO: 11-10-2021 23:26:23 printStatus(169) -- Drogno_7: ready	battery: 4.13	kalman var: 0.0 0.0 0.0	 batterySag: 0.808	link quality: 48	flight time: 0s	pos -0.39 -1.04 0.01	yaw: -3.51	msg/s 0.0
INFO: 11-10-2021 23:26:24 printStatus(169) -- Drogno_7: ready	battery: 4.13	kalman var: 0.0 0.0 0.0	 batterySag: 0.808	link quality: 49	flight time: 0s	pos -0.39 -1.04 0.01	yaw: -3.53	msg/s 0.0
INFO: 11-10-2021 23:26:25 printStatus(169) -- Drogno_7: ready	battery: 4.13	kalman var: 0.001 0.001 0.001	 batterySag: 0.808	link quality: 49	flight time: 0s	pos -0.39 -1.03 0.01	yaw: -3.46	msg/s 0.0
INFO: 11-10-2021 23:26:26 printStatus(169) -- Drogno_7: ready	battery: 4.13	kalman var: 0.0 0.0 0.0	 batterySag: 0.808	link quality: 49	flight time: 0s	pos -0.39 -1.04 0.01	yaw: -3.52	msg/s 0.0
INFO: 11-10-2021 23:26:28 printStatus(169) -- Drogno_7: ready	battery: 4.13	kalman var: 0.0 0.0 0.0	 batterySag: 0.808	link quality: 48	flight time: 0s	pos -0.39 -1.04 0.01	yaw: -3.52	msg/s 0.0
INFO: 11-10-2021 23:26:29 printStatus(169) -- Drogno_7: ready	battery: 4.13	kalman var: 0.0 0.0 0.0	 batterySag: 0.808	link quality: 49	flight time: 0s	pos -0.39 -1.04 0.01	yaw: -3.53	msg/s 0.0
INFO: 11-10-2021 23:26:30 printStatus(169) -- Drogno_7: ready	battery: 4.13	kalman var: 0.0 0.0 0.0	 batterySag: 0.808	link quality: 49	flight time: 0s	pos -0.39 -1.04 0.01	yaw: -3.52	msg/s 0.0
INFO: 11-10-2021 23:26:31 printStatus(169) -- Drogno_7: ready	battery: 4.13	kalman var: 0.0 0.0 0.0	 batterySag: 0.808	link quality: 49	flight time: 0s	pos -0.39 -1.04 0.01	yaw: -3.51	msg/s 0.0
INFO: 11-10-2021 23:26:32 printStatus(169) -- Drogno_7: ready	battery: 4.13	kalman var: 0.0 0.0 0.0	 batterySag: 0.808	link quality: 49	flight time: 0s	pos -0.39 -1.04 0.01	yaw: -3.51	msg/s 0.0
INFO: 11-10-2021 23:26:33 printStatus(169) -- Drogno_7: ready	battery: 4.13	kalman var: 0.0 0.0 0.0	 batterySag: 0.808	link quality: 49	flight time: 0s	pos -0.39 -1.04 0.01	yaw: -3.52	msg/s 0.0
INFO: 11-10-2021 23:26:35 printStatus(169) -- Drogno_7: ready	battery: 4.13	kalman var: 0.0 0.0 0.0	 batterySag: 0.808	link quality: 49	flight time: 0s	pos -0.39 -1.04 0.01	yaw: -3.52	msg/s 0.0
INFO: 11-10-2021 23:26:36 printStatus(169) -- Drogno_7: ready	battery: 4.13	kalman var: 0.0 0.0 0.0	 batterySag: 0.808	link quality: 49	flight time: 0s	pos -0.39 -1.04 0.01	yaw: -3.49	msg/s 0.0
INFO: 11-10-2021 23:26:37 printStatus(169) -- Drogno_7: ready	battery: 4.13	kalman var: 0.0 0.0 0.0	 batterySag: 0.808	link quality: 49	flight time: 0s	pos -0.39 -1.04 0.01	yaw: -3.52	msg/s 0.0
INFO: 11-10-2021 23:26:38 printStatus(169) -- Drogno_7: ready	battery: 4.13	kalman var: 0.001 0.001 0.001	 batterySag: 0.808	link quality: 49	flight time: 0s	pos -0.39 -1.03 0.01	yaw: -3.45	msg/s 0.0
INFO: 11-10-2021 23:26:39 printStatus(169) -- Drogno_7: ready	battery: 4.13	kalman var: 0.0 0.0 0.0	 batterySag: 0.808	link quality: 48	flight time: 0s	pos -0.39 -1.04 0.01	yaw: -3.51	msg/s 0.0
INFO: 11-10-2021 23:26:41 printStatus(169) -- Drogno_7: ready	battery: 4.13	kalman var: 0.001 0.001 0.001	 batterySag: 0.808	link quality: 49	flight time: 0s	pos -0.39 -1.04 0.01	yaw: -3.46	msg/s 0.0
INFO: 11-10-2021 23:26:42 printStatus(169) -- Drogno_7: ready	battery: 4.13	kalman var: 0.0 0.0 0.0	 batterySag: 0.808	link quality: 49	flight time: 0s	pos -0.39 -1.04 0.01	yaw: -3.51	msg/s 0.0
INFO: 11-10-2021 23:26:43 printStatus(169) -- Drogno_7: ready	battery: 4.13	kalman var: 0.0 0.0 0.0	 batterySag: 0.808	link quality: 49	flight time: 0s	pos -0.39 -1.04 0.01	yaw: -3.53	msg/s 0.0
INFO: 11-10-2021 23:26:44 printStatus(169) -- Drogno_7: ready	battery: 4.13	kalman var: 0.0 0.0 0.0	 batterySag: 0.808	link quality: 49	flight time: 0s	pos -0.39 -1.04 0.01	yaw: -3.47	msg/s 0.0
INFO: 11-10-2021 23:26:45 printStatus(169) -- Drogno_7: ready	battery: 4.13	kalman var: 0.0 0.0 0.0	 batterySag: 0.808	link quality: 48	flight time: 0s	pos -0.39 -1.04 0.01	yaw: -3.52	msg/s 0.0
INFO: 11-10-2021 23:26:46 printStatus(169) -- Drogno_7: ready	battery: 4.13	kalman var: 0.0 0.0 0.0	 batterySag: 0.808	link quality: 49	flight time: 0s	pos -0.39 -1.04 0.01	yaw: -3.51	msg/s 0.0
INFO: 11-10-2021 23:26:48 printStatus(169) -- Drogno_7: ready	battery: 4.13	kalman var: 0.0 0.0 0.0	 batterySag: 0.808	link quality: 49	flight time: 0s	pos -0.39 -1.04 0.01	yaw: -3.51	msg/s 0.0
INFO: 11-10-2021 23:26:49 printStatus(169) -- Drogno_7: ready	battery: 4.13	kalman var: 0.0 0.0 0.0	 batterySag: 0.808	link quality: 49	flight time: 0s	pos -0.39 -1.04 0.01	yaw: -3.52	msg/s 0.0
INFO: 11-10-2021 23:26:50 printStatus(169) -- Drogno_7: ready	battery: 4.13	kalman var: 0.0 0.0 0.0	 batterySag: 0.808	link quality: 49	flight time: 0s	pos -0.39 -1.04 0.01	yaw: -3.51	msg/s 0.0
INFO: 11-10-2021 23:26:51 printStatus(169) -- Drogno_7: ready	battery: 4.13	kalman var: 0.0 0.0 0.0	 batterySag: 0.808	link quality: 49	flight time: 0s	pos -0.39 -1.04 0.01	yaw: -3.50	msg/s 0.0
INFO: 11-10-2021 23:26:53 printStatus(169) -- Drogno_7: ready	battery: 4.13	kalman var: 0.0 0.0 0.0	 batterySag: 0.808	link quality: 48	flight time: 0s	pos -0.39 -1.04 0.01	yaw: -3.51	msg/s 0.0
INFO: 11-10-2021 23:26:54 printStatus(169) -- Drogno_7: ready	battery: 4.13	kalman var: 0.0 0.0 0.0	 batterySag: 0.808	link quality: 49	flight time: 0s	pos -0.39 -1.04 0.01	yaw: -3.52	msg/s 0.0
INFO: 11-10-2021 23:26:56 printStatus(169) -- Drogno_7: ready	battery: 4.13	kalman var: 0.0 0.0 0.0	 batterySag: 0.808	link quality: 49	flight time: 0s	pos -0.39 -1.04 0.01	yaw: -3.49	msg/s 0.0
INFO: 11-10-2021 23:26:58 printStatus(169) -- Drogno_7: hovering	battery: 4.13	kalman var: 0.0 0.0 0.0	 batterySag: 0.808	link quality: 49	flight time: 0s	pos -0.39 -1.04 0.01	yaw: -3.48	msg/s 0.0
INFO: 11-10-2021 23:26:59 printStatus(169) -- Drogno_7: ready	battery: 3.76	kalman var: 0.0 0.0 0.0	 batterySag: 0.808	link quality: 48	flight time: 0s	pos -0.40 -1.03 0.03	yaw: -5.00	msg/s 0.0
INFO: 11-10-2021 23:27:00 printStatus(169) -- Drogno_7: hovering	battery: 3.76	kalman var: 0.0 0.0 0.0	 batterySag: 0.808	link quality: 66	flight time: 1s	pos -0.37 -1.05 0.51	yaw: -2.92	msg/s 1.8
INFO: 11-10-2021 23:27:01 printStatus(169) -- Drogno_7: hovering	battery: 3.78	kalman var: 0.0 0.0 0.0	 batterySag: 0.808	link quality: 49	flight time: 2s	pos -0.36 -1.04 0.82	yaw: -1.50	msg/s 7.3
INFO: 11-10-2021 23:27:02 printStatus(169) -- Drogno_7: moving	battery: 3.71	kalman var: 0.0 0.0 0.0	 batterySag: 0.808	link quality: 58	flight time: 3s	pos -0.28 -1.35 0.87	yaw: -1.14	msg/s 12.7
INFO: 11-10-2021 23:27:04 printStatus(169) -- Drogno_7: hovering	battery: 3.68	kalman var: 0.0 0.0 0.0	 batterySag: 0.808	link quality: 47	flight time: 4s	pos -0.28 -1.34 0.96	yaw: -0.14	msg/s 5.5
INFO: 11-10-2021 23:27:05 printStatus(169) -- Drogno_7: hovering	battery: 3.67	kalman var: 0.0 0.0 0.0	 batterySag: 0.808	link quality: 46	flight time: 6s	pos -0.30 -1.32 0.97	yaw: -0.17	msg/s 9.1
INFO: 11-10-2021 23:27:06 printStatus(169) -- Drogno_7: hovering	battery: 3.67	kalman var: 0.0 0.0 0.0	 batterySag: 0.808	link quality: 45	flight time: 7s	pos -0.31 -1.29 0.99	yaw: 0.32	msg/s 5.5
INFO: 11-10-2021 23:27:07 printStatus(169) -- Drogno_7: hovering	battery: 3.65	kalman var: 0.0 0.0 0.0	 batterySag: 0.808	link quality: 54	flight time: 8s	pos -0.37 -1.27 1.00	yaw: 2.49	msg/s 14.5
INFO: 11-10-2021 23:27:09 printStatus(169) -- Drogno_7: hovering	battery: 3.65	kalman var: 0.0 0.0 0.0	 batterySag: 0.808	link quality: 51	flight time: 9s	pos -0.30 -1.24 1.05	yaw: 0.77	msg/s 18.2
INFO: 11-10-2021 23:27:10 printStatus(169) -- Drogno_7: hovering	battery: 3.64	kalman var: 0.001 0.001 0.001	 batterySag: 0.808	link quality: 49	flight time: 11s	pos 0.13 -1.34 1.06	yaw: -2.53	msg/s 18.2
INFO: 11-10-2021 23:27:11 printStatus(169) -- Drogno_7: hovering	battery: 3.64	kalman var: 0.002 0.002 0.001	 batterySag: 0.808	link quality: 50	flight time: 12s	pos 0.58 -1.17 1.08	yaw: -1.62	msg/s 14.5
INFO: 11-10-2021 23:27:12 printStatus(169) -- Drogno_7: hovering	battery: 3.55	kalman var: 0.001 0.001 0.001	 batterySag: 0.808	link quality: 62	flight time: 13s	pos 0.63 -0.94 1.03	yaw: -1.54	msg/s 16.4
INFO: 11-10-2021 23:27:13 printStatus(169) -- Drogno_7: hovering	battery: 3.63	kalman var: 0.001 0.001 0.001	 batterySag: 0.808	link quality: 54	flight time: 14s	pos 0.85 -0.34 1.18	yaw: -0.45	msg/s 18.2
INFO: 11-10-2021 23:27:14 printStatus(169) -- Drogno_7: hovering	battery: 3.59	kalman var: 0.0 0.0 0.001	 batterySag: 0.808	link quality: 51	flight time: 15s	pos 0.89 0.40 0.98	yaw: -1.06	msg/s 14.5
INFO: 11-10-2021 23:27:16 printStatus(169) -- Drogno_7: hovering	battery: 3.63	kalman var: 0.002 0.002 0.001	 batterySag: 0.808	link quality: 63	flight time: 17s	pos 0.75 0.71 1.21	yaw: 0.25	msg/s 14.5
INFO: 11-10-2021 23:27:17 printStatus(169) -- Drogno_7: hovering	battery: 3.61	kalman var: 0.001 0.001 0.001	 batterySag: 0.808	link quality: 55	flight time: 18s	pos 0.74 0.94 1.14	yaw: -0.14	msg/s 14.5
INFO: 11-10-2021 23:27:19 printStatus(169) -- Drogno_7: hovering	battery: 3.59	kalman var: 0.005 0.005 0.002	 batterySag: 0.808	link quality: 61	flight time: 19s	pos 0.16 1.22 1.09	yaw: 0.05	msg/s 7.3
INFO: 11-10-2021 23:27:20 printStatus(169) -- Drogno_7: hovering	battery: 3.6	kalman var: 0.0 0.0 0.0	 batterySag: 0.808	link quality: 64	flight time: 21s	pos -0.03 1.29 1.20	yaw: 0.37	msg/s 14.5
INFO: 11-10-2021 23:27:22 printStatus(169) -- Drogno_7: hovering	battery: 3.6	kalman var: 0.007 0.007 0.002	 batterySag: 0.808	link quality: 52	flight time: 22s	pos -0.24 1.29 1.11	yaw: 0.28	msg/s 16.4
INFO: 11-10-2021 23:27:23 printStatus(169) -- Drogno_7: hovering	battery: 3.59	kalman var: 0.004 0.004 0.002	 batterySag: 0.808	link quality: 56	flight time: 24s	pos -0.22 1.14 1.11	yaw: 0.74	msg/s 12.7
INFO: 11-10-2021 23:27:24 printStatus(169) -- Drogno_7: hovering	battery: 3.6	kalman var: 0.001 0.001 0.001	 batterySag: 0.808	link quality: 55	flight time: 25s	pos -0.35 1.03 1.08	yaw: 0.48	msg/s 14.5
INFO: 11-10-2021 23:27:25 printStatus(169) -- Drogno_7: hovering	battery: 3.61	kalman var: 0.0 0.0 0.0	 batterySag: 0.808	link quality: 58	flight time: 26s	pos -0.67 0.79 1.00	yaw: 0.57	msg/s 14.5
INFO: 11-10-2021 23:27:27 printStatus(169) -- Drogno_7: hovering	battery: 3.56	kalman var: 0.0 0.0 0.0	 batterySag: 0.808	link quality: 51	flight time: 27s	pos -0.82 -0.47 0.34	yaw: -1.63	msg/s 18.2
INFO: 11-10-2021 23:27:29 printStatus(169) -- Drogno_7: hovering	battery: 3.55	kalman var: 0.001 0.001 0.001	 batterySag: 0.808	link quality: 50	flight time: 29s	pos 0.52 -0.03 0.60	yaw: -2.38	msg/s 14.5
INFO: 11-10-2021 23:27:30 printStatus(169) -- Drogno_7: hovering	battery: 3.58	kalman var: 0.0 0.0 0.0	 batterySag: 0.808	link quality: 72	flight time: 31s	pos 0.47 0.61 0.87	yaw: -0.95	msg/s 7.3
INFO: 11-10-2021 23:27:31 printStatus(169) -- Drogno_7: hovering	battery: 3.58	kalman var: 0.0 0.0 0.0	 batterySag: 0.808	link quality: 62	flight time: 32s	pos 0.06 0.93 1.05	yaw: -0.48	msg/s 21.8
INFO: 11-10-2021 23:27:32 printStatus(169) -- Drogno_7: ready	battery: 3.53	kalman var: 0.001 0.001 0.001	 batterySag: 0.808	link quality: 55	flight time: 33s	pos -0.29 1.13 0.92	yaw: -0.26	msg/s 16.4
INFO: 11-10-2021 23:27:33 printStatus(169) -- Drogno_7: moving	battery: 3.53	kalman var: 0.0 0.0 0.0	 batterySag: 0.808	link quality: 55	flight time: 34s	pos -0.24 1.07 1.05	yaw: -0.07	msg/s 16.4
INFO: 11-10-2021 23:27:35 printStatus(169) -- Drogno_7: hovering	battery: 3.61	kalman var: 0.0 0.0 0.0	 batterySag: 0.808	link quality: 51	flight time: 36s	pos -0.21 1.06 1.38	yaw: 0.54	msg/s 10.9
INFO: 11-10-2021 23:27:36 printStatus(169) -- Drogno_7: hovering	battery: 3.53	kalman var: 0.001 0.001 0.001	 batterySag: 0.808	link quality: 54	flight time: 37s	pos -0.22 1.13 0.93	yaw: -0.24	msg/s 14.5
INFO: 11-10-2021 23:27:37 printStatus(169) -- Drogno_7: hovering	battery: 3.59	kalman var: 0.002 0.002 0.001	 batterySag: 0.808	link quality: 61	flight time: 38s	pos -0.21 1.22 0.87	yaw: -0.06	msg/s 18.2
INFO: 11-10-2021 23:27:38 printStatus(169) -- Drogno_7: hovering	battery: 3.57	kalman var: 0.001 0.001 0.001	 batterySag: 0.808	link quality: 51	flight time: 39s	pos -0.21 1.27 0.70	yaw: -0.44	msg/s 18.2
INFO: 11-10-2021 23:27:40 printStatus(169) -- Drogno_7: hovering	battery: 3.54	kalman var: 0.001 0.001 0.001	 batterySag: 0.808	link quality: 49	flight time: 40s	pos -0.09 1.30 0.56	yaw: 0.90	msg/s 14.5
INFO: 11-10-2021 23:27:41 printStatus(169) -- Drogno_7: hovering	battery: 3.56	kalman var: 0.001 0.001 0.001	 batterySag: 0.808	link quality: 53	flight time: 42s	pos 0.09 1.24 0.69	yaw: 0.71	msg/s 16.4
INFO: 11-10-2021 23:27:42 printStatus(169) -- Drogno_7: hovering	battery: 3.57	kalman var: 0.001 0.001 0.001	 batterySag: 0.808	link quality: 58	flight time: 43s	pos 0.34 1.13 0.83	yaw: 0.11	msg/s 20.0
INFO: 11-10-2021 23:27:43 printStatus(169) -- Drogno_7: moving	battery: 3.56	kalman var: 0.001 0.001 0.001	 batterySag: 0.808	link quality: 54	flight time: 44s	pos 0.66 0.87 1.03	yaw: 0.19	msg/s 16.4
INFO: 11-10-2021 23:27:44 printStatus(169) -- Drogno_7: hovering	battery: 3.54	kalman var: 0.0 0.0 0.0	 batterySag: 0.808	link quality: 59	flight time: 45s	pos 0.96 0.39 1.17	yaw: 0.02	msg/s 16.4
INFO: 11-10-2021 23:27:46 printStatus(169) -- Drogno_7: hovering	battery: 3.55	kalman var: 0.0 0.0 0.0	 batterySag: 0.808	link quality: 56	flight time: 46s	pos 0.72 -0.58 1.26	yaw: 0.72	msg/s 16.4
INFO: 11-10-2021 23:27:47 printStatus(169) -- Drogno_7: ready	battery: 3.56	kalman var: 0.001 0.001 0.001	 batterySag: 0.808	link quality: 56	flight time: 48s	pos -0.03 -1.30 1.24	yaw: 0.13	msg/s 16.4
INFO: 11-10-2021 23:27:49 printStatus(169) -- Drogno_7: hovering	battery: 3.55	kalman var: 0.001 0.001 0.001	 batterySag: 0.808	link quality: 52	flight time: 50s	pos -0.48 -1.00 1.10	yaw: -1.24	msg/s 12.7
INFO: 11-10-2021 23:27:50 printStatus(169) -- Drogno_7: hovering	battery: 3.57	kalman var: 0.0 0.0 0.0	 batterySag: 0.808	link quality: 51	flight time: 51s	pos -0.79 -0.65 0.76	yaw: -1.49	msg/s 14.5
INFO: 11-10-2021 23:27:51 printStatus(169) -- Drogno_7: hovering	battery: 3.52	kalman var: 0.0 0.0 0.0	 batterySag: 0.808	link quality: 51	flight time: 52s	pos -1.12 -0.21 0.39	yaw: -0.02	msg/s 16.4
INFO: 11-10-2021 23:27:52 printStatus(169) -- Drogno_7: hovering	battery: 3.51	kalman var: 0.0 0.0 0.0	 batterySag: 0.808	link quality: 46	flight time: 53s	pos -1.11 0.41 0.44	yaw: -0.28	msg/s 16.4
INFO: 11-10-2021 23:27:54 printStatus(169) -- Drogno_7: hovering	battery: 3.52	kalman var: 0.0 0.0 0.0	 batterySag: 0.808	link quality: 58	flight time: 54s	pos -0.34 0.95 1.11	yaw: 0.44	msg/s 14.5
WARNING: 11-10-2021 23:27:54 evaluateBattery(804) -- battery under 3.50v
WARNING: 11-10-2021 23:27:55 evaluateBattery(804) -- battery under 3.50v
INFO: 11-10-2021 23:27:55 printStatus(169) -- Drogno_7: hovering	battery: 3.48	kalman var: 0.0 0.0 0.0	 batterySag: 0.808	link quality: 53	flight time: 56s	pos 0.09 1.00 1.48	yaw: 0.61	msg/s 18.2
INFO: 11-10-2021 23:27:56 printStatus(169) -- Drogno_7: hovering	battery: 3.54	kalman var: 0.001 0.001 0.001	 batterySag: 0.808	link quality: 53	flight time: 57s	pos 0.50 0.70 1.87	yaw: 0.45	msg/s 14.5
WARNING: 11-10-2021 23:27:56 evaluateBattery(804) -- battery under 3.50v
WARNING: 11-10-2021 23:27:57 evaluateBattery(804) -- battery under 3.50v
INFO: 11-10-2021 23:27:57 printStatus(169) -- Drogno_7: hovering	battery: 3.54	kalman var: 0.001 0.001 0.001	 batterySag: 0.808	link quality: 58	flight time: 58s	pos 0.68 -0.67 1.99	yaw: 0.17	msg/s 16.4
INFO: 11-10-2021 23:27:59 printStatus(169) -- Drogno_7: hovering	battery: 3.51	kalman var: 0.001 0.001 0.001	 batterySag: 0.808	link quality: 47	flight time: 60s	pos -0.46 -1.31 1.02	yaw: -2.25	msg/s 18.2
INFO: 11-10-2021 23:28:00 printStatus(169) -- Drogno_7: hovering	battery: 3.51	kalman var: 0.001 0.001 0.001	 batterySag: 0.808	link quality: 58	flight time: 61s	pos -0.77 -0.82 0.76	yaw: 0.43	msg/s 21.8
INFO: 11-10-2021 23:28:02 printStatus(169) -- Drogno_7: hovering	battery: 3.53	kalman var: 0.0 0.0 0.0	 batterySag: 0.808	link quality: 51	flight time: 63s	pos -0.41 -0.46 0.91	yaw: 3.69	msg/s 23.6
INFO: 11-10-2021 23:28:03 printStatus(169) -- Drogno_7: hovering	battery: 3.53	kalman var: 0.0 0.0 0.0	 batterySag: 0.808	link quality: 57	flight time: 64s	pos 0.12 -0.46 1.12	yaw: -0.64	msg/s 21.8
INFO: 11-10-2021 23:28:04 printStatus(169) -- Drogno_7: hovering	battery: 3.5	kalman var: 0.001 0.001 0.001	 batterySag: 0.808	link quality: 48	flight time: 65s	pos 0.36 -0.61 1.24	yaw: -0.40	msg/s 23.6
INFO: 11-10-2021 23:28:05 printStatus(169) -- Drogno_7: hovering	battery: 3.52	kalman var: 0.0 0.001 0.001	 batterySag: 0.808	link quality: 49	flight time: 66s	pos 0.24 -0.81 1.31	yaw: -3.80	msg/s 23.6
INFO: 11-10-2021 23:28:06 printStatus(169) -- Drogno_7: hovering	battery: 3.51	kalman var: 0.0 0.0 0.0	 batterySag: 0.808	link quality: 48	flight time: 67s	pos -0.50 -0.85 1.32	yaw: 8.49	msg/s 21.8
INFO: 11-10-2021 23:28:08 printStatus(169) -- Drogno_7: hovering	battery: 3.5	kalman var: 0.001 0.001 0.001	 batterySag: 0.808	link quality: 49	flight time: 69s	pos -0.86 -0.82 1.32	yaw: 0.73	msg/s 21.8
INFO: 11-10-2021 23:28:10 printStatus(169) -- Drogno_7: hovering	battery: 3.49	kalman var: 0.0 0.0 0.0	 batterySag: 0.808	link quality: 49	flight time: 70s	pos -1.56 -0.95 1.18	yaw: -0.64	msg/s 25.5
WARNING: 11-10-2021 23:28:10 evaluateBattery(804) -- battery under 3.50v
WARNING: 11-10-2021 23:28:10 evaluateBattery(804) -- battery under 3.50v
WARNING: 11-10-2021 23:28:11 evaluateBattery(804) -- battery under 3.50v
INFO: 11-10-2021 23:28:11 printStatus(169) -- Drogno_7: hovering	battery: 3.49	kalman var: 0.0 0.0 0.0	 batterySag: 0.808	link quality: 45	flight time: 72s	pos -1.29 -1.47 0.88	yaw: -0.32	msg/s 21.8
INFO: 11-10-2021 23:28:12 printStatus(169) -- Drogno_7: moving	battery: 3.49	kalman var: 0.001 0.001 0.001	 batterySag: 0.808	link quality: 49	flight time: 73s	pos 0.67 -1.54 0.91	yaw: -0.78	msg/s 21.8
WARNING: 11-10-2021 23:28:13 evaluateBattery(804) -- battery under 3.50v
INFO: 11-10-2021 23:28:14 printStatus(169) -- Drogno_7: hovering	battery: 3.52	kalman var: 0.0 0.0 0.001	 batterySag: 0.808	link quality: 49	flight time: 75s	pos 1.09 -1.18 1.17	yaw: 0.62	msg/s 23.6
WARNING: 11-10-2021 23:28:15 evaluateBattery(804) -- battery under 3.50v
INFO: 11-10-2021 23:28:15 printStatus(169) -- Drogno_7: hovering	battery: 3.49	kalman var: 0.001 0.001 0.001	 batterySag: 0.808	link quality: 53	flight time: 76s	pos 0.89 -0.92 1.28	yaw: -0.09	msg/s 25.5
WARNING: 11-10-2021 23:28:15 evaluateBattery(804) -- battery under 3.50v
INFO: 11-10-2021 23:28:16 printStatus(169) -- Drogno_7: hovering	battery: 3.5	kalman var: 0.001 0.001 0.001	 batterySag: 0.808	link quality: 49	flight time: 77s	pos 0.58 -0.93 1.25	yaw: -0.11	msg/s 23.6
WARNING: 11-10-2021 23:28:17 evaluateBattery(804) -- battery under 3.50v
WARNING: 11-10-2021 23:28:17 evaluateBattery(804) -- battery under 3.50v
INFO: 11-10-2021 23:28:18 printStatus(169) -- Drogno_7: hovering	battery: 3.49	kalman var: 0.001 0.001 0.001	 batterySag: 0.808	link quality: 48	flight time: 78s	pos 0.69 -1.16 1.18	yaw: -1.35	msg/s 23.6
WARNING: 11-10-2021 23:28:18 evaluateBattery(804) -- battery under 3.50v
WARNING: 11-10-2021 23:28:19 evaluateBattery(804) -- battery under 3.50v
WARNING: 11-10-2021 23:28:20 evaluateBattery(804) -- battery under 3.50v
INFO: 11-10-2021 23:28:20 printStatus(169) -- Drogno_7: hovering	battery: 3.48	kalman var: 0.001 0.001 0.001	 batterySag: 0.808	link quality: 55	flight time: 80s	pos 0.83 -1.39 1.06	yaw: -0.71	msg/s 23.6
WARNING: 11-10-2021 23:28:20 evaluateBattery(804) -- battery under 3.50v
WARNING: 11-10-2021 23:28:21 evaluateBattery(804) -- battery under 3.50v
INFO: 11-10-2021 23:28:21 printStatus(169) -- Drogno_7: hovering	battery: 3.49	kalman var: 0.001 0.001 0.001	 batterySag: 0.808	link quality: 50	flight time: 82s	pos 1.00 -1.44 1.04	yaw: -2.22	msg/s 20.0
WARNING: 11-10-2021 23:28:21 evaluateBattery(804) -- battery under 3.50v
WARNING: 11-10-2021 23:28:22 evaluateBattery(804) -- battery under 3.50v
INFO: 11-10-2021 23:28:22 printStatus(169) -- Drogno_7: hovering	battery: 3.48	kalman var: 0.001 0.001 0.001	 batterySag: 0.808	link quality: 52	flight time: 83s	pos 1.00 -1.45 1.05	yaw: 0.39	msg/s 25.5
WARNING: 11-10-2021 23:28:23 evaluateBattery(804) -- battery under 3.50v
WARNING: 11-10-2021 23:28:23 evaluateBattery(804) -- battery under 3.50v
INFO: 11-10-2021 23:28:23 printStatus(169) -- Drogno_7: ready	battery: 3.49	kalman var: 0.001 0.001 0.001	 batterySag: 0.808	link quality: 51	flight time: 84s	pos 1.00 -1.39 1.06	yaw: 5.29	msg/s 23.6
WARNING: 11-10-2021 23:28:24 evaluateBattery(804) -- battery under 3.50v
WARNING: 11-10-2021 23:28:25 evaluateBattery(804) -- battery under 3.50v
INFO: 11-10-2021 23:28:25 printStatus(169) -- Drogno_7: hovering	battery: 3.48	kalman var: 0.001 0.001 0.001	 batterySag: 0.808	link quality: 49	flight time: 86s	pos 1.00 -1.37 1.05	yaw: -4.34	msg/s 18.2
WARNING: 11-10-2021 23:28:25 evaluateBattery(804) -- battery under 3.50v
INFO: 11-10-2021 23:28:26 printStatus(169) -- Drogno_7: hovering	battery: 3.48	kalman var: 0.003 0.003 0.001	 batterySag: 0.808	link quality: 51	flight time: 87s	pos 0.96 -1.37 1.06	yaw: -6.12	msg/s 23.6
WARNING: 11-10-2021 23:28:26 evaluateBattery(804) -- battery under 3.50v
WARNING: 11-10-2021 23:28:26 evaluateBattery(804) -- battery under 3.50v
INFO: 11-10-2021 23:28:27 printStatus(169) -- Drogno_7: moving	battery: 3.47	kalman var: 0.001 0.001 0.001	 batterySag: 0.808	link quality: 57	flight time: 88s	pos 1.01 -1.40 1.01	yaw: -1.80	msg/s 23.6
WARNING: 11-10-2021 23:28:27 evaluateBattery(804) -- battery under 3.50v
WARNING: 11-10-2021 23:28:28 evaluateBattery(804) -- battery under 3.50v
INFO: 11-10-2021 23:28:29 printStatus(169) -- Drogno_7: hovering	battery: 3.47	kalman var: 0.0 0.0 0.001	 batterySag: 0.808	link quality: 45	flight time: 89s	pos 0.93 -1.34 1.06	yaw: 2.73	msg/s 21.8
WARNING: 11-10-2021 23:28:29 evaluateBattery(804) -- battery under 3.50v
WARNING: 11-10-2021 23:28:30 evaluateBattery(804) -- battery under 3.50v
WARNING: 11-10-2021 23:28:30 evaluateBattery(804) -- battery under 3.50v
INFO: 11-10-2021 23:28:31 printStatus(169) -- Drogno_7: hovering	battery: 3.47	kalman var: 0.0 0.0 0.0	 batterySag: 0.808	link quality: 48	flight time: 91s	pos 0.88 -1.34 1.05	yaw: 2.12	msg/s 23.6
WARNING: 11-10-2021 23:28:32 evaluateBattery(804) -- battery under 3.50v
WARNING: 11-10-2021 23:28:32 evaluateBattery(804) -- battery under 3.50v
INFO: 11-10-2021 23:28:33 printStatus(169) -- Drogno_7: landing	battery: 3.47	kalman var: 0.0 0.0 0.0	 batterySag: 0.808	link quality: 50	flight time: 93s	pos 0.89 -1.33 1.06	yaw: 1.50	msg/s 30.9
WARNING: 11-10-2021 23:28:33 evaluateBattery(804) -- battery under 3.50v
WARNING: 11-10-2021 23:28:34 evaluateBattery(804) -- battery under 3.50v
WARNING: 11-10-2021 23:28:35 evaluateBattery(804) -- battery under 3.50v
INFO: 11-10-2021 23:28:35 printStatus(169) -- Drogno_7: ready	battery: 3.48	kalman var: 0.001 0.001 0.001	 batterySag: 0.808	link quality: 49	flight time: 93s	pos 0.89 -1.32 0.59	yaw: 0.23	msg/s 43.6
WARNING: 11-10-2021 23:28:36 evaluateBattery(804) -- battery under 3.50v
INFO: 11-10-2021 23:28:37 printStatus(169) -- Drogno_7: BAD kalman	battery: 3.81	kalman var: 0.011 0.011 0.003	 batterySag: 0.808	link quality: 53	flight time: 93s	pos 0.82 -1.36 0.08	yaw: -2.58	msg/s 41.8
INFO: 11-10-2021 23:28:38 printStatus(169) -- Drogno_7: BAD kalman	battery: 3.82	kalman var: 0.026 0.026 0.004	 batterySag: 0.808	link quality: 53	flight time: 93s	pos 0.75 -1.38 0.16	yaw: -2.56	msg/s 43.6
INFO: 11-10-2021 23:28:39 printStatus(169) -- Drogno_7: BAD kalman	battery: 3.84	kalman var: 0.082 0.082 0.006	 batterySag: 0.808	link quality: 53	flight time: 93s	pos 0.57 -1.35 0.34	yaw: -2.57	msg/s 1.8
INFO: 11-10-2021 23:28:40 printStatus(169) -- Drogno_7: BAD kalman	battery: 3.84	kalman var: 0.128 0.128 0.007	 batterySag: 0.808	link quality: 52	flight time: 93s	pos 0.44 -1.28 0.46	yaw: -2.56	msg/s 0.0
WARNING: 11-10-2021 23:28:51 exit(859) -- closing Drogno_7
