INFO: 11-10-2021 23:25:12 __init__(130) -- This is dronelog running on Drogno_2
INFO: 11-10-2021 23:25:13 printStatus(166) -- Started
INFO: 11-10-2021 23:25:14 printStatus(169) -- Drogno_2: connecting	battery: n.p.	kalman var: 0 0 0	 batterySag: 0	link quality: 0	flight time: 0s	pos 0.00 0.00 0.00	yaw: 0.00	msg/s 0.0
INFO: 11-10-2021 23:25:15 printStatus(169) -- Drogno_2: connecting	battery: n.p.	kalman var: 0 0 0	 batterySag: 0	link quality: 0	flight time: 0s	pos 0.00 0.00 0.00	yaw: 0.00	msg/s 0.0
INFO: 11-10-2021 23:25:16 printStatus(169) -- Drogno_2: connecting	battery: n.p.	kalman var: 0 0 0	 batterySag: 0	link quality: 0	flight time: 0s	pos 0.00 0.00 0.00	yaw: 0.00	msg/s 0.0
INFO: 11-10-2021 23:25:17 printStatus(169) -- Drogno_2: connecting	battery: n.p.	kalman var: 0 0 0	 batterySag: 0	link quality: 0	flight time: 0s	pos 0.00 0.00 0.00	yaw: 0.00	msg/s 0.0
INFO: 11-10-2021 23:25:18 printStatus(169) -- Drogno_2: connecting	battery: n.p.	kalman var: 0 0 0	 batterySag: 0	link quality: 0	flight time: 0s	pos 0.00 0.00 0.00	yaw: 0.00	msg/s 0.0
INFO: 11-10-2021 23:25:20 printStatus(169) -- Drogno_2: landed	battery: n.p.	kalman var: 0 0 0	 batterySag: 0	link quality: 0	flight time: 0s	pos 0.00 0.00 0.00	yaw: 0.00	msg/s 0.0
INFO: 11-10-2021 23:25:21 printStatus(169) -- Drogno_2: landed	battery: n.p.	kalman var: 0 0 0	 batterySag: 0	link quality: 0	flight time: 0s	pos 0.00 0.00 0.00	yaw: 0.00	msg/s 0.0
INFO: 11-10-2021 23:25:23 printStatus(169) -- Drogno_2: ready	battery: 4.14	kalman var: 0.0 0.0 0.0	 batterySag: 0.723	link quality: 69	flight time: 0s	pos 0.15 0.91 -0.00	yaw: -0.24	msg/s 0.0
INFO: 11-10-2021 23:25:24 printStatus(169) -- Drogno_2: ready	battery: 4.15	kalman var: 0.0 0.0 0.0	 batterySag: 0.723	link quality: 69	flight time: 0s	pos 0.15 0.91 -0.00	yaw: 1.19	msg/s 0.0
INFO: 11-10-2021 23:25:26 printStatus(169) -- Drogno_2: ready	battery: 4.15	kalman var: 0.001 0.001 0.001	 batterySag: 0.723	link quality: 69	flight time: 0s	pos 0.15 0.91 -0.00	yaw: 1.18	msg/s 0.0
INFO: 11-10-2021 23:25:27 printStatus(169) -- Drogno_2: ready	battery: 4.15	kalman var: 0.0 0.0 0.0	 batterySag: 0.723	link quality: 67	flight time: 0s	pos 0.15 0.91 -0.00	yaw: 1.19	msg/s 0.0
INFO: 11-10-2021 23:25:28 printStatus(169) -- Drogno_2: ready	battery: 4.15	kalman var: 0.001 0.001 0.001	 batterySag: 0.723	link quality: 68	flight time: 0s	pos 0.14 0.91 -0.00	yaw: 1.18	msg/s 0.0
INFO: 11-10-2021 23:25:29 printStatus(169) -- Drogno_2: ready	battery: 4.15	kalman var: 0.0 0.0 0.0	 batterySag: 0.723	link quality: 69	flight time: 0s	pos 0.15 0.91 -0.00	yaw: 1.19	msg/s 0.0
INFO: 11-10-2021 23:25:30 printStatus(169) -- Drogno_2: ready	battery: 4.15	kalman var: 0.001 0.001 0.001	 batterySag: 0.723	link quality: 69	flight time: 0s	pos 0.14 0.91 -0.00	yaw: 1.17	msg/s 0.0
INFO: 11-10-2021 23:25:31 printStatus(169) -- Drogno_2: ready	battery: 4.15	kalman var: 0.001 0.001 0.001	 batterySag: 0.723	link quality: 71	flight time: 0s	pos 0.15 0.91 -0.00	yaw: 1.18	msg/s 0.0
INFO: 11-10-2021 23:25:33 printStatus(169) -- Drogno_2: ready	battery: 4.15	kalman var: 0.0 0.0 0.0	 batterySag: 0.723	link quality: 70	flight time: 0s	pos 0.15 0.91 -0.00	yaw: 1.20	msg/s 0.0
INFO: 11-10-2021 23:25:34 printStatus(169) -- Drogno_2: ready	battery: 4.15	kalman var: 0.0 0.0 0.0	 batterySag: 0.723	link quality: 71	flight time: 0s	pos 0.15 0.91 -0.00	yaw: 1.19	msg/s 0.0
INFO: 11-10-2021 23:25:35 printStatus(169) -- Drogno_2: ready	battery: 4.15	kalman var: 0.0 0.0 0.0	 batterySag: 0.723	link quality: 69	flight time: 0s	pos 0.15 0.91 -0.00	yaw: 1.20	msg/s 0.0
INFO: 11-10-2021 23:25:36 printStatus(169) -- Drogno_2: ready	battery: 4.15	kalman var: 0.0 0.0 0.0	 batterySag: 0.723	link quality: 71	flight time: 0s	pos 0.15 0.91 -0.00	yaw: 1.18	msg/s 0.0
INFO: 11-10-2021 23:25:37 printStatus(169) -- Drogno_2: ready	battery: 4.14	kalman var: 0.0 0.0 0.0	 batterySag: 0.723	link quality: 67	flight time: 0s	pos 0.15 0.91 -0.00	yaw: 1.17	msg/s 0.0
INFO: 11-10-2021 23:25:38 printStatus(169) -- Drogno_2: ready	battery: 4.15	kalman var: 0.0 0.0 0.0	 batterySag: 0.723	link quality: 75	flight time: 0s	pos 0.15 0.91 -0.00	yaw: 1.22	msg/s 0.0
INFO: 11-10-2021 23:25:39 printStatus(169) -- Drogno_2: ready	battery: 4.14	kalman var: 0.0 0.0 0.0	 batterySag: 0.723	link quality: 73	flight time: 0s	pos 0.15 0.91 -0.00	yaw: 1.21	msg/s 0.0
INFO: 11-10-2021 23:25:41 printStatus(169) -- Drogno_2: ready	battery: 4.15	kalman var: 0.0 0.0 0.0	 batterySag: 0.723	link quality: 71	flight time: 0s	pos 0.15 0.91 -0.00	yaw: 1.19	msg/s 0.0
INFO: 11-10-2021 23:25:42 printStatus(169) -- Drogno_2: ready	battery: 4.14	kalman var: 0.0 0.0 0.0	 batterySag: 0.723	link quality: 65	flight time: 0s	pos 0.15 0.91 -0.00	yaw: 1.19	msg/s 0.0
INFO: 11-10-2021 23:25:43 printStatus(169) -- Drogno_2: ready	battery: 4.15	kalman var: 0.0 0.0 0.001	 batterySag: 0.723	link quality: 68	flight time: 0s	pos 0.15 0.91 -0.00	yaw: 1.19	msg/s 0.0
INFO: 11-10-2021 23:25:44 printStatus(169) -- Drogno_2: ready	battery: 4.15	kalman var: 0.0 0.0 0.0	 batterySag: 0.723	link quality: 67	flight time: 0s	pos 0.15 0.91 -0.00	yaw: 1.15	msg/s 0.0
INFO: 11-10-2021 23:25:45 printStatus(169) -- Drogno_2: ready	battery: 4.14	kalman var: 0.0 0.0 0.0	 batterySag: 0.723	link quality: 65	flight time: 0s	pos 0.15 0.91 -0.00	yaw: 1.15	msg/s 0.0
INFO: 11-10-2021 23:25:47 printStatus(169) -- Drogno_2: ready	battery: 4.14	kalman var: 0.001 0.001 0.001	 batterySag: 0.723	link quality: 80	flight time: 0s	pos 0.15 0.91 -0.00	yaw: 1.14	msg/s 0.0
INFO: 11-10-2021 23:25:48 printStatus(169) -- Drogno_2: ready	battery: 4.14	kalman var: 0.0 0.0 0.001	 batterySag: 0.723	link quality: 74	flight time: 0s	pos 0.15 0.91 -0.00	yaw: 1.11	msg/s 0.0
INFO: 11-10-2021 23:25:49 printStatus(169) -- Drogno_2: ready	battery: 4.14	kalman var: 0.0 0.0 0.001	 batterySag: 0.723	link quality: 67	flight time: 0s	pos 0.15 0.91 -0.00	yaw: 1.10	msg/s 0.0
INFO: 11-10-2021 23:25:50 printStatus(169) -- Drogno_2: ready	battery: 4.14	kalman var: 0.0 0.0 0.0	 batterySag: 0.723	link quality: 67	flight time: 0s	pos 0.15 0.91 -0.00	yaw: 1.13	msg/s 0.0
INFO: 11-10-2021 23:25:52 printStatus(169) -- Drogno_2: ready	battery: 4.14	kalman var: 0.0 0.0 0.0	 batterySag: 0.723	link quality: 64	flight time: 0s	pos 0.15 0.91 -0.00	yaw: 1.18	msg/s 0.0
INFO: 11-10-2021 23:25:53 printStatus(169) -- Drogno_2: ready	battery: 4.14	kalman var: 0.0 0.0 0.0	 batterySag: 0.723	link quality: 63	flight time: 0s	pos 0.15 0.91 -0.00	yaw: 1.18	msg/s 0.0
INFO: 11-10-2021 23:25:54 printStatus(169) -- Drogno_2: ready	battery: 4.14	kalman var: 0.0 0.0 0.0	 batterySag: 0.723	link quality: 67	flight time: 0s	pos 0.15 0.91 -0.00	yaw: 1.14	msg/s 0.0
INFO: 11-10-2021 23:25:55 printStatus(169) -- Drogno_2: ready	battery: 4.14	kalman var: 0.0 0.0 0.0	 batterySag: 0.723	link quality: 67	flight time: 0s	pos 0.15 0.91 -0.00	yaw: 1.15	msg/s 0.0
INFO: 11-10-2021 23:25:57 printStatus(169) -- Drogno_2: ready	battery: 4.14	kalman var: 0.0 0.0 0.0	 batterySag: 0.723	link quality: 69	flight time: 0s	pos 0.15 0.91 -0.00	yaw: 1.14	msg/s 0.0
INFO: 11-10-2021 23:25:58 printStatus(169) -- Drogno_2: ready	battery: 4.14	kalman var: 0.001 0.001 0.001	 batterySag: 0.723	link quality: 69	flight time: 0s	pos 0.15 0.91 -0.00	yaw: 1.13	msg/s 0.0
INFO: 11-10-2021 23:25:59 printStatus(169) -- Drogno_2: ready	battery: 4.14	kalman var: 0.0 0.0 0.0	 batterySag: 0.723	link quality: 69	flight time: 0s	pos 0.15 0.91 -0.00	yaw: 1.18	msg/s 0.0
INFO: 11-10-2021 23:26:00 printStatus(169) -- Drogno_2: ready	battery: 4.14	kalman var: 0.001 0.001 0.001	 batterySag: 0.723	link quality: 69	flight time: 0s	pos 0.15 0.91 -0.00	yaw: 1.13	msg/s 0.0
INFO: 11-10-2021 23:26:02 printStatus(169) -- Drogno_2: ready	battery: 4.14	kalman var: 0.0 0.0 0.0	 batterySag: 0.723	link quality: 75	flight time: 0s	pos 0.15 0.91 -0.00	yaw: 1.12	msg/s 0.0
INFO: 11-10-2021 23:26:03 printStatus(169) -- Drogno_2: ready	battery: 4.14	kalman var: 0.0 0.0 0.0	 batterySag: 0.723	link quality: 65	flight time: 0s	pos 0.15 0.91 -0.00	yaw: 1.21	msg/s 0.0
INFO: 11-10-2021 23:26:05 printStatus(169) -- Drogno_2: ready	battery: 4.14	kalman var: 0.0 0.0 0.0	 batterySag: 0.723	link quality: 69	flight time: 0s	pos 0.15 0.91 -0.00	yaw: 1.16	msg/s 0.0
INFO: 11-10-2021 23:26:06 printStatus(169) -- Drogno_2: ready	battery: 4.14	kalman var: 0.0 0.0 0.001	 batterySag: 0.723	link quality: 67	flight time: 0s	pos 0.14 0.91 -0.00	yaw: 1.16	msg/s 0.0
INFO: 11-10-2021 23:26:07 printStatus(169) -- Drogno_2: ready	battery: 4.14	kalman var: 0.001 0.001 0.001	 batterySag: 0.723	link quality: 69	flight time: 0s	pos 0.15 0.91 -0.00	yaw: 1.17	msg/s 0.0
INFO: 11-10-2021 23:26:08 printStatus(169) -- Drogno_2: ready	battery: 4.14	kalman var: 0.0 0.0 0.0	 batterySag: 0.723	link quality: 69	flight time: 0s	pos 0.15 0.91 -0.00	yaw: 1.09	msg/s 0.0
INFO: 11-10-2021 23:26:10 printStatus(169) -- Drogno_2: ready	battery: 4.14	kalman var: 0.0 0.0 0.0	 batterySag: 0.723	link quality: 67	flight time: 0s	pos 0.15 0.91 -0.00	yaw: 1.18	msg/s 0.0
INFO: 11-10-2021 23:26:11 printStatus(169) -- Drogno_2: ready	battery: 4.14	kalman var: 0.0 0.0 0.0	 batterySag: 0.723	link quality: 69	flight time: 0s	pos 0.15 0.91 -0.00	yaw: 1.21	msg/s 0.0
INFO: 11-10-2021 23:26:13 printStatus(169) -- Drogno_2: ready	battery: 4.14	kalman var: 0.0 0.0 0.0	 batterySag: 0.723	link quality: 71	flight time: 0s	pos 0.15 0.91 -0.00	yaw: 1.15	msg/s 0.0
INFO: 11-10-2021 23:26:14 printStatus(169) -- Drogno_2: ready	battery: 4.14	kalman var: 0.0 0.0 0.0	 batterySag: 0.723	link quality: 69	flight time: 0s	pos 0.15 0.91 -0.00	yaw: 1.15	msg/s 0.0
INFO: 11-10-2021 23:26:15 printStatus(169) -- Drogno_2: ready	battery: 4.14	kalman var: 0.0 0.0 0.0	 batterySag: 0.723	link quality: 67	flight time: 0s	pos 0.15 0.91 -0.00	yaw: 1.19	msg/s 0.0
INFO: 11-10-2021 23:26:16 printStatus(169) -- Drogno_2: ready	battery: 4.14	kalman var: 0.0 0.0 0.0	 batterySag: 0.723	link quality: 70	flight time: 0s	pos 0.15 0.91 -0.00	yaw: 1.22	msg/s 0.0
INFO: 11-10-2021 23:26:17 printStatus(169) -- Drogno_2: ready	battery: 4.14	kalman var: 0.0 0.0 0.0	 batterySag: 0.723	link quality: 69	flight time: 0s	pos 0.15 0.91 -0.00	yaw: 1.20	msg/s 0.0
INFO: 11-10-2021 23:26:18 printStatus(169) -- Drogno_2: ready	battery: 4.14	kalman var: 0.001 0.001 0.001	 batterySag: 0.723	link quality: 70	flight time: 0s	pos 0.15 0.91 -0.00	yaw: 1.16	msg/s 0.0
INFO: 11-10-2021 23:26:20 printStatus(169) -- Drogno_2: ready	battery: 4.14	kalman var: 0.0 0.0 0.0	 batterySag: 0.723	link quality: 69	flight time: 0s	pos 0.15 0.91 -0.00	yaw: 1.16	msg/s 0.0
INFO: 11-10-2021 23:26:21 printStatus(169) -- Drogno_2: ready	battery: 4.14	kalman var: 0.0 0.0 0.0	 batterySag: 0.723	link quality: 71	flight time: 0s	pos 0.15 0.91 -0.00	yaw: 1.22	msg/s 0.0
INFO: 11-10-2021 23:26:22 printStatus(169) -- Drogno_2: ready	battery: 4.14	kalman var: 0.001 0.001 0.001	 batterySag: 0.723	link quality: 71	flight time: 0s	pos 0.15 0.91 -0.00	yaw: 1.19	msg/s 0.0
INFO: 11-10-2021 23:26:23 printStatus(169) -- Drogno_2: ready	battery: 4.14	kalman var: 0.0 0.0 0.0	 batterySag: 0.723	link quality: 71	flight time: 0s	pos 0.15 0.91 -0.00	yaw: 1.21	msg/s 0.0
INFO: 11-10-2021 23:26:24 printStatus(169) -- Drogno_2: ready	battery: 4.14	kalman var: 0.0 0.0 0.0	 batterySag: 0.723	link quality: 67	flight time: 0s	pos 0.15 0.91 -0.00	yaw: 1.23	msg/s 0.0
INFO: 11-10-2021 23:26:25 printStatus(169) -- Drogno_2: ready	battery: 4.14	kalman var: 0.0 0.0 0.0	 batterySag: 0.723	link quality: 66	flight time: 0s	pos 0.15 0.91 -0.00	yaw: 1.18	msg/s 0.0
INFO: 11-10-2021 23:26:27 printStatus(169) -- Drogno_2: ready	battery: 4.14	kalman var: 0.0 0.0 0.0	 batterySag: 0.723	link quality: 72	flight time: 0s	pos 0.15 0.91 -0.00	yaw: 1.21	msg/s 0.0
INFO: 11-10-2021 23:26:28 printStatus(169) -- Drogno_2: ready	battery: 4.14	kalman var: 0.0 0.0 0.0	 batterySag: 0.723	link quality: 72	flight time: 0s	pos 0.15 0.91 -0.00	yaw: 1.19	msg/s 0.0
INFO: 11-10-2021 23:26:29 printStatus(169) -- Drogno_2: ready	battery: 4.14	kalman var: 0.0 0.0 0.0	 batterySag: 0.723	link quality: 68	flight time: 0s	pos 0.15 0.91 -0.00	yaw: 1.19	msg/s 0.0
INFO: 11-10-2021 23:26:30 printStatus(169) -- Drogno_2: ready	battery: 4.14	kalman var: 0.0 0.0 0.001	 batterySag: 0.723	link quality: 71	flight time: 0s	pos 0.15 0.91 -0.00	yaw: 1.20	msg/s 0.0
INFO: 11-10-2021 23:26:31 printStatus(169) -- Drogno_2: ready	battery: 4.14	kalman var: 0.0 0.0 0.0	 batterySag: 0.723	link quality: 71	flight time: 0s	pos 0.15 0.91 -0.00	yaw: 1.21	msg/s 0.0
INFO: 11-10-2021 23:26:32 printStatus(169) -- Drogno_2: ready	battery: 4.14	kalman var: 0.0 0.0 0.0	 batterySag: 0.723	link quality: 69	flight time: 0s	pos 0.15 0.91 -0.00	yaw: 1.20	msg/s 0.0
INFO: 11-10-2021 23:26:34 printStatus(169) -- Drogno_2: ready	battery: 4.14	kalman var: 0.0 0.0 0.0	 batterySag: 0.723	link quality: 71	flight time: 0s	pos 0.15 0.91 -0.00	yaw: 1.24	msg/s 0.0
INFO: 11-10-2021 23:26:35 printStatus(169) -- Drogno_2: ready	battery: 4.14	kalman var: 0.001 0.001 0.001	 batterySag: 0.723	link quality: 69	flight time: 0s	pos 0.14 0.91 -0.00	yaw: 1.26	msg/s 0.0
INFO: 11-10-2021 23:26:36 printStatus(169) -- Drogno_2: ready	battery: 4.14	kalman var: 0.0 0.0 0.0	 batterySag: 0.723	link quality: 71	flight time: 0s	pos 0.15 0.91 -0.00	yaw: 1.21	msg/s 0.0
INFO: 11-10-2021 23:26:37 printStatus(169) -- Drogno_2: ready	battery: 4.14	kalman var: 0.001 0.001 0.001	 batterySag: 0.723	link quality: 69	flight time: 0s	pos 0.15 0.91 -0.00	yaw: 1.16	msg/s 0.0
INFO: 11-10-2021 23:26:38 printStatus(169) -- Drogno_2: ready	battery: 4.14	kalman var: 0.0 0.0 0.0	 batterySag: 0.723	link quality: 68	flight time: 0s	pos 0.15 0.91 -0.00	yaw: 1.20	msg/s 0.0
INFO: 11-10-2021 23:26:40 printStatus(169) -- Drogno_2: ready	battery: 4.14	kalman var: 0.0 0.0 0.0	 batterySag: 0.723	link quality: 69	flight time: 0s	pos 0.15 0.91 -0.00	yaw: 1.17	msg/s 0.0
INFO: 11-10-2021 23:26:41 printStatus(169) -- Drogno_2: ready	battery: 4.14	kalman var: 0.0 0.0 0.001	 batterySag: 0.723	link quality: 69	flight time: 0s	pos 0.15 0.91 -0.00	yaw: 1.21	msg/s 0.0
INFO: 11-10-2021 23:26:42 printStatus(169) -- Drogno_2: ready	battery: 4.14	kalman var: 0.0 0.0 0.0	 batterySag: 0.723	link quality: 69	flight time: 0s	pos 0.15 0.91 -0.00	yaw: 1.21	msg/s 0.0
INFO: 11-10-2021 23:26:43 printStatus(169) -- Drogno_2: ready	battery: 4.14	kalman var: 0.0 0.0 0.0	 batterySag: 0.723	link quality: 68	flight time: 0s	pos 0.15 0.91 -0.00	yaw: 1.22	msg/s 0.0
INFO: 11-10-2021 23:26:44 printStatus(169) -- Drogno_2: ready	battery: 4.14	kalman var: 0.0 0.0 0.0	 batterySag: 0.723	link quality: 69	flight time: 0s	pos 0.15 0.91 -0.00	yaw: 1.22	msg/s 0.0
INFO: 11-10-2021 23:26:45 printStatus(169) -- Drogno_2: ready	battery: 4.14	kalman var: 0.0 0.0 0.0	 batterySag: 0.723	link quality: 69	flight time: 0s	pos 0.15 0.91 -0.00	yaw: 1.20	msg/s 0.0
INFO: 11-10-2021 23:26:46 printStatus(169) -- Drogno_2: ready	battery: 4.14	kalman var: 0.0 0.0 0.0	 batterySag: 0.723	link quality: 70	flight time: 0s	pos 0.15 0.91 -0.00	yaw: 1.21	msg/s 0.0
INFO: 11-10-2021 23:26:48 printStatus(169) -- Drogno_2: ready	battery: 4.14	kalman var: 0.0 0.0 0.0	 batterySag: 0.723	link quality: 69	flight time: 0s	pos 0.15 0.91 -0.00	yaw: 1.22	msg/s 0.0
INFO: 11-10-2021 23:26:49 printStatus(169) -- Drogno_2: ready	battery: 4.14	kalman var: 0.0 0.0 0.0	 batterySag: 0.723	link quality: 69	flight time: 0s	pos 0.15 0.91 -0.00	yaw: 1.21	msg/s 0.0
INFO: 11-10-2021 23:26:51 printStatus(169) -- Drogno_2: ready	battery: 4.14	kalman var: 0.001 0.001 0.001	 batterySag: 0.723	link quality: 69	flight time: 0s	pos 0.14 0.91 -0.01	yaw: 1.18	msg/s 0.0
INFO: 11-10-2021 23:26:52 printStatus(169) -- Drogno_2: ready	battery: 4.14	kalman var: 0.0 0.0 0.0	 batterySag: 0.723	link quality: 68	flight time: 0s	pos 0.15 0.91 -0.00	yaw: 1.18	msg/s 0.0
INFO: 11-10-2021 23:26:53 printStatus(169) -- Drogno_2: ready	battery: 4.14	kalman var: 0.001 0.001 0.001	 batterySag: 0.723	link quality: 69	flight time: 0s	pos 0.15 0.91 -0.00	yaw: 1.19	msg/s 0.0
INFO: 11-10-2021 23:26:54 printStatus(169) -- Drogno_2: ready	battery: 4.14	kalman var: 0.0 0.0 0.0	 batterySag: 0.723	link quality: 69	flight time: 0s	pos 0.15 0.91 -0.00	yaw: 1.18	msg/s 0.0
INFO: 11-10-2021 23:26:56 printStatus(169) -- Drogno_2: ready	battery: 4.14	kalman var: 0.0 0.0 0.0	 batterySag: 0.723	link quality: 69	flight time: 0s	pos 0.15 0.91 -0.00	yaw: 1.18	msg/s 0.0
INFO: 11-10-2021 23:26:58 printStatus(169) -- Drogno_2: hovering	battery: 4.14	kalman var: 0.0 0.0 0.0	 batterySag: 0.723	link quality: 69	flight time: 0s	pos 0.15 0.91 -0.00	yaw: 1.12	msg/s 0.0
INFO: 11-10-2021 23:26:59 printStatus(169) -- Drogno_2: ready	battery: 3.79	kalman var: 0.0 0.0 0.0	 batterySag: 0.723	link quality: 67	flight time: 0s	pos 0.14 0.89 0.47	yaw: 1.96	msg/s 0.0
INFO: 11-10-2021 23:27:01 printStatus(169) -- Drogno_2: moving	battery: 3.85	kalman var: 0.0 0.0 0.001	 batterySag: 0.723	link quality: 51	flight time: 2s	pos 0.18 0.91 0.79	yaw: 1.09	msg/s 7.3
INFO: 11-10-2021 23:27:02 printStatus(169) -- Drogno_2: hovering	battery: 3.76	kalman var: 0.001 0.001 0.001	 batterySag: 0.723	link quality: 61	flight time: 3s	pos 0.48 0.98 0.81	yaw: 1.04	msg/s 7.3
INFO: 11-10-2021 23:27:03 printStatus(169) -- Drogno_2: hovering	battery: 3.72	kalman var: 0.001 0.001 0.001	 batterySag: 0.723	link quality: 69	flight time: 4s	pos 0.41 0.95 0.91	yaw: 0.48	msg/s 10.9
INFO: 11-10-2021 23:27:04 printStatus(169) -- Drogno_2: ready	battery: 3.72	kalman var: 0.002 0.002 0.001	 batterySag: 0.723	link quality: 63	flight time: 5s	pos 0.41 0.90 1.00	yaw: -0.25	msg/s 5.5
INFO: 11-10-2021 23:27:05 printStatus(169) -- Drogno_2: hovering	battery: 3.71	kalman var: 0.001 0.001 0.001	 batterySag: 0.723	link quality: 63	flight time: 6s	pos 0.38 0.87 1.00	yaw: -0.67	msg/s 7.3
INFO: 11-10-2021 23:27:06 printStatus(169) -- Drogno_2: hovering	battery: 3.64	kalman var: 0.001 0.001 0.001	 batterySag: 0.723	link quality: 62	flight time: 8s	pos 0.34 0.85 0.97	yaw: -0.41	msg/s 10.9
INFO: 11-10-2021 23:27:08 printStatus(169) -- Drogno_2: hovering	battery: 3.7	kalman var: 0.002 0.002 0.001	 batterySag: 0.723	link quality: 54	flight time: 9s	pos 0.19 0.81 1.06	yaw: -0.69	msg/s 20.0
INFO: 11-10-2021 23:27:09 printStatus(169) -- Drogno_2: hovering	battery: 3.7	kalman var: 0.002 0.002 0.001	 batterySag: 0.723	link quality: 64	flight time: 10s	pos 0.01 0.78 1.06	yaw: -0.03	msg/s 14.5
INFO: 11-10-2021 23:27:10 printStatus(169) -- Drogno_2: hovering	battery: 3.67	kalman var: 0.0 0.0 0.0	 batterySag: 0.723	link quality: 63	flight time: 11s	pos -0.24 0.72 1.07	yaw: -0.39	msg/s 16.4
INFO: 11-10-2021 23:27:11 printStatus(169) -- Drogno_2: hovering	battery: 3.66	kalman var: 0.0 0.0 0.0	 batterySag: 0.723	link quality: 59	flight time: 12s	pos -0.81 0.41 1.12	yaw: -1.23	msg/s 16.4
INFO: 11-10-2021 23:27:13 printStatus(169) -- Drogno_2: hovering	battery: 3.64	kalman var: 0.0 0.0 0.0	 batterySag: 0.723	link quality: 63	flight time: 14s	pos -1.03 0.20 1.16	yaw: -2.89	msg/s 18.2
INFO: 11-10-2021 23:27:14 printStatus(169) -- Drogno_2: moving	battery: 3.65	kalman var: 0.0 0.0 0.0	 batterySag: 0.723	link quality: 62	flight time: 15s	pos -1.07 -0.05 1.19	yaw: 0.88	msg/s 16.4
INFO: 11-10-2021 23:27:15 printStatus(169) -- Drogno_2: hovering	battery: 3.67	kalman var: 0.0 0.0 0.0	 batterySag: 0.723	link quality: 66	flight time: 16s	pos -0.97 -0.49 1.12	yaw: 0.47	msg/s 16.4
INFO: 11-10-2021 23:27:17 printStatus(169) -- Drogno_2: hovering	battery: 3.68	kalman var: 0.001 0.001 0.001	 batterySag: 0.723	link quality: 63	flight time: 17s	pos -0.86 -0.64 1.29	yaw: 1.39	msg/s 18.2
INFO: 11-10-2021 23:27:18 printStatus(169) -- Drogno_2: hovering	battery: 3.64	kalman var: 0.0 0.0 0.001	 batterySag: 0.723	link quality: 69	flight time: 19s	pos -0.73 -0.81 1.00	yaw: 1.14	msg/s 10.9
INFO: 11-10-2021 23:27:19 printStatus(169) -- Drogno_2: hovering	battery: 3.64	kalman var: 0.001 0.001 0.001	 batterySag: 0.723	link quality: 59	flight time: 20s	pos -0.61 -0.87 1.02	yaw: 1.00	msg/s 7.3
INFO: 11-10-2021 23:27:20 printStatus(169) -- Drogno_2: hovering	battery: 3.65	kalman var: 0.005 0.005 0.002	 batterySag: 0.723	link quality: 58	flight time: 21s	pos -0.45 -0.90 1.23	yaw: -0.65	msg/s 12.7
WARNING: 11-10-2021 23:27:21 evaluateBattery(804) -- battery under 3.50v
INFO: 11-10-2021 23:27:22 printStatus(169) -- Drogno_2: hovering	battery: 3.63	kalman var: 0.0 0.0 0.0	 batterySag: 0.723	link quality: 65	flight time: 22s	pos -0.29 -0.93 1.08	yaw: 0.07	msg/s 18.2
INFO: 11-10-2021 23:27:23 printStatus(169) -- Drogno_2: hovering	battery: 3.62	kalman var: 0.0 0.0 0.0	 batterySag: 0.723	link quality: 59	flight time: 24s	pos -0.78 -1.05 1.05	yaw: 0.95	msg/s 16.4
INFO: 11-10-2021 23:27:25 printStatus(169) -- Drogno_2: hovering	battery: 3.61	kalman var: 0.001 0.001 0.001	 batterySag: 0.723	link quality: 64	flight time: 26s	pos -0.47 -1.46 1.18	yaw: -0.14	msg/s 10.9
INFO: 11-10-2021 23:27:26 printStatus(169) -- Drogno_2: hovering	battery: 3.62	kalman var: 0.0 0.0 0.0	 batterySag: 0.723	link quality: 57	flight time: 27s	pos 0.15 -1.19 1.43	yaw: 0.34	msg/s 16.4
INFO: 11-10-2021 23:27:27 printStatus(169) -- Drogno_2: hovering	battery: 3.62	kalman var: 0.001 0.001 0.001	 batterySag: 0.723	link quality: 64	flight time: 28s	pos 0.53 0.49 1.75	yaw: -1.05	msg/s 18.2
INFO: 11-10-2021 23:27:29 printStatus(169) -- Drogno_2: hovering	battery: 3.63	kalman var: 0.001 0.001 0.001	 batterySag: 0.723	link quality: 53	flight time: 30s	pos -0.40 0.97 1.66	yaw: -0.42	msg/s 12.7
INFO: 11-10-2021 23:27:30 printStatus(169) -- Drogno_2: moving	battery: 3.58	kalman var: 0.0 0.0 0.0	 batterySag: 0.723	link quality: 67	flight time: 31s	pos -1.32 -0.41 1.17	yaw: -0.63	msg/s 12.7
INFO: 11-10-2021 23:27:32 printStatus(169) -- Drogno_2: hovering	battery: 3.61	kalman var: 0.0 0.0 0.0	 batterySag: 0.723	link quality: 58	flight time: 33s	pos -1.12 -1.14 1.01	yaw: -1.28	msg/s 18.2
INFO: 11-10-2021 23:27:33 printStatus(169) -- Drogno_2: hovering	battery: 3.52	kalman var: 0.001 0.001 0.001	 batterySag: 0.723	link quality: 61	flight time: 34s	pos -1.09 -1.16 0.81	yaw: -1.24	msg/s 16.4
INFO: 11-10-2021 23:27:34 printStatus(169) -- Drogno_2: ready	battery: 3.65	kalman var: 0.001 0.001 0.001	 batterySag: 0.723	link quality: 70	flight time: 35s	pos -1.10 -1.06 1.06	yaw: 0.71	msg/s 12.7
INFO: 11-10-2021 23:27:35 printStatus(169) -- Drogno_2: hovering	battery: 3.61	kalman var: 0.001 0.001 0.001	 batterySag: 0.723	link quality: 63	flight time: 36s	pos -0.97 -0.93 0.80	yaw: -3.00	msg/s 12.7
INFO: 11-10-2021 23:27:36 printStatus(169) -- Drogno_2: hovering	battery: 3.65	kalman var: 0.001 0.001 0.001	 batterySag: 0.723	link quality: 68	flight time: 38s	pos -0.66 -0.94 0.99	yaw: 2.07	msg/s 14.5
INFO: 11-10-2021 23:27:38 printStatus(169) -- Drogno_2: hovering	battery: 3.58	kalman var: 0.001 0.001 0.001	 batterySag: 0.723	link quality: 67	flight time: 39s	pos -0.41 -0.98 0.63	yaw: -1.00	msg/s 16.4
INFO: 11-10-2021 23:27:39 printStatus(169) -- Drogno_2: hovering	battery: 3.58	kalman var: 0.002 0.002 0.001	 batterySag: 0.723	link quality: 56	flight time: 40s	pos -0.29 -0.94 0.49	yaw: 0.02	msg/s 18.2
INFO: 11-10-2021 23:27:40 printStatus(169) -- Drogno_2: hovering	battery: 3.58	kalman var: 0.0 0.0 0.0	 batterySag: 0.723	link quality: 56	flight time: 41s	pos -0.31 -1.01 0.49	yaw: -4.51	msg/s 14.5
INFO: 11-10-2021 23:27:41 printStatus(169) -- Drogno_2: hovering	battery: 3.58	kalman var: 0.0 0.0 0.0	 batterySag: 0.723	link quality: 58	flight time: 42s	pos -0.39 -1.08 0.61	yaw: 0.35	msg/s 16.4
INFO: 11-10-2021 23:27:42 printStatus(169) -- Drogno_2: hovering	battery: 3.58	kalman var: 0.001 0.001 0.001	 batterySag: 0.723	link quality: 58	flight time: 43s	pos -0.89 -1.02 0.95	yaw: 1.60	msg/s 20.0
INFO: 11-10-2021 23:27:43 printStatus(169) -- Drogno_2: hovering	battery: 3.59	kalman var: 0.001 0.001 0.001	 batterySag: 0.723	link quality: 65	flight time: 44s	pos -1.24 -0.80 1.14	yaw: 0.98	msg/s 16.4
INFO: 11-10-2021 23:27:44 printStatus(169) -- Drogno_2: hovering	battery: 3.58	kalman var: 0.0 0.0 0.0	 batterySag: 0.723	link quality: 67	flight time: 46s	pos -1.37 -0.31 1.25	yaw: 0.56	msg/s 14.5
INFO: 11-10-2021 23:27:46 printStatus(169) -- Drogno_2: hovering	battery: 3.58	kalman var: 0.0 0.0 0.0	 batterySag: 0.723	link quality: 56	flight time: 47s	pos -1.33 0.70 1.26	yaw: 0.41	msg/s 16.4
INFO: 11-10-2021 23:27:48 printStatus(169) -- Drogno_2: hovering	battery: 3.59	kalman var: 0.001 0.001 0.001	 batterySag: 0.723	link quality: 57	flight time: 49s	pos -0.98 1.14 1.25	yaw: 0.81	msg/s 18.2
INFO: 11-10-2021 23:27:49 printStatus(169) -- Drogno_2: hovering	battery: 3.5	kalman var: 0.001 0.001 0.001	 batterySag: 0.723	link quality: 55	flight time: 50s	pos -0.60 1.13 1.14	yaw: 1.11	msg/s 14.5
INFO: 11-10-2021 23:27:50 printStatus(169) -- Drogno_2: hovering	battery: 3.55	kalman var: 0.001 0.001 0.001	 batterySag: 0.723	link quality: 57	flight time: 51s	pos 0.02 0.93 1.48	yaw: 0.47	msg/s 16.4
INFO: 11-10-2021 23:27:51 printStatus(169) -- Drogno_2: hovering	battery: 3.58	kalman var: 0.0 0.0 0.001	 batterySag: 0.723	link quality: 51	flight time: 52s	pos 0.73 0.18 2.12	yaw: 0.44	msg/s 18.2
INFO: 11-10-2021 23:27:53 printStatus(169) -- Drogno_2: hovering	battery: 3.61	kalman var: 0.001 0.001 0.001	 batterySag: 0.723	link quality: 56	flight time: 54s	pos 0.49 -0.44 1.93	yaw: -2.18	msg/s 14.5
INFO: 11-10-2021 23:27:54 printStatus(169) -- Drogno_2: hovering	battery: 3.59	kalman var: 0.0 0.0 0.0	 batterySag: 0.723	link quality: 58	flight time: 55s	pos 0.28 -0.77 1.59	yaw: -2.88	msg/s 14.5
INFO: 11-10-2021 23:27:55 printStatus(169) -- Drogno_2: ready	battery: 3.55	kalman var: 0.0 0.0 0.0	 batterySag: 0.723	link quality: 66	flight time: 56s	pos -0.59 -0.99 0.84	yaw: 4.85	msg/s 18.2
INFO: 11-10-2021 23:27:56 printStatus(169) -- Drogno_2: hovering	battery: 3.56	kalman var: 0.0 0.0 0.0	 batterySag: 0.723	link quality: 77	flight time: 57s	pos -1.00 -0.74 0.49	yaw: 2.88	msg/s 16.4
INFO: 11-10-2021 23:27:57 printStatus(169) -- Drogno_2: hovering	battery: 3.53	kalman var: 0.0 0.0 0.0	 batterySag: 0.723	link quality: 56	flight time: 59s	pos -1.29 0.04 0.33	yaw: 0.02	msg/s 16.4
INFO: 11-10-2021 23:27:59 printStatus(169) -- Drogno_2: hovering	battery: 3.54	kalman var: 0.001 0.001 0.001	 batterySag: 0.723	link quality: 53	flight time: 60s	pos -0.36 1.27 1.08	yaw: 1.26	msg/s 16.4
INFO: 11-10-2021 23:28:00 printStatus(169) -- Drogno_2: hovering	battery: 3.56	kalman var: 0.002 0.002 0.001	 batterySag: 0.723	link quality: 61	flight time: 62s	pos 0.31 1.13 1.54	yaw: 0.20	msg/s 20.0
INFO: 11-10-2021 23:28:02 printStatus(169) -- Drogno_2: hovering	battery: 3.56	kalman var: 0.002 0.002 0.001	 batterySag: 0.723	link quality: 54	flight time: 63s	pos 0.66 0.83 1.65	yaw: 0.05	msg/s 23.6
INFO: 11-10-2021 23:28:03 printStatus(169) -- Drogno_2: hovering	battery: 3.53	kalman var: 0.001 0.001 0.001	 batterySag: 0.723	link quality: 53	flight time: 64s	pos 0.71 0.65 1.54	yaw: 0.90	msg/s 23.6
INFO: 11-10-2021 23:28:04 printStatus(169) -- Drogno_2: hovering	battery: 3.54	kalman var: 0.002 0.002 0.001	 batterySag: 0.723	link quality: 58	flight time: 65s	pos 0.45 0.65 1.44	yaw: 0.88	msg/s 21.8
INFO: 11-10-2021 23:28:05 printStatus(169) -- Drogno_2: hovering	battery: 3.55	kalman var: 0.0 0.0 0.0	 batterySag: 0.723	link quality: 61	flight time: 66s	pos -0.05 0.63 1.29	yaw: -0.27	msg/s 23.6
INFO: 11-10-2021 23:28:06 printStatus(169) -- Drogno_2: hovering	battery: 3.47	kalman var: 0.0 0.0 0.0	 batterySag: 0.723	link quality: 56	flight time: 68s	pos -0.41 0.76 1.28	yaw: -0.41	msg/s 23.6
WARNING: 11-10-2021 23:28:07 evaluateBattery(804) -- battery under 3.50v
INFO: 11-10-2021 23:28:08 printStatus(169) -- Drogno_2: hovering	battery: 3.54	kalman var: 0.0 0.0 0.001	 batterySag: 0.723	link quality: 65	flight time: 69s	pos -1.19 0.78 1.34	yaw: -0.31	msg/s 21.8
INFO: 11-10-2021 23:28:09 printStatus(169) -- Drogno_2: hovering	battery: 3.56	kalman var: 0.002 0.002 0.001	 batterySag: 0.723	link quality: 62	flight time: 70s	pos -1.53 0.88 1.26	yaw: -0.65	msg/s 25.5
INFO: 11-10-2021 23:28:11 printStatus(169) -- Drogno_2: hovering	battery: 3.51	kalman var: 0.001 0.001 0.001	 batterySag: 0.723	link quality: 69	flight time: 72s	pos -1.45 1.33 0.89	yaw: -0.02	msg/s 21.8
INFO: 11-10-2021 23:28:12 printStatus(169) -- Drogno_2: hovering	battery: 3.53	kalman var: 0.0 0.0 0.0	 batterySag: 0.723	link quality: 69	flight time: 73s	pos -0.72 1.42 0.87	yaw: -0.30	msg/s 25.5
WARNING: 11-10-2021 23:28:12 evaluateBattery(804) -- battery under 3.50v
WARNING: 11-10-2021 23:28:13 evaluateBattery(804) -- battery under 3.50v
INFO: 11-10-2021 23:28:13 printStatus(169) -- Drogno_2: hovering	battery: 3.53	kalman var: 0.001 0.001 0.001	 batterySag: 0.723	link quality: 63	flight time: 74s	pos 0.84 1.14 1.11	yaw: -0.05	msg/s 21.8
INFO: 11-10-2021 23:28:15 printStatus(169) -- Drogno_2: hovering	battery: 3.53	kalman var: 0.001 0.001 0.001	 batterySag: 0.723	link quality: 66	flight time: 75s	pos 0.81 0.80 1.39	yaw: -0.17	msg/s 23.6
INFO: 11-10-2021 23:28:16 printStatus(169) -- Drogno_2: hovering	battery: 3.53	kalman var: 0.001 0.001 0.001	 batterySag: 0.723	link quality: 62	flight time: 77s	pos 0.41 0.75 1.46	yaw: -0.09	msg/s 23.6
INFO: 11-10-2021 23:28:18 printStatus(169) -- Drogno_2: hovering	battery: 3.45	kalman var: 0.001 0.001 0.001	 batterySag: 0.723	link quality: 55	flight time: 78s	pos 0.05 0.71 1.20	yaw: 60.72	msg/s 21.8
WARNING: 11-10-2021 23:28:18 evaluateBattery(804) -- battery under 3.50v
WARNING: 11-10-2021 23:28:19 evaluateBattery(804) -- battery under 3.50v
WARNING: 11-10-2021 23:28:19 evaluateBattery(815) -- battery under 3.35v
INFO: 11-10-2021 23:28:20 printStatus(169) -- Drogno_2: stand by	battery: 3.82	kalman var: 0.013 0.009 0.006	 batterySag: 0.723	link quality: 58	flight time: 80s	pos -1.68 0.90 -2.01	yaw: -169.38	msg/s 17.3
INFO: 11-10-2021 23:28:21 printStatus(169) -- Drogno_2: stand by	battery: 3.82	kalman var: 0.013 0.009 0.006	 batterySag: 0.723	link quality: 58	flight time: 80s	pos -1.68 0.90 -2.01	yaw: -169.38	msg/s 10.9
INFO: 11-10-2021 23:28:22 printStatus(169) -- Drogno_2: stand by	battery: 3.82	kalman var: 0.013 0.009 0.006	 batterySag: 0.723	link quality: 58	flight time: 80s	pos -1.68 0.90 -2.01	yaw: -169.38	msg/s 10.0
INFO: 11-10-2021 23:28:23 printStatus(169) -- Drogno_2: landed	battery: 3.82	kalman var: 0.013 0.009 0.006	 batterySag: 0.723	link quality: 58	flight time: 80s	pos -1.68 0.90 -2.01	yaw: -169.38	msg/s 13.6
INFO: 11-10-2021 23:28:24 printStatus(169) -- Drogno_2: landed	battery: 3.82	kalman var: 0.013 0.009 0.006	 batterySag: 0.723	link quality: 58	flight time: 80s	pos -1.68 0.90 -2.01	yaw: -169.38	msg/s 10.9
INFO: 11-10-2021 23:28:26 printStatus(169) -- Drogno_2: landed	battery: 3.82	kalman var: 0.013 0.009 0.006	 batterySag: 0.723	link quality: 58	flight time: 80s	pos -1.68 0.90 -2.01	yaw: -169.38	msg/s 11.8
INFO: 11-10-2021 23:28:27 printStatus(169) -- Drogno_2: landed	battery: 3.82	kalman var: 0.013 0.009 0.006	 batterySag: 0.723	link quality: 58	flight time: 80s	pos -1.68 0.90 -2.01	yaw: -169.38	msg/s 10.9
INFO: 11-10-2021 23:28:28 printStatus(169) -- Drogno_2: landed	battery: 3.82	kalman var: 0.013 0.009 0.006	 batterySag: 0.723	link quality: 58	flight time: 80s	pos -1.68 0.90 -2.01	yaw: -169.38	msg/s 11.8
INFO: 11-10-2021 23:28:30 printStatus(169) -- Drogno_2: landed	battery: 3.82	kalman var: 0.013 0.009 0.006	 batterySag: 0.723	link quality: 58	flight time: 80s	pos -1.68 0.90 -2.01	yaw: -169.38	msg/s 10.9
INFO: 11-10-2021 23:28:31 printStatus(169) -- Drogno_2: landed	battery: 3.82	kalman var: 0.013 0.009 0.006	 batterySag: 0.723	link quality: 58	flight time: 80s	pos -1.68 0.90 -2.01	yaw: -169.38	msg/s 10.9
INFO: 11-10-2021 23:28:33 printStatus(169) -- Drogno_2: landed	battery: 3.82	kalman var: 0.013 0.009 0.006	 batterySag: 0.723	link quality: 58	flight time: 80s	pos -1.68 0.90 -2.01	yaw: -169.38	msg/s 14.5
INFO: 11-10-2021 23:28:34 printStatus(169) -- Drogno_2: landed	battery: 3.82	kalman var: 0.013 0.009 0.006	 batterySag: 0.723	link quality: 58	flight time: 80s	pos -1.68 0.90 -2.01	yaw: -169.38	msg/s 20.9
INFO: 11-10-2021 23:28:35 printStatus(169) -- Drogno_2: landed	battery: 3.82	kalman var: 0.013 0.009 0.006	 batterySag: 0.723	link quality: 58	flight time: 80s	pos -1.68 0.90 -2.01	yaw: -169.38	msg/s 20.9
INFO: 11-10-2021 23:28:37 printStatus(169) -- Drogno_2: landed	battery: 3.82	kalman var: 0.013 0.009 0.006	 batterySag: 0.723	link quality: 58	flight time: 80s	pos -1.68 0.90 -2.01	yaw: -169.38	msg/s 21.8
INFO: 11-10-2021 23:28:38 printStatus(169) -- Drogno_2: landed	battery: 3.82	kalman var: 0.013 0.009 0.006	 batterySag: 0.723	link quality: 58	flight time: 80s	pos -1.68 0.90 -2.01	yaw: -169.38	msg/s 21.8
INFO: 11-10-2021 23:28:39 printStatus(169) -- Drogno_2: landed	battery: 3.82	kalman var: 0.013 0.009 0.006	 batterySag: 0.723	link quality: 58	flight time: 80s	pos -1.68 0.90 -2.01	yaw: -169.38	msg/s 0.9
INFO: 11-10-2021 23:28:40 printStatus(169) -- Drogno_2: landed	battery: 3.82	kalman var: 0.013 0.009 0.006	 batterySag: 0.723	link quality: 58	flight time: 80s	pos -1.68 0.90 -2.01	yaw: -169.38	msg/s 0.0
WARNING: 11-10-2021 23:28:51 exit(859) -- closing Drogno_2
