INFO: 15-07-2022 16:06:57 __init__(128) -- This is dronelog running on Drogno_0
INFO: 15-07-2022 16:06:57 printStatus(164) -- Started
INFO: 15-07-2022 16:07:22 printStatus(168) -- Drogno_0: out of BOX	battery: 4.13	kalman var: 0.378 0.378 0.006	 batterySag: 0.0	link quality: 35	flight time: 0s	pos -5.27 7.31 -0.18	yaw: 0.40	msg/s 0.0
INFO: 15-07-2022 16:07:23 printStatus(168) -- Drogno_0: out of BOX	battery: 4.13	kalman var: 0.538 0.538 0.007	 batterySag: 0.0	link quality: 35	flight time: 0s	pos -7.28 10.09 -0.25	yaw: 0.85	msg/s 0.0
INFO: 15-07-2022 16:07:24 printStatus(168) -- Drogno_0: out of BOX	battery: 4.13	kalman var: 0.792 0.792 0.009	 batterySag: 0.0	link quality: 35	flight time: 0s	pos -10.36 14.35 -0.36	yaw: 0.74	msg/s 0.0
INFO: 15-07-2022 16:07:25 printStatus(168) -- Drogno_0: out of BOX	battery: 4.13	kalman var: 1.057 1.057 0.01	 batterySag: 0.0	link quality: 35	flight time: 0s	pos -13.43 18.55 -0.46	yaw: 0.68	msg/s 0.0
INFO: 15-07-2022 16:07:27 printStatus(168) -- Drogno_0: out of BOX	battery: 4.13	kalman var: 1.367 1.367 0.011	 batterySag: 0.0	link quality: 35	flight time: 0s	pos -16.92 23.25 -0.57	yaw: 0.62	msg/s 0.0
INFO: 15-07-2022 16:07:28 printStatus(168) -- Drogno_0: out of BOX	battery: 4.13	kalman var: 1.723 1.723 0.012	 batterySag: 0.0	link quality: 35	flight time: 0s	pos -20.83 28.39 -0.69	yaw: 0.57	msg/s 0.0
INFO: 15-07-2022 16:07:29 printStatus(168) -- Drogno_0: out of BOX	battery: 4.13	kalman var: 2.133 2.133 0.014	 batterySag: 0.0	link quality: 35	flight time: 0s	pos -25.23 34.06 -0.83	yaw: 0.52	msg/s 0.0
INFO: 15-07-2022 16:07:30 printStatus(168) -- Drogno_0: out of BOX	battery: 4.13	kalman var: 2.596 2.596 0.015	 batterySag: 0.0	link quality: 35	flight time: 0s	pos -30.11 40.19 -0.99	yaw: 0.48	msg/s 0.0
INFO: 15-07-2022 16:07:31 printStatus(168) -- Drogno_0: out of BOX	battery: 4.13	kalman var: 3.168 3.168 0.016	 batterySag: 0.0	link quality: 35	flight time: 0s	pos -35.97 47.38 -1.17	yaw: 0.45	msg/s 0.0
INFO: 15-07-2022 16:07:32 printStatus(168) -- Drogno_0: out of BOX	battery: 4.13	kalman var: 3.748 3.748 0.017	 batterySag: 0.0	link quality: 35	flight time: 0s	pos -41.81 54.41 -1.35	yaw: 0.41	msg/s 0.0
INFO: 15-07-2022 16:07:33 printStatus(168) -- Drogno_0: out of BOX	battery: 4.13	kalman var: 4.398 4.398 0.018	 batterySag: 0.0	link quality: 35	flight time: 0s	pos -48.19 61.88 -1.54	yaw: 0.38	msg/s 0.0
INFO: 15-07-2022 16:07:34 printStatus(168) -- Drogno_0: out of BOX	battery: 4.13	kalman var: 5.18 5.18 0.02	 batterySag: 0.0	link quality: 35	flight time: 0s	pos -55.72 70.56 -1.77	yaw: 0.34	msg/s 0.0
INFO: 15-07-2022 16:07:36 printStatus(168) -- Drogno_0: out of BOX	battery: 4.13	kalman var: 5.883 5.887 0.021	 batterySag: 0.0	link quality: 35	flight time: 0s	pos -62.38 78.06 -1.98	yaw: 0.31	msg/s 0.0
INFO: 15-07-2022 16:07:37 printStatus(168) -- Drogno_0: out of BOX	battery: 4.13	kalman var: 6.816 6.816 0.022	 batterySag: 0.0	link quality: 35	flight time: 0s	pos -71.06 87.62 -2.24	yaw: 0.29	msg/s 0.0
INFO: 15-07-2022 16:07:38 printStatus(168) -- Drogno_0: out of BOX	battery: 4.13	kalman var: 7.66 7.664 0.023	 batterySag: 0.0	link quality: 35	flight time: 0s	pos -78.75 95.94 -2.46	yaw: 0.27	msg/s 0.0
INFO: 15-07-2022 16:07:39 printStatus(168) -- Drogno_0: out of BOX	battery: 4.13	kalman var: 0.004 0.004 0.001	 batterySag: 0.0	link quality: 35	flight time: 0s	pos -0.09 0.06 -0.00	yaw: 0.00	msg/s 0.0
INFO: 15-07-2022 16:07:40 printStatus(168) -- Drogno_0: BAD kalman	battery: 4.13	kalman var: 0.038 0.038 0.002	 batterySag: 0.0	link quality: 35	flight time: 0s	pos -0.85 0.62 -0.02	yaw: 0.02	msg/s 0.0
INFO: 15-07-2022 16:07:41 printStatus(168) -- Drogno_0: BAD kalman	battery: 4.13	kalman var: 0.085 0.085 0.003	 batterySag: 0.0	link quality: 35	flight time: 0s	pos -1.83 1.34 -0.05	yaw: 0.03	msg/s 0.0
INFO: 15-07-2022 16:07:42 printStatus(168) -- Drogno_0: out of BOX	battery: 4.13	kalman var: 0.198 0.198 0.005	 batterySag: 0.0	link quality: 35	flight time: 0s	pos -4.10 2.99 -0.10	yaw: 0.05	msg/s 0.0
INFO: 15-07-2022 16:07:43 printStatus(168) -- Drogno_0: out of BOX	battery: 4.13	kalman var: 0.325 0.325 0.006	 batterySag: 0.0	link quality: 35	flight time: 0s	pos -6.53 4.74 -0.17	yaw: 0.05	msg/s 0.0
INFO: 15-07-2022 16:07:44 printStatus(168) -- Drogno_0: out of BOX	battery: 4.13	kalman var: 0.472 0.472 0.007	 batterySag: 0.0	link quality: 35	flight time: 0s	pos -9.24 6.68 -0.23	yaw: 0.05	msg/s 0.0
INFO: 15-07-2022 16:07:46 printStatus(168) -- Drogno_0: out of BOX	battery: 4.13	kalman var: 0.388 0.632 0.386	 batterySag: 0.0	link quality: 35	flight time: 0s	pos -13.12 9.41 -0.27	yaw: -2.09	msg/s 0.0
INFO: 15-07-2022 16:07:47 printStatus(168) -- Drogno_0: out of BOX	battery: 4.13	kalman var: 0.99 0.958 0.011	 batterySag: 0.0	link quality: 35	flight time: 0s	pos -17.56 12.34 -0.18	yaw: -14.02	msg/s 0.0
INFO: 15-07-2022 16:07:48 printStatus(168) -- Drogno_0: out of BOX	battery: 4.13	kalman var: 1.285 1.249 0.013	 batterySag: 0.0	link quality: 35	flight time: 0s	pos -21.83 14.97 -0.01	yaw: -12.39	msg/s 0.0
INFO: 15-07-2022 16:07:49 printStatus(168) -- Drogno_0: out of BOX	battery: 4.13	kalman var: 1.593 1.552 0.014	 batterySag: 0.0	link quality: 35	flight time: 0s	pos -25.78 17.30 0.13	yaw: -11.30	msg/s 0.0
INFO: 15-07-2022 16:07:50 printStatus(168) -- Drogno_0: out of BOX	battery: 4.13	kalman var: 2.02 1.973 0.016	 batterySag: 0.0	link quality: 35	flight time: 0s	pos -30.75 20.12 0.29	yaw: -10.73	msg/s 0.0
INFO: 15-07-2022 16:07:51 printStatus(168) -- Drogno_0: out of BOX	battery: 4.13	kalman var: 2.51 2.457 0.018	 batterySag: 0.0	link quality: 35	flight time: 0s	pos -35.97 23.03 0.44	yaw: -9.51	msg/s 0.0
INFO: 15-07-2022 16:07:52 printStatus(168) -- Drogno_0: out of BOX	battery: 4.13	kalman var: 3.014 2.957 0.02	 batterySag: 0.0	link quality: 35	flight time: 0s	pos -40.88 25.78 0.56	yaw: -8.52	msg/s 0.0
INFO: 15-07-2022 16:07:53 printStatus(168) -- Drogno_0: out of BOX	battery: 4.13	kalman var: 3.525 3.465 0.022	 batterySag: 0.0	link quality: 35	flight time: 0s	pos -45.59 28.44 0.66	yaw: -7.51	msg/s 0.0
INFO: 15-07-2022 16:07:55 printStatus(168) -- Drogno_0: out of BOX	battery: 4.13	kalman var: 4.207 4.141 0.024	 batterySag: 0.0	link quality: 35	flight time: 0s	pos -51.47 31.81 0.76	yaw: -6.76	msg/s 0.0
INFO: 15-07-2022 16:07:56 printStatus(168) -- Drogno_0: out of BOX	battery: 4.13	kalman var: 4.902 4.828 0.026	 batterySag: 0.0	link quality: 35	flight time: 0s	pos -57.12 35.16 0.85	yaw: -6.05	msg/s 0.0
INFO: 15-07-2022 16:07:57 printStatus(168) -- Drogno_0: out of BOX	battery: 4.13	kalman var: 5.652 5.578 0.028	 batterySag: 0.0	link quality: 35	flight time: 0s	pos -63.00 38.69 0.92	yaw: -5.41	msg/s 0.0
INFO: 15-07-2022 16:07:58 printStatus(168) -- Drogno_0: out of BOX	battery: 4.13	kalman var: 6.484 6.402 0.03	 batterySag: 0.0	link quality: 35	flight time: 0s	pos -69.19 42.53 0.97	yaw: -4.84	msg/s 0.0
INFO: 15-07-2022 16:07:59 printStatus(168) -- Drogno_0: out of BOX	battery: 4.13	kalman var: 7.473 7.383 0.032	 batterySag: 0.0	link quality: 35	flight time: 0s	pos -76.25 47.06 1.02	yaw: -4.30	msg/s 0.0
INFO: 15-07-2022 16:08:00 printStatus(168) -- Drogno_0: out of BOX	battery: 4.13	kalman var: 8.539 8.445 0.034	 batterySag: 0.0	link quality: 35	flight time: 0s	pos -83.56 51.97 1.05	yaw: -3.82	msg/s 0.0
INFO: 15-07-2022 16:08:01 printStatus(168) -- Drogno_0: landed	battery: 4.13	kalman var: 8.727 8.633 0.034	 batterySag: 0.0	link quality: 35	flight time: 0s	pos -84.81 52.81 1.05	yaw: -3.72	msg/s 0.0
INFO: 15-07-2022 16:08:03 printStatus(168) -- Drogno_0: landed	battery: 4.13	kalman var: 8.727 8.633 0.034	 batterySag: 0.0	link quality: 35	flight time: 0s	pos 0.00 0.00 0.00	yaw: -3.72	msg/s 0.0
INFO: 15-07-2022 16:08:04 printStatus(168) -- Drogno_0: ready	battery: 4.13	kalman var: 0.008 0.008 0.004	 batterySag: 0.522	link quality: 35	flight time: 0s	pos -0.09 0.15 -0.01	yaw: 0.03	msg/s 0.0
INFO: 15-07-2022 16:08:05 printStatus(168) -- Drogno_0: ready	battery: 4.13	kalman var: 0.006 0.006 0.001	 batterySag: 0.522	link quality: 35	flight time: 0s	pos -0.08 0.14 -0.00	yaw: -0.00	msg/s 0.0
INFO: 15-07-2022 16:08:06 printStatus(168) -- Drogno_0: BAD kalman	battery: 4.13	kalman var: 0.041 0.041 0.002	 batterySag: 0.522	link quality: 35	flight time: 0s	pos -0.50 0.92 -0.02	yaw: -0.01	msg/s 0.0
INFO: 15-07-2022 16:08:07 printStatus(168) -- Drogno_0: BAD kalman	battery: 4.13	kalman var: 0.095 0.095 0.003	 batterySag: 0.522	link quality: 35	flight time: 0s	pos -1.14 2.08 -0.05	yaw: -0.00	msg/s 0.0
INFO: 15-07-2022 16:08:08 printStatus(168) -- Drogno_0: out of BOX	battery: 4.13	kalman var: 0.194 0.194 0.004	 batterySag: 0.522	link quality: 35	flight time: 0s	pos -2.25 4.09 -0.09	yaw: 0.01	msg/s 0.0
INFO: 15-07-2022 16:08:09 printStatus(168) -- Drogno_0: out of BOX	battery: 4.13	kalman var: 0.307 0.307 0.006	 batterySag: 0.522	link quality: 35	flight time: 0s	pos -3.47 6.27 -0.14	yaw: -0.02	msg/s 0.0
INFO: 15-07-2022 16:08:10 printStatus(168) -- Drogno_0: out of BOX	battery: 4.13	kalman var: 0.497 0.497 0.007	 batterySag: 0.522	link quality: 35	flight time: 0s	pos -5.43 9.77 -0.22	yaw: -0.01	msg/s 0.0
INFO: 15-07-2022 16:08:11 printStatus(168) -- Drogno_0: out of BOX	battery: 4.13	kalman var: 0.702 0.702 0.008	 batterySag: 0.522	link quality: 35	flight time: 0s	pos -7.46 13.34 -0.30	yaw: 0.01	msg/s 0.0
INFO: 15-07-2022 16:08:13 printStatus(168) -- Drogno_0: out of BOX	battery: 4.13	kalman var: 0.925 0.925 0.009	 batterySag: 0.522	link quality: 35	flight time: 0s	pos -9.59 17.08 -0.38	yaw: -0.14	msg/s 0.0
INFO: 15-07-2022 16:08:14 printStatus(168) -- Drogno_0: out of BOX	battery: 4.13	kalman var: 1.209 1.209 0.01	 batterySag: 0.522	link quality: 35	flight time: 0s	pos -12.21 21.66 -0.49	yaw: -0.12	msg/s 0.0
INFO: 15-07-2022 16:08:15 printStatus(168) -- Drogno_0: out of BOX	battery: 4.13	kalman var: 1.576 1.576 0.012	 batterySag: 0.522	link quality: 35	flight time: 0s	pos -15.47 27.31 -0.62	yaw: -0.09	msg/s 0.0
INFO: 15-07-2022 16:08:16 printStatus(168) -- Drogno_0: out of BOX	battery: 4.13	kalman var: 2.004 2.004 0.013	 batterySag: 0.522	link quality: 35	flight time: 0s	pos -19.14 33.62 -0.76	yaw: -0.07	msg/s 0.0
INFO: 15-07-2022 16:08:17 printStatus(168) -- Drogno_0: out of BOX	battery: 4.13	kalman var: 2.447 2.447 0.014	 batterySag: 0.522	link quality: 35	flight time: 0s	pos -22.81 39.88 -0.91	yaw: -0.05	msg/s 0.0
INFO: 15-07-2022 16:08:18 printStatus(168) -- Drogno_0: out of BOX	battery: 4.13	kalman var: 2.9 2.9 0.015	 batterySag: 0.522	link quality: 35	flight time: 0s	pos -26.47 46.09 -1.06	yaw: -0.03	msg/s 0.0
INFO: 15-07-2022 16:08:19 printStatus(168) -- Drogno_0: out of BOX	battery: 4.13	kalman var: 3.564 3.564 0.017	 batterySag: 0.522	link quality: 35	flight time: 0s	pos -31.64 54.84 -1.27	yaw: -0.01	msg/s 0.0
INFO: 15-07-2022 16:08:21 printStatus(168) -- Drogno_0: out of BOX	battery: 4.13	kalman var: 4.188 4.188 0.018	 batterySag: 0.522	link quality: 35	flight time: 0s	pos -36.31 62.72 -1.45	yaw: 0.01	msg/s 0.0
INFO: 15-07-2022 16:08:22 printStatus(168) -- Drogno_0: out of BOX	battery: 4.13	kalman var: 4.879 4.879 0.019	 batterySag: 0.522	link quality: 35	flight time: 0s	pos -41.41 71.25 -1.65	yaw: -0.01	msg/s 0.0
INFO: 15-07-2022 16:08:23 printStatus(168) -- Drogno_0: out of BOX	battery: 4.13	kalman var: 5.711 5.711 0.02	 batterySag: 0.522	link quality: 35	flight time: 0s	pos -47.31 81.12 -1.88	yaw: 0.03	msg/s 0.0
INFO: 15-07-2022 16:08:24 printStatus(168) -- Drogno_0: out of BOX	battery: 4.13	kalman var: 6.457 6.457 0.021	 batterySag: 0.522	link quality: 35	flight time: 0s	pos -52.50 89.69 -2.08	yaw: 0.07	msg/s 0.0
INFO: 15-07-2022 16:08:25 printStatus(168) -- Drogno_0: out of BOX	battery: 4.13	kalman var: 7.359 7.359 0.023	 batterySag: 0.522	link quality: 35	flight time: 0s	pos -58.59 99.75 -2.32	yaw: -0.19	msg/s 0.0
INFO: 15-07-2022 16:08:26 printStatus(168) -- Drogno_0: BAD kalman	battery: 4.13	kalman var: 0.014 0.014 0.001	 batterySag: 0.522	link quality: 35	flight time: 0s	pos -0.18 0.32 -0.01	yaw: -0.03	msg/s 0.0
INFO: 15-07-2022 16:08:27 printStatus(168) -- Drogno_0: BAD kalman	battery: 4.13	kalman var: 0.059 0.059 0.003	 batterySag: 0.522	link quality: 35	flight time: 0s	pos -0.73 1.30 -0.03	yaw: 0.05	msg/s 0.0
INFO: 15-07-2022 16:08:28 printStatus(168) -- Drogno_0: out of BOX	battery: 4.13	kalman var: 0.131 0.131 0.004	 batterySag: 0.522	link quality: 35	flight time: 0s	pos -1.57 2.78 -0.07	yaw: -0.29	msg/s 0.0
INFO: 15-07-2022 16:08:29 printStatus(168) -- Drogno_0: out of BOX	battery: 4.13	kalman var: 0.235 0.235 0.005	 batterySag: 0.522	link quality: 35	flight time: 0s	pos -2.73 4.82 -0.12	yaw: -0.44	msg/s 0.0
INFO: 15-07-2022 16:08:31 printStatus(168) -- Drogno_0: out of BOX	battery: 4.13	kalman var: 0.359 0.359 0.006	 batterySag: 0.522	link quality: 35	flight time: 0s	pos -4.07 7.14 -0.17	yaw: -0.39	msg/s 0.0
INFO: 15-07-2022 16:08:32 printStatus(168) -- Drogno_0: out of BOX	battery: 4.13	kalman var: 0.565 0.565 0.007	 batterySag: 0.522	link quality: 35	flight time: 0s	pos -6.20 10.81 -0.25	yaw: -0.33	msg/s 0.0
INFO: 15-07-2022 16:08:33 printStatus(168) -- Drogno_0: out of BOX	battery: 4.13	kalman var: 0.785 0.785 0.009	 batterySag: 0.522	link quality: 35	flight time: 0s	pos -8.37 14.52 -0.33	yaw: -0.29	msg/s 0.0
INFO: 15-07-2022 16:08:34 printStatus(168) -- Drogno_0: out of BOX	battery: 4.13	kalman var: 1.047 1.047 0.01	 batterySag: 0.522	link quality: 35	flight time: 0s	pos -10.86 18.78 -0.42	yaw: -0.24	msg/s 0.0
INFO: 15-07-2022 16:08:35 printStatus(168) -- Drogno_0: out of BOX	battery: 4.13	kalman var: 1.383 1.383 0.011	 batterySag: 0.522	link quality: 35	flight time: 0s	pos -13.93 24.00 -0.54	yaw: -0.14	msg/s 0.0
INFO: 15-07-2022 16:08:36 printStatus(168) -- Drogno_0: out of BOX	battery: 4.13	kalman var: 1.709 1.709 0.012	 batterySag: 0.522	link quality: 35	flight time: 0s	pos -16.81 28.86 -0.65	yaw: 0.03	msg/s 0.0
INFO: 15-07-2022 16:08:37 printStatus(168) -- Drogno_0: out of BOX	battery: 4.13	kalman var: 2.156 2.156 0.013	 batterySag: 0.522	link quality: 35	flight time: 0s	pos -20.62 35.28 -0.79	yaw: -0.20	msg/s 0.0
INFO: 15-07-2022 16:08:39 printStatus(168) -- Drogno_0: out of BOX	battery: 4.13	kalman var: 2.617 2.617 0.015	 batterySag: 0.522	link quality: 35	flight time: 0s	pos -24.42 41.69 -0.92	yaw: -0.17	msg/s 0.0
INFO: 15-07-2022 16:08:40 printStatus(168) -- Drogno_0: out of BOX	battery: 4.13	kalman var: 3.191 3.191 0.016	 batterySag: 0.522	link quality: 35	flight time: 0s	pos -28.98 49.31 -1.08	yaw: -0.14	msg/s 0.0
INFO: 15-07-2022 16:08:41 printStatus(168) -- Drogno_0: out of BOX	battery: 4.13	kalman var: 3.777 3.777 0.017	 batterySag: 0.522	link quality: 35	flight time: 0s	pos -33.53 56.84 -1.24	yaw: -0.12	msg/s 0.0
INFO: 15-07-2022 16:08:42 printStatus(168) -- Drogno_0: out of BOX	battery: 4.13	kalman var: 4.359 4.359 0.018	 batterySag: 0.522	link quality: 35	flight time: 0s	pos -37.88 64.12 -1.40	yaw: -0.10	msg/s 0.0
INFO: 15-07-2022 16:08:43 printStatus(168) -- Drogno_0: out of BOX	battery: 4.13	kalman var: 5.207 5.207 0.02	 batterySag: 0.522	link quality: 35	flight time: 0s	pos -44.03 74.25 -1.62	yaw: -0.06	msg/s 0.0
INFO: 15-07-2022 16:08:44 printStatus(168) -- Drogno_0: out of BOX	battery: 4.13	kalman var: 5.922 5.922 0.021	 batterySag: 0.522	link quality: 35	flight time: 0s	pos -49.06 82.56 -1.80	yaw: -0.05	msg/s 0.0
INFO: 15-07-2022 16:08:45 printStatus(168) -- Drogno_0: out of BOX	battery: 4.13	kalman var: 6.848 6.848 0.022	 batterySag: 0.522	link quality: 35	flight time: 0s	pos -55.41 93.06 -2.03	yaw: -0.01	msg/s 0.0
INFO: 15-07-2022 16:08:46 printStatus(168) -- Drogno_0: ready	battery: 4.13	kalman var: 0.001 0.001 0.0	 batterySag: 0.522	link quality: 35	flight time: 0s	pos -0.01 0.03 -0.00	yaw: 0.00	msg/s 0.0
INFO: 15-07-2022 16:08:47 printStatus(168) -- Drogno_0: BAD kalman	battery: 4.13	kalman var: 0.022 0.022 0.002	 batterySag: 0.522	link quality: 35	flight time: 0s	pos -0.25 0.49 -0.01	yaw: -0.00	msg/s 0.0
INFO: 15-07-2022 16:08:49 printStatus(168) -- Drogno_0: BAD kalman	battery: 4.13	kalman var: 0.068 0.068 0.003	 batterySag: 0.522	link quality: 35	flight time: 0s	pos -0.78 1.52 -0.04	yaw: -0.16	msg/s 0.0
INFO: 15-07-2022 16:08:50 printStatus(168) -- Drogno_0: out of BOX	battery: 4.13	kalman var: 0.137 0.137 0.004	 batterySag: 0.522	link quality: 35	flight time: 0s	pos -1.53 2.96 -0.07	yaw: 0.36	msg/s 0.0
INFO: 15-07-2022 16:08:51 printStatus(168) -- Drogno_0: out of BOX	battery: 4.13	kalman var: 0.266 0.266 0.005	 batterySag: 0.522	link quality: 35	flight time: 0s	pos -2.86 5.54 -0.13	yaw: 0.24	msg/s 0.0
INFO: 15-07-2022 16:08:52 printStatus(168) -- Drogno_0: out of BOX	battery: 4.13	kalman var: 0.412 0.412 0.006	 batterySag: 0.522	link quality: 35	flight time: 0s	pos -4.30 8.30 -0.20	yaw: -0.27	msg/s 0.0
INFO: 15-07-2022 16:08:53 printStatus(168) -- Drogno_0: out of BOX	battery: 4.13	kalman var: 0.616 0.616 0.008	 batterySag: 0.522	link quality: 35	flight time: 0s	pos -6.24 11.98 -0.28	yaw: -0.22	msg/s 0.0
INFO: 15-07-2022 16:08:54 printStatus(168) -- Drogno_0: out of BOX	battery: 4.13	kalman var: 0.823 0.823 0.009	 batterySag: 0.522	link quality: 35	flight time: 0s	pos -8.15 15.54 -0.36	yaw: -0.18	msg/s 0.0
INFO: 15-07-2022 16:08:55 printStatus(168) -- Drogno_0: out of BOX	battery: 4.13	kalman var: 1.117 1.117 0.01	 batterySag: 0.522	link quality: 35	flight time: 0s	pos -10.76 20.38 -0.48	yaw: -0.13	msg/s 0.0
INFO: 15-07-2022 16:08:56 printStatus(168) -- Drogno_0: out of BOX	battery: 4.13	kalman var: 1.437 1.437 0.011	 batterySag: 0.522	link quality: 35	flight time: 0s	pos -13.49 25.41 -0.60	yaw: -0.09	msg/s 0.0
INFO: 15-07-2022 16:08:58 printStatus(168) -- Drogno_0: out of BOX	battery: 4.13	kalman var: 1.806 1.806 0.012	 batterySag: 0.522	link quality: 35	flight time: 0s	pos -16.55 30.98 -0.73	yaw: -0.08	msg/s 0.0
INFO: 15-07-2022 16:08:59 printStatus(168) -- Drogno_0: out of BOX	battery: 4.13	kalman var: 2.227 2.227 0.014	 batterySag: 0.522	link quality: 35	flight time: 0s	pos -19.91 37.09 -0.87	yaw: -0.05	msg/s 0.0
INFO: 15-07-2022 16:09:00 printStatus(168) -- Drogno_0: out of BOX	battery: 4.13	kalman var: 2.742 2.742 0.015	 batterySag: 0.522	link quality: 35	flight time: 0s	pos -23.91 44.31 -1.04	yaw: -0.04	msg/s 0.0
INFO: 15-07-2022 16:09:01 printStatus(168) -- Drogno_0: out of BOX	battery: 4.13	kalman var: 3.279 3.279 0.016	 batterySag: 0.522	link quality: 35	flight time: 0s	pos -27.92 51.56 -1.22	yaw: 0.26	msg/s 0.0
INFO: 15-07-2022 16:09:02 printStatus(168) -- Drogno_0: out of BOX	battery: 4.13	kalman var: 3.879 3.879 0.017	 batterySag: 0.522	link quality: 35	flight time: 0s	pos -32.25 59.34 -1.41	yaw: 0.25	msg/s 0.0
INFO: 15-07-2022 16:09:03 printStatus(168) -- Drogno_0: out of BOX	battery: 4.13	kalman var: 4.469 4.469 0.018	 batterySag: 0.522	link quality: 35	flight time: 0s	pos -36.41 66.81 -1.59	yaw: 0.60	msg/s 0.0
INFO: 15-07-2022 16:09:04 printStatus(168) -- Drogno_0: out of BOX	battery: 4.13	kalman var: 5.328 5.328 0.02	 batterySag: 0.522	link quality: 35	flight time: 0s	pos -42.25 77.25 -1.85	yaw: 0.54	msg/s 0.0
INFO: 15-07-2022 16:09:05 printStatus(168) -- Drogno_0: out of BOX	battery: 4.13	kalman var: 6.051 6.141 0.137	 batterySag: 0.522	link quality: 35	flight time: 0s	pos -47.53 86.69 -2.06	yaw: -1.26	msg/s 0.0
INFO: 15-07-2022 16:09:07 printStatus(168) -- Drogno_0: out of BOX	battery: 4.13	kalman var: 6.723 2.371 5.152	 batterySag: 0.522	link quality: 35	flight time: 0s	pos -53.12 96.50 -2.01	yaw: -18.16	msg/s 0.0
INFO: 15-07-2022 16:09:08 printStatus(168) -- Drogno_0: ready	battery: 4.13	kalman var: 0.005 0.005 0.001	 batterySag: 0.522	link quality: 35	flight time: 0s	pos 0.38 -2.01 -1.08	yaw: 0.28	msg/s 0.0
INFO: 15-07-2022 16:09:09 printStatus(168) -- Drogno_0: ready	battery: 4.13	kalman var: 0.009 0.007 0.003	 batterySag: 0.522	link quality: 35	flight time: 0s	pos -0.04 -2.18 -0.49	yaw: 1.71	msg/s 0.0
INFO: 15-07-2022 16:09:10 printStatus(168) -- Drogno_0: out of BOX	battery: 4.13	kalman var: 0.039 0.029 0.012	 batterySag: 0.522	link quality: 35	flight time: 0s	pos -0.10 -9.14 -1.91	yaw: 2.39	msg/s 0.0
INFO: 15-07-2022 16:09:11 printStatus(168) -- Drogno_0: ready	battery: 4.13	kalman var: 0.009 0.009 0.001	 batterySag: 0.522	link quality: 35	flight time: 0s	pos -0.15 0.11 -0.00	yaw: 0.10	msg/s 0.0
INFO: 15-07-2022 16:09:12 printStatus(168) -- Drogno_0: BAD kalman	battery: 4.13	kalman var: 0.044 0.044 0.002	 batterySag: 0.522	link quality: 35	flight time: 0s	pos -0.73 0.51 -0.00	yaw: 0.12	msg/s 0.0
INFO: 15-07-2022 16:09:13 printStatus(168) -- Drogno_0: BAD kalman	battery: 4.13	kalman var: 0.107 0.107 0.003	 batterySag: 0.522	link quality: 35	flight time: 0s	pos -1.74 1.21 -0.01	yaw: 0.12	msg/s 0.0
INFO: 15-07-2022 16:09:14 printStatus(168) -- Drogno_0: out of BOX	battery: 4.13	kalman var: 0.191 0.191 0.004	 batterySag: 0.522	link quality: 35	flight time: 0s	pos -3.02 2.11 -0.02	yaw: 0.12	msg/s 0.0
INFO: 15-07-2022 16:09:16 printStatus(168) -- Drogno_0: out of BOX	battery: 4.13	kalman var: 0.328 0.328 0.006	 batterySag: 0.522	link quality: 35	flight time: 0s	pos -4.99 3.52 -0.03	yaw: 0.11	msg/s 0.0
INFO: 15-07-2022 16:09:17 printStatus(168) -- Drogno_0: out of BOX	battery: 4.13	kalman var: 0.509 0.509 0.007	 batterySag: 0.522	link quality: 35	flight time: 0s	pos -7.47 5.32 -0.05	yaw: 0.12	msg/s 0.0
INFO: 15-07-2022 16:09:18 printStatus(168) -- Drogno_0: out of BOX	battery: 4.13	kalman var: 0.716 0.716 0.008	 batterySag: 0.522	link quality: 35	flight time: 0s	pos -10.16 7.31 -0.07	yaw: 0.12	msg/s 0.0
INFO: 15-07-2022 16:09:19 printStatus(168) -- Drogno_0: out of BOX	battery: 4.13	kalman var: 0.964 0.964 0.01	 batterySag: 0.522	link quality: 35	flight time: 0s	pos -13.20 9.61 -0.09	yaw: -0.26	msg/s 0.0
INFO: 15-07-2022 16:09:20 printStatus(168) -- Drogno_0: out of BOX	battery: 4.13	kalman var: 1.287 1.287 0.011	 batterySag: 0.522	link quality: 35	flight time: 0s	pos -17.02 12.50 -0.12	yaw: 0.08	msg/s 0.0
INFO: 15-07-2022 16:09:21 printStatus(168) -- Drogno_0: out of BOX	battery: 4.13	kalman var: 1.634 1.634 0.012	 batterySag: 0.522	link quality: 35	flight time: 0s	pos -20.91 15.50 -0.15	yaw: 1.26	msg/s 0.0
INFO: 15-07-2022 16:09:22 printStatus(168) -- Drogno_0: out of BOX	battery: 4.13	kalman var: 2.027 2.027 0.013	 batterySag: 0.522	link quality: 35	flight time: 0s	pos -25.12 18.83 -0.18	yaw: 1.13	msg/s 0.0
INFO: 15-07-2022 16:09:24 printStatus(168) -- Drogno_0: out of BOX	battery: 4.13	kalman var: 1.262 1.926 2.07	 batterySag: 0.522	link quality: 35	flight time: 0s	pos -30.75 23.25 -0.03	yaw: 17.19	msg/s 0.0
INFO: 15-07-2022 16:09:25 printStatus(168) -- Drogno_0: out of BOX	battery: 4.13	kalman var: 2.215 2.445 1.996	 batterySag: 0.522	link quality: 35	flight time: 0s	pos -35.66 27.11 0.37	yaw: 17.25	msg/s 0.0
INFO: 15-07-2022 16:09:26 printStatus(168) -- Drogno_0: out of BOX	battery: 4.13	kalman var: 3.912 3.912 0.026	 batterySag: 0.522	link quality: 35	flight time: 0s	pos -39.88 30.39 0.88	yaw: 0.90	msg/s 0.0
INFO: 15-07-2022 16:09:27 printStatus(168) -- Drogno_0: out of BOX	battery: 4.13	kalman var: 4.621 4.625 0.029	 batterySag: 0.522	link quality: 35	flight time: 0s	pos -44.59 33.94 1.51	yaw: 1.40	msg/s 0.0
INFO: 15-07-2022 16:09:28 printStatus(168) -- Drogno_0: out of BOX	battery: 4.13	kalman var: 5.34 5.344 0.033	 batterySag: 0.522	link quality: 35	flight time: 0s	pos -48.62 36.81 2.03	yaw: 1.30	msg/s 0.0
INFO: 15-07-2022 16:09:29 printStatus(168) -- Drogno_0: out of BOX	battery: 4.13	kalman var: 6.199 6.188 0.045	 batterySag: 0.522	link quality: 35	flight time: 0s	pos -52.75 39.59 2.54	yaw: 0.40	msg/s 0.0
INFO: 15-07-2022 16:09:30 printStatus(168) -- Drogno_0: out of BOX	battery: 4.13	kalman var: 7.07 7.043 0.048	 batterySag: 0.522	link quality: 35	flight time: 0s	pos -56.53 41.88 2.96	yaw: 0.12	msg/s 0.0
INFO: 15-07-2022 16:09:31 printStatus(168) -- Drogno_0: out of BOX	battery: 4.13	kalman var: 8.0 7.992 0.046	 batterySag: 0.522	link quality: 35	flight time: 0s	pos -60.31 43.94 3.36	yaw: 1.02	msg/s 0.0
INFO: 15-07-2022 16:09:32 printStatus(168) -- Drogno_0: out of BOX	battery: 4.13	kalman var: 8.922 8.891 0.047	 batterySag: 0.522	link quality: 35	flight time: 0s	pos -63.84 45.62 3.69	yaw: 0.61	msg/s 0.0
INFO: 15-07-2022 16:09:34 printStatus(168) -- Drogno_0: out of BOX	battery: 4.13	kalman var: 10.109 10.078 0.051	 batterySag: 0.522	link quality: 35	flight time: 0s	pos -68.31 47.44 4.08	yaw: 0.56	msg/s 0.0
INFO: 15-07-2022 16:09:35 printStatus(168) -- Drogno_0: out of BOX	battery: 4.13	kalman var: 11.5 11.469 0.055	 batterySag: 0.522	link quality: 35	flight time: 0s	pos -73.50 49.19 4.47	yaw: 0.50	msg/s 0.0
INFO: 15-07-2022 16:09:36 printStatus(168) -- Drogno_0: out of BOX	battery: 4.13	kalman var: 12.648 12.609 0.057	 batterySag: 0.522	link quality: 35	flight time: 0s	pos -77.75 50.41 4.76	yaw: 0.46	msg/s 0.0
INFO: 15-07-2022 16:09:37 printStatus(168) -- Drogno_0: out of BOX	battery: 4.13	kalman var: 13.992 13.961 0.063	 batterySag: 0.522	link quality: 35	flight time: 0s	pos -82.81 51.62 5.06	yaw: 0.64	msg/s 0.0
INFO: 15-07-2022 16:09:38 printStatus(168) -- Drogno_0: out of BOX	battery: 4.13	kalman var: 15.453 15.398 0.043	 batterySag: 0.522	link quality: 35	flight time: 0s	pos -88.31 52.75 5.34	yaw: 0.59	msg/s 0.0
INFO: 15-07-2022 16:09:39 printStatus(168) -- Drogno_0: out of BOX	battery: 4.13	kalman var: 17.172 17.016 0.037	 batterySag: 0.522	link quality: 35	flight time: 0s	pos -94.75 53.84 5.63	yaw: -1.58	msg/s 0.0
INFO: 15-07-2022 16:09:40 printStatus(168) -- Drogno_0: ready	battery: 4.13	kalman var: 0.0 0.0 0.0	 batterySag: 0.522	link quality: 35	flight time: 0s	pos -0.00 -0.00 0.00	yaw: 0.00	msg/s 0.0
INFO: 15-07-2022 16:09:42 printStatus(168) -- Drogno_0: BAD kalman	battery: 4.13	kalman var: 0.017 0.017 0.001	 batterySag: 0.522	link quality: 35	flight time: 0s	pos -0.24 -0.14 0.01	yaw: -0.01	msg/s 0.0
INFO: 15-07-2022 16:09:43 printStatus(168) -- Drogno_0: BAD kalman	battery: 4.13	kalman var: 0.061 0.061 0.003	 batterySag: 0.522	link quality: 35	flight time: 0s	pos -0.82 -0.49 0.02	yaw: 0.02	msg/s 0.0
INFO: 15-07-2022 16:09:44 printStatus(168) -- Drogno_0: BAD kalman	battery: 4.13	kalman var: 0.133 0.133 0.004	 batterySag: 0.522	link quality: 35	flight time: 0s	pos -1.73 -1.04 0.02	yaw: 0.03	msg/s 0.0
INFO: 15-07-2022 16:09:45 printStatus(168) -- Drogno_0: out of BOX	battery: 4.13	kalman var: 0.26 0.26 0.005	 batterySag: 0.522	link quality: 35	flight time: 0s	pos -3.28 -1.98 0.06	yaw: 0.04	msg/s 0.0
INFO: 15-07-2022 16:09:46 printStatus(168) -- Drogno_0: out of BOX	battery: 4.13	kalman var: 0.405 0.406 0.006	 batterySag: 0.522	link quality: 35	flight time: 0s	pos -4.97 -3.02 0.08	yaw: 0.04	msg/s 0.0
INFO: 15-07-2022 16:09:47 printStatus(168) -- Drogno_0: out of BOX	battery: 4.13	kalman var: 0.587 0.587 0.008	 batterySag: 0.522	link quality: 35	flight time: 0s	pos -7.02 -4.28 0.11	yaw: -0.33	msg/s 0.0
INFO: 15-07-2022 16:09:48 printStatus(168) -- Drogno_0: out of BOX	battery: 4.13	kalman var: 0.812 0.812 0.009	 batterySag: 0.522	link quality: 35	flight time: 0s	pos -9.44 -5.77 0.15	yaw: -0.28	msg/s 0.0
INFO: 15-07-2022 16:09:49 printStatus(168) -- Drogno_0: out of BOX	battery: 4.13	kalman var: 1.079 1.079 0.01	 batterySag: 0.522	link quality: 35	flight time: 0s	pos -12.22 -7.50 0.19	yaw: -0.23	msg/s 0.0
INFO: 15-07-2022 16:09:51 printStatus(168) -- Drogno_0: out of BOX	battery: 4.13	kalman var: 1.42 1.42 0.011	 batterySag: 0.522	link quality: 35	flight time: 0s	pos -15.62 -9.65 0.25	yaw: -0.27	msg/s 0.0
INFO: 15-07-2022 16:09:52 printStatus(168) -- Drogno_0: out of BOX	battery: 4.13	kalman var: 1.786 1.786 0.013	 batterySag: 0.522	link quality: 35	flight time: 0s	pos -19.14 -11.89 0.32	yaw: -0.22	msg/s 0.0
INFO: 15-07-2022 16:09:53 printStatus(168) -- Drogno_0: out of BOX	battery: 4.13	kalman var: 2.205 2.205 0.014	 batterySag: 0.522	link quality: 35	flight time: 0s	pos -23.00 -14.38 0.39	yaw: -0.19	msg/s 0.0
INFO: 15-07-2022 16:09:54 printStatus(168) -- Drogno_0: out of BOX	battery: 4.13	kalman var: 2.717 2.719 0.016	 batterySag: 0.522	link quality: 35	flight time: 0s	pos -27.55 -17.39 0.48	yaw: -1.46	msg/s 0.0
INFO: 15-07-2022 16:09:55 printStatus(168) -- Drogno_0: out of BOX	battery: 4.13	kalman var: 3.303 3.305 0.018	 batterySag: 0.522	link quality: 35	flight time: 0s	pos -32.50 -20.75 0.58	yaw: -1.05	msg/s 0.0
INFO: 15-07-2022 16:09:56 printStatus(168) -- Drogno_0: out of BOX	battery: 4.13	kalman var: 3.902 3.904 0.02	 batterySag: 0.522	link quality: 35	flight time: 0s	pos -37.34 -24.17 0.68	yaw: -0.93	msg/s 0.0
INFO: 15-07-2022 16:09:57 printStatus(168) -- Drogno_0: out of BOX	battery: 4.13	kalman var: 4.559 4.562 0.021	 batterySag: 0.522	link quality: 35	flight time: 0s	pos -42.41 -27.88 0.79	yaw: -0.83	msg/s 0.0
INFO: 15-07-2022 16:09:59 printStatus(168) -- Drogno_0: out of BOX	battery: 4.13	kalman var: 5.289 5.293 0.022	 batterySag: 0.522	link quality: 35	flight time: 0s	pos -47.81 -31.95 0.92	yaw: -0.74	msg/s 0.0
INFO: 15-07-2022 16:10:00 printStatus(168) -- Drogno_0: out of BOX	battery: 4.13	kalman var: 6.086 6.09 0.023	 batterySag: 0.522	link quality: 35	flight time: 0s	pos -53.44 -36.41 1.05	yaw: -0.40	msg/s 0.0
INFO: 15-07-2022 16:10:01 printStatus(168) -- Drogno_0: out of BOX	battery: 4.13	kalman var: 7.113 7.113 0.025	 batterySag: 0.522	link quality: 35	flight time: 0s	pos -60.38 -42.09 1.22	yaw: -0.35	msg/s 0.0
INFO: 15-07-2022 16:10:02 printStatus(168) -- Drogno_0: out of BOX	battery: 4.13	kalman var: 7.977 7.98 0.027	 batterySag: 0.522	link quality: 35	flight time: 0s	pos -65.94 -46.84 1.36	yaw: -0.30	msg/s 0.0
INFO: 15-07-2022 16:10:03 printStatus(168) -- Drogno_0: out of BOX	battery: 4.13	kalman var: 9.102 9.102 0.028	 batterySag: 0.522	link quality: 35	flight time: 0s	pos -72.88 -53.00 1.55	yaw: -0.13	msg/s 0.0
INFO: 15-07-2022 16:10:04 printStatus(168) -- Drogno_0: out of BOX	battery: 4.13	kalman var: 10.203 10.203 0.028	 batterySag: 0.522	link quality: 35	flight time: 0s	pos -79.44 -59.00 1.72	yaw: 0.14	msg/s 0.0
INFO: 15-07-2022 16:10:05 printStatus(168) -- Drogno_0: out of BOX	battery: 4.13	kalman var: 11.508 11.508 0.03	 batterySag: 0.522	link quality: 35	flight time: 0s	pos -86.81 -66.06 1.92	yaw: 0.14	msg/s 0.0
INFO: 15-07-2022 16:10:07 printStatus(168) -- Drogno_0: out of BOX	battery: 4.13	kalman var: 12.797 12.797 0.031	 batterySag: 0.522	link quality: 35	flight time: 0s	pos -93.88 -73.00 2.12	yaw: 0.13	msg/s 0.0
INFO: 15-07-2022 16:10:08 printStatus(168) -- Drogno_0: ready	battery: 4.13	kalman var: 0.001 0.001 0.0	 batterySag: 0.522	link quality: 35	flight time: 0s	pos -0.00 -0.01 0.00	yaw: 0.00	msg/s 0.0
INFO: 15-07-2022 16:10:09 printStatus(168) -- Drogno_0: BAD kalman	battery: 4.13	kalman var: 0.019 0.019 0.002	 batterySag: 0.522	link quality: 35	flight time: 0s	pos -0.11 -0.33 0.01	yaw: -0.07	msg/s 0.0
INFO: 15-07-2022 16:10:10 printStatus(168) -- Drogno_0: BAD kalman	battery: 4.13	kalman var: 0.064 0.064 0.003	 batterySag: 0.522	link quality: 35	flight time: 0s	pos -0.37 -1.08 0.02	yaw: -0.13	msg/s 0.0
INFO: 15-07-2022 16:10:11 printStatus(168) -- Drogno_0: out of BOX	battery: 4.13	kalman var: 0.146 0.146 0.004	 batterySag: 0.522	link quality: 35	flight time: 0s	pos -0.81 -2.40 0.03	yaw: 0.10	msg/s 0.0
INFO: 15-07-2022 16:10:12 printStatus(168) -- Drogno_0: out of BOX	battery: 4.13	kalman var: 0.255 0.255 0.005	 batterySag: 0.522	link quality: 35	flight time: 0s	pos -1.38 -4.09 0.06	yaw: 0.09	msg/s 0.0
INFO: 15-07-2022 16:10:13 printStatus(168) -- Drogno_0: out of BOX	battery: 4.13	kalman var: 0.399 0.399 0.006	 batterySag: 0.522	link quality: 35	flight time: 0s	pos -2.10 -6.23 0.08	yaw: -0.08	msg/s 0.0
INFO: 15-07-2022 16:10:14 printStatus(168) -- Drogno_0: out of BOX	battery: 4.13	kalman var: 0.582 0.582 0.007	 batterySag: 0.522	link quality: 35	flight time: 0s	pos -2.99 -8.84 0.12	yaw: -0.10	msg/s 0.0
INFO: 15-07-2022 16:10:16 printStatus(168) -- Drogno_0: out of BOX	battery: 4.13	kalman var: 0.825 0.825 0.009	 batterySag: 0.522	link quality: 35	flight time: 0s	pos -4.11 -12.17 0.17	yaw: 0.78	msg/s 0.0
INFO: 15-07-2022 16:10:17 printStatus(168) -- Drogno_0: out of BOX	battery: 4.13	kalman var: 1.095 1.095 0.01	 batterySag: 0.522	link quality: 35	flight time: 0s	pos -5.32 -15.73 0.22	yaw: 0.28	msg/s 0.0
INFO: 15-07-2022 16:10:18 printStatus(168) -- Drogno_0: out of BOX	battery: 4.13	kalman var: 1.442 1.442 0.011	 batterySag: 0.522	link quality: 35	flight time: 0s	pos -6.81 -20.16 0.27	yaw: 0.25	msg/s 0.0
INFO: 15-07-2022 16:10:19 printStatus(168) -- Drogno_0: out of BOX	battery: 4.13	kalman var: 1.845 1.845 0.013	 batterySag: 0.522	link quality: 35	flight time: 0s	pos -8.47 -25.11 0.34	yaw: 0.24	msg/s 0.0
INFO: 15-07-2022 16:10:20 printStatus(168) -- Drogno_0: out of BOX	battery: 4.13	kalman var: 2.23 2.23 0.014	 batterySag: 0.522	link quality: 35	flight time: 0s	pos -9.99 -29.69 0.41	yaw: 0.23	msg/s 0.0
INFO: 15-07-2022 16:10:21 printStatus(168) -- Drogno_0: out of BOX	battery: 4.13	kalman var: 2.705 2.705 0.015	 batterySag: 0.522	link quality: 35	flight time: 0s	pos -11.80 -35.19 0.49	yaw: 0.29	msg/s 0.0
INFO: 15-07-2022 16:10:22 printStatus(168) -- Drogno_0: out of BOX	battery: 4.13	kalman var: 3.232 3.232 0.016	 batterySag: 0.522	link quality: 35	flight time: 0s	pos -13.75 -41.09 0.57	yaw: 0.49	msg/s 0.0
INFO: 15-07-2022 16:10:24 printStatus(168) -- Drogno_0: out of BOX	battery: 4.13	kalman var: 3.941 3.941 0.017	 batterySag: 0.522	link quality: 35	flight time: 0s	pos -16.25 -48.75 0.68	yaw: 0.91	msg/s 0.0
INFO: 15-07-2022 16:10:25 printStatus(168) -- Drogno_0: out of BOX	battery: 4.13	kalman var: 4.543 4.543 0.018	 batterySag: 0.522	link quality: 35	flight time: 0s	pos -18.33 -55.09 0.77	yaw: 0.73	msg/s 0.0
INFO: 15-07-2022 16:10:26 printStatus(168) -- Drogno_0: out of BOX	battery: 4.13	kalman var: 5.336 5.336 0.02	 batterySag: 0.522	link quality: 35	flight time: 0s	pos -20.97 -63.19 0.89	yaw: 0.29	msg/s 0.0
INFO: 15-07-2022 16:10:27 printStatus(168) -- Drogno_0: out of BOX	battery: 4.13	kalman var: 6.137 6.137 0.021	 batterySag: 0.522	link quality: 35	flight time: 0s	pos -23.56 -71.12 1.00	yaw: 0.27	msg/s 0.0
INFO: 15-07-2022 16:10:28 printStatus(168) -- Drogno_0: out of BOX	battery: 4.13	kalman var: 7.09 7.09 0.023	 batterySag: 0.522	link quality: 35	flight time: 0s	pos -26.56 -80.38 1.14	yaw: 0.46	msg/s 0.0
INFO: 15-07-2022 16:10:29 printStatus(168) -- Drogno_0: out of BOX	battery: 4.13	kalman var: 8.031 8.039 0.024	 batterySag: 0.522	link quality: 35	flight time: 0s	pos -29.44 -89.31 1.26	yaw: 0.03	msg/s 0.0
INFO: 15-07-2022 16:10:30 printStatus(168) -- Drogno_0: out of BOX	battery: 4.13	kalman var: 9.062 9.062 0.026	 batterySag: 0.522	link quality: 35	flight time: 0s	pos -32.47 -98.81 1.40	yaw: 0.02	msg/s 0.0
INFO: 15-07-2022 16:10:31 printStatus(168) -- Drogno_0: ready	battery: 4.13	kalman var: 0.01 0.01 0.001	 batterySag: 0.522	link quality: 35	flight time: 0s	pos -0.01 -0.16 0.00	yaw: 0.02	msg/s 0.0
INFO: 15-07-2022 16:10:33 printStatus(168) -- Drogno_0: BAD kalman	battery: 4.13	kalman var: 0.049 0.049 0.002	 batterySag: 0.522	link quality: 35	flight time: 0s	pos -0.08 -0.83 0.01	yaw: 0.02	msg/s 0.0
INFO: 15-07-2022 16:10:34 printStatus(168) -- Drogno_0: BAD kalman	battery: 4.13	kalman var: 0.115 0.115 0.004	 batterySag: 0.522	link quality: 35	flight time: 0s	pos -0.19 -1.92 0.02	yaw: 0.04	msg/s 0.0
INFO: 15-07-2022 16:10:35 printStatus(168) -- Drogno_0: out of BOX	battery: 4.13	kalman var: 0.212 0.212 0.005	 batterySag: 0.522	link quality: 35	flight time: 0s	pos -0.36 -3.46 0.03	yaw: 0.02	msg/s 0.0
INFO: 15-07-2022 16:10:36 printStatus(168) -- Drogno_0: out of BOX	battery: 4.13	kalman var: 0.343 0.343 0.006	 batterySag: 0.522	link quality: 35	flight time: 0s	pos -0.58 -5.43 0.04	yaw: 0.05	msg/s 0.0
INFO: 15-07-2022 16:10:37 printStatus(168) -- Drogno_0: out of BOX	battery: 4.13	kalman var: 0.511 0.511 0.007	 batterySag: 0.522	link quality: 35	flight time: 0s	pos -0.87 -7.88 0.07	yaw: 0.69	msg/s 0.0
INFO: 15-07-2022 16:10:38 printStatus(168) -- Drogno_0: out of BOX	battery: 4.13	kalman var: 0.719 0.719 0.008	 batterySag: 0.522	link quality: 35	flight time: 0s	pos -1.23 -10.79 0.09	yaw: 0.63	msg/s 0.0
INFO: 15-07-2022 16:10:39 printStatus(168) -- Drogno_0: out of BOX	battery: 4.13	kalman var: 0.991 0.991 0.009	 batterySag: 0.522	link quality: 35	flight time: 0s	pos -1.70 -14.46 0.13	yaw: 0.58	msg/s 0.0
INFO: 15-07-2022 16:10:40 printStatus(168) -- Drogno_0: out of BOX	battery: 4.13	kalman var: 1.29 1.29 0.011	 batterySag: 0.522	link quality: 35	flight time: 0s	pos -2.23 -18.34 0.17	yaw: 0.52	msg/s 0.0
INFO: 15-07-2022 16:10:42 printStatus(168) -- Drogno_0: out of BOX	battery: 4.13	kalman var: 1.637 1.636 0.012	 batterySag: 0.522	link quality: 35	flight time: 0s	pos -2.85 -22.70 0.21	yaw: 0.48	msg/s 0.0
INFO: 15-07-2022 16:10:43 printStatus(168) -- Drogno_0: out of BOX	battery: 4.13	kalman var: 2.033 2.033 0.013	 batterySag: 0.522	link quality: 35	flight time: 0s	pos -3.57 -27.53 0.26	yaw: 0.44	msg/s 0.0
INFO: 15-07-2022 16:10:44 printStatus(168) -- Drogno_0: out of BOX	battery: 4.13	kalman var: 2.523 2.523 0.014	 batterySag: 0.522	link quality: 35	flight time: 0s	pos -4.46 -33.28 0.33	yaw: 0.37	msg/s 0.0
INFO: 15-07-2022 16:10:45 printStatus(168) -- Drogno_0: out of BOX	battery: 4.13	kalman var: 3.035 3.035 0.015	 batterySag: 0.522	link quality: 35	flight time: 0s	pos -5.39 -39.12 0.39	yaw: 0.29	msg/s 0.0
INFO: 15-07-2022 16:10:46 printStatus(168) -- Drogno_0: out of BOX	battery: 4.13	kalman var: 3.66 3.66 0.017	 batterySag: 0.522	link quality: 35	flight time: 0s	pos -6.53 -46.06 0.47	yaw: 0.07	msg/s 0.0
INFO: 15-07-2022 16:10:47 printStatus(168) -- Drogno_0: out of BOX	battery: 4.13	kalman var: 4.293 4.293 0.018	 batterySag: 0.522	link quality: 35	flight time: 0s	pos -7.66 -52.84 0.55	yaw: -0.06	msg/s 0.0
INFO: 15-07-2022 16:10:48 printStatus(168) -- Drogno_0: out of BOX	battery: 4.13	kalman var: 4.996 4.996 0.019	 batterySag: 0.522	link quality: 35	flight time: 0s	pos -8.90 -60.19 0.64	yaw: -0.05	msg/s 0.0
INFO: 15-07-2022 16:10:49 printStatus(168) -- Drogno_0: out of BOX	battery: 4.13	kalman var: 5.766 5.766 0.02	 batterySag: 0.522	link quality: 35	flight time: 0s	pos -10.23 -68.00 0.73	yaw: -0.03	msg/s 0.0
INFO: 15-07-2022 16:10:51 printStatus(168) -- Drogno_0: out of BOX	battery: 4.13	kalman var: 6.598 6.598 0.022	 batterySag: 0.522	link quality: 35	flight time: 0s	pos -11.65 -76.25 0.84	yaw: -0.04	msg/s 0.0
INFO: 15-07-2022 16:10:52 printStatus(168) -- Drogno_0: out of BOX	battery: 4.13	kalman var: 7.598 7.594 0.023	 batterySag: 0.522	link quality: 35	flight time: 0s	pos -13.33 -85.88 0.96	yaw: -0.04	msg/s 0.0
INFO: 15-07-2022 16:10:53 printStatus(168) -- Drogno_0: out of BOX	battery: 4.13	kalman var: 8.594 8.586 0.024	 batterySag: 0.522	link quality: 35	flight time: 0s	pos -14.98 -95.25 1.08	yaw: -0.01	msg/s 0.0
INFO: 15-07-2022 16:10:54 printStatus(168) -- Drogno_0: ready	battery: 4.13	kalman var: 0.003 0.003 0.001	 batterySag: 0.522	link quality: 35	flight time: 0s	pos -0.01 -0.06 -0.00	yaw: -0.00	msg/s 0.0
INFO: 15-07-2022 16:10:55 printStatus(168) -- Drogno_0: BAD kalman	battery: 4.13	kalman var: 0.032 0.032 0.002	 batterySag: 0.522	link quality: 35	flight time: 0s	pos -0.10 -0.56 0.00	yaw: -0.06	msg/s 0.0
INFO: 15-07-2022 16:10:56 printStatus(168) -- Drogno_0: BAD kalman	battery: 4.13	kalman var: 0.075 0.075 0.003	 batterySag: 0.522	link quality: 35	flight time: 0s	pos -0.22 -1.28 0.01	yaw: -0.04	msg/s 0.0
INFO: 15-07-2022 16:10:57 printStatus(168) -- Drogno_0: out of BOX	battery: 4.13	kalman var: 0.172 0.172 0.004	 batterySag: 0.522	link quality: 35	flight time: 0s	pos -0.50 -2.85 0.03	yaw: -0.03	msg/s 0.0
INFO: 15-07-2022 16:10:58 printStatus(168) -- Drogno_0: out of BOX	battery: 4.13	kalman var: 0.303 0.303 0.006	 batterySag: 0.522	link quality: 35	flight time: 0s	pos -0.85 -4.88 0.06	yaw: -0.01	msg/s 0.0
INFO: 15-07-2022 16:11:00 printStatus(168) -- Drogno_0: out of BOX	battery: 4.13	kalman var: 0.461 0.461 0.007	 batterySag: 0.522	link quality: 35	flight time: 0s	pos -1.25 -7.23 0.09	yaw: 0.02	msg/s 0.0
INFO: 15-07-2022 16:11:01 printStatus(168) -- Drogno_0: out of BOX	battery: 4.13	kalman var: 0.656 0.656 0.008	 batterySag: 0.522	link quality: 35	flight time: 0s	pos -1.73 -10.02 0.12	yaw: 0.03	msg/s 0.0
INFO: 15-07-2022 16:11:02 printStatus(168) -- Drogno_0: out of BOX	battery: 4.13	kalman var: 0.942 0.942 0.009	 batterySag: 0.522	link quality: 35	flight time: 0s	pos -2.41 -13.95 0.17	yaw: 0.04	msg/s 0.0
INFO: 15-07-2022 16:11:03 printStatus(168) -- Drogno_0: out of BOX	battery: 4.13	kalman var: 1.176 1.176 0.01	 batterySag: 0.522	link quality: 35	flight time: 0s	pos -2.94 -17.06 0.20	yaw: 0.05	msg/s 0.0
INFO: 15-07-2022 16:11:04 printStatus(168) -- Drogno_0: out of BOX	battery: 4.13	kalman var: 1.567 1.567 0.012	 batterySag: 0.522	link quality: 35	flight time: 0s	pos -3.79 -22.09 0.27	yaw: 0.07	msg/s 0.0
INFO: 15-07-2022 16:11:05 printStatus(168) -- Drogno_0: out of BOX	battery: 4.13	kalman var: 1.955 1.955 0.013	 batterySag: 0.522	link quality: 35	flight time: 0s	pos -4.59 -26.91 0.33	yaw: 0.07	msg/s 0.0
INFO: 15-07-2022 16:11:06 printStatus(168) -- Drogno_0: out of BOX	battery: 4.13	kalman var: 2.395 2.395 0.014	 batterySag: 0.522	link quality: 35	flight time: 0s	pos -5.48 -32.22 0.39	yaw: 0.07	msg/s 0.0
INFO: 15-07-2022 16:11:08 printStatus(168) -- Drogno_0: out of BOX	battery: 4.13	kalman var: 2.84 2.84 0.015	 batterySag: 0.522	link quality: 35	flight time: 0s	pos -6.35 -37.38 0.46	yaw: 0.08	msg/s 0.0
INFO: 15-07-2022 16:11:09 printStatus(168) -- Drogno_0: out of BOX	battery: 4.13	kalman var: 3.494 3.494 0.016	 batterySag: 0.522	link quality: 35	flight time: 0s	pos -7.57 -44.78 0.55	yaw: 0.07	msg/s 0.0
INFO: 15-07-2022 16:11:10 printStatus(168) -- Drogno_0: out of BOX	battery: 4.13	kalman var: 4.176 4.176 0.018	 batterySag: 0.522	link quality: 35	flight time: 0s	pos -8.80 -52.22 0.65	yaw: 0.09	msg/s 0.0
INFO: 15-07-2022 16:11:11 printStatus(168) -- Drogno_0: out of BOX	battery: 4.13	kalman var: 4.793 4.793 0.019	 batterySag: 0.522	link quality: 35	flight time: 0s	pos -9.88 -58.81 0.74	yaw: 0.10	msg/s 0.0
INFO: 15-07-2022 16:11:12 printStatus(168) -- Drogno_0: out of BOX	battery: 4.13	kalman var: 5.613 5.613 0.02	 batterySag: 0.522	link quality: 35	flight time: 0s	pos -11.29 -67.31 0.86	yaw: 0.12	msg/s 0.0
INFO: 15-07-2022 16:11:13 printStatus(168) -- Drogno_0: out of BOX	battery: 4.13	kalman var: 6.52 6.52 0.022	 batterySag: 0.522	link quality: 35	flight time: 0s	pos -12.78 -76.44 0.98	yaw: 0.14	msg/s 0.0
INFO: 15-07-2022 16:11:14 printStatus(168) -- Drogno_0: out of BOX	battery: 4.13	kalman var: 7.504 7.504 0.023	 batterySag: 0.522	link quality: 35	flight time: 0s	pos -14.34 -86.06 1.12	yaw: 0.13	msg/s 0.0
INFO: 15-07-2022 16:11:16 printStatus(168) -- Drogno_0: out of BOX	battery: 4.13	kalman var: 8.492 8.492 0.024	 batterySag: 0.522	link quality: 35	flight time: 0s	pos -15.88 -95.44 1.26	yaw: 0.30	msg/s 0.0
INFO: 15-07-2022 16:11:17 printStatus(168) -- Drogno_0: ready	battery: 4.13	kalman var: 0.004 0.004 0.001	 batterySag: 0.522	link quality: 35	flight time: 0s	pos -0.00 -0.06 0.00	yaw: -0.16	msg/s 0.0
INFO: 15-07-2022 16:11:18 printStatus(168) -- Drogno_0: BAD kalman	battery: 4.13	kalman var: 0.033 0.033 0.002	 batterySag: 0.522	link quality: 35	flight time: 0s	pos -0.04 -0.58 0.00	yaw: -2.19	msg/s 0.0
