INFO: 2021-10-09 18:01:28 __init__(134) -- This is dronelog running on Drogno_7
INFO: 2021-10-09 18:01:29 printStatus(172) -- Started
INFO: 2021-10-09 18:01:31 printStatus(175) -- Drogno_7: connecting		battery n.p.	pos 0.00 0.00 0.00	yaw: 0.00	msg/s 0.0	link quality: 0	kalman var: 0 0 0	flight time: 0s	 batterySag: 0
INFO: 2021-10-09 18:01:32 printStatus(175) -- Drogno_7: connecting		battery n.p.	pos 0.00 0.00 0.00	yaw: 0.00	msg/s 0.0	link quality: 0	kalman var: 0 0 0	flight time: 0s	 batterySag: 0
INFO: 2021-10-09 18:01:34 printStatus(175) -- Drogno_7: landed		battery n.p.	pos 0.00 0.00 0.00	yaw: 0.00	msg/s 0.0	link quality: 0	kalman var: 0 0 0	flight time: 0s	 batterySag: 0
INFO: 2021-10-09 18:01:35 printStatus(175) -- Drogno_7: landed		battery n.p.	pos 0.00 0.00 0.00	yaw: 0.00	msg/s 0.0	link quality: 0	kalman var: 0 0 0	flight time: 0s	 batterySag: 0
INFO: 2021-10-09 18:01:37 printStatus(175) -- Drogno_7: ready		battery 4.01	pos 0.00 0.00 -0.00	yaw: 154.25	msg/s 0.0	link quality: 41	kalman var: 0.001 0.001 0.0	flight time: 0s	 batterySag: 0.58056640625
INFO: 2021-10-09 18:01:38 printStatus(175) -- Drogno_7: ready		battery 3.79	pos 0.92 0.87 -0.02	yaw: 168.62	msg/s 0.0	link quality: 40	kalman var: 0.0 0.0 0.0	flight time: 0s	 batterySag: 0.58056640625
INFO: 2021-10-09 18:01:40 printStatus(175) -- Drogno_7: ready		battery 3.68	pos 0.91 0.85 0.23	yaw: 47.94	msg/s 0.0	link quality: 56	kalman var: 0.001 0.001 0.001	flight time: 0s	 batterySag: 0.58056640625
INFO: 2021-10-09 18:01:41 printStatus(175) -- Drogno_7: ready		battery 3.7	pos 0.95 0.87 0.88	yaw: -4.46	msg/s 0.0	link quality: 44	kalman var: 0.0 0.0 0.0	flight time: 2s	 batterySag: 0.58056640625
INFO: 2021-10-09 18:01:43 printStatus(175) -- Drogno_7: ready		battery 3.67	pos 0.92 0.87 0.87	yaw: -3.55	msg/s 0.0	link quality: 42	kalman var: 0.003 0.003 0.001	flight time: 3s	 batterySag: 0.58056640625
INFO: 2021-10-09 18:01:45 printStatus(175) -- Drogno_7: BAD kalman		battery 3.66	pos 0.93 0.87 0.86	yaw: -2.33	msg/s 0.0	link quality: 49	kalman var: 0.021 0.021 0.004	flight time: 5s	 batterySag: 0.58056640625
INFO: 2021-10-09 18:01:46 printStatus(175) -- Drogno_7: ready		battery 3.65	pos 1.03 0.87 0.85	yaw: -1.91	msg/s 0.0	link quality: 53	kalman var: 0.001 0.001 0.001	flight time: 6s	 batterySag: 0.58056640625
INFO: 2021-10-09 18:01:48 printStatus(175) -- Drogno_7: ready		battery 3.63	pos 0.92 0.89 0.83	yaw: -0.73	msg/s 0.0	link quality: 39	kalman var: 0.001 0.001 0.0	flight time: 8s	 batterySag: 0.58056640625
INFO: 2021-10-09 18:01:50 printStatus(175) -- Drogno_7: ready		battery 3.63	pos 0.93 0.87 0.81	yaw: -0.47	msg/s 0.0	link quality: 41	kalman var: 0.002 0.002 0.001	flight time: 10s	 batterySag: 0.58056640625
INFO: 2021-10-09 18:01:51 printStatus(175) -- Drogno_7: ready		battery 3.62	pos 0.93 0.87 0.81	yaw: -0.49	msg/s 0.0	link quality: 40	kalman var: 0.001 0.001 0.001	flight time: 11s	 batterySag: 0.58056640625
INFO: 2021-10-09 18:01:53 printStatus(175) -- Drogno_7: ready		battery 3.61	pos 0.93 0.88 0.80	yaw: -0.22	msg/s 0.0	link quality: 39	kalman var: 0.001 0.001 0.001	flight time: 13s	 batterySag: 0.58056640625
INFO: 2021-10-09 18:01:54 printStatus(175) -- Drogno_7: ready		battery 3.6	pos 0.35 0.76 0.54	yaw: -0.59	msg/s 20.0	link quality: 49	kalman var: 0.0 0.0 0.0	flight time: 15s	 batterySag: 0.58056640625
INFO: 2021-10-09 18:01:56 printStatus(175) -- Drogno_7: ready		battery 3.6	pos -0.11 0.77 0.51	yaw: -0.21	msg/s 0.0	link quality: 44	kalman var: 0.0 0.0 0.0	flight time: 16s	 batterySag: 0.58056640625
INFO: 2021-10-09 18:01:57 printStatus(175) -- Drogno_7: ready		battery 3.59	pos -0.15 0.75 0.52	yaw: -0.64	msg/s 0.0	link quality: 52	kalman var: 0.0 0.0 0.0	flight time: 18s	 batterySag: 0.58056640625
INFO: 2021-10-09 18:01:59 printStatus(175) -- Drogno_7: ready		battery 3.59	pos -0.14 0.75 0.53	yaw: -0.65	msg/s 0.0	link quality: 47	kalman var: 0.0 0.0 0.0	flight time: 19s	 batterySag: 0.58056640625
INFO: 2021-10-09 18:02:00 printStatus(175) -- Drogno_7: ready		battery 3.58	pos -0.13 0.75 0.53	yaw: 0.06	msg/s 0.0	link quality: 47	kalman var: 0.0 0.0 0.0	flight time: 21s	 batterySag: 0.58056640625
INFO: 2021-10-09 18:02:02 printStatus(175) -- Drogno_7: ready		battery 3.58	pos -0.13 0.74 0.53	yaw: 0.26	msg/s 0.0	link quality: 47	kalman var: 0.0 0.0 0.0	flight time: 22s	 batterySag: 0.58056640625
INFO: 2021-10-09 18:02:04 printStatus(175) -- Drogno_7: ready		battery 3.58	pos -0.14 0.75 0.54	yaw: 0.47	msg/s 0.0	link quality: 50	kalman var: 0.0 0.0 0.0	flight time: 24s	 batterySag: 0.58056640625
INFO: 2021-10-09 18:02:05 printStatus(175) -- Drogno_7: ready		battery 3.57	pos -0.13 0.76 0.54	yaw: 0.08	msg/s 0.0	link quality: 48	kalman var: 0.001 0.001 0.001	flight time: 25s	 batterySag: 0.58056640625
INFO: 2021-10-09 18:02:07 printStatus(175) -- Drogno_7: ready		battery 3.57	pos -0.13 0.75 0.54	yaw: -0.73	msg/s 0.0	link quality: 46	kalman var: 0.0 0.0 0.0	flight time: 27s	 batterySag: 0.58056640625
INFO: 2021-10-09 18:02:08 printStatus(175) -- Drogno_7: ready		battery 3.57	pos -0.14 0.76 0.53	yaw: -0.85	msg/s 0.0	link quality: 46	kalman var: 0.0 0.0 0.0	flight time: 29s	 batterySag: 0.58056640625
INFO: 2021-10-09 18:02:10 printStatus(175) -- Drogno_7: ready		battery 3.57	pos -0.14 0.76 0.53	yaw: -0.85	msg/s 0.0	link quality: 46	kalman var: 0.0 0.0 0.0	flight time: 30s	 batterySag: 0.58056640625
INFO: 2021-10-09 18:02:11 printStatus(175) -- Drogno_7: ready		battery 3.56	pos -0.13 0.75 0.54	yaw: -0.74	msg/s 0.0	link quality: 46	kalman var: 0.0 0.0 0.0	flight time: 32s	 batterySag: 0.58056640625
INFO: 2021-10-09 18:02:13 printStatus(175) -- Drogno_7: ready		battery 3.56	pos -0.13 0.76 0.54	yaw: -0.05	msg/s 0.0	link quality: 44	kalman var: 0.0 0.0 0.0	flight time: 33s	 batterySag: 0.58056640625
INFO: 2021-10-09 18:02:14 printStatus(175) -- Drogno_7: ready		battery 3.56	pos -0.13 0.75 0.54	yaw: -0.67	msg/s 0.0	link quality: 44	kalman var: 0.0 0.0 0.0	flight time: 35s	 batterySag: 0.58056640625
INFO: 2021-10-09 18:02:16 printStatus(175) -- Drogno_7: ready		battery 3.56	pos -0.13 0.75 0.53	yaw: -0.01	msg/s 0.0	link quality: 45	kalman var: 0.0 0.0 0.0	flight time: 36s	 batterySag: 0.58056640625
INFO: 2021-10-09 18:02:18 printStatus(175) -- Drogno_7: ready		battery 3.55	pos -0.13 0.76 0.53	yaw: 3.55	msg/s 0.0	link quality: 47	kalman var: 0.0 0.0 0.0	flight time: 38s	 batterySag: 0.58056640625
INFO: 2021-10-09 18:02:19 printStatus(175) -- Drogno_7: ready		battery 3.55	pos -0.13 0.75 0.54	yaw: 0.15	msg/s 0.0	link quality: 49	kalman var: 0.0 0.0 0.0	flight time: 40s	 batterySag: 0.58056640625
INFO: 2021-10-09 18:02:21 printStatus(175) -- Drogno_7: ready		battery 3.55	pos -0.14 0.75 0.54	yaw: -0.05	msg/s 0.0	link quality: 47	kalman var: 0.0 0.0 0.0	flight time: 41s	 batterySag: 0.58056640625
INFO: 2021-10-09 18:02:22 printStatus(175) -- Drogno_7: ready		battery 3.55	pos -0.13 0.76 0.53	yaw: 1.74	msg/s 0.0	link quality: 46	kalman var: 0.0 0.0 0.0	flight time: 43s	 batterySag: 0.58056640625
INFO: 2021-10-09 18:02:24 printStatus(175) -- Drogno_7: hovering		battery 3.42	pos -0.11 0.78 0.56	yaw: -4.86	msg/s 26.666666666666668	link quality: 39	kalman var: 0.001 0.001 0.001	flight time: 44s	 batterySag: 0.58056640625
INFO: 2021-10-09 18:02:25 printStatus(175) -- Drogno_7: out of BOX		battery 3.54	pos 0.55 2.22 1.11	yaw: -1.09	msg/s 0.0	link quality: 46	kalman var: 0.001 0.001 0.001	flight time: 46s	 batterySag: 0.58056640625
INFO: 2021-10-09 18:02:27 printStatus(175) -- Drogno_7: out of BOX		battery 3.54	pos 0.58 2.38 1.10	yaw: -0.33	msg/s 0.0	link quality: 39	kalman var: 0.001 0.001 0.001	flight time: 47s	 batterySag: 0.58056640625
INFO: 2021-10-09 18:02:29 printStatus(175) -- Drogno_7: out of BOX		battery 3.54	pos 0.58 2.35 1.04	yaw: 0.67	msg/s 0.0	link quality: 42	kalman var: 0.002 0.002 0.001	flight time: 49s	 batterySag: 0.58056640625
INFO: 2021-10-09 18:02:30 printStatus(175) -- Drogno_7: out of BOX		battery 3.54	pos 0.57 2.28 1.06	yaw: -0.89	msg/s 0.0	link quality: 44	kalman var: 0.008 0.008 0.002	flight time: 50s	 batterySag: 0.58056640625
INFO: 2021-10-09 18:02:32 printStatus(175) -- Drogno_7: out of BOX		battery 3.53	pos 0.56 2.27 1.04	yaw: -0.18	msg/s 0.0	link quality: 44	kalman var: 0.038 0.04 0.004	flight time: 52s	 batterySag: 0.58056640625
INFO: 2021-10-09 18:02:33 printStatus(175) -- Drogno_7: out of BOX		battery 3.53	pos 0.56 2.27 1.04	yaw: -0.28	msg/s 0.0	link quality: 44	kalman var: 0.108 0.112 0.006	flight time: 54s	 batterySag: 0.58056640625
INFO: 2021-10-09 18:02:35 printStatus(175) -- Drogno_7: out of BOX		battery 3.53	pos 0.56 2.27 1.04	yaw: 0.14	msg/s 0.0	link quality: 47	kalman var: 0.163 0.168 0.008	flight time: 55s	 batterySag: 0.58056640625
INFO: 2021-10-09 18:02:36 printStatus(175) -- Drogno_7: out of BOX		battery 3.52	pos 0.55 2.27 1.03	yaw: 0.36	msg/s 0.0	link quality: 47	kalman var: 0.322 0.33 0.01	flight time: 57s	 batterySag: 0.58056640625
INFO: 2021-10-09 18:02:38 printStatus(175) -- Drogno_7: out of BOX		battery 3.54	pos 0.57 2.28 1.05	yaw: 3.66	msg/s 0.0	link quality: 51	kalman var: 0.431 0.44 0.011	flight time: 58s	 batterySag: 0.58056640625
INFO: 2021-10-09 18:02:39 printStatus(175) -- Drogno_7: out of BOX		battery 3.79	pos -2.46 2.92 -4.93	yaw: 109.31	msg/s 0.0	link quality: 53	kalman var: 5.543 1.035 0.347	flight time: 60s	 batterySag: 0.58056640625
INFO: 2021-10-09 18:02:41 printStatus(175) -- Drogno_7: out of BOX		battery 3.79	pos -6.00 7.41 -12.95	yaw: 119.06	msg/s 0.0	link quality: 53	kalman var: 5.906 0.881 0.355	flight time: 61s	 batterySag: 0.58056640625
INFO: 2021-10-09 18:02:43 printStatus(175) -- Drogno_7: out of BOX		battery 3.83	pos 7.16 -1.40 -2.20	yaw: -0.05	msg/s 0.0	link quality: 53	kalman var: 0.028 0.028 0.002	flight time: 63s	 batterySag: 0.58056640625
INFO: 2021-10-09 18:02:44 printStatus(175) -- Drogno_7: ready		battery 3.82	pos 1.60 -0.31 -0.49	yaw: -0.02	msg/s 0.0	link quality: 53	kalman var: 0.006 0.006 0.001	flight time: 64s	 batterySag: 0.58056640625
INFO: 2021-10-09 18:02:46 printStatus(175) -- Drogno_7: out of BOX		battery 3.84	pos 2.23 -0.44 -0.69	yaw: -0.02	msg/s 0.0	link quality: 51	kalman var: 0.009 0.009 0.001	flight time: 66s	 batterySag: 0.58056640625
INFO: 2021-10-09 18:02:47 printStatus(175) -- Drogno_7: out of BOX		battery 3.85	pos 2.97 -0.58 -0.91	yaw: -0.02	msg/s 0.0	link quality: 53	kalman var: 0.011 0.011 0.001	flight time: 68s	 batterySag: 0.58056640625
INFO: 2021-10-09 18:02:49 printStatus(175) -- Drogno_7: ready		battery 3.83	pos 0.10 -0.02 -0.03	yaw: -0.00	msg/s 0.0	link quality: 53	kalman var: 0.001 0.001 0.0	flight time: 69s	 batterySag: 0.58056640625
INFO: 2021-10-09 18:02:50 printStatus(175) -- Drogno_7: ready		battery 3.84	pos 0.29 -0.06 -0.09	yaw: -0.01	msg/s 0.0	link quality: 56	kalman var: 0.001 0.001 0.0	flight time: 71s	 batterySag: 0.58056640625
INFO: 2021-10-09 18:02:52 printStatus(175) -- Drogno_7: out of BOX		battery 3.86	pos 4.77 -0.93 -1.47	yaw: -0.02	msg/s 0.0	link quality: 55	kalman var: 0.018 0.018 0.001	flight time: 72s	 batterySag: 0.58056640625
INFO: 2021-10-09 18:02:53 printStatus(175) -- Drogno_7: out of BOX		battery 3.86	pos 5.83 -1.15 -1.79	yaw: -0.01	msg/s 0.0	link quality: 56	kalman var: 0.022 0.022 0.002	flight time: 74s	 batterySag: 0.58056640625
INFO: 2021-10-09 18:02:55 printStatus(175) -- Drogno_7: ready		battery 3.86	pos 0.97 -0.19 -0.30	yaw: -0.01	msg/s 0.0	link quality: 55	kalman var: 0.004 0.004 0.001	flight time: 75s	 batterySag: 0.58056640625
INFO: 2021-10-09 18:02:57 printStatus(175) -- Drogno_7: ready		battery 3.86	pos 1.48 -0.29 -0.45	yaw: -0.01	msg/s 0.0	link quality: 56	kalman var: 0.006 0.006 0.001	flight time: 77s	 batterySag: 0.58056640625
INFO: 2021-10-09 18:02:58 printStatus(175) -- Drogno_7: out of BOX		battery 3.86	pos 8.19 -1.61 -2.52	yaw: -0.02	msg/s 0.0	link quality: 55	kalman var: 0.032 0.032 0.002	flight time: 78s	 batterySag: 0.58056640625
INFO: 2021-10-09 18:03:00 printStatus(175) -- Drogno_7: ready		battery 3.86	pos 0.00 -0.00 -0.00	yaw: -0.00	msg/s 0.0	link quality: 53	kalman var: 0.0 0.0 0.0	flight time: 80s	 batterySag: 0.58056640625
INFO: 2021-10-09 18:03:01 printStatus(175) -- Drogno_7: ready		battery 3.85	pos 0.07 -0.01 -0.02	yaw: -0.03	msg/s 0.0	link quality: 52	kalman var: 0.0 0.0 0.0	flight time: 82s	 batterySag: 0.58056640625
INFO: 2021-10-09 18:03:03 printStatus(175) -- Drogno_7: out of BOX		battery 3.87	pos 3.63 -0.72 -1.12	yaw: -0.11	msg/s 0.0	link quality: 51	kalman var: 0.014 0.014 0.001	flight time: 83s	 batterySag: 0.58056640625
INFO: 2021-10-09 18:03:04 printStatus(175) -- Drogno_7: out of BOX		battery 3.87	pos 4.58 -0.91 -1.42	yaw: -0.03	msg/s 0.0	link quality: 51	kalman var: 0.017 0.017 0.001	flight time: 85s	 batterySag: 0.58056640625
INFO: 2021-10-09 18:03:06 printStatus(175) -- Drogno_7: ready		battery 3.85	pos 0.53 -0.10 -0.16	yaw: 0.06	msg/s 0.0	link quality: 55	kalman var: 0.002 0.002 0.001	flight time: 86s	 batterySag: 0.58056640625
INFO: 2021-10-09 18:03:07 printStatus(175) -- Drogno_7: ready		battery 3.85	pos 0.95 -0.21 -0.26	yaw: 10.46	msg/s 0.0	link quality: 60	kalman var: 0.004 0.003 0.001	flight time: 88s	 batterySag: 0.58056640625
INFO: 2021-10-09 18:03:09 printStatus(175) -- Drogno_7: stand by		battery 3.87	pos 7.00 -1.65 -1.65	yaw: -77.75	msg/s 0.0	link quality: 50	kalman var: 0.021 0.023 0.006	flight time: 89s	 batterySag: 0.58056640625
INFO: 2021-10-09 18:03:10 printStatus(175) -- Drogno_7: stand by		battery 3.87	pos 7.00 -1.65 -1.65	yaw: -77.75	msg/s 0.0	link quality: 50	kalman var: 0.021 0.023 0.006	flight time: 89s	 batterySag: 0.58056640625
INFO: 2021-10-09 18:03:12 printStatus(175) -- Drogno_7: stand by		battery 3.87	pos 7.00 -1.65 -1.65	yaw: -77.75	msg/s 0.0	link quality: 50	kalman var: 0.021 0.023 0.006	flight time: 89s	 batterySag: 0.58056640625
INFO: 2021-10-09 18:03:14 printStatus(175) -- Drogno_7: stand by		battery 3.87	pos 7.00 -1.65 -1.65	yaw: -77.75	msg/s 0.0	link quality: 50	kalman var: 0.021 0.023 0.006	flight time: 89s	 batterySag: 0.58056640625
INFO: 2021-10-09 18:03:15 printStatus(175) -- Drogno_7: stand by		battery 3.87	pos 7.00 -1.65 -1.65	yaw: -77.75	msg/s 0.0	link quality: 50	kalman var: 0.021 0.023 0.006	flight time: 89s	 batterySag: 0.58056640625
INFO: 2021-10-09 18:03:17 printStatus(175) -- Drogno_7: stand by		battery 3.87	pos 7.00 -1.65 -1.65	yaw: -77.75	msg/s 0.0	link quality: 50	kalman var: 0.021 0.023 0.006	flight time: 89s	 batterySag: 0.58056640625
INFO: 2021-10-09 18:03:18 printStatus(175) -- Drogno_7: stand by		battery 3.87	pos 7.00 -1.65 -1.65	yaw: -77.75	msg/s 0.0	link quality: 50	kalman var: 0.021 0.023 0.006	flight time: 89s	 batterySag: 0.58056640625
INFO: 2021-10-09 18:03:20 printStatus(175) -- Drogno_7: stand by		battery 3.87	pos 7.00 -1.65 -1.65	yaw: -77.75	msg/s 0.0	link quality: 50	kalman var: 0.021 0.023 0.006	flight time: 89s	 batterySag: 0.58056640625
INFO: 2021-10-09 18:03:21 printStatus(175) -- Drogno_7: stand by		battery 3.87	pos 7.00 -1.65 -1.65	yaw: -77.75	msg/s 0.0	link quality: 50	kalman var: 0.021 0.023 0.006	flight time: 89s	 batterySag: 0.58056640625
INFO: 2021-10-09 18:03:23 printStatus(175) -- Drogno_7: stand by		battery 3.87	pos 7.00 -1.65 -1.65	yaw: -77.75	msg/s 0.0	link quality: 50	kalman var: 0.021 0.023 0.006	flight time: 89s	 batterySag: 0.58056640625
INFO: 2021-10-09 18:03:24 printStatus(175) -- Drogno_7: stand by		battery 3.87	pos 7.00 -1.65 -1.65	yaw: -77.75	msg/s 0.0	link quality: 50	kalman var: 0.021 0.023 0.006	flight time: 89s	 batterySag: 0.58056640625
INFO: 2021-10-09 18:03:26 printStatus(175) -- Drogno_7: stand by		battery 3.87	pos 7.00 -1.65 -1.65	yaw: -77.75	msg/s 0.0	link quality: 50	kalman var: 0.021 0.023 0.006	flight time: 89s	 batterySag: 0.58056640625
INFO: 2021-10-09 18:03:27 printStatus(175) -- Drogno_7: stand by		battery 3.87	pos 7.00 -1.65 -1.65	yaw: -77.75	msg/s 0.0	link quality: 50	kalman var: 0.021 0.023 0.006	flight time: 89s	 batterySag: 0.58056640625
INFO: 2021-10-09 18:03:29 printStatus(175) -- Drogno_7: stand by		battery 3.87	pos 7.00 -1.65 -1.65	yaw: -77.75	msg/s 0.0	link quality: 50	kalman var: 0.021 0.023 0.006	flight time: 89s	 batterySag: 0.58056640625
INFO: 2021-10-09 18:03:30 printStatus(175) -- Drogno_7: stand by		battery 3.87	pos 7.00 -1.65 -1.65	yaw: -77.75	msg/s 0.0	link quality: 50	kalman var: 0.021 0.023 0.006	flight time: 89s	 batterySag: 0.58056640625
INFO: 2021-10-09 18:03:32 printStatus(175) -- Drogno_7: stand by		battery 3.87	pos 7.00 -1.65 -1.65	yaw: -77.75	msg/s 0.0	link quality: 50	kalman var: 0.021 0.023 0.006	flight time: 89s	 batterySag: 0.58056640625
INFO: 2021-10-09 18:03:33 printStatus(175) -- Drogno_7: stand by		battery 3.87	pos 7.00 -1.65 -1.65	yaw: -77.75	msg/s 0.0	link quality: 50	kalman var: 0.021 0.023 0.006	flight time: 89s	 batterySag: 0.58056640625
INFO: 2021-10-09 18:03:35 printStatus(175) -- Drogno_7: stand by		battery 3.87	pos 7.00 -1.65 -1.65	yaw: -77.75	msg/s 0.0	link quality: 50	kalman var: 0.021 0.023 0.006	flight time: 89s	 batterySag: 0.58056640625
INFO: 2021-10-09 18:03:37 printStatus(175) -- Drogno_7: stand by		battery 3.87	pos 7.00 -1.65 -1.65	yaw: -77.75	msg/s 0.0	link quality: 50	kalman var: 0.021 0.023 0.006	flight time: 89s	 batterySag: 0.58056640625
INFO: 2021-10-09 18:03:38 printStatus(175) -- Drogno_7: stand by		battery 3.87	pos 7.00 -1.65 -1.65	yaw: -77.75	msg/s 0.0	link quality: 50	kalman var: 0.021 0.023 0.006	flight time: 89s	 batterySag: 0.58056640625
INFO: 2021-10-09 18:03:40 printStatus(175) -- Drogno_7: waking up		battery 3.87	pos 7.00 -1.65 -1.65	yaw: -77.75	msg/s 0.0	link quality: 50	kalman var: 0.021 0.023 0.006	flight time: 89s	 batterySag: 0.58056640625
INFO: 2021-10-09 18:03:41 printStatus(175) -- Drogno_7: waking up		battery 3.87	pos 7.00 -1.65 -1.65	yaw: -77.75	msg/s 0.0	link quality: 50	kalman var: 0.021 0.023 0.006	flight time: 89s	 batterySag: 0.58056640625
INFO: 2021-10-09 18:03:43 printStatus(175) -- Drogno_7: connecting		battery 3.87	pos 7.00 -1.65 -1.65	yaw: -77.75	msg/s 0.0	link quality: 50	kalman var: 0.021 0.023 0.006	flight time: 89s	 batterySag: 0.58056640625
INFO: 2021-10-09 18:03:44 printStatus(175) -- Drogno_7: connecting		battery 3.87	pos 7.00 -1.65 -1.65	yaw: -77.75	msg/s 0.0	link quality: 50	kalman var: 0.021 0.023 0.006	flight time: 89s	 batterySag: 0.58056640625
INFO: 2021-10-09 18:03:46 printStatus(175) -- Drogno_7: landed		battery 3.87	pos 7.00 -1.65 -1.65	yaw: -77.75	msg/s 0.0	link quality: 50	kalman var: 0.021 0.023 0.006	flight time: 89s	 batterySag: 0.58056640625
INFO: 2021-10-09 18:03:47 printStatus(175) -- Drogno_7: landed		battery 3.87	pos 0.93 0.87 0.00	yaw: -77.75	msg/s 0.0	link quality: 50	kalman var: 0.021 0.023 0.006	flight time: 89s	 batterySag: 0.58056640625
INFO: 2021-10-09 18:03:49 printStatus(175) -- Drogno_7: ready		battery 3.88	pos 0.01 -0.00 -0.00	yaw: 0.01	msg/s 0.0	link quality: 46	kalman var: 0.001 0.001 0.0	flight time: 89s	 batterySag: 0.5751953125
INFO: 2021-10-09 18:03:50 printStatus(175) -- Drogno_7: ready		battery 3.88	pos 1.04 0.41 -0.03	yaw: 53.31	msg/s 0.0	link quality: 46	kalman var: 0.001 0.001 0.001	flight time: 89s	 batterySag: 0.5751953125
INFO: 2021-10-09 18:03:52 printStatus(175) -- Drogno_7: ready		battery 3.88	pos 1.04 0.41 -0.02	yaw: 54.81	msg/s 0.0	link quality: 46	kalman var: 0.001 0.001 0.001	flight time: 89s	 batterySag: 0.5751953125
INFO: 2021-10-09 18:03:54 printStatus(175) -- Drogno_7: ready		battery 3.88	pos 1.04 0.41 -0.03	yaw: 53.34	msg/s 0.0	link quality: 46	kalman var: 0.001 0.001 0.001	flight time: 89s	 batterySag: 0.5751953125
INFO: 2021-10-09 18:03:55 printStatus(175) -- Drogno_7: ready		battery 3.88	pos 1.04 0.41 -0.03	yaw: 53.28	msg/s 0.0	link quality: 46	kalman var: 0.001 0.001 0.001	flight time: 89s	 batterySag: 0.5751953125
INFO: 2021-10-09 18:03:57 printStatus(175) -- Drogno_7: ready		battery 3.88	pos 1.04 0.41 -0.02	yaw: 53.84	msg/s 0.0	link quality: 46	kalman var: 0.001 0.001 0.001	flight time: 89s	 batterySag: 0.5751953125
INFO: 2021-10-09 18:03:58 printStatus(175) -- Drogno_7: ready		battery 3.66	pos 1.04 0.41 -0.02	yaw: 54.69	msg/s 0.0	link quality: 45	kalman var: 0.0 0.0 0.0	flight time: 89s	 batterySag: 0.5751953125
INFO: 2021-10-09 18:04:00 printStatus(175) -- Drogno_7: ready		battery 3.61	pos 1.05 0.41 0.80	yaw: -2.13	msg/s 0.0	link quality: 46	kalman var: 0.001 0.001 0.001	flight time: 1s	 batterySag: 0.5751953125
INFO: 2021-10-09 18:04:01 printStatus(175) -- Drogno_7: hovering		battery 3.59	pos 1.04 0.40 0.87	yaw: -1.57	msg/s 8.0	link quality: 63	kalman var: 0.0 0.0 0.0	flight time: 2s	 batterySag: 0.5751953125
INFO: 2021-10-09 18:04:03 printStatus(175) -- Drogno_7: hovering		battery 3.57	pos 1.04 0.41 1.11	yaw: -1.51	msg/s 34.666666666666664	link quality: 44	kalman var: 0.0 0.0 0.0	flight time: 4s	 batterySag: 0.5751953125
INFO: 2021-10-09 18:04:04 printStatus(175) -- Drogno_7: hovering		battery 3.55	pos 1.04 0.40 1.09	yaw: -0.54	msg/s 37.333333333333336	link quality: 42	kalman var: 0.0 0.0 0.0	flight time: 6s	 batterySag: 0.5751953125
INFO: 2021-10-09 18:04:06 printStatus(175) -- Drogno_7: moving		battery 3.54	pos 0.86 0.63 1.11	yaw: -3.28	msg/s 36.0	link quality: 45	kalman var: 0.0 0.0 0.0	flight time: 7s	 batterySag: 0.5751953125
INFO: 2021-10-09 18:04:08 printStatus(175) -- Drogno_7: hovering		battery 3.54	pos 0.51 1.58 1.17	yaw: -0.23	msg/s 36.0	link quality: 39	kalman var: 0.0 0.0 0.001	flight time: 9s	 batterySag: 0.5751953125
INFO: 2021-10-09 18:04:09 printStatus(175) -- Drogno_7: hovering		battery 3.54	pos 0.54 1.55 1.16	yaw: -0.01	msg/s 36.0	link quality: 37	kalman var: 0.0 0.0 0.0	flight time: 10s	 batterySag: 0.5751953125
INFO: 2021-10-09 18:04:11 printStatus(175) -- Drogno_7: hovering		battery 3.42	pos 0.56 1.49 0.99	yaw: -3.05	msg/s 33.333333333333336	link quality: 40	kalman var: 0.0 0.0 0.0	flight time: 12s	 batterySag: 0.5751953125
INFO: 2021-10-09 18:04:13 printStatus(175) -- Drogno_7: hovering		battery 3.52	pos 0.56 1.75 0.59	yaw: 1.99	msg/s 38.666666666666664	link quality: 42	kalman var: 0.001 0.001 0.001	flight time: 14s	 batterySag: 0.5751953125
INFO: 2021-10-09 18:04:15 printStatus(175) -- Drogno_7: moving		battery 3.52	pos 0.56 1.78 0.58	yaw: 1.22	msg/s 38.666666666666664	link quality: 45	kalman var: 0.0 0.0 0.001	flight time: 16s	 batterySag: 0.5751953125
INFO: 2021-10-09 18:04:16 printStatus(175) -- Drogno_7: moving		battery 3.5	pos 0.56 1.77 0.53	yaw: 0.18	msg/s 40.0	link quality: 46	kalman var: 0.001 0.001 0.001	flight time: 17s	 batterySag: 0.5751953125
INFO: 2021-10-09 18:04:18 printStatus(175) -- Drogno_7: hovering		battery 3.48	pos 0.95 1.60 0.75	yaw: -0.47	msg/s 36.0	link quality: 52	kalman var: 0.0 0.0 0.0	flight time: 19s	 batterySag: 0.5751953125
INFO: 2021-10-09 18:04:19 printStatus(175) -- Drogno_7: hovering		battery 3.51	pos 1.62 1.02 1.16	yaw: 0.24	msg/s 36.0	link quality: 42	kalman var: 0.0 0.0 0.0	flight time: 20s	 batterySag: 0.5751953125
INFO: 2021-10-09 18:04:21 printStatus(175) -- Drogno_7: hovering		battery 3.51	pos 1.64 1.02 1.15	yaw: 0.34	msg/s 34.666666666666664	link quality: 40	kalman var: 0.009 0.009 0.003	flight time: 22s	 batterySag: 0.5751953125
INFO: 2021-10-09 18:04:22 printStatus(175) -- Drogno_7: moving		battery 3.5	pos 1.64 1.02 1.14	yaw: 0.04	msg/s 38.666666666666664	link quality: 42	kalman var: 0.022 0.022 0.004	flight time: 23s	 batterySag: 0.5751953125
INFO: 2021-10-09 18:04:24 printStatus(175) -- Drogno_7: hovering		battery 3.49	pos 1.89 1.38 0.76	yaw: -1.36	msg/s 37.333333333333336	link quality: 51	kalman var: 0.0 0.0 0.0	flight time: 25s	 batterySag: 0.5751953125
INFO: 2021-10-09 18:04:25 printStatus(175) -- Drogno_7: hovering		battery 3.49	pos 0.85 1.71 0.71	yaw: 0.78	msg/s 34.666666666666664	link quality: 51	kalman var: 0.0 0.0 0.0	flight time: 27s	 batterySag: 0.5751953125
INFO: 2021-10-09 18:04:27 printStatus(175) -- Drogno_7: hovering		battery 3.49	pos 0.92 1.66 0.71	yaw: 0.40	msg/s 36.0	link quality: 50	kalman var: 0.0 0.0 0.0	flight time: 28s	 batterySag: 0.5751953125
INFO: 2021-10-09 18:04:29 printStatus(175) -- Drogno_7: hovering		battery 3.49	pos 0.95 1.64 0.72	yaw: 0.12	msg/s 37.333333333333336	link quality: 44	kalman var: 0.001 0.001 0.001	flight time: 30s	 batterySag: 0.5751953125
INFO: 2021-10-09 18:04:30 printStatus(175) -- Drogno_7: moving		battery 3.49	pos 0.95 1.64 0.73	yaw: 0.15	msg/s 34.666666666666664	link quality: 45	kalman var: 0.0 0.0 0.0	flight time: 31s	 batterySag: 0.5751953125
INFO: 2021-10-09 18:04:32 printStatus(175) -- Drogno_7: hovering		battery 3.48	pos 0.95 1.65 0.73	yaw: -0.24	msg/s 40.0	link quality: 44	kalman var: 0.0 0.0 0.0	flight time: 33s	 batterySag: 0.5751953125
INFO: 2021-10-09 18:04:33 printStatus(175) -- Drogno_7: hovering		battery 3.48	pos 0.95 1.65 0.73	yaw: 0.07	msg/s 37.333333333333336	link quality: 44	kalman var: 0.0 0.0 0.0	flight time: 34s	 batterySag: 0.5751953125
INFO: 2021-10-09 18:04:35 printStatus(175) -- Drogno_7: hovering		battery 3.48	pos 0.95 1.65 0.73	yaw: -0.47	msg/s 37.333333333333336	link quality: 44	kalman var: 0.0 0.0 0.0	flight time: 36s	 batterySag: 0.5751953125
INFO: 2021-10-09 18:04:37 printStatus(175) -- Drogno_7: moving		battery 3.48	pos 1.01 1.62 0.79	yaw: -0.64	msg/s 36.0	link quality: 42	kalman var: 0.0 0.0 0.0	flight time: 38s	 batterySag: 0.5751953125
INFO: 2021-10-09 18:04:39 printStatus(175) -- Drogno_7: hovering		battery 3.48	pos 1.23 1.49 0.92	yaw: 1.04	msg/s 36.0	link quality: 39	kalman var: 0.002 0.002 0.001	flight time: 39s	 batterySag: 0.5751953125
INFO: 2021-10-09 18:04:40 printStatus(175) -- Drogno_7: hovering		battery 3.47	pos 1.40 1.34 1.01	yaw: 0.08	msg/s 37.333333333333336	link quality: 45	kalman var: 0.0 0.0 0.0	flight time: 41s	 batterySag: 0.5751953125
INFO: 2021-10-09 18:04:42 printStatus(175) -- Drogno_7: moving		battery 3.47	pos 1.49 1.24 1.06	yaw: -0.55	msg/s 34.666666666666664	link quality: 43	kalman var: 0.0 0.0 0.0	flight time: 43s	 batterySag: 0.5751953125
INFO: 2021-10-09 18:04:44 printStatus(175) -- Drogno_7: hovering		battery 3.46	pos 1.68 0.98 1.15	yaw: -0.12	msg/s 37.333333333333336	link quality: 49	kalman var: 0.0 0.0 0.0	flight time: 45s	 batterySag: 0.5751953125
INFO: 2021-10-09 18:04:46 printStatus(175) -- Drogno_7: hovering		battery 3.47	pos 1.74 0.70 1.19	yaw: -0.09	msg/s 37.333333333333336	link quality: 43	kalman var: 0.002 0.002 0.001	flight time: 47s	 batterySag: 0.5751953125
INFO: 2021-10-09 18:04:48 printStatus(175) -- Drogno_7: hovering		battery 3.46	pos 1.64 0.39 1.22	yaw: -0.04	msg/s 36.0	link quality: 46	kalman var: 0.021 0.021 0.003	flight time: 49s	 batterySag: 0.5751953125
INFO: 2021-10-09 18:04:50 printStatus(175) -- Drogno_7: hovering		battery 3.46	pos 1.51 0.18 1.23	yaw: 0.28	msg/s 34.666666666666664	link quality: 42	kalman var: 0.071 0.071 0.006	flight time: 50s	 batterySag: 0.5751953125
INFO: 2021-10-09 18:04:52 printStatus(175) -- Drogno_7: moving		battery 3.46	pos 1.42 0.01 1.23	yaw: -0.65	msg/s 38.666666666666664	link quality: 50	kalman var: 0.17 0.17 0.008	flight time: 52s	 batterySag: 0.5751953125
INFO: 2021-10-09 18:04:54 printStatus(175) -- Drogno_7: hovering		battery 3.46	pos 1.36 -0.27 1.23	yaw: 0.81	msg/s 36.0	link quality: 50	kalman var: 0.333 0.333 0.01	flight time: 54s	 batterySag: 0.5751953125
INFO: 2021-10-09 18:04:56 printStatus(175) -- Drogno_7: hovering		battery 3.31	pos 0.01 0.01 0.01	yaw: -26.05	msg/s 38.666666666666664	link quality: 53	kalman var: 0.0 0.0 0.0	flight time: 56s	 batterySag: 0.5751953125
INFO: 2021-10-09 18:04:57 printStatus(175) -- Drogno_7: stand by		battery 3.7	pos 0.00 0.00 0.00	yaw: 0.00	msg/s 26.0	link quality: 43	kalman var: 0.0 0.0 0.0	flight time: 58s	 batterySag: 0.5751953125
INFO: 2021-10-09 18:04:59 printStatus(175) -- Drogno_7: stand by		battery 3.7	pos 0.00 0.00 0.00	yaw: 0.00	msg/s 52.0	link quality: 43	kalman var: 0.0 0.0 0.0	flight time: 58s	 batterySag: 0.5751953125
INFO: 2021-10-09 18:05:01 printStatus(175) -- Drogno_7: stand by		battery 3.7	pos 0.00 0.00 0.00	yaw: 0.00	msg/s 77.33333333333333	link quality: 43	kalman var: 0.0 0.0 0.0	flight time: 58s	 batterySag: 0.5751953125
INFO: 2021-10-09 18:05:03 printStatus(175) -- Drogno_7: stand by		battery 3.7	pos 0.00 0.00 0.00	yaw: 0.00	msg/s 102.66666666666667	link quality: 43	kalman var: 0.0 0.0 0.0	flight time: 58s	 batterySag: 0.5751953125
INFO: 2021-10-09 18:05:04 printStatus(175) -- Drogno_7: stand by		battery 3.7	pos 0.00 0.00 0.00	yaw: 0.00	msg/s 128.0	link quality: 43	kalman var: 0.0 0.0 0.0	flight time: 58s	 batterySag: 0.5751953125
INFO: 2021-10-09 18:05:06 printStatus(175) -- Drogno_7: stand by		battery 3.7	pos 0.00 0.00 0.00	yaw: 0.00	msg/s 153.33333333333334	link quality: 43	kalman var: 0.0 0.0 0.0	flight time: 58s	 batterySag: 0.5751953125
INFO: 2021-10-09 18:05:08 printStatus(175) -- Drogno_7: stand by		battery 3.7	pos 0.00 0.00 0.00	yaw: 0.00	msg/s 179.33333333333334	link quality: 43	kalman var: 0.0 0.0 0.0	flight time: 58s	 batterySag: 0.5751953125
INFO: 2021-10-09 18:05:09 printStatus(175) -- Drogno_7: stand by		battery 3.7	pos 0.00 0.00 0.00	yaw: 0.00	msg/s 204.66666666666666	link quality: 43	kalman var: 0.0 0.0 0.0	flight time: 58s	 batterySag: 0.5751953125
INFO: 2021-10-09 18:05:11 printStatus(175) -- Drogno_7: stand by		battery 3.7	pos 0.00 0.00 0.00	yaw: 0.00	msg/s 230.0	link quality: 43	kalman var: 0.0 0.0 0.0	flight time: 58s	 batterySag: 0.5751953125
INFO: 2021-10-09 18:05:13 printStatus(175) -- Drogno_7: stand by		battery 3.7	pos 0.00 0.00 0.00	yaw: 0.00	msg/s 256.0	link quality: 43	kalman var: 0.0 0.0 0.0	flight time: 58s	 batterySag: 0.5751953125
INFO: 2021-10-09 18:05:14 printStatus(175) -- Drogno_7: stand by		battery 3.7	pos 0.00 0.00 0.00	yaw: 0.00	msg/s 281.3333333333333	link quality: 43	kalman var: 0.0 0.0 0.0	flight time: 58s	 batterySag: 0.5751953125
INFO: 2021-10-09 18:05:16 printStatus(175) -- Drogno_7: stand by		battery 3.7	pos 0.00 0.00 0.00	yaw: 0.00	msg/s 306.6666666666667	link quality: 43	kalman var: 0.0 0.0 0.0	flight time: 58s	 batterySag: 0.5751953125
INFO: 2021-10-09 18:05:18 printStatus(175) -- Drogno_7: stand by		battery 3.7	pos 0.00 0.00 0.00	yaw: 0.00	msg/s 332.0	link quality: 43	kalman var: 0.0 0.0 0.0	flight time: 58s	 batterySag: 0.5751953125
INFO: 2021-10-09 18:05:20 printStatus(175) -- Drogno_7: stand by		battery 3.7	pos 0.00 0.00 0.00	yaw: 0.00	msg/s 358.0	link quality: 43	kalman var: 0.0 0.0 0.0	flight time: 58s	 batterySag: 0.5751953125
INFO: 2021-10-09 18:05:21 printStatus(175) -- Drogno_7: stand by		battery 3.7	pos 0.00 0.00 0.00	yaw: 0.00	msg/s 383.3333333333333	link quality: 43	kalman var: 0.0 0.0 0.0	flight time: 58s	 batterySag: 0.5751953125
INFO: 2021-10-09 18:05:23 printStatus(175) -- Drogno_7: stand by		battery 3.7	pos 0.00 0.00 0.00	yaw: 0.00	msg/s 409.3333333333333	link quality: 43	kalman var: 0.0 0.0 0.0	flight time: 58s	 batterySag: 0.5751953125
INFO: 2021-10-09 18:05:25 printStatus(175) -- Drogno_7: stand by		battery 3.7	pos 0.00 0.00 0.00	yaw: 0.00	msg/s 433.3333333333333	link quality: 43	kalman var: 0.0 0.0 0.0	flight time: 58s	 batterySag: 0.5751953125
INFO: 2021-10-09 18:05:26 printStatus(175) -- Drogno_7: stand by		battery 3.7	pos 0.00 0.00 0.00	yaw: 0.00	msg/s 459.3333333333333	link quality: 43	kalman var: 0.0 0.0 0.0	flight time: 58s	 batterySag: 0.5751953125
INFO: 2021-10-09 18:05:28 printStatus(175) -- Drogno_7: stand by		battery 3.7	pos 0.00 0.00 0.00	yaw: 0.00	msg/s 485.3333333333333	link quality: 43	kalman var: 0.0 0.0 0.0	flight time: 58s	 batterySag: 0.5751953125
INFO: 2021-10-09 18:05:29 printStatus(175) -- Drogno_7: stand by		battery 3.7	pos 0.00 0.00 0.00	yaw: 0.00	msg/s 508.6666666666667	link quality: 43	kalman var: 0.0 0.0 0.0	flight time: 58s	 batterySag: 0.5751953125
INFO: 2021-10-09 18:05:31 printStatus(175) -- Drogno_7: stand by		battery 3.7	pos 0.00 0.00 0.00	yaw: 0.00	msg/s 532.0	link quality: 43	kalman var: 0.0 0.0 0.0	flight time: 58s	 batterySag: 0.5751953125
INFO: 2021-10-09 18:05:33 printStatus(175) -- Drogno_7: stand by		battery 3.7	pos 0.00 0.00 0.00	yaw: 0.00	msg/s 556.6666666666666	link quality: 43	kalman var: 0.0 0.0 0.0	flight time: 58s	 batterySag: 0.5751953125
INFO: 2021-10-09 18:05:34 printStatus(175) -- Drogno_7: stand by		battery 3.7	pos 0.00 0.00 0.00	yaw: 0.00	msg/s 580.6666666666666	link quality: 43	kalman var: 0.0 0.0 0.0	flight time: 58s	 batterySag: 0.5751953125
INFO: 2021-10-09 18:05:36 printStatus(175) -- Drogno_7: stand by		battery 3.7	pos 0.00 0.00 0.00	yaw: 0.00	msg/s 604.0	link quality: 43	kalman var: 0.0 0.0 0.0	flight time: 58s	 batterySag: 0.5751953125
INFO: 2021-10-09 18:05:37 printStatus(175) -- Drogno_7: stand by		battery 3.7	pos 0.00 0.00 0.00	yaw: 0.00	msg/s 628.0	link quality: 43	kalman var: 0.0 0.0 0.0	flight time: 58s	 batterySag: 0.5751953125
INFO: 2021-10-09 18:05:39 printStatus(175) -- Drogno_7: stand by		battery 3.7	pos 0.00 0.00 0.00	yaw: 0.00	msg/s 652.6666666666666	link quality: 43	kalman var: 0.0 0.0 0.0	flight time: 58s	 batterySag: 0.5751953125
INFO: 2021-10-09 18:05:40 printStatus(175) -- Drogno_7: stand by		battery 3.7	pos 0.00 0.00 0.00	yaw: 0.00	msg/s 676.0	link quality: 43	kalman var: 0.0 0.0 0.0	flight time: 58s	 batterySag: 0.5751953125
INFO: 2021-10-09 18:05:42 printStatus(175) -- Drogno_7: stand by		battery 3.7	pos 0.00 0.00 0.00	yaw: 0.00	msg/s 700.0	link quality: 43	kalman var: 0.0 0.0 0.0	flight time: 58s	 batterySag: 0.5751953125
INFO: 2021-10-09 18:05:43 printStatus(175) -- Drogno_7: stand by		battery 3.7	pos 0.00 0.00 0.00	yaw: 0.00	msg/s 724.0	link quality: 43	kalman var: 0.0 0.0 0.0	flight time: 58s	 batterySag: 0.5751953125
INFO: 2021-10-09 18:05:45 printStatus(175) -- Drogno_7: stand by		battery 3.7	pos 0.00 0.00 0.00	yaw: 0.00	msg/s 748.6666666666666	link quality: 43	kalman var: 0.0 0.0 0.0	flight time: 58s	 batterySag: 0.5751953125
INFO: 2021-10-09 18:05:46 printStatus(175) -- Drogno_7: stand by		battery 3.7	pos 0.00 0.00 0.00	yaw: 0.00	msg/s 770.6666666666666	link quality: 43	kalman var: 0.0 0.0 0.0	flight time: 58s	 batterySag: 0.5751953125
INFO: 2021-10-09 18:05:48 printStatus(175) -- Drogno_7: stand by		battery 3.7	pos 0.00 0.00 0.00	yaw: 0.00	msg/s 793.3333333333334	link quality: 43	kalman var: 0.0 0.0 0.0	flight time: 58s	 batterySag: 0.5751953125
INFO: 2021-10-09 18:05:49 printStatus(175) -- Drogno_7: stand by		battery 3.7	pos 0.00 0.00 0.00	yaw: 0.00	msg/s 816.6666666666666	link quality: 43	kalman var: 0.0 0.0 0.0	flight time: 58s	 batterySag: 0.5751953125
INFO: 2021-10-09 18:05:51 printStatus(175) -- Drogno_7: stand by		battery 3.7	pos 0.00 0.00 0.00	yaw: 0.00	msg/s 839.3333333333334	link quality: 43	kalman var: 0.0 0.0 0.0	flight time: 58s	 batterySag: 0.5751953125
INFO: 2021-10-09 18:05:52 printStatus(175) -- Drogno_7: stand by		battery 3.7	pos 0.00 0.00 0.00	yaw: 0.00	msg/s 863.3333333333334	link quality: 43	kalman var: 0.0 0.0 0.0	flight time: 58s	 batterySag: 0.5751953125
INFO: 2021-10-09 18:05:54 printStatus(175) -- Drogno_7: stand by		battery 3.7	pos 0.00 0.00 0.00	yaw: 0.00	msg/s 887.3333333333334	link quality: 43	kalman var: 0.0 0.0 0.0	flight time: 58s	 batterySag: 0.5751953125
INFO: 2021-10-09 18:05:56 printStatus(175) -- Drogno_7: stand by		battery 3.7	pos 0.00 0.00 0.00	yaw: 0.00	msg/s 911.3333333333334	link quality: 43	kalman var: 0.0 0.0 0.0	flight time: 58s	 batterySag: 0.5751953125
INFO: 2021-10-09 18:05:57 printStatus(175) -- Drogno_7: stand by		battery 3.7	pos 0.00 0.00 0.00	yaw: 0.00	msg/s 934.6666666666666	link quality: 43	kalman var: 0.0 0.0 0.0	flight time: 58s	 batterySag: 0.5751953125
INFO: 2021-10-09 18:05:59 printStatus(175) -- Drogno_7: stand by		battery 3.7	pos 0.00 0.00 0.00	yaw: 0.00	msg/s 958.0	link quality: 43	kalman var: 0.0 0.0 0.0	flight time: 58s	 batterySag: 0.5751953125
INFO: 2021-10-09 18:06:00 printStatus(175) -- Drogno_7: stand by		battery 3.7	pos 0.00 0.00 0.00	yaw: 0.00	msg/s 982.0	link quality: 43	kalman var: 0.0 0.0 0.0	flight time: 58s	 batterySag: 0.5751953125
INFO: 2021-10-09 18:06:02 printStatus(175) -- Drogno_7: stand by		battery 3.7	pos 0.00 0.00 0.00	yaw: 0.00	msg/s 1006.0	link quality: 43	kalman var: 0.0 0.0 0.0	flight time: 58s	 batterySag: 0.5751953125
INFO: 2021-10-09 18:06:03 printStatus(175) -- Drogno_7: stand by		battery 3.7	pos 0.00 0.00 0.00	yaw: 0.00	msg/s 1030.0	link quality: 43	kalman var: 0.0 0.0 0.0	flight time: 58s	 batterySag: 0.5751953125
INFO: 2021-10-09 18:06:05 printStatus(175) -- Drogno_7: stand by		battery 3.7	pos 0.00 0.00 0.00	yaw: 0.00	msg/s 1054.0	link quality: 43	kalman var: 0.0 0.0 0.0	flight time: 58s	 batterySag: 0.5751953125
INFO: 2021-10-09 18:06:06 printStatus(175) -- Drogno_7: stand by		battery 3.7	pos 0.00 0.00 0.00	yaw: 0.00	msg/s 1077.3333333333333	link quality: 43	kalman var: 0.0 0.0 0.0	flight time: 58s	 batterySag: 0.5751953125
INFO: 2021-10-09 18:06:08 printStatus(175) -- Drogno_7: stand by		battery 3.7	pos 0.00 0.00 0.00	yaw: 0.00	msg/s 1101.3333333333333	link quality: 43	kalman var: 0.0 0.0 0.0	flight time: 58s	 batterySag: 0.5751953125
INFO: 2021-10-09 18:06:09 printStatus(175) -- Drogno_7: stand by		battery 3.7	pos 0.00 0.00 0.00	yaw: 0.00	msg/s 1126.0	link quality: 43	kalman var: 0.0 0.0 0.0	flight time: 58s	 batterySag: 0.5751953125
INFO: 2021-10-09 18:06:11 printStatus(175) -- Drogno_7: stand by		battery 3.7	pos 0.00 0.00 0.00	yaw: 0.00	msg/s 1148.6666666666667	link quality: 43	kalman var: 0.0 0.0 0.0	flight time: 58s	 batterySag: 0.5751953125
INFO: 2021-10-09 18:06:12 printStatus(175) -- Drogno_7: stand by		battery 3.7	pos 0.00 0.00 0.00	yaw: 0.00	msg/s 1172.0	link quality: 43	kalman var: 0.0 0.0 0.0	flight time: 58s	 batterySag: 0.5751953125
INFO: 2021-10-09 18:06:14 printStatus(175) -- Drogno_7: stand by		battery 3.7	pos 0.00 0.00 0.00	yaw: 0.00	msg/s 1196.0	link quality: 43	kalman var: 0.0 0.0 0.0	flight time: 58s	 batterySag: 0.5751953125
INFO: 2021-10-09 18:06:15 printStatus(175) -- Drogno_7: stand by		battery 3.7	pos 0.00 0.00 0.00	yaw: 0.00	msg/s 1220.0	link quality: 43	kalman var: 0.0 0.0 0.0	flight time: 58s	 batterySag: 0.5751953125
INFO: 2021-10-09 18:06:17 printStatus(175) -- Drogno_7: stand by		battery 3.7	pos 0.00 0.00 0.00	yaw: 0.00	msg/s 1243.3333333333333	link quality: 43	kalman var: 0.0 0.0 0.0	flight time: 58s	 batterySag: 0.5751953125
INFO: 2021-10-09 18:06:19 printStatus(175) -- Drogno_7: stand by		battery 3.7	pos 0.00 0.00 0.00	yaw: 0.00	msg/s 1268.0	link quality: 43	kalman var: 0.0 0.0 0.0	flight time: 58s	 batterySag: 0.5751953125
INFO: 2021-10-09 18:06:20 printStatus(175) -- Drogno_7: stand by		battery 3.7	pos 0.00 0.00 0.00	yaw: 0.00	msg/s 1291.3333333333333	link quality: 43	kalman var: 0.0 0.0 0.0	flight time: 58s	 batterySag: 0.5751953125
INFO: 2021-10-09 18:06:22 printStatus(175) -- Drogno_7: stand by		battery 3.7	pos 0.00 0.00 0.00	yaw: 0.00	msg/s 1315.3333333333333	link quality: 43	kalman var: 0.0 0.0 0.0	flight time: 58s	 batterySag: 0.5751953125
INFO: 2021-10-09 18:06:23 printStatus(175) -- Drogno_7: stand by		battery 3.7	pos 0.00 0.00 0.00	yaw: 0.00	msg/s 1338.6666666666667	link quality: 43	kalman var: 0.0 0.0 0.0	flight time: 58s	 batterySag: 0.5751953125
INFO: 2021-10-09 18:06:25 printStatus(175) -- Drogno_7: stand by		battery 3.7	pos 0.00 0.00 0.00	yaw: 0.00	msg/s 1363.3333333333333	link quality: 43	kalman var: 0.0 0.0 0.0	flight time: 58s	 batterySag: 0.5751953125
INFO: 2021-10-09 18:06:26 printStatus(175) -- Drogno_7: sconnesso		battery 3.7	pos 0.00 0.00 0.00	yaw: 0.00	msg/s 1369.3333333333333	link quality: 43	kalman var: 0.0 0.0 0.0	flight time: 58s	 batterySag: 0.5751953125
