INFO: 01-08-2022 17:11:06 __init__(126) -- This is dronelog running on Drogno_3
INFO: 01-08-2022 17:11:06 printStatus(162) -- Started
INFO: 01-08-2022 17:11:09 printStatus(167) -- Drogno_3: connecting	battery: n.p.	kalman var: 0 0 0	 batterySag: 0	link quality: 0	flight time: 0s	pos 0.00 0.00 0.00	yaw: 0.00	msg/s 0.0
INFO: 01-08-2022 17:11:10 printStatus(167) -- Drogno_3: landed	battery: n.p.	kalman var: 0 0 0	 batterySag: 0	link quality: 0	flight time: 0s	pos 0.00 0.00 0.00	yaw: 0.00	msg/s 0.0
INFO: 01-08-2022 17:11:11 printStatus(167) -- Drogno_3: ready	battery: 4.17	kalman var: 0.002 0.002 0.001	 batterySag: 0.681	link quality: 62	flight time: 0s	pos 0.01 0.00 -0.00	yaw: 0.14	msg/s 0.0
INFO: 01-08-2022 17:11:12 printStatus(167) -- Drogno_3: ready	battery: 4.17	kalman var: 0.0 0.0 0.0	 batterySag: 0.681	link quality: 63	flight time: 0s	pos 0.00 0.00 -0.00	yaw: -0.04	msg/s 0.0
INFO: 01-08-2022 17:11:13 printStatus(167) -- Drogno_3: ready	battery: 4.17	kalman var: 0.0 0.0 0.0	 batterySag: 0.681	link quality: 64	flight time: 0s	pos 0.00 0.00 -0.00	yaw: -0.04	msg/s 0.0
INFO: 01-08-2022 17:11:14 printStatus(167) -- Drogno_3: ready	battery: 4.17	kalman var: 0.0 0.0 0.0	 batterySag: 0.681	link quality: 63	flight time: 0s	pos 0.00 0.00 -0.00	yaw: -0.03	msg/s 0.0
INFO: 01-08-2022 17:11:15 printStatus(167) -- Drogno_3: ready	battery: 4.17	kalman var: 0.0 0.0 0.0	 batterySag: 0.681	link quality: 62	flight time: 0s	pos 0.00 0.00 -0.00	yaw: -0.03	msg/s 0.0
INFO: 01-08-2022 17:11:16 printStatus(167) -- Drogno_3: ready	battery: 4.17	kalman var: 0.0 0.0 0.0	 batterySag: 0.681	link quality: 63	flight time: 0s	pos 0.00 0.00 -0.00	yaw: -0.04	msg/s 0.0
INFO: 01-08-2022 17:11:17 printStatus(167) -- Drogno_3: ready	battery: 4.17	kalman var: 0.0 0.0 0.0	 batterySag: 0.681	link quality: 61	flight time: 0s	pos 0.00 0.00 -0.00	yaw: -0.03	msg/s 0.0
INFO: 01-08-2022 17:11:18 printStatus(167) -- Drogno_3: ready	battery: 4.17	kalman var: 0.001 0.001 0.001	 batterySag: 0.681	link quality: 62	flight time: 0s	pos 0.00 -0.00 -0.00	yaw: -0.03	msg/s 0.0
INFO: 01-08-2022 17:11:20 printStatus(167) -- Drogno_3: ready	battery: 4.17	kalman var: 0.0 0.0 0.0	 batterySag: 0.681	link quality: 63	flight time: 0s	pos 0.00 0.00 -0.00	yaw: -0.03	msg/s 0.0
INFO: 01-08-2022 17:11:21 printStatus(167) -- Drogno_3: ready	battery: 4.17	kalman var: 0.0 0.0 0.0	 batterySag: 0.681	link quality: 61	flight time: 0s	pos 0.00 0.00 -0.00	yaw: -0.04	msg/s 0.0
INFO: 01-08-2022 17:11:22 printStatus(167) -- Drogno_3: ready	battery: 4.17	kalman var: 0.0 0.0 0.0	 batterySag: 0.681	link quality: 62	flight time: 0s	pos 0.00 0.00 -0.00	yaw: -0.03	msg/s 0.0
INFO: 01-08-2022 17:11:23 printStatus(167) -- Drogno_3: ready	battery: 4.17	kalman var: 0.0 0.0 0.0	 batterySag: 0.681	link quality: 63	flight time: 0s	pos 0.00 0.00 -0.00	yaw: -0.02	msg/s 0.0
INFO: 01-08-2022 17:11:24 printStatus(167) -- Drogno_3: ready	battery: 4.17	kalman var: 0.0 0.0 0.0	 batterySag: 0.681	link quality: 61	flight time: 0s	pos 0.00 0.00 -0.00	yaw: -0.02	msg/s 0.0
INFO: 01-08-2022 17:11:25 printStatus(167) -- Drogno_3: ready	battery: 4.17	kalman var: 0.0 0.0 0.0	 batterySag: 0.681	link quality: 64	flight time: 0s	pos 0.00 0.00 -0.00	yaw: -0.02	msg/s 0.0
INFO: 01-08-2022 17:11:26 printStatus(167) -- Drogno_3: ready	battery: 4.17	kalman var: 0.001 0.001 0.001	 batterySag: 0.681	link quality: 61	flight time: 0s	pos 0.00 -0.00 -0.00	yaw: -0.05	msg/s 0.0
INFO: 01-08-2022 17:11:27 printStatus(167) -- Drogno_3: ready	battery: 4.17	kalman var: 0.0 0.0 0.0	 batterySag: 0.681	link quality: 61	flight time: 0s	pos 0.00 0.00 -0.00	yaw: -0.04	msg/s 0.0
INFO: 01-08-2022 17:11:28 printStatus(167) -- Drogno_3: ready	battery: 4.17	kalman var: 0.0 0.0 0.0	 batterySag: 0.681	link quality: 62	flight time: 0s	pos 0.00 0.00 -0.00	yaw: -0.04	msg/s 0.0
INFO: 01-08-2022 17:11:30 printStatus(167) -- Drogno_3: ready	battery: 4.16	kalman var: 0.0 0.0 0.0	 batterySag: 0.681	link quality: 63	flight time: 0s	pos 0.00 0.00 -0.00	yaw: -0.04	msg/s 0.0
INFO: 01-08-2022 17:11:31 printStatus(167) -- Drogno_3: ready	battery: 4.17	kalman var: 0.0 0.0 0.0	 batterySag: 0.681	link quality: 65	flight time: 0s	pos 0.00 0.00 -0.00	yaw: -0.06	msg/s 0.0
INFO: 01-08-2022 17:11:32 printStatus(167) -- Drogno_3: ready	battery: 4.17	kalman var: 0.0 0.0 0.0	 batterySag: 0.681	link quality: 58	flight time: 0s	pos 0.00 -0.00 -0.00	yaw: -0.03	msg/s 0.0
INFO: 01-08-2022 17:11:33 printStatus(167) -- Drogno_3: ready	battery: 4.17	kalman var: 0.0 0.0 0.0	 batterySag: 0.681	link quality: 51	flight time: 0s	pos 0.00 -0.00 -0.00	yaw: -0.03	msg/s 0.0
INFO: 01-08-2022 17:11:34 printStatus(167) -- Drogno_3: ready	battery: 4.16	kalman var: 0.0 0.0 0.0	 batterySag: 0.681	link quality: 64	flight time: 0s	pos 0.00 -0.00 -0.00	yaw: -0.03	msg/s 0.0
INFO: 01-08-2022 17:11:35 printStatus(167) -- Drogno_3: ready	battery: 4.16	kalman var: 0.001 0.001 0.001	 batterySag: 0.681	link quality: 57	flight time: 0s	pos 0.01 -0.01 -0.00	yaw: -0.03	msg/s 0.0
INFO: 01-08-2022 17:11:36 printStatus(167) -- Drogno_3: ready	battery: 4.17	kalman var: 0.002 0.002 0.001	 batterySag: 0.681	link quality: 67	flight time: 0s	pos 0.01 -0.01 0.00	yaw: -0.05	msg/s 0.0
INFO: 01-08-2022 17:11:37 printStatus(167) -- Drogno_3: ready	battery: 4.16	kalman var: 0.001 0.001 0.001	 batterySag: 0.681	link quality: 46	flight time: 0s	pos 0.00 0.00 -0.00	yaw: -0.09	msg/s 0.0
INFO: 01-08-2022 17:11:38 printStatus(167) -- Drogno_3: ready	battery: 4.16	kalman var: 0.0 0.0 0.0	 batterySag: 0.681	link quality: 46	flight time: 0s	pos 0.00 0.00 -0.00	yaw: -0.12	msg/s 0.0
INFO: 01-08-2022 17:11:39 printStatus(167) -- Drogno_3: ready	battery: 4.16	kalman var: 0.0 0.0 0.0	 batterySag: 0.681	link quality: 44	flight time: 0s	pos 0.00 0.00 -0.00	yaw: -0.09	msg/s 0.0
INFO: 01-08-2022 17:11:41 printStatus(167) -- Drogno_3: ready	battery: 4.16	kalman var: 0.0 0.0 0.0	 batterySag: 0.681	link quality: 51	flight time: 0s	pos 0.00 0.00 -0.00	yaw: -0.11	msg/s 0.0
INFO: 01-08-2022 17:11:42 printStatus(167) -- Drogno_3: ready	battery: 4.16	kalman var: 0.0 0.0 0.0	 batterySag: 0.681	link quality: 52	flight time: 0s	pos 0.00 0.00 -0.00	yaw: -0.10	msg/s 0.0
INFO: 01-08-2022 17:11:43 printStatus(167) -- Drogno_3: ready	battery: 4.16	kalman var: 0.0 0.0 0.0	 batterySag: 0.681	link quality: 51	flight time: 0s	pos 0.00 0.00 -0.00	yaw: -0.08	msg/s 0.0
INFO: 01-08-2022 17:11:44 printStatus(167) -- Drogno_3: ready	battery: 4.16	kalman var: 0.0 0.0 0.0	 batterySag: 0.681	link quality: 53	flight time: 0s	pos 0.00 0.00 -0.00	yaw: -0.11	msg/s 0.0
INFO: 01-08-2022 17:11:45 printStatus(167) -- Drogno_3: ready	battery: 4.16	kalman var: 0.0 0.0 0.0	 batterySag: 0.681	link quality: 46	flight time: 0s	pos 0.00 0.00 -0.00	yaw: -0.08	msg/s 0.0
INFO: 01-08-2022 17:11:46 printStatus(167) -- Drogno_3: ready	battery: 4.16	kalman var: 0.001 0.001 0.001	 batterySag: 0.681	link quality: 52	flight time: 0s	pos 0.00 -0.00 -0.00	yaw: -0.08	msg/s 0.0
INFO: 01-08-2022 17:11:47 printStatus(167) -- Drogno_3: ready	battery: 4.16	kalman var: 0.001 0.001 0.001	 batterySag: 0.681	link quality: 56	flight time: 0s	pos 0.00 -0.00 -0.00	yaw: -0.07	msg/s 0.0
INFO: 01-08-2022 17:11:48 printStatus(167) -- Drogno_3: ready	battery: 4.16	kalman var: 0.0 0.0 0.001	 batterySag: 0.681	link quality: 55	flight time: 0s	pos 0.00 -0.00 -0.00	yaw: -0.07	msg/s 0.0
INFO: 01-08-2022 17:11:49 printStatus(167) -- Drogno_3: ready	battery: 4.16	kalman var: 0.0 0.0 0.0	 batterySag: 0.681	link quality: 52	flight time: 0s	pos 0.00 -0.00 -0.00	yaw: -0.06	msg/s 0.0
INFO: 01-08-2022 17:11:51 printStatus(167) -- Drogno_3: ready	battery: 4.16	kalman var: 0.0 0.0 0.0	 batterySag: 0.681	link quality: 54	flight time: 0s	pos 0.00 -0.00 -0.00	yaw: -0.04	msg/s 0.0
INFO: 01-08-2022 17:11:52 printStatus(167) -- Drogno_3: ready	battery: 4.16	kalman var: 0.0 0.0 0.0	 batterySag: 0.681	link quality: 54	flight time: 0s	pos 0.00 -0.00 -0.00	yaw: -0.03	msg/s 0.0
INFO: 01-08-2022 17:11:53 printStatus(167) -- Drogno_3: ready	battery: 4.16	kalman var: 0.0 0.0 0.0	 batterySag: 0.681	link quality: 53	flight time: 0s	pos 0.00 -0.00 -0.00	yaw: -0.04	msg/s 0.0
INFO: 01-08-2022 17:11:54 printStatus(167) -- Drogno_3: ready	battery: 4.16	kalman var: 0.001 0.001 0.001	 batterySag: 0.681	link quality: 53	flight time: 0s	pos 0.01 -0.00 -0.00	yaw: -0.02	msg/s 0.0
INFO: 01-08-2022 17:11:55 printStatus(167) -- Drogno_3: ready	battery: 4.16	kalman var: 0.001 0.001 0.001	 batterySag: 0.681	link quality: 53	flight time: 0s	pos 0.00 -0.00 -0.00	yaw: -0.04	msg/s 0.0
INFO: 01-08-2022 17:11:56 printStatus(167) -- Drogno_3: ready	battery: 4.16	kalman var: 0.0 0.0 0.0	 batterySag: 0.681	link quality: 53	flight time: 0s	pos 0.00 0.00 -0.00	yaw: -0.05	msg/s 0.0
INFO: 01-08-2022 17:11:57 printStatus(167) -- Drogno_3: ready	battery: 4.16	kalman var: 0.001 0.001 0.001	 batterySag: 0.681	link quality: 53	flight time: 0s	pos 0.00 -0.00 -0.00	yaw: -0.06	msg/s 0.0
INFO: 01-08-2022 17:11:58 printStatus(167) -- Drogno_3: ready	battery: 4.16	kalman var: 0.0 0.0 0.0	 batterySag: 0.681	link quality: 55	flight time: 0s	pos 0.00 0.00 -0.00	yaw: -0.05	msg/s 0.0
INFO: 01-08-2022 17:11:59 printStatus(167) -- Drogno_3: ready	battery: 4.16	kalman var: 0.0 0.0 0.0	 batterySag: 0.681	link quality: 54	flight time: 0s	pos 0.00 0.00 -0.00	yaw: -0.05	msg/s 0.0
INFO: 01-08-2022 17:12:01 printStatus(167) -- Drogno_3: ready	battery: 4.16	kalman var: 0.0 0.0 0.0	 batterySag: 0.681	link quality: 51	flight time: 0s	pos 0.00 -0.00 -0.00	yaw: -0.02	msg/s 0.0
INFO: 01-08-2022 17:12:02 printStatus(167) -- Drogno_3: ready	battery: 4.16	kalman var: 0.0 0.0 0.0	 batterySag: 0.681	link quality: 46	flight time: 0s	pos 0.00 0.00 -0.00	yaw: -0.04	msg/s 0.0
INFO: 01-08-2022 17:12:03 printStatus(167) -- Drogno_3: ready	battery: 4.16	kalman var: 0.0 0.0 0.0	 batterySag: 0.681	link quality: 57	flight time: 0s	pos 0.00 0.00 -0.00	yaw: -0.04	msg/s 0.0
INFO: 01-08-2022 17:12:04 printStatus(167) -- Drogno_3: ready	battery: 4.16	kalman var: 0.0 0.0 0.001	 batterySag: 0.681	link quality: 55	flight time: 0s	pos 0.00 -0.00 -0.00	yaw: -0.06	msg/s 0.0
INFO: 01-08-2022 17:12:05 printStatus(167) -- Drogno_3: ready	battery: 4.16	kalman var: 0.0 0.0 0.0	 batterySag: 0.681	link quality: 61	flight time: 0s	pos 0.00 0.00 -0.00	yaw: -0.07	msg/s 0.0
INFO: 01-08-2022 17:12:06 printStatus(167) -- Drogno_3: ready	battery: 4.16	kalman var: 0.0 0.0 0.001	 batterySag: 0.681	link quality: 50	flight time: 0s	pos 0.00 -0.00 -0.00	yaw: -0.07	msg/s 0.0
INFO: 01-08-2022 17:12:07 printStatus(167) -- Drogno_3: ready	battery: 4.16	kalman var: 0.0 0.0 0.0	 batterySag: 0.681	link quality: 51	flight time: 0s	pos 0.00 0.00 -0.00	yaw: -0.07	msg/s 0.0
INFO: 01-08-2022 17:12:08 printStatus(167) -- Drogno_3: ready	battery: 4.16	kalman var: 0.0 0.0 0.0	 batterySag: 0.681	link quality: 53	flight time: 0s	pos 0.00 0.00 -0.00	yaw: -0.07	msg/s 0.0
INFO: 01-08-2022 17:12:09 printStatus(167) -- Drogno_3: ready	battery: 4.16	kalman var: 0.0 0.0 0.0	 batterySag: 0.681	link quality: 51	flight time: 0s	pos 0.00 0.00 -0.00	yaw: -0.05	msg/s 0.0
INFO: 01-08-2022 17:12:10 printStatus(167) -- Drogno_3: ready	battery: 4.16	kalman var: 0.0 0.0 0.0	 batterySag: 0.681	link quality: 49	flight time: 0s	pos 0.00 0.00 -0.00	yaw: -0.03	msg/s 0.0
INFO: 01-08-2022 17:12:12 printStatus(167) -- Drogno_3: ready	battery: 4.16	kalman var: 0.0 0.0 0.0	 batterySag: 0.681	link quality: 46	flight time: 0s	pos 0.00 -0.00 -0.00	yaw: -0.03	msg/s 0.0
INFO: 01-08-2022 17:12:13 printStatus(167) -- Drogno_3: ready	battery: 4.16	kalman var: 0.0 0.0 0.0	 batterySag: 0.681	link quality: 52	flight time: 0s	pos 0.00 -0.00 -0.00	yaw: -0.06	msg/s 0.0
INFO: 01-08-2022 17:12:14 printStatus(167) -- Drogno_3: ready	battery: 4.16	kalman var: 0.001 0.001 0.001	 batterySag: 0.681	link quality: 56	flight time: 0s	pos 0.00 -0.00 -0.00	yaw: -0.08	msg/s 0.0
INFO: 01-08-2022 17:12:15 printStatus(167) -- Drogno_3: ready	battery: 4.16	kalman var: 0.001 0.001 0.001	 batterySag: 0.681	link quality: 56	flight time: 0s	pos 0.00 -0.00 -0.00	yaw: -0.89	msg/s 0.0
INFO: 01-08-2022 17:12:16 printStatus(167) -- Drogno_3: ready	battery: 4.16	kalman var: 0.001 0.001 0.001	 batterySag: 0.681	link quality: 56	flight time: 0s	pos 0.01 -0.00 -0.00	yaw: -0.19	msg/s 0.0
INFO: 01-08-2022 17:12:17 printStatus(167) -- Drogno_3: ready	battery: 4.16	kalman var: 0.0 0.0 0.0	 batterySag: 0.681	link quality: 56	flight time: 0s	pos 0.00 0.00 -0.00	yaw: -0.12	msg/s 0.0
INFO: 01-08-2022 17:12:18 printStatus(167) -- Drogno_3: ready	battery: 4.16	kalman var: 0.0 0.0 0.0	 batterySag: 0.681	link quality: 54	flight time: 0s	pos 0.00 0.00 -0.00	yaw: -0.10	msg/s 0.0
INFO: 01-08-2022 17:12:19 printStatus(167) -- Drogno_3: ready	battery: 4.16	kalman var: 0.0 0.0 0.0	 batterySag: 0.681	link quality: 54	flight time: 0s	pos 0.00 -0.00 -0.00	yaw: -0.08	msg/s 0.0
INFO: 01-08-2022 17:12:20 printStatus(167) -- Drogno_3: ready	battery: 4.16	kalman var: 0.0 0.0 0.0	 batterySag: 0.681	link quality: 54	flight time: 0s	pos 0.00 -0.00 -0.00	yaw: -0.05	msg/s 0.0
INFO: 01-08-2022 17:12:22 printStatus(167) -- Drogno_3: ready	battery: 4.16	kalman var: 0.0 0.0 0.0	 batterySag: 0.681	link quality: 55	flight time: 0s	pos 0.00 -0.00 -0.00	yaw: -0.04	msg/s 0.0
INFO: 01-08-2022 17:12:23 printStatus(167) -- Drogno_3: ready	battery: 4.16	kalman var: 0.001 0.001 0.001	 batterySag: 0.681	link quality: 56	flight time: 0s	pos 0.01 -0.00 -0.00	yaw: -0.04	msg/s 0.0
INFO: 01-08-2022 17:12:24 printStatus(167) -- Drogno_3: ready	battery: 4.16	kalman var: 0.001 0.001 0.001	 batterySag: 0.681	link quality: 54	flight time: 0s	pos 0.00 -0.00 -0.00	yaw: -0.06	msg/s 0.0
INFO: 01-08-2022 17:12:25 printStatus(167) -- Drogno_3: ready	battery: 4.16	kalman var: 0.0 0.0 0.0	 batterySag: 0.681	link quality: 54	flight time: 0s	pos 0.00 -0.00 -0.00	yaw: -0.07	msg/s 0.0
INFO: 01-08-2022 17:12:26 printStatus(167) -- Drogno_3: ready	battery: 4.16	kalman var: 0.0 0.0 0.0	 batterySag: 0.681	link quality: 54	flight time: 0s	pos 0.00 0.00 -0.00	yaw: -0.07	msg/s 0.0
INFO: 01-08-2022 17:12:27 printStatus(167) -- Drogno_3: ready	battery: 4.16	kalman var: 0.0 0.0 0.0	 batterySag: 0.681	link quality: 54	flight time: 0s	pos 0.00 0.00 -0.00	yaw: -0.05	msg/s 0.0
INFO: 01-08-2022 17:12:28 printStatus(167) -- Drogno_3: ready	battery: 4.16	kalman var: 0.0 0.0 0.0	 batterySag: 0.681	link quality: 55	flight time: 0s	pos 0.00 -0.00 -0.00	yaw: -0.06	msg/s 0.0
INFO: 01-08-2022 17:12:29 printStatus(167) -- Drogno_3: ready	battery: 4.16	kalman var: 0.0 0.0 0.0	 batterySag: 0.681	link quality: 54	flight time: 0s	pos 0.00 0.00 -0.00	yaw: -0.06	msg/s 0.0
INFO: 01-08-2022 17:12:30 printStatus(167) -- Drogno_3: ready	battery: 4.16	kalman var: 0.0 0.0 0.0	 batterySag: 0.681	link quality: 53	flight time: 0s	pos 0.00 -0.00 -0.00	yaw: -0.06	msg/s 0.0
INFO: 01-08-2022 17:12:31 printStatus(167) -- Drogno_3: ready	battery: 4.16	kalman var: 0.0 0.0 0.0	 batterySag: 0.681	link quality: 55	flight time: 0s	pos 0.00 -0.00 -0.00	yaw: -0.05	msg/s 0.0
INFO: 01-08-2022 17:12:33 printStatus(167) -- Drogno_3: ready	battery: 4.16	kalman var: 0.0 0.0 0.0	 batterySag: 0.681	link quality: 54	flight time: 0s	pos 0.00 0.00 -0.00	yaw: -0.05	msg/s 0.0
INFO: 01-08-2022 17:12:34 printStatus(167) -- Drogno_3: ready	battery: 4.16	kalman var: 0.0 0.0 0.0	 batterySag: 0.681	link quality: 53	flight time: 0s	pos 0.00 0.00 -0.00	yaw: -0.04	msg/s 0.0
INFO: 01-08-2022 17:12:35 printStatus(167) -- Drogno_3: ready	battery: 4.16	kalman var: 0.0 0.0 0.0	 batterySag: 0.681	link quality: 55	flight time: 0s	pos 0.00 0.00 -0.00	yaw: -0.05	msg/s 0.0
INFO: 01-08-2022 17:12:36 printStatus(167) -- Drogno_3: ready	battery: 4.16	kalman var: 0.0 0.0 0.0	 batterySag: 0.681	link quality: 54	flight time: 0s	pos 0.00 0.00 -0.00	yaw: -0.05	msg/s 0.0
INFO: 01-08-2022 17:12:37 printStatus(167) -- Drogno_3: ready	battery: 4.16	kalman var: 0.0 0.0 0.0	 batterySag: 0.681	link quality: 54	flight time: 0s	pos 0.00 0.00 -0.00	yaw: -0.04	msg/s 0.0
INFO: 01-08-2022 17:12:38 printStatus(167) -- Drogno_3: ready	battery: 4.16	kalman var: 0.0 0.0 0.0	 batterySag: 0.681	link quality: 54	flight time: 0s	pos 0.00 0.00 -0.00	yaw: -0.04	msg/s 0.0
INFO: 01-08-2022 17:12:39 printStatus(167) -- Drogno_3: ready	battery: 4.16	kalman var: 0.0 0.0 0.0	 batterySag: 0.681	link quality: 54	flight time: 0s	pos 0.00 0.00 -0.00	yaw: -0.04	msg/s 0.0
INFO: 01-08-2022 17:12:40 printStatus(167) -- Drogno_3: ready	battery: 4.16	kalman var: 0.0 0.0 0.0	 batterySag: 0.681	link quality: 53	flight time: 0s	pos 0.00 -0.00 -0.00	yaw: -0.04	msg/s 0.0
INFO: 01-08-2022 17:12:41 printStatus(167) -- Drogno_3: ready	battery: 4.16	kalman var: 0.0 0.0 0.0	 batterySag: 0.681	link quality: 54	flight time: 0s	pos 0.00 -0.00 -0.00	yaw: -0.04	msg/s 0.0
INFO: 01-08-2022 17:12:43 printStatus(167) -- Drogno_3: ready	battery: 4.16	kalman var: 0.0 0.0 0.0	 batterySag: 0.681	link quality: 54	flight time: 0s	pos 0.00 0.00 -0.00	yaw: -0.03	msg/s 0.0
INFO: 01-08-2022 17:12:44 printStatus(167) -- Drogno_3: ready	battery: 4.16	kalman var: 0.001 0.001 0.001	 batterySag: 0.681	link quality: 53	flight time: 0s	pos 0.00 -0.00 -0.00	yaw: -0.03	msg/s 0.0
INFO: 01-08-2022 17:12:45 printStatus(167) -- Drogno_3: ready	battery: 4.15	kalman var: 0.001 0.001 0.001	 batterySag: 0.681	link quality: 54	flight time: 0s	pos 0.00 -0.00 -0.00	yaw: -0.03	msg/s 0.0
INFO: 01-08-2022 17:12:46 printStatus(167) -- Drogno_3: ready	battery: 4.16	kalman var: 0.0 0.0 0.001	 batterySag: 0.681	link quality: 54	flight time: 0s	pos 0.00 -0.00 -0.00	yaw: -0.05	msg/s 0.0
INFO: 01-08-2022 17:12:47 printStatus(167) -- Drogno_3: ready	battery: 4.16	kalman var: 0.0 0.0 0.0	 batterySag: 0.681	link quality: 53	flight time: 0s	pos 0.00 -0.00 -0.00	yaw: -0.05	msg/s 0.0
INFO: 01-08-2022 17:12:48 printStatus(167) -- Drogno_3: ready	battery: 4.16	kalman var: 0.0 0.0 0.0	 batterySag: 0.681	link quality: 54	flight time: 0s	pos 0.00 -0.00 -0.00	yaw: -0.06	msg/s 0.0
INFO: 01-08-2022 17:12:49 printStatus(167) -- Drogno_3: ready	battery: 4.15	kalman var: 0.0 0.0 0.0	 batterySag: 0.681	link quality: 53	flight time: 0s	pos 0.00 0.00 -0.00	yaw: -0.05	msg/s 0.0
INFO: 01-08-2022 17:12:50 printStatus(167) -- Drogno_3: ready	battery: 4.15	kalman var: 0.0 0.0 0.0	 batterySag: 0.681	link quality: 53	flight time: 0s	pos 0.00 -0.00 -0.00	yaw: -0.04	msg/s 0.0
INFO: 01-08-2022 17:12:51 printStatus(167) -- Drogno_3: ready	battery: 4.15	kalman var: 0.001 0.001 0.001	 batterySag: 0.681	link quality: 55	flight time: 0s	pos 0.00 -0.00 -0.00	yaw: -0.05	msg/s 0.0
INFO: 01-08-2022 17:12:53 printStatus(167) -- Drogno_3: ready	battery: 4.15	kalman var: 0.0 0.0 0.0	 batterySag: 0.681	link quality: 53	flight time: 0s	pos 0.00 0.00 -0.00	yaw: -0.05	msg/s 0.0
INFO: 01-08-2022 17:12:54 printStatus(167) -- Drogno_3: ready	battery: 4.16	kalman var: 0.0 0.0 0.0	 batterySag: 0.681	link quality: 53	flight time: 0s	pos 0.00 -0.00 -0.00	yaw: -0.05	msg/s 0.0
INFO: 01-08-2022 17:12:55 printStatus(167) -- Drogno_3: ready	battery: 4.15	kalman var: 0.0 0.0 0.0	 batterySag: 0.681	link quality: 54	flight time: 0s	pos 0.00 0.00 -0.00	yaw: -0.05	msg/s 0.0
INFO: 01-08-2022 17:12:56 printStatus(167) -- Drogno_3: ready	battery: 4.15	kalman var: 0.0 0.0 0.0	 batterySag: 0.681	link quality: 53	flight time: 0s	pos 0.00 -0.00 -0.00	yaw: -0.06	msg/s 0.0
INFO: 01-08-2022 17:12:57 printStatus(167) -- Drogno_3: ready	battery: 4.15	kalman var: 0.0 0.0 0.0	 batterySag: 0.681	link quality: 54	flight time: 0s	pos 0.00 -0.00 -0.00	yaw: -0.05	msg/s 0.0
INFO: 01-08-2022 17:12:58 printStatus(167) -- Drogno_3: ready	battery: 4.15	kalman var: 0.0 0.0 0.0	 batterySag: 0.681	link quality: 54	flight time: 0s	pos 0.00 -0.00 -0.00	yaw: -0.04	msg/s 0.0
INFO: 01-08-2022 17:12:59 printStatus(167) -- Drogno_3: ready	battery: 4.15	kalman var: 0.0 0.0 0.0	 batterySag: 0.681	link quality: 53	flight time: 0s	pos 0.00 -0.00 -0.00	yaw: -0.04	msg/s 0.0
INFO: 01-08-2022 17:13:00 printStatus(167) -- Drogno_3: ready	battery: 4.15	kalman var: 0.0 0.0 0.0	 batterySag: 0.681	link quality: 54	flight time: 0s	pos 0.00 -0.00 -0.00	yaw: -0.06	msg/s 0.0
INFO: 01-08-2022 17:13:01 printStatus(167) -- Drogno_3: ready	battery: 4.15	kalman var: 0.0 0.0 0.0	 batterySag: 0.681	link quality: 53	flight time: 0s	pos 0.00 0.00 -0.00	yaw: -0.04	msg/s 0.0
INFO: 01-08-2022 17:13:02 printStatus(167) -- Drogno_3: ready	battery: 4.15	kalman var: 0.0 0.0 0.0	 batterySag: 0.681	link quality: 53	flight time: 0s	pos 0.00 -0.00 -0.00	yaw: -0.03	msg/s 0.0
INFO: 01-08-2022 17:13:04 printStatus(167) -- Drogno_3: ready	battery: 4.15	kalman var: 0.0 0.0 0.001	 batterySag: 0.681	link quality: 54	flight time: 0s	pos 0.00 -0.00 -0.00	yaw: -0.03	msg/s 0.0
INFO: 01-08-2022 17:13:05 printStatus(167) -- Drogno_3: ready	battery: 4.15	kalman var: 0.0 0.0 0.0	 batterySag: 0.681	link quality: 54	flight time: 0s	pos 0.00 0.00 -0.00	yaw: -0.02	msg/s 0.0
INFO: 01-08-2022 17:13:06 printStatus(167) -- Drogno_3: ready	battery: 4.15	kalman var: 0.0 0.0 0.0	 batterySag: 0.681	link quality: 57	flight time: 0s	pos 0.00 0.00 -0.00	yaw: -0.05	msg/s 0.0
INFO: 01-08-2022 17:13:07 printStatus(167) -- Drogno_3: ready	battery: 3.88	kalman var: 0.0 0.0 0.0	 batterySag: 0.681	link quality: 65	flight time: 0s	pos -0.00 0.00 -0.00	yaw: -1.12	msg/s 0.0
INFO: 01-08-2022 17:13:08 printStatus(167) -- Drogno_3: ready	battery: 3.78	kalman var: 0.0 0.0 0.0	 batterySag: 0.681	link quality: 41	flight time: 0s	pos 0.02 -0.01 0.29	yaw: -2.37	msg/s 0.0
INFO: 01-08-2022 17:13:09 printStatus(167) -- Drogno_3: ready	battery: 3.79	kalman var: 0.0 0.0 0.0	 batterySag: 0.681	link quality: 39	flight time: 1s	pos -0.01 0.00 0.82	yaw: -0.45	msg/s 0.0
INFO: 01-08-2022 17:13:10 printStatus(167) -- Drogno_3: ready	battery: 3.77	kalman var: 0.0 0.0 0.0	 batterySag: 0.681	link quality: 37	flight time: 2s	pos -0.08 -0.01 0.86	yaw: 0.46	msg/s 0.0
INFO: 01-08-2022 17:13:11 printStatus(167) -- Drogno_3: ready	battery: 3.76	kalman var: 0.0 0.0 0.0	 batterySag: 0.681	link quality: 39	flight time: 3s	pos -0.01 0.00 0.87	yaw: -0.23	msg/s 0.0
INFO: 01-08-2022 17:13:12 printStatus(167) -- Drogno_3: ready	battery: 3.74	kalman var: 0.001 0.001 0.001	 batterySag: 0.681	link quality: 36	flight time: 4s	pos -0.08 0.00 0.87	yaw: 0.26	msg/s 0.0
INFO: 01-08-2022 17:13:14 printStatus(167) -- Drogno_3: ready	battery: 3.74	kalman var: 0.0 0.0 0.0	 batterySag: 0.681	link quality: 37	flight time: 6s	pos -0.48 0.02 0.91	yaw: -0.23	msg/s 0.0
INFO: 01-08-2022 17:13:15 printStatus(167) -- Drogno_3: ready	battery: 3.73	kalman var: 0.003 0.003 0.001	 batterySag: 0.681	link quality: 37	flight time: 7s	pos -0.50 0.00 0.90	yaw: -0.28	msg/s 0.0
INFO: 01-08-2022 17:13:16 printStatus(167) -- Drogno_3: ready	battery: 3.74	kalman var: 0.0 0.0 0.0	 batterySag: 0.681	link quality: 40	flight time: 8s	pos -0.42 0.00 0.93	yaw: -0.26	msg/s 0.0
INFO: 01-08-2022 17:13:17 printStatus(167) -- Drogno_3: ready	battery: 3.71	kalman var: 0.001 0.001 0.001	 batterySag: 0.681	link quality: 38	flight time: 9s	pos -0.10 -0.00 0.92	yaw: 1.16	msg/s 0.0
INFO: 01-08-2022 17:13:18 printStatus(167) -- Drogno_3: ready	battery: 3.73	kalman var: 0.001 0.001 0.001	 batterySag: 0.681	link quality: 40	flight time: 10s	pos -0.18 0.03 0.99	yaw: 1.31	msg/s 0.0
INFO: 01-08-2022 17:13:19 printStatus(167) -- Drogno_3: ready	battery: 3.71	kalman var: 0.001 0.001 0.001	 batterySag: 0.681	link quality: 39	flight time: 11s	pos -0.08 0.41 0.93	yaw: 4.03	msg/s 0.0
INFO: 01-08-2022 17:13:20 printStatus(167) -- Drogno_3: ready	battery: 3.69	kalman var: 0.0 0.0 0.0	 batterySag: 0.681	link quality: 39	flight time: 12s	pos -0.09 0.52 0.94	yaw: 2.79	msg/s 0.0
INFO: 01-08-2022 17:13:21 printStatus(167) -- Drogno_3: ready	battery: 3.68	kalman var: 0.002 0.002 0.001	 batterySag: 0.681	link quality: 40	flight time: 13s	pos -0.09 0.48 0.94	yaw: -1.59	msg/s 0.0
INFO: 01-08-2022 17:13:22 printStatus(167) -- Drogno_3: ready	battery: 3.7	kalman var: 0.0 0.0 0.0	 batterySag: 0.681	link quality: 41	flight time: 14s	pos -0.11 0.09 0.96	yaw: -1.18	msg/s 0.0
INFO: 01-08-2022 17:13:24 printStatus(167) -- Drogno_3: ready	battery: 3.68	kalman var: 0.0 0.0 0.0	 batterySag: 0.681	link quality: 37	flight time: 15s	pos -0.14 -0.02 0.94	yaw: -2.69	msg/s 0.0
INFO: 01-08-2022 17:13:25 printStatus(167) -- Drogno_3: ready	battery: 3.65	kalman var: 0.003 0.003 0.001	 batterySag: 0.681	link quality: 43	flight time: 17s	pos -0.09 0.00 0.95	yaw: 0.39	msg/s 0.0
INFO: 01-08-2022 17:13:26 printStatus(167) -- Drogno_3: ready	battery: 3.7	kalman var: 0.0 0.0 0.0	 batterySag: 0.681	link quality: 44	flight time: 18s	pos -0.06 -0.02 1.31	yaw: -0.28	msg/s 0.0
INFO: 01-08-2022 17:13:27 printStatus(167) -- Drogno_3: ready	battery: 3.67	kalman var: 0.0 0.0 0.001	 batterySag: 0.681	link quality: 41	flight time: 19s	pos -0.02 0.01 1.44	yaw: -0.00	msg/s 0.0
INFO: 01-08-2022 17:13:28 printStatus(167) -- Drogno_3: ready	battery: 3.66	kalman var: 0.0 0.0 0.0	 batterySag: 0.681	link quality: 41	flight time: 20s	pos 0.01 0.01 1.44	yaw: -0.45	msg/s 0.0
INFO: 01-08-2022 17:13:29 printStatus(167) -- Drogno_3: ready	battery: 3.66	kalman var: 0.001 0.001 0.001	 batterySag: 0.681	link quality: 42	flight time: 21s	pos -0.00 0.02 1.42	yaw: -0.36	msg/s 0.0
INFO: 01-08-2022 17:13:30 printStatus(167) -- Drogno_3: ready	battery: 3.67	kalman var: 0.0 0.0 0.001	 batterySag: 0.681	link quality: 40	flight time: 22s	pos -0.00 -0.00 1.43	yaw: 1.11	msg/s 0.0
INFO: 01-08-2022 17:13:31 printStatus(167) -- Drogno_3: ready	battery: 3.71	kalman var: 0.002 0.002 0.001	 batterySag: 0.681	link quality: 42	flight time: 23s	pos 0.01 -0.01 1.21	yaw: 0.28	msg/s 0.0
INFO: 01-08-2022 17:13:32 printStatus(167) -- Drogno_3: ready	battery: 3.61	kalman var: 0.001 0.001 0.001	 batterySag: 0.681	link quality: 45	flight time: 24s	pos -0.00 -0.02 0.14	yaw: 2.01	msg/s 0.0
INFO: 01-08-2022 17:13:33 printStatus(167) -- Drogno_3: ready	battery: 3.99	kalman var: 0.0 0.0 0.0	 batterySag: 0.681	link quality: 50	flight time: 25s	pos -0.01 -0.04 -0.00	yaw: 2.92	msg/s 0.0
INFO: 01-08-2022 17:13:35 printStatus(167) -- Drogno_3: ready	battery: 4.01	kalman var: 0.0 0.0 0.0	 batterySag: 0.681	link quality: 53	flight time: 25s	pos -0.01 -0.04 -0.00	yaw: 2.79	msg/s 0.0
INFO: 01-08-2022 17:13:36 printStatus(167) -- Drogno_3: ready	battery: 4.02	kalman var: 0.0 0.0 0.0	 batterySag: 0.681	link quality: 51	flight time: 25s	pos -0.01 -0.03 -0.00	yaw: 2.76	msg/s 0.0
INFO: 01-08-2022 17:13:37 printStatus(167) -- Drogno_3: ready	battery: 4.03	kalman var: 0.0 0.0 0.0	 batterySag: 0.681	link quality: 53	flight time: 25s	pos -0.01 -0.03 -0.00	yaw: 2.75	msg/s 0.0
INFO: 01-08-2022 17:13:38 printStatus(167) -- Drogno_3: ready	battery: 4.03	kalman var: 0.0 0.0 0.0	 batterySag: 0.681	link quality: 61	flight time: 25s	pos -0.01 -0.03 -0.00	yaw: 2.72	msg/s 0.0
INFO: 01-08-2022 17:13:39 printStatus(167) -- Drogno_3: ready	battery: 4.04	kalman var: 0.001 0.001 0.001	 batterySag: 0.681	link quality: 49	flight time: 25s	pos -0.01 -0.04 -0.00	yaw: 2.69	msg/s 0.0
INFO: 01-08-2022 17:13:40 printStatus(167) -- Drogno_3: ready	battery: 4.05	kalman var: 0.001 0.001 0.001	 batterySag: 0.681	link quality: 58	flight time: 25s	pos -0.01 -0.03 -0.00	yaw: 2.68	msg/s 0.0
INFO: 01-08-2022 17:13:41 printStatus(167) -- Drogno_3: ready	battery: 4.05	kalman var: 0.001 0.001 0.001	 batterySag: 0.681	link quality: 53	flight time: 25s	pos -0.01 -0.04 -0.00	yaw: 2.74	msg/s 0.0
INFO: 01-08-2022 17:13:42 printStatus(167) -- Drogno_3: ready	battery: 4.05	kalman var: 0.001 0.001 0.001	 batterySag: 0.681	link quality: 56	flight time: 25s	pos -0.01 -0.03 -0.00	yaw: 2.74	msg/s 0.0
INFO: 01-08-2022 17:13:43 printStatus(167) -- Drogno_3: ready	battery: 4.06	kalman var: 0.0 0.0 0.0	 batterySag: 0.681	link quality: 57	flight time: 25s	pos -0.01 -0.03 -0.00	yaw: 2.72	msg/s 0.0
INFO: 01-08-2022 17:13:45 printStatus(167) -- Drogno_3: ready	battery: 4.06	kalman var: 0.0 0.0 0.0	 batterySag: 0.681	link quality: 53	flight time: 25s	pos -0.01 -0.03 -0.00	yaw: 2.78	msg/s 0.0
INFO: 01-08-2022 17:13:46 printStatus(167) -- Drogno_3: ready	battery: 4.07	kalman var: 0.0 0.0 0.0	 batterySag: 0.681	link quality: 58	flight time: 25s	pos -0.01 -0.03 -0.00	yaw: 2.75	msg/s 0.0
INFO: 01-08-2022 17:13:47 printStatus(167) -- Drogno_3: ready	battery: 4.07	kalman var: 0.0 0.0 0.0	 batterySag: 0.681	link quality: 56	flight time: 25s	pos -0.01 -0.03 -0.00	yaw: 2.75	msg/s 0.0
INFO: 01-08-2022 17:13:48 printStatus(167) -- Drogno_3: ready	battery: 4.07	kalman var: 0.0 0.0 0.0	 batterySag: 0.681	link quality: 62	flight time: 25s	pos -0.01 -0.03 -0.00	yaw: 2.70	msg/s 0.0
INFO: 01-08-2022 17:13:49 printStatus(167) -- Drogno_3: ready	battery: 4.07	kalman var: 0.0 0.0 0.0	 batterySag: 0.681	link quality: 53	flight time: 25s	pos -0.01 -0.03 -0.00	yaw: 2.74	msg/s 0.0
INFO: 01-08-2022 17:13:50 printStatus(167) -- Drogno_3: ready	battery: 4.07	kalman var: 0.0 0.0 0.0	 batterySag: 0.681	link quality: 57	flight time: 25s	pos -0.01 -0.03 -0.00	yaw: 2.71	msg/s 0.0
INFO: 01-08-2022 17:13:51 printStatus(167) -- Drogno_3: ready	battery: 4.07	kalman var: 0.0 0.0 0.0	 batterySag: 0.681	link quality: 59	flight time: 25s	pos -0.01 -0.03 -0.00	yaw: 2.77	msg/s 0.0
INFO: 01-08-2022 17:13:52 printStatus(167) -- Drogno_3: ready	battery: 4.07	kalman var: 0.001 0.001 0.001	 batterySag: 0.681	link quality: 56	flight time: 25s	pos -0.01 -0.03 -0.00	yaw: 2.71	msg/s 0.0
INFO: 01-08-2022 17:13:53 printStatus(167) -- Drogno_3: ready	battery: 4.07	kalman var: 0.0 0.0 0.0	 batterySag: 0.681	link quality: 61	flight time: 25s	pos -0.01 -0.03 -0.00	yaw: 2.75	msg/s 0.0
INFO: 01-08-2022 17:13:55 printStatus(167) -- Drogno_3: ready	battery: 4.07	kalman var: 0.0 0.0 0.0	 batterySag: 0.681	link quality: 61	flight time: 25s	pos -0.01 -0.03 -0.00	yaw: 2.74	msg/s 0.0
INFO: 01-08-2022 17:13:56 printStatus(167) -- Drogno_3: ready	battery: 4.07	kalman var: 0.0 0.0 0.0	 batterySag: 0.681	link quality: 58	flight time: 25s	pos -0.01 -0.03 -0.00	yaw: 2.76	msg/s 0.0
INFO: 01-08-2022 17:13:57 printStatus(167) -- Drogno_3: ready	battery: 4.08	kalman var: 0.0 0.0 0.0	 batterySag: 0.681	link quality: 58	flight time: 25s	pos -0.01 -0.03 -0.00	yaw: 2.72	msg/s 0.0
INFO: 01-08-2022 17:13:58 printStatus(167) -- Drogno_3: ready	battery: 4.08	kalman var: 0.001 0.001 0.001	 batterySag: 0.681	link quality: 59	flight time: 25s	pos -0.01 -0.03 -0.00	yaw: 2.75	msg/s 0.0
INFO: 01-08-2022 17:13:59 printStatus(167) -- Drogno_3: ready	battery: 4.08	kalman var: 0.0 0.0 0.0	 batterySag: 0.681	link quality: 58	flight time: 25s	pos -0.01 -0.03 -0.00	yaw: 2.72	msg/s 0.0
INFO: 01-08-2022 17:14:00 printStatus(167) -- Drogno_3: ready	battery: 4.08	kalman var: 0.001 0.001 0.001	 batterySag: 0.681	link quality: 58	flight time: 25s	pos -0.01 -0.03 -0.00	yaw: 2.70	msg/s 0.0
INFO: 01-08-2022 17:14:01 printStatus(167) -- Drogno_3: ready	battery: 4.08	kalman var: 0.001 0.001 0.001	 batterySag: 0.681	link quality: 59	flight time: 25s	pos -0.01 -0.04 -0.00	yaw: 2.70	msg/s 0.0
INFO: 01-08-2022 17:14:02 printStatus(167) -- Drogno_3: ready	battery: 4.08	kalman var: 0.0 0.0 0.0	 batterySag: 0.681	link quality: 58	flight time: 25s	pos -0.01 -0.03 -0.00	yaw: 2.75	msg/s 0.0
INFO: 01-08-2022 17:14:03 printStatus(167) -- Drogno_3: ready	battery: 4.08	kalman var: 0.0 0.0 0.0	 batterySag: 0.681	link quality: 58	flight time: 25s	pos -0.01 -0.03 -0.00	yaw: 2.76	msg/s 0.0
INFO: 01-08-2022 17:14:04 printStatus(167) -- Drogno_3: ready	battery: 4.08	kalman var: 0.0 0.0 0.0	 batterySag: 0.681	link quality: 59	flight time: 25s	pos -0.01 -0.03 -0.00	yaw: 2.74	msg/s 0.0
INFO: 01-08-2022 17:14:06 printStatus(167) -- Drogno_3: ready	battery: 4.08	kalman var: 0.0 0.0 0.0	 batterySag: 0.681	link quality: 58	flight time: 25s	pos -0.01 -0.03 -0.00	yaw: 2.74	msg/s 0.0
INFO: 01-08-2022 17:14:07 printStatus(167) -- Drogno_3: ready	battery: 4.08	kalman var: 0.001 0.001 0.001	 batterySag: 0.681	link quality: 58	flight time: 25s	pos -0.01 -0.03 -0.00	yaw: 2.72	msg/s 0.0
INFO: 01-08-2022 17:14:08 printStatus(167) -- Drogno_3: ready	battery: 4.08	kalman var: 0.001 0.001 0.001	 batterySag: 0.681	link quality: 58	flight time: 25s	pos -0.01 -0.03 -0.00	yaw: 2.70	msg/s 0.0
INFO: 01-08-2022 17:14:09 printStatus(167) -- Drogno_3: ready	battery: 4.08	kalman var: 0.001 0.001 0.001	 batterySag: 0.681	link quality: 57	flight time: 25s	pos -0.01 -0.04 -0.00	yaw: 2.69	msg/s 0.0
INFO: 01-08-2022 17:14:10 printStatus(167) -- Drogno_3: ready	battery: 4.08	kalman var: 0.0 0.0 0.0	 batterySag: 0.681	link quality: 52	flight time: 25s	pos -0.01 -0.03 -0.00	yaw: 2.75	msg/s 0.0
INFO: 01-08-2022 17:14:11 printStatus(167) -- Drogno_3: ready	battery: 4.08	kalman var: 0.0 0.0 0.0	 batterySag: 0.681	link quality: 53	flight time: 25s	pos -0.01 -0.03 -0.00	yaw: 2.71	msg/s 0.0
INFO: 01-08-2022 17:14:12 printStatus(167) -- Drogno_3: ready	battery: 4.08	kalman var: 0.0 0.0 0.0	 batterySag: 0.681	link quality: 52	flight time: 25s	pos -0.01 -0.03 -0.00	yaw: 2.77	msg/s 0.0
INFO: 01-08-2022 17:14:13 printStatus(167) -- Drogno_3: ready	battery: 4.08	kalman var: 0.0 0.0 0.0	 batterySag: 0.681	link quality: 52	flight time: 25s	pos -0.01 -0.03 -0.00	yaw: 2.78	msg/s 0.0
INFO: 01-08-2022 17:14:14 printStatus(167) -- Drogno_3: ready	battery: 4.08	kalman var: 0.0 0.0 0.0	 batterySag: 0.681	link quality: 53	flight time: 25s	pos -0.01 -0.03 -0.00	yaw: 2.75	msg/s 0.0
INFO: 01-08-2022 17:14:16 printStatus(167) -- Drogno_3: ready	battery: 4.08	kalman var: 0.0 0.0 0.0	 batterySag: 0.681	link quality: 53	flight time: 25s	pos -0.01 -0.03 -0.00	yaw: 2.72	msg/s 0.0
INFO: 01-08-2022 17:14:17 printStatus(167) -- Drogno_3: ready	battery: 4.08	kalman var: 0.0 0.0 0.001	 batterySag: 0.681	link quality: 53	flight time: 25s	pos -0.01 -0.03 -0.00	yaw: 2.71	msg/s 0.0
INFO: 01-08-2022 17:14:18 printStatus(167) -- Drogno_3: ready	battery: 4.08	kalman var: 0.0 0.0 0.0	 batterySag: 0.681	link quality: 53	flight time: 25s	pos -0.01 -0.03 -0.00	yaw: 2.75	msg/s 0.0
INFO: 01-08-2022 17:14:19 printStatus(167) -- Drogno_3: ready	battery: 4.08	kalman var: 0.0 0.0 0.0	 batterySag: 0.681	link quality: 53	flight time: 25s	pos -0.01 -0.03 -0.00	yaw: 2.75	msg/s 0.0
INFO: 01-08-2022 17:14:20 printStatus(167) -- Drogno_3: ready	battery: 4.08	kalman var: 0.001 0.001 0.001	 batterySag: 0.681	link quality: 52	flight time: 25s	pos -0.01 -0.03 -0.00	yaw: 2.73	msg/s 0.0
INFO: 01-08-2022 17:14:21 printStatus(167) -- Drogno_3: ready	battery: 4.08	kalman var: 0.0 0.0 0.0	 batterySag: 0.681	link quality: 53	flight time: 25s	pos -0.01 -0.03 -0.00	yaw: 2.73	msg/s 0.0
INFO: 01-08-2022 17:14:22 printStatus(167) -- Drogno_3: ready	battery: 4.08	kalman var: 0.0 0.0 0.0	 batterySag: 0.681	link quality: 52	flight time: 25s	pos -0.01 -0.03 -0.00	yaw: 2.74	msg/s 0.0
INFO: 01-08-2022 17:14:23 printStatus(167) -- Drogno_3: ready	battery: 4.08	kalman var: 0.0 0.0 0.0	 batterySag: 0.681	link quality: 52	flight time: 25s	pos -0.01 -0.03 -0.00	yaw: 2.75	msg/s 0.0
INFO: 01-08-2022 17:14:24 printStatus(167) -- Drogno_3: ready	battery: 4.08	kalman var: 0.0 0.0 0.0	 batterySag: 0.681	link quality: 53	flight time: 25s	pos -0.01 -0.03 -0.00	yaw: 2.75	msg/s 0.0
