INFO: 2021-10-09 15:54:39 __init__(134) -- This is dronelog running on Drogno_4
INFO: 2021-10-09 15:54:39 printStatus(172) -- Started
INFO: 2021-10-09 15:54:41 printStatus(175) -- Drogno_4: connecting		battery n.p.	pos 0.00 0.00 0.00	yaw: 0.00	msg/s 0.0	link quality: 0	kalman var: 0 0 0	flight time: 0s	 batterySag: 0
INFO: 2021-10-09 15:54:42 printStatus(175) -- Drogno_4: connecting		battery n.p.	pos 0.00 0.00 0.00	yaw: 0.00	msg/s 0.0	link quality: 0	kalman var: 0 0 0	flight time: 0s	 batterySag: 0
INFO: 2021-10-09 15:54:44 printStatus(175) -- Drogno_4: connecting		battery n.p.	pos 0.00 0.00 0.00	yaw: 0.00	msg/s 0.0	link quality: 0	kalman var: 0 0 0	flight time: 0s	 batterySag: 0
INFO: 2021-10-09 15:54:46 printStatus(175) -- Drogno_4: connecting		battery n.p.	pos 0.00 0.00 0.00	yaw: 0.00	msg/s 0.0	link quality: 0	kalman var: 0 0 0	flight time: 0s	 batterySag: 0
INFO: 2021-10-09 15:54:47 printStatus(175) -- Drogno_4: connecting		battery n.p.	pos 0.00 0.00 0.00	yaw: 0.00	msg/s 0.0	link quality: 0	kalman var: 0 0 0	flight time: 0s	 batterySag: 0
INFO: 2021-10-09 15:54:49 printStatus(175) -- Drogno_4: landed		battery n.p.	pos 0.00 0.00 0.00	yaw: 0.00	msg/s 0.0	link quality: 0	kalman var: 0 0 0	flight time: 0s	 batterySag: 0
INFO: 2021-10-09 15:54:51 printStatus(175) -- Drogno_4: ready		battery 4.15	pos 0.83 0.22 -0.00	yaw: -132.75	msg/s 0.0	link quality: 45	kalman var: 0.0 0.0 0.0	flight time: 0s	 batterySag: 0.78125
INFO: 2021-10-09 15:54:52 printStatus(175) -- Drogno_4: ready		battery 4.15	pos 0.83 0.22 0.00	yaw: -130.12	msg/s 0.0	link quality: 44	kalman var: 0.002 0.002 0.001	flight time: 0s	 batterySag: 0.78125
INFO: 2021-10-09 15:54:54 printStatus(175) -- Drogno_4: ready		battery 4.15	pos 0.83 0.21 0.00	yaw: -130.38	msg/s 0.0	link quality: 44	kalman var: 0.0 0.0 0.0	flight time: 0s	 batterySag: 0.78125
INFO: 2021-10-09 15:54:56 printStatus(175) -- Drogno_4: ready		battery 4.15	pos 0.83 0.21 0.00	yaw: -131.62	msg/s 0.0	link quality: 44	kalman var: 0.001 0.001 0.001	flight time: 0s	 batterySag: 0.78125
INFO: 2021-10-09 15:54:57 printStatus(175) -- Drogno_4: ready		battery 4.15	pos 0.83 0.21 0.00	yaw: -128.75	msg/s 0.0	link quality: 44	kalman var: 0.002 0.002 0.001	flight time: 0s	 batterySag: 0.78125
INFO: 2021-10-09 15:54:59 printStatus(175) -- Drogno_4: ready		battery 4.15	pos 0.82 0.21 0.00	yaw: -131.62	msg/s 0.0	link quality: 45	kalman var: 0.001 0.001 0.001	flight time: 0s	 batterySag: 0.78125
INFO: 2021-10-09 15:55:00 printStatus(175) -- Drogno_4: ready		battery 3.82	pos 0.83 0.21 0.00	yaw: -131.38	msg/s 0.0	link quality: 44	kalman var: 0.001 0.001 0.001	flight time: 0s	 batterySag: 0.78125
INFO: 2021-10-09 15:55:02 printStatus(175) -- Drogno_4: ready		battery 3.77	pos 0.83 0.22 0.77	yaw: 2.01	msg/s 0.0	link quality: 51	kalman var: 0.001 0.001 0.001	flight time: 1s	 batterySag: 0.78125
INFO: 2021-10-09 15:55:03 printStatus(175) -- Drogno_4: ready		battery 3.74	pos 0.83 0.23 0.86	yaw: 2.56	msg/s 0.0	link quality: 47	kalman var: 0.0 0.0 0.0	flight time: 2s	 batterySag: 0.78125
INFO: 2021-10-09 15:55:05 printStatus(175) -- Drogno_4: ready		battery 3.71	pos 0.83 0.22 0.84	yaw: -0.38	msg/s 0.0	link quality: 45	kalman var: 0.002 0.002 0.001	flight time: 4s	 batterySag: 0.78125
INFO: 2021-10-09 15:55:07 printStatus(175) -- Drogno_4: ready		battery 3.71	pos 0.82 0.21 0.85	yaw: 0.23	msg/s 0.0	link quality: 50	kalman var: 0.007 0.007 0.002	flight time: 5s	 batterySag: 0.78125
INFO: 2021-10-09 15:55:08 printStatus(175) -- Drogno_4: ready		battery 3.71	pos 0.82 0.19 0.84	yaw: 2.44	msg/s 0.0	link quality: 43	kalman var: 0.0 0.0 0.0	flight time: 7s	 batterySag: 0.78125
INFO: 2021-10-09 15:55:10 printStatus(175) -- Drogno_4: ready		battery 3.68	pos 0.83 0.23 0.83	yaw: -0.69	msg/s 0.0	link quality: 44	kalman var: 0.001 0.001 0.001	flight time: 9s	 batterySag: 0.78125
INFO: 2021-10-09 15:55:11 printStatus(175) -- Drogno_4: ready		battery 3.68	pos 0.82 0.22 0.81	yaw: -0.30	msg/s 0.0	link quality: 40	kalman var: 0.004 0.004 0.002	flight time: 10s	 batterySag: 0.78125
INFO: 2021-10-09 15:55:13 printStatus(175) -- Drogno_4: ready		battery 3.67	pos 0.81 0.21 0.81	yaw: 0.29	msg/s 0.0	link quality: 39	kalman var: 0.006 0.006 0.002	flight time: 12s	 batterySag: 0.78125
INFO: 2021-10-09 15:55:14 printStatus(175) -- Drogno_4: ready		battery 3.67	pos 0.84 0.22 0.81	yaw: 2.12	msg/s 0.0	link quality: 41	kalman var: 0.001 0.001 0.001	flight time: 13s	 batterySag: 0.78125
INFO: 2021-10-09 15:55:16 printStatus(175) -- Drogno_4: ready		battery 3.65	pos 0.83 0.21 0.80	yaw: 0.16	msg/s 0.0	link quality: 45	kalman var: 0.004 0.004 0.002	flight time: 15s	 batterySag: 0.78125
INFO: 2021-10-09 15:55:17 printStatus(175) -- Drogno_4: ready		battery 3.66	pos 0.82 0.23 0.81	yaw: -0.08	msg/s 0.0	link quality: 44	kalman var: 0.002 0.002 0.001	flight time: 16s	 batterySag: 0.78125
INFO: 2021-10-09 15:55:19 printStatus(175) -- Drogno_4: ready		battery 3.63	pos 0.82 0.22 0.80	yaw: 4.62	msg/s 0.0	link quality: 44	kalman var: 0.001 0.001 0.001	flight time: 18s	 batterySag: 0.78125
INFO: 2021-10-09 15:55:21 printStatus(175) -- Drogno_4: ready		battery 3.64	pos 0.83 0.22 0.81	yaw: 1.99	msg/s 0.0	link quality: 46	kalman var: 0.0 0.0 0.0	flight time: 19s	 batterySag: 0.78125
INFO: 2021-10-09 15:55:22 printStatus(175) -- Drogno_4: ready		battery 3.63	pos 0.83 0.21 0.81	yaw: 0.18	msg/s 0.0	link quality: 45	kalman var: 0.003 0.003 0.002	flight time: 21s	 batterySag: 0.78125
INFO: 2021-10-09 15:55:24 printStatus(175) -- Drogno_4: ready		battery 3.63	pos 0.83 0.23 0.80	yaw: -2.42	msg/s 0.0	link quality: 46	kalman var: 0.001 0.001 0.001	flight time: 23s	 batterySag: 0.78125
INFO: 2021-10-09 15:55:25 printStatus(175) -- Drogno_4: ready		battery 3.63	pos 0.83 0.21 0.80	yaw: -3.70	msg/s 0.0	link quality: 40	kalman var: 0.004 0.004 0.002	flight time: 24s	 batterySag: 0.78125
INFO: 2021-10-09 15:55:27 printStatus(175) -- Drogno_4: ready		battery 3.62	pos 0.80 0.21 0.81	yaw: 2.26	msg/s 0.0	link quality: 42	kalman var: 0.002 0.002 0.001	flight time: 26s	 batterySag: 0.78125
INFO: 2021-10-09 15:55:28 printStatus(175) -- Drogno_4: ready		battery 3.62	pos 0.84 0.22 0.80	yaw: 2.21	msg/s 0.0	link quality: 45	kalman var: 0.0 0.0 0.0	flight time: 27s	 batterySag: 0.78125
INFO: 2021-10-09 15:55:30 printStatus(175) -- Drogno_4: ready		battery 3.62	pos 0.82 0.22 0.80	yaw: 0.44	msg/s 0.0	link quality: 50	kalman var: 0.009 0.009 0.002	flight time: 29s	 batterySag: 0.78125
INFO: 2021-10-09 15:55:32 printStatus(175) -- Drogno_4: BAD kalman		battery 3.62	pos 0.82 0.21 0.80	yaw: 0.33	msg/s 0.0	link quality: 51	kalman var: 0.021 0.021 0.003	flight time: 30s	 batterySag: 0.78125
INFO: 2021-10-09 15:55:33 printStatus(175) -- Drogno_4: ready		battery 3.6	pos 0.81 0.27 0.80	yaw: -0.43	msg/s 0.0	link quality: 40	kalman var: 0.003 0.003 0.001	flight time: 32s	 batterySag: 0.78125
INFO: 2021-10-09 15:55:35 printStatus(175) -- Drogno_4: BAD kalman		battery 3.61	pos 0.83 0.22 0.81	yaw: 0.43	msg/s 0.0	link quality: 61	kalman var: 0.021 0.022 0.004	flight time: 34s	 batterySag: 0.78125
INFO: 2021-10-09 15:55:36 printStatus(175) -- Drogno_4: BAD kalman		battery 3.6	pos 0.82 0.22 0.81	yaw: -0.36	msg/s 0.0	link quality: 42	kalman var: 0.041 0.042 0.005	flight time: 35s	 batterySag: 0.78125
INFO: 2021-10-09 15:55:38 printStatus(175) -- Drogno_4: ready		battery 3.61	pos 0.82 0.18 0.83	yaw: 0.97	msg/s 0.0	link quality: 41	kalman var: 0.001 0.001 0.001	flight time: 37s	 batterySag: 0.78125
INFO: 2021-10-09 15:55:39 printStatus(175) -- Drogno_4: ready		battery 3.59	pos 0.83 0.23 0.81	yaw: -0.20	msg/s 0.0	link quality: 44	kalman var: 0.005 0.005 0.002	flight time: 38s	 batterySag: 0.78125
INFO: 2021-10-09 15:55:41 printStatus(175) -- Drogno_4: ready		battery 3.6	pos 0.80 0.21 0.80	yaw: 1.70	msg/s 0.0	link quality: 46	kalman var: 0.001 0.001 0.001	flight time: 40s	 batterySag: 0.78125
INFO: 2021-10-09 15:55:42 printStatus(175) -- Drogno_4: ready		battery 3.6	pos 0.83 0.18 0.81	yaw: -7.57	msg/s 0.0	link quality: 42	kalman var: 0.0 0.0 0.0	flight time: 41s	 batterySag: 0.78125
INFO: 2021-10-09 15:55:44 printStatus(175) -- Drogno_4: ready		battery 3.58	pos 0.83 0.22 0.80	yaw: -1.50	msg/s 0.0	link quality: 42	kalman var: 0.002 0.002 0.001	flight time: 43s	 batterySag: 0.78125
INFO: 2021-10-09 15:55:46 printStatus(175) -- Drogno_4: hovering		battery 3.58	pos 0.98 0.27 0.79	yaw: -1.60	msg/s 0.0	link quality: 44	kalman var: 0.001 0.001 0.001	flight time: 44s	 batterySag: 0.78125
INFO: 2021-10-09 15:55:47 printStatus(175) -- Drogno_4: ready		battery 3.57	pos 0.87 0.42 0.80	yaw: 3.07	msg/s 0.0	link quality: 43	kalman var: 0.002 0.002 0.001	flight time: 46s	 batterySag: 0.78125
INFO: 2021-10-09 15:55:49 printStatus(175) -- Drogno_4: ready		battery 3.57	pos 0.97 0.79 0.79	yaw: 0.54	msg/s 0.0	link quality: 42	kalman var: 0.0 0.0 0.0	flight time: 48s	 batterySag: 0.78125
INFO: 2021-10-09 15:55:50 printStatus(175) -- Drogno_4: ready		battery 3.57	pos 0.98 0.80 0.80	yaw: -0.26	msg/s 0.0	link quality: 41	kalman var: 0.0 0.0 0.0	flight time: 49s	 batterySag: 0.78125
INFO: 2021-10-09 15:55:52 printStatus(175) -- Drogno_4: ready		battery 3.56	pos 0.97 0.80 0.80	yaw: 2.03	msg/s 0.0	link quality: 42	kalman var: 0.0 0.0 0.0	flight time: 51s	 batterySag: 0.78125
INFO: 2021-10-09 15:55:53 printStatus(175) -- Drogno_4: ready		battery 3.56	pos 0.98 0.77 0.80	yaw: -2.24	msg/s 0.0	link quality: 39	kalman var: 0.0 0.0 0.0	flight time: 52s	 batterySag: 0.78125
INFO: 2021-10-09 15:55:55 printStatus(175) -- Drogno_4: ready		battery 3.56	pos 0.96 0.74 0.79	yaw: 1.50	msg/s 0.0	link quality: 42	kalman var: 0.0 0.0 0.0	flight time: 54s	 batterySag: 0.78125
INFO: 2021-10-09 15:55:57 printStatus(175) -- Drogno_4: ready		battery 3.55	pos 0.99 0.77 0.79	yaw: 0.23	msg/s 0.0	link quality: 40	kalman var: 0.0 0.0 0.0	flight time: 55s	 batterySag: 0.78125
INFO: 2021-10-09 15:55:58 printStatus(175) -- Drogno_4: ready		battery 3.55	pos 1.00 0.77 0.79	yaw: -0.04	msg/s 0.0	link quality: 40	kalman var: 0.0 0.0 0.0	flight time: 57s	 batterySag: 0.78125
INFO: 2021-10-09 15:56:00 printStatus(175) -- Drogno_4: ready		battery 3.55	pos 0.97 0.76 0.79	yaw: 0.90	msg/s 0.0	link quality: 42	kalman var: 0.0 0.0 0.0	flight time: 59s	 batterySag: 0.78125
INFO: 2021-10-09 15:56:01 printStatus(175) -- Drogno_4: ready		battery 3.54	pos 0.97 0.77 0.79	yaw: 0.95	msg/s 0.0	link quality: 41	kalman var: 0.0 0.0 0.0	flight time: 60s	 batterySag: 0.78125
INFO: 2021-10-09 15:56:03 printStatus(175) -- Drogno_4: ready		battery 3.55	pos 0.98 0.77 0.80	yaw: -0.11	msg/s 0.0	link quality: 41	kalman var: 0.0 0.0 0.0	flight time: 62s	 batterySag: 0.78125
INFO: 2021-10-09 15:56:04 printStatus(175) -- Drogno_4: ready		battery 3.54	pos 0.97 0.77 0.80	yaw: -0.60	msg/s 0.0	link quality: 41	kalman var: 0.001 0.001 0.001	flight time: 63s	 batterySag: 0.78125
INFO: 2021-10-09 15:56:06 printStatus(175) -- Drogno_4: ready		battery 3.54	pos 0.99 0.76 0.80	yaw: 2.30	msg/s 0.0	link quality: 42	kalman var: 0.0 0.0 0.0	flight time: 65s	 batterySag: 0.78125
INFO: 2021-10-09 15:56:07 printStatus(175) -- Drogno_4: ready		battery 3.54	pos 0.98 0.78 0.80	yaw: 1.52	msg/s 0.0	link quality: 41	kalman var: 0.0 0.0 0.0	flight time: 66s	 batterySag: 0.78125
INFO: 2021-10-09 15:56:09 printStatus(175) -- Drogno_4: ready		battery 3.53	pos 0.98 0.77 0.80	yaw: -0.63	msg/s 0.0	link quality: 40	kalman var: 0.0 0.0 0.0	flight time: 68s	 batterySag: 0.78125
INFO: 2021-10-09 15:56:11 printStatus(175) -- Drogno_4: ready		battery 3.53	pos 0.98 0.77 0.79	yaw: -0.39	msg/s 0.0	link quality: 40	kalman var: 0.0 0.0 0.001	flight time: 69s	 batterySag: 0.78125
INFO: 2021-10-09 15:56:12 printStatus(175) -- Drogno_4: ready		battery 3.52	pos 0.98 0.77 0.80	yaw: -0.78	msg/s 0.0	link quality: 40	kalman var: 0.0 0.0 0.0	flight time: 71s	 batterySag: 0.78125
INFO: 2021-10-09 15:56:14 printStatus(175) -- Drogno_4: ready		battery 3.51	pos 1.00 0.75 0.79	yaw: -1.14	msg/s 0.0	link quality: 42	kalman var: 0.0 0.0 0.0	flight time: 73s	 batterySag: 0.78125
INFO: 2021-10-09 15:56:15 printStatus(175) -- Drogno_4: ready		battery 3.52	pos 0.98 0.78 0.79	yaw: -0.86	msg/s 0.0	link quality: 42	kalman var: 0.0 0.0 0.0	flight time: 74s	 batterySag: 0.78125
INFO: 2021-10-09 15:56:17 printStatus(175) -- Drogno_4: ready		battery 3.51	pos 0.98 0.77 0.79	yaw: -1.61	msg/s 0.0	link quality: 40	kalman var: 0.0 0.0 0.0	flight time: 76s	 batterySag: 0.78125
INFO: 2021-10-09 15:56:18 printStatus(175) -- Drogno_4: ready		battery 3.51	pos 0.99 0.78 0.79	yaw: -0.31	msg/s 0.0	link quality: 42	kalman var: 0.0 0.0 0.0	flight time: 77s	 batterySag: 0.78125
INFO: 2021-10-09 15:56:20 printStatus(175) -- Drogno_4: ready		battery 3.51	pos 0.98 0.78 0.79	yaw: 0.38	msg/s 0.0	link quality: 42	kalman var: 0.0 0.0 0.0	flight time: 79s	 batterySag: 0.78125
INFO: 2021-10-09 15:56:22 printStatus(175) -- Drogno_4: ready		battery 3.5	pos 0.98 0.77 0.79	yaw: -0.21	msg/s 0.0	link quality: 41	kalman var: 0.0 0.0 0.0	flight time: 80s	 batterySag: 0.78125
INFO: 2021-10-09 15:56:23 printStatus(175) -- Drogno_4: ready		battery 3.5	pos 0.98 0.77 0.79	yaw: 0.11	msg/s 0.0	link quality: 42	kalman var: 0.001 0.001 0.001	flight time: 82s	 batterySag: 0.78125
INFO: 2021-10-09 15:56:25 printStatus(175) -- Drogno_4: ready		battery 3.49	pos 0.98 0.77 0.80	yaw: -0.87	msg/s 0.0	link quality: 40	kalman var: 0.0 0.0 0.0	flight time: 83s	 batterySag: 0.78125
INFO: 2021-10-09 15:56:26 printStatus(175) -- Drogno_4: ready		battery 3.49	pos 0.98 0.77 0.79	yaw: -0.16	msg/s 0.0	link quality: 42	kalman var: 0.0 0.0 0.0	flight time: 85s	 batterySag: 0.78125
INFO: 2021-10-09 15:56:28 printStatus(175) -- Drogno_4: ready		battery 3.49	pos 0.98 0.77 0.80	yaw: 0.44	msg/s 0.0	link quality: 42	kalman var: 0.0 0.0 0.0	flight time: 87s	 batterySag: 0.78125
INFO: 2021-10-09 15:56:29 printStatus(175) -- Drogno_4: ready		battery 3.48	pos 0.98 0.78 0.79	yaw: 0.88	msg/s 0.0	link quality: 42	kalman var: 0.0 0.0 0.0	flight time: 88s	 batterySag: 0.78125
INFO: 2021-10-09 15:56:31 printStatus(175) -- Drogno_4: ready		battery 3.48	pos 0.98 0.77 0.79	yaw: 0.26	msg/s 0.0	link quality: 41	kalman var: 0.0 0.0 0.0	flight time: 90s	 batterySag: 0.78125
INFO: 2021-10-09 15:56:32 printStatus(175) -- Drogno_4: ready		battery 3.48	pos 0.98 0.76 0.79	yaw: 0.78	msg/s 0.0	link quality: 42	kalman var: 0.0 0.0 0.0	flight time: 91s	 batterySag: 0.78125
INFO: 2021-10-09 15:56:34 printStatus(175) -- Drogno_4: ready		battery 3.48	pos 0.98 0.78 0.80	yaw: 0.32	msg/s 0.0	link quality: 41	kalman var: 0.0 0.0 0.0	flight time: 93s	 batterySag: 0.78125
INFO: 2021-10-09 15:56:36 printStatus(175) -- Drogno_4: ready		battery 3.48	pos 0.98 0.77 0.79	yaw: 0.88	msg/s 0.0	link quality: 42	kalman var: 0.0 0.0 0.0	flight time: 94s	 batterySag: 0.78125
INFO: 2021-10-09 15:56:37 printStatus(175) -- Drogno_4: ready		battery 3.47	pos 0.98 0.78 0.80	yaw: -0.32	msg/s 0.0	link quality: 42	kalman var: 0.0 0.0 0.0	flight time: 96s	 batterySag: 0.78125
INFO: 2021-10-09 15:56:39 printStatus(175) -- Drogno_4: ready		battery 3.46	pos 0.98 0.76 0.79	yaw: -1.14	msg/s 0.0	link quality: 41	kalman var: 0.0 0.0 0.0	flight time: 98s	 batterySag: 0.78125
INFO: 2021-10-09 15:56:40 printStatus(175) -- Drogno_4: ready		battery 3.47	pos 0.98 0.77 0.79	yaw: 0.14	msg/s 0.0	link quality: 41	kalman var: 0.0 0.0 0.0	flight time: 99s	 batterySag: 0.78125
INFO: 2021-10-09 15:56:42 printStatus(175) -- Drogno_4: ready		battery 3.46	pos 0.98 0.78 0.80	yaw: -1.12	msg/s 0.0	link quality: 42	kalman var: 0.001 0.001 0.001	flight time: 101s	 batterySag: 0.78125
INFO: 2021-10-09 15:56:43 printStatus(175) -- Drogno_4: ready		battery 3.46	pos 0.97 0.79 0.79	yaw: -0.70	msg/s 0.0	link quality: 42	kalman var: 0.0 0.0 0.0	flight time: 102s	 batterySag: 0.78125
INFO: 2021-10-09 15:56:45 printStatus(175) -- Drogno_4: ready		battery 3.45	pos 0.98 0.77 0.79	yaw: 0.52	msg/s 0.0	link quality: 42	kalman var: 0.0 0.0 0.0	flight time: 104s	 batterySag: 0.78125
INFO: 2021-10-09 15:56:47 printStatus(175) -- Drogno_4: ready		battery 3.45	pos 0.98 0.79 0.79	yaw: 1.83	msg/s 0.0	link quality: 42	kalman var: 0.0 0.0 0.0	flight time: 105s	 batterySag: 0.78125
INFO: 2021-10-09 15:56:48 printStatus(175) -- Drogno_4: ready		battery 3.45	pos 0.98 0.77 0.80	yaw: 0.11	msg/s 0.0	link quality: 40	kalman var: 0.0 0.0 0.0	flight time: 107s	 batterySag: 0.78125
INFO: 2021-10-09 15:56:50 printStatus(175) -- Drogno_4: ready		battery 3.45	pos 0.98 0.77 0.80	yaw: 1.86	msg/s 0.0	link quality: 40	kalman var: 0.0 0.0 0.0	flight time: 109s	 batterySag: 0.78125
INFO: 2021-10-09 15:56:52 printStatus(175) -- Drogno_4: ready		battery 3.45	pos 0.98 0.77 0.79	yaw: 1.16	msg/s 0.0	link quality: 42	kalman var: 0.001 0.001 0.001	flight time: 110s	 batterySag: 0.78125
INFO: 2021-10-09 15:56:53 printStatus(175) -- Drogno_4: ready		battery 3.45	pos 0.97 0.78 0.80	yaw: -0.87	msg/s 0.0	link quality: 40	kalman var: 0.0 0.0 0.0	flight time: 112s	 batterySag: 0.78125
INFO: 2021-10-09 15:56:55 printStatus(175) -- Drogno_4: ready		battery 3.43	pos 0.99 0.77 0.79	yaw: -0.88	msg/s 0.0	link quality: 42	kalman var: 0.001 0.001 0.001	flight time: 114s	 batterySag: 0.78125
INFO: 2021-10-09 15:56:56 printStatus(175) -- Drogno_4: ready		battery 3.45	pos 0.98 0.76 0.79	yaw: 0.73	msg/s 0.0	link quality: 42	kalman var: 0.0 0.0 0.0	flight time: 115s	 batterySag: 0.78125
INFO: 2021-10-09 15:56:58 printStatus(175) -- Drogno_4: ready		battery 3.44	pos 0.97 0.76 0.79	yaw: -0.15	msg/s 0.0	link quality: 41	kalman var: 0.0 0.0 0.0	flight time: 117s	 batterySag: 0.78125
INFO: 2021-10-09 15:56:59 printStatus(175) -- Drogno_4: ready		battery 3.43	pos 0.98 0.76 0.79	yaw: -2.06	msg/s 0.0	link quality: 39	kalman var: 0.0 0.0 0.0	flight time: 118s	 batterySag: 0.78125
INFO: 2021-10-09 15:57:01 printStatus(175) -- Drogno_4: ready		battery 3.43	pos 0.98 0.79 0.80	yaw: 0.58	msg/s 0.0	link quality: 42	kalman var: 0.001 0.001 0.001	flight time: 120s	 batterySag: 0.78125
INFO: 2021-10-09 15:57:03 printStatus(175) -- Drogno_4: ready		battery 3.45	pos 1.00 0.82 0.62	yaw: -0.39	msg/s 0.0	link quality: 37	kalman var: 0.0 0.0 0.0	flight time: 120s	 batterySag: 0.78125
INFO: 2021-10-09 15:57:04 printStatus(175) -- Drogno_4: ready		battery 3.8	pos 0.96 0.78 -0.00	yaw: 3.95	msg/s 0.0	link quality: 44	kalman var: 0.0 0.0 0.0	flight time: 120s	 batterySag: 0.78125
INFO: 2021-10-09 15:57:06 printStatus(175) -- Drogno_4: ready		battery 3.82	pos 0.96 0.78 -0.00	yaw: 4.26	msg/s 0.0	link quality: 44	kalman var: 0.0 0.0 0.0	flight time: 120s	 batterySag: 0.78125
INFO: 2021-10-09 15:57:07 printStatus(175) -- Drogno_4: ready		battery 3.83	pos 0.96 0.78 -0.00	yaw: 4.27	msg/s 0.0	link quality: 44	kalman var: 0.0 0.0 0.0	flight time: 120s	 batterySag: 0.78125
INFO: 2021-10-09 15:57:09 printStatus(175) -- Drogno_4: ready		battery 3.84	pos 0.96 0.78 -0.00	yaw: 4.30	msg/s 0.0	link quality: 44	kalman var: 0.0 0.0 0.0	flight time: 120s	 batterySag: 0.78125
INFO: 2021-10-09 15:57:10 printStatus(175) -- Drogno_4: ready		battery 3.84	pos 0.96 0.78 -0.00	yaw: 4.34	msg/s 0.0	link quality: 44	kalman var: 0.0 0.0 0.0	flight time: 120s	 batterySag: 0.78125
INFO: 2021-10-09 15:57:12 printStatus(175) -- Drogno_4: ready		battery 3.85	pos 0.96 0.78 -0.00	yaw: 4.39	msg/s 0.0	link quality: 44	kalman var: 0.0 0.0 0.0	flight time: 120s	 batterySag: 0.78125
INFO: 2021-10-09 15:57:14 printStatus(175) -- Drogno_4: ready		battery 3.85	pos 0.96 0.78 -0.00	yaw: 4.39	msg/s 0.0	link quality: 44	kalman var: 0.0 0.0 0.0	flight time: 120s	 batterySag: 0.78125
INFO: 2021-10-09 15:57:15 printStatus(175) -- Drogno_4: ready		battery 3.86	pos 0.96 0.78 -0.00	yaw: 4.32	msg/s 0.0	link quality: 44	kalman var: 0.0 0.0 0.0	flight time: 120s	 batterySag: 0.78125
INFO: 2021-10-09 15:57:17 printStatus(175) -- Drogno_4: ready		battery 3.86	pos 0.96 0.78 -0.00	yaw: 4.36	msg/s 0.0	link quality: 44	kalman var: 0.0 0.0 0.0	flight time: 120s	 batterySag: 0.78125
INFO: 2021-10-09 15:57:18 printStatus(175) -- Drogno_4: ready		battery 3.86	pos 0.96 0.78 -0.00	yaw: 4.37	msg/s 0.0	link quality: 44	kalman var: 0.0 0.0 0.0	flight time: 120s	 batterySag: 0.78125
INFO: 2021-10-09 15:57:20 printStatus(175) -- Drogno_4: ready		battery 3.86	pos 0.96 0.78 -0.00	yaw: 4.29	msg/s 0.0	link quality: 44	kalman var: 0.0 0.0 0.0	flight time: 120s	 batterySag: 0.78125
INFO: 2021-10-09 15:57:21 printStatus(175) -- Drogno_4: ready		battery 3.86	pos 0.95 0.78 -0.00	yaw: 4.34	msg/s 0.0	link quality: 44	kalman var: 0.0 0.0 0.0	flight time: 120s	 batterySag: 0.78125
INFO: 2021-10-09 15:57:23 printStatus(175) -- Drogno_4: ready		battery 3.87	pos 0.96 0.78 -0.00	yaw: 4.34	msg/s 0.0	link quality: 44	kalman var: 0.0 0.0 0.0	flight time: 120s	 batterySag: 0.78125
INFO: 2021-10-09 15:57:25 printStatus(175) -- Drogno_4: ready		battery 3.87	pos 0.95 0.78 -0.00	yaw: 4.34	msg/s 0.0	link quality: 44	kalman var: 0.0 0.0 0.0	flight time: 120s	 batterySag: 0.78125
INFO: 2021-10-09 15:57:26 printStatus(175) -- Drogno_4: ready		battery 3.87	pos 0.95 0.78 -0.00	yaw: 4.33	msg/s 0.0	link quality: 44	kalman var: 0.0 0.0 0.0	flight time: 120s	 batterySag: 0.78125
INFO: 2021-10-09 15:57:28 printStatus(175) -- Drogno_4: ready		battery 3.87	pos 0.96 0.78 -0.00	yaw: 4.31	msg/s 0.0	link quality: 44	kalman var: 0.0 0.0 0.0	flight time: 120s	 batterySag: 0.78125
INFO: 2021-10-09 15:57:29 printStatus(175) -- Drogno_4: ready		battery 3.87	pos 0.96 0.78 -0.00	yaw: 4.33	msg/s 0.0	link quality: 44	kalman var: 0.0 0.0 0.0	flight time: 120s	 batterySag: 0.78125
INFO: 2021-10-09 15:57:31 printStatus(175) -- Drogno_4: ready		battery 3.88	pos 0.96 0.78 -0.00	yaw: 4.33	msg/s 0.0	link quality: 44	kalman var: 0.0 0.0 0.0	flight time: 120s	 batterySag: 0.78125
INFO: 2021-10-09 15:57:32 printStatus(175) -- Drogno_4: ready		battery 3.88	pos 0.96 0.78 -0.00	yaw: 4.28	msg/s 0.0	link quality: 44	kalman var: 0.0 0.0 0.0	flight time: 120s	 batterySag: 0.78125
INFO: 2021-10-09 15:57:34 printStatus(175) -- Drogno_4: ready		battery 3.88	pos 0.96 0.78 -0.00	yaw: 4.31	msg/s 0.0	link quality: 44	kalman var: 0.0 0.0 0.0	flight time: 120s	 batterySag: 0.78125
INFO: 2021-10-09 15:57:36 printStatus(175) -- Drogno_4: ready		battery 3.88	pos 0.96 0.78 -0.00	yaw: 4.32	msg/s 0.0	link quality: 44	kalman var: 0.0 0.0 0.0	flight time: 120s	 batterySag: 0.78125
INFO: 2021-10-09 15:57:37 printStatus(175) -- Drogno_4: ready		battery 3.88	pos 0.96 0.78 -0.00	yaw: 4.36	msg/s 0.0	link quality: 44	kalman var: 0.0 0.0 0.0	flight time: 120s	 batterySag: 0.78125
INFO: 2021-10-09 15:57:39 printStatus(175) -- Drogno_4: ready		battery 3.88	pos 0.96 0.78 -0.00	yaw: 4.36	msg/s 0.0	link quality: 44	kalman var: 0.0 0.0 0.0	flight time: 120s	 batterySag: 0.78125
INFO: 2021-10-09 15:57:40 printStatus(175) -- Drogno_4: ready		battery 3.88	pos 0.96 0.78 -0.00	yaw: 4.32	msg/s 0.0	link quality: 44	kalman var: 0.0 0.0 0.0	flight time: 120s	 batterySag: 0.78125
INFO: 2021-10-09 15:57:42 printStatus(175) -- Drogno_4: ready		battery 3.88	pos 0.96 0.78 -0.00	yaw: 4.33	msg/s 0.0	link quality: 44	kalman var: 0.0 0.0 0.0	flight time: 120s	 batterySag: 0.78125
INFO: 2021-10-09 15:57:43 printStatus(175) -- Drogno_4: ready		battery 3.88	pos 0.96 0.78 -0.00	yaw: 4.36	msg/s 0.0	link quality: 44	kalman var: 0.0 0.0 0.0	flight time: 120s	 batterySag: 0.78125
INFO: 2021-10-09 15:57:45 printStatus(175) -- Drogno_4: ready		battery 3.88	pos 0.96 0.78 -0.00	yaw: 4.33	msg/s 0.0	link quality: 44	kalman var: 0.0 0.0 0.0	flight time: 120s	 batterySag: 0.78125
INFO: 2021-10-09 15:57:47 printStatus(175) -- Drogno_4: ready		battery 3.88	pos 0.96 0.78 -0.00	yaw: 4.38	msg/s 0.0	link quality: 44	kalman var: 0.0 0.0 0.0	flight time: 120s	 batterySag: 0.78125
INFO: 2021-10-09 15:57:48 printStatus(175) -- Drogno_4: ready		battery 3.88	pos 0.96 0.78 -0.00	yaw: 4.37	msg/s 0.0	link quality: 44	kalman var: 0.0 0.0 0.0	flight time: 120s	 batterySag: 0.78125
INFO: 2021-10-09 15:57:50 printStatus(175) -- Drogno_4: ready		battery 3.88	pos 0.96 0.78 -0.00	yaw: 4.27	msg/s 0.0	link quality: 43	kalman var: 0.0 0.0 0.0	flight time: 120s	 batterySag: 0.78125
INFO: 2021-10-09 15:57:51 printStatus(175) -- Drogno_4: ready		battery 3.88	pos 0.96 0.78 -0.00	yaw: 4.28	msg/s 0.0	link quality: 44	kalman var: 0.0 0.0 0.0	flight time: 120s	 batterySag: 0.78125
INFO: 2021-10-09 15:57:53 printStatus(175) -- Drogno_4: ready		battery 3.88	pos 0.96 0.78 -0.00	yaw: 4.34	msg/s 0.0	link quality: 44	kalman var: 0.0 0.0 0.0	flight time: 120s	 batterySag: 0.78125
INFO: 2021-10-09 15:57:54 printStatus(175) -- Drogno_4: ready		battery 3.88	pos 0.96 0.78 -0.00	yaw: 4.33	msg/s 0.0	link quality: 44	kalman var: 0.0 0.0 0.0	flight time: 120s	 batterySag: 0.78125
INFO: 2021-10-09 15:57:56 printStatus(175) -- Drogno_4: ready		battery 3.88	pos 0.96 0.78 -0.00	yaw: 4.29	msg/s 0.0	link quality: 44	kalman var: 0.0 0.0 0.0	flight time: 120s	 batterySag: 0.78125
INFO: 2021-10-09 15:57:57 printStatus(175) -- Drogno_4: ready		battery 3.88	pos 0.96 0.78 -0.00	yaw: 4.34	msg/s 0.0	link quality: 43	kalman var: 0.0 0.0 0.0	flight time: 120s	 batterySag: 0.78125
INFO: 2021-10-09 15:57:59 printStatus(175) -- Drogno_4: ready		battery 3.88	pos 0.96 0.78 -0.00	yaw: 4.23	msg/s 0.0	link quality: 44	kalman var: 0.0 0.0 0.0	flight time: 120s	 batterySag: 0.78125
INFO: 2021-10-09 15:58:01 printStatus(175) -- Drogno_4: ready		battery 3.88	pos 0.96 0.78 -0.00	yaw: 4.36	msg/s 0.0	link quality: 44	kalman var: 0.0 0.0 0.0	flight time: 120s	 batterySag: 0.78125
INFO: 2021-10-09 15:58:03 printStatus(175) -- Drogno_4: ready		battery 3.88	pos 0.96 0.78 -0.00	yaw: 4.37	msg/s 0.0	link quality: 44	kalman var: 0.0 0.0 0.0	flight time: 120s	 batterySag: 0.78125
INFO: 2021-10-09 15:58:04 printStatus(175) -- Drogno_4: ready		battery 3.88	pos 0.96 0.78 -0.00	yaw: 4.37	msg/s 0.0	link quality: 44	kalman var: 0.0 0.0 0.0	flight time: 120s	 batterySag: 0.78125
INFO: 2021-10-09 15:58:06 printStatus(175) -- Drogno_4: ready		battery 3.88	pos 0.96 0.78 -0.00	yaw: 4.34	msg/s 0.0	link quality: 44	kalman var: 0.0 0.0 0.0	flight time: 120s	 batterySag: 0.78125
INFO: 2021-10-09 15:58:08 printStatus(175) -- Drogno_4: ready		battery 3.88	pos 0.96 0.78 -0.00	yaw: 4.23	msg/s 0.0	link quality: 44	kalman var: 0.001 0.001 0.001	flight time: 120s	 batterySag: 0.78125
INFO: 2021-10-09 15:58:09 printStatus(175) -- Drogno_4: ready		battery 3.88	pos 0.96 0.78 -0.00	yaw: 4.31	msg/s 0.0	link quality: 44	kalman var: 0.0 0.0 0.0	flight time: 120s	 batterySag: 0.78125
INFO: 2021-10-09 15:58:11 printStatus(175) -- Drogno_4: ready		battery 3.88	pos 0.96 0.78 -0.00	yaw: 4.35	msg/s 0.0	link quality: 44	kalman var: 0.0 0.0 0.0	flight time: 120s	 batterySag: 0.78125
INFO: 2021-10-09 15:58:12 printStatus(175) -- Drogno_4: ready		battery 3.88	pos 0.96 0.78 -0.00	yaw: 4.36	msg/s 0.0	link quality: 44	kalman var: 0.0 0.0 0.0	flight time: 120s	 batterySag: 0.78125
INFO: 2021-10-09 15:58:14 printStatus(175) -- Drogno_4: ready		battery 3.88	pos 0.96 0.78 -0.00	yaw: 4.39	msg/s 0.0	link quality: 44	kalman var: 0.0 0.0 0.0	flight time: 120s	 batterySag: 0.78125
INFO: 2021-10-09 15:58:15 printStatus(175) -- Drogno_4: ready		battery 3.88	pos 0.96 0.78 -0.00	yaw: 4.38	msg/s 0.0	link quality: 44	kalman var: 0.0 0.0 0.0	flight time: 120s	 batterySag: 0.78125
INFO: 2021-10-09 15:58:17 printStatus(175) -- Drogno_4: ready		battery 3.88	pos 0.96 0.78 -0.00	yaw: 4.33	msg/s 0.0	link quality: 44	kalman var: 0.0 0.0 0.0	flight time: 120s	 batterySag: 0.78125
INFO: 2021-10-09 15:58:19 printStatus(175) -- Drogno_4: ready		battery 3.88	pos 0.96 0.78 -0.00	yaw: 4.35	msg/s 0.0	link quality: 44	kalman var: 0.0 0.0 0.0	flight time: 120s	 batterySag: 0.78125
INFO: 2021-10-09 15:58:20 printStatus(175) -- Drogno_4: ready		battery 3.88	pos 0.96 0.78 -0.00	yaw: 4.33	msg/s 0.0	link quality: 44	kalman var: 0.0 0.0 0.0	flight time: 120s	 batterySag: 0.78125
INFO: 2021-10-09 15:58:22 printStatus(175) -- Drogno_4: ready		battery 3.88	pos 0.96 0.78 -0.00	yaw: 4.33	msg/s 0.0	link quality: 44	kalman var: 0.0 0.0 0.0	flight time: 120s	 batterySag: 0.78125
INFO: 2021-10-09 15:58:24 printStatus(175) -- Drogno_4: ready		battery 3.88	pos 0.96 0.78 -0.00	yaw: 4.29	msg/s 0.0	link quality: 44	kalman var: 0.0 0.0 0.0	flight time: 120s	 batterySag: 0.78125
INFO: 2021-10-09 15:58:25 printStatus(175) -- Drogno_4: ready		battery 3.88	pos 0.96 0.78 -0.00	yaw: 4.29	msg/s 0.0	link quality: 44	kalman var: 0.0 0.0 0.0	flight time: 120s	 batterySag: 0.78125
INFO: 2021-10-09 15:58:27 printStatus(175) -- Drogno_4: ready		battery 3.88	pos 0.96 0.78 -0.00	yaw: 4.23	msg/s 0.0	link quality: 43	kalman var: 0.0 0.0 0.001	flight time: 120s	 batterySag: 0.78125
INFO: 2021-10-09 15:58:29 printStatus(175) -- Drogno_4: ready		battery 3.88	pos 0.96 0.78 -0.00	yaw: 4.30	msg/s 0.0	link quality: 44	kalman var: 0.0 0.0 0.0	flight time: 120s	 batterySag: 0.78125
INFO: 2021-10-09 15:58:30 printStatus(175) -- Drogno_4: ready		battery 3.88	pos 0.96 0.78 -0.00	yaw: 4.34	msg/s 0.0	link quality: 44	kalman var: 0.0 0.0 0.0	flight time: 120s	 batterySag: 0.78125
INFO: 2021-10-09 15:58:32 printStatus(175) -- Drogno_4: ready		battery 3.88	pos 0.96 0.78 -0.00	yaw: 4.30	msg/s 0.0	link quality: 44	kalman var: 0.0 0.0 0.0	flight time: 120s	 batterySag: 0.78125
INFO: 2021-10-09 15:58:33 printStatus(175) -- Drogno_4: ready		battery 3.88	pos 0.96 0.78 -0.00	yaw: 4.30	msg/s 0.0	link quality: 44	kalman var: 0.0 0.0 0.0	flight time: 120s	 batterySag: 0.78125
INFO: 2021-10-09 15:58:35 printStatus(175) -- Drogno_4: ready		battery 3.88	pos 0.96 0.78 -0.00	yaw: 4.33	msg/s 0.0	link quality: 44	kalman var: 0.0 0.0 0.0	flight time: 120s	 batterySag: 0.78125
INFO: 2021-10-09 15:58:37 printStatus(175) -- Drogno_4: ready		battery 3.88	pos 0.96 0.79 -0.00	yaw: 4.15	msg/s 0.0	link quality: 44	kalman var: 0.001 0.001 0.001	flight time: 120s	 batterySag: 0.78125
INFO: 2021-10-09 15:58:38 printStatus(175) -- Drogno_4: ready		battery 3.88	pos 0.96 0.78 -0.00	yaw: 4.34	msg/s 0.0	link quality: 44	kalman var: 0.0 0.0 0.0	flight time: 120s	 batterySag: 0.78125
INFO: 2021-10-09 15:58:40 printStatus(175) -- Drogno_4: ready		battery 3.88	pos 0.96 0.78 -0.00	yaw: 4.28	msg/s 0.0	link quality: 44	kalman var: 0.001 0.001 0.001	flight time: 120s	 batterySag: 0.78125
INFO: 2021-10-09 15:58:41 printStatus(175) -- Drogno_4: ready		battery 3.88	pos 0.96 0.78 -0.00	yaw: 4.36	msg/s 0.0	link quality: 44	kalman var: 0.0 0.0 0.0	flight time: 120s	 batterySag: 0.78125
INFO: 2021-10-09 15:58:43 printStatus(175) -- Drogno_4: ready		battery 3.88	pos 0.96 0.78 -0.00	yaw: 4.27	msg/s 0.0	link quality: 44	kalman var: 0.0 0.0 0.0	flight time: 120s	 batterySag: 0.78125
INFO: 2021-10-09 15:58:44 printStatus(175) -- Drogno_4: ready		battery 3.88	pos 0.96 0.78 -0.00	yaw: 4.30	msg/s 0.0	link quality: 44	kalman var: 0.0 0.0 0.0	flight time: 120s	 batterySag: 0.78125
INFO: 2021-10-09 15:58:46 printStatus(175) -- Drogno_4: ready		battery 3.88	pos 0.96 0.78 -0.00	yaw: 4.28	msg/s 0.0	link quality: 44	kalman var: 0.0 0.0 0.0	flight time: 120s	 batterySag: 0.78125
INFO: 2021-10-09 15:58:47 printStatus(175) -- Drogno_4: ready		battery 3.88	pos 0.96 0.78 -0.00	yaw: 4.25	msg/s 0.0	link quality: 44	kalman var: 0.0 0.0 0.0	flight time: 120s	 batterySag: 0.78125
INFO: 2021-10-09 15:58:49 printStatus(175) -- Drogno_4: ready		battery 3.88	pos 0.96 0.78 -0.00	yaw: 4.35	msg/s 0.0	link quality: 44	kalman var: 0.0 0.0 0.0	flight time: 120s	 batterySag: 0.78125
INFO: 2021-10-09 15:58:51 printStatus(175) -- Drogno_4: ready		battery 3.88	pos 0.96 0.78 -0.00	yaw: 4.33	msg/s 0.0	link quality: 44	kalman var: 0.0 0.0 0.0	flight time: 120s	 batterySag: 0.78125
INFO: 2021-10-09 15:58:52 printStatus(175) -- Drogno_4: ready		battery 3.88	pos 0.96 0.78 -0.00	yaw: 4.29	msg/s 0.0	link quality: 43	kalman var: 0.0 0.0 0.0	flight time: 120s	 batterySag: 0.78125
INFO: 2021-10-09 15:58:54 printStatus(175) -- Drogno_4: ready		battery 3.88	pos 0.96 0.78 -0.00	yaw: 4.30	msg/s 0.0	link quality: 43	kalman var: 0.0 0.0 0.0	flight time: 120s	 batterySag: 0.78125
INFO: 2021-10-09 15:58:55 printStatus(175) -- Drogno_4: sconnesso		battery 3.88	pos 0.96 0.78 -0.00	yaw: 4.32	msg/s 0.0	link quality: 44	kalman var: 0.0 0.0 0.0	flight time: 120s	 batterySag: 0.78125
