INFO: 14-07-2022 16:01:51 __init__(129) -- This is dronelog running on Drogno_0
INFO: 14-07-2022 16:01:52 printStatus(165) -- Started
INFO: 14-07-2022 16:01:53 printStatus(168) -- Drogno_0: connecting	battery: n.p.	kalman var: 0 0 0	 batterySag: 0	link quality: 0	flight time: 0s	pos 0.00 0.00 0.00	yaw: 0.00	msg/s 0.0
INFO: 14-07-2022 16:01:54 printStatus(168) -- Drogno_0: connecting	battery: n.p.	kalman var: 0 0 0	 batterySag: 0	link quality: 0	flight time: 0s	pos 0.00 0.00 0.00	yaw: 0.00	msg/s 0.0
INFO: 14-07-2022 16:01:55 printStatus(168) -- Drogno_0: connecting	battery: n.p.	kalman var: 0 0 0	 batterySag: 0	link quality: 0	flight time: 0s	pos 0.00 0.00 0.00	yaw: 0.00	msg/s 0.0
INFO: 14-07-2022 16:01:57 printStatus(168) -- Drogno_0: connecting	battery: n.p.	kalman var: 0 0 0	 batterySag: 0	link quality: 0	flight time: 0s	pos 0.00 0.00 0.00	yaw: 0.00	msg/s 0.0
INFO: 14-07-2022 16:01:58 printStatus(168) -- Drogno_0: connecting	battery: n.p.	kalman var: 0 0 0	 batterySag: 0	link quality: 0	flight time: 0s	pos 0.00 0.00 0.00	yaw: 0.00	msg/s 0.0
INFO: 14-07-2022 16:01:59 printStatus(168) -- Drogno_0: connecting	battery: n.p.	kalman var: 0 0 0	 batterySag: 0	link quality: 0	flight time: 0s	pos 0.00 0.00 0.00	yaw: 0.00	msg/s 0.0
INFO: 14-07-2022 16:02:00 printStatus(168) -- Drogno_0: connecting	battery: n.p.	kalman var: 0 0 0	 batterySag: 0	link quality: 0	flight time: 0s	pos 0.00 0.00 0.00	yaw: 0.00	msg/s 0.0
INFO: 14-07-2022 16:02:02 printStatus(168) -- Drogno_0: connecting	battery: n.p.	kalman var: 0 0 0	 batterySag: 0	link quality: 0	flight time: 0s	pos 0.00 0.00 0.00	yaw: 0.00	msg/s 0.0
INFO: 14-07-2022 16:02:03 printStatus(168) -- Drogno_0: connecting	battery: n.p.	kalman var: 0 0 0	 batterySag: 0	link quality: 0	flight time: 0s	pos 0.00 0.00 0.00	yaw: 0.00	msg/s 0.0
INFO: 14-07-2022 16:02:04 printStatus(168) -- Drogno_0: connecting	battery: n.p.	kalman var: 0 0 0	 batterySag: 0	link quality: 0	flight time: 0s	pos 0.00 0.00 0.00	yaw: 0.00	msg/s 0.0
INFO: 14-07-2022 16:02:05 printStatus(168) -- Drogno_0: connecting	battery: n.p.	kalman var: 0 0 0	 batterySag: 0	link quality: 0	flight time: 0s	pos 0.00 0.00 0.00	yaw: 0.00	msg/s 0.0
INFO: 14-07-2022 16:02:06 printStatus(168) -- Drogno_0: connecting	battery: n.p.	kalman var: 0 0 0	 batterySag: 0	link quality: 0	flight time: 0s	pos 0.00 0.00 0.00	yaw: 0.00	msg/s 0.0
INFO: 14-07-2022 16:02:07 printStatus(168) -- Drogno_0: connecting	battery: n.p.	kalman var: 0 0 0	 batterySag: 0	link quality: 0	flight time: 0s	pos 0.00 0.00 0.00	yaw: 0.00	msg/s 0.0
INFO: 14-07-2022 16:02:09 printStatus(168) -- Drogno_0: connecting	battery: n.p.	kalman var: 0 0 0	 batterySag: 0	link quality: 0	flight time: 0s	pos 0.00 0.00 0.00	yaw: 0.00	msg/s 0.0
INFO: 14-07-2022 16:02:10 printStatus(168) -- Drogno_0: connecting	battery: n.p.	kalman var: 0 0 0	 batterySag: 0	link quality: 0	flight time: 0s	pos 0.00 0.00 0.00	yaw: 0.00	msg/s 0.0
INFO: 14-07-2022 16:02:11 printStatus(168) -- Drogno_0: connecting	battery: n.p.	kalman var: 0 0 0	 batterySag: 0	link quality: 0	flight time: 0s	pos 0.00 0.00 0.00	yaw: 0.00	msg/s 0.0
INFO: 14-07-2022 16:02:12 printStatus(168) -- Drogno_0: connecting	battery: n.p.	kalman var: 0 0 0	 batterySag: 0	link quality: 0	flight time: 0s	pos 0.00 0.00 0.00	yaw: 0.00	msg/s 0.0
INFO: 14-07-2022 16:02:13 printStatus(168) -- Drogno_0: connecting	battery: n.p.	kalman var: 0 0 0	 batterySag: 0	link quality: 0	flight time: 0s	pos 0.00 0.00 0.00	yaw: 0.00	msg/s 0.0
INFO: 14-07-2022 16:02:15 printStatus(168) -- Drogno_0: connecting	battery: n.p.	kalman var: 0 0 0	 batterySag: 0	link quality: 0	flight time: 0s	pos 0.00 0.00 0.00	yaw: 0.00	msg/s 0.0
INFO: 14-07-2022 16:02:16 printStatus(168) -- Drogno_0: connecting	battery: n.p.	kalman var: 0 0 0	 batterySag: 0	link quality: 0	flight time: 0s	pos 0.00 0.00 0.00	yaw: 0.00	msg/s 0.0
INFO: 14-07-2022 16:02:17 printStatus(168) -- Drogno_0: connecting	battery: n.p.	kalman var: 0 0 0	 batterySag: 0	link quality: 0	flight time: 0s	pos 0.00 0.00 0.00	yaw: 0.00	msg/s 0.0
INFO: 14-07-2022 16:02:18 printStatus(168) -- Drogno_0: connecting	battery: n.p.	kalman var: 0 0 0	 batterySag: 0	link quality: 0	flight time: 0s	pos 0.00 0.00 0.00	yaw: 0.00	msg/s 0.0
INFO: 14-07-2022 16:02:19 printStatus(168) -- Drogno_0: connecting	battery: n.p.	kalman var: 0 0 0	 batterySag: 0	link quality: 0	flight time: 0s	pos 0.00 0.00 0.00	yaw: 0.00	msg/s 0.0
INFO: 14-07-2022 16:02:20 printStatus(168) -- Drogno_0: connecting	battery: n.p.	kalman var: 0 0 0	 batterySag: 0	link quality: 0	flight time: 0s	pos 0.00 0.00 0.00	yaw: 0.00	msg/s 0.0
INFO: 14-07-2022 16:02:22 printStatus(168) -- Drogno_0: connecting	battery: n.p.	kalman var: 0 0 0	 batterySag: 0	link quality: 0	flight time: 0s	pos 0.00 0.00 0.00	yaw: 0.00	msg/s 0.0
INFO: 14-07-2022 16:02:23 printStatus(168) -- Drogno_0: connecting	battery: n.p.	kalman var: 0 0 0	 batterySag: 0	link quality: 0	flight time: 0s	pos 0.00 0.00 0.00	yaw: 0.00	msg/s 0.0
INFO: 14-07-2022 16:02:24 printStatus(168) -- Drogno_0: connecting	battery: n.p.	kalman var: 0 0 0	 batterySag: 0	link quality: 0	flight time: 0s	pos 0.00 0.00 0.00	yaw: 0.00	msg/s 0.0
INFO: 14-07-2022 16:02:25 printStatus(168) -- Drogno_0: connecting	battery: n.p.	kalman var: 0 0 0	 batterySag: 0	link quality: 0	flight time: 0s	pos 0.00 0.00 0.00	yaw: 0.00	msg/s 0.0
INFO: 14-07-2022 16:02:26 printStatus(168) -- Drogno_0: connecting	battery: n.p.	kalman var: 0 0 0	 batterySag: 0	link quality: 0	flight time: 0s	pos 0.00 0.00 0.00	yaw: 0.00	msg/s 0.0
INFO: 14-07-2022 16:02:27 printStatus(168) -- Drogno_0: connecting	battery: n.p.	kalman var: 0 0 0	 batterySag: 0	link quality: 0	flight time: 0s	pos 0.00 0.00 0.00	yaw: 0.00	msg/s 0.0
INFO: 14-07-2022 16:02:28 printStatus(168) -- Drogno_0: connecting	battery: n.p.	kalman var: 0 0 0	 batterySag: 0	link quality: 0	flight time: 0s	pos 0.00 0.00 0.00	yaw: 0.00	msg/s 0.0
INFO: 14-07-2022 16:02:30 printStatus(168) -- Drogno_0: connecting	battery: n.p.	kalman var: 0 0 0	 batterySag: 0	link quality: 0	flight time: 0s	pos 0.00 0.00 0.00	yaw: 0.00	msg/s 0.0
INFO: 14-07-2022 16:02:31 printStatus(168) -- Drogno_0: connecting	battery: n.p.	kalman var: 0 0 0	 batterySag: 0	link quality: 0	flight time: 0s	pos 0.00 0.00 0.00	yaw: 0.00	msg/s 0.0
INFO: 14-07-2022 16:02:32 printStatus(168) -- Drogno_0: connecting	battery: n.p.	kalman var: 0 0 0	 batterySag: 0	link quality: 0	flight time: 0s	pos 0.00 0.00 0.00	yaw: 0.00	msg/s 0.0
INFO: 14-07-2022 16:02:33 printStatus(168) -- Drogno_0: connecting	battery: n.p.	kalman var: 0 0 0	 batterySag: 0	link quality: 0	flight time: 0s	pos 0.00 0.00 0.00	yaw: 0.00	msg/s 0.0
INFO: 14-07-2022 16:02:34 printStatus(168) -- Drogno_0: connecting	battery: n.p.	kalman var: 0 0 0	 batterySag: 0	link quality: 0	flight time: 0s	pos 0.00 0.00 0.00	yaw: 0.00	msg/s 0.0
INFO: 14-07-2022 16:02:35 printStatus(168) -- Drogno_0: connecting	battery: n.p.	kalman var: 0 0 0	 batterySag: 0	link quality: 0	flight time: 0s	pos 0.00 0.00 0.00	yaw: 0.00	msg/s 0.0
INFO: 14-07-2022 16:02:37 printStatus(168) -- Drogno_0: connecting	battery: n.p.	kalman var: 0 0 0	 batterySag: 0	link quality: 0	flight time: 0s	pos 0.00 0.00 0.00	yaw: 0.00	msg/s 0.0
INFO: 14-07-2022 16:02:38 printStatus(168) -- Drogno_0: connecting	battery: n.p.	kalman var: 0 0 0	 batterySag: 0	link quality: 0	flight time: 0s	pos 0.00 0.00 0.00	yaw: 0.00	msg/s 0.0
INFO: 14-07-2022 16:02:39 printStatus(168) -- Drogno_0: connecting	battery: n.p.	kalman var: 0 0 0	 batterySag: 0	link quality: 0	flight time: 0s	pos 0.00 0.00 0.00	yaw: 0.00	msg/s 0.0
INFO: 14-07-2022 16:02:40 printStatus(168) -- Drogno_0: connecting	battery: n.p.	kalman var: 0 0 0	 batterySag: 0	link quality: 0	flight time: 0s	pos 0.00 0.00 0.00	yaw: 0.00	msg/s 0.0
INFO: 14-07-2022 16:02:41 printStatus(168) -- Drogno_0: connecting	battery: n.p.	kalman var: 0 0 0	 batterySag: 0	link quality: 0	flight time: 0s	pos 0.00 0.00 0.00	yaw: 0.00	msg/s 0.0
INFO: 14-07-2022 16:02:42 printStatus(168) -- Drogno_0: connecting	battery: n.p.	kalman var: 0 0 0	 batterySag: 0	link quality: 0	flight time: 0s	pos 0.00 0.00 0.00	yaw: 0.00	msg/s 0.0
INFO: 14-07-2022 16:02:44 printStatus(168) -- Drogno_0: connecting	battery: n.p.	kalman var: 0 0 0	 batterySag: 0	link quality: 0	flight time: 0s	pos 0.00 0.00 0.00	yaw: 0.00	msg/s 0.0
INFO: 14-07-2022 16:02:45 printStatus(168) -- Drogno_0: connecting	battery: n.p.	kalman var: 0 0 0	 batterySag: 0	link quality: 0	flight time: 0s	pos 0.00 0.00 0.00	yaw: 0.00	msg/s 0.0
INFO: 14-07-2022 16:02:46 printStatus(168) -- Drogno_0: connecting	battery: n.p.	kalman var: 0 0 0	 batterySag: 0	link quality: 0	flight time: 0s	pos 0.00 0.00 0.00	yaw: 0.00	msg/s 0.0
INFO: 14-07-2022 16:02:47 printStatus(168) -- Drogno_0: connecting	battery: n.p.	kalman var: 0 0 0	 batterySag: 0	link quality: 0	flight time: 0s	pos 0.00 0.00 0.00	yaw: 0.00	msg/s 0.0
INFO: 14-07-2022 16:02:48 printStatus(168) -- Drogno_0: connecting	battery: n.p.	kalman var: 0 0 0	 batterySag: 0	link quality: 0	flight time: 0s	pos 0.00 0.00 0.00	yaw: 0.00	msg/s 0.0
INFO: 14-07-2022 16:02:49 printStatus(168) -- Drogno_0: connecting	battery: n.p.	kalman var: 0 0 0	 batterySag: 0	link quality: 0	flight time: 0s	pos 0.00 0.00 0.00	yaw: 0.00	msg/s 0.0
INFO: 14-07-2022 16:02:51 printStatus(168) -- Drogno_0: connecting	battery: n.p.	kalman var: 0 0 0	 batterySag: 0	link quality: 0	flight time: 0s	pos 0.00 0.00 0.00	yaw: 0.00	msg/s 0.0
INFO: 14-07-2022 16:02:52 printStatus(168) -- Drogno_0: connecting	battery: n.p.	kalman var: 0 0 0	 batterySag: 0	link quality: 0	flight time: 0s	pos 0.00 0.00 0.00	yaw: 0.00	msg/s 0.0
INFO: 14-07-2022 16:02:53 printStatus(168) -- Drogno_0: connecting	battery: n.p.	kalman var: 0 0 0	 batterySag: 0	link quality: 0	flight time: 0s	pos 0.00 0.00 0.00	yaw: 0.00	msg/s 0.0
INFO: 14-07-2022 16:02:54 printStatus(168) -- Drogno_0: connecting	battery: n.p.	kalman var: 0 0 0	 batterySag: 0	link quality: 0	flight time: 0s	pos 0.00 0.00 0.00	yaw: 0.00	msg/s 0.0
INFO: 14-07-2022 16:02:55 printStatus(168) -- Drogno_0: connecting	battery: n.p.	kalman var: 0 0 0	 batterySag: 0	link quality: 0	flight time: 0s	pos 0.00 0.00 0.00	yaw: 0.00	msg/s 0.0
INFO: 14-07-2022 16:02:56 printStatus(168) -- Drogno_0: connecting	battery: n.p.	kalman var: 0 0 0	 batterySag: 0	link quality: 0	flight time: 0s	pos 0.00 0.00 0.00	yaw: 0.00	msg/s 0.0
INFO: 14-07-2022 16:02:58 printStatus(168) -- Drogno_0: connecting	battery: n.p.	kalman var: 0 0 0	 batterySag: 0	link quality: 0	flight time: 0s	pos 0.00 0.00 0.00	yaw: 0.00	msg/s 0.0
INFO: 14-07-2022 16:02:59 printStatus(168) -- Drogno_0: connecting	battery: n.p.	kalman var: 0 0 0	 batterySag: 0	link quality: 0	flight time: 0s	pos 0.00 0.00 0.00	yaw: 0.00	msg/s 0.0
INFO: 14-07-2022 16:03:00 printStatus(168) -- Drogno_0: connecting	battery: n.p.	kalman var: 0 0 0	 batterySag: 0	link quality: 0	flight time: 0s	pos 0.00 0.00 0.00	yaw: 0.00	msg/s 0.0
INFO: 14-07-2022 16:03:01 printStatus(168) -- Drogno_0: connecting	battery: n.p.	kalman var: 0 0 0	 batterySag: 0	link quality: 0	flight time: 0s	pos 0.00 0.00 0.00	yaw: 0.00	msg/s 0.0
INFO: 14-07-2022 16:03:02 printStatus(168) -- Drogno_0: connecting	battery: n.p.	kalman var: 0 0 0	 batterySag: 0	link quality: 0	flight time: 0s	pos 0.00 0.00 0.00	yaw: 0.00	msg/s 0.0
INFO: 14-07-2022 16:03:03 printStatus(168) -- Drogno_0: connecting	battery: n.p.	kalman var: 0 0 0	 batterySag: 0	link quality: 0	flight time: 0s	pos 0.00 0.00 0.00	yaw: 0.00	msg/s 0.0
INFO: 14-07-2022 16:03:05 printStatus(168) -- Drogno_0: connecting	battery: n.p.	kalman var: 0 0 0	 batterySag: 0	link quality: 0	flight time: 0s	pos 0.00 0.00 0.00	yaw: 0.00	msg/s 0.0
INFO: 14-07-2022 16:03:06 printStatus(168) -- Drogno_0: connecting	battery: n.p.	kalman var: 0 0 0	 batterySag: 0	link quality: 0	flight time: 0s	pos 0.00 0.00 0.00	yaw: 0.00	msg/s 0.0
INFO: 14-07-2022 16:03:07 printStatus(168) -- Drogno_0: connecting	battery: n.p.	kalman var: 0 0 0	 batterySag: 0	link quality: 0	flight time: 0s	pos 0.00 0.00 0.00	yaw: 0.00	msg/s 0.0
INFO: 14-07-2022 16:03:08 printStatus(168) -- Drogno_0: connecting	battery: n.p.	kalman var: 0 0 0	 batterySag: 0	link quality: 0	flight time: 0s	pos 0.00 0.00 0.00	yaw: 0.00	msg/s 0.0
INFO: 14-07-2022 16:03:09 printStatus(168) -- Drogno_0: connecting	battery: n.p.	kalman var: 0 0 0	 batterySag: 0	link quality: 0	flight time: 0s	pos 0.00 0.00 0.00	yaw: 0.00	msg/s 0.0
INFO: 14-07-2022 16:03:10 printStatus(168) -- Drogno_0: connecting	battery: n.p.	kalman var: 0 0 0	 batterySag: 0	link quality: 0	flight time: 0s	pos 0.00 0.00 0.00	yaw: 0.00	msg/s 0.0
INFO: 14-07-2022 16:03:12 printStatus(168) -- Drogno_0: connecting	battery: n.p.	kalman var: 0 0 0	 batterySag: 0	link quality: 0	flight time: 0s	pos 0.00 0.00 0.00	yaw: 0.00	msg/s 0.0
INFO: 14-07-2022 16:03:13 printStatus(168) -- Drogno_0: connecting	battery: n.p.	kalman var: 0 0 0	 batterySag: 0	link quality: 0	flight time: 0s	pos 0.00 0.00 0.00	yaw: 0.00	msg/s 0.0
INFO: 14-07-2022 16:03:14 printStatus(168) -- Drogno_0: connecting	battery: n.p.	kalman var: 0 0 0	 batterySag: 0	link quality: 0	flight time: 0s	pos 0.00 0.00 0.00	yaw: 0.00	msg/s 0.0
INFO: 14-07-2022 16:03:15 printStatus(168) -- Drogno_0: connecting	battery: n.p.	kalman var: 0 0 0	 batterySag: 0	link quality: 0	flight time: 0s	pos 0.00 0.00 0.00	yaw: 0.00	msg/s 0.0
INFO: 14-07-2022 16:03:16 printStatus(168) -- Drogno_0: connecting	battery: n.p.	kalman var: 0 0 0	 batterySag: 0	link quality: 0	flight time: 0s	pos 0.00 0.00 0.00	yaw: 0.00	msg/s 0.0
INFO: 14-07-2022 16:03:17 printStatus(168) -- Drogno_0: connecting	battery: n.p.	kalman var: 0 0 0	 batterySag: 0	link quality: 0	flight time: 0s	pos 0.00 0.00 0.00	yaw: 0.00	msg/s 0.0
INFO: 14-07-2022 16:03:18 printStatus(168) -- Drogno_0: connecting	battery: n.p.	kalman var: 0 0 0	 batterySag: 0	link quality: 0	flight time: 0s	pos 0.00 0.00 0.00	yaw: 0.00	msg/s 0.0
INFO: 14-07-2022 16:03:20 printStatus(168) -- Drogno_0: connecting	battery: n.p.	kalman var: 0 0 0	 batterySag: 0	link quality: 0	flight time: 0s	pos 0.00 0.00 0.00	yaw: 0.00	msg/s 0.0
INFO: 14-07-2022 16:03:21 printStatus(168) -- Drogno_0: connecting	battery: n.p.	kalman var: 0 0 0	 batterySag: 0	link quality: 0	flight time: 0s	pos 0.00 0.00 0.00	yaw: 0.00	msg/s 0.0
INFO: 14-07-2022 16:03:22 printStatus(168) -- Drogno_0: connecting	battery: n.p.	kalman var: 0 0 0	 batterySag: 0	link quality: 0	flight time: 0s	pos 0.00 0.00 0.00	yaw: 0.00	msg/s 0.0
INFO: 14-07-2022 16:03:23 printStatus(168) -- Drogno_0: connecting	battery: n.p.	kalman var: 0 0 0	 batterySag: 0	link quality: 0	flight time: 0s	pos 0.00 0.00 0.00	yaw: 0.00	msg/s 0.0
INFO: 14-07-2022 16:03:24 printStatus(168) -- Drogno_0: connecting	battery: n.p.	kalman var: 0 0 0	 batterySag: 0	link quality: 0	flight time: 0s	pos 0.00 0.00 -0.00	yaw: 0.00	msg/s 0.0
INFO: 14-07-2022 16:03:26 printStatus(168) -- Drogno_0: connecting	battery: n.p.	kalman var: 0 0 0	 batterySag: 0	link quality: 0	flight time: 0s	pos 0.00 0.00 -0.00	yaw: 0.00	msg/s 0.0
INFO: 14-07-2022 16:03:27 printStatus(168) -- Drogno_0: connecting	battery: n.p.	kalman var: 0 0 0	 batterySag: 0	link quality: 0	flight time: 0s	pos 0.00 0.00 -0.00	yaw: 0.00	msg/s 0.0
INFO: 14-07-2022 16:03:28 printStatus(168) -- Drogno_0: connecting	battery: n.p.	kalman var: 0 0 0	 batterySag: 0	link quality: 0	flight time: 0s	pos 0.00 0.00 -0.00	yaw: 0.00	msg/s 0.0
INFO: 14-07-2022 16:03:29 printStatus(168) -- Drogno_0: connecting	battery: n.p.	kalman var: 0 0 0	 batterySag: 0	link quality: 0	flight time: 0s	pos 0.00 0.00 -0.00	yaw: 0.00	msg/s 0.0
INFO: 14-07-2022 16:03:30 printStatus(168) -- Drogno_0: connecting	battery: n.p.	kalman var: 0 0 0	 batterySag: 0	link quality: 0	flight time: 0s	pos 0.00 0.00 -0.00	yaw: 0.00	msg/s 0.0
INFO: 14-07-2022 16:03:31 printStatus(168) -- Drogno_0: connecting	battery: n.p.	kalman var: 0 0 0	 batterySag: 0	link quality: 0	flight time: 0s	pos 0.00 0.00 -0.00	yaw: 0.00	msg/s 0.0
INFO: 14-07-2022 16:03:32 printStatus(168) -- Drogno_0: connecting	battery: n.p.	kalman var: 0 0 0	 batterySag: 0	link quality: 0	flight time: 0s	pos 0.00 0.00 -0.00	yaw: 0.00	msg/s 0.0
INFO: 14-07-2022 16:03:34 printStatus(168) -- Drogno_0: connecting	battery: n.p.	kalman var: 0 0 0	 batterySag: 0	link quality: 0	flight time: 0s	pos 0.00 0.00 -0.00	yaw: 0.00	msg/s 0.0
INFO: 14-07-2022 16:03:35 printStatus(168) -- Drogno_0: connecting	battery: n.p.	kalman var: 0 0 0	 batterySag: 0	link quality: 0	flight time: 0s	pos 0.00 0.00 -0.00	yaw: 0.00	msg/s 0.0
INFO: 14-07-2022 16:03:36 printStatus(168) -- Drogno_0: connecting	battery: n.p.	kalman var: 0 0 0	 batterySag: 0	link quality: 0	flight time: 0s	pos 0.00 0.00 -0.00	yaw: 0.00	msg/s 0.0
INFO: 14-07-2022 16:03:37 printStatus(168) -- Drogno_0: connecting	battery: n.p.	kalman var: 0 0 0	 batterySag: 0	link quality: 0	flight time: 0s	pos 0.00 0.00 -0.00	yaw: 0.00	msg/s 0.0
INFO: 14-07-2022 16:03:38 printStatus(168) -- Drogno_0: connecting	battery: n.p.	kalman var: 0 0 0	 batterySag: 0	link quality: 0	flight time: 0s	pos 0.00 0.00 -0.00	yaw: 0.00	msg/s 0.0
INFO: 14-07-2022 16:03:39 printStatus(168) -- Drogno_0: connecting	battery: n.p.	kalman var: 0 0 0	 batterySag: 0	link quality: 0	flight time: 0s	pos 0.00 0.00 -0.00	yaw: 0.00	msg/s 0.0
INFO: 14-07-2022 16:03:41 printStatus(168) -- Drogno_0: connecting	battery: n.p.	kalman var: 0 0 0	 batterySag: 0	link quality: 0	flight time: 0s	pos 0.00 0.00 -0.00	yaw: 0.00	msg/s 0.0
INFO: 14-07-2022 16:03:42 printStatus(168) -- Drogno_0: connecting	battery: n.p.	kalman var: 0 0 0	 batterySag: 0	link quality: 0	flight time: 0s	pos 0.00 0.00 -0.00	yaw: 0.00	msg/s 0.0
INFO: 14-07-2022 16:03:43 printStatus(168) -- Drogno_0: connecting	battery: n.p.	kalman var: 0 0 0	 batterySag: 0	link quality: 0	flight time: 0s	pos 0.00 0.00 -0.00	yaw: 0.00	msg/s 0.0
INFO: 14-07-2022 16:03:44 printStatus(168) -- Drogno_0: connecting	battery: n.p.	kalman var: 0 0 0	 batterySag: 0	link quality: 0	flight time: 0s	pos 0.00 0.00 -0.00	yaw: 0.00	msg/s 0.0
INFO: 14-07-2022 16:03:45 printStatus(168) -- Drogno_0: connecting	battery: n.p.	kalman var: 0 0 0	 batterySag: 0	link quality: 0	flight time: 0s	pos 0.00 0.00 -0.00	yaw: 0.00	msg/s 0.0
INFO: 14-07-2022 16:03:47 printStatus(168) -- Drogno_0: connecting	battery: n.p.	kalman var: 0 0 0	 batterySag: 0	link quality: 0	flight time: 0s	pos 0.00 0.00 -0.00	yaw: 0.00	msg/s 0.0
INFO: 14-07-2022 16:03:48 printStatus(168) -- Drogno_0: connecting	battery: n.p.	kalman var: 0 0 0	 batterySag: 0	link quality: 0	flight time: 0s	pos 0.00 0.00 -0.00	yaw: 0.00	msg/s 0.0
INFO: 14-07-2022 16:03:49 printStatus(168) -- Drogno_0: connecting	battery: n.p.	kalman var: 0 0 0	 batterySag: 0	link quality: 0	flight time: 0s	pos 0.00 0.00 -0.00	yaw: 0.00	msg/s 0.0
INFO: 14-07-2022 16:03:50 printStatus(168) -- Drogno_0: connecting	battery: n.p.	kalman var: 0 0 0	 batterySag: 0	link quality: 0	flight time: 0s	pos 0.00 0.00 -0.00	yaw: 0.00	msg/s 0.0
INFO: 14-07-2022 16:03:51 printStatus(168) -- Drogno_0: connecting	battery: n.p.	kalman var: 0 0 0	 batterySag: 0	link quality: 0	flight time: 0s	pos 0.00 0.00 -0.00	yaw: 0.00	msg/s 0.0
INFO: 14-07-2022 16:03:52 printStatus(168) -- Drogno_0: connecting	battery: n.p.	kalman var: 0 0 0	 batterySag: 0	link quality: 0	flight time: 0s	pos 0.00 0.00 -0.00	yaw: 0.00	msg/s 0.0
INFO: 14-07-2022 16:03:54 printStatus(168) -- Drogno_0: connecting	battery: n.p.	kalman var: 0 0 0	 batterySag: 0	link quality: 0	flight time: 0s	pos 0.00 0.00 -0.00	yaw: 0.00	msg/s 0.0
INFO: 14-07-2022 16:03:55 printStatus(168) -- Drogno_0: connecting	battery: n.p.	kalman var: 0 0 0	 batterySag: 0	link quality: 0	flight time: 0s	pos 0.00 0.00 -0.00	yaw: 0.00	msg/s 0.0
INFO: 14-07-2022 16:03:56 printStatus(168) -- Drogno_0: connecting	battery: n.p.	kalman var: 0 0 0	 batterySag: 0	link quality: 0	flight time: 0s	pos 0.00 0.00 -0.00	yaw: 0.00	msg/s 0.0
INFO: 14-07-2022 16:03:57 printStatus(168) -- Drogno_0: connecting	battery: n.p.	kalman var: 0 0 0	 batterySag: 0	link quality: 0	flight time: 0s	pos 0.00 0.00 -0.00	yaw: 0.00	msg/s 0.0
INFO: 14-07-2022 16:03:58 printStatus(168) -- Drogno_0: connecting	battery: n.p.	kalman var: 0 0 0	 batterySag: 0	link quality: 0	flight time: 0s	pos 0.00 0.00 -0.00	yaw: 0.00	msg/s 0.0
INFO: 14-07-2022 16:03:59 printStatus(168) -- Drogno_0: connecting	battery: n.p.	kalman var: 0 0 0	 batterySag: 0	link quality: 0	flight time: 0s	pos 0.00 0.00 -0.00	yaw: 0.00	msg/s 0.0
INFO: 14-07-2022 16:04:01 printStatus(168) -- Drogno_0: connecting	battery: n.p.	kalman var: 0 0 0	 batterySag: 0	link quality: 0	flight time: 0s	pos 0.00 0.00 -0.00	yaw: 0.00	msg/s 0.0
INFO: 14-07-2022 16:04:02 printStatus(168) -- Drogno_0: connecting	battery: n.p.	kalman var: 0 0 0	 batterySag: 0	link quality: 0	flight time: 0s	pos 0.00 0.00 -0.00	yaw: 0.00	msg/s 0.0
INFO: 14-07-2022 16:04:03 printStatus(168) -- Drogno_0: connecting	battery: n.p.	kalman var: 0 0 0	 batterySag: 0	link quality: 0	flight time: 0s	pos 0.00 0.00 -0.00	yaw: 0.00	msg/s 0.0
INFO: 14-07-2022 16:04:04 printStatus(168) -- Drogno_0: connecting	battery: n.p.	kalman var: 0 0 0	 batterySag: 0	link quality: 0	flight time: 0s	pos 0.00 0.00 -0.00	yaw: 0.00	msg/s 0.0
INFO: 14-07-2022 16:04:05 printStatus(168) -- Drogno_0: connecting	battery: n.p.	kalman var: 0 0 0	 batterySag: 0	link quality: 0	flight time: 0s	pos 0.00 0.00 -0.00	yaw: 0.00	msg/s 0.0
INFO: 14-07-2022 16:04:06 printStatus(168) -- Drogno_0: connecting	battery: n.p.	kalman var: 0 0 0	 batterySag: 0	link quality: 0	flight time: 0s	pos 0.00 0.00 -0.00	yaw: 0.00	msg/s 0.0
INFO: 14-07-2022 16:04:08 printStatus(168) -- Drogno_0: connecting	battery: n.p.	kalman var: 0 0 0	 batterySag: 0	link quality: 0	flight time: 0s	pos 0.00 0.00 -0.00	yaw: 0.00	msg/s 0.0
INFO: 14-07-2022 16:04:09 printStatus(168) -- Drogno_0: connecting	battery: n.p.	kalman var: 0 0 0	 batterySag: 0	link quality: 0	flight time: 0s	pos 0.00 0.00 -0.00	yaw: 0.00	msg/s 0.0
INFO: 14-07-2022 16:04:10 printStatus(168) -- Drogno_0: connecting	battery: n.p.	kalman var: 0 0 0	 batterySag: 0	link quality: 0	flight time: 0s	pos 0.00 0.00 -0.00	yaw: 0.00	msg/s 0.0
INFO: 14-07-2022 16:04:11 printStatus(168) -- Drogno_0: connecting	battery: n.p.	kalman var: 0 0 0	 batterySag: 0	link quality: 0	flight time: 0s	pos 0.00 0.00 -0.00	yaw: 0.00	msg/s 0.0
INFO: 14-07-2022 16:04:12 printStatus(168) -- Drogno_0: connecting	battery: n.p.	kalman var: 0 0 0	 batterySag: 0	link quality: 0	flight time: 0s	pos 0.00 0.00 -0.00	yaw: 0.00	msg/s 0.0
INFO: 14-07-2022 16:04:14 printStatus(168) -- Drogno_0: connecting	battery: n.p.	kalman var: 0 0 0	 batterySag: 0	link quality: 0	flight time: 0s	pos 0.00 0.00 -0.00	yaw: 0.00	msg/s 0.0
INFO: 14-07-2022 16:04:15 printStatus(168) -- Drogno_0: connecting	battery: n.p.	kalman var: 0 0 0	 batterySag: 0	link quality: 0	flight time: 0s	pos 0.00 0.00 -0.00	yaw: 0.00	msg/s 0.0
INFO: 14-07-2022 16:04:16 printStatus(168) -- Drogno_0: connecting	battery: n.p.	kalman var: 0 0 0	 batterySag: 0	link quality: 0	flight time: 0s	pos 0.00 0.00 -0.00	yaw: 0.00	msg/s 0.0
INFO: 14-07-2022 16:04:17 printStatus(168) -- Drogno_0: connecting	battery: n.p.	kalman var: 0 0 0	 batterySag: 0	link quality: 0	flight time: 0s	pos 0.00 0.00 -0.00	yaw: 0.00	msg/s 0.0
INFO: 14-07-2022 16:04:18 printStatus(168) -- Drogno_0: connecting	battery: n.p.	kalman var: 0 0 0	 batterySag: 0	link quality: 0	flight time: 0s	pos 0.00 0.00 -0.00	yaw: 0.00	msg/s 0.0
INFO: 14-07-2022 16:04:19 printStatus(168) -- Drogno_0: connecting	battery: n.p.	kalman var: 0 0 0	 batterySag: 0	link quality: 0	flight time: 0s	pos 0.00 0.00 -0.00	yaw: 0.00	msg/s 0.0
INFO: 14-07-2022 16:04:21 printStatus(168) -- Drogno_0: connecting	battery: n.p.	kalman var: 0 0 0	 batterySag: 0	link quality: 0	flight time: 0s	pos 0.00 0.00 -0.00	yaw: 0.00	msg/s 0.0
INFO: 14-07-2022 16:04:22 printStatus(168) -- Drogno_0: connecting	battery: n.p.	kalman var: 0 0 0	 batterySag: 0	link quality: 0	flight time: 0s	pos 0.00 0.00 -0.00	yaw: 0.00	msg/s 0.0
INFO: 14-07-2022 16:04:23 printStatus(168) -- Drogno_0: connecting	battery: n.p.	kalman var: 0 0 0	 batterySag: 0	link quality: 0	flight time: 0s	pos 0.00 0.00 -0.00	yaw: 0.00	msg/s 0.0
INFO: 14-07-2022 16:04:24 printStatus(168) -- Drogno_0: connecting	battery: n.p.	kalman var: 0 0 0	 batterySag: 0	link quality: 0	flight time: 0s	pos -0.00 0.00 -0.00	yaw: 0.00	msg/s 0.0
INFO: 14-07-2022 16:04:25 printStatus(168) -- Drogno_0: connecting	battery: n.p.	kalman var: 0 0 0	 batterySag: 0	link quality: 0	flight time: 0s	pos -0.00 0.00 -0.00	yaw: 0.00	msg/s 0.0
INFO: 14-07-2022 16:04:26 printStatus(168) -- Drogno_0: connecting	battery: n.p.	kalman var: 0 0 0	 batterySag: 0	link quality: 0	flight time: 0s	pos -0.00 0.00 -0.00	yaw: 0.00	msg/s 0.0
INFO: 14-07-2022 16:04:28 printStatus(168) -- Drogno_0: connecting	battery: n.p.	kalman var: 0 0 0	 batterySag: 0	link quality: 0	flight time: 0s	pos -0.00 0.00 -0.00	yaw: 0.00	msg/s 0.0
INFO: 14-07-2022 16:04:29 printStatus(168) -- Drogno_0: connecting	battery: n.p.	kalman var: 0 0 0	 batterySag: 0	link quality: 0	flight time: 0s	pos -0.00 0.00 -0.00	yaw: 0.00	msg/s 0.0
INFO: 14-07-2022 16:04:30 printStatus(168) -- Drogno_0: connecting	battery: n.p.	kalman var: 0 0 0	 batterySag: 0	link quality: 0	flight time: 0s	pos -0.00 0.00 -0.00	yaw: 0.00	msg/s 0.0
INFO: 14-07-2022 16:04:31 printStatus(168) -- Drogno_0: connecting	battery: n.p.	kalman var: 0 0 0	 batterySag: 0	link quality: 0	flight time: 0s	pos -0.00 0.00 -0.00	yaw: 0.00	msg/s 0.0
INFO: 14-07-2022 16:04:32 printStatus(168) -- Drogno_0: connecting	battery: n.p.	kalman var: 0 0 0	 batterySag: 0	link quality: 0	flight time: 0s	pos -0.00 0.00 -0.00	yaw: 0.00	msg/s 0.0
INFO: 14-07-2022 16:04:34 printStatus(168) -- Drogno_0: connecting	battery: n.p.	kalman var: 0 0 0	 batterySag: 0	link quality: 0	flight time: 0s	pos -0.00 0.00 -0.00	yaw: 0.00	msg/s 0.0
INFO: 14-07-2022 16:04:35 printStatus(168) -- Drogno_0: connecting	battery: n.p.	kalman var: 0 0 0	 batterySag: 0	link quality: 0	flight time: 0s	pos -0.00 0.00 -0.00	yaw: 0.00	msg/s 0.0
INFO: 14-07-2022 16:04:36 printStatus(168) -- Drogno_0: connecting	battery: n.p.	kalman var: 0 0 0	 batterySag: 0	link quality: 0	flight time: 0s	pos -0.00 0.00 -0.00	yaw: 0.00	msg/s 0.0
INFO: 14-07-2022 16:04:37 printStatus(168) -- Drogno_0: connecting	battery: n.p.	kalman var: 0 0 0	 batterySag: 0	link quality: 0	flight time: 0s	pos -0.00 0.00 -0.00	yaw: 0.00	msg/s 0.0
INFO: 14-07-2022 16:04:38 printStatus(168) -- Drogno_0: connecting	battery: n.p.	kalman var: 0 0 0	 batterySag: 0	link quality: 0	flight time: 0s	pos -0.00 0.00 -0.00	yaw: 0.00	msg/s 0.0
INFO: 14-07-2022 16:04:39 printStatus(168) -- Drogno_0: connecting	battery: n.p.	kalman var: 0 0 0	 batterySag: 0	link quality: 0	flight time: 0s	pos -0.00 0.00 -0.00	yaw: 0.00	msg/s 0.0
INFO: 14-07-2022 16:04:41 printStatus(168) -- Drogno_0: connecting	battery: n.p.	kalman var: 0 0 0	 batterySag: 0	link quality: 0	flight time: 0s	pos -0.00 0.00 -0.00	yaw: 0.00	msg/s 0.0
INFO: 14-07-2022 16:04:42 printStatus(168) -- Drogno_0: connecting	battery: n.p.	kalman var: 0 0 0	 batterySag: 0	link quality: 0	flight time: 0s	pos -0.00 0.00 -0.00	yaw: 0.00	msg/s 0.0
INFO: 14-07-2022 16:04:43 printStatus(168) -- Drogno_0: connecting	battery: n.p.	kalman var: 0 0 0	 batterySag: 0	link quality: 0	flight time: 0s	pos -0.00 0.00 -0.00	yaw: 0.00	msg/s 0.0
INFO: 14-07-2022 16:04:44 printStatus(168) -- Drogno_0: connecting	battery: n.p.	kalman var: 0 0 0	 batterySag: 0	link quality: 0	flight time: 0s	pos -0.00 0.00 -0.00	yaw: 0.00	msg/s 0.0
INFO: 14-07-2022 16:04:45 printStatus(168) -- Drogno_0: connecting	battery: n.p.	kalman var: 0 0 0	 batterySag: 0	link quality: 0	flight time: 0s	pos -0.00 0.00 -0.00	yaw: 0.00	msg/s 0.0
INFO: 14-07-2022 16:04:46 printStatus(168) -- Drogno_0: connecting	battery: n.p.	kalman var: 0 0 0	 batterySag: 0	link quality: 0	flight time: 0s	pos -0.00 0.00 -0.00	yaw: 0.00	msg/s 0.0
INFO: 14-07-2022 16:04:48 printStatus(168) -- Drogno_0: connecting	battery: n.p.	kalman var: 0 0 0	 batterySag: 0	link quality: 0	flight time: 0s	pos -0.00 0.00 -0.00	yaw: 0.00	msg/s 0.0
INFO: 14-07-2022 16:04:49 printStatus(168) -- Drogno_0: connecting	battery: n.p.	kalman var: 0 0 0	 batterySag: 0	link quality: 0	flight time: 0s	pos -0.00 0.00 -0.00	yaw: 0.00	msg/s 0.0
INFO: 14-07-2022 16:04:50 printStatus(168) -- Drogno_0: connecting	battery: n.p.	kalman var: 0 0 0	 batterySag: 0	link quality: 0	flight time: 0s	pos -0.00 0.00 -0.00	yaw: 0.00	msg/s 0.0
INFO: 14-07-2022 16:04:51 printStatus(168) -- Drogno_0: connecting	battery: n.p.	kalman var: 0 0 0	 batterySag: 0	link quality: 0	flight time: 0s	pos -0.00 0.00 -0.00	yaw: 0.00	msg/s 0.0
INFO: 14-07-2022 16:04:52 printStatus(168) -- Drogno_0: connecting	battery: n.p.	kalman var: 0 0 0	 batterySag: 0	link quality: 0	flight time: 0s	pos -0.00 0.00 -0.00	yaw: 0.00	msg/s 0.0
INFO: 14-07-2022 16:04:54 printStatus(168) -- Drogno_0: connecting	battery: n.p.	kalman var: 0 0 0	 batterySag: 0	link quality: 0	flight time: 0s	pos -0.00 0.00 -0.00	yaw: 0.00	msg/s 0.0
INFO: 14-07-2022 16:04:55 printStatus(168) -- Drogno_0: connecting	battery: n.p.	kalman var: 0 0 0	 batterySag: 0	link quality: 0	flight time: 0s	pos -0.00 0.00 -0.00	yaw: 0.00	msg/s 0.0
INFO: 14-07-2022 16:04:56 printStatus(168) -- Drogno_0: connecting	battery: n.p.	kalman var: 0 0 0	 batterySag: 0	link quality: 0	flight time: 0s	pos -0.00 0.00 -0.00	yaw: 0.00	msg/s 0.0
INFO: 14-07-2022 16:04:57 printStatus(168) -- Drogno_0: connecting	battery: n.p.	kalman var: 0 0 0	 batterySag: 0	link quality: 0	flight time: 0s	pos -0.00 0.00 -0.00	yaw: 0.00	msg/s 0.0
INFO: 14-07-2022 16:04:58 printStatus(168) -- Drogno_0: connecting	battery: n.p.	kalman var: 0 0 0	 batterySag: 0	link quality: 0	flight time: 0s	pos -0.00 0.00 -0.00	yaw: 0.00	msg/s 0.0
INFO: 14-07-2022 16:04:59 printStatus(168) -- Drogno_0: connecting	battery: n.p.	kalman var: 0 0 0	 batterySag: 0	link quality: 0	flight time: 0s	pos -0.00 0.00 -0.00	yaw: 0.00	msg/s 0.0
INFO: 14-07-2022 16:05:01 printStatus(168) -- Drogno_0: connecting	battery: n.p.	kalman var: 0 0 0	 batterySag: 0	link quality: 0	flight time: 0s	pos -0.00 0.00 -0.00	yaw: 0.00	msg/s 0.0
INFO: 14-07-2022 16:05:02 printStatus(168) -- Drogno_0: connecting	battery: n.p.	kalman var: 0 0 0	 batterySag: 0	link quality: 0	flight time: 0s	pos -0.00 0.00 -0.00	yaw: 0.00	msg/s 0.0
INFO: 14-07-2022 16:05:03 printStatus(168) -- Drogno_0: connecting	battery: n.p.	kalman var: 0 0 0	 batterySag: 0	link quality: 0	flight time: 0s	pos -0.00 0.00 -0.00	yaw: 0.00	msg/s 0.0
INFO: 14-07-2022 16:05:04 printStatus(168) -- Drogno_0: connecting	battery: n.p.	kalman var: 0 0 0	 batterySag: 0	link quality: 0	flight time: 0s	pos -0.00 0.00 -0.00	yaw: 0.00	msg/s 0.0
INFO: 14-07-2022 16:05:05 printStatus(168) -- Drogno_0: connecting	battery: n.p.	kalman var: 0 0 0	 batterySag: 0	link quality: 0	flight time: 0s	pos -0.00 0.00 -0.00	yaw: 0.00	msg/s 0.0
INFO: 14-07-2022 16:05:07 printStatus(168) -- Drogno_0: connecting	battery: n.p.	kalman var: 0 0 0	 batterySag: 0	link quality: 0	flight time: 0s	pos -0.00 0.00 -0.00	yaw: 0.00	msg/s 0.0
INFO: 14-07-2022 16:05:08 printStatus(168) -- Drogno_0: connecting	battery: n.p.	kalman var: 0 0 0	 batterySag: 0	link quality: 0	flight time: 0s	pos -0.00 0.00 -0.00	yaw: 0.00	msg/s 0.0
WARNING: 14-07-2022 16:05:08 exit(872) -- closing Drogno_0
