INFO: 11-10-2021 23:25:12 __init__(130) -- This is dronelog running on Drogno_3
INFO: 11-10-2021 23:25:13 printStatus(166) -- Started
INFO: 11-10-2021 23:25:14 printStatus(169) -- Drogno_3: connecting	battery: n.p.	kalman var: 0 0 0	 batterySag: 0	link quality: 0	flight time: 0s	pos 0.00 0.00 0.00	yaw: 0.00	msg/s 0.0
INFO: 11-10-2021 23:25:15 printStatus(169) -- Drogno_3: connecting	battery: n.p.	kalman var: 0 0 0	 batterySag: 0	link quality: 0	flight time: 0s	pos 0.00 0.00 0.00	yaw: 0.00	msg/s 0.0
INFO: 11-10-2021 23:25:16 printStatus(169) -- Drogno_3: connecting	battery: n.p.	kalman var: 0 0 0	 batterySag: 0	link quality: 0	flight time: 0s	pos 0.00 0.00 0.00	yaw: 0.00	msg/s 0.0
INFO: 11-10-2021 23:25:17 printStatus(169) -- Drogno_3: connecting	battery: n.p.	kalman var: 0 0 0	 batterySag: 0	link quality: 0	flight time: 0s	pos 0.00 0.00 0.00	yaw: 0.00	msg/s 0.0
INFO: 11-10-2021 23:25:18 printStatus(169) -- Drogno_3: connecting	battery: n.p.	kalman var: 0 0 0	 batterySag: 0	link quality: 0	flight time: 0s	pos 0.00 0.00 0.00	yaw: 0.00	msg/s 0.0
INFO: 11-10-2021 23:25:20 printStatus(169) -- Drogno_3: connecting	battery: n.p.	kalman var: 0 0 0	 batterySag: 0	link quality: 0	flight time: 0s	pos 0.00 0.00 0.00	yaw: 0.00	msg/s 0.0
INFO: 11-10-2021 23:25:21 printStatus(169) -- Drogno_3: connecting	battery: n.p.	kalman var: 0 0 0	 batterySag: 0	link quality: 0	flight time: 0s	pos 0.00 0.00 0.00	yaw: 0.00	msg/s 0.0
INFO: 11-10-2021 23:25:23 printStatus(169) -- Drogno_3: landed	battery: n.p.	kalman var: 0 0 0	 batterySag: 0	link quality: 0	flight time: 0s	pos 0.00 0.00 0.00	yaw: 0.00	msg/s 0.0
INFO: 11-10-2021 23:25:24 printStatus(169) -- Drogno_3: landed	battery: n.p.	kalman var: 0 0 0	 batterySag: 0	link quality: 0	flight time: 0s	pos 0.00 0.00 0.00	yaw: 0.00	msg/s 0.0
INFO: 11-10-2021 23:25:25 printStatus(169) -- Drogno_3: ready	battery: 4.16	kalman var: 0.0 0.0 0.0	 batterySag: 0.67	link quality: 65	flight time: 0s	pos 0.73 0.70 0.01	yaw: 3.12	msg/s 0.0
INFO: 11-10-2021 23:25:26 printStatus(169) -- Drogno_3: ready	battery: 4.16	kalman var: 0.001 0.001 0.0	 batterySag: 0.67	link quality: 63	flight time: 0s	pos 0.73 0.69 0.01	yaw: 2.73	msg/s 0.0
INFO: 11-10-2021 23:25:27 printStatus(169) -- Drogno_3: ready	battery: 4.16	kalman var: 0.0 0.0 0.0	 batterySag: 0.67	link quality: 63	flight time: 0s	pos 0.73 0.70 0.01	yaw: 2.79	msg/s 0.0
INFO: 11-10-2021 23:25:29 printStatus(169) -- Drogno_3: ready	battery: 4.16	kalman var: 0.0 0.0 0.0	 batterySag: 0.67	link quality: 65	flight time: 0s	pos 0.73 0.70 0.01	yaw: 2.79	msg/s 0.0
INFO: 11-10-2021 23:25:30 printStatus(169) -- Drogno_3: ready	battery: 4.16	kalman var: 0.0 0.0 0.0	 batterySag: 0.67	link quality: 64	flight time: 0s	pos 0.73 0.70 0.01	yaw: 2.77	msg/s 0.0
INFO: 11-10-2021 23:25:31 printStatus(169) -- Drogno_3: ready	battery: 4.16	kalman var: 0.0 0.0 0.0	 batterySag: 0.67	link quality: 64	flight time: 0s	pos 0.73 0.70 0.01	yaw: 2.82	msg/s 0.0
INFO: 11-10-2021 23:25:32 printStatus(169) -- Drogno_3: ready	battery: 4.16	kalman var: 0.0 0.0 0.0	 batterySag: 0.67	link quality: 64	flight time: 0s	pos 0.73 0.70 0.01	yaw: 2.85	msg/s 0.0
INFO: 11-10-2021 23:25:33 printStatus(169) -- Drogno_3: ready	battery: 4.16	kalman var: 0.0 0.0 0.0	 batterySag: 0.67	link quality: 64	flight time: 0s	pos 0.73 0.70 0.01	yaw: 2.84	msg/s 0.0
INFO: 11-10-2021 23:25:35 printStatus(169) -- Drogno_3: ready	battery: 4.16	kalman var: 0.0 0.0 0.0	 batterySag: 0.67	link quality: 63	flight time: 0s	pos 0.73 0.70 0.01	yaw: 2.91	msg/s 0.0
INFO: 11-10-2021 23:25:36 printStatus(169) -- Drogno_3: ready	battery: 4.16	kalman var: 0.0 0.0 0.0	 batterySag: 0.67	link quality: 64	flight time: 0s	pos 0.73 0.70 0.01	yaw: 2.88	msg/s 0.0
INFO: 11-10-2021 23:25:37 printStatus(169) -- Drogno_3: ready	battery: 4.16	kalman var: 0.001 0.001 0.001	 batterySag: 0.67	link quality: 62	flight time: 0s	pos 0.73 0.70 0.01	yaw: 2.90	msg/s 0.0
INFO: 11-10-2021 23:25:38 printStatus(169) -- Drogno_3: ready	battery: 4.16	kalman var: 0.0 0.0 0.0	 batterySag: 0.67	link quality: 69	flight time: 0s	pos 0.73 0.70 0.01	yaw: 2.74	msg/s 0.0
INFO: 11-10-2021 23:25:39 printStatus(169) -- Drogno_3: ready	battery: 4.16	kalman var: 0.0 0.0 0.0	 batterySag: 0.67	link quality: 72	flight time: 0s	pos 0.73 0.70 0.01	yaw: 2.73	msg/s 0.0
INFO: 11-10-2021 23:25:40 printStatus(169) -- Drogno_3: ready	battery: 4.16	kalman var: 0.0 0.0 0.0	 batterySag: 0.67	link quality: 72	flight time: 0s	pos 0.73 0.70 0.01	yaw: 2.73	msg/s 0.0
INFO: 11-10-2021 23:25:41 printStatus(169) -- Drogno_3: ready	battery: 4.16	kalman var: 0.0 0.0 0.0	 batterySag: 0.67	link quality: 81	flight time: 0s	pos 0.73 0.70 0.01	yaw: 2.73	msg/s 0.0
INFO: 11-10-2021 23:25:43 printStatus(169) -- Drogno_3: ready	battery: 4.16	kalman var: 0.0 0.0 0.0	 batterySag: 0.67	link quality: 64	flight time: 0s	pos 0.73 0.70 0.01	yaw: 2.79	msg/s 0.0
INFO: 11-10-2021 23:25:44 printStatus(169) -- Drogno_3: ready	battery: 4.16	kalman var: 0.0 0.0 0.0	 batterySag: 0.67	link quality: 63	flight time: 0s	pos 0.73 0.70 0.01	yaw: 2.83	msg/s 0.0
INFO: 11-10-2021 23:25:45 printStatus(169) -- Drogno_3: ready	battery: 4.16	kalman var: 0.0 0.0 0.0	 batterySag: 0.67	link quality: 64	flight time: 0s	pos 0.73 0.70 0.01	yaw: 2.85	msg/s 0.0
INFO: 11-10-2021 23:25:47 printStatus(169) -- Drogno_3: ready	battery: 4.16	kalman var: 0.0 0.0 0.0	 batterySag: 0.67	link quality: 63	flight time: 0s	pos 0.73 0.70 0.01	yaw: 2.86	msg/s 0.0
INFO: 11-10-2021 23:25:48 printStatus(169) -- Drogno_3: ready	battery: 4.16	kalman var: 0.0 0.0 0.0	 batterySag: 0.67	link quality: 65	flight time: 0s	pos 0.73 0.70 0.01	yaw: 2.82	msg/s 0.0
INFO: 11-10-2021 23:25:49 printStatus(169) -- Drogno_3: ready	battery: 4.16	kalman var: 0.0 0.0 0.0	 batterySag: 0.67	link quality: 60	flight time: 0s	pos 0.73 0.70 0.01	yaw: 2.83	msg/s 0.0
INFO: 11-10-2021 23:25:50 printStatus(169) -- Drogno_3: ready	battery: 4.16	kalman var: 0.0 0.0 0.0	 batterySag: 0.67	link quality: 67	flight time: 0s	pos 0.73 0.70 0.01	yaw: 2.84	msg/s 0.0
INFO: 11-10-2021 23:25:51 printStatus(169) -- Drogno_3: ready	battery: 4.16	kalman var: 0.0 0.0 0.0	 batterySag: 0.67	link quality: 66	flight time: 0s	pos 0.73 0.70 0.01	yaw: 2.86	msg/s 0.0
INFO: 11-10-2021 23:25:53 printStatus(169) -- Drogno_3: ready	battery: 4.16	kalman var: 0.001 0.001 0.001	 batterySag: 0.67	link quality: 66	flight time: 0s	pos 0.72 0.70 0.00	yaw: 2.75	msg/s 0.0
INFO: 11-10-2021 23:25:54 printStatus(169) -- Drogno_3: ready	battery: 4.16	kalman var: 0.0 0.0 0.0	 batterySag: 0.67	link quality: 80	flight time: 0s	pos 0.73 0.70 0.01	yaw: 2.86	msg/s 0.0
INFO: 11-10-2021 23:25:55 printStatus(169) -- Drogno_3: ready	battery: 4.16	kalman var: 0.0 0.0 0.0	 batterySag: 0.67	link quality: 67	flight time: 0s	pos 0.73 0.70 0.01	yaw: 2.83	msg/s 0.0
INFO: 11-10-2021 23:25:56 printStatus(169) -- Drogno_3: ready	battery: 4.16	kalman var: 0.0 0.0 0.0	 batterySag: 0.67	link quality: 69	flight time: 0s	pos 0.73 0.70 0.01	yaw: 2.84	msg/s 0.0
INFO: 11-10-2021 23:25:57 printStatus(169) -- Drogno_3: ready	battery: 4.16	kalman var: 0.0 0.0 0.0	 batterySag: 0.67	link quality: 70	flight time: 0s	pos 0.73 0.70 0.01	yaw: 2.89	msg/s 0.0
INFO: 11-10-2021 23:25:59 printStatus(169) -- Drogno_3: ready	battery: 4.16	kalman var: 0.0 0.0 0.0	 batterySag: 0.67	link quality: 72	flight time: 0s	pos 0.73 0.70 0.01	yaw: 2.83	msg/s 0.0
INFO: 11-10-2021 23:26:00 printStatus(169) -- Drogno_3: ready	battery: 4.16	kalman var: 0.0 0.0 0.0	 batterySag: 0.67	link quality: 63	flight time: 0s	pos 0.73 0.70 0.01	yaw: 2.87	msg/s 0.0
INFO: 11-10-2021 23:26:02 printStatus(169) -- Drogno_3: ready	battery: 4.16	kalman var: 0.0 0.0 0.0	 batterySag: 0.67	link quality: 64	flight time: 0s	pos 0.73 0.70 0.01	yaw: 2.88	msg/s 0.0
INFO: 11-10-2021 23:26:03 printStatus(169) -- Drogno_3: ready	battery: 4.16	kalman var: 0.0 0.0 0.0	 batterySag: 0.67	link quality: 65	flight time: 0s	pos 0.73 0.70 0.01	yaw: 2.85	msg/s 0.0
INFO: 11-10-2021 23:26:04 printStatus(169) -- Drogno_3: ready	battery: 4.16	kalman var: 0.0 0.0 0.0	 batterySag: 0.67	link quality: 65	flight time: 0s	pos 0.73 0.70 0.01	yaw: 2.81	msg/s 0.0
INFO: 11-10-2021 23:26:06 printStatus(169) -- Drogno_3: ready	battery: 4.16	kalman var: 0.0 0.0 0.0	 batterySag: 0.67	link quality: 64	flight time: 0s	pos 0.73 0.70 0.01	yaw: 2.84	msg/s 0.0
INFO: 11-10-2021 23:26:07 printStatus(169) -- Drogno_3: ready	battery: 4.16	kalman var: 0.0 0.0 0.0	 batterySag: 0.67	link quality: 65	flight time: 0s	pos 0.73 0.70 0.01	yaw: 2.85	msg/s 0.0
INFO: 11-10-2021 23:26:08 printStatus(169) -- Drogno_3: ready	battery: 4.16	kalman var: 0.0 0.0 0.0	 batterySag: 0.67	link quality: 65	flight time: 0s	pos 0.73 0.70 0.01	yaw: 2.90	msg/s 0.0
INFO: 11-10-2021 23:26:10 printStatus(169) -- Drogno_3: ready	battery: 4.16	kalman var: 0.0 0.0 0.0	 batterySag: 0.67	link quality: 63	flight time: 0s	pos 0.73 0.70 0.01	yaw: 2.84	msg/s 0.0
INFO: 11-10-2021 23:26:12 printStatus(169) -- Drogno_3: ready	battery: 4.16	kalman var: 0.0 0.0 0.0	 batterySag: 0.67	link quality: 63	flight time: 0s	pos 0.73 0.70 0.01	yaw: 2.83	msg/s 0.0
INFO: 11-10-2021 23:26:13 printStatus(169) -- Drogno_3: ready	battery: 4.16	kalman var: 0.001 0.001 0.001	 batterySag: 0.67	link quality: 64	flight time: 0s	pos 0.73 0.70 0.01	yaw: 2.79	msg/s 0.0
INFO: 11-10-2021 23:26:14 printStatus(169) -- Drogno_3: ready	battery: 4.16	kalman var: 0.0 0.0 0.0	 batterySag: 0.67	link quality: 65	flight time: 0s	pos 0.73 0.70 0.01	yaw: 2.86	msg/s 0.0
INFO: 11-10-2021 23:26:15 printStatus(169) -- Drogno_3: ready	battery: 4.16	kalman var: 0.0 0.0 0.0	 batterySag: 0.67	link quality: 65	flight time: 0s	pos 0.73 0.70 0.01	yaw: 2.85	msg/s 0.0
INFO: 11-10-2021 23:26:16 printStatus(169) -- Drogno_3: ready	battery: 4.16	kalman var: 0.0 0.0 0.0	 batterySag: 0.67	link quality: 64	flight time: 0s	pos 0.73 0.70 0.01	yaw: 2.84	msg/s 0.0
INFO: 11-10-2021 23:26:17 printStatus(169) -- Drogno_3: ready	battery: 4.16	kalman var: 0.0 0.0 0.0	 batterySag: 0.67	link quality: 65	flight time: 0s	pos 0.73 0.70 0.01	yaw: 2.86	msg/s 0.0
INFO: 11-10-2021 23:26:18 printStatus(169) -- Drogno_3: ready	battery: 4.16	kalman var: 0.0 0.0 0.0	 batterySag: 0.67	link quality: 64	flight time: 0s	pos 0.73 0.70 0.01	yaw: 2.81	msg/s 0.0
INFO: 11-10-2021 23:26:20 printStatus(169) -- Drogno_3: ready	battery: 4.16	kalman var: 0.0 0.0 0.0	 batterySag: 0.67	link quality: 65	flight time: 0s	pos 0.73 0.70 0.01	yaw: 2.82	msg/s 0.0
INFO: 11-10-2021 23:26:21 printStatus(169) -- Drogno_3: ready	battery: 4.16	kalman var: 0.0 0.0 0.0	 batterySag: 0.67	link quality: 65	flight time: 0s	pos 0.73 0.70 0.01	yaw: 2.84	msg/s 0.0
INFO: 11-10-2021 23:26:22 printStatus(169) -- Drogno_3: ready	battery: 4.16	kalman var: 0.0 0.0 0.001	 batterySag: 0.67	link quality: 64	flight time: 0s	pos 0.73 0.70 0.01	yaw: 2.81	msg/s 0.0
INFO: 11-10-2021 23:26:23 printStatus(169) -- Drogno_3: ready	battery: 4.16	kalman var: 0.0 0.0 0.0	 batterySag: 0.67	link quality: 65	flight time: 0s	pos 0.73 0.70 0.01	yaw: 2.84	msg/s 0.0
INFO: 11-10-2021 23:26:24 printStatus(169) -- Drogno_3: ready	battery: 4.16	kalman var: 0.0 0.0 0.0	 batterySag: 0.67	link quality: 64	flight time: 0s	pos 0.73 0.70 0.01	yaw: 2.83	msg/s 0.0
INFO: 11-10-2021 23:26:26 printStatus(169) -- Drogno_3: ready	battery: 4.16	kalman var: 0.001 0.001 0.001	 batterySag: 0.67	link quality: 64	flight time: 0s	pos 0.72 0.70 0.01	yaw: 2.81	msg/s 0.0
INFO: 11-10-2021 23:26:27 printStatus(169) -- Drogno_3: ready	battery: 4.16	kalman var: 0.0 0.0 0.0	 batterySag: 0.67	link quality: 64	flight time: 0s	pos 0.73 0.70 0.01	yaw: 2.89	msg/s 0.0
INFO: 11-10-2021 23:26:28 printStatus(169) -- Drogno_3: ready	battery: 4.16	kalman var: 0.0 0.0 0.0	 batterySag: 0.67	link quality: 64	flight time: 0s	pos 0.73 0.70 0.01	yaw: 2.81	msg/s 0.0
INFO: 11-10-2021 23:26:29 printStatus(169) -- Drogno_3: ready	battery: 4.16	kalman var: 0.0 0.0 0.0	 batterySag: 0.67	link quality: 63	flight time: 0s	pos 0.73 0.70 0.01	yaw: 2.89	msg/s 0.0
INFO: 11-10-2021 23:26:30 printStatus(169) -- Drogno_3: ready	battery: 4.16	kalman var: 0.0 0.0 0.0	 batterySag: 0.67	link quality: 65	flight time: 0s	pos 0.73 0.70 0.01	yaw: 2.84	msg/s 0.0
INFO: 11-10-2021 23:26:31 printStatus(169) -- Drogno_3: ready	battery: 4.16	kalman var: 0.001 0.001 0.001	 batterySag: 0.67	link quality: 65	flight time: 0s	pos 0.72 0.70 0.01	yaw: 2.74	msg/s 0.0
INFO: 11-10-2021 23:26:32 printStatus(169) -- Drogno_3: ready	battery: 4.16	kalman var: 0.0 0.0 0.0	 batterySag: 0.67	link quality: 65	flight time: 0s	pos 0.73 0.70 0.01	yaw: 2.81	msg/s 0.0
INFO: 11-10-2021 23:26:34 printStatus(169) -- Drogno_3: ready	battery: 4.16	kalman var: 0.0 0.0 0.0	 batterySag: 0.67	link quality: 65	flight time: 0s	pos 0.73 0.70 0.01	yaw: 2.88	msg/s 0.0
INFO: 11-10-2021 23:26:35 printStatus(169) -- Drogno_3: ready	battery: 4.16	kalman var: 0.0 0.0 0.0	 batterySag: 0.67	link quality: 66	flight time: 0s	pos 0.73 0.70 0.01	yaw: 2.87	msg/s 0.0
INFO: 11-10-2021 23:26:36 printStatus(169) -- Drogno_3: ready	battery: 4.16	kalman var: 0.0 0.0 0.0	 batterySag: 0.67	link quality: 65	flight time: 0s	pos 0.73 0.70 0.01	yaw: 2.91	msg/s 0.0
INFO: 11-10-2021 23:26:37 printStatus(169) -- Drogno_3: ready	battery: 4.16	kalman var: 0.0 0.0 0.0	 batterySag: 0.67	link quality: 64	flight time: 0s	pos 0.73 0.70 0.01	yaw: 2.85	msg/s 0.0
INFO: 11-10-2021 23:26:38 printStatus(169) -- Drogno_3: ready	battery: 4.16	kalman var: 0.0 0.0 0.0	 batterySag: 0.67	link quality: 65	flight time: 0s	pos 0.73 0.70 0.01	yaw: 2.87	msg/s 0.0
INFO: 11-10-2021 23:26:40 printStatus(169) -- Drogno_3: ready	battery: 4.16	kalman var: 0.0 0.0 0.0	 batterySag: 0.67	link quality: 65	flight time: 0s	pos 0.73 0.70 0.01	yaw: 2.81	msg/s 0.0
INFO: 11-10-2021 23:26:41 printStatus(169) -- Drogno_3: ready	battery: 4.16	kalman var: 0.0 0.0 0.0	 batterySag: 0.67	link quality: 64	flight time: 0s	pos 0.73 0.70 0.01	yaw: 2.82	msg/s 0.0
INFO: 11-10-2021 23:26:42 printStatus(169) -- Drogno_3: ready	battery: 4.16	kalman var: 0.0 0.0 0.0	 batterySag: 0.67	link quality: 64	flight time: 0s	pos 0.73 0.70 0.01	yaw: 2.86	msg/s 0.0
INFO: 11-10-2021 23:26:44 printStatus(169) -- Drogno_3: ready	battery: 4.16	kalman var: 0.0 0.0 0.0	 batterySag: 0.67	link quality: 65	flight time: 0s	pos 0.73 0.70 0.01	yaw: 2.85	msg/s 0.0
INFO: 11-10-2021 23:26:45 printStatus(169) -- Drogno_3: ready	battery: 4.16	kalman var: 0.0 0.0 0.0	 batterySag: 0.67	link quality: 65	flight time: 0s	pos 0.73 0.70 0.01	yaw: 2.85	msg/s 0.0
INFO: 11-10-2021 23:26:46 printStatus(169) -- Drogno_3: ready	battery: 4.16	kalman var: 0.0 0.0 0.0	 batterySag: 0.67	link quality: 65	flight time: 0s	pos 0.73 0.70 0.01	yaw: 2.83	msg/s 0.0
INFO: 11-10-2021 23:26:47 printStatus(169) -- Drogno_3: ready	battery: 4.16	kalman var: 0.0 0.0 0.0	 batterySag: 0.67	link quality: 66	flight time: 0s	pos 0.73 0.70 0.01	yaw: 2.79	msg/s 0.0
INFO: 11-10-2021 23:26:48 printStatus(169) -- Drogno_3: ready	battery: 4.16	kalman var: 0.0 0.0 0.0	 batterySag: 0.67	link quality: 65	flight time: 0s	pos 0.73 0.70 0.01	yaw: 2.84	msg/s 0.0
INFO: 11-10-2021 23:26:50 printStatus(169) -- Drogno_3: ready	battery: 4.16	kalman var: 0.0 0.0 0.0	 batterySag: 0.67	link quality: 65	flight time: 0s	pos 0.72 0.70 0.01	yaw: 2.78	msg/s 0.0
INFO: 11-10-2021 23:26:51 printStatus(169) -- Drogno_3: ready	battery: 4.16	kalman var: 0.0 0.0 0.0	 batterySag: 0.67	link quality: 65	flight time: 0s	pos 0.73 0.70 0.01	yaw: 2.80	msg/s 0.0
INFO: 11-10-2021 23:26:52 printStatus(169) -- Drogno_3: ready	battery: 4.16	kalman var: 0.0 0.0 0.0	 batterySag: 0.67	link quality: 65	flight time: 0s	pos 0.73 0.70 0.01	yaw: 2.84	msg/s 0.0
INFO: 11-10-2021 23:26:53 printStatus(169) -- Drogno_3: ready	battery: 4.15	kalman var: 0.0 0.0 0.0	 batterySag: 0.67	link quality: 64	flight time: 0s	pos 0.73 0.70 0.01	yaw: 2.87	msg/s 0.0
INFO: 11-10-2021 23:26:55 printStatus(169) -- Drogno_3: ready	battery: 4.16	kalman var: 0.0 0.0 0.001	 batterySag: 0.67	link quality: 65	flight time: 0s	pos 0.73 0.70 0.01	yaw: 2.83	msg/s 0.0
INFO: 11-10-2021 23:26:56 printStatus(169) -- Drogno_3: ready	battery: 4.16	kalman var: 0.0 0.0 0.0	 batterySag: 0.67	link quality: 65	flight time: 0s	pos 0.73 0.70 0.01	yaw: 2.88	msg/s 0.0
INFO: 11-10-2021 23:26:58 printStatus(169) -- Drogno_3: ready	battery: 3.86	kalman var: 0.0 0.0 0.0	 batterySag: 0.67	link quality: 65	flight time: 0s	pos 0.73 0.70 0.01	yaw: 2.36	msg/s 0.0
INFO: 11-10-2021 23:26:59 printStatus(169) -- Drogno_3: ready	battery: 3.77	kalman var: 0.001 0.001 0.001	 batterySag: 0.67	link quality: 67	flight time: 0s	pos 0.73 0.67 0.12	yaw: -7.20	msg/s 0.0
INFO: 11-10-2021 23:27:00 printStatus(169) -- Drogno_3: hovering	battery: 3.84	kalman var: 0.001 0.001 0.001	 batterySag: 0.67	link quality: 57	flight time: 2s	pos 0.74 0.70 0.73	yaw: -5.46	msg/s 5.5
INFO: 11-10-2021 23:27:02 printStatus(169) -- Drogno_3: hovering	battery: 3.74	kalman var: 0.002 0.002 0.001	 batterySag: 0.67	link quality: 66	flight time: 3s	pos 0.90 0.51 0.71	yaw: -5.11	msg/s 7.3
INFO: 11-10-2021 23:27:03 printStatus(169) -- Drogno_3: ready	battery: 3.78	kalman var: 0.001 0.001 0.001	 batterySag: 0.67	link quality: 66	flight time: 4s	pos 0.91 0.44 0.98	yaw: -2.13	msg/s 10.9
INFO: 11-10-2021 23:27:04 printStatus(169) -- Drogno_3: hovering	battery: 3.75	kalman var: 0.0 0.0 0.0	 batterySag: 0.67	link quality: 58	flight time: 5s	pos 0.89 0.40 0.96	yaw: -2.02	msg/s 3.6
INFO: 11-10-2021 23:27:05 printStatus(169) -- Drogno_3: hovering	battery: 3.76	kalman var: 0.0 0.0 0.0	 batterySag: 0.67	link quality: 61	flight time: 6s	pos 0.87 0.39 1.00	yaw: -1.21	msg/s 9.1
INFO: 11-10-2021 23:27:06 printStatus(169) -- Drogno_3: hovering	battery: 3.75	kalman var: 0.0 0.0 0.0	 batterySag: 0.67	link quality: 56	flight time: 7s	pos 0.85 0.37 1.01	yaw: -0.93	msg/s 7.3
INFO: 11-10-2021 23:27:08 printStatus(169) -- Drogno_3: hovering	battery: 3.74	kalman var: 0.0 0.0 0.0	 batterySag: 0.67	link quality: 57	flight time: 9s	pos 0.73 0.34 1.03	yaw: -1.07	msg/s 20.0
INFO: 11-10-2021 23:27:09 printStatus(169) -- Drogno_3: hovering	battery: 3.74	kalman var: 0.0 0.0 0.0	 batterySag: 0.67	link quality: 59	flight time: 10s	pos 0.59 0.33 1.04	yaw: -1.19	msg/s 16.4
INFO: 11-10-2021 23:27:10 printStatus(169) -- Drogno_3: hovering	battery: 3.72	kalman var: 0.0 0.0 0.0	 batterySag: 0.67	link quality: 62	flight time: 11s	pos 0.06 0.27 1.07	yaw: 0.41	msg/s 18.2
INFO: 11-10-2021 23:27:11 printStatus(169) -- Drogno_3: hovering	battery: 3.72	kalman var: 0.0 0.0 0.0	 batterySag: 0.67	link quality: 62	flight time: 12s	pos -0.34 0.19 1.09	yaw: 1.33	msg/s 16.4
INFO: 11-10-2021 23:27:12 printStatus(169) -- Drogno_3: hovering	battery: 3.71	kalman var: 0.001 0.001 0.001	 batterySag: 0.67	link quality: 57	flight time: 14s	pos -0.70 0.10 1.14	yaw: 4.41	msg/s 18.2
INFO: 11-10-2021 23:27:14 printStatus(169) -- Drogno_3: hovering	battery: 3.68	kalman var: 0.0 0.0 0.0	 batterySag: 0.67	link quality: 61	flight time: 15s	pos -0.75 -0.17 0.99	yaw: -10.34	msg/s 16.4
INFO: 11-10-2021 23:27:15 printStatus(169) -- Drogno_3: hovering	battery: 3.71	kalman var: 0.0 0.0 0.0	 batterySag: 0.67	link quality: 60	flight time: 16s	pos -0.75 -0.27 1.17	yaw: -2.03	msg/s 14.5
INFO: 11-10-2021 23:27:16 printStatus(169) -- Drogno_3: hovering	battery: 3.69	kalman var: 0.001 0.001 0.001	 batterySag: 0.67	link quality: 66	flight time: 17s	pos -0.70 -0.33 1.26	yaw: 0.07	msg/s 16.4
INFO: 11-10-2021 23:27:18 printStatus(169) -- Drogno_3: hovering	battery: 3.68	kalman var: 0.001 0.001 0.001	 batterySag: 0.67	link quality: 64	flight time: 19s	pos -0.68 -0.43 0.97	yaw: -0.11	msg/s 10.9
INFO: 11-10-2021 23:27:19 printStatus(169) -- Drogno_3: hovering	battery: 3.71	kalman var: 0.0 0.0 0.0	 batterySag: 0.67	link quality: 63	flight time: 20s	pos -0.51 -0.48 1.25	yaw: 1.20	msg/s 9.1
INFO: 11-10-2021 23:27:20 printStatus(169) -- Drogno_3: hovering	battery: 3.68	kalman var: 0.001 0.001 0.001	 batterySag: 0.67	link quality: 59	flight time: 21s	pos -0.46 -0.50 1.10	yaw: 0.25	msg/s 12.7
INFO: 11-10-2021 23:27:22 printStatus(169) -- Drogno_3: hovering	battery: 3.68	kalman var: 0.0 0.0 0.0	 batterySag: 0.67	link quality: 61	flight time: 22s	pos -0.24 -0.57 1.11	yaw: 0.56	msg/s 18.2
INFO: 11-10-2021 23:27:23 printStatus(169) -- Drogno_3: moving	battery: 3.66	kalman var: 0.0 0.0 0.0	 batterySag: 0.67	link quality: 66	flight time: 24s	pos 0.17 -0.51 1.11	yaw: -0.34	msg/s 14.5
INFO: 11-10-2021 23:27:24 printStatus(169) -- Drogno_3: hovering	battery: 3.67	kalman var: 0.0 0.0 0.0	 batterySag: 0.67	link quality: 68	flight time: 25s	pos 0.48 -0.04 1.12	yaw: -0.04	msg/s 12.7
INFO: 11-10-2021 23:27:25 printStatus(169) -- Drogno_3: hovering	battery: 3.67	kalman var: 0.0 0.0 0.0	 batterySag: 0.67	link quality: 65	flight time: 26s	pos 0.29 0.49 1.12	yaw: -0.55	msg/s 16.4
INFO: 11-10-2021 23:27:27 printStatus(169) -- Drogno_3: hovering	battery: 3.66	kalman var: 0.0 0.0 0.0	 batterySag: 0.67	link quality: 58	flight time: 28s	pos -1.12 0.38 1.12	yaw: 0.52	msg/s 16.4
INFO: 11-10-2021 23:27:29 printStatus(169) -- Drogno_3: ready	battery: 3.66	kalman var: 0.001 0.001 0.001	 batterySag: 0.67	link quality: 71	flight time: 29s	pos -0.34 -1.10 1.12	yaw: -0.01	msg/s 14.5
INFO: 11-10-2021 23:27:30 printStatus(169) -- Drogno_3: hovering	battery: 3.66	kalman var: 0.001 0.001 0.001	 batterySag: 0.67	link quality: 63	flight time: 31s	pos 0.35 -0.95 1.12	yaw: -0.38	msg/s 7.3
INFO: 11-10-2021 23:27:31 printStatus(169) -- Drogno_3: hovering	battery: 3.62	kalman var: 0.001 0.001 0.001	 batterySag: 0.67	link quality: 59	flight time: 32s	pos 0.78 -0.54 1.10	yaw: -0.02	msg/s 21.8
INFO: 11-10-2021 23:27:32 printStatus(169) -- Drogno_3: hovering	battery: 3.66	kalman var: 0.0 0.0 0.001	 batterySag: 0.67	link quality: 65	flight time: 34s	pos 0.62 -0.09 1.22	yaw: -1.64	msg/s 16.4
INFO: 11-10-2021 23:27:34 printStatus(169) -- Drogno_3: hovering	battery: 3.66	kalman var: 0.003 0.003 0.002	 batterySag: 0.67	link quality: 65	flight time: 35s	pos 0.59 -0.11 1.18	yaw: 1.31	msg/s 12.7
INFO: 11-10-2021 23:27:35 printStatus(169) -- Drogno_3: hovering	battery: 3.68	kalman var: 0.0 0.0 0.001	 batterySag: 0.67	link quality: 63	flight time: 36s	pos 0.51 -0.30 1.28	yaw: 1.01	msg/s 10.9
INFO: 11-10-2021 23:27:36 printStatus(169) -- Drogno_3: hovering	battery: 3.62	kalman var: 0.0 0.0 0.0	 batterySag: 0.67	link quality: 62	flight time: 37s	pos 0.22 -0.49 1.05	yaw: 1.34	msg/s 18.2
INFO: 11-10-2021 23:27:37 printStatus(169) -- Drogno_3: hovering	battery: 3.66	kalman var: 0.001 0.001 0.001	 batterySag: 0.67	link quality: 56	flight time: 38s	pos -0.13 -0.60 0.77	yaw: 1.26	msg/s 16.4
INFO: 11-10-2021 23:27:38 printStatus(169) -- Drogno_3: hovering	battery: 3.64	kalman var: 0.0 0.0 0.001	 batterySag: 0.67	link quality: 67	flight time: 40s	pos -0.34 -0.51 0.62	yaw: 7.13	msg/s 18.2
INFO: 11-10-2021 23:27:40 printStatus(169) -- Drogno_3: hovering	battery: 3.63	kalman var: 0.001 0.001 0.001	 batterySag: 0.67	link quality: 65	flight time: 41s	pos -0.49 -0.55 0.51	yaw: -2.14	msg/s 12.7
INFO: 11-10-2021 23:27:41 printStatus(169) -- Drogno_3: hovering	battery: 3.65	kalman var: 0.001 0.001 0.001	 batterySag: 0.67	link quality: 58	flight time: 42s	pos -0.56 -0.60 0.61	yaw: -2.02	msg/s 16.4
INFO: 11-10-2021 23:27:42 printStatus(169) -- Drogno_3: hovering	battery: 3.64	kalman var: 0.002 0.002 0.001	 batterySag: 0.67	link quality: 56	flight time: 43s	pos -1.06 -0.44 0.92	yaw: -1.09	msg/s 20.0
INFO: 11-10-2021 23:27:43 printStatus(169) -- Drogno_3: hovering	battery: 3.64	kalman var: 0.0 0.0 0.0	 batterySag: 0.67	link quality: 63	flight time: 44s	pos -1.29 -0.16 1.10	yaw: -0.88	msg/s 16.4
INFO: 11-10-2021 23:27:44 printStatus(169) -- Drogno_3: hovering	battery: 3.63	kalman var: 0.0 0.0 0.0	 batterySag: 0.67	link quality: 56	flight time: 45s	pos -1.35 0.29 1.21	yaw: -1.28	msg/s 16.4
INFO: 11-10-2021 23:27:46 printStatus(169) -- Drogno_3: hovering	battery: 3.63	kalman var: 0.0 0.0 0.0	 batterySag: 0.67	link quality: 63	flight time: 46s	pos -0.76 0.95 1.26	yaw: -0.41	msg/s 16.4
INFO: 11-10-2021 23:27:47 printStatus(169) -- Drogno_3: hovering	battery: 3.63	kalman var: 0.001 0.001 0.001	 batterySag: 0.67	link quality: 67	flight time: 48s	pos -0.30 1.33 1.25	yaw: -0.30	msg/s 16.4
INFO: 11-10-2021 23:27:48 printStatus(169) -- Drogno_3: hovering	battery: 3.62	kalman var: 0.001 0.001 0.001	 batterySag: 0.67	link quality: 63	flight time: 49s	pos 0.25 1.13 1.32	yaw: -0.40	msg/s 14.5
INFO: 11-10-2021 23:27:49 printStatus(169) -- Drogno_3: hovering	battery: 3.59	kalman var: 0.0 0.0 0.0	 batterySag: 0.67	link quality: 58	flight time: 51s	pos 0.48 0.66 1.56	yaw: 0.70	msg/s 16.4
INFO: 11-10-2021 23:27:51 printStatus(169) -- Drogno_3: hovering	battery: 3.63	kalman var: 0.0 0.0 0.0	 batterySag: 0.67	link quality: 67	flight time: 52s	pos 0.64 0.17 1.93	yaw: -0.15	msg/s 16.4
INFO: 11-10-2021 23:27:52 printStatus(169) -- Drogno_3: hovering	battery: 3.61	kalman var: 0.0 0.0 0.0	 batterySag: 0.67	link quality: 65	flight time: 53s	pos 0.41 -1.01 1.75	yaw: 1.42	msg/s 14.5
INFO: 11-10-2021 23:27:54 printStatus(169) -- Drogno_3: hovering	battery: 3.58	kalman var: 0.0 0.0 0.0	 batterySag: 0.67	link quality: 65	flight time: 54s	pos -0.10 -1.12 1.29	yaw: 5.55	msg/s 16.4
INFO: 11-10-2021 23:27:55 printStatus(169) -- Drogno_3: hovering	battery: 3.61	kalman var: 0.0 0.0 0.0	 batterySag: 0.67	link quality: 63	flight time: 56s	pos -0.82 -0.81 0.62	yaw: -1.31	msg/s 18.2
INFO: 11-10-2021 23:27:56 printStatus(169) -- Drogno_3: hovering	battery: 3.6	kalman var: 0.0 0.0 0.0	 batterySag: 0.67	link quality: 65	flight time: 57s	pos -1.08 -0.32 0.43	yaw: -2.29	msg/s 14.5
INFO: 11-10-2021 23:27:57 printStatus(169) -- Drogno_3: hovering	battery: 3.59	kalman var: 0.0 0.0 0.0	 batterySag: 0.67	link quality: 56	flight time: 58s	pos -1.06 0.36 0.47	yaw: -4.88	msg/s 16.4
INFO: 11-10-2021 23:27:59 printStatus(169) -- Drogno_3: hovering	battery: 3.58	kalman var: 0.0 0.0 0.0	 batterySag: 0.67	link quality: 67	flight time: 60s	pos -0.00 1.08 1.41	yaw: 0.16	msg/s 18.2
INFO: 11-10-2021 23:28:00 printStatus(169) -- Drogno_3: moving	battery: 3.61	kalman var: 0.0 0.0 0.001	 batterySag: 0.67	link quality: 58	flight time: 61s	pos 0.60 0.80 1.75	yaw: 0.61	msg/s 20.0
INFO: 11-10-2021 23:28:01 printStatus(169) -- Drogno_3: hovering	battery: 3.59	kalman var: 0.0 0.0 0.0	 batterySag: 0.67	link quality: 64	flight time: 62s	pos 0.96 0.34 1.63	yaw: 3.58	msg/s 21.8
INFO: 11-10-2021 23:28:02 printStatus(169) -- Drogno_3: hovering	battery: 3.6	kalman var: 0.001 0.001 0.001	 batterySag: 0.67	link quality: 58	flight time: 64s	pos 1.02 0.04 1.31	yaw: 0.75	msg/s 23.6
INFO: 11-10-2021 23:28:04 printStatus(169) -- Drogno_3: hovering	battery: 3.59	kalman var: 0.006 0.006 0.002	 batterySag: 0.67	link quality: 57	flight time: 65s	pos 1.00 0.50 1.12	yaw: 2.01	msg/s 23.6
INFO: 11-10-2021 23:28:05 printStatus(169) -- Drogno_3: moving	battery: 3.59	kalman var: 0.034 0.034 0.004	 batterySag: 0.67	link quality: 56	flight time: 66s	pos 0.94 0.83 1.32	yaw: 0.47	msg/s 27.3
INFO: 11-10-2021 23:28:06 printStatus(169) -- Drogno_3: hovering	battery: 3.6	kalman var: 0.005 0.005 0.002	 batterySag: 0.67	link quality: 58	flight time: 67s	pos 1.04 -0.41 1.23	yaw: -8.48	msg/s 21.8
INFO: 11-10-2021 23:28:08 printStatus(169) -- Drogno_3: hovering	battery: 3.6	kalman var: 0.0 0.0 0.0	 batterySag: 0.67	link quality: 58	flight time: 68s	pos 0.00 0.77 1.38	yaw: -0.81	msg/s 21.8
INFO: 11-10-2021 23:28:09 printStatus(169) -- Drogno_3: hovering	battery: 3.59	kalman var: 0.0 0.0 0.0	 batterySag: 0.67	link quality: 62	flight time: 70s	pos -0.47 0.84 1.38	yaw: 0.37	msg/s 25.5
INFO: 11-10-2021 23:28:10 printStatus(169) -- Drogno_3: hovering	battery: 3.58	kalman var: 0.0 0.0 0.0	 batterySag: 0.67	link quality: 59	flight time: 72s	pos -0.88 0.81 1.35	yaw: 0.02	msg/s 21.8
INFO: 11-10-2021 23:28:12 printStatus(169) -- Drogno_3: hovering	battery: 3.57	kalman var: 0.001 0.001 0.001	 batterySag: 0.67	link quality: 66	flight time: 73s	pos -1.66 0.93 1.15	yaw: -2.14	msg/s 23.6
INFO: 11-10-2021 23:28:13 printStatus(169) -- Drogno_3: hovering	battery: 3.57	kalman var: 0.001 0.0 0.001	 batterySag: 0.67	link quality: 62	flight time: 74s	pos -1.08 1.40 0.86	yaw: -0.57	msg/s 20.0
INFO: 11-10-2021 23:28:15 printStatus(169) -- Drogno_3: hovering	battery: 3.57	kalman var: 0.001 0.001 0.001	 batterySag: 0.67	link quality: 67	flight time: 75s	pos -0.22 1.34 0.98	yaw: 1.24	msg/s 23.6
INFO: 11-10-2021 23:28:16 printStatus(169) -- Drogno_3: ready	battery: 3.57	kalman var: 0.0 0.0 0.0	 batterySag: 0.67	link quality: 63	flight time: 77s	pos 0.70 0.61 1.53	yaw: 1.45	msg/s 21.8
INFO: 11-10-2021 23:28:18 printStatus(169) -- Drogno_3: hovering	battery: 3.57	kalman var: 0.001 0.001 0.001	 batterySag: 0.67	link quality: 66	flight time: 78s	pos 0.28 0.56 1.64	yaw: 1.13	msg/s 23.6
INFO: 11-10-2021 23:28:19 printStatus(169) -- Drogno_3: hovering	battery: 3.56	kalman var: 0.0 0.0 0.0	 batterySag: 0.67	link quality: 65	flight time: 80s	pos -0.05 0.46 1.77	yaw: 0.71	msg/s 21.8
INFO: 11-10-2021 23:28:20 printStatus(169) -- Drogno_3: hovering	battery: 3.56	kalman var: 0.001 0.001 0.001	 batterySag: 0.67	link quality: 58	flight time: 82s	pos -0.07 0.47 1.85	yaw: 0.79	msg/s 21.8
INFO: 11-10-2021 23:28:22 printStatus(169) -- Drogno_3: hovering	battery: 3.54	kalman var: 0.0 0.0 0.001	 batterySag: 0.67	link quality: 56	flight time: 83s	pos -0.10 0.44 1.85	yaw: 0.71	msg/s 21.8
INFO: 11-10-2021 23:28:23 printStatus(169) -- Drogno_3: moving	battery: 3.55	kalman var: 0.001 0.001 0.001	 batterySag: 0.67	link quality: 65	flight time: 84s	pos 0.18 0.38 1.92	yaw: 0.75	msg/s 27.3
INFO: 11-10-2021 23:28:24 printStatus(169) -- Drogno_3: hovering	battery: 3.56	kalman var: 0.001 0.001 0.001	 batterySag: 0.67	link quality: 67	flight time: 85s	pos 0.16 0.42 1.93	yaw: 0.78	msg/s 21.8
INFO: 11-10-2021 23:28:25 printStatus(169) -- Drogno_3: hovering	battery: 3.56	kalman var: 0.002 0.002 0.001	 batterySag: 0.67	link quality: 59	flight time: 86s	pos 0.15 0.43 1.93	yaw: 0.80	msg/s 21.8
INFO: 11-10-2021 23:28:27 printStatus(169) -- Drogno_3: moving	battery: 3.55	kalman var: 0.004 0.004 0.002	 batterySag: 0.67	link quality: 55	flight time: 88s	pos 0.14 0.46 1.93	yaw: 0.13	msg/s 23.6
INFO: 11-10-2021 23:28:29 printStatus(169) -- Drogno_3: ready	battery: 3.55	kalman var: 0.001 0.001 0.001	 batterySag: 0.67	link quality: 57	flight time: 89s	pos 0.15 0.44 1.91	yaw: 0.26	msg/s 21.8
INFO: 11-10-2021 23:28:31 printStatus(169) -- Drogno_3: ready	battery: 3.56	kalman var: 0.001 0.001 0.001	 batterySag: 0.67	link quality: 56	flight time: 91s	pos 0.16 0.42 1.89	yaw: 1.32	msg/s 21.8
INFO: 11-10-2021 23:28:33 printStatus(169) -- Drogno_3: ready	battery: 3.54	kalman var: 0.007 0.007 0.002	 batterySag: 0.67	link quality: 65	flight time: 93s	pos 0.14 0.45 1.92	yaw: 0.31	msg/s 34.5
WARNING: 11-10-2021 23:28:35 evaluateBattery(804) -- battery under 3.50v
INFO: 11-10-2021 23:28:35 printStatus(169) -- Drogno_3: ready	battery: 3.49	kalman var: 0.0 0.0 0.0	 batterySag: 0.67	link quality: 60	flight time: 93s	pos 0.16 0.43 0.25	yaw: 6.62	msg/s 41.8
WARNING: 11-10-2021 23:28:36 evaluateBattery(804) -- battery under 3.50v
INFO: 11-10-2021 23:28:37 printStatus(169) -- Drogno_3: ready	battery: 3.85	kalman var: 0.0 0.0 0.0	 batterySag: 0.67	link quality: 67	flight time: 93s	pos 0.15 0.41 0.01	yaw: -2.32	msg/s 43.6
INFO: 11-10-2021 23:28:38 printStatus(169) -- Drogno_3: ready	battery: 3.86	kalman var: 0.0 0.0 0.0	 batterySag: 0.67	link quality: 67	flight time: 93s	pos 0.15 0.41 0.01	yaw: -2.52	msg/s 43.6
INFO: 11-10-2021 23:28:40 printStatus(169) -- Drogno_3: ready	battery: 3.87	kalman var: 0.0 0.0 0.0	 batterySag: 0.67	link quality: 67	flight time: 93s	pos 0.15 0.41 0.01	yaw: -2.44	msg/s 0.0
INFO: 11-10-2021 23:28:41 printStatus(169) -- Drogno_3: ready	battery: 3.88	kalman var: 0.0 0.0 0.0	 batterySag: 0.67	link quality: 65	flight time: 93s	pos 0.15 0.41 0.01	yaw: -2.48	msg/s 0.0
WARNING: 11-10-2021 23:28:51 exit(859) -- closing Drogno_3
