INFO: 2021-10-09 18:42:55 __init__(134) -- This is dronelog running on Drogno_3
INFO: 2021-10-09 18:42:55 printStatus(172) -- Started
INFO: 2021-10-09 18:42:57 printStatus(175) -- Drogno_3: connecting		battery n.p.	pos 0.00 0.00 0.00	yaw: 0.00	msg/s 0.0	link quality: 0	kalman var: 0 0 0	flight time: 0s	 batterySag: 0
INFO: 2021-10-09 18:42:58 printStatus(175) -- Drogno_3: connecting		battery n.p.	pos 0.00 0.00 0.00	yaw: 0.00	msg/s 0.0	link quality: 0	kalman var: 0 0 0	flight time: 0s	 batterySag: 0
INFO: 2021-10-09 18:43:00 printStatus(175) -- Drogno_3: landed		battery n.p.	pos 0.00 0.00 0.00	yaw: 0.00	msg/s 0.0	link quality: 0	kalman var: 0 0 0	flight time: 0s	 batterySag: 0
INFO: 2021-10-09 18:43:01 printStatus(175) -- Drogno_3: landed		battery n.p.	pos 0.00 0.00 0.00	yaw: 0.00	msg/s 0.0	link quality: 0	kalman var: 0 0 0	flight time: 0s	 batterySag: 0
INFO: 2021-10-09 18:43:03 printStatus(175) -- Drogno_3: ready		battery 3.81	pos -0.15 -0.12 0.00	yaw: 4.59	msg/s 0.0	link quality: 41	kalman var: 0.001 0.001 0.0	flight time: 0s	 batterySag: 0.68115234375
INFO: 2021-10-09 18:43:04 printStatus(175) -- Drogno_3: ready		battery 3.81	pos -0.15 -0.12 0.00	yaw: 5.27	msg/s 0.0	link quality: 41	kalman var: 0.0 0.0 0.0	flight time: 0s	 batterySag: 0.68115234375
INFO: 2021-10-09 18:43:06 printStatus(175) -- Drogno_3: ready		battery 3.81	pos -0.15 -0.12 0.00	yaw: 5.35	msg/s 0.0	link quality: 40	kalman var: 0.0 0.0 0.0	flight time: 0s	 batterySag: 0.68115234375
INFO: 2021-10-09 18:43:08 printStatus(175) -- Drogno_3: ready		battery 3.51	pos -0.17 -0.12 0.01	yaw: 6.73	msg/s 0.0	link quality: 40	kalman var: 0.0 0.0 0.0	flight time: 0s	 batterySag: 0.68115234375
INFO: 2021-10-09 18:43:09 printStatus(175) -- Drogno_3: ready		battery 3.45	pos -0.14 -0.12 0.39	yaw: -2.06	msg/s 0.0	link quality: 36	kalman var: 0.0 0.0 0.0	flight time: 1s	 batterySag: 0.68115234375
INFO: 2021-10-09 18:43:11 printStatus(175) -- Drogno_3: ready		battery 3.43	pos -0.15 -0.13 0.86	yaw: -0.47	msg/s 0.0	link quality: 35	kalman var: 0.0 0.0 0.0	flight time: 2s	 batterySag: 0.68115234375
INFO: 2021-10-09 18:43:12 printStatus(175) -- Drogno_3: ready		battery 3.4	pos -0.12 -0.11 0.86	yaw: -0.63	msg/s 0.0	link quality: 35	kalman var: 0.0 0.0 0.0	flight time: 4s	 batterySag: 0.68115234375
INFO: 2021-10-09 18:43:14 printStatus(175) -- Drogno_3: ready		battery 3.4	pos -0.13 -0.11 0.86	yaw: -0.36	msg/s 0.0	link quality: 35	kalman var: 0.001 0.001 0.001	flight time: 5s	 batterySag: 0.68115234375
INFO: 2021-10-09 18:43:15 printStatus(175) -- Drogno_3: ready		battery 3.37	pos -0.16 -0.12 0.83	yaw: -0.03	msg/s 0.0	link quality: 35	kalman var: 0.0 0.0 0.0	flight time: 7s	 batterySag: 0.68115234375
INFO: 2021-10-09 18:43:17 printStatus(175) -- Drogno_3: ready		battery 3.37	pos -0.16 -0.12 0.83	yaw: 0.42	msg/s 14.666666666666666	link quality: 37	kalman var: 0.001 0.001 0.001	flight time: 8s	 batterySag: 0.68115234375
INFO: 2021-10-09 18:43:18 printStatus(175) -- Drogno_3: ready		battery 3.35	pos -0.16 -0.12 0.82	yaw: -0.07	msg/s 22.0	link quality: 39	kalman var: 0.0 0.0 0.0	flight time: 10s	 batterySag: 0.68115234375
INFO: 2021-10-09 18:43:20 printStatus(175) -- Drogno_3: ready		battery 3.35	pos -0.19 -0.14 0.81	yaw: 0.06	msg/s 22.0	link quality: 36	kalman var: 0.0 0.0 0.0	flight time: 12s	 batterySag: 0.68115234375
INFO: 2021-10-09 18:43:22 printStatus(175) -- Drogno_3: ready		battery 3.35	pos -0.16 -0.12 0.80	yaw: 0.05	msg/s 22.0	link quality: 39	kalman var: 0.0 0.0 0.0	flight time: 13s	 batterySag: 0.68115234375
INFO: 2021-10-09 18:43:23 printStatus(175) -- Drogno_3: stand by		battery 3.34	pos -0.14 -0.11 0.81	yaw: 0.20	msg/s 22.0	link quality: 35	kalman var: 0.0 0.0 0.0	flight time: 15s	 batterySag: 0.68115234375
INFO: 2021-10-09 18:43:25 printStatus(175) -- Drogno_3: landed		battery 3.34	pos -0.14 -0.11 0.81	yaw: 0.20	msg/s 45.333333333333336	link quality: 35	kalman var: 0.0 0.0 0.0	flight time: 15s	 batterySag: 0.68115234375
INFO: 2021-10-09 18:43:26 printStatus(175) -- Drogno_3: landed		battery 3.34	pos -0.14 -0.11 0.81	yaw: 0.20	msg/s 69.33333333333333	link quality: 35	kalman var: 0.0 0.0 0.0	flight time: 15s	 batterySag: 0.68115234375
INFO: 2021-10-09 18:43:28 printStatus(175) -- Drogno_3: landed		battery 3.34	pos -0.14 -0.11 0.81	yaw: 0.20	msg/s 92.66666666666667	link quality: 35	kalman var: 0.0 0.0 0.0	flight time: 15s	 batterySag: 0.68115234375
INFO: 2021-10-09 18:43:29 printStatus(175) -- Drogno_3: landed		battery 3.34	pos -0.14 -0.11 0.81	yaw: 0.20	msg/s 115.33333333333333	link quality: 35	kalman var: 0.0 0.0 0.0	flight time: 15s	 batterySag: 0.68115234375
INFO: 2021-10-09 18:43:31 printStatus(175) -- Drogno_3: landed		battery 3.34	pos -0.14 -0.11 0.81	yaw: 0.20	msg/s 139.33333333333334	link quality: 35	kalman var: 0.0 0.0 0.0	flight time: 15s	 batterySag: 0.68115234375
INFO: 2021-10-09 18:43:32 printStatus(175) -- Drogno_3: landed		battery 3.34	pos -0.14 -0.11 0.81	yaw: 0.20	msg/s 162.66666666666666	link quality: 35	kalman var: 0.0 0.0 0.0	flight time: 15s	 batterySag: 0.68115234375
INFO: 2021-10-09 18:43:34 printStatus(175) -- Drogno_3: landed		battery 3.34	pos -0.14 -0.11 0.81	yaw: 0.20	msg/s 186.66666666666666	link quality: 35	kalman var: 0.0 0.0 0.0	flight time: 15s	 batterySag: 0.68115234375
INFO: 2021-10-09 18:43:35 printStatus(175) -- Drogno_3: waking up		battery 3.34	pos -0.14 -0.11 0.81	yaw: 0.20	msg/s 210.0	link quality: 35	kalman var: 0.0 0.0 0.0	flight time: 15s	 batterySag: 0.68115234375
INFO: 2021-10-09 18:43:37 printStatus(175) -- Drogno_3: waking up		battery 3.34	pos -0.14 -0.11 0.81	yaw: 0.20	msg/s 234.0	link quality: 35	kalman var: 0.0 0.0 0.0	flight time: 15s	 batterySag: 0.68115234375
INFO: 2021-10-09 18:43:38 printStatus(175) -- Drogno_3: connecting		battery 3.34	pos -0.14 -0.11 0.81	yaw: 0.20	msg/s 257.3333333333333	link quality: 35	kalman var: 0.0 0.0 0.0	flight time: 15s	 batterySag: 0.68115234375
INFO: 2021-10-09 18:43:40 printStatus(175) -- Drogno_3: connecting		battery 3.34	pos -0.14 -0.11 0.81	yaw: 0.20	msg/s 280.0	link quality: 35	kalman var: 0.0 0.0 0.0	flight time: 15s	 batterySag: 0.68115234375
INFO: 2021-10-09 18:43:42 printStatus(175) -- Drogno_3: landed		battery 3.34	pos -0.14 -0.11 0.81	yaw: 0.20	msg/s 303.3333333333333	link quality: 35	kalman var: 0.0 0.0 0.0	flight time: 15s	 batterySag: 0.68115234375
INFO: 2021-10-09 18:43:43 printStatus(175) -- Drogno_3: sconnesso		battery 3.34	pos -0.15 -0.12 0.00	yaw: 0.20	msg/s 13.333333333333334	link quality: 35	kalman var: 0.0 0.0 0.0	flight time: 15s	 batterySag: 0.68115234375
