INFO: 15-07-2022 16:04:18 __init__(128) -- This is dronelog running on Drogno_0
INFO: 15-07-2022 16:04:19 printStatus(164) -- Started
INFO: 15-07-2022 16:04:40 printStatus(168) -- Drogno_0: out of BOX	battery: 4.13	kalman var: 0.368 0.368 0.006	 batterySag: 0.0	link quality: 35	flight time: 0s	pos -4.92 7.14 -0.30	yaw: -0.00	msg/s 0.0
INFO: 15-07-2022 16:04:42 printStatus(168) -- Drogno_0: out of BOX	battery: 4.13	kalman var: 0.542 0.542 0.007	 batterySag: 0.0	link quality: 35	flight time: 0s	pos -7.02 10.23 -0.42	yaw: 0.14	msg/s 0.0
INFO: 15-07-2022 16:04:43 printStatus(168) -- Drogno_0: out of BOX	battery: 4.13	kalman var: 0.757 0.757 0.008	 batterySag: 0.0	link quality: 35	flight time: 0s	pos -9.48 13.90 -0.56	yaw: 0.13	msg/s 0.0
INFO: 15-07-2022 16:04:44 printStatus(168) -- Drogno_0: out of BOX	battery: 4.13	kalman var: 1.013 1.013 0.01	 batterySag: 0.0	link quality: 35	flight time: 0s	pos -12.29 18.09 -0.72	yaw: 0.12	msg/s 0.0
INFO: 15-07-2022 16:04:45 printStatus(168) -- Drogno_0: out of BOX	battery: 4.13	kalman var: 1.314 1.314 0.011	 batterySag: 0.0	link quality: 35	flight time: 0s	pos -15.48 22.88 -0.90	yaw: 0.10	msg/s 0.0
INFO: 15-07-2022 16:04:46 printStatus(168) -- Drogno_0: out of BOX	battery: 4.13	kalman var: 1.598 1.598 0.012	 batterySag: 0.0	link quality: 35	flight time: 0s	pos -18.38 27.20 -1.06	yaw: -0.01	msg/s 0.0
INFO: 15-07-2022 16:04:47 printStatus(168) -- Drogno_0: out of BOX	battery: 4.13	kalman var: 2.066 2.066 0.013	 batterySag: 0.0	link quality: 35	flight time: 0s	pos -22.98 34.12 -1.32	yaw: 0.00	msg/s 0.0
INFO: 15-07-2022 16:04:48 printStatus(168) -- Drogno_0: out of BOX	battery: 4.13	kalman var: 2.562 2.562 0.014	 batterySag: 0.0	link quality: 35	flight time: 0s	pos -27.66 41.16 -1.59	yaw: 0.02	msg/s 0.0
INFO: 15-07-2022 16:04:49 printStatus(168) -- Drogno_0: out of BOX	battery: 4.13	kalman var: 3.078 3.078 0.015	 batterySag: 0.0	link quality: 35	flight time: 0s	pos -32.34 48.25 -1.86	yaw: 0.02	msg/s 0.0
INFO: 15-07-2022 16:04:50 printStatus(168) -- Drogno_0: out of BOX	battery: 4.13	kalman var: 3.709 3.709 0.017	 batterySag: 0.0	link quality: 35	flight time: 0s	pos -37.91 56.62 -2.18	yaw: 0.03	msg/s 0.0
INFO: 15-07-2022 16:04:52 printStatus(168) -- Drogno_0: out of BOX	battery: 4.13	kalman var: 4.285 4.285 0.018	 batterySag: 0.0	link quality: 35	flight time: 0s	pos -42.78 64.06 -2.46	yaw: 0.03	msg/s 0.0
INFO: 15-07-2022 16:04:53 printStatus(168) -- Drogno_0: out of BOX	battery: 4.13	kalman var: 4.984 4.984 0.019	 batterySag: 0.0	link quality: 35	flight time: 0s	pos -48.53 72.81 -2.80	yaw: 0.05	msg/s 0.0
INFO: 15-07-2022 16:04:54 printStatus(168) -- Drogno_0: out of BOX	battery: 4.13	kalman var: 5.828 5.828 0.02	 batterySag: 0.0	link quality: 35	flight time: 0s	pos -55.22 83.06 -3.20	yaw: 0.05	msg/s 0.0
INFO: 15-07-2022 16:04:55 printStatus(168) -- Drogno_0: out of BOX	battery: 4.13	kalman var: 6.672 6.672 0.021	 batterySag: 0.0	link quality: 35	flight time: 0s	pos -61.72 93.12 -3.58	yaw: 0.06	msg/s 0.0
INFO: 15-07-2022 16:04:56 printStatus(168) -- Drogno_0: out of BOX	battery: 4.13	kalman var: 0.002 0.002 0.001	 batterySag: 0.0	link quality: 35	flight time: 0s	pos -0.03 0.05 -0.00	yaw: 0.01	msg/s 0.0
INFO: 15-07-2022 16:04:57 printStatus(168) -- Drogno_0: BAD kalman	battery: 4.13	kalman var: 0.025 0.025 0.002	 batterySag: 0.0	link quality: 35	flight time: 0s	pos -0.36 0.57 -0.02	yaw: 0.02	msg/s 0.0
INFO: 15-07-2022 16:04:58 printStatus(168) -- Drogno_0: BAD kalman	battery: 4.13	kalman var: 0.082 0.082 0.003	 batterySag: 0.0	link quality: 35	flight time: 0s	pos -1.13 1.79 -0.07	yaw: 0.01	msg/s 0.0
INFO: 15-07-2022 16:05:00 printStatus(168) -- Drogno_0: out of BOX	battery: 4.13	kalman var: 0.173 0.173 0.004	 batterySag: 0.0	link quality: 35	flight time: 0s	pos -2.32 3.69 -0.15	yaw: 0.41	msg/s 0.0
INFO: 15-07-2022 16:05:01 printStatus(168) -- Drogno_0: out of BOX	battery: 4.13	kalman var: 0.292 0.292 0.005	 batterySag: 0.0	link quality: 35	flight time: 0s	pos -3.79 6.04 -0.25	yaw: 0.34	msg/s 0.0
INFO: 15-07-2022 16:05:02 printStatus(168) -- Drogno_0: out of BOX	battery: 4.13	kalman var: 0.448 0.448 0.007	 batterySag: 0.0	link quality: 35	flight time: 0s	pos -5.61 8.98 -0.36	yaw: 0.33	msg/s 0.0
INFO: 15-07-2022 16:05:03 printStatus(168) -- Drogno_0: out of BOX	battery: 4.13	kalman var: 0.659 0.659 0.008	 batterySag: 0.0	link quality: 35	flight time: 0s	pos -8.00 12.82 -0.52	yaw: 0.31	msg/s 0.0
INFO: 15-07-2022 16:05:04 printStatus(168) -- Drogno_0: out of BOX	battery: 4.13	kalman var: 0.897 0.897 0.009	 batterySag: 0.0	link quality: 35	flight time: 0s	pos -10.58 16.98 -0.68	yaw: 0.33	msg/s 0.0
INFO: 15-07-2022 16:05:05 printStatus(168) -- Drogno_0: out of BOX	battery: 4.13	kalman var: 1.18 1.18 0.01	 batterySag: 0.0	link quality: 35	flight time: 0s	pos -13.52 21.70 -0.86	yaw: 0.31	msg/s 0.0
INFO: 15-07-2022 16:05:06 printStatus(168) -- Drogno_0: out of BOX	battery: 4.13	kalman var: 1.51 1.51 0.012	 batterySag: 0.0	link quality: 35	flight time: 0s	pos -16.86 27.02 -1.07	yaw: 0.39	msg/s 0.0
INFO: 15-07-2022 16:05:08 printStatus(168) -- Drogno_0: out of BOX	battery: 4.13	kalman var: 1.886 1.886 0.013	 batterySag: 0.0	link quality: 35	flight time: 0s	pos -20.55 32.84 -1.28	yaw: 0.25	msg/s 0.0
INFO: 15-07-2022 16:05:09 printStatus(168) -- Drogno_0: out of BOX	battery: 4.13	kalman var: 2.359 2.359 0.014	 batterySag: 0.0	link quality: 35	flight time: 0s	pos -25.05 39.88 -1.54	yaw: 0.26	msg/s 0.0
INFO: 15-07-2022 16:05:10 printStatus(168) -- Drogno_0: out of BOX	battery: 4.13	kalman var: 2.805 2.805 0.015	 batterySag: 0.0	link quality: 35	flight time: 0s	pos -29.16 46.25 -1.78	yaw: 0.24	msg/s 0.0
INFO: 15-07-2022 16:05:11 printStatus(168) -- Drogno_0: out of BOX	battery: 4.13	kalman var: 3.449 3.449 0.017	 batterySag: 0.0	link quality: 35	flight time: 0s	pos -34.94 55.16 -2.10	yaw: 0.22	msg/s 0.0
INFO: 15-07-2022 16:05:12 printStatus(168) -- Drogno_0: out of BOX	battery: 4.13	kalman var: 4.008 4.008 0.018	 batterySag: 0.0	link quality: 35	flight time: 0s	pos -39.81 62.56 -2.38	yaw: 0.21	msg/s 0.0
INFO: 15-07-2022 16:05:13 printStatus(168) -- Drogno_0: out of BOX	battery: 4.13	kalman var: 4.746 4.746 0.019	 batterySag: 0.0	link quality: 35	flight time: 0s	pos -46.12 72.06 -2.72	yaw: 0.20	msg/s 0.0
INFO: 15-07-2022 16:05:14 printStatus(168) -- Drogno_0: out of BOX	battery: 4.13	kalman var: 5.484 5.484 0.02	 batterySag: 0.0	link quality: 35	flight time: 0s	pos -52.28 81.25 -3.05	yaw: 0.19	msg/s 0.0
INFO: 15-07-2022 16:05:15 printStatus(168) -- Drogno_0: out of BOX	battery: 4.13	kalman var: 6.375 6.375 0.022	 batterySag: 0.0	link quality: 35	flight time: 0s	pos -59.50 92.00 -3.44	yaw: 0.17	msg/s 0.0
INFO: 15-07-2022 16:05:17 printStatus(168) -- Drogno_0: out of BOX	battery: 4.13	kalman var: 7.02 7.02 0.024	 batterySag: 0.0	link quality: 35	flight time: 0s	pos -64.56 99.50 -3.71	yaw: 0.29	msg/s 0.0
INFO: 15-07-2022 16:05:18 printStatus(168) -- Drogno_0: BAD kalman	battery: 4.13	kalman var: 0.016 0.016 0.001	 batterySag: 0.0	link quality: 35	flight time: 0s	pos -0.32 0.28 -0.01	yaw: -0.01	msg/s 0.0
INFO: 15-07-2022 16:05:19 printStatus(168) -- Drogno_0: BAD kalman	battery: 4.13	kalman var: 0.069 0.069 0.003	 batterySag: 0.0	link quality: 35	flight time: 0s	pos -1.33 1.19 -0.05	yaw: -0.01	msg/s 0.0
INFO: 15-07-2022 16:05:20 printStatus(168) -- Drogno_0: out of BOX	battery: 4.13	kalman var: 0.146 0.146 0.004	 batterySag: 0.0	link quality: 35	flight time: 0s	pos -2.71 2.46 -0.11	yaw: 0.01	msg/s 0.0
INFO: 15-07-2022 16:05:21 printStatus(168) -- Drogno_0: out of BOX	battery: 4.13	kalman var: 0.254 0.254 0.005	 batterySag: 0.0	link quality: 35	flight time: 0s	pos -4.57 4.16 -0.19	yaw: 0.03	msg/s 0.0
INFO: 15-07-2022 16:05:22 printStatus(168) -- Drogno_0: out of BOX	battery: 4.13	kalman var: 0.383 0.383 0.006	 batterySag: 0.0	link quality: 35	flight time: 0s	pos -6.68 6.13 -0.28	yaw: 0.18	msg/s 0.0
INFO: 15-07-2022 16:05:23 printStatus(168) -- Drogno_0: out of BOX	battery: 4.13	kalman var: 0.58 0.58 0.007	 batterySag: 0.0	link quality: 35	flight time: 0s	pos -9.74 9.01 -0.42	yaw: 0.17	msg/s 0.0
INFO: 15-07-2022 16:05:24 printStatus(168) -- Drogno_0: out of BOX	battery: 4.13	kalman var: 0.8 0.8 0.009	 batterySag: 0.0	link quality: 35	flight time: 0s	pos -13.02 12.11 -0.56	yaw: 0.17	msg/s 0.0
INFO: 15-07-2022 16:05:25 printStatus(168) -- Drogno_0: out of BOX	battery: 4.13	kalman var: 1.092 1.092 0.01	 batterySag: 0.0	link quality: 35	flight time: 0s	pos -17.16 16.06 -0.74	yaw: 0.16	msg/s 0.0
INFO: 15-07-2022 16:05:27 printStatus(168) -- Drogno_0: out of BOX	battery: 4.13	kalman var: 1.376 1.376 0.011	 batterySag: 0.0	link quality: 35	flight time: 0s	pos -21.05 19.80 -0.92	yaw: 0.15	msg/s 0.0
INFO: 15-07-2022 16:05:28 printStatus(168) -- Drogno_0: out of BOX	battery: 4.13	kalman var: 1.804 1.804 0.012	 batterySag: 0.0	link quality: 35	flight time: 0s	pos -26.64 25.20 -1.17	yaw: 0.06	msg/s 0.0
INFO: 15-07-2022 16:05:29 printStatus(168) -- Drogno_0: out of BOX	battery: 4.13	kalman var: 2.225 2.225 0.013	 batterySag: 0.0	link quality: 35	flight time: 0s	pos -31.94 30.33 -1.41	yaw: 0.04	msg/s 0.0
INFO: 15-07-2022 16:05:30 printStatus(168) -- Drogno_0: out of BOX	battery: 4.13	kalman var: 2.654 2.654 0.014	 batterySag: 0.0	link quality: 35	flight time: 0s	pos -37.16 35.44 -1.64	yaw: 0.07	msg/s 0.0
INFO: 15-07-2022 16:05:31 printStatus(168) -- Drogno_0: out of BOX	battery: 4.13	kalman var: 3.18 3.18 0.016	 batterySag: 0.0	link quality: 35	flight time: 0s	pos -43.34 41.50 -1.92	yaw: 0.13	msg/s 0.0
INFO: 15-07-2022 16:05:32 printStatus(168) -- Drogno_0: out of BOX	battery: 4.13	kalman var: 3.875 3.875 0.017	 batterySag: 0.0	link quality: 35	flight time: 0s	pos -51.22 49.25 -2.28	yaw: 0.13	msg/s 0.0
INFO: 15-07-2022 16:05:33 printStatus(168) -- Drogno_0: out of BOX	battery: 4.13	kalman var: 4.473 4.473 0.018	 batterySag: 0.0	link quality: 35	flight time: 0s	pos -57.78 55.72 -2.57	yaw: 0.13	msg/s 0.0
INFO: 15-07-2022 16:05:34 printStatus(168) -- Drogno_0: out of BOX	battery: 4.13	kalman var: 5.125 5.125 0.02	 batterySag: 0.0	link quality: 35	flight time: 0s	pos -64.69 62.59 -2.88	yaw: 0.13	msg/s 0.0
INFO: 15-07-2022 16:05:36 printStatus(168) -- Drogno_0: out of BOX	battery: 4.13	kalman var: 6.047 6.047 0.021	 batterySag: 0.0	link quality: 35	flight time: 0s	pos -74.25 72.06 -3.30	yaw: 0.13	msg/s 0.0
INFO: 15-07-2022 16:05:37 printStatus(168) -- Drogno_0: out of BOX	battery: 4.13	kalman var: 6.914 6.914 0.022	 batterySag: 0.0	link quality: 35	flight time: 0s	pos -82.88 80.75 -3.69	yaw: 0.13	msg/s 0.0
INFO: 15-07-2022 16:05:38 printStatus(168) -- Drogno_0: out of BOX	battery: 4.13	kalman var: 7.852 7.852 0.023	 batterySag: 0.0	link quality: 35	flight time: 0s	pos -92.00 89.81 -4.10	yaw: 0.08	msg/s 0.0
INFO: 15-07-2022 16:05:39 printStatus(168) -- Drogno_0: out of BOX	battery: 4.13	kalman var: 0.001 0.001 0.0	 batterySag: 0.0	link quality: 35	flight time: 0s	pos -0.03 0.02 -0.00	yaw: 0.01	msg/s 0.0
INFO: 15-07-2022 16:05:40 printStatus(168) -- Drogno_0: BAD kalman	battery: 4.13	kalman var: 0.019 0.019 0.002	 batterySag: 0.0	link quality: 35	flight time: 0s	pos -0.38 0.35 -0.02	yaw: -0.06	msg/s 0.0
INFO: 15-07-2022 16:05:41 printStatus(168) -- Drogno_0: BAD kalman	battery: 4.13	kalman var: 0.076 0.076 0.003	 batterySag: 0.0	link quality: 35	flight time: 0s	pos -1.44 1.34 -0.07	yaw: -0.04	msg/s 0.0
INFO: 15-07-2022 16:05:42 printStatus(168) -- Drogno_0: out of BOX	battery: 4.13	kalman var: 0.146 0.146 0.004	 batterySag: 0.0	link quality: 35	flight time: 0s	pos -2.72 2.54 -0.12	yaw: -0.04	msg/s 0.0
INFO: 15-07-2022 16:05:44 printStatus(168) -- Drogno_0: out of BOX	battery: 4.13	kalman var: 0.268 0.268 0.005	 batterySag: 0.0	link quality: 35	flight time: 0s	pos -4.80 4.51 -0.21	yaw: -0.03	msg/s 0.0
INFO: 15-07-2022 16:05:45 printStatus(168) -- Drogno_0: out of BOX	battery: 4.13	kalman var: 0.416 0.416 0.006	 batterySag: 0.0	link quality: 35	flight time: 0s	pos -7.21 6.80 -0.32	yaw: -0.01	msg/s 0.0
INFO: 15-07-2022 16:05:46 printStatus(168) -- Drogno_0: out of BOX	battery: 4.13	kalman var: 0.601 0.601 0.008	 batterySag: 0.0	link quality: 35	flight time: 0s	pos -10.09 9.56 -0.45	yaw: -0.01	msg/s 0.0
INFO: 15-07-2022 16:05:47 printStatus(168) -- Drogno_0: out of BOX	battery: 4.13	kalman var: 0.827 0.827 0.009	 batterySag: 0.0	link quality: 35	flight time: 0s	pos -13.46 12.82 -0.60	yaw: 0.00	msg/s 0.0
INFO: 15-07-2022 16:05:48 printStatus(168) -- Drogno_0: out of BOX	battery: 4.13	kalman var: 1.124 1.124 0.01	 batterySag: 0.0	link quality: 35	flight time: 0s	pos -17.70 16.94 -0.79	yaw: 0.01	msg/s 0.0
INFO: 15-07-2022 16:05:49 printStatus(168) -- Drogno_0: out of BOX	battery: 4.13	kalman var: 1.441 1.441 0.011	 batterySag: 0.0	link quality: 35	flight time: 0s	pos -22.05 21.17 -0.98	yaw: 0.01	msg/s 0.0
INFO: 15-07-2022 16:05:50 printStatus(168) -- Drogno_0: out of BOX	battery: 4.13	kalman var: 1.848 1.848 0.012	 batterySag: 0.0	link quality: 35	flight time: 0s	pos -27.38 26.41 -1.22	yaw: 0.03	msg/s 0.0
INFO: 15-07-2022 16:05:52 printStatus(168) -- Drogno_0: out of BOX	battery: 4.13	kalman var: 2.273 2.273 0.014	 batterySag: 0.0	link quality: 35	flight time: 0s	pos -32.75 31.72 -1.46	yaw: 0.02	msg/s 0.0
INFO: 15-07-2022 16:05:53 printStatus(168) -- Drogno_0: out of BOX	battery: 4.13	kalman var: 2.797 2.797 0.015	 batterySag: 0.0	link quality: 35	flight time: 0s	pos -39.09 38.03 -1.74	yaw: 0.03	msg/s 0.0
INFO: 15-07-2022 16:05:54 printStatus(168) -- Drogno_0: out of BOX	battery: 4.13	kalman var: 3.289 3.289 0.016	 batterySag: 0.0	link quality: 35	flight time: 0s	pos -44.84 43.78 -2.00	yaw: 0.02	msg/s 0.0
INFO: 15-07-2022 16:05:55 printStatus(168) -- Drogno_0: out of BOX	battery: 4.13	kalman var: 3.887 3.887 0.018	 batterySag: 0.0	link quality: 35	flight time: 0s	pos -51.62 50.59 -2.31	yaw: 0.29	msg/s 0.0
INFO: 15-07-2022 16:05:56 printStatus(168) -- Drogno_0: out of BOX	battery: 4.13	kalman var: 4.605 4.605 0.018	 batterySag: 0.0	link quality: 35	flight time: 0s	pos -59.50 58.53 -2.66	yaw: -0.03	msg/s 0.0
INFO: 15-07-2022 16:05:57 printStatus(168) -- Drogno_0: out of BOX	battery: 4.13	kalman var: 5.27 5.27 0.02	 batterySag: 0.0	link quality: 35	flight time: 0s	pos -66.56 65.62 -2.98	yaw: -0.44	msg/s 0.0
INFO: 15-07-2022 16:05:58 printStatus(168) -- Drogno_0: out of BOX	battery: 4.13	kalman var: 6.141 6.141 0.021	 batterySag: 0.0	link quality: 35	flight time: 0s	pos -75.50 74.69 -3.38	yaw: -0.33	msg/s 0.0
INFO: 15-07-2022 16:05:59 printStatus(168) -- Drogno_0: out of BOX	battery: 4.13	kalman var: 7.098 7.098 0.022	 batterySag: 0.0	link quality: 35	flight time: 0s	pos -85.06 84.31 -3.81	yaw: -0.28	msg/s 0.0
INFO: 15-07-2022 16:06:00 printStatus(168) -- Drogno_0: out of BOX	battery: 4.13	kalman var: 8.039 8.039 0.023	 batterySag: 0.0	link quality: 35	flight time: 0s	pos -94.12 93.62 -4.22	yaw: -0.23	msg/s 0.0
INFO: 15-07-2022 16:06:02 printStatus(168) -- Drogno_0: out of BOX	battery: 4.13	kalman var: 0.003 0.003 0.001	 batterySag: 0.0	link quality: 35	flight time: 0s	pos -0.05 0.06 -0.00	yaw: 0.28	msg/s 0.0
INFO: 15-07-2022 16:06:03 printStatus(168) -- Drogno_0: BAD kalman	battery: 4.13	kalman var: 0.027 0.027 0.002	 batterySag: 0.0	link quality: 35	flight time: 0s	pos -0.43 0.58 -0.02	yaw: 0.50	msg/s 0.0
INFO: 15-07-2022 16:06:04 printStatus(168) -- Drogno_0: BAD kalman	battery: 4.13	kalman var: 0.079 0.079 0.003	 batterySag: 0.0	link quality: 35	flight time: 0s	pos -1.22 1.62 -0.07	yaw: 0.36	msg/s 0.0
INFO: 15-07-2022 16:06:05 printStatus(168) -- Drogno_0: out of BOX	battery: 4.13	kalman var: 0.161 0.161 0.004	 batterySag: 0.0	link quality: 35	flight time: 0s	pos -2.43 3.20 -0.13	yaw: 0.34	msg/s 0.0
INFO: 15-07-2022 16:06:06 printStatus(168) -- Drogno_0: out of BOX	battery: 4.13	kalman var: 0.287 0.287 0.005	 batterySag: 0.0	link quality: 35	flight time: 0s	pos -4.22 5.53 -0.22	yaw: 0.32	msg/s 0.0
INFO: 15-07-2022 16:06:07 printStatus(168) -- Drogno_0: out of BOX	battery: 4.13	kalman var: 0.424 0.424 0.007	 batterySag: 0.0	link quality: 35	flight time: 0s	pos -6.07 7.91 -0.30	yaw: 0.31	msg/s 0.0
INFO: 15-07-2022 16:06:08 printStatus(168) -- Drogno_0: out of BOX	battery: 4.13	kalman var: 0.651 0.651 0.008	 batterySag: 0.0	link quality: 35	flight time: 0s	pos -9.05 11.70 -0.45	yaw: 0.29	msg/s 0.0
INFO: 15-07-2022 16:06:10 printStatus(168) -- Drogno_0: out of BOX	battery: 4.13	kalman var: 0.888 0.888 0.009	 batterySag: 0.0	link quality: 35	flight time: 0s	pos -12.04 15.45 -0.59	yaw: 0.26	msg/s 0.0
INFO: 15-07-2022 16:06:11 printStatus(168) -- Drogno_0: out of BOX	battery: 4.13	kalman var: 1.166 1.166 0.01	 batterySag: 0.0	link quality: 35	flight time: 0s	pos -15.45 19.67 -0.75	yaw: 0.07	msg/s 0.0
INFO: 15-07-2022 16:06:12 printStatus(168) -- Drogno_0: out of BOX	battery: 4.13	kalman var: 1.494 1.494 0.011	 batterySag: 0.0	link quality: 35	flight time: 0s	pos -19.33 24.44 -0.93	yaw: 0.07	msg/s 0.0
INFO: 15-07-2022 16:06:13 printStatus(168) -- Drogno_0: out of BOX	battery: 4.13	kalman var: 1.908 1.908 0.013	 batterySag: 0.0	link quality: 35	flight time: 0s	pos -24.08 30.22 -1.14	yaw: 0.23	msg/s 0.0
INFO: 15-07-2022 16:06:14 printStatus(168) -- Drogno_0: out of BOX	battery: 4.13	kalman var: 2.297 2.297 0.014	 batterySag: 0.0	link quality: 35	flight time: 0s	pos -28.41 35.44 -1.34	yaw: 0.26	msg/s 0.0
INFO: 15-07-2022 16:06:15 printStatus(168) -- Drogno_0: out of BOX	battery: 4.13	kalman var: 2.828 2.828 0.015	 batterySag: 0.0	link quality: 35	flight time: 0s	pos -34.12 42.34 -1.61	yaw: 0.26	msg/s 0.0
INFO: 15-07-2022 16:06:16 printStatus(168) -- Drogno_0: out of BOX	battery: 4.13	kalman var: 3.271 3.271 0.016	 batterySag: 0.0	link quality: 35	flight time: 0s	pos -38.78 47.91 -1.82	yaw: 0.24	msg/s 0.0
INFO: 15-07-2022 16:06:17 printStatus(168) -- Drogno_0: out of BOX	battery: 4.13	kalman var: 3.92 3.92 0.018	 batterySag: 0.0	link quality: 35	flight time: 0s	pos -45.41 55.81 -2.12	yaw: 0.23	msg/s 0.0
INFO: 15-07-2022 16:06:19 printStatus(168) -- Drogno_0: out of BOX	battery: 4.13	kalman var: 4.648 4.648 0.019	 batterySag: 0.0	link quality: 35	flight time: 0s	pos -52.62 64.38 -2.44	yaw: 0.21	msg/s 0.0
INFO: 15-07-2022 16:06:20 printStatus(168) -- Drogno_0: out of BOX	battery: 4.13	kalman var: 5.527 5.527 0.02	 batterySag: 0.0	link quality: 35	flight time: 0s	pos -61.06 74.38 -2.81	yaw: 0.16	msg/s 0.0
INFO: 15-07-2022 16:06:21 printStatus(168) -- Drogno_0: out of BOX	battery: 4.13	kalman var: 6.34 6.34 0.021	 batterySag: 0.0	link quality: 35	flight time: 0s	pos -68.62 83.25 -3.14	yaw: 0.15	msg/s 0.0
INFO: 15-07-2022 16:06:22 printStatus(168) -- Drogno_0: out of BOX	battery: 4.13	kalman var: 7.23 7.23 0.023	 batterySag: 0.0	link quality: 35	flight time: 0s	pos -76.75 92.75 -3.50	yaw: 0.16	msg/s 0.0
INFO: 15-07-2022 16:06:23 printStatus(168) -- Drogno_0: out of BOX	battery: 4.13	kalman var: 0.001 0.001 0.0	 batterySag: 0.0	link quality: 35	flight time: 0s	pos -0.02 0.02 -0.00	yaw: 0.00	msg/s 0.0
INFO: 15-07-2022 16:06:24 printStatus(168) -- Drogno_0: BAD kalman	battery: 4.13	kalman var: 0.023 0.023 0.002	 batterySag: 0.0	link quality: 35	flight time: 0s	pos -0.45 0.42 -0.02	yaw: 0.08	msg/s 0.0
INFO: 15-07-2022 16:06:25 printStatus(168) -- Drogno_0: BAD kalman	battery: 4.13	kalman var: 0.077 0.077 0.003	 batterySag: 0.0	link quality: 35	flight time: 0s	pos -1.45 1.37 -0.06	yaw: 0.08	msg/s 0.0
INFO: 15-07-2022 16:06:27 printStatus(168) -- Drogno_0: out of BOX	battery: 4.13	kalman var: 0.158 0.158 0.004	 batterySag: 0.0	link quality: 35	flight time: 0s	pos -2.88 2.73 -0.12	yaw: 0.10	msg/s 0.0
INFO: 15-07-2022 16:06:28 printStatus(168) -- Drogno_0: out of BOX	battery: 4.13	kalman var: 0.272 0.272 0.005	 batterySag: 0.0	link quality: 35	flight time: 0s	pos -4.79 4.55 -0.21	yaw: -0.39	msg/s 0.0
INFO: 15-07-2022 16:06:29 printStatus(168) -- Drogno_0: out of BOX	battery: 4.13	kalman var: 0.404 0.404 0.006	 batterySag: 0.0	link quality: 35	flight time: 0s	pos -6.95 6.58 -0.30	yaw: -0.41	msg/s 0.0
INFO: 15-07-2022 16:06:30 printStatus(168) -- Drogno_0: out of BOX	battery: 4.13	kalman var: 0.625 0.625 0.008	 batterySag: 0.0	link quality: 35	flight time: 0s	pos -10.37 9.80 -0.45	yaw: -0.43	msg/s 0.0
INFO: 15-07-2022 16:06:31 printStatus(168) -- Drogno_0: out of BOX	battery: 4.13	kalman var: 0.904 0.904 0.009	 batterySag: 0.0	link quality: 35	flight time: 0s	pos -14.46 13.69 -0.63	yaw: -0.37	msg/s 0.0
INFO: 15-07-2022 16:06:32 printStatus(168) -- Drogno_0: out of BOX	battery: 4.13	kalman var: 1.186 1.186 0.01	 batterySag: 0.0	link quality: 35	flight time: 0s	pos -18.39 17.47 -0.80	yaw: -0.31	msg/s 0.0
INFO: 15-07-2022 16:06:33 printStatus(168) -- Drogno_0: out of BOX	battery: 4.13	kalman var: 1.484 1.484 0.011	 batterySag: 0.0	link quality: 35	flight time: 0s	pos -22.38 21.36 -0.98	yaw: -0.27	msg/s 0.0
INFO: 15-07-2022 16:06:35 printStatus(168) -- Drogno_0: out of BOX	battery: 4.13	kalman var: 1.896 1.896 0.013	 batterySag: 0.0	link quality: 35	flight time: 0s	pos -27.64 26.61 -1.21	yaw: -0.22	msg/s 0.0
INFO: 15-07-2022 16:06:36 printStatus(168) -- Drogno_0: out of BOX	battery: 4.13	kalman var: 2.326 2.326 0.014	 batterySag: 0.0	link quality: 35	flight time: 0s	pos -32.88 31.91 -1.44	yaw: 0.35	msg/s 0.0
INFO: 15-07-2022 16:06:37 printStatus(168) -- Drogno_0: out of BOX	battery: 4.13	kalman var: 2.861 2.861 0.015	 batterySag: 0.0	link quality: 35	flight time: 0s	pos -39.09 38.34 -1.71	yaw: 0.32	msg/s 0.0
INFO: 15-07-2022 16:06:38 printStatus(168) -- Drogno_0: out of BOX	battery: 4.13	kalman var: 3.412 3.412 0.016	 batterySag: 0.0	link quality: 35	flight time: 0s	pos -45.22 44.84 -1.99	yaw: 0.29	msg/s 0.0
INFO: 15-07-2022 16:06:39 printStatus(168) -- Drogno_0: out of BOX	battery: 4.13	kalman var: 4.078 4.078 0.017	 batterySag: 0.0	link quality: 35	flight time: 0s	pos -52.34 52.44 -2.31	yaw: 0.17	msg/s 0.0
INFO: 15-07-2022 16:06:40 printStatus(168) -- Drogno_0: out of BOX	battery: 4.13	kalman var: 4.566 4.566 0.018	 batterySag: 0.0	link quality: 35	flight time: 0s	pos -57.41 57.91 -2.54	yaw: 0.17	msg/s 0.0
INFO: 15-07-2022 16:06:41 printStatus(168) -- Drogno_0: out of BOX	battery: 4.13	kalman var: 5.504 5.504 0.02	 batterySag: 0.0	link quality: 35	flight time: 0s	pos -66.81 68.12 -2.98	yaw: 0.14	msg/s 0.0
INFO: 15-07-2022 16:06:42 printStatus(168) -- Drogno_0: out of BOX	battery: 4.13	kalman var: 6.312 6.312 0.021	 batterySag: 0.0	link quality: 35	flight time: 0s	pos -74.62 76.69 -3.34	yaw: 0.07	msg/s 0.0
INFO: 15-07-2022 16:06:44 printStatus(168) -- Drogno_0: out of BOX	battery: 4.13	kalman var: 7.035 7.035 0.022	 batterySag: 0.0	link quality: 35	flight time: 0s	pos -81.38 84.12 -3.66	yaw: -0.01	msg/s 0.0
INFO: 15-07-2022 16:06:45 printStatus(168) -- Drogno_0: out of BOX	battery: 4.13	kalman var: 8.164 8.164 0.023	 batterySag: 0.0	link quality: 35	flight time: 0s	pos -91.62 95.56 -4.14	yaw: -0.01	msg/s 0.0
INFO: 15-07-2022 16:06:46 printStatus(168) -- Drogno_0: out of BOX	battery: 4.13	kalman var: 0.005 0.005 0.001	 batterySag: 0.0	link quality: 35	flight time: 0s	pos -0.09 0.10 -0.00	yaw: 0.59	msg/s 0.0
INFO: 15-07-2022 16:06:47 printStatus(168) -- Drogno_0: BAD kalman	battery: 4.13	kalman var: 0.03 0.03 0.002	 batterySag: 0.0	link quality: 35	flight time: 0s	pos -0.50 0.62 -0.02	yaw: -0.07	msg/s 0.0
