INFO: 11-10-2021 23:45:40 __init__(130) -- This is dronelog running on Drogno_6
INFO: 11-10-2021 23:45:41 printStatus(166) -- Started
INFO: 11-10-2021 23:45:42 printStatus(169) -- Drogno_6: connecting	battery: n.p.	kalman var: 0 0 0	 batterySag: 0	link quality: 0	flight time: 0s	pos 0.00 0.00 0.00	yaw: 0.00	msg/s 0.0
INFO: 11-10-2021 23:45:43 printStatus(169) -- Drogno_6: connecting	battery: n.p.	kalman var: 0 0 0	 batterySag: 0	link quality: 0	flight time: 0s	pos 0.00 0.00 0.00	yaw: 0.00	msg/s 0.0
INFO: 11-10-2021 23:45:44 printStatus(169) -- Drogno_6: connecting	battery: n.p.	kalman var: 0 0 0	 batterySag: 0	link quality: 0	flight time: 0s	pos 0.00 0.00 0.00	yaw: 0.00	msg/s 0.0
INFO: 11-10-2021 23:45:45 printStatus(169) -- Drogno_6: connecting	battery: n.p.	kalman var: 0 0 0	 batterySag: 0	link quality: 0	flight time: 0s	pos 0.00 0.00 0.00	yaw: 0.00	msg/s 0.0
INFO: 11-10-2021 23:45:47 printStatus(169) -- Drogno_6: landed	battery: n.p.	kalman var: 0 0 0	 batterySag: 0	link quality: 0	flight time: 0s	pos 0.00 0.00 0.00	yaw: 0.00	msg/s 0.0
INFO: 11-10-2021 23:45:49 printStatus(169) -- Drogno_6: landed	battery: n.p.	kalman var: 0 0 0	 batterySag: 0	link quality: 0	flight time: 0s	pos 0.00 0.00 0.00	yaw: 0.00	msg/s 0.0
INFO: 11-10-2021 23:45:50 printStatus(169) -- Drogno_6: ready	battery: 4.15	kalman var: 0.002 0.002 0.001	 batterySag: 0.781	link quality: 66	flight time: 0s	pos 0.19 -0.85 -0.02	yaw: 0.09	msg/s 0.0
INFO: 11-10-2021 23:45:51 printStatus(169) -- Drogno_6: ready	battery: 4.16	kalman var: 0.002 0.002 0.001	 batterySag: 0.781	link quality: 71	flight time: 0s	pos 0.18 -0.85 -0.03	yaw: 0.01	msg/s 0.0
INFO: 11-10-2021 23:45:52 printStatus(169) -- Drogno_6: ready	battery: 4.16	kalman var: 0.001 0.001 0.001	 batterySag: 0.781	link quality: 63	flight time: 0s	pos 0.18 -0.85 -0.03	yaw: 0.04	msg/s 0.0
INFO: 11-10-2021 23:45:54 printStatus(169) -- Drogno_6: ready	battery: 4.16	kalman var: 0.001 0.001 0.001	 batterySag: 0.781	link quality: 67	flight time: 0s	pos 0.18 -0.85 -0.03	yaw: 0.06	msg/s 0.0
INFO: 11-10-2021 23:45:55 printStatus(169) -- Drogno_6: ready	battery: 4.16	kalman var: 0.001 0.001 0.001	 batterySag: 0.781	link quality: 65	flight time: 0s	pos 0.18 -0.85 -0.03	yaw: 0.04	msg/s 0.0
INFO: 11-10-2021 23:45:56 printStatus(169) -- Drogno_6: ready	battery: 4.16	kalman var: 0.001 0.001 0.001	 batterySag: 0.781	link quality: 65	flight time: 0s	pos 0.18 -0.85 -0.03	yaw: 0.05	msg/s 0.0
INFO: 11-10-2021 23:45:58 printStatus(169) -- Drogno_6: ready	battery: 4.16	kalman var: 0.001 0.001 0.001	 batterySag: 0.781	link quality: 65	flight time: 0s	pos 0.18 -0.85 -0.03	yaw: 0.05	msg/s 0.0
INFO: 11-10-2021 23:45:59 printStatus(169) -- Drogno_6: ready	battery: 4.16	kalman var: 0.001 0.001 0.001	 batterySag: 0.781	link quality: 64	flight time: 0s	pos 0.18 -0.85 -0.03	yaw: 0.04	msg/s 0.0
INFO: 11-10-2021 23:46:00 printStatus(169) -- Drogno_6: ready	battery: 4.16	kalman var: 0.001 0.001 0.001	 batterySag: 0.781	link quality: 68	flight time: 0s	pos 0.18 -0.85 -0.03	yaw: 0.04	msg/s 0.0
INFO: 11-10-2021 23:46:02 printStatus(169) -- Drogno_6: ready	battery: 4.16	kalman var: 0.001 0.001 0.001	 batterySag: 0.781	link quality: 64	flight time: 0s	pos 0.18 -0.85 -0.03	yaw: 0.06	msg/s 0.0
INFO: 11-10-2021 23:46:03 printStatus(169) -- Drogno_6: ready	battery: 4.16	kalman var: 0.001 0.001 0.001	 batterySag: 0.781	link quality: 65	flight time: 0s	pos 0.18 -0.85 -0.03	yaw: 0.06	msg/s 0.0
INFO: 11-10-2021 23:46:04 printStatus(169) -- Drogno_6: ready	battery: 4.16	kalman var: 0.001 0.001 0.001	 batterySag: 0.781	link quality: 65	flight time: 0s	pos 0.18 -0.85 -0.03	yaw: 0.06	msg/s 0.0
INFO: 11-10-2021 23:46:06 printStatus(169) -- Drogno_6: ready	battery: 4.16	kalman var: 0.0 0.0 0.0	 batterySag: 0.781	link quality: 67	flight time: 0s	pos 0.18 -0.85 -0.03	yaw: 0.05	msg/s 0.0
INFO: 11-10-2021 23:46:07 printStatus(169) -- Drogno_6: ready	battery: 4.16	kalman var: 0.003 0.003 0.001	 batterySag: 0.781	link quality: 65	flight time: 0s	pos 0.16 -0.85 -0.03	yaw: 0.02	msg/s 0.0
INFO: 11-10-2021 23:46:08 printStatus(169) -- Drogno_6: ready	battery: 4.15	kalman var: 0.003 0.003 0.002	 batterySag: 0.781	link quality: 65	flight time: 0s	pos 0.16 -0.85 -0.03	yaw: 0.03	msg/s 0.0
INFO: 11-10-2021 23:46:10 printStatus(169) -- Drogno_6: ready	battery: 4.16	kalman var: 0.001 0.001 0.001	 batterySag: 0.781	link quality: 66	flight time: 0s	pos 0.17 -0.85 -0.03	yaw: 0.03	msg/s 0.0
INFO: 11-10-2021 23:46:11 printStatus(169) -- Drogno_6: ready	battery: 4.16	kalman var: 0.0 0.0 0.0	 batterySag: 0.781	link quality: 65	flight time: 0s	pos 0.18 -0.85 -0.03	yaw: 0.06	msg/s 0.0
INFO: 11-10-2021 23:46:12 printStatus(169) -- Drogno_6: ready	battery: 4.15	kalman var: 0.001 0.001 0.001	 batterySag: 0.781	link quality: 64	flight time: 0s	pos 0.18 -0.85 -0.03	yaw: 0.06	msg/s 0.0
INFO: 11-10-2021 23:46:14 printStatus(169) -- Drogno_6: ready	battery: 4.15	kalman var: 0.0 0.0 0.0	 batterySag: 0.781	link quality: 65	flight time: 0s	pos 0.18 -0.85 -0.03	yaw: 0.03	msg/s 0.0
INFO: 11-10-2021 23:46:16 printStatus(169) -- Drogno_6: ready	battery: 4.15	kalman var: 0.001 0.001 0.001	 batterySag: 0.781	link quality: 65	flight time: 0s	pos 0.18 -0.85 -0.03	yaw: 0.05	msg/s 0.0
INFO: 11-10-2021 23:46:18 printStatus(169) -- Drogno_6: ready	battery: 3.7	kalman var: 0.001 0.001 0.001	 batterySag: 0.781	link quality: 53	flight time: 0s	pos 0.18 -0.84 0.23	yaw: 1.12	msg/s 0.0
INFO: 11-10-2021 23:46:19 printStatus(169) -- Drogno_6: ready	battery: 3.73	kalman var: 0.0 0.0 0.001	 batterySag: 0.781	link quality: 50	flight time: 1s	pos 0.18 -0.84 0.76	yaw: -0.48	msg/s 0.0
INFO: 11-10-2021 23:46:20 printStatus(169) -- Drogno_6: hovering	battery: 3.57	kalman var: 0.001 0.001 0.001	 batterySag: 0.781	link quality: 47	flight time: 2s	pos 0.23 -0.87 0.52	yaw: -1.12	msg/s 7.3
INFO: 11-10-2021 23:46:21 printStatus(169) -- Drogno_6: hovering	battery: 3.66	kalman var: 0.001 0.001 0.001	 batterySag: 0.781	link quality: 49	flight time: 4s	pos 0.44 -1.07 0.32	yaw: 1.00	msg/s 9.1
INFO: 11-10-2021 23:46:23 printStatus(169) -- Drogno_6: hovering	battery: 3.62	kalman var: 0.001 0.001 0.001	 batterySag: 0.781	link quality: 49	flight time: 5s	pos 0.50 -1.16 0.83	yaw: 1.06	msg/s 7.3
INFO: 11-10-2021 23:46:24 printStatus(169) -- Drogno_6: moving	battery: 3.69	kalman var: 0.001 0.001 0.001	 batterySag: 0.781	link quality: 49	flight time: 6s	pos 0.42 -1.10 0.96	yaw: -0.49	msg/s 9.1
INFO: 11-10-2021 23:46:26 printStatus(169) -- Drogno_6: hovering	battery: 3.65	kalman var: 0.007 0.007 0.002	 batterySag: 0.781	link quality: 51	flight time: 8s	pos 0.38 -1.06 1.04	yaw: 0.28	msg/s 14.5
INFO: 11-10-2021 23:46:28 printStatus(169) -- Drogno_6: hovering	battery: 3.63	kalman var: 0.0 0.0 0.001	 batterySag: 0.781	link quality: 56	flight time: 10s	pos 0.23 -1.03 1.08	yaw: -1.07	msg/s 18.2
INFO: 11-10-2021 23:46:29 printStatus(169) -- Drogno_6: hovering	battery: 3.57	kalman var: 0.0 0.0 0.0	 batterySag: 0.781	link quality: 49	flight time: 11s	pos 0.20 -0.99 1.02	yaw: -1.06	msg/s 7.3
WARNING: 11-10-2021 23:46:30 evaluateBattery(804) -- battery under 3.50v
INFO: 11-10-2021 23:46:30 printStatus(169) -- Drogno_6: hovering	battery: 3.43	kalman var: 0.0 0.0 0.0	 batterySag: 0.781	link quality: 49	flight time: 13s	pos 0.22 -0.95 0.89	yaw: -0.17	msg/s 20.0
WARNING: 11-10-2021 23:46:31 evaluateBattery(804) -- battery under 3.50v
INFO: 11-10-2021 23:46:32 printStatus(169) -- Drogno_6: hovering	battery: 3.63	kalman var: 0.001 0.001 0.001	 batterySag: 0.781	link quality: 47	flight time: 14s	pos 0.37 -0.87 1.13	yaw: -0.37	msg/s 20.0
INFO: 11-10-2021 23:46:33 printStatus(169) -- Drogno_6: hovering	battery: 3.62	kalman var: 0.0 0.0 0.0	 batterySag: 0.781	link quality: 51	flight time: 15s	pos 0.36 -0.28 1.19	yaw: 1.18	msg/s 20.0
INFO: 11-10-2021 23:46:35 printStatus(169) -- Drogno_6: hovering	battery: 3.59	kalman var: 0.0 0.0 0.0	 batterySag: 0.781	link quality: 64	flight time: 17s	pos 0.40 0.20 1.04	yaw: -0.08	msg/s 20.0
INFO: 11-10-2021 23:46:37 printStatus(169) -- Drogno_6: moving	battery: 3.59	kalman var: 0.0 0.0 0.0	 batterySag: 0.781	link quality: 49	flight time: 18s	pos 0.36 0.38 1.22	yaw: 0.38	msg/s 18.2
INFO: 11-10-2021 23:46:38 printStatus(169) -- Drogno_6: hovering	battery: 3.54	kalman var: 0.0 0.0 0.0	 batterySag: 0.781	link quality: 66	flight time: 20s	pos 0.14 0.72 0.98	yaw: 0.87	msg/s 12.7
INFO: 11-10-2021 23:46:40 printStatus(169) -- Drogno_6: hovering	battery: 3.62	kalman var: 0.0 0.0 0.0	 batterySag: 0.781	link quality: 69	flight time: 22s	pos -0.17 0.88 1.21	yaw: -1.01	msg/s 18.2
INFO: 11-10-2021 23:46:41 printStatus(169) -- Drogno_6: hovering	battery: 3.57	kalman var: 0.0 0.0 0.0	 batterySag: 0.781	link quality: 57	flight time: 24s	pos -0.29 0.90 1.06	yaw: 0.09	msg/s 18.2
INFO: 11-10-2021 23:46:42 printStatus(169) -- Drogno_6: hovering	battery: 3.58	kalman var: 0.001 0.001 0.001	 batterySag: 0.781	link quality: 56	flight time: 25s	pos -0.35 0.90 1.12	yaw: 0.30	msg/s 14.5
INFO: 11-10-2021 23:46:44 printStatus(169) -- Drogno_6: hovering	battery: 3.57	kalman var: 0.0 0.0 0.001	 batterySag: 0.781	link quality: 51	flight time: 26s	pos -0.19 0.79 1.11	yaw: 0.54	msg/s 18.2
INFO: 11-10-2021 23:46:45 printStatus(169) -- Drogno_6: hovering	battery: 3.58	kalman var: 0.001 0.001 0.001	 batterySag: 0.781	link quality: 57	flight time: 27s	pos 0.14 1.13 1.08	yaw: 0.09	msg/s 18.2
INFO: 11-10-2021 23:46:46 printStatus(169) -- Drogno_6: hovering	battery: 3.64	kalman var: 0.0 0.0 0.0	 batterySag: 0.781	link quality: 53	flight time: 28s	pos -0.51 1.24 0.83	yaw: 0.69	msg/s 21.8
INFO: 11-10-2021 23:46:48 printStatus(169) -- Drogno_6: hovering	battery: 3.55	kalman var: 0.0 0.0 0.0	 batterySag: 0.781	link quality: 59	flight time: 30s	pos -1.37 0.63 0.45	yaw: 1.58	msg/s 21.8
INFO: 11-10-2021 23:46:49 printStatus(169) -- Drogno_6: hovering	battery: 3.57	kalman var: 0.0 0.0 0.0	 batterySag: 0.781	link quality: 58	flight time: 31s	pos -0.59 -1.03 0.50	yaw: 0.22	msg/s 21.8
INFO: 11-10-2021 23:46:50 printStatus(169) -- Drogno_6: hovering	battery: 3.57	kalman var: 0.002 0.002 0.001	 batterySag: 0.781	link quality: 49	flight time: 32s	pos 0.53 -0.47 0.81	yaw: 1.89	msg/s 23.6
INFO: 11-10-2021 23:46:51 printStatus(169) -- Drogno_6: hovering	battery: 3.57	kalman var: 0.0 0.0 0.0	 batterySag: 0.781	link quality: 55	flight time: 33s	pos 0.88 -0.10 1.00	yaw: -0.75	msg/s 21.8
INFO: 11-10-2021 23:46:53 printStatus(169) -- Drogno_6: hovering	battery: 3.62	kalman var: 0.001 0.001 0.001	 batterySag: 0.781	link quality: 53	flight time: 35s	pos 0.64 1.03 1.30	yaw: 0.06	msg/s 20.0
INFO: 11-10-2021 23:46:54 printStatus(169) -- Drogno_6: moving	battery: 3.55	kalman var: 0.0 0.0 0.0	 batterySag: 0.781	link quality: 52	flight time: 36s	pos 0.60 1.11 1.08	yaw: 1.19	msg/s 23.6
INFO: 11-10-2021 23:46:55 printStatus(169) -- Drogno_6: hovering	battery: 3.52	kalman var: 0.0 0.0 0.0	 batterySag: 0.781	link quality: 52	flight time: 38s	pos 0.57 1.04 0.95	yaw: 2.70	msg/s 20.0
INFO: 11-10-2021 23:46:57 printStatus(169) -- Drogno_6: hovering	battery: 3.58	kalman var: 0.0 0.0 0.0	 batterySag: 0.781	link quality: 61	flight time: 39s	pos 0.42 0.82 1.36	yaw: -1.32	msg/s 21.8
INFO: 11-10-2021 23:46:58 printStatus(169) -- Drogno_6: hovering	battery: 3.58	kalman var: 0.001 0.001 0.001	 batterySag: 0.781	link quality: 53	flight time: 40s	pos -0.21 0.81 0.77	yaw: 0.89	msg/s 18.2
INFO: 11-10-2021 23:47:00 printStatus(169) -- Drogno_6: ready	battery: 3.52	kalman var: 0.0 0.0 0.0	 batterySag: 0.781	link quality: 65	flight time: 42s	pos -0.39 1.00 0.54	yaw: -0.94	msg/s 18.2
INFO: 11-10-2021 23:47:01 printStatus(169) -- Drogno_6: hovering	battery: 3.55	kalman var: 0.001 0.001 0.001	 batterySag: 0.781	link quality: 51	flight time: 43s	pos -0.37 1.08 0.64	yaw: -1.18	msg/s 23.6
INFO: 11-10-2021 23:47:03 printStatus(169) -- Drogno_6: hovering	battery: 3.54	kalman var: 0.001 0.001 0.001	 batterySag: 0.781	link quality: 52	flight time: 45s	pos 0.01 1.19 0.99	yaw: 0.58	msg/s 20.0
INFO: 11-10-2021 23:47:04 printStatus(169) -- Drogno_6: hovering	battery: 3.54	kalman var: 0.001 0.001 0.001	 batterySag: 0.781	link quality: 51	flight time: 46s	pos 0.39 1.11 1.14	yaw: -0.65	msg/s 23.6
INFO: 11-10-2021 23:47:05 printStatus(169) -- Drogno_6: hovering	battery: 3.54	kalman var: 0.0 0.0 0.0	 batterySag: 0.781	link quality: 55	flight time: 47s	pos 0.68 0.76 1.22	yaw: -0.50	msg/s 21.8
INFO: 11-10-2021 23:47:06 printStatus(169) -- Drogno_6: moving	battery: 3.53	kalman var: 0.0 0.0 0.0	 batterySag: 0.781	link quality: 58	flight time: 49s	pos 0.77 0.31 1.27	yaw: -0.65	msg/s 21.8
INFO: 11-10-2021 23:47:07 printStatus(169) -- Drogno_6: hovering	battery: 3.55	kalman var: 0.001 0.001 0.001	 batterySag: 0.781	link quality: 55	flight time: 50s	pos 0.98 -0.17 1.28	yaw: 1.55	msg/s 21.8
INFO: 11-10-2021 23:47:09 printStatus(169) -- Drogno_6: moving	battery: 3.54	kalman var: 0.009 0.009 0.002	 batterySag: 0.781	link quality: 48	flight time: 51s	pos 0.34 -0.97 1.37	yaw: -0.25	msg/s 25.5
INFO: 11-10-2021 23:47:10 printStatus(169) -- Drogno_6: hovering	battery: 3.59	kalman var: 0.0 0.0 0.0	 batterySag: 0.781	link quality: 47	flight time: 52s	pos -0.09 -1.02 1.28	yaw: -0.38	msg/s 18.2
WARNING: 11-10-2021 23:47:11 evaluateBattery(804) -- battery under 3.50v
INFO: 11-10-2021 23:47:11 printStatus(169) -- Drogno_6: hovering	battery: 3.48	kalman var: 0.0 0.0 0.0	 batterySag: 0.781	link quality: 51	flight time: 53s	pos -0.55 -0.99 0.92	yaw: -2.29	msg/s 20.0
WARNING: 11-10-2021 23:47:12 evaluateBattery(804) -- battery under 3.50v
WARNING: 11-10-2021 23:47:12 evaluateBattery(804) -- battery under 3.50v
INFO: 11-10-2021 23:47:12 printStatus(169) -- Drogno_6: hovering	battery: 3.49	kalman var: 0.001 0.001 0.0	 batterySag: 0.781	link quality: 48	flight time: 55s	pos -1.03 -0.73 0.53	yaw: 0.74	msg/s 23.6
INFO: 11-10-2021 23:47:13 printStatus(169) -- Drogno_6: hovering	battery: 3.53	kalman var: 0.0 0.0 0.0	 batterySag: 0.781	link quality: 59	flight time: 56s	pos -1.09 -0.15 0.49	yaw: 0.52	msg/s 18.2
INFO: 11-10-2021 23:47:15 printStatus(169) -- Drogno_6: hovering	battery: 3.5	kalman var: 0.0 0.0 0.0	 batterySag: 0.781	link quality: 52	flight time: 57s	pos -0.52 0.92 0.97	yaw: 0.42	msg/s 21.8
WARNING: 11-10-2021 23:47:16 evaluateBattery(804) -- battery under 3.50v
INFO: 11-10-2021 23:47:16 printStatus(169) -- Drogno_6: hovering	battery: 3.49	kalman var: 0.0 0.0 0.001	 batterySag: 0.781	link quality: 58	flight time: 58s	pos -0.09 1.11 1.38	yaw: 0.40	msg/s 20.0
WARNING: 11-10-2021 23:47:16 evaluateBattery(804) -- battery under 3.50v
INFO: 11-10-2021 23:47:17 printStatus(169) -- Drogno_6: hovering	battery: 3.52	kalman var: 0.001 0.001 0.001	 batterySag: 0.781	link quality: 48	flight time: 59s	pos 0.38 0.96 1.80	yaw: -0.26	msg/s 18.2
INFO: 11-10-2021 23:47:18 printStatus(169) -- Drogno_6: hovering	battery: 3.54	kalman var: 0.002 0.002 0.001	 batterySag: 0.781	link quality: 51	flight time: 61s	pos 0.76 0.33 2.15	yaw: -0.15	msg/s 21.8
INFO: 11-10-2021 23:47:19 printStatus(169) -- Drogno_6: hovering	battery: 3.56	kalman var: 0.001 0.001 0.001	 batterySag: 0.781	link quality: 56	flight time: 62s	pos 0.82 -0.19 1.98	yaw: 0.63	msg/s 20.0
WARNING: 11-10-2021 23:47:20 evaluateBattery(804) -- battery under 3.50v
WARNING: 11-10-2021 23:47:20 evaluateBattery(804) -- battery under 3.50v
INFO: 11-10-2021 23:47:21 printStatus(169) -- Drogno_6: moving	battery: 3.49	kalman var: 0.001 0.001 0.001	 batterySag: 0.781	link quality: 47	flight time: 63s	pos -0.25 -1.29 1.26	yaw: 1.21	msg/s 20.0
WARNING: 11-10-2021 23:47:21 evaluateBattery(804) -- battery under 3.50v
WARNING: 11-10-2021 23:47:22 evaluateBattery(804) -- battery under 3.50v
INFO: 11-10-2021 23:47:22 printStatus(169) -- Drogno_6: hovering	battery: 3.5	kalman var: 0.0 0.0 0.0	 batterySag: 0.781	link quality: 62	flight time: 64s	pos -0.89 -1.09 1.04	yaw: 0.31	msg/s 20.0
WARNING: 11-10-2021 23:47:23 evaluateBattery(804) -- battery under 3.50v
INFO: 11-10-2021 23:47:23 printStatus(169) -- Drogno_6: hovering	battery: 3.46	kalman var: 0.0 0.0 0.0	 batterySag: 0.781	link quality: 53	flight time: 66s	pos -0.58 -0.75 1.07	yaw: -1.55	msg/s 18.2
WARNING: 11-10-2021 23:47:24 evaluateBattery(804) -- battery under 3.50v
INFO: 11-10-2021 23:47:24 printStatus(169) -- Drogno_6: hovering	battery: 3.51	kalman var: 0.002 0.002 0.001	 batterySag: 0.781	link quality: 53	flight time: 67s	pos -0.58 -0.70 1.24	yaw: -0.18	msg/s 18.2
INFO: 11-10-2021 23:47:26 printStatus(169) -- Drogno_6: hovering	battery: 3.52	kalman var: 0.001 0.001 0.001	 batterySag: 0.781	link quality: 49	flight time: 68s	pos -0.72 -0.72 1.30	yaw: -0.34	msg/s 23.6
WARNING: 11-10-2021 23:47:26 evaluateBattery(804) -- battery under 3.50v
WARNING: 11-10-2021 23:47:27 evaluateBattery(804) -- battery under 3.50v
INFO: 11-10-2021 23:47:27 printStatus(169) -- Drogno_6: hovering	battery: 3.46	kalman var: 0.0 0.0 0.0	 batterySag: 0.781	link quality: 53	flight time: 69s	pos -1.42 -0.82 1.30	yaw: 0.39	msg/s 16.4
WARNING: 11-10-2021 23:47:27 evaluateBattery(804) -- battery under 3.50v
WARNING: 11-10-2021 23:47:28 evaluateBattery(804) -- battery under 3.50v
INFO: 11-10-2021 23:47:29 printStatus(169) -- Drogno_6: hovering	battery: 3.48	kalman var: 0.0 0.0 0.0	 batterySag: 0.781	link quality: 56	flight time: 71s	pos -1.62 -1.14 1.08	yaw: 0.14	msg/s 21.8
WARNING: 11-10-2021 23:47:29 evaluateBattery(804) -- battery under 3.50v
INFO: 11-10-2021 23:47:30 printStatus(169) -- Drogno_6: hovering	battery: 3.49	kalman var: 0.0 0.0 0.0	 batterySag: 0.781	link quality: 47	flight time: 72s	pos -0.15 -1.57 0.87	yaw: -0.53	msg/s 16.4
WARNING: 11-10-2021 23:47:30 evaluateBattery(804) -- battery under 3.50v
WARNING: 11-10-2021 23:47:30 evaluateBattery(804) -- battery under 3.50v
WARNING: 11-10-2021 23:47:31 evaluateBattery(804) -- battery under 3.50v
INFO: 11-10-2021 23:47:31 printStatus(169) -- Drogno_6: hovering	battery: 3.47	kalman var: 0.001 0.001 0.001	 batterySag: 0.781	link quality: 51	flight time: 73s	pos 0.85 -1.53 0.91	yaw: 0.06	msg/s 20.0
WARNING: 11-10-2021 23:47:32 evaluateBattery(804) -- battery under 3.50v
WARNING: 11-10-2021 23:47:33 evaluateBattery(804) -- battery under 3.50v
INFO: 11-10-2021 23:47:33 printStatus(169) -- Drogno_6: hovering	battery: 3.43	kalman var: 0.001 0.001 0.001	 batterySag: 0.781	link quality: 53	flight time: 75s	pos 1.21 -0.94 1.26	yaw: 2.05	msg/s 16.4
WARNING: 11-10-2021 23:47:33 evaluateBattery(804) -- battery under 3.50v
WARNING: 11-10-2021 23:47:34 evaluateBattery(804) -- battery under 3.50v
INFO: 11-10-2021 23:47:34 printStatus(169) -- Drogno_6: hovering	battery: 3.47	kalman var: 0.0 0.0 0.001	 batterySag: 0.781	link quality: 46	flight time: 77s	pos 0.54 -0.77 1.36	yaw: -0.22	msg/s 18.2
WARNING: 11-10-2021 23:47:35 evaluateBattery(804) -- battery under 3.50v
WARNING: 11-10-2021 23:47:35 evaluateBattery(804) -- battery under 3.50v
INFO: 11-10-2021 23:47:36 printStatus(169) -- Drogno_6: hovering	battery: 3.48	kalman var: 0.001 0.001 0.001	 batterySag: 0.781	link quality: 65	flight time: 78s	pos -0.35 -0.85 1.44	yaw: 5.55	msg/s 21.8
WARNING: 11-10-2021 23:47:36 evaluateBattery(804) -- battery under 3.50v
WARNING: 11-10-2021 23:47:37 evaluateBattery(804) -- battery under 3.50v
WARNING: 11-10-2021 23:47:37 evaluateBattery(804) -- battery under 3.50v
INFO: 11-10-2021 23:47:38 printStatus(169) -- Drogno_6: hovering	battery: 3.48	kalman var: 0.0 0.0 0.0	 batterySag: 0.781	link quality: 54	flight time: 79s	pos -0.59 -0.92 1.46	yaw: 0.56	msg/s 23.6
WARNING: 11-10-2021 23:47:38 evaluateBattery(804) -- battery under 3.50v
WARNING: 11-10-2021 23:47:39 evaluateBattery(804) -- battery under 3.50v
INFO: 11-10-2021 23:47:39 printStatus(169) -- Drogno_6: hovering	battery: 3.46	kalman var: 0.0 0.0 0.0	 batterySag: 0.781	link quality: 51	flight time: 81s	pos -0.30 -1.12 1.37	yaw: -3.70	msg/s 21.8
WARNING: 11-10-2021 23:47:39 evaluateBattery(804) -- battery under 3.50v
WARNING: 11-10-2021 23:47:40 evaluateBattery(804) -- battery under 3.50v
WARNING: 11-10-2021 23:47:40 evaluateBattery(804) -- battery under 3.50v
INFO: 11-10-2021 23:47:40 printStatus(169) -- Drogno_6: hovering	battery: 3.45	kalman var: 0.0 0.0 0.0	 batterySag: 0.781	link quality: 44	flight time: 82s	pos 0.34 -1.14 1.41	yaw: -4.77	msg/s 18.2
WARNING: 11-10-2021 23:47:41 evaluateBattery(804) -- battery under 3.50v
WARNING: 11-10-2021 23:47:42 evaluateBattery(804) -- battery under 3.50v
INFO: 11-10-2021 23:47:42 printStatus(169) -- Drogno_6: hovering	battery: 3.47	kalman var: 0.003 0.003 0.001	 batterySag: 0.781	link quality: 49	flight time: 84s	pos 0.53 -0.97 1.64	yaw: -2.81	msg/s 18.2
WARNING: 11-10-2021 23:47:43 evaluateBattery(804) -- battery under 3.50v
INFO: 11-10-2021 23:47:43 printStatus(169) -- Drogno_6: hovering	battery: 3.3	kalman var: 0.001 0.001 0.001	 batterySag: 0.781	link quality: 50	flight time: 85s	pos 0.85 -1.08 1.22	yaw: -2.96	msg/s 21.8
WARNING: 11-10-2021 23:47:43 evaluateBattery(804) -- battery under 3.50v
ERROR: 11-10-2021 23:47:43 evaluateBattery(815) -- battery under 3.33v ! GOING DOWN
WARNING: 11-10-2021 23:47:44 evaluateBattery(804) -- battery under 3.50v
INFO: 11-10-2021 23:47:44 printStatus(169) -- Drogno_6: ready	battery: 3.44	kalman var: 0.0 0.0 0.001	 batterySag: 0.781	link quality: 59	flight time: 86s	pos 0.61 -0.96 1.67	yaw: -1.65	msg/s 21.8
WARNING: 11-10-2021 23:47:46 evaluateBattery(804) -- battery under 3.50v
INFO: 11-10-2021 23:47:46 printStatus(169) -- Drogno_6: landed	battery: 3.47	kalman var: 0.002 0.002 0.001	 batterySag: 0.781	link quality: 53	flight time: 86s	pos 0.50 -0.96 0.59	yaw: 0.24	msg/s 23.6
INFO: 11-10-2021 23:47:48 printStatus(169) -- Drogno_6: stand by	battery: 3.47	kalman var: 0.002 0.002 0.001	 batterySag: 0.781	link quality: 53	flight time: 86s	pos 0.50 -0.96 0.59	yaw: 0.24	msg/s 11.8
INFO: 11-10-2021 23:47:49 printStatus(169) -- Drogno_6: stand by	battery: 3.47	kalman var: 0.002 0.002 0.001	 batterySag: 0.781	link quality: 53	flight time: 86s	pos 0.50 -0.96 0.59	yaw: 0.24	msg/s 11.8
INFO: 11-10-2021 23:47:51 printStatus(169) -- Drogno_6: stand by	battery: 3.47	kalman var: 0.002 0.002 0.001	 batterySag: 0.781	link quality: 53	flight time: 86s	pos 0.50 -0.96 0.59	yaw: 0.24	msg/s 13.6
INFO: 11-10-2021 23:47:52 printStatus(169) -- Drogno_6: stand by	battery: 3.47	kalman var: 0.002 0.002 0.001	 batterySag: 0.781	link quality: 53	flight time: 86s	pos 0.50 -0.96 0.59	yaw: 0.24	msg/s 11.8
INFO: 11-10-2021 23:47:53 printStatus(169) -- Drogno_6: stand by	battery: 3.47	kalman var: 0.002 0.002 0.001	 batterySag: 0.781	link quality: 53	flight time: 86s	pos 0.50 -0.96 0.59	yaw: 0.24	msg/s 10.9
INFO: 11-10-2021 23:47:54 printStatus(169) -- Drogno_6: stand by	battery: 3.47	kalman var: 0.002 0.002 0.001	 batterySag: 0.781	link quality: 53	flight time: 86s	pos 0.50 -0.96 0.59	yaw: 0.24	msg/s 12.7
INFO: 11-10-2021 23:47:56 printStatus(169) -- Drogno_6: stand by	battery: 3.47	kalman var: 0.002 0.002 0.001	 batterySag: 0.781	link quality: 53	flight time: 86s	pos 0.50 -0.96 0.59	yaw: 0.24	msg/s 8.2
INFO: 11-10-2021 23:47:57 printStatus(169) -- Drogno_6: stand by	battery: 3.47	kalman var: 0.002 0.002 0.001	 batterySag: 0.781	link quality: 53	flight time: 86s	pos 0.50 -0.96 0.59	yaw: 0.24	msg/s 0.0
INFO: 11-10-2021 23:47:59 printStatus(169) -- Drogno_6: stand by	battery: 3.47	kalman var: 0.002 0.002 0.001	 batterySag: 0.781	link quality: 53	flight time: 86s	pos 0.50 -0.96 0.59	yaw: 0.24	msg/s 0.0
INFO: 11-10-2021 23:48:00 printStatus(169) -- Drogno_6: stand by	battery: 3.47	kalman var: 0.002 0.002 0.001	 batterySag: 0.781	link quality: 53	flight time: 86s	pos 0.50 -0.96 0.59	yaw: 0.24	msg/s 0.0
INFO: 11-10-2021 23:48:01 printStatus(169) -- Drogno_6: stand by	battery: 3.47	kalman var: 0.002 0.002 0.001	 batterySag: 0.781	link quality: 53	flight time: 86s	pos 0.50 -0.96 0.59	yaw: 0.24	msg/s 0.0
INFO: 11-10-2021 23:48:03 printStatus(169) -- Drogno_6: stand by	battery: 3.47	kalman var: 0.002 0.002 0.001	 batterySag: 0.781	link quality: 53	flight time: 86s	pos 0.50 -0.96 0.59	yaw: 0.24	msg/s 0.0
INFO: 11-10-2021 23:48:04 printStatus(169) -- Drogno_6: stand by	battery: 3.47	kalman var: 0.002 0.002 0.001	 batterySag: 0.781	link quality: 53	flight time: 86s	pos 0.50 -0.96 0.59	yaw: 0.24	msg/s 0.0
WARNING: 11-10-2021 23:48:05 exit(859) -- closing Drogno_6
INFO: 11-10-2021 23:48:05 printStatus(169) -- Drogno_6: sconnesso	battery: 3.47	kalman var: 0.002 0.002 0.001	 batterySag: 0.781	link quality: 53	flight time: 86s	pos 0.50 -0.96 0.59	yaw: 0.24	msg/s 0.0
