INFO: 11-10-2021 20:22:53 __init__(130) -- This is dronelog running on Drogno_5
INFO: 11-10-2021 20:22:53 printStatus(166) -- Started
INFO: 11-10-2021 20:22:55 printStatus(169) -- Drogno_5: connecting	battery: n.p.	kalman var: 0 0 0	 batterySag: 0	link quality: 0	flight time: 0s	pos 0.00 0.00 0.00	yaw: 0.00	msg/s 0.0
INFO: 11-10-2021 20:22:56 printStatus(169) -- Drogno_5: connecting	battery: n.p.	kalman var: 0 0 0	 batterySag: 0	link quality: 0	flight time: 0s	pos 0.00 0.00 0.00	yaw: 0.00	msg/s 0.0
INFO: 11-10-2021 20:22:57 printStatus(169) -- Drogno_5: connecting	battery: n.p.	kalman var: 0 0 0	 batterySag: 0	link quality: 0	flight time: 0s	pos 0.00 0.00 0.00	yaw: 0.00	msg/s 0.0
INFO: 11-10-2021 20:22:58 printStatus(169) -- Drogno_5: connecting	battery: n.p.	kalman var: 0 0 0	 batterySag: 0	link quality: 0	flight time: 0s	pos 0.00 0.00 0.00	yaw: 0.00	msg/s 0.0
INFO: 11-10-2021 20:22:59 printStatus(169) -- Drogno_5: connecting	battery: n.p.	kalman var: 0 0 0	 batterySag: 0	link quality: 0	flight time: 0s	pos 0.00 0.00 0.00	yaw: 0.00	msg/s 0.0
INFO: 11-10-2021 20:23:01 printStatus(169) -- Drogno_5: connecting	battery: n.p.	kalman var: 0 0 0	 batterySag: 0	link quality: 0	flight time: 0s	pos 0.00 0.00 0.00	yaw: 0.00	msg/s 0.0
INFO: 11-10-2021 20:23:02 printStatus(169) -- Drogno_5: connecting	battery: n.p.	kalman var: 0 0 0	 batterySag: 0	link quality: 0	flight time: 0s	pos 0.00 0.00 0.00	yaw: 0.00	msg/s 0.0
INFO: 11-10-2021 20:23:04 printStatus(169) -- Drogno_5: landed	battery: n.p.	kalman var: 0 0 0	 batterySag: 0	link quality: 0	flight time: 0s	pos 0.00 0.00 0.00	yaw: 0.00	msg/s 0.0
INFO: 11-10-2021 20:23:05 printStatus(169) -- Drogno_5: landed	battery: n.p.	kalman var: 0 0 0	 batterySag: 0	link quality: 0	flight time: 0s	pos 0.00 0.00 0.00	yaw: 0.00	msg/s 0.0
INFO: 11-10-2021 20:23:07 printStatus(169) -- Drogno_5: ready	battery: 4.13	kalman var: 0.001 0.001 0.0	 batterySag: 0.69140625	link quality: 57	flight time: 0s	pos 0.70 -0.47 -0.01	yaw: 1.49	msg/s 0.0
INFO: 11-10-2021 20:23:08 printStatus(169) -- Drogno_5: ready	battery: 4.13	kalman var: 0.0 0.0 0.0	 batterySag: 0.69140625	link quality: 57	flight time: 0s	pos 0.70 -0.47 -0.01	yaw: 1.39	msg/s 0.0
INFO: 11-10-2021 20:23:09 printStatus(169) -- Drogno_5: ready	battery: 4.13	kalman var: 0.0 0.0 0.0	 batterySag: 0.69140625	link quality: 55	flight time: 0s	pos 0.70 -0.47 -0.01	yaw: 1.40	msg/s 0.0
INFO: 11-10-2021 20:23:11 printStatus(169) -- Drogno_5: ready	battery: 4.13	kalman var: 0.0 0.0 0.0	 batterySag: 0.69140625	link quality: 56	flight time: 0s	pos 0.70 -0.47 -0.01	yaw: 1.39	msg/s 0.0
INFO: 11-10-2021 20:23:12 printStatus(169) -- Drogno_5: ready	battery: 4.13	kalman var: 0.001 0.001 0.001	 batterySag: 0.69140625	link quality: 56	flight time: 0s	pos 0.70 -0.47 -0.01	yaw: 1.37	msg/s 0.0
INFO: 11-10-2021 20:23:13 printStatus(169) -- Drogno_5: ready	battery: 4.13	kalman var: 0.0 0.0 0.0	 batterySag: 0.69140625	link quality: 56	flight time: 0s	pos 0.70 -0.47 -0.01	yaw: 1.39	msg/s 0.0
INFO: 11-10-2021 20:23:14 printStatus(169) -- Drogno_5: ready	battery: 4.13	kalman var: 0.0 0.0 0.0	 batterySag: 0.69140625	link quality: 55	flight time: 0s	pos 0.70 -0.47 -0.01	yaw: 1.37	msg/s 0.0
INFO: 11-10-2021 20:23:15 printStatus(169) -- Drogno_5: ready	battery: 4.13	kalman var: 0.0 0.0 0.0	 batterySag: 0.69140625	link quality: 57	flight time: 0s	pos 0.70 -0.47 -0.01	yaw: 1.42	msg/s 0.0
INFO: 11-10-2021 20:23:16 printStatus(169) -- Drogno_5: ready	battery: 4.13	kalman var: 0.0 0.0 0.0	 batterySag: 0.69140625	link quality: 56	flight time: 0s	pos 0.70 -0.47 -0.01	yaw: 1.39	msg/s 0.0
INFO: 11-10-2021 20:23:18 printStatus(169) -- Drogno_5: ready	battery: 4.13	kalman var: 0.001 0.001 0.001	 batterySag: 0.69140625	link quality: 54	flight time: 0s	pos 0.70 -0.47 -0.01	yaw: 1.36	msg/s 0.0
INFO: 11-10-2021 20:23:19 printStatus(169) -- Drogno_5: ready	battery: 4.13	kalman var: 0.0 0.0 0.0	 batterySag: 0.69140625	link quality: 56	flight time: 0s	pos 0.70 -0.47 -0.01	yaw: 1.37	msg/s 0.0
INFO: 11-10-2021 20:23:20 printStatus(169) -- Drogno_5: ready	battery: 4.13	kalman var: 0.001 0.001 0.001	 batterySag: 0.69140625	link quality: 56	flight time: 0s	pos 0.70 -0.47 -0.01	yaw: 1.39	msg/s 0.0
INFO: 11-10-2021 20:23:21 printStatus(169) -- Drogno_5: ready	battery: 4.13	kalman var: 0.0 0.0 0.0	 batterySag: 0.69140625	link quality: 56	flight time: 0s	pos 0.70 -0.47 -0.01	yaw: 1.38	msg/s 0.0
INFO: 11-10-2021 20:23:23 printStatus(169) -- Drogno_5: ready	battery: 4.13	kalman var: 0.0 0.0 0.0	 batterySag: 0.69140625	link quality: 56	flight time: 0s	pos 0.70 -0.47 -0.01	yaw: 1.40	msg/s 0.0
INFO: 11-10-2021 20:23:24 printStatus(169) -- Drogno_5: ready	battery: 4.13	kalman var: 0.0 0.0 0.0	 batterySag: 0.69140625	link quality: 56	flight time: 0s	pos 0.70 -0.47 -0.01	yaw: 1.39	msg/s 0.0
INFO: 11-10-2021 20:23:25 printStatus(169) -- Drogno_5: ready	battery: 4.13	kalman var: 0.0 0.0 0.0	 batterySag: 0.69140625	link quality: 56	flight time: 0s	pos 0.70 -0.47 -0.01	yaw: 1.37	msg/s 0.0
INFO: 11-10-2021 20:23:26 printStatus(169) -- Drogno_5: ready	battery: 4.13	kalman var: 0.0 0.0 0.0	 batterySag: 0.69140625	link quality: 56	flight time: 0s	pos 0.70 -0.47 -0.01	yaw: 1.40	msg/s 0.0
INFO: 11-10-2021 20:23:27 printStatus(169) -- Drogno_5: ready	battery: 4.13	kalman var: 0.0 0.0 0.0	 batterySag: 0.69140625	link quality: 56	flight time: 0s	pos 0.70 -0.47 -0.01	yaw: 1.41	msg/s 0.0
INFO: 11-10-2021 20:23:29 printStatus(169) -- Drogno_5: ready	battery: 4.13	kalman var: 0.001 0.001 0.001	 batterySag: 0.69140625	link quality: 54	flight time: 0s	pos 0.70 -0.47 -0.01	yaw: 1.38	msg/s 0.0
INFO: 11-10-2021 20:23:30 printStatus(169) -- Drogno_5: ready	battery: 4.13	kalman var: 0.0 0.0 0.0	 batterySag: 0.69140625	link quality: 56	flight time: 0s	pos 0.70 -0.47 -0.01	yaw: 1.38	msg/s 0.0
INFO: 11-10-2021 20:23:32 printStatus(169) -- Drogno_5: ready	battery: 4.13	kalman var: 0.0 0.0 0.0	 batterySag: 0.69140625	link quality: 56	flight time: 0s	pos 0.70 -0.47 -0.01	yaw: 1.40	msg/s 0.0
INFO: 11-10-2021 20:23:33 printStatus(169) -- Drogno_5: ready	battery: 4.13	kalman var: 0.001 0.001 0.001	 batterySag: 0.69140625	link quality: 56	flight time: 0s	pos 0.70 -0.47 -0.01	yaw: 1.36	msg/s 0.0
INFO: 11-10-2021 20:23:34 printStatus(169) -- Drogno_5: ready	battery: 4.13	kalman var: 0.0 0.0 0.0	 batterySag: 0.69140625	link quality: 56	flight time: 0s	pos 0.70 -0.47 -0.01	yaw: 1.38	msg/s 0.0
INFO: 11-10-2021 20:23:36 printStatus(169) -- Drogno_5: ready	battery: 4.13	kalman var: 0.0 0.0 0.0	 batterySag: 0.69140625	link quality: 56	flight time: 0s	pos 0.70 -0.47 -0.01	yaw: 1.38	msg/s 0.0
INFO: 11-10-2021 20:23:38 printStatus(169) -- Drogno_5: ready	battery: 4.13	kalman var: 0.0 0.0 0.0	 batterySag: 0.69140625	link quality: 56	flight time: 0s	pos 0.70 -0.47 -0.01	yaw: 1.35	msg/s 0.0
INFO: 11-10-2021 20:23:39 printStatus(169) -- Drogno_5: ready	battery: 4.13	kalman var: 0.001 0.001 0.001	 batterySag: 0.69140625	link quality: 56	flight time: 0s	pos 0.70 -0.47 -0.01	yaw: 1.35	msg/s 0.0
INFO: 11-10-2021 20:23:41 printStatus(169) -- Drogno_5: ready	battery: 4.13	kalman var: 0.0 0.0 0.0	 batterySag: 0.69140625	link quality: 56	flight time: 0s	pos 0.70 -0.47 -0.01	yaw: 1.39	msg/s 0.0
INFO: 11-10-2021 20:23:42 printStatus(169) -- Drogno_5: ready	battery: 4.13	kalman var: 0.0 0.0 0.0	 batterySag: 0.69140625	link quality: 56	flight time: 0s	pos 0.70 -0.47 -0.01	yaw: 1.38	msg/s 0.0
INFO: 11-10-2021 20:23:43 printStatus(169) -- Drogno_5: ready	battery: 4.13	kalman var: 0.0 0.0 0.0	 batterySag: 0.69140625	link quality: 56	flight time: 0s	pos 0.70 -0.47 -0.01	yaw: 1.39	msg/s 0.0
INFO: 11-10-2021 20:23:44 printStatus(169) -- Drogno_5: ready	battery: 4.13	kalman var: 0.0 0.0 0.0	 batterySag: 0.69140625	link quality: 56	flight time: 0s	pos 0.70 -0.47 -0.01	yaw: 1.36	msg/s 0.0
INFO: 11-10-2021 20:23:46 printStatus(169) -- Drogno_5: ready	battery: 4.13	kalman var: 0.0 0.0 0.001	 batterySag: 0.69140625	link quality: 57	flight time: 0s	pos 0.70 -0.47 -0.01	yaw: 1.41	msg/s 0.0
INFO: 11-10-2021 20:23:48 printStatus(169) -- Drogno_5: ready	battery: 4.13	kalman var: 0.0 0.0 0.0	 batterySag: 0.69140625	link quality: 56	flight time: 0s	pos 0.70 -0.47 -0.01	yaw: 1.38	msg/s 0.0
INFO: 11-10-2021 20:23:49 printStatus(169) -- Drogno_5: ready	battery: 4.13	kalman var: 0.0 0.0 0.0	 batterySag: 0.69140625	link quality: 53	flight time: 0s	pos 0.70 -0.47 -0.01	yaw: 1.35	msg/s 0.0
INFO: 11-10-2021 20:23:51 printStatus(169) -- Drogno_5: ready	battery: 4.13	kalman var: 0.0 0.0 0.0	 batterySag: 0.69140625	link quality: 58	flight time: 0s	pos 0.70 -0.47 -0.01	yaw: 1.39	msg/s 0.0
INFO: 11-10-2021 20:23:53 printStatus(169) -- Drogno_5: ready	battery: 4.13	kalman var: 0.001 0.001 0.001	 batterySag: 0.69140625	link quality: 56	flight time: 0s	pos 0.70 -0.47 -0.01	yaw: 1.33	msg/s 0.0
INFO: 11-10-2021 20:23:54 printStatus(169) -- Drogno_5: ready	battery: 4.13	kalman var: 0.0 0.0 0.0	 batterySag: 0.69140625	link quality: 56	flight time: 0s	pos 0.70 -0.47 -0.01	yaw: 1.38	msg/s 0.0
INFO: 11-10-2021 20:23:55 printStatus(169) -- Drogno_5: ready	battery: 4.13	kalman var: 0.0 0.0 0.0	 batterySag: 0.69140625	link quality: 57	flight time: 0s	pos 0.70 -0.47 -0.01	yaw: 1.40	msg/s 0.0
INFO: 11-10-2021 20:23:57 printStatus(169) -- Drogno_5: ready	battery: 4.13	kalman var: 0.0 0.0 0.0	 batterySag: 0.69140625	link quality: 56	flight time: 0s	pos 0.70 -0.47 -0.01	yaw: 1.38	msg/s 0.0
INFO: 11-10-2021 20:23:58 printStatus(169) -- Drogno_5: ready	battery: 4.12	kalman var: 0.0 0.0 0.0	 batterySag: 0.69140625	link quality: 56	flight time: 0s	pos 0.70 -0.47 -0.01	yaw: 1.36	msg/s 0.0
INFO: 11-10-2021 20:23:59 printStatus(169) -- Drogno_5: ready	battery: 4.12	kalman var: 0.0 0.0 0.0	 batterySag: 0.69140625	link quality: 57	flight time: 0s	pos 0.70 -0.47 -0.01	yaw: 1.40	msg/s 0.0
INFO: 11-10-2021 20:24:00 printStatus(169) -- Drogno_5: ready	battery: 4.12	kalman var: 0.0 0.0 0.0	 batterySag: 0.69140625	link quality: 57	flight time: 0s	pos 0.70 -0.47 -0.01	yaw: 1.41	msg/s 0.0
INFO: 11-10-2021 20:24:02 printStatus(169) -- Drogno_5: ready	battery: 4.12	kalman var: 0.0 0.0 0.0	 batterySag: 0.69140625	link quality: 57	flight time: 0s	pos 0.70 -0.47 -0.01	yaw: 1.39	msg/s 0.0
INFO: 11-10-2021 20:24:03 printStatus(169) -- Drogno_5: ready	battery: 4.12	kalman var: 0.0 0.0 0.0	 batterySag: 0.69140625	link quality: 56	flight time: 0s	pos 0.70 -0.47 -0.01	yaw: 1.38	msg/s 0.0
INFO: 11-10-2021 20:24:04 printStatus(169) -- Drogno_5: ready	battery: 4.12	kalman var: 0.0 0.0 0.0	 batterySag: 0.69140625	link quality: 56	flight time: 0s	pos 0.70 -0.47 -0.01	yaw: 1.38	msg/s 0.0
INFO: 11-10-2021 20:24:06 printStatus(169) -- Drogno_5: ready	battery: 4.12	kalman var: 0.001 0.001 0.001	 batterySag: 0.69140625	link quality: 55	flight time: 0s	pos 0.70 -0.47 -0.01	yaw: 1.32	msg/s 0.0
INFO: 11-10-2021 20:24:07 printStatus(169) -- Drogno_5: ready	battery: 4.12	kalman var: 0.0 0.0 0.0	 batterySag: 0.69140625	link quality: 56	flight time: 0s	pos 0.70 -0.47 -0.01	yaw: 1.38	msg/s 0.0
INFO: 11-10-2021 20:24:08 printStatus(169) -- Drogno_5: ready	battery: 4.12	kalman var: 0.001 0.001 0.001	 batterySag: 0.69140625	link quality: 56	flight time: 0s	pos 0.70 -0.47 -0.01	yaw: 1.39	msg/s 0.0
INFO: 11-10-2021 20:24:10 printStatus(169) -- Drogno_5: ready	battery: 4.12	kalman var: 0.0 0.0 0.0	 batterySag: 0.69140625	link quality: 56	flight time: 0s	pos 0.70 -0.47 -0.01	yaw: 1.40	msg/s 0.0
INFO: 11-10-2021 20:24:11 printStatus(169) -- Drogno_5: ready	battery: 4.12	kalman var: 0.001 0.001 0.001	 batterySag: 0.69140625	link quality: 55	flight time: 0s	pos 0.70 -0.47 -0.01	yaw: 1.36	msg/s 0.0
INFO: 11-10-2021 20:24:12 printStatus(169) -- Drogno_5: ready	battery: 4.12	kalman var: 0.0 0.0 0.0	 batterySag: 0.69140625	link quality: 55	flight time: 0s	pos 0.70 -0.47 -0.01	yaw: 1.39	msg/s 0.0
INFO: 11-10-2021 20:24:13 printStatus(169) -- Drogno_5: ready	battery: 4.12	kalman var: 0.0 0.0 0.0	 batterySag: 0.69140625	link quality: 55	flight time: 0s	pos 0.70 -0.47 -0.01	yaw: 1.42	msg/s 0.0
INFO: 11-10-2021 20:24:14 printStatus(169) -- Drogno_5: ready	battery: 4.12	kalman var: 0.0 0.0 0.0	 batterySag: 0.69140625	link quality: 56	flight time: 0s	pos 0.70 -0.47 -0.01	yaw: 1.40	msg/s 0.0
INFO: 11-10-2021 20:24:15 printStatus(169) -- Drogno_5: ready	battery: 4.12	kalman var: 0.0 0.0 0.0	 batterySag: 0.69140625	link quality: 56	flight time: 0s	pos 0.70 -0.47 -0.01	yaw: 1.40	msg/s 0.0
INFO: 11-10-2021 20:24:17 printStatus(169) -- Drogno_5: ready	battery: 4.12	kalman var: 0.0 0.0 0.001	 batterySag: 0.69140625	link quality: 55	flight time: 0s	pos 0.70 -0.47 -0.01	yaw: 1.38	msg/s 0.0
INFO: 11-10-2021 20:24:18 printStatus(169) -- Drogno_5: ready	battery: 4.12	kalman var: 0.0 0.0 0.0	 batterySag: 0.69140625	link quality: 56	flight time: 0s	pos 0.70 -0.47 -0.01	yaw: 1.39	msg/s 0.0
INFO: 11-10-2021 20:24:19 printStatus(169) -- Drogno_5: ready	battery: 4.12	kalman var: 0.0 0.0 0.0	 batterySag: 0.69140625	link quality: 56	flight time: 0s	pos 0.70 -0.47 -0.01	yaw: 1.37	msg/s 0.0
INFO: 11-10-2021 20:24:21 printStatus(169) -- Drogno_5: ready	battery: 4.12	kalman var: 0.0 0.0 0.0	 batterySag: 0.69140625	link quality: 55	flight time: 0s	pos 0.70 -0.47 -0.01	yaw: 1.37	msg/s 0.0
INFO: 11-10-2021 20:24:22 printStatus(169) -- Drogno_5: ready	battery: 4.12	kalman var: 0.0 0.0 0.0	 batterySag: 0.69140625	link quality: 56	flight time: 0s	pos 0.70 -0.47 -0.01	yaw: 1.38	msg/s 0.0
INFO: 11-10-2021 20:24:23 printStatus(169) -- Drogno_5: ready	battery: 4.12	kalman var: 0.0 0.0 0.0	 batterySag: 0.69140625	link quality: 56	flight time: 0s	pos 0.70 -0.47 -0.01	yaw: 1.40	msg/s 0.0
INFO: 11-10-2021 20:24:24 printStatus(169) -- Drogno_5: ready	battery: 4.12	kalman var: 0.0 0.0 0.0	 batterySag: 0.69140625	link quality: 56	flight time: 0s	pos 0.70 -0.47 -0.01	yaw: 1.38	msg/s 0.0
INFO: 11-10-2021 20:24:25 printStatus(169) -- Drogno_5: ready	battery: 4.12	kalman var: 0.0 0.0 0.0	 batterySag: 0.69140625	link quality: 56	flight time: 0s	pos 0.70 -0.47 -0.01	yaw: 1.39	msg/s 0.0
INFO: 11-10-2021 20:24:26 printStatus(169) -- Drogno_5: ready	battery: 4.12	kalman var: 0.0 0.0 0.0	 batterySag: 0.69140625	link quality: 55	flight time: 0s	pos 0.70 -0.47 -0.01	yaw: 1.38	msg/s 0.0
INFO: 11-10-2021 20:24:28 printStatus(169) -- Drogno_5: ready	battery: 4.12	kalman var: 0.001 0.001 0.001	 batterySag: 0.69140625	link quality: 55	flight time: 0s	pos 0.70 -0.47 -0.01	yaw: 1.38	msg/s 0.0
INFO: 11-10-2021 20:24:29 printStatus(169) -- Drogno_5: ready	battery: 4.12	kalman var: 0.0 0.0 0.0	 batterySag: 0.69140625	link quality: 56	flight time: 0s	pos 0.70 -0.47 -0.01	yaw: 1.36	msg/s 0.0
INFO: 11-10-2021 20:24:30 printStatus(169) -- Drogno_5: ready	battery: 4.12	kalman var: 0.0 0.0 0.0	 batterySag: 0.69140625	link quality: 61	flight time: 0s	pos 0.70 -0.47 -0.01	yaw: 1.36	msg/s 0.0
INFO: 11-10-2021 20:24:31 printStatus(169) -- Drogno_5: ready	battery: 4.12	kalman var: 0.0 0.0 0.0	 batterySag: 0.69140625	link quality: 59	flight time: 0s	pos 0.70 -0.47 -0.01	yaw: 1.38	msg/s 0.0
INFO: 11-10-2021 20:24:33 printStatus(169) -- Drogno_5: ready	battery: 4.12	kalman var: 0.0 0.0 0.0	 batterySag: 0.69140625	link quality: 60	flight time: 0s	pos 0.70 -0.47 -0.01	yaw: 1.37	msg/s 0.0
INFO: 11-10-2021 20:24:34 printStatus(169) -- Drogno_5: ready	battery: 4.12	kalman var: 0.0 0.0 0.001	 batterySag: 0.69140625	link quality: 58	flight time: 0s	pos 0.70 -0.47 -0.01	yaw: 1.40	msg/s 0.0
INFO: 11-10-2021 20:24:36 printStatus(169) -- Drogno_5: ready	battery: 4.12	kalman var: 0.0 0.0 0.0	 batterySag: 0.69140625	link quality: 58	flight time: 0s	pos 0.70 -0.47 -0.01	yaw: 1.36	msg/s 0.0
INFO: 11-10-2021 20:24:37 printStatus(169) -- Drogno_5: ready	battery: 4.12	kalman var: 0.0 0.0 0.0	 batterySag: 0.69140625	link quality: 60	flight time: 0s	pos 0.70 -0.47 -0.01	yaw: 1.40	msg/s 0.0
INFO: 11-10-2021 20:24:38 printStatus(169) -- Drogno_5: ready	battery: 4.12	kalman var: 0.0 0.0 0.0	 batterySag: 0.69140625	link quality: 57	flight time: 0s	pos 0.70 -0.47 -0.01	yaw: 1.39	msg/s 0.0
INFO: 11-10-2021 20:24:39 printStatus(169) -- Drogno_5: ready	battery: 4.12	kalman var: 0.0 0.0 0.0	 batterySag: 0.69140625	link quality: 58	flight time: 0s	pos 0.70 -0.47 -0.01	yaw: 1.36	msg/s 0.0
INFO: 11-10-2021 20:24:40 printStatus(169) -- Drogno_5: ready	battery: 4.12	kalman var: 0.001 0.001 0.001	 batterySag: 0.69140625	link quality: 58	flight time: 0s	pos 0.70 -0.47 -0.01	yaw: 1.39	msg/s 0.0
INFO: 11-10-2021 20:24:42 printStatus(169) -- Drogno_5: ready	battery: 4.12	kalman var: 0.0 0.0 0.0	 batterySag: 0.69140625	link quality: 58	flight time: 0s	pos 0.70 -0.47 -0.01	yaw: 1.38	msg/s 0.0
INFO: 11-10-2021 20:24:43 printStatus(169) -- Drogno_5: ready	battery: 4.12	kalman var: 0.001 0.001 0.001	 batterySag: 0.69140625	link quality: 58	flight time: 0s	pos 0.70 -0.47 -0.01	yaw: 1.35	msg/s 0.0
INFO: 11-10-2021 20:24:44 printStatus(169) -- Drogno_5: ready	battery: 4.12	kalman var: 0.001 0.001 0.001	 batterySag: 0.69140625	link quality: 59	flight time: 0s	pos 0.70 -0.47 -0.01	yaw: 1.39	msg/s 0.0
INFO: 11-10-2021 20:24:45 printStatus(169) -- Drogno_5: ready	battery: 4.12	kalman var: 0.0 0.0 0.0	 batterySag: 0.69140625	link quality: 58	flight time: 0s	pos 0.70 -0.47 -0.01	yaw: 1.39	msg/s 0.0
INFO: 11-10-2021 20:24:47 printStatus(169) -- Drogno_5: ready	battery: 4.12	kalman var: 0.0 0.0 0.001	 batterySag: 0.69140625	link quality: 58	flight time: 0s	pos 0.70 -0.47 -0.01	yaw: 1.37	msg/s 0.0
INFO: 11-10-2021 20:24:48 printStatus(169) -- Drogno_5: ready	battery: 4.12	kalman var: 0.0 0.0 0.0	 batterySag: 0.69140625	link quality: 58	flight time: 0s	pos 0.70 -0.47 -0.01	yaw: 1.37	msg/s 0.0
INFO: 11-10-2021 20:24:49 printStatus(169) -- Drogno_5: ready	battery: 4.12	kalman var: 0.0 0.0 0.0	 batterySag: 0.69140625	link quality: 58	flight time: 0s	pos 0.70 -0.47 -0.01	yaw: 1.39	msg/s 0.0
INFO: 11-10-2021 20:24:51 printStatus(169) -- Drogno_5: ready	battery: 4.12	kalman var: 0.0 0.0 0.0	 batterySag: 0.69140625	link quality: 59	flight time: 0s	pos 0.70 -0.47 -0.01	yaw: 1.38	msg/s 0.0
INFO: 11-10-2021 20:24:52 printStatus(169) -- Drogno_5: ready	battery: 4.12	kalman var: 0.0 0.0 0.0	 batterySag: 0.69140625	link quality: 59	flight time: 0s	pos 0.70 -0.47 -0.01	yaw: 1.40	msg/s 0.0
INFO: 11-10-2021 20:24:53 printStatus(169) -- Drogno_5: ready	battery: 4.12	kalman var: 0.0 0.0 0.0	 batterySag: 0.69140625	link quality: 58	flight time: 0s	pos 0.70 -0.47 -0.01	yaw: 1.39	msg/s 0.0
INFO: 11-10-2021 20:24:55 printStatus(169) -- Drogno_5: ready	battery: 4.12	kalman var: 0.0 0.0 0.0	 batterySag: 0.69140625	link quality: 59	flight time: 0s	pos 0.70 -0.47 -0.01	yaw: 1.39	msg/s 0.0
INFO: 11-10-2021 20:24:56 printStatus(169) -- Drogno_5: ready	battery: 4.12	kalman var: 0.0 0.0 0.0	 batterySag: 0.69140625	link quality: 60	flight time: 0s	pos 0.70 -0.47 -0.01	yaw: 1.38	msg/s 0.0
INFO: 11-10-2021 20:24:57 printStatus(169) -- Drogno_5: ready	battery: 4.12	kalman var: 0.0 0.0 0.0	 batterySag: 0.69140625	link quality: 61	flight time: 0s	pos 0.70 -0.47 -0.01	yaw: 1.40	msg/s 0.0
INFO: 11-10-2021 20:24:58 printStatus(169) -- Drogno_5: ready	battery: 4.12	kalman var: 0.0 0.0 0.0	 batterySag: 0.69140625	link quality: 59	flight time: 0s	pos 0.70 -0.47 -0.01	yaw: 1.38	msg/s 0.0
INFO: 11-10-2021 20:25:00 printStatus(169) -- Drogno_5: ready	battery: 4.12	kalman var: 0.001 0.001 0.001	 batterySag: 0.69140625	link quality: 58	flight time: 0s	pos 0.70 -0.47 -0.01	yaw: 1.36	msg/s 0.0
INFO: 11-10-2021 20:25:01 printStatus(169) -- Drogno_5: ready	battery: 4.12	kalman var: 0.0 0.0 0.0	 batterySag: 0.69140625	link quality: 58	flight time: 0s	pos 0.70 -0.47 -0.01	yaw: 1.39	msg/s 0.0
INFO: 11-10-2021 20:25:02 printStatus(169) -- Drogno_5: ready	battery: 4.12	kalman var: 0.0 0.0 0.0	 batterySag: 0.69140625	link quality: 58	flight time: 0s	pos 0.70 -0.47 -0.01	yaw: 1.36	msg/s 0.0
INFO: 11-10-2021 20:25:04 printStatus(169) -- Drogno_5: ready	battery: 4.12	kalman var: 0.0 0.0 0.001	 batterySag: 0.69140625	link quality: 59	flight time: 0s	pos 0.70 -0.47 -0.01	yaw: 1.38	msg/s 0.0
INFO: 11-10-2021 20:25:05 printStatus(169) -- Drogno_5: ready	battery: 4.12	kalman var: 0.001 0.001 0.001	 batterySag: 0.69140625	link quality: 58	flight time: 0s	pos 0.70 -0.47 -0.01	yaw: 1.39	msg/s 0.0
INFO: 11-10-2021 20:25:06 printStatus(169) -- Drogno_5: ready	battery: 4.12	kalman var: 0.0 0.0 0.0	 batterySag: 0.69140625	link quality: 58	flight time: 0s	pos 0.70 -0.47 -0.01	yaw: 1.38	msg/s 0.0
INFO: 11-10-2021 20:25:07 printStatus(169) -- Drogno_5: ready	battery: 4.12	kalman var: 0.0 0.0 0.0	 batterySag: 0.69140625	link quality: 58	flight time: 0s	pos 0.70 -0.47 -0.01	yaw: 1.40	msg/s 0.0
INFO: 11-10-2021 20:25:08 printStatus(169) -- Drogno_5: ready	battery: 4.12	kalman var: 0.0 0.0 0.0	 batterySag: 0.69140625	link quality: 58	flight time: 0s	pos 0.70 -0.47 -0.01	yaw: 1.40	msg/s 0.0
INFO: 11-10-2021 20:25:10 printStatus(169) -- Drogno_5: ready	battery: 4.12	kalman var: 0.0 0.0 0.0	 batterySag: 0.69140625	link quality: 58	flight time: 0s	pos 0.70 -0.47 -0.01	yaw: 1.42	msg/s 0.0
INFO: 11-10-2021 20:25:11 printStatus(169) -- Drogno_5: ready	battery: 4.12	kalman var: 0.0 0.0 0.0	 batterySag: 0.69140625	link quality: 58	flight time: 0s	pos 0.70 -0.47 -0.01	yaw: 1.41	msg/s 0.0
INFO: 11-10-2021 20:25:12 printStatus(169) -- Drogno_5: ready	battery: 4.12	kalman var: 0.001 0.001 0.001	 batterySag: 0.69140625	link quality: 58	flight time: 0s	pos 0.70 -0.47 -0.01	yaw: 1.38	msg/s 0.0
INFO: 11-10-2021 20:25:13 printStatus(169) -- Drogno_5: ready	battery: 4.12	kalman var: 0.0 0.0 0.0	 batterySag: 0.69140625	link quality: 58	flight time: 0s	pos 0.70 -0.47 -0.01	yaw: 1.39	msg/s 0.0
INFO: 11-10-2021 20:25:15 printStatus(169) -- Drogno_5: ready	battery: 4.12	kalman var: 0.001 0.001 0.001	 batterySag: 0.69140625	link quality: 58	flight time: 0s	pos 0.70 -0.47 -0.01	yaw: 1.41	msg/s 0.0
INFO: 11-10-2021 20:25:16 printStatus(169) -- Drogno_5: ready	battery: 4.12	kalman var: 0.0 0.0 0.0	 batterySag: 0.69140625	link quality: 58	flight time: 0s	pos 0.70 -0.47 -0.01	yaw: 1.39	msg/s 0.0
INFO: 11-10-2021 20:25:18 printStatus(169) -- Drogno_5: ready	battery: 4.12	kalman var: 0.0 0.0 0.0	 batterySag: 0.69140625	link quality: 61	flight time: 0s	pos 0.70 -0.47 -0.01	yaw: 1.38	msg/s 0.0
INFO: 11-10-2021 20:25:19 printStatus(169) -- Drogno_5: ready	battery: 4.12	kalman var: 0.0 0.0 0.0	 batterySag: 0.69140625	link quality: 58	flight time: 0s	pos 0.70 -0.47 -0.01	yaw: 1.40	msg/s 0.0
INFO: 11-10-2021 20:25:20 printStatus(169) -- Drogno_5: ready	battery: 4.12	kalman var: 0.0 0.0 0.0	 batterySag: 0.69140625	link quality: 57	flight time: 0s	pos 0.70 -0.47 -0.01	yaw: 1.38	msg/s 0.0
INFO: 11-10-2021 20:25:22 printStatus(169) -- Drogno_5: ready	battery: 4.12	kalman var: 0.0 0.0 0.0	 batterySag: 0.69140625	link quality: 60	flight time: 0s	pos 0.70 -0.47 -0.01	yaw: 1.40	msg/s 0.0
INFO: 11-10-2021 20:25:23 printStatus(169) -- Drogno_5: ready	battery: 4.12	kalman var: 0.0 0.0 0.0	 batterySag: 0.69140625	link quality: 54	flight time: 0s	pos 0.70 -0.47 -0.01	yaw: 1.40	msg/s 0.0
INFO: 11-10-2021 20:25:24 printStatus(169) -- Drogno_5: ready	battery: 4.12	kalman var: 0.0 0.0 0.0	 batterySag: 0.69140625	link quality: 56	flight time: 0s	pos 0.70 -0.47 -0.01	yaw: 1.38	msg/s 0.0
INFO: 11-10-2021 20:25:25 printStatus(169) -- Drogno_5: ready	battery: 4.12	kalman var: 0.0 0.0 0.0	 batterySag: 0.69140625	link quality: 56	flight time: 0s	pos 0.70 -0.47 -0.01	yaw: 1.40	msg/s 0.0
INFO: 11-10-2021 20:25:27 printStatus(169) -- Drogno_5: ready	battery: 4.12	kalman var: 0.0 0.0 0.0	 batterySag: 0.69140625	link quality: 56	flight time: 0s	pos 0.70 -0.47 -0.01	yaw: 1.41	msg/s 0.0
INFO: 11-10-2021 20:25:29 printStatus(169) -- Drogno_5: ready	battery: 4.12	kalman var: 0.0 0.0 0.0	 batterySag: 0.69140625	link quality: 58	flight time: 0s	pos 0.70 -0.47 -0.01	yaw: 1.40	msg/s 0.0
INFO: 11-10-2021 20:25:30 printStatus(169) -- Drogno_5: ready	battery: 4.12	kalman var: 0.0 0.0 0.0	 batterySag: 0.69140625	link quality: 58	flight time: 0s	pos 0.70 -0.47 -0.01	yaw: 1.40	msg/s 0.0
INFO: 11-10-2021 20:25:31 printStatus(169) -- Drogno_5: ready	battery: 4.12	kalman var: 0.001 0.001 0.001	 batterySag: 0.69140625	link quality: 62	flight time: 0s	pos 0.70 -0.47 -0.01	yaw: 1.37	msg/s 0.0
INFO: 11-10-2021 20:25:33 printStatus(169) -- Drogno_5: ready	battery: 4.12	kalman var: 0.0 0.0 0.0	 batterySag: 0.69140625	link quality: 59	flight time: 0s	pos 0.70 -0.47 -0.01	yaw: 1.38	msg/s 0.0
INFO: 11-10-2021 20:25:35 printStatus(169) -- Drogno_5: ready	battery: 4.12	kalman var: 0.0 0.0 0.0	 batterySag: 0.69140625	link quality: 58	flight time: 0s	pos 0.70 -0.47 -0.01	yaw: 1.37	msg/s 0.0
INFO: 11-10-2021 20:25:36 printStatus(169) -- Drogno_5: ready	battery: 4.12	kalman var: 0.0 0.0 0.0	 batterySag: 0.69140625	link quality: 59	flight time: 0s	pos 0.70 -0.47 -0.01	yaw: 1.41	msg/s 0.0
INFO: 11-10-2021 20:25:37 printStatus(169) -- Drogno_5: ready	battery: 4.11	kalman var: 0.0 0.0 0.001	 batterySag: 0.69140625	link quality: 59	flight time: 0s	pos 0.70 -0.47 -0.01	yaw: 1.38	msg/s 0.0
INFO: 11-10-2021 20:25:39 printStatus(169) -- Drogno_5: hovering	battery: 4.11	kalman var: 0.0 0.0 0.0	 batterySag: 0.69140625	link quality: 58	flight time: 0s	pos 0.70 -0.47 -0.01	yaw: 1.42	msg/s 0.0
INFO: 11-10-2021 20:25:41 printStatus(169) -- Drogno_5: ready	battery: 3.75	kalman var: 0.0 0.0 0.0	 batterySag: 0.69140625	link quality: 59	flight time: 0s	pos 0.78 -0.51 0.28	yaw: 0.72	msg/s 0.0
INFO: 11-10-2021 20:25:42 printStatus(169) -- Drogno_5: ready	battery: 3.75	kalman var: 0.0 0.0 0.0	 batterySag: 0.69140625	link quality: 59	flight time: 1s	pos 0.78 -0.51 0.28	yaw: 0.72	msg/s 0.0
INFO: 11-10-2021 20:25:43 printStatus(169) -- Drogno_5: ready	battery: 3.75	kalman var: 0.0 0.0 0.0	 batterySag: 0.69140625	link quality: 67	flight time: 2s	pos 0.71 -0.47 0.86	yaw: -1.32	msg/s 0.0
INFO: 11-10-2021 20:25:44 printStatus(169) -- Drogno_5: ready	battery: 3.73	kalman var: 0.0 0.0 0.0	 batterySag: 0.69140625	link quality: 69	flight time: 4s	pos 0.71 -0.46 0.85	yaw: -1.36	msg/s 0.0
INFO: 11-10-2021 20:25:46 printStatus(169) -- Drogno_5: ready	battery: 3.73	kalman var: 0.0 0.0 0.0	 batterySag: 0.69140625	link quality: 62	flight time: 5s	pos 0.70 -0.46 0.86	yaw: 0.16	msg/s 0.0
INFO: 11-10-2021 20:25:47 printStatus(169) -- Drogno_5: ready	battery: 3.71	kalman var: 0.001 0.001 0.001	 batterySag: 0.69140625	link quality: 57	flight time: 6s	pos 0.70 -0.48 0.85	yaw: 0.01	msg/s 0.0
INFO: 11-10-2021 20:25:48 printStatus(169) -- Drogno_5: ready	battery: 3.7	kalman var: 0.0 0.0 0.0	 batterySag: 0.69140625	link quality: 58	flight time: 8s	pos 0.70 -0.47 0.83	yaw: 1.41	msg/s 0.0
INFO: 11-10-2021 20:25:50 printStatus(169) -- Drogno_5: ready	battery: 3.67	kalman var: 0.0 0.0 0.0	 batterySag: 0.69140625	link quality: 55	flight time: 9s	pos 0.69 -0.47 0.82	yaw: 0.17	msg/s 3.6363636363636362
INFO: 11-10-2021 20:25:51 printStatus(169) -- Drogno_5: hovering	battery: 3.69	kalman var: 0.0 0.0 0.0	 batterySag: 0.69140625	link quality: 48	flight time: 10s	pos 0.03 -0.14 1.19	yaw: 0.03	msg/s 16.363636363636363
INFO: 11-10-2021 20:25:52 printStatus(169) -- Drogno_5: hovering	battery: 3.66	kalman var: 0.0 0.0 0.0	 batterySag: 0.69140625	link quality: 62	flight time: 11s	pos -0.04 0.03 1.16	yaw: -0.52	msg/s 14.545454545454545
INFO: 11-10-2021 20:25:53 printStatus(169) -- Drogno_5: hovering	battery: 3.66	kalman var: 0.0 0.0 0.0	 batterySag: 0.69140625	link quality: 68	flight time: 13s	pos -0.13 0.14 1.02	yaw: 4.93	msg/s 21.818181818181817
INFO: 11-10-2021 20:25:54 printStatus(169) -- Drogno_5: hovering	battery: 3.67	kalman var: 0.0 0.0 0.0	 batterySag: 0.69140625	link quality: 58	flight time: 14s	pos -0.14 0.27 1.21	yaw: -2.58	msg/s 23.636363636363633
INFO: 11-10-2021 20:25:56 printStatus(169) -- Drogno_5: hovering	battery: 3.63	kalman var: 0.0 0.0 0.0	 batterySag: 0.69140625	link quality: 57	flight time: 15s	pos -0.24 0.37 0.96	yaw: -1.54	msg/s 21.818181818181817
INFO: 11-10-2021 20:25:57 printStatus(169) -- Drogno_5: hovering	battery: 3.66	kalman var: 0.001 0.001 0.001	 batterySag: 0.69140625	link quality: 46	flight time: 16s	pos -0.33 0.41 1.11	yaw: -0.70	msg/s 21.818181818181817
INFO: 11-10-2021 20:25:58 printStatus(169) -- Drogno_5: hovering	battery: 3.66	kalman var: 0.0 0.0 0.0	 batterySag: 0.69140625	link quality: 62	flight time: 18s	pos -0.40 0.44 1.22	yaw: -0.10	msg/s 20.0
INFO: 11-10-2021 20:26:00 printStatus(169) -- Drogno_5: hovering	battery: 3.64	kalman var: 0.0 0.0 0.0	 batterySag: 0.69140625	link quality: 46	flight time: 19s	pos -0.43 0.44 1.09	yaw: -3.25	msg/s 20.0
INFO: 11-10-2021 20:26:01 printStatus(169) -- Drogno_5: hovering	battery: 3.64	kalman var: 0.0 0.0 0.0	 batterySag: 0.69140625	link quality: 49	flight time: 20s	pos -0.68 0.49 1.11	yaw: 1.50	msg/s 18.18181818181818
INFO: 11-10-2021 20:26:02 printStatus(169) -- Drogno_5: hovering	battery: 3.64	kalman var: 0.0 0.0 0.0	 batterySag: 0.69140625	link quality: 51	flight time: 21s	pos -1.09 0.12 1.12	yaw: 1.68	msg/s 18.18181818181818
INFO: 11-10-2021 20:26:03 printStatus(169) -- Drogno_5: hovering	battery: 3.63	kalman var: 0.0 0.0 0.0	 batterySag: 0.69140625	link quality: 49	flight time: 22s	pos -1.05 -0.44 1.11	yaw: 0.12	msg/s 21.818181818181817
INFO: 11-10-2021 20:26:04 printStatus(169) -- Drogno_5: hovering	battery: 3.63	kalman var: 0.0 0.0 0.0	 batterySag: 0.69140625	link quality: 46	flight time: 24s	pos -0.61 -0.83 1.11	yaw: -0.32	msg/s 21.818181818181817
INFO: 11-10-2021 20:26:06 printStatus(169) -- Drogno_5: hovering	battery: 3.63	kalman var: 0.0 0.0 0.0	 batterySag: 0.69140625	link quality: 49	flight time: 25s	pos 0.22 -0.67 1.12	yaw: 1.14	msg/s 20.0
INFO: 11-10-2021 20:26:07 printStatus(169) -- Drogno_5: hovering	battery: 3.63	kalman var: 0.0 0.0 0.0	 batterySag: 0.69140625	link quality: 56	flight time: 26s	pos 0.13 0.87 1.11	yaw: 0.55	msg/s 21.818181818181817
INFO: 11-10-2021 20:26:08 printStatus(169) -- Drogno_5: hovering	battery: 3.63	kalman var: 0.0 0.0 0.0	 batterySag: 0.69140625	link quality: 54	flight time: 27s	pos -0.79 0.84 1.12	yaw: 0.54	msg/s 20.0
INFO: 11-10-2021 20:26:09 printStatus(169) -- Drogno_5: hovering	battery: 3.62	kalman var: 0.0 0.0 0.0	 batterySag: 0.69140625	link quality: 52	flight time: 29s	pos -1.27 0.24 1.11	yaw: 0.32	msg/s 20.0
INFO: 11-10-2021 20:26:10 printStatus(169) -- Drogno_5: hovering	battery: 3.63	kalman var: 0.0 0.0 0.0	 batterySag: 0.69140625	link quality: 48	flight time: 30s	pos -1.31 0.00 1.08	yaw: -0.25	msg/s 21.818181818181817
INFO: 11-10-2021 20:26:11 printStatus(169) -- Drogno_5: hovering	battery: 3.58	kalman var: 0.0 0.0 0.0	 batterySag: 0.69140625	link quality: 51	flight time: 31s	pos -1.20 -0.03 0.96	yaw: -2.78	msg/s 20.0
INFO: 11-10-2021 20:26:13 printStatus(169) -- Drogno_5: hovering	battery: 3.67	kalman var: 0.0 0.0 0.0	 batterySag: 0.69140625	link quality: 52	flight time: 32s	pos -1.17 -0.01 1.40	yaw: -0.50	msg/s 18.18181818181818
INFO: 11-10-2021 20:26:14 printStatus(169) -- Drogno_5: hovering	battery: 3.61	kalman var: 0.0 0.0 0.0	 batterySag: 0.69140625	link quality: 55	flight time: 33s	pos -0.89 0.37 0.95	yaw: 2.49	msg/s 23.636363636363633
INFO: 11-10-2021 20:26:15 printStatus(169) -- Drogno_5: hovering	battery: 3.63	kalman var: 0.0 0.0 0.0	 batterySag: 0.69140625	link quality: 49	flight time: 34s	pos -0.54 0.47 1.03	yaw: 0.94	msg/s 25.454545454545453
INFO: 11-10-2021 20:26:17 printStatus(169) -- Drogno_5: moving	battery: 3.58	kalman var: 0.0 0.0 0.0	 batterySag: 0.69140625	link quality: 53	flight time: 36s	pos -0.29 0.42 0.70	yaw: 0.36	msg/s 25.454545454545453
INFO: 11-10-2021 20:26:18 printStatus(169) -- Drogno_5: hovering	battery: 3.59	kalman var: 0.0 0.0 0.0	 batterySag: 0.69140625	link quality: 53	flight time: 37s	pos -0.50 0.42 0.56	yaw: -0.92	msg/s 29.09090909090909
INFO: 11-10-2021 20:26:19 printStatus(169) -- Drogno_5: hovering	battery: 3.58	kalman var: 0.001 0.001 0.001	 batterySag: 0.69140625	link quality: 56	flight time: 38s	pos -0.61 0.57 0.68	yaw: 1.75	msg/s 20.0
INFO: 11-10-2021 20:26:20 printStatus(169) -- Drogno_5: hovering	battery: 3.58	kalman var: 0.0 0.0 0.0	 batterySag: 0.69140625	link quality: 51	flight time: 40s	pos -0.64 0.76 0.84	yaw: 2.00	msg/s 23.636363636363633
INFO: 11-10-2021 20:26:22 printStatus(169) -- Drogno_5: hovering	battery: 3.59	kalman var: 0.003 0.003 0.001	 batterySag: 0.69140625	link quality: 49	flight time: 41s	pos -0.18 1.18 1.18	yaw: -0.24	msg/s 21.818181818181817
INFO: 11-10-2021 20:26:23 printStatus(169) -- Drogno_5: hovering	battery: 3.59	kalman var: 0.009 0.009 0.002	 batterySag: 0.69140625	link quality: 51	flight time: 42s	pos 0.19 0.95 1.26	yaw: -1.23	msg/s 25.454545454545453
INFO: 11-10-2021 20:26:25 printStatus(169) -- Drogno_5: moving	battery: 3.57	kalman var: 0.042 0.042 0.005	 batterySag: 0.69140625	link quality: 60	flight time: 44s	pos 1.00 0.46 1.25	yaw: -0.75	msg/s 27.27272727272727
INFO: 11-10-2021 20:26:26 printStatus(169) -- Drogno_5: hovering	battery: 3.57	kalman var: 0.001 0.001 0.001	 batterySag: 0.69140625	link quality: 54	flight time: 46s	pos 1.15 0.61 1.05	yaw: 0.22	msg/s 21.818181818181817
INFO: 11-10-2021 20:26:27 printStatus(169) -- Drogno_5: hovering	battery: 3.59	kalman var: 0.0 0.0 0.0	 batterySag: 0.69140625	link quality: 53	flight time: 47s	pos 0.64 -0.36 1.62	yaw: -0.79	msg/s 21.818181818181817
INFO: 11-10-2021 20:26:28 printStatus(169) -- Drogno_5: hovering	battery: 3.58	kalman var: 0.0 0.0 0.0	 batterySag: 0.69140625	link quality: 51	flight time: 48s	pos 0.27 -0.82 1.62	yaw: -0.25	msg/s 21.818181818181817
INFO: 11-10-2021 20:26:30 printStatus(169) -- Drogno_5: ready	battery: 3.55	kalman var: 0.0 0.0 0.0	 batterySag: 0.69140625	link quality: 46	flight time: 49s	pos -0.67 -1.26 0.85	yaw: 0.61	msg/s 23.636363636363633
INFO: 11-10-2021 20:26:31 printStatus(169) -- Drogno_5: hovering	battery: 3.56	kalman var: 0.0 0.0 0.0	 batterySag: 0.69140625	link quality: 53	flight time: 50s	pos -0.93 -0.61 0.64	yaw: -3.36	msg/s 20.0
INFO: 11-10-2021 20:26:32 printStatus(169) -- Drogno_5: hovering	battery: 3.56	kalman var: 0.0 0.0 0.001	 batterySag: 0.69140625	link quality: 51	flight time: 51s	pos -0.98 0.05 0.59	yaw: -0.38	msg/s 21.818181818181817
INFO: 11-10-2021 20:26:34 printStatus(169) -- Drogno_5: hovering	battery: 3.55	kalman var: 0.001 0.001 0.001	 batterySag: 0.69140625	link quality: 55	flight time: 53s	pos -0.55 1.09 0.99	yaw: 0.08	msg/s 21.818181818181817
INFO: 11-10-2021 20:26:35 printStatus(169) -- Drogno_5: hovering	battery: 3.56	kalman var: 0.004 0.004 0.002	 batterySag: 0.69140625	link quality: 56	flight time: 55s	pos 0.02 1.20 1.50	yaw: 0.48	msg/s 23.636363636363633
INFO: 11-10-2021 20:26:37 printStatus(169) -- Drogno_5: hovering	battery: 3.56	kalman var: 0.0 0.0 0.0	 batterySag: 0.69140625	link quality: 45	flight time: 56s	pos 0.79 0.28 2.19	yaw: 0.22	msg/s 25.454545454545453
INFO: 11-10-2021 20:26:38 printStatus(169) -- Drogno_5: moving	battery: 3.56	kalman var: 0.0 0.0 0.0	 batterySag: 0.69140625	link quality: 58	flight time: 57s	pos 0.56 -0.66 1.96	yaw: 0.64	msg/s 18.18181818181818
INFO: 11-10-2021 20:26:39 printStatus(169) -- Drogno_5: hovering	battery: 3.54	kalman var: 0.001 0.001 0.001	 batterySag: 0.69140625	link quality: 44	flight time: 58s	pos 0.22 -1.30 1.54	yaw: 1.02	msg/s 27.27272727272727
INFO: 11-10-2021 20:26:40 printStatus(169) -- Drogno_5: moving	battery: 3.54	kalman var: 0.001 0.001 0.0	 batterySag: 0.69140625	link quality: 46	flight time: 60s	pos -0.45 -1.49 1.25	yaw: 0.21	msg/s 23.636363636363633
INFO: 11-10-2021 20:26:41 printStatus(169) -- Drogno_5: hovering	battery: 3.55	kalman var: 0.0 0.0 0.0	 batterySag: 0.69140625	link quality: 44	flight time: 61s	pos -1.14 -1.15 1.20	yaw: -0.59	msg/s 25.454545454545453
INFO: 11-10-2021 20:26:43 printStatus(169) -- Drogno_5: moving	battery: 3.54	kalman var: 0.002 0.002 0.001	 batterySag: 0.69140625	link quality: 52	flight time: 62s	pos -1.56 -1.22 0.96	yaw: 0.08	msg/s 21.818181818181817
INFO: 11-10-2021 20:26:44 printStatus(169) -- Drogno_5: hovering	battery: 3.5	kalman var: 0.0 0.0 0.0	 batterySag: 0.69140625	link quality: 49	flight time: 63s	pos -1.25 -1.21 0.79	yaw: -2.72	msg/s 23.636363636363633
INFO: 11-10-2021 20:26:45 printStatus(169) -- Drogno_5: hovering	battery: 3.54	kalman var: 0.0 0.0 0.0	 batterySag: 0.69140625	link quality: 51	flight time: 65s	pos -0.38 -1.51 0.88	yaw: 2.40	msg/s 21.818181818181817
INFO: 11-10-2021 20:26:47 printStatus(169) -- Drogno_5: hovering	battery: 3.52	kalman var: 0.002 0.002 0.001	 batterySag: 0.69140625	link quality: 56	flight time: 66s	pos 1.04 -1.26 1.06	yaw: -0.39	msg/s 21.818181818181817
INFO: 11-10-2021 20:26:48 printStatus(169) -- Drogno_5: hovering	battery: 3.53	kalman var: 0.006 0.006 0.002	 batterySag: 0.69140625	link quality: 51	flight time: 67s	pos 0.95 -0.81 1.32	yaw: 0.50	msg/s 25.454545454545453
INFO: 11-10-2021 20:26:49 printStatus(169) -- Drogno_5: hovering	battery: 3.53	kalman var: 0.017 0.017 0.003	 batterySag: 0.69140625	link quality: 50	flight time: 69s	pos 0.56 -0.79 1.36	yaw: 1.15	msg/s 23.636363636363633
WARNING: 11-10-2021 20:26:50 evaluateBattery(804) -- battery under 3.50v
WARNING: 11-10-2021 20:26:50 evaluateBattery(804) -- battery under 3.50v
INFO: 11-10-2021 20:26:50 printStatus(169) -- Drogno_5: hovering	battery: 3.36	kalman var: 0.014 0.038 0.035	 batterySag: 0.69140625	link quality: 42	flight time: 70s	pos 0.47 -0.92 1.28	yaw: -20.02	msg/s 21.818181818181817
WARNING: 11-10-2021 20:26:51 evaluateBattery(804) -- battery under 3.50v
WARNING: 11-10-2021 20:26:51 evaluateBattery(804) -- battery under 3.50v
INFO: 11-10-2021 20:26:52 printStatus(169) -- Drogno_5: hovering	battery: 3.41	kalman var: 0.0 0.0 0.0	 batterySag: 0.69140625	link quality: 65	flight time: 71s	pos -0.06 -0.00 0.02	yaw: 70.19	msg/s 23.636363636363633
WARNING: 11-10-2021 20:26:52 evaluateBattery(804) -- battery under 3.50v
WARNING: 11-10-2021 20:26:53 evaluateBattery(804) -- battery under 3.50v
INFO: 11-10-2021 20:26:53 printStatus(169) -- Drogno_5: hovering	battery: 3.41	kalman var: 0.001 0.001 0.001	 batterySag: 0.69140625	link quality: 57	flight time: 72s	pos -0.75 -1.55 0.04	yaw: -23.03	msg/s 25.454545454545453
WARNING: 11-10-2021 20:26:53 evaluateBattery(804) -- battery under 3.50v
INFO: 11-10-2021 20:26:54 printStatus(169) -- Drogno_5: stand by	battery: 3.82	kalman var: 0.004 0.004 0.006	 batterySag: 0.69140625	link quality: 54	flight time: 74s	pos -3.06 -0.10 -2.52	yaw: -137.50	msg/s 15.454545454545453
INFO: 11-10-2021 20:26:56 printStatus(169) -- Drogno_5: stand by	battery: 3.82	kalman var: 0.004 0.004 0.006	 batterySag: 0.69140625	link quality: 54	flight time: 74s	pos -3.06 -0.10 -2.52	yaw: -137.50	msg/s 10.909090909090908
INFO: 11-10-2021 20:26:57 printStatus(169) -- Drogno_5: stand by	battery: 3.82	kalman var: 0.004 0.004 0.006	 batterySag: 0.69140625	link quality: 54	flight time: 74s	pos -3.06 -0.10 -2.52	yaw: -137.50	msg/s 9.09090909090909
INFO: 11-10-2021 20:26:58 printStatus(169) -- Drogno_5: stand by	battery: 3.82	kalman var: 0.004 0.004 0.006	 batterySag: 0.69140625	link quality: 54	flight time: 74s	pos -3.06 -0.10 -2.52	yaw: -137.50	msg/s 12.727272727272727
INFO: 11-10-2021 20:26:59 printStatus(169) -- Drogno_5: stand by	battery: 3.82	kalman var: 0.004 0.004 0.006	 batterySag: 0.69140625	link quality: 54	flight time: 74s	pos -3.06 -0.10 -2.52	yaw: -137.50	msg/s 10.909090909090908
INFO: 11-10-2021 20:27:00 printStatus(169) -- Drogno_5: stand by	battery: 3.82	kalman var: 0.004 0.004 0.006	 batterySag: 0.69140625	link quality: 54	flight time: 74s	pos -3.06 -0.10 -2.52	yaw: -137.50	msg/s 11.818181818181817
INFO: 11-10-2021 20:27:01 printStatus(169) -- Drogno_5: stand by	battery: 3.82	kalman var: 0.004 0.004 0.006	 batterySag: 0.69140625	link quality: 54	flight time: 74s	pos -3.06 -0.10 -2.52	yaw: -137.50	msg/s 13.636363636363635
INFO: 11-10-2021 20:27:02 printStatus(169) -- Drogno_5: stand by	battery: 3.82	kalman var: 0.004 0.004 0.006	 batterySag: 0.69140625	link quality: 54	flight time: 74s	pos -3.06 -0.10 -2.52	yaw: -137.50	msg/s 11.818181818181817
INFO: 11-10-2021 20:27:04 printStatus(169) -- Drogno_5: stand by	battery: 3.82	kalman var: 0.004 0.004 0.006	 batterySag: 0.69140625	link quality: 54	flight time: 74s	pos -3.06 -0.10 -2.52	yaw: -137.50	msg/s 11.818181818181817
INFO: 11-10-2021 20:27:05 printStatus(169) -- Drogno_5: stand by	battery: 3.82	kalman var: 0.004 0.004 0.006	 batterySag: 0.69140625	link quality: 54	flight time: 74s	pos -3.06 -0.10 -2.52	yaw: -137.50	msg/s 11.818181818181817
INFO: 11-10-2021 20:27:06 printStatus(169) -- Drogno_5: stand by	battery: 3.82	kalman var: 0.004 0.004 0.006	 batterySag: 0.69140625	link quality: 54	flight time: 74s	pos -3.06 -0.10 -2.52	yaw: -137.50	msg/s 11.818181818181817
INFO: 11-10-2021 20:27:07 printStatus(169) -- Drogno_5: stand by	battery: 3.82	kalman var: 0.004 0.004 0.006	 batterySag: 0.69140625	link quality: 54	flight time: 74s	pos -3.06 -0.10 -2.52	yaw: -137.50	msg/s 12.727272727272727
INFO: 11-10-2021 20:27:08 printStatus(169) -- Drogno_5: stand by	battery: 3.82	kalman var: 0.004 0.004 0.006	 batterySag: 0.69140625	link quality: 54	flight time: 74s	pos -3.06 -0.10 -2.52	yaw: -137.50	msg/s 10.909090909090908
INFO: 11-10-2021 20:27:10 printStatus(169) -- Drogno_5: stand by	battery: 3.82	kalman var: 0.004 0.004 0.006	 batterySag: 0.69140625	link quality: 54	flight time: 74s	pos -3.06 -0.10 -2.52	yaw: -137.50	msg/s 12.727272727272727
INFO: 11-10-2021 20:27:11 printStatus(169) -- Drogno_5: stand by	battery: 3.82	kalman var: 0.004 0.004 0.006	 batterySag: 0.69140625	link quality: 54	flight time: 74s	pos -3.06 -0.10 -2.52	yaw: -137.50	msg/s 5.454545454545454
INFO: 11-10-2021 20:27:12 printStatus(169) -- Drogno_5: stand by	battery: 3.82	kalman var: 0.004 0.004 0.006	 batterySag: 0.69140625	link quality: 54	flight time: 74s	pos -3.06 -0.10 -2.52	yaw: -137.50	msg/s 3.6363636363636362
INFO: 11-10-2021 20:27:13 printStatus(169) -- Drogno_5: stand by	battery: 3.82	kalman var: 0.004 0.004 0.006	 batterySag: 0.69140625	link quality: 54	flight time: 74s	pos -3.06 -0.10 -2.52	yaw: -137.50	msg/s 7.2727272727272725
INFO: 11-10-2021 20:27:15 printStatus(169) -- Drogno_5: stand by	battery: 3.82	kalman var: 0.004 0.004 0.006	 batterySag: 0.69140625	link quality: 54	flight time: 74s	pos -3.06 -0.10 -2.52	yaw: -137.50	msg/s 11.818181818181817
INFO: 11-10-2021 20:27:16 printStatus(169) -- Drogno_5: stand by	battery: 3.82	kalman var: 0.004 0.004 0.006	 batterySag: 0.69140625	link quality: 54	flight time: 74s	pos -3.06 -0.10 -2.52	yaw: -137.50	msg/s 12.727272727272727
INFO: 11-10-2021 20:27:17 printStatus(169) -- Drogno_5: stand by	battery: 3.82	kalman var: 0.004 0.004 0.006	 batterySag: 0.69140625	link quality: 54	flight time: 74s	pos -3.06 -0.10 -2.52	yaw: -137.50	msg/s 10.909090909090908
INFO: 11-10-2021 20:27:18 printStatus(169) -- Drogno_5: stand by	battery: 3.82	kalman var: 0.004 0.004 0.006	 batterySag: 0.69140625	link quality: 54	flight time: 74s	pos -3.06 -0.10 -2.52	yaw: -137.50	msg/s 12.727272727272727
INFO: 11-10-2021 20:27:20 printStatus(169) -- Drogno_5: stand by	battery: 3.82	kalman var: 0.004 0.004 0.006	 batterySag: 0.69140625	link quality: 54	flight time: 74s	pos -3.06 -0.10 -2.52	yaw: -137.50	msg/s 12.727272727272727
INFO: 11-10-2021 20:27:21 printStatus(169) -- Drogno_5: stand by	battery: 3.82	kalman var: 0.004 0.004 0.006	 batterySag: 0.69140625	link quality: 54	flight time: 74s	pos -3.06 -0.10 -2.52	yaw: -137.50	msg/s 21.818181818181817
INFO: 11-10-2021 20:27:22 printStatus(169) -- Drogno_5: stand by	battery: 3.82	kalman var: 0.004 0.004 0.006	 batterySag: 0.69140625	link quality: 54	flight time: 74s	pos -3.06 -0.10 -2.52	yaw: -137.50	msg/s 21.818181818181817
INFO: 11-10-2021 20:27:24 printStatus(169) -- Drogno_5: stand by	battery: 3.82	kalman var: 0.004 0.004 0.006	 batterySag: 0.69140625	link quality: 54	flight time: 74s	pos -3.06 -0.10 -2.52	yaw: -137.50	msg/s 20.909090909090907
INFO: 11-10-2021 20:27:25 printStatus(169) -- Drogno_5: stand by	battery: 3.82	kalman var: 0.004 0.004 0.006	 batterySag: 0.69140625	link quality: 54	flight time: 74s	pos -3.06 -0.10 -2.52	yaw: -137.50	msg/s 20.909090909090907
INFO: 11-10-2021 20:27:26 printStatus(169) -- Drogno_5: stand by	battery: 3.82	kalman var: 0.004 0.004 0.006	 batterySag: 0.69140625	link quality: 54	flight time: 74s	pos -3.06 -0.10 -2.52	yaw: -137.50	msg/s 22.727272727272727
INFO: 11-10-2021 20:27:28 printStatus(169) -- Drogno_5: stand by	battery: 3.82	kalman var: 0.004 0.004 0.006	 batterySag: 0.69140625	link quality: 54	flight time: 74s	pos -3.06 -0.10 -2.52	yaw: -137.50	msg/s 22.727272727272727
INFO: 11-10-2021 20:27:29 printStatus(169) -- Drogno_5: stand by	battery: 3.82	kalman var: 0.004 0.004 0.006	 batterySag: 0.69140625	link quality: 54	flight time: 74s	pos -3.06 -0.10 -2.52	yaw: -137.50	msg/s 20.909090909090907
INFO: 11-10-2021 20:27:30 printStatus(169) -- Drogno_5: stand by	battery: 3.82	kalman var: 0.004 0.004 0.006	 batterySag: 0.69140625	link quality: 54	flight time: 74s	pos -3.06 -0.10 -2.52	yaw: -137.50	msg/s 21.818181818181817
INFO: 11-10-2021 20:27:31 printStatus(169) -- Drogno_5: stand by	battery: 3.82	kalman var: 0.004 0.004 0.006	 batterySag: 0.69140625	link quality: 54	flight time: 74s	pos -3.06 -0.10 -2.52	yaw: -137.50	msg/s 22.727272727272727
INFO: 11-10-2021 20:27:32 printStatus(169) -- Drogno_5: stand by	battery: 3.82	kalman var: 0.004 0.004 0.006	 batterySag: 0.69140625	link quality: 54	flight time: 74s	pos -3.06 -0.10 -2.52	yaw: -137.50	msg/s 21.818181818181817
INFO: 11-10-2021 20:27:34 printStatus(169) -- Drogno_5: stand by	battery: 3.82	kalman var: 0.004 0.004 0.006	 batterySag: 0.69140625	link quality: 54	flight time: 74s	pos -3.06 -0.10 -2.52	yaw: -137.50	msg/s 20.909090909090907
INFO: 11-10-2021 20:27:35 printStatus(169) -- Drogno_5: stand by	battery: 3.82	kalman var: 0.004 0.004 0.006	 batterySag: 0.69140625	link quality: 54	flight time: 74s	pos -3.06 -0.10 -2.52	yaw: -137.50	msg/s 20.909090909090907
INFO: 11-10-2021 20:27:36 printStatus(169) -- Drogno_5: stand by	battery: 3.82	kalman var: 0.004 0.004 0.006	 batterySag: 0.69140625	link quality: 54	flight time: 74s	pos -3.06 -0.10 -2.52	yaw: -137.50	msg/s 21.818181818181817
INFO: 11-10-2021 20:27:37 printStatus(169) -- Drogno_5: stand by	battery: 3.82	kalman var: 0.004 0.004 0.006	 batterySag: 0.69140625	link quality: 54	flight time: 74s	pos -3.06 -0.10 -2.52	yaw: -137.50	msg/s 21.818181818181817
INFO: 11-10-2021 20:27:38 printStatus(169) -- Drogno_5: stand by	battery: 3.82	kalman var: 0.004 0.004 0.006	 batterySag: 0.69140625	link quality: 54	flight time: 74s	pos -3.06 -0.10 -2.52	yaw: -137.50	msg/s 21.818181818181817
INFO: 11-10-2021 20:27:40 printStatus(169) -- Drogno_5: stand by	battery: 3.82	kalman var: 0.004 0.004 0.006	 batterySag: 0.69140625	link quality: 54	flight time: 74s	pos -3.06 -0.10 -2.52	yaw: -137.50	msg/s 21.818181818181817
INFO: 11-10-2021 20:27:41 printStatus(169) -- Drogno_5: stand by	battery: 3.82	kalman var: 0.004 0.004 0.006	 batterySag: 0.69140625	link quality: 54	flight time: 74s	pos -3.06 -0.10 -2.52	yaw: -137.50	msg/s 20.909090909090907
INFO: 11-10-2021 20:27:42 printStatus(169) -- Drogno_5: stand by	battery: 3.82	kalman var: 0.004 0.004 0.006	 batterySag: 0.69140625	link quality: 54	flight time: 74s	pos -3.06 -0.10 -2.52	yaw: -137.50	msg/s 20.909090909090907
INFO: 11-10-2021 20:27:43 printStatus(169) -- Drogno_5: stand by	battery: 3.82	kalman var: 0.004 0.004 0.006	 batterySag: 0.69140625	link quality: 54	flight time: 74s	pos -3.06 -0.10 -2.52	yaw: -137.50	msg/s 20.909090909090907
INFO: 11-10-2021 20:27:44 printStatus(169) -- Drogno_5: stand by	battery: 3.82	kalman var: 0.004 0.004 0.006	 batterySag: 0.69140625	link quality: 54	flight time: 74s	pos -3.06 -0.10 -2.52	yaw: -137.50	msg/s 21.818181818181817
INFO: 11-10-2021 20:27:46 printStatus(169) -- Drogno_5: stand by	battery: 3.82	kalman var: 0.004 0.004 0.006	 batterySag: 0.69140625	link quality: 54	flight time: 74s	pos -3.06 -0.10 -2.52	yaw: -137.50	msg/s 21.818181818181817
INFO: 11-10-2021 20:27:47 printStatus(169) -- Drogno_5: stand by	battery: 3.82	kalman var: 0.004 0.004 0.006	 batterySag: 0.69140625	link quality: 54	flight time: 74s	pos -3.06 -0.10 -2.52	yaw: -137.50	msg/s 22.727272727272727
INFO: 11-10-2021 20:27:48 printStatus(169) -- Drogno_5: stand by	battery: 3.82	kalman var: 0.004 0.004 0.006	 batterySag: 0.69140625	link quality: 54	flight time: 74s	pos -3.06 -0.10 -2.52	yaw: -137.50	msg/s 21.818181818181817
INFO: 11-10-2021 20:27:49 printStatus(169) -- Drogno_5: stand by	battery: 3.82	kalman var: 0.004 0.004 0.006	 batterySag: 0.69140625	link quality: 54	flight time: 74s	pos -3.06 -0.10 -2.52	yaw: -137.50	msg/s 21.818181818181817
INFO: 11-10-2021 20:27:50 printStatus(169) -- Drogno_5: stand by	battery: 3.82	kalman var: 0.004 0.004 0.006	 batterySag: 0.69140625	link quality: 54	flight time: 74s	pos -3.06 -0.10 -2.52	yaw: -137.50	msg/s 22.727272727272727
INFO: 11-10-2021 20:27:51 printStatus(169) -- Drogno_5: stand by	battery: 3.82	kalman var: 0.004 0.004 0.006	 batterySag: 0.69140625	link quality: 54	flight time: 74s	pos -3.06 -0.10 -2.52	yaw: -137.50	msg/s 20.909090909090907
INFO: 11-10-2021 20:27:53 printStatus(169) -- Drogno_5: stand by	battery: 3.82	kalman var: 0.004 0.004 0.006	 batterySag: 0.69140625	link quality: 54	flight time: 74s	pos -3.06 -0.10 -2.52	yaw: -137.50	msg/s 20.909090909090907
INFO: 11-10-2021 20:27:54 printStatus(169) -- Drogno_5: stand by	battery: 3.82	kalman var: 0.004 0.004 0.006	 batterySag: 0.69140625	link quality: 54	flight time: 74s	pos -3.06 -0.10 -2.52	yaw: -137.50	msg/s 20.909090909090907
INFO: 11-10-2021 20:27:55 printStatus(169) -- Drogno_5: stand by	battery: 3.82	kalman var: 0.004 0.004 0.006	 batterySag: 0.69140625	link quality: 54	flight time: 74s	pos -3.06 -0.10 -2.52	yaw: -137.50	msg/s 21.818181818181817
INFO: 11-10-2021 20:27:56 printStatus(169) -- Drogno_5: stand by	battery: 3.82	kalman var: 0.004 0.004 0.006	 batterySag: 0.69140625	link quality: 54	flight time: 74s	pos -3.06 -0.10 -2.52	yaw: -137.50	msg/s 20.909090909090907
INFO: 11-10-2021 20:27:57 printStatus(169) -- Drogno_5: stand by	battery: 3.82	kalman var: 0.004 0.004 0.006	 batterySag: 0.69140625	link quality: 54	flight time: 74s	pos -3.06 -0.10 -2.52	yaw: -137.50	msg/s 20.909090909090907
INFO: 11-10-2021 20:27:59 printStatus(169) -- Drogno_5: stand by	battery: 3.82	kalman var: 0.004 0.004 0.006	 batterySag: 0.69140625	link quality: 54	flight time: 74s	pos -3.06 -0.10 -2.52	yaw: -137.50	msg/s 21.818181818181817
INFO: 11-10-2021 20:28:00 printStatus(169) -- Drogno_5: stand by	battery: 3.82	kalman var: 0.004 0.004 0.006	 batterySag: 0.69140625	link quality: 54	flight time: 74s	pos -3.06 -0.10 -2.52	yaw: -137.50	msg/s 21.818181818181817
INFO: 11-10-2021 20:28:01 printStatus(169) -- Drogno_5: stand by	battery: 3.82	kalman var: 0.004 0.004 0.006	 batterySag: 0.69140625	link quality: 54	flight time: 74s	pos -3.06 -0.10 -2.52	yaw: -137.50	msg/s 21.818181818181817
INFO: 11-10-2021 20:28:02 printStatus(169) -- Drogno_5: stand by	battery: 3.82	kalman var: 0.004 0.004 0.006	 batterySag: 0.69140625	link quality: 54	flight time: 74s	pos -3.06 -0.10 -2.52	yaw: -137.50	msg/s 21.818181818181817
INFO: 11-10-2021 20:28:03 printStatus(169) -- Drogno_5: stand by	battery: 3.82	kalman var: 0.004 0.004 0.006	 batterySag: 0.69140625	link quality: 54	flight time: 74s	pos -3.06 -0.10 -2.52	yaw: -137.50	msg/s 21.818181818181817
INFO: 11-10-2021 20:28:04 printStatus(169) -- Drogno_5: stand by	battery: 3.82	kalman var: 0.004 0.004 0.006	 batterySag: 0.69140625	link quality: 54	flight time: 74s	pos -3.06 -0.10 -2.52	yaw: -137.50	msg/s 21.818181818181817
INFO: 11-10-2021 20:28:05 printStatus(169) -- Drogno_5: stand by	battery: 3.82	kalman var: 0.004 0.004 0.006	 batterySag: 0.69140625	link quality: 54	flight time: 74s	pos -3.06 -0.10 -2.52	yaw: -137.50	msg/s 21.818181818181817
INFO: 11-10-2021 20:28:07 printStatus(169) -- Drogno_5: stand by	battery: 3.82	kalman var: 0.004 0.004 0.006	 batterySag: 0.69140625	link quality: 54	flight time: 74s	pos -3.06 -0.10 -2.52	yaw: -137.50	msg/s 20.909090909090907
INFO: 11-10-2021 20:28:08 printStatus(169) -- Drogno_5: stand by	battery: 3.82	kalman var: 0.004 0.004 0.006	 batterySag: 0.69140625	link quality: 54	flight time: 74s	pos -3.06 -0.10 -2.52	yaw: -137.50	msg/s 20.909090909090907
INFO: 11-10-2021 20:28:09 printStatus(169) -- Drogno_5: stand by	battery: 3.82	kalman var: 0.004 0.004 0.006	 batterySag: 0.69140625	link quality: 54	flight time: 74s	pos -3.06 -0.10 -2.52	yaw: -137.50	msg/s 20.909090909090907
INFO: 11-10-2021 20:28:10 printStatus(169) -- Drogno_5: stand by	battery: 3.82	kalman var: 0.004 0.004 0.006	 batterySag: 0.69140625	link quality: 54	flight time: 74s	pos -3.06 -0.10 -2.52	yaw: -137.50	msg/s 22.727272727272727
INFO: 11-10-2021 20:28:12 printStatus(169) -- Drogno_5: stand by	battery: 3.82	kalman var: 0.004 0.004 0.006	 batterySag: 0.69140625	link quality: 54	flight time: 74s	pos -3.06 -0.10 -2.52	yaw: -137.50	msg/s 21.818181818181817
INFO: 11-10-2021 20:28:13 printStatus(169) -- Drogno_5: stand by	battery: 3.82	kalman var: 0.004 0.004 0.006	 batterySag: 0.69140625	link quality: 54	flight time: 74s	pos -3.06 -0.10 -2.52	yaw: -137.50	msg/s 21.818181818181817
INFO: 11-10-2021 20:28:14 printStatus(169) -- Drogno_5: stand by	battery: 3.82	kalman var: 0.004 0.004 0.006	 batterySag: 0.69140625	link quality: 54	flight time: 74s	pos -3.06 -0.10 -2.52	yaw: -137.50	msg/s 21.818181818181817
INFO: 11-10-2021 20:28:15 printStatus(169) -- Drogno_5: stand by	battery: 3.82	kalman var: 0.004 0.004 0.006	 batterySag: 0.69140625	link quality: 54	flight time: 74s	pos -3.06 -0.10 -2.52	yaw: -137.50	msg/s 21.818181818181817
INFO: 11-10-2021 20:28:16 printStatus(169) -- Drogno_5: stand by	battery: 3.82	kalman var: 0.004 0.004 0.006	 batterySag: 0.69140625	link quality: 54	flight time: 74s	pos -3.06 -0.10 -2.52	yaw: -137.50	msg/s 22.727272727272727
INFO: 11-10-2021 20:28:17 printStatus(169) -- Drogno_5: stand by	battery: 3.82	kalman var: 0.004 0.004 0.006	 batterySag: 0.69140625	link quality: 54	flight time: 74s	pos -3.06 -0.10 -2.52	yaw: -137.50	msg/s 22.727272727272727
INFO: 11-10-2021 20:28:19 printStatus(169) -- Drogno_5: stand by	battery: 3.82	kalman var: 0.004 0.004 0.006	 batterySag: 0.69140625	link quality: 54	flight time: 74s	pos -3.06 -0.10 -2.52	yaw: -137.50	msg/s 21.818181818181817
INFO: 11-10-2021 20:28:20 printStatus(169) -- Drogno_5: stand by	battery: 3.82	kalman var: 0.004 0.004 0.006	 batterySag: 0.69140625	link quality: 54	flight time: 74s	pos -3.06 -0.10 -2.52	yaw: -137.50	msg/s 22.727272727272727
INFO: 11-10-2021 20:28:21 printStatus(169) -- Drogno_5: stand by	battery: 3.82	kalman var: 0.004 0.004 0.006	 batterySag: 0.69140625	link quality: 54	flight time: 74s	pos -3.06 -0.10 -2.52	yaw: -137.50	msg/s 21.818181818181817
INFO: 11-10-2021 20:28:22 printStatus(169) -- Drogno_5: stand by	battery: 3.82	kalman var: 0.004 0.004 0.006	 batterySag: 0.69140625	link quality: 54	flight time: 74s	pos -3.06 -0.10 -2.52	yaw: -137.50	msg/s 22.727272727272727
INFO: 11-10-2021 20:28:23 printStatus(169) -- Drogno_5: stand by	battery: 3.82	kalman var: 0.004 0.004 0.006	 batterySag: 0.69140625	link quality: 54	flight time: 74s	pos -3.06 -0.10 -2.52	yaw: -137.50	msg/s 21.818181818181817
INFO: 11-10-2021 20:28:24 printStatus(169) -- Drogno_5: stand by	battery: 3.82	kalman var: 0.004 0.004 0.006	 batterySag: 0.69140625	link quality: 54	flight time: 74s	pos -3.06 -0.10 -2.52	yaw: -137.50	msg/s 21.818181818181817
INFO: 11-10-2021 20:28:25 printStatus(169) -- Drogno_5: stand by	battery: 3.82	kalman var: 0.004 0.004 0.006	 batterySag: 0.69140625	link quality: 54	flight time: 74s	pos -3.06 -0.10 -2.52	yaw: -137.50	msg/s 22.727272727272727
INFO: 11-10-2021 20:28:27 printStatus(169) -- Drogno_5: stand by	battery: 3.82	kalman var: 0.004 0.004 0.006	 batterySag: 0.69140625	link quality: 54	flight time: 74s	pos -3.06 -0.10 -2.52	yaw: -137.50	msg/s 22.727272727272727
INFO: 11-10-2021 20:28:28 printStatus(169) -- Drogno_5: stand by	battery: 3.82	kalman var: 0.004 0.004 0.006	 batterySag: 0.69140625	link quality: 54	flight time: 74s	pos -3.06 -0.10 -2.52	yaw: -137.50	msg/s 23.636363636363633
INFO: 11-10-2021 20:28:29 printStatus(169) -- Drogno_5: stand by	battery: 3.82	kalman var: 0.004 0.004 0.006	 batterySag: 0.69140625	link quality: 54	flight time: 74s	pos -3.06 -0.10 -2.52	yaw: -137.50	msg/s 23.636363636363633
INFO: 11-10-2021 20:28:30 printStatus(169) -- Drogno_5: stand by	battery: 3.82	kalman var: 0.004 0.004 0.006	 batterySag: 0.69140625	link quality: 54	flight time: 74s	pos -3.06 -0.10 -2.52	yaw: -137.50	msg/s 21.818181818181817
INFO: 11-10-2021 20:28:31 printStatus(169) -- Drogno_5: stand by	battery: 3.82	kalman var: 0.004 0.004 0.006	 batterySag: 0.69140625	link quality: 54	flight time: 74s	pos -3.06 -0.10 -2.52	yaw: -137.50	msg/s 23.636363636363633
INFO: 11-10-2021 20:28:33 printStatus(169) -- Drogno_5: stand by	battery: 3.82	kalman var: 0.004 0.004 0.006	 batterySag: 0.69140625	link quality: 54	flight time: 74s	pos -3.06 -0.10 -2.52	yaw: -137.50	msg/s 22.727272727272727
INFO: 11-10-2021 20:28:34 printStatus(169) -- Drogno_5: stand by	battery: 3.82	kalman var: 0.004 0.004 0.006	 batterySag: 0.69140625	link quality: 54	flight time: 74s	pos -3.06 -0.10 -2.52	yaw: -137.50	msg/s 22.727272727272727
INFO: 11-10-2021 20:28:35 printStatus(169) -- Drogno_5: stand by	battery: 3.82	kalman var: 0.004 0.004 0.006	 batterySag: 0.69140625	link quality: 54	flight time: 74s	pos -3.06 -0.10 -2.52	yaw: -137.50	msg/s 22.727272727272727
INFO: 11-10-2021 20:28:36 printStatus(169) -- Drogno_5: stand by	battery: 3.82	kalman var: 0.004 0.004 0.006	 batterySag: 0.69140625	link quality: 54	flight time: 74s	pos -3.06 -0.10 -2.52	yaw: -137.50	msg/s 19.09090909090909
INFO: 11-10-2021 20:28:37 printStatus(169) -- Drogno_5: stand by	battery: 3.82	kalman var: 0.004 0.004 0.006	 batterySag: 0.69140625	link quality: 54	flight time: 74s	pos -3.06 -0.10 -2.52	yaw: -137.50	msg/s 0.0
INFO: 11-10-2021 20:28:38 printStatus(169) -- Drogno_5: stand by	battery: 3.82	kalman var: 0.004 0.004 0.006	 batterySag: 0.69140625	link quality: 54	flight time: 74s	pos -3.06 -0.10 -2.52	yaw: -137.50	msg/s 0.0
INFO: 11-10-2021 20:28:39 printStatus(169) -- Drogno_5: stand by	battery: 3.82	kalman var: 0.004 0.004 0.006	 batterySag: 0.69140625	link quality: 54	flight time: 74s	pos -3.06 -0.10 -2.52	yaw: -137.50	msg/s 0.0
INFO: 11-10-2021 20:28:40 printStatus(169) -- Drogno_5: stand by	battery: 3.82	kalman var: 0.004 0.004 0.006	 batterySag: 0.69140625	link quality: 54	flight time: 74s	pos -3.06 -0.10 -2.52	yaw: -137.50	msg/s 0.0
INFO: 11-10-2021 20:28:42 printStatus(169) -- Drogno_5: stand by	battery: 3.82	kalman var: 0.004 0.004 0.006	 batterySag: 0.69140625	link quality: 54	flight time: 74s	pos -3.06 -0.10 -2.52	yaw: -137.50	msg/s 0.0
INFO: 11-10-2021 20:28:43 printStatus(169) -- Drogno_5: stand by	battery: 3.82	kalman var: 0.004 0.004 0.006	 batterySag: 0.69140625	link quality: 54	flight time: 74s	pos -3.06 -0.10 -2.52	yaw: -137.50	msg/s 0.0
INFO: 11-10-2021 20:28:44 printStatus(169) -- Drogno_5: stand by	battery: 3.82	kalman var: 0.004 0.004 0.006	 batterySag: 0.69140625	link quality: 54	flight time: 74s	pos -3.06 -0.10 -2.52	yaw: -137.50	msg/s 0.0
WARNING: 11-10-2021 20:28:45 exit(859) -- closing Drogno_5
INFO: 11-10-2021 20:28:45 printStatus(169) -- Drogno_5: sconnesso	battery: 3.82	kalman var: 0.004 0.004 0.006	 batterySag: 0.69140625	link quality: 54	flight time: 74s	pos -3.06 -0.10 -2.52	yaw: -137.50	msg/s 0.0
