INFO: 10-10-2021 19:19:03 __init__(130) -- This is dronelog running on Drogno_7
INFO: 10-10-2021 19:19:04 printStatus(166) -- Started
INFO: 10-10-2021 19:19:05 printStatus(169) -- Drogno_7: connecting		battery n.p.	kalman var: 0 0 0	 batterySag: 0	link quality: 0	flight time: 0s	pos 0.00 0.00 0.00	yaw: 0.00	msg/s 0.0
INFO: 10-10-2021 19:19:06 printStatus(169) -- Drogno_7: connecting		battery n.p.	kalman var: 0 0 0	 batterySag: 0	link quality: 0	flight time: 0s	pos 0.00 0.00 0.00	yaw: 0.00	msg/s 0.0
INFO: 10-10-2021 19:19:07 printStatus(169) -- Drogno_7: connecting		battery n.p.	kalman var: 0 0 0	 batterySag: 0	link quality: 0	flight time: 0s	pos 0.00 0.00 0.00	yaw: 0.00	msg/s 0.0
INFO: 10-10-2021 19:19:08 printStatus(169) -- Drogno_7: landed		battery n.p.	kalman var: 0 0 0	 batterySag: 0	link quality: 0	flight time: 0s	pos 0.00 0.00 0.00	yaw: 0.00	msg/s 0.0
INFO: 10-10-2021 19:19:09 printStatus(169) -- Drogno_7: landed		battery n.p.	kalman var: 0 0 0	 batterySag: 0	link quality: 0	flight time: 0s	pos 0.00 0.00 0.00	yaw: 0.00	msg/s 0.0
INFO: 10-10-2021 19:19:11 printStatus(169) -- Drogno_7: landed		battery n.p.	kalman var: 0 0 0	 batterySag: 0	link quality: 0	flight time: 0s	pos 0.00 0.00 0.00	yaw: 0.00	msg/s 0.0
INFO: 10-10-2021 19:19:12 printStatus(169) -- Drogno_7: BAD kalman		battery 4.15	kalman var: 0.016 0.016 0.001	 batterySag: 0.60693359375	link quality: 48	flight time: 0s	pos 0.10 0.07 -0.00	yaw: 0.07	msg/s 0.0
INFO: 10-10-2021 19:19:13 printStatus(169) -- Drogno_7: BAD kalman		battery 4.15	kalman var: 0.056 0.056 0.002	 batterySag: 0.60693359375	link quality: 46	flight time: 0s	pos 0.32 0.23 -0.01	yaw: 106.25	msg/s 0.0
INFO: 10-10-2021 19:19:14 printStatus(169) -- Drogno_7: BAD kalman		battery 4.15	kalman var: 0.091 0.089 0.023	 batterySag: 0.60693359375	link quality: 49	flight time: 0s	pos 0.67 0.52 0.05	yaw: 114.75	msg/s 0.0
INFO: 10-10-2021 19:19:15 printStatus(169) -- Drogno_7: BAD kalman		battery 4.15	kalman var: 0.091 0.089 0.023	 batterySag: 0.60693359375	link quality: 49	flight time: 0s	pos 0.67 0.52 0.05	yaw: 114.75	msg/s 0.0
INFO: 10-10-2021 19:19:16 printStatus(169) -- Drogno_7: BAD kalman		battery 4.15	kalman var: 0.091 0.089 0.023	 batterySag: 0.60693359375	link quality: 49	flight time: 0s	pos 0.67 0.52 0.05	yaw: 114.75	msg/s 0.0
INFO: 10-10-2021 19:19:18 printStatus(169) -- Drogno_7: sconnesso		battery 4.15	kalman var: 0.091 0.089 0.023	 batterySag: 0.60693359375	link quality: 49	flight time: 0s	pos 0.67 0.52 0.05	yaw: 114.75	msg/s 0.0
INFO: 10-10-2021 19:19:19 printStatus(169) -- Drogno_7: sconnesso		battery 4.15	kalman var: 0.091 0.089 0.023	 batterySag: 0.60693359375	link quality: 49	flight time: 0s	pos 0.67 0.52 0.05	yaw: 114.75	msg/s 0.0
INFO: 10-10-2021 19:19:20 printStatus(169) -- Drogno_7: sconnesso		battery 4.15	kalman var: 0.091 0.089 0.023	 batterySag: 0.60693359375	link quality: 49	flight time: 0s	pos 0.67 0.52 0.05	yaw: 114.75	msg/s 0.0
INFO: 10-10-2021 19:19:21 printStatus(169) -- Drogno_7: sconnesso		battery 4.15	kalman var: 0.091 0.089 0.023	 batterySag: 0.60693359375	link quality: 49	flight time: 0s	pos 0.67 0.52 0.05	yaw: 114.75	msg/s 0.0
INFO: 10-10-2021 19:19:22 printStatus(169) -- Drogno_7: sconnesso		battery 4.15	kalman var: 0.091 0.089 0.023	 batterySag: 0.60693359375	link quality: 49	flight time: 0s	pos 0.67 0.52 0.05	yaw: 114.75	msg/s 0.0
INFO: 10-10-2021 19:19:23 printStatus(169) -- Drogno_7: sconnesso		battery 4.15	kalman var: 0.091 0.089 0.023	 batterySag: 0.60693359375	link quality: 49	flight time: 0s	pos 0.67 0.52 0.05	yaw: 114.75	msg/s 0.0
INFO: 10-10-2021 19:19:24 printStatus(169) -- Drogno_7: sconnesso		battery 4.15	kalman var: 0.091 0.089 0.023	 batterySag: 0.60693359375	link quality: 49	flight time: 0s	pos 0.67 0.52 0.05	yaw: 114.75	msg/s 0.0
INFO: 10-10-2021 19:19:25 printStatus(169) -- Drogno_7: sconnesso		battery 4.15	kalman var: 0.091 0.089 0.023	 batterySag: 0.60693359375	link quality: 49	flight time: 0s	pos 0.67 0.52 0.05	yaw: 114.75	msg/s 0.0
INFO: 10-10-2021 19:19:27 printStatus(169) -- Drogno_7: sconnesso		battery 4.15	kalman var: 0.091 0.089 0.023	 batterySag: 0.60693359375	link quality: 49	flight time: 0s	pos 0.67 0.52 0.05	yaw: 114.75	msg/s 0.0
INFO: 10-10-2021 19:19:28 printStatus(169) -- Drogno_7: sconnesso		battery 4.15	kalman var: 0.091 0.089 0.023	 batterySag: 0.60693359375	link quality: 49	flight time: 0s	pos 0.67 0.52 0.05	yaw: 114.75	msg/s 0.0
INFO: 10-10-2021 19:19:29 printStatus(169) -- Drogno_7: sconnesso		battery 4.15	kalman var: 0.091 0.089 0.023	 batterySag: 0.60693359375	link quality: 49	flight time: 0s	pos 0.67 0.52 0.05	yaw: 114.75	msg/s 0.0
INFO: 10-10-2021 19:19:30 printStatus(169) -- Drogno_7: sconnesso		battery 4.15	kalman var: 0.091 0.089 0.023	 batterySag: 0.60693359375	link quality: 49	flight time: 0s	pos 0.67 0.52 0.05	yaw: 114.75	msg/s 0.0
INFO: 10-10-2021 19:19:31 printStatus(169) -- Drogno_7: sconnesso		battery 4.15	kalman var: 0.091 0.089 0.023	 batterySag: 0.60693359375	link quality: 49	flight time: 0s	pos 0.67 0.52 0.05	yaw: 114.75	msg/s 0.0
INFO: 10-10-2021 19:19:32 printStatus(169) -- Drogno_7: sconnesso		battery 4.15	kalman var: 0.091 0.089 0.023	 batterySag: 0.60693359375	link quality: 49	flight time: 0s	pos 0.67 0.52 0.05	yaw: 114.75	msg/s 0.0
INFO: 10-10-2021 19:19:33 printStatus(169) -- Drogno_7: sconnesso		battery 4.15	kalman var: 0.091 0.089 0.023	 batterySag: 0.60693359375	link quality: 49	flight time: 0s	pos 0.67 0.52 0.05	yaw: 114.75	msg/s 0.0
INFO: 10-10-2021 19:19:35 printStatus(169) -- Drogno_7: sconnesso		battery 4.15	kalman var: 0.091 0.089 0.023	 batterySag: 0.60693359375	link quality: 49	flight time: 0s	pos 0.67 0.52 0.05	yaw: 114.75	msg/s 0.0
INFO: 10-10-2021 19:19:36 printStatus(169) -- Drogno_7: sconnesso		battery 4.15	kalman var: 0.091 0.089 0.023	 batterySag: 0.60693359375	link quality: 49	flight time: 0s	pos 0.67 0.52 0.05	yaw: 114.75	msg/s 0.0
INFO: 10-10-2021 19:19:37 printStatus(169) -- Drogno_7: sconnesso		battery 4.15	kalman var: 0.091 0.089 0.023	 batterySag: 0.60693359375	link quality: 49	flight time: 0s	pos 0.67 0.52 0.05	yaw: 114.75	msg/s 0.0
INFO: 10-10-2021 19:19:38 printStatus(169) -- Drogno_7: sconnesso		battery 4.15	kalman var: 0.091 0.089 0.023	 batterySag: 0.60693359375	link quality: 49	flight time: 0s	pos 0.67 0.52 0.05	yaw: 114.75	msg/s 0.0
INFO: 10-10-2021 19:19:39 printStatus(169) -- Drogno_7: sconnesso		battery 4.15	kalman var: 0.091 0.089 0.023	 batterySag: 0.60693359375	link quality: 49	flight time: 0s	pos 0.67 0.52 0.05	yaw: 114.75	msg/s 0.0
INFO: 10-10-2021 19:19:40 printStatus(169) -- Drogno_7: sconnesso		battery 4.15	kalman var: 0.091 0.089 0.023	 batterySag: 0.60693359375	link quality: 49	flight time: 0s	pos 0.67 0.52 0.05	yaw: 114.75	msg/s 0.0
INFO: 10-10-2021 19:19:41 printStatus(169) -- Drogno_7: sconnesso		battery 4.15	kalman var: 0.091 0.089 0.023	 batterySag: 0.60693359375	link quality: 49	flight time: 0s	pos 0.67 0.52 0.05	yaw: 114.75	msg/s 0.0
INFO: 10-10-2021 19:19:42 printStatus(169) -- Drogno_7: sconnesso		battery 4.15	kalman var: 0.091 0.089 0.023	 batterySag: 0.60693359375	link quality: 49	flight time: 0s	pos 0.67 0.52 0.05	yaw: 114.75	msg/s 0.0
INFO: 10-10-2021 19:19:44 printStatus(169) -- Drogno_7: sconnesso		battery 4.15	kalman var: 0.091 0.089 0.023	 batterySag: 0.60693359375	link quality: 49	flight time: 0s	pos 0.67 0.52 0.05	yaw: 114.75	msg/s 0.0
INFO: 10-10-2021 19:19:45 printStatus(169) -- Drogno_7: sconnesso		battery 4.15	kalman var: 0.091 0.089 0.023	 batterySag: 0.60693359375	link quality: 49	flight time: 0s	pos 0.67 0.52 0.05	yaw: 114.75	msg/s 0.0
INFO: 10-10-2021 19:19:46 printStatus(169) -- Drogno_7: sconnesso		battery 4.15	kalman var: 0.091 0.089 0.023	 batterySag: 0.60693359375	link quality: 49	flight time: 0s	pos 0.67 0.52 0.05	yaw: 114.75	msg/s 0.0
INFO: 10-10-2021 19:19:47 printStatus(169) -- Drogno_7: sconnesso		battery 4.15	kalman var: 0.091 0.089 0.023	 batterySag: 0.60693359375	link quality: 49	flight time: 0s	pos 0.67 0.52 0.05	yaw: 114.75	msg/s 0.0
INFO: 10-10-2021 19:19:48 printStatus(169) -- Drogno_7: sconnesso		battery 4.15	kalman var: 0.091 0.089 0.023	 batterySag: 0.60693359375	link quality: 49	flight time: 0s	pos 0.67 0.52 0.05	yaw: 114.75	msg/s 0.0
INFO: 10-10-2021 19:19:49 printStatus(169) -- Drogno_7: sconnesso		battery 4.15	kalman var: 0.091 0.089 0.023	 batterySag: 0.60693359375	link quality: 49	flight time: 0s	pos 0.67 0.52 0.05	yaw: 114.75	msg/s 0.0
INFO: 10-10-2021 19:19:50 printStatus(169) -- Drogno_7: sconnesso		battery 4.15	kalman var: 0.091 0.089 0.023	 batterySag: 0.60693359375	link quality: 49	flight time: 0s	pos 0.67 0.52 0.05	yaw: 114.75	msg/s 0.0
INFO: 10-10-2021 19:19:52 printStatus(169) -- Drogno_7: sconnesso		battery 4.15	kalman var: 0.091 0.089 0.023	 batterySag: 0.60693359375	link quality: 49	flight time: 0s	pos 0.67 0.52 0.05	yaw: 114.75	msg/s 0.0
INFO: 10-10-2021 19:19:53 printStatus(169) -- Drogno_7: sconnesso		battery 4.15	kalman var: 0.091 0.089 0.023	 batterySag: 0.60693359375	link quality: 49	flight time: 0s	pos 0.67 0.52 0.05	yaw: 114.75	msg/s 0.0
INFO: 10-10-2021 19:19:54 printStatus(169) -- Drogno_7: sconnesso		battery 4.15	kalman var: 0.091 0.089 0.023	 batterySag: 0.60693359375	link quality: 49	flight time: 0s	pos 0.67 0.52 0.05	yaw: 114.75	msg/s 0.0
INFO: 10-10-2021 19:19:55 printStatus(169) -- Drogno_7: sconnesso		battery 4.15	kalman var: 0.091 0.089 0.023	 batterySag: 0.60693359375	link quality: 49	flight time: 0s	pos 0.67 0.52 0.05	yaw: 114.75	msg/s 0.0
INFO: 10-10-2021 19:19:56 printStatus(169) -- Drogno_7: sconnesso		battery 4.15	kalman var: 0.091 0.089 0.023	 batterySag: 0.60693359375	link quality: 49	flight time: 0s	pos 0.67 0.52 0.05	yaw: 114.75	msg/s 0.0
INFO: 10-10-2021 19:19:57 printStatus(169) -- Drogno_7: sconnesso		battery 4.15	kalman var: 0.091 0.089 0.023	 batterySag: 0.60693359375	link quality: 49	flight time: 0s	pos 0.67 0.52 0.05	yaw: 114.75	msg/s 0.0
INFO: 10-10-2021 19:19:58 printStatus(169) -- Drogno_7: sconnesso		battery 4.15	kalman var: 0.091 0.089 0.023	 batterySag: 0.60693359375	link quality: 49	flight time: 0s	pos 0.67 0.52 0.05	yaw: 114.75	msg/s 0.0
INFO: 10-10-2021 19:20:00 printStatus(169) -- Drogno_7: sconnesso		battery 4.15	kalman var: 0.091 0.089 0.023	 batterySag: 0.60693359375	link quality: 49	flight time: 0s	pos 0.67 0.52 0.05	yaw: 114.75	msg/s 0.0
INFO: 10-10-2021 19:20:01 printStatus(169) -- Drogno_7: sconnesso		battery 4.15	kalman var: 0.091 0.089 0.023	 batterySag: 0.60693359375	link quality: 49	flight time: 0s	pos 0.67 0.52 0.05	yaw: 114.75	msg/s 0.0
INFO: 10-10-2021 19:20:02 printStatus(169) -- Drogno_7: sconnesso		battery 4.15	kalman var: 0.091 0.089 0.023	 batterySag: 0.60693359375	link quality: 49	flight time: 0s	pos 0.67 0.52 0.05	yaw: 114.75	msg/s 0.0
INFO: 10-10-2021 19:20:03 printStatus(169) -- Drogno_7: sconnesso		battery 4.15	kalman var: 0.091 0.089 0.023	 batterySag: 0.60693359375	link quality: 49	flight time: 0s	pos 0.67 0.52 0.05	yaw: 114.75	msg/s 0.0
INFO: 10-10-2021 19:20:04 printStatus(169) -- Drogno_7: sconnesso		battery 4.15	kalman var: 0.091 0.089 0.023	 batterySag: 0.60693359375	link quality: 49	flight time: 0s	pos 0.67 0.52 0.05	yaw: 114.75	msg/s 0.0
INFO: 10-10-2021 19:20:05 printStatus(169) -- Drogno_7: sconnesso		battery 4.15	kalman var: 0.091 0.089 0.023	 batterySag: 0.60693359375	link quality: 49	flight time: 0s	pos 0.67 0.52 0.05	yaw: 114.75	msg/s 0.0
INFO: 10-10-2021 19:20:06 printStatus(169) -- Drogno_7: sconnesso		battery 4.15	kalman var: 0.091 0.089 0.023	 batterySag: 0.60693359375	link quality: 49	flight time: 0s	pos 0.67 0.52 0.05	yaw: 114.75	msg/s 0.0
INFO: 10-10-2021 19:20:08 printStatus(169) -- Drogno_7: sconnesso		battery 4.15	kalman var: 0.091 0.089 0.023	 batterySag: 0.60693359375	link quality: 49	flight time: 0s	pos 0.67 0.52 0.05	yaw: 114.75	msg/s 0.0
INFO: 10-10-2021 19:20:09 printStatus(169) -- Drogno_7: sconnesso		battery 4.15	kalman var: 0.091 0.089 0.023	 batterySag: 0.60693359375	link quality: 49	flight time: 0s	pos 0.67 0.52 0.05	yaw: 114.75	msg/s 0.0
INFO: 10-10-2021 19:20:10 printStatus(169) -- Drogno_7: sconnesso		battery 4.15	kalman var: 0.091 0.089 0.023	 batterySag: 0.60693359375	link quality: 49	flight time: 0s	pos 0.67 0.52 0.05	yaw: 114.75	msg/s 0.0
INFO: 10-10-2021 19:20:11 printStatus(169) -- Drogno_7: sconnesso		battery 4.15	kalman var: 0.091 0.089 0.023	 batterySag: 0.60693359375	link quality: 49	flight time: 0s	pos 0.67 0.52 0.05	yaw: 114.75	msg/s 0.0
INFO: 10-10-2021 19:20:12 printStatus(169) -- Drogno_7: sconnesso		battery 4.15	kalman var: 0.091 0.089 0.023	 batterySag: 0.60693359375	link quality: 49	flight time: 0s	pos 0.67 0.52 0.05	yaw: 114.75	msg/s 0.0
INFO: 10-10-2021 19:20:13 printStatus(169) -- Drogno_7: sconnesso		battery 4.15	kalman var: 0.091 0.089 0.023	 batterySag: 0.60693359375	link quality: 49	flight time: 0s	pos 0.67 0.52 0.05	yaw: 114.75	msg/s 0.0
INFO: 10-10-2021 19:20:14 printStatus(169) -- Drogno_7: sconnesso		battery 4.15	kalman var: 0.091 0.089 0.023	 batterySag: 0.60693359375	link quality: 49	flight time: 0s	pos 0.67 0.52 0.05	yaw: 114.75	msg/s 0.0
INFO: 10-10-2021 19:20:15 printStatus(169) -- Drogno_7: sconnesso		battery 4.15	kalman var: 0.091 0.089 0.023	 batterySag: 0.60693359375	link quality: 49	flight time: 0s	pos 0.67 0.52 0.05	yaw: 114.75	msg/s 0.0
INFO: 10-10-2021 19:20:17 printStatus(169) -- Drogno_7: sconnesso		battery 4.15	kalman var: 0.091 0.089 0.023	 batterySag: 0.60693359375	link quality: 49	flight time: 0s	pos 0.67 0.52 0.05	yaw: 114.75	msg/s 0.0
INFO: 10-10-2021 19:20:18 printStatus(169) -- Drogno_7: sconnesso		battery 4.15	kalman var: 0.091 0.089 0.023	 batterySag: 0.60693359375	link quality: 49	flight time: 0s	pos 0.67 0.52 0.05	yaw: 114.75	msg/s 0.0
INFO: 10-10-2021 19:20:19 printStatus(169) -- Drogno_7: sconnesso		battery 4.15	kalman var: 0.091 0.089 0.023	 batterySag: 0.60693359375	link quality: 49	flight time: 0s	pos 0.67 0.52 0.05	yaw: 114.75	msg/s 0.0
INFO: 10-10-2021 19:20:20 printStatus(169) -- Drogno_7: sconnesso		battery 4.15	kalman var: 0.091 0.089 0.023	 batterySag: 0.60693359375	link quality: 49	flight time: 0s	pos 0.67 0.52 0.05	yaw: 114.75	msg/s 0.0
INFO: 10-10-2021 19:20:21 printStatus(169) -- Drogno_7: sconnesso		battery 4.15	kalman var: 0.091 0.089 0.023	 batterySag: 0.60693359375	link quality: 49	flight time: 0s	pos 0.67 0.52 0.05	yaw: 114.75	msg/s 0.0
INFO: 10-10-2021 19:20:22 printStatus(169) -- Drogno_7: sconnesso		battery 4.15	kalman var: 0.091 0.089 0.023	 batterySag: 0.60693359375	link quality: 49	flight time: 0s	pos 0.67 0.52 0.05	yaw: 114.75	msg/s 0.0
INFO: 10-10-2021 19:20:23 printStatus(169) -- Drogno_7: sconnesso		battery 4.15	kalman var: 0.091 0.089 0.023	 batterySag: 0.60693359375	link quality: 49	flight time: 0s	pos 0.67 0.52 0.05	yaw: 114.75	msg/s 0.0
INFO: 10-10-2021 19:20:25 printStatus(169) -- Drogno_7: sconnesso		battery 4.15	kalman var: 0.091 0.089 0.023	 batterySag: 0.60693359375	link quality: 49	flight time: 0s	pos 0.67 0.52 0.05	yaw: 114.75	msg/s 0.0
INFO: 10-10-2021 19:20:26 printStatus(169) -- Drogno_7: sconnesso		battery 4.15	kalman var: 0.091 0.089 0.023	 batterySag: 0.60693359375	link quality: 49	flight time: 0s	pos 0.67 0.52 0.05	yaw: 114.75	msg/s 0.0
INFO: 10-10-2021 19:20:27 printStatus(169) -- Drogno_7: sconnesso		battery 4.15	kalman var: 0.091 0.089 0.023	 batterySag: 0.60693359375	link quality: 49	flight time: 0s	pos 0.67 0.52 0.05	yaw: 114.75	msg/s 0.0
INFO: 10-10-2021 19:20:28 printStatus(169) -- Drogno_7: sconnesso		battery 4.15	kalman var: 0.091 0.089 0.023	 batterySag: 0.60693359375	link quality: 49	flight time: 0s	pos 0.67 0.52 0.05	yaw: 114.75	msg/s 0.0
INFO: 10-10-2021 19:20:29 printStatus(169) -- Drogno_7: sconnesso		battery 4.15	kalman var: 0.091 0.089 0.023	 batterySag: 0.60693359375	link quality: 49	flight time: 0s	pos 0.67 0.52 0.05	yaw: 114.75	msg/s 0.0
INFO: 10-10-2021 19:20:30 printStatus(169) -- Drogno_7: sconnesso		battery 4.15	kalman var: 0.091 0.089 0.023	 batterySag: 0.60693359375	link quality: 49	flight time: 0s	pos 0.67 0.52 0.05	yaw: 114.75	msg/s 0.0
INFO: 10-10-2021 19:20:31 printStatus(169) -- Drogno_7: sconnesso		battery 4.15	kalman var: 0.091 0.089 0.023	 batterySag: 0.60693359375	link quality: 49	flight time: 0s	pos 0.67 0.52 0.05	yaw: 114.75	msg/s 0.0
INFO: 10-10-2021 19:20:33 printStatus(169) -- Drogno_7: sconnesso		battery 4.15	kalman var: 0.091 0.089 0.023	 batterySag: 0.60693359375	link quality: 49	flight time: 0s	pos 0.67 0.52 0.05	yaw: 114.75	msg/s 0.0
INFO: 10-10-2021 19:20:34 printStatus(169) -- Drogno_7: sconnesso		battery 4.15	kalman var: 0.091 0.089 0.023	 batterySag: 0.60693359375	link quality: 49	flight time: 0s	pos 0.67 0.52 0.05	yaw: 114.75	msg/s 0.0
INFO: 10-10-2021 19:20:35 printStatus(169) -- Drogno_7: sconnesso		battery 4.15	kalman var: 0.091 0.089 0.023	 batterySag: 0.60693359375	link quality: 49	flight time: 0s	pos 0.67 0.52 0.05	yaw: 114.75	msg/s 0.0
INFO: 10-10-2021 19:20:36 printStatus(169) -- Drogno_7: sconnesso		battery 4.15	kalman var: 0.091 0.089 0.023	 batterySag: 0.60693359375	link quality: 49	flight time: 0s	pos 0.67 0.52 0.05	yaw: 114.75	msg/s 0.0
INFO: 10-10-2021 19:20:37 printStatus(169) -- Drogno_7: sconnesso		battery 4.15	kalman var: 0.091 0.089 0.023	 batterySag: 0.60693359375	link quality: 49	flight time: 0s	pos 0.67 0.52 0.05	yaw: 114.75	msg/s 0.0
INFO: 10-10-2021 19:20:38 printStatus(169) -- Drogno_7: sconnesso		battery 4.15	kalman var: 0.091 0.089 0.023	 batterySag: 0.60693359375	link quality: 49	flight time: 0s	pos 0.67 0.52 0.05	yaw: 114.75	msg/s 0.0
INFO: 10-10-2021 19:20:39 printStatus(169) -- Drogno_7: sconnesso		battery 4.15	kalman var: 0.091 0.089 0.023	 batterySag: 0.60693359375	link quality: 49	flight time: 0s	pos 0.67 0.52 0.05	yaw: 114.75	msg/s 0.0
INFO: 10-10-2021 19:20:40 printStatus(169) -- Drogno_7: sconnesso		battery 4.15	kalman var: 0.091 0.089 0.023	 batterySag: 0.60693359375	link quality: 49	flight time: 0s	pos 0.67 0.52 0.05	yaw: 114.75	msg/s 0.0
INFO: 10-10-2021 19:20:42 printStatus(169) -- Drogno_7: sconnesso		battery 4.15	kalman var: 0.091 0.089 0.023	 batterySag: 0.60693359375	link quality: 49	flight time: 0s	pos 0.67 0.52 0.05	yaw: 114.75	msg/s 0.0
INFO: 10-10-2021 19:20:43 printStatus(169) -- Drogno_7: sconnesso		battery 4.15	kalman var: 0.091 0.089 0.023	 batterySag: 0.60693359375	link quality: 49	flight time: 0s	pos 0.67 0.52 0.05	yaw: 114.75	msg/s 0.0
INFO: 10-10-2021 19:20:44 printStatus(169) -- Drogno_7: sconnesso		battery 4.15	kalman var: 0.091 0.089 0.023	 batterySag: 0.60693359375	link quality: 49	flight time: 0s	pos 0.67 0.52 0.05	yaw: 114.75	msg/s 0.0
INFO: 10-10-2021 19:20:45 printStatus(169) -- Drogno_7: sconnesso		battery 4.15	kalman var: 0.091 0.089 0.023	 batterySag: 0.60693359375	link quality: 49	flight time: 0s	pos 0.67 0.52 0.05	yaw: 114.75	msg/s 0.0
INFO: 10-10-2021 19:20:46 printStatus(169) -- Drogno_7: sconnesso		battery 4.15	kalman var: 0.091 0.089 0.023	 batterySag: 0.60693359375	link quality: 49	flight time: 0s	pos 0.67 0.52 0.05	yaw: 114.75	msg/s 0.0
INFO: 10-10-2021 19:20:47 printStatus(169) -- Drogno_7: sconnesso		battery 4.15	kalman var: 0.091 0.089 0.023	 batterySag: 0.60693359375	link quality: 49	flight time: 0s	pos 0.67 0.52 0.05	yaw: 114.75	msg/s 0.0
INFO: 10-10-2021 19:20:48 printStatus(169) -- Drogno_7: sconnesso		battery 4.15	kalman var: 0.091 0.089 0.023	 batterySag: 0.60693359375	link quality: 49	flight time: 0s	pos 0.67 0.52 0.05	yaw: 114.75	msg/s 0.0
INFO: 10-10-2021 19:20:50 printStatus(169) -- Drogno_7: sconnesso		battery 4.15	kalman var: 0.091 0.089 0.023	 batterySag: 0.60693359375	link quality: 49	flight time: 0s	pos 0.67 0.52 0.05	yaw: 114.75	msg/s 0.0
INFO: 10-10-2021 19:20:51 printStatus(169) -- Drogno_7: sconnesso		battery 4.15	kalman var: 0.091 0.089 0.023	 batterySag: 0.60693359375	link quality: 49	flight time: 0s	pos 0.67 0.52 0.05	yaw: 114.75	msg/s 0.0
INFO: 10-10-2021 19:20:52 printStatus(169) -- Drogno_7: sconnesso		battery 4.15	kalman var: 0.091 0.089 0.023	 batterySag: 0.60693359375	link quality: 49	flight time: 0s	pos 0.67 0.52 0.05	yaw: 114.75	msg/s 0.0
INFO: 10-10-2021 19:20:53 printStatus(169) -- Drogno_7: sconnesso		battery 4.15	kalman var: 0.091 0.089 0.023	 batterySag: 0.60693359375	link quality: 49	flight time: 0s	pos 0.67 0.52 0.05	yaw: 114.75	msg/s 0.0
INFO: 10-10-2021 19:20:54 printStatus(169) -- Drogno_7: sconnesso		battery 4.15	kalman var: 0.091 0.089 0.023	 batterySag: 0.60693359375	link quality: 49	flight time: 0s	pos 0.67 0.52 0.05	yaw: 114.75	msg/s 0.0
WARNING: 10-10-2021 19:20:54 exit(858) -- closing Drogno_7
