INFO: 2021-10-09 15:54:39 __init__(134) -- This is dronelog running on Drogno_7
INFO: 2021-10-09 15:54:39 printStatus(172) -- Started
INFO: 2021-10-09 15:54:41 printStatus(175) -- Drogno_7: connecting		battery n.p.	pos 0.00 0.00 0.00	yaw: 0.00	msg/s 0.0	link quality: 0	kalman var: 0 0 0	flight time: 0s	 batterySag: 0
INFO: 2021-10-09 15:54:43 printStatus(175) -- Drogno_7: connecting		battery n.p.	pos 0.00 0.00 0.00	yaw: 0.00	msg/s 0.0	link quality: 0	kalman var: 0 0 0	flight time: 0s	 batterySag: 0
INFO: 2021-10-09 15:54:44 printStatus(175) -- Drogno_7: landed		battery n.p.	pos 0.00 0.00 0.00	yaw: 0.00	msg/s 0.0	link quality: 0	kalman var: 0 0 0	flight time: 0s	 batterySag: 0
INFO: 2021-10-09 15:54:46 printStatus(175) -- Drogno_7: landed		battery n.p.	pos 0.00 0.00 0.00	yaw: 0.00	msg/s 0.0	link quality: 0	kalman var: 0 0 0	flight time: 0s	 batterySag: 0
INFO: 2021-10-09 15:54:47 printStatus(175) -- Drogno_7: ready		battery 4.14	pos 1.33 0.04 -0.04	yaw: -97.94	msg/s 0.0	link quality: 44	kalman var: 0.001 0.001 0.0	flight time: 0s	 batterySag: 0.59130859375
INFO: 2021-10-09 15:54:49 printStatus(175) -- Drogno_7: ready		battery 4.14	pos 1.33 0.04 -0.04	yaw: -105.81	msg/s 0.0	link quality: 45	kalman var: 0.0 0.0 0.0	flight time: 0s	 batterySag: 0.59130859375
INFO: 2021-10-09 15:54:51 printStatus(175) -- Drogno_7: ready		battery 4.14	pos 1.33 0.04 -0.03	yaw: -105.25	msg/s 0.0	link quality: 44	kalman var: 0.001 0.001 0.001	flight time: 0s	 batterySag: 0.59130859375
INFO: 2021-10-09 15:54:52 printStatus(175) -- Drogno_7: ready		battery 4.14	pos 1.33 0.05 -0.04	yaw: -107.62	msg/s 0.0	link quality: 45	kalman var: 0.0 0.0 0.0	flight time: 0s	 batterySag: 0.59130859375
INFO: 2021-10-09 15:54:54 printStatus(175) -- Drogno_7: hovering		battery 4.14	pos 1.33 0.04 -0.04	yaw: -106.19	msg/s 0.0	link quality: 45	kalman var: 0.0 0.0 0.0	flight time: 0s	 batterySag: 0.59130859375
INFO: 2021-10-09 15:54:56 printStatus(175) -- Drogno_7: ready		battery 3.79	pos 1.36 0.00 0.11	yaw: -48.09	msg/s 0.0	link quality: 46	kalman var: 0.0 0.0 0.0	flight time: 0s	 batterySag: 0.59130859375
INFO: 2021-10-09 15:54:57 printStatus(175) -- Drogno_7: ready		battery 3.81	pos 1.33 0.06 0.86	yaw: 0.86	msg/s 0.0	link quality: 48	kalman var: 0.0 0.0 0.0	flight time: 1s	 batterySag: 0.59130859375
INFO: 2021-10-09 15:54:59 printStatus(175) -- Drogno_7: ready		battery 3.8	pos 1.32 0.04 0.87	yaw: 1.72	msg/s 0.0	link quality: 46	kalman var: 0.0 0.0 0.0	flight time: 3s	 batterySag: 0.59130859375
INFO: 2021-10-09 15:55:01 printStatus(175) -- Drogno_7: ready		battery 3.78	pos 1.33 0.04 0.86	yaw: 0.70	msg/s 0.0	link quality: 46	kalman var: 0.0 0.0 0.0	flight time: 5s	 batterySag: 0.59130859375
INFO: 2021-10-09 15:55:02 printStatus(175) -- Drogno_7: ready		battery 3.77	pos 1.32 0.04 0.85	yaw: 1.12	msg/s 0.0	link quality: 47	kalman var: 0.0 0.0 0.0	flight time: 6s	 batterySag: 0.59130859375
INFO: 2021-10-09 15:55:04 printStatus(175) -- Drogno_7: ready		battery 3.76	pos 1.33 0.05 0.83	yaw: 1.27	msg/s 0.0	link quality: 54	kalman var: 0.0 0.0 0.0	flight time: 8s	 batterySag: 0.59130859375
INFO: 2021-10-09 15:55:05 printStatus(175) -- Drogno_7: ready		battery 3.75	pos 1.33 0.04 0.82	yaw: 0.51	msg/s 0.0	link quality: 51	kalman var: 0.0 0.0 0.0	flight time: 9s	 batterySag: 0.59130859375
INFO: 2021-10-09 15:55:07 printStatus(175) -- Drogno_7: ready		battery 3.74	pos 1.32 0.04 0.81	yaw: 0.62	msg/s 0.0	link quality: 46	kalman var: 0.0 0.0 0.0	flight time: 11s	 batterySag: 0.59130859375
INFO: 2021-10-09 15:55:08 printStatus(175) -- Drogno_7: ready		battery 3.74	pos 1.33 0.04 0.81	yaw: -1.13	msg/s 0.0	link quality: 52	kalman var: 0.0 0.0 0.0	flight time: 12s	 batterySag: 0.59130859375
INFO: 2021-10-09 15:55:10 printStatus(175) -- Drogno_7: ready		battery 3.72	pos 1.34 0.07 0.79	yaw: 1.22	msg/s 0.0	link quality: 39	kalman var: 0.0 0.0 0.0	flight time: 14s	 batterySag: 0.59130859375
INFO: 2021-10-09 15:55:11 printStatus(175) -- Drogno_7: ready		battery 3.73	pos 1.32 0.03 0.81	yaw: 1.49	msg/s 0.0	link quality: 50	kalman var: 0.0 0.0 0.0	flight time: 15s	 batterySag: 0.59130859375
INFO: 2021-10-09 15:55:13 printStatus(175) -- Drogno_7: ready		battery 3.72	pos 1.32 0.04 0.80	yaw: 2.71	msg/s 0.0	link quality: 58	kalman var: 0.001 0.001 0.001	flight time: 17s	 batterySag: 0.59130859375
INFO: 2021-10-09 15:55:15 printStatus(175) -- Drogno_7: ready		battery 3.71	pos 1.34 0.05 0.80	yaw: 4.79	msg/s 0.0	link quality: 41	kalman var: 0.0 0.0 0.0	flight time: 19s	 batterySag: 0.59130859375
INFO: 2021-10-09 15:55:16 printStatus(175) -- Drogno_7: ready		battery 3.72	pos 1.34 0.04 0.81	yaw: -0.68	msg/s 0.0	link quality: 39	kalman var: 0.001 0.001 0.001	flight time: 20s	 batterySag: 0.59130859375
INFO: 2021-10-09 15:55:18 printStatus(175) -- Drogno_7: ready		battery 3.7	pos 1.32 0.06 0.80	yaw: -7.52	msg/s 0.0	link quality: 47	kalman var: 0.0 0.0 0.0	flight time: 22s	 batterySag: 0.59130859375
INFO: 2021-10-09 15:55:19 printStatus(175) -- Drogno_7: ready		battery 3.71	pos 1.30 0.05 0.80	yaw: 3.32	msg/s 0.0	link quality: 39	kalman var: 0.0 0.0 0.0	flight time: 23s	 batterySag: 0.59130859375
INFO: 2021-10-09 15:55:21 printStatus(175) -- Drogno_7: ready		battery 3.7	pos 1.34 0.04 0.80	yaw: -2.74	msg/s 0.0	link quality: 47	kalman var: 0.0 0.0 0.0	flight time: 25s	 batterySag: 0.59130859375
INFO: 2021-10-09 15:55:22 printStatus(175) -- Drogno_7: ready		battery 3.7	pos 1.32 0.04 0.80	yaw: -3.87	msg/s 0.0	link quality: 51	kalman var: 0.001 0.001 0.001	flight time: 26s	 batterySag: 0.59130859375
INFO: 2021-10-09 15:55:24 printStatus(175) -- Drogno_7: ready		battery 3.69	pos 1.31 0.05 0.80	yaw: -0.06	msg/s 0.0	link quality: 42	kalman var: 0.0 0.0 0.0	flight time: 28s	 batterySag: 0.59130859375
INFO: 2021-10-09 15:55:26 printStatus(175) -- Drogno_7: ready		battery 3.67	pos 1.36 0.05 0.79	yaw: -5.33	msg/s 0.0	link quality: 39	kalman var: 0.0 0.0 0.0	flight time: 30s	 batterySag: 0.59130859375
INFO: 2021-10-09 15:55:27 printStatus(175) -- Drogno_7: ready		battery 3.68	pos 1.35 0.08 0.80	yaw: 5.29	msg/s 0.0	link quality: 38	kalman var: 0.0 0.0 0.0	flight time: 31s	 batterySag: 0.59130859375
INFO: 2021-10-09 15:55:29 printStatus(175) -- Drogno_7: ready		battery 3.67	pos 1.32 0.03 0.80	yaw: -0.26	msg/s 0.0	link quality: 44	kalman var: 0.0 0.0 0.0	flight time: 33s	 batterySag: 0.59130859375
INFO: 2021-10-09 15:55:30 printStatus(175) -- Drogno_7: ready		battery 3.68	pos 1.34 0.04 0.81	yaw: -0.89	msg/s 0.0	link quality: 47	kalman var: 0.0 0.0 0.0	flight time: 34s	 batterySag: 0.59130859375
INFO: 2021-10-09 15:55:32 printStatus(175) -- Drogno_7: ready		battery 3.67	pos 1.33 0.06 0.80	yaw: -0.93	msg/s 0.0	link quality: 53	kalman var: 0.0 0.0 0.0	flight time: 36s	 batterySag: 0.59130859375
INFO: 2021-10-09 15:55:33 printStatus(175) -- Drogno_7: ready		battery 3.66	pos 1.33 0.06 0.80	yaw: 0.96	msg/s 0.0	link quality: 43	kalman var: 0.0 0.0 0.0	flight time: 37s	 batterySag: 0.59130859375
INFO: 2021-10-09 15:55:35 printStatus(175) -- Drogno_7: ready		battery 3.66	pos 1.34 0.05 0.81	yaw: 0.61	msg/s 0.0	link quality: 46	kalman var: 0.0 0.0 0.0	flight time: 39s	 batterySag: 0.59130859375
INFO: 2021-10-09 15:55:36 printStatus(175) -- Drogno_7: ready		battery 3.65	pos 1.32 0.04 0.80	yaw: -2.66	msg/s 0.0	link quality: 49	kalman var: 0.0 0.0 0.0	flight time: 40s	 batterySag: 0.59130859375
INFO: 2021-10-09 15:55:38 printStatus(175) -- Drogno_7: ready		battery 3.66	pos 1.33 0.04 0.81	yaw: 1.09	msg/s 0.0	link quality: 49	kalman var: 0.0 0.0 0.0	flight time: 42s	 batterySag: 0.59130859375
INFO: 2021-10-09 15:55:40 printStatus(175) -- Drogno_7: ready		battery 3.65	pos 1.33 0.04 0.80	yaw: 0.58	msg/s 0.0	link quality: 49	kalman var: 0.0 0.0 0.0	flight time: 44s	 batterySag: 0.59130859375
INFO: 2021-10-09 15:55:41 printStatus(175) -- Drogno_7: ready		battery 3.65	pos 1.34 0.04 0.80	yaw: -0.03	msg/s 0.0	link quality: 46	kalman var: 0.0 0.0 0.0	flight time: 45s	 batterySag: 0.59130859375
INFO: 2021-10-09 15:55:43 printStatus(175) -- Drogno_7: ready		battery 3.65	pos 1.32 0.07 0.81	yaw: 2.26	msg/s 0.0	link quality: 47	kalman var: 0.0 0.0 0.0	flight time: 47s	 batterySag: 0.59130859375
INFO: 2021-10-09 15:55:44 printStatus(175) -- Drogno_7: ready		battery 3.65	pos 1.33 0.03 0.80	yaw: -0.06	msg/s 0.0	link quality: 56	kalman var: 0.0 0.0 0.0	flight time: 48s	 batterySag: 0.59130859375
INFO: 2021-10-09 15:55:46 printStatus(175) -- Drogno_7: hovering		battery 3.64	pos 1.33 0.12 0.79	yaw: 2.97	msg/s 0.0	link quality: 41	kalman var: 0.0 0.0 0.0	flight time: 50s	 batterySag: 0.59130859375
INFO: 2021-10-09 15:55:47 printStatus(175) -- Drogno_7: ready		battery 3.64	pos 1.31 0.60 0.79	yaw: -0.77	msg/s 0.0	link quality: 42	kalman var: 0.0 0.0 0.0	flight time: 51s	 batterySag: 0.59130859375
INFO: 2021-10-09 15:55:49 printStatus(175) -- Drogno_7: ready		battery 3.64	pos 1.34 0.64 0.80	yaw: -0.28	msg/s 0.0	link quality: 66	kalman var: 0.001 0.001 0.001	flight time: 53s	 batterySag: 0.59130859375
INFO: 2021-10-09 15:55:50 printStatus(175) -- Drogno_7: ready		battery 3.63	pos 1.34 0.62 0.79	yaw: -1.37	msg/s 0.0	link quality: 48	kalman var: 0.006 0.006 0.002	flight time: 54s	 batterySag: 0.59130859375
INFO: 2021-10-09 15:55:52 printStatus(175) -- Drogno_7: ready		battery 3.63	pos 1.31 0.63 0.78	yaw: 1.95	msg/s 0.0	link quality: 44	kalman var: 0.001 0.001 0.0	flight time: 56s	 batterySag: 0.59130859375
INFO: 2021-10-09 15:55:54 printStatus(175) -- Drogno_7: ready		battery 3.61	pos 1.20 0.57 0.75	yaw: -1.44	msg/s 0.0	link quality: 44	kalman var: 0.001 0.001 0.001	flight time: 58s	 batterySag: 0.59130859375
INFO: 2021-10-09 15:55:55 printStatus(175) -- Drogno_7: ready		battery 3.62	pos 1.35 0.63 0.80	yaw: -0.06	msg/s 0.0	link quality: 50	kalman var: 0.002 0.002 0.001	flight time: 59s	 batterySag: 0.59130859375
INFO: 2021-10-09 15:55:57 printStatus(175) -- Drogno_7: ready		battery 3.61	pos 1.34 0.62 0.78	yaw: -2.31	msg/s 0.0	link quality: 58	kalman var: 0.0 0.0 0.0	flight time: 61s	 batterySag: 0.59130859375
INFO: 2021-10-09 15:55:58 printStatus(175) -- Drogno_7: ready		battery 3.62	pos 1.34 0.65 0.79	yaw: -5.12	msg/s 0.0	link quality: 60	kalman var: 0.0 0.0 0.0	flight time: 62s	 batterySag: 0.59130859375
INFO: 2021-10-09 15:56:00 printStatus(175) -- Drogno_7: ready		battery 3.61	pos 1.33 0.60 0.79	yaw: -0.58	msg/s 0.0	link quality: 51	kalman var: 0.0 0.0 0.001	flight time: 64s	 batterySag: 0.59130859375
INFO: 2021-10-09 15:56:01 printStatus(175) -- Drogno_7: ready		battery 3.6	pos 1.30 0.62 0.79	yaw: -1.73	msg/s 0.0	link quality: 42	kalman var: 0.0 0.0 0.0	flight time: 65s	 batterySag: 0.59130859375
INFO: 2021-10-09 15:56:03 printStatus(175) -- Drogno_7: ready		battery 3.6	pos 1.33 0.65 0.80	yaw: -1.12	msg/s 0.0	link quality: 63	kalman var: 0.0 0.0 0.0	flight time: 67s	 batterySag: 0.59130859375
INFO: 2021-10-09 15:56:04 printStatus(175) -- Drogno_7: ready		battery 3.59	pos 1.35 0.65 0.78	yaw: 9.78	msg/s 0.0	link quality: 52	kalman var: 0.001 0.001 0.001	flight time: 68s	 batterySag: 0.59130859375
INFO: 2021-10-09 15:56:06 printStatus(175) -- Drogno_7: ready		battery 3.59	pos 1.34 0.55 0.78	yaw: -7.08	msg/s 0.0	link quality: 49	kalman var: 0.0 0.0 0.0	flight time: 70s	 batterySag: 0.59130859375
INFO: 2021-10-09 15:56:08 printStatus(175) -- Drogno_7: ready		battery 3.59	pos 1.31 0.66 0.80	yaw: -3.51	msg/s 0.0	link quality: 50	kalman var: 0.001 0.001 0.001	flight time: 72s	 batterySag: 0.59130859375
INFO: 2021-10-09 15:56:09 printStatus(175) -- Drogno_7: ready		battery 3.59	pos 1.33 0.65 0.79	yaw: -3.43	msg/s 0.0	link quality: 61	kalman var: 0.0 0.0 0.0	flight time: 73s	 batterySag: 0.59130859375
INFO: 2021-10-09 15:56:11 printStatus(175) -- Drogno_7: ready		battery 3.59	pos 1.33 0.62 0.80	yaw: -1.01	msg/s 0.0	link quality: 54	kalman var: 0.004 0.004 0.002	flight time: 75s	 batterySag: 0.59130859375
INFO: 2021-10-09 15:56:12 printStatus(175) -- Drogno_7: ready		battery 3.58	pos 1.35 0.64 0.79	yaw: -1.29	msg/s 0.0	link quality: 53	kalman var: 0.0 0.0 0.0	flight time: 76s	 batterySag: 0.59130859375
INFO: 2021-10-09 15:56:14 printStatus(175) -- Drogno_7: ready		battery 3.59	pos 1.33 0.62 0.80	yaw: -0.15	msg/s 0.0	link quality: 42	kalman var: 0.006 0.006 0.002	flight time: 78s	 batterySag: 0.59130859375
INFO: 2021-10-09 15:56:15 printStatus(175) -- Drogno_7: ready		battery 3.58	pos 1.33 0.62 0.80	yaw: -0.62	msg/s 0.0	link quality: 51	kalman var: 0.001 0.001 0.001	flight time: 79s	 batterySag: 0.59130859375
INFO: 2021-10-09 15:56:17 printStatus(175) -- Drogno_7: ready		battery 3.57	pos 1.33 0.62 0.80	yaw: -0.76	msg/s 0.0	link quality: 49	kalman var: 0.002 0.002 0.001	flight time: 81s	 batterySag: 0.59130859375
INFO: 2021-10-09 15:56:19 printStatus(175) -- Drogno_7: BAD kalman		battery 3.57	pos 1.33 0.63 0.79	yaw: 0.26	msg/s 0.0	link quality: 48	kalman var: 0.019 0.019 0.003	flight time: 83s	 batterySag: 0.59130859375
INFO: 2021-10-09 15:56:20 printStatus(175) -- Drogno_7: ready		battery 3.55	pos 1.21 0.82 0.66	yaw: 2.33	msg/s 0.0	link quality: 48	kalman var: 0.004 0.004 0.001	flight time: 84s	 batterySag: 0.59130859375
INFO: 2021-10-09 15:56:22 printStatus(175) -- Drogno_7: ready		battery 3.57	pos 1.34 0.62 0.81	yaw: 0.45	msg/s 0.0	link quality: 50	kalman var: 0.001 0.001 0.001	flight time: 86s	 batterySag: 0.59130859375
INFO: 2021-10-09 15:56:23 printStatus(175) -- Drogno_7: ready		battery 3.55	pos 1.42 0.54 0.78	yaw: -0.23	msg/s 0.0	link quality: 44	kalman var: 0.001 0.001 0.001	flight time: 87s	 batterySag: 0.59130859375
INFO: 2021-10-09 15:56:25 printStatus(175) -- Drogno_7: ready		battery 3.56	pos 1.39 0.57 0.77	yaw: -0.53	msg/s 0.0	link quality: 53	kalman var: 0.002 0.002 0.001	flight time: 89s	 batterySag: 0.59130859375
INFO: 2021-10-09 15:56:26 printStatus(175) -- Drogno_7: ready		battery 3.56	pos 1.33 0.62 0.79	yaw: -1.85	msg/s 0.0	link quality: 41	kalman var: 0.006 0.006 0.002	flight time: 90s	 batterySag: 0.59130859375
INFO: 2021-10-09 15:56:28 printStatus(175) -- Drogno_7: ready		battery 3.54	pos 1.27 0.68 0.76	yaw: 1.56	msg/s 0.0	link quality: 43	kalman var: 0.001 0.001 0.001	flight time: 92s	 batterySag: 0.59130859375
INFO: 2021-10-09 15:56:29 printStatus(175) -- Drogno_7: ready		battery 3.55	pos 1.33 0.62 0.80	yaw: -0.95	msg/s 0.0	link quality: 61	kalman var: 0.004 0.004 0.002	flight time: 93s	 batterySag: 0.59130859375
INFO: 2021-10-09 15:56:31 printStatus(175) -- Drogno_7: ready		battery 3.54	pos 1.35 0.68 0.76	yaw: 1.48	msg/s 0.0	link quality: 53	kalman var: 0.001 0.001 0.001	flight time: 95s	 batterySag: 0.59130859375
INFO: 2021-10-09 15:56:33 printStatus(175) -- Drogno_7: ready		battery 3.54	pos 1.33 0.62 0.79	yaw: 1.31	msg/s 0.0	link quality: 42	kalman var: 0.007 0.007 0.002	flight time: 97s	 batterySag: 0.59130859375
INFO: 2021-10-09 15:56:34 printStatus(175) -- Drogno_7: BAD kalman		battery 3.55	pos 1.34 0.63 0.80	yaw: 1.41	msg/s 0.0	link quality: 44	kalman var: 0.018 0.018 0.003	flight time: 98s	 batterySag: 0.59130859375
INFO: 2021-10-09 15:56:36 printStatus(175) -- Drogno_7: ready		battery 3.54	pos 1.31 0.62 0.80	yaw: -2.14	msg/s 0.0	link quality: 46	kalman var: 0.0 0.0 0.001	flight time: 100s	 batterySag: 0.59130859375
INFO: 2021-10-09 15:56:37 printStatus(175) -- Drogno_7: ready		battery 3.54	pos 1.33 0.62 0.80	yaw: -0.56	msg/s 0.0	link quality: 55	kalman var: 0.001 0.001 0.001	flight time: 101s	 batterySag: 0.59130859375
INFO: 2021-10-09 15:56:39 printStatus(175) -- Drogno_7: ready		battery 3.54	pos 1.34 0.63 0.78	yaw: 0.75	msg/s 0.0	link quality: 57	kalman var: 0.001 0.001 0.001	flight time: 103s	 batterySag: 0.59130859375
INFO: 2021-10-09 15:56:40 printStatus(175) -- Drogno_7: ready		battery 3.53	pos 1.33 0.62 0.79	yaw: -1.03	msg/s 0.0	link quality: 57	kalman var: 0.0 0.0 0.0	flight time: 104s	 batterySag: 0.59130859375
INFO: 2021-10-09 15:56:42 printStatus(175) -- Drogno_7: ready		battery 3.53	pos 1.33 0.62 0.80	yaw: -0.16	msg/s 0.0	link quality: 54	kalman var: 0.001 0.001 0.001	flight time: 106s	 batterySag: 0.59130859375
INFO: 2021-10-09 15:56:44 printStatus(175) -- Drogno_7: ready		battery 3.53	pos 1.30 0.60 0.78	yaw: 0.49	msg/s 0.0	link quality: 44	kalman var: 0.001 0.001 0.001	flight time: 108s	 batterySag: 0.59130859375
INFO: 2021-10-09 15:56:45 printStatus(175) -- Drogno_7: ready		battery 3.53	pos 1.33 0.63 0.79	yaw: 2.62	msg/s 0.0	link quality: 44	kalman var: 0.004 0.004 0.002	flight time: 109s	 batterySag: 0.59130859375
INFO: 2021-10-09 15:56:47 printStatus(175) -- Drogno_7: ready		battery 3.53	pos 1.32 0.62 0.79	yaw: 0.91	msg/s 0.0	link quality: 46	kalman var: 0.001 0.001 0.001	flight time: 111s	 batterySag: 0.59130859375
INFO: 2021-10-09 15:56:48 printStatus(175) -- Drogno_7: ready		battery 3.51	pos 1.33 0.56 0.77	yaw: 2.93	msg/s 0.0	link quality: 44	kalman var: 0.001 0.001 0.001	flight time: 112s	 batterySag: 0.59130859375
INFO: 2021-10-09 15:56:50 printStatus(175) -- Drogno_7: ready		battery 3.52	pos 1.33 0.64 0.79	yaw: 0.00	msg/s 0.0	link quality: 56	kalman var: 0.001 0.001 0.001	flight time: 114s	 batterySag: 0.59130859375
INFO: 2021-10-09 15:56:52 printStatus(175) -- Drogno_7: ready		battery 3.52	pos 1.33 0.63 0.79	yaw: 0.03	msg/s 0.0	link quality: 44	kalman var: 0.003 0.003 0.001	flight time: 116s	 batterySag: 0.59130859375
INFO: 2021-10-09 15:56:53 printStatus(175) -- Drogno_7: BAD kalman		battery 3.51	pos 1.33 0.63 0.79	yaw: -0.24	msg/s 0.0	link quality: 49	kalman var: 0.01 0.01 0.002	flight time: 117s	 batterySag: 0.59130859375
INFO: 2021-10-09 15:56:55 printStatus(175) -- Drogno_7: ready		battery 3.51	pos 1.23 0.65 0.78	yaw: -1.42	msg/s 0.0	link quality: 46	kalman var: 0.001 0.001 0.0	flight time: 119s	 batterySag: 0.59130859375
INFO: 2021-10-09 15:56:56 printStatus(175) -- Drogno_7: ready		battery 3.51	pos 1.33 0.63 0.80	yaw: -0.39	msg/s 0.0	link quality: 41	kalman var: 0.006 0.006 0.002	flight time: 120s	 batterySag: 0.59130859375
INFO: 2021-10-09 15:56:58 printStatus(175) -- Drogno_7: ready		battery 3.51	pos 1.32 0.63 0.77	yaw: -1.09	msg/s 0.0	link quality: 46	kalman var: 0.001 0.001 0.001	flight time: 122s	 batterySag: 0.59130859375
INFO: 2021-10-09 15:57:00 printStatus(175) -- Drogno_7: ready		battery 3.5	pos 1.33 0.62 0.79	yaw: -1.16	msg/s 0.0	link quality: 55	kalman var: 0.002 0.002 0.001	flight time: 123s	 batterySag: 0.59130859375
INFO: 2021-10-09 15:57:01 printStatus(175) -- Drogno_7: ready		battery 3.5	pos 1.33 0.62 0.79	yaw: 0.64	msg/s 0.0	link quality: 49	kalman var: 0.0 0.0 0.001	flight time: 125s	 batterySag: 0.59130859375
INFO: 2021-10-09 15:57:03 printStatus(175) -- Drogno_7: ready		battery 3.51	pos 1.30 0.58 0.77	yaw: -0.07	msg/s 0.0	link quality: 47	kalman var: 0.001 0.001 0.001	flight time: 127s	 batterySag: 0.59130859375
INFO: 2021-10-09 15:57:04 printStatus(175) -- Drogno_7: BAD kalman		battery 3.49	pos 1.33 0.63 0.79	yaw: 0.37	msg/s 0.0	link quality: 55	kalman var: 0.011 0.011 0.003	flight time: 128s	 batterySag: 0.59130859375
INFO: 2021-10-09 15:57:06 printStatus(175) -- Drogno_7: ready		battery 3.44	pos 1.12 0.70 0.67	yaw: 0.43	msg/s 0.0	link quality: 45	kalman var: 0.002 0.002 0.001	flight time: 130s	 batterySag: 0.59130859375
INFO: 2021-10-09 15:57:07 printStatus(175) -- Drogno_7: ready		battery 3.49	pos 1.34 0.62 0.81	yaw: -0.18	msg/s 0.0	link quality: 63	kalman var: 0.001 0.001 0.001	flight time: 131s	 batterySag: 0.59130859375
INFO: 2021-10-09 15:57:09 printStatus(175) -- Drogno_7: ready		battery 3.49	pos 1.35 0.61 0.79	yaw: -1.17	msg/s 0.0	link quality: 57	kalman var: 0.001 0.001 0.001	flight time: 133s	 batterySag: 0.59130859375
INFO: 2021-10-09 15:57:11 printStatus(175) -- Drogno_7: ready		battery 3.48	pos 1.33 0.63 0.79	yaw: -2.52	msg/s 0.0	link quality: 67	kalman var: 0.0 0.0 0.001	flight time: 135s	 batterySag: 0.59130859375
INFO: 2021-10-09 15:57:12 printStatus(175) -- Drogno_7: ready		battery 3.49	pos 1.33 0.63 0.79	yaw: -0.11	msg/s 0.0	link quality: 55	kalman var: 0.001 0.001 0.001	flight time: 136s	 batterySag: 0.59130859375
INFO: 2021-10-09 15:57:14 printStatus(175) -- Drogno_7: ready		battery 3.49	pos 1.29 0.70 0.76	yaw: 0.83	msg/s 0.0	link quality: 45	kalman var: 0.002 0.002 0.001	flight time: 138s	 batterySag: 0.59130859375
INFO: 2021-10-09 15:57:15 printStatus(175) -- Drogno_7: ready		battery 3.48	pos 1.33 0.61 0.80	yaw: 4.05	msg/s 0.0	link quality: 55	kalman var: 0.0 0.0 0.0	flight time: 139s	 batterySag: 0.59130859375
INFO: 2021-10-09 15:57:17 printStatus(175) -- Drogno_7: ready		battery 3.48	pos 1.34 0.61 0.80	yaw: 2.51	msg/s 0.0	link quality: 56	kalman var: 0.0 0.0 0.0	flight time: 141s	 batterySag: 0.59130859375
INFO: 2021-10-09 15:57:19 printStatus(175) -- Drogno_7: ready		battery 3.48	pos 1.33 0.61 0.79	yaw: -1.76	msg/s 0.0	link quality: 51	kalman var: 0.001 0.001 0.001	flight time: 143s	 batterySag: 0.59130859375
INFO: 2021-10-09 15:57:20 printStatus(175) -- Drogno_7: ready		battery 3.47	pos 1.33 0.62 0.79	yaw: -0.72	msg/s 0.0	link quality: 61	kalman var: 0.001 0.001 0.001	flight time: 144s	 batterySag: 0.59130859375
INFO: 2021-10-09 15:57:22 printStatus(175) -- Drogno_7: ready		battery 3.47	pos 1.34 0.63 0.79	yaw: -0.25	msg/s 0.0	link quality: 51	kalman var: 0.004 0.004 0.002	flight time: 146s	 batterySag: 0.59130859375
INFO: 2021-10-09 15:57:23 printStatus(175) -- Drogno_7: ready		battery 3.45	pos 1.28 0.57 0.74	yaw: 0.40	msg/s 0.0	link quality: 45	kalman var: 0.001 0.001 0.001	flight time: 147s	 batterySag: 0.59130859375
INFO: 2021-10-09 15:57:25 printStatus(175) -- Drogno_7: ready		battery 3.47	pos 1.34 0.63 0.80	yaw: 0.82	msg/s 0.0	link quality: 52	kalman var: 0.002 0.002 0.001	flight time: 149s	 batterySag: 0.59130859375
INFO: 2021-10-09 15:57:26 printStatus(175) -- Drogno_7: ready		battery 3.47	pos 1.34 0.61 0.79	yaw: -0.94	msg/s 0.0	link quality: 47	kalman var: 0.005 0.005 0.002	flight time: 150s	 batterySag: 0.59130859375
INFO: 2021-10-09 15:57:28 printStatus(175) -- Drogno_7: ready		battery 3.47	pos 1.41 0.70 0.77	yaw: 1.01	msg/s 0.0	link quality: 47	kalman var: 0.001 0.001 0.0	flight time: 152s	 batterySag: 0.59130859375
INFO: 2021-10-09 15:57:30 printStatus(175) -- Drogno_7: ready		battery 3.47	pos 1.32 0.62 0.79	yaw: 0.77	msg/s 0.0	link quality: 45	kalman var: 0.001 0.001 0.001	flight time: 154s	 batterySag: 0.59130859375
INFO: 2021-10-09 15:57:31 printStatus(175) -- Drogno_7: ready		battery 3.46	pos 1.33 0.62 0.79	yaw: -0.34	msg/s 0.0	link quality: 38	kalman var: 0.006 0.006 0.002	flight time: 155s	 batterySag: 0.59130859375
INFO: 2021-10-09 15:57:33 printStatus(175) -- Drogno_7: ready		battery 3.46	pos 1.34 0.62 0.80	yaw: -0.30	msg/s 0.0	link quality: 47	kalman var: 0.006 0.006 0.002	flight time: 157s	 batterySag: 0.59130859375
INFO: 2021-10-09 15:57:34 printStatus(175) -- Drogno_7: ready		battery 3.46	pos 1.31 0.62 0.78	yaw: -1.73	msg/s 0.0	link quality: 51	kalman var: 0.002 0.002 0.001	flight time: 158s	 batterySag: 0.59130859375
INFO: 2021-10-09 15:57:36 printStatus(175) -- Drogno_7: ready		battery 3.46	pos 1.33 0.62 0.79	yaw: 0.50	msg/s 0.0	link quality: 49	kalman var: 0.001 0.001 0.001	flight time: 160s	 batterySag: 0.59130859375
INFO: 2021-10-09 15:57:37 printStatus(175) -- Drogno_7: ready		battery 3.46	pos 1.33 0.62 0.78	yaw: -0.41	msg/s 0.0	link quality: 57	kalman var: 0.001 0.001 0.001	flight time: 161s	 batterySag: 0.59130859375
INFO: 2021-10-09 15:57:39 printStatus(175) -- Drogno_7: ready		battery 3.45	pos 1.34 0.63 0.79	yaw: -0.98	msg/s 0.0	link quality: 58	kalman var: 0.001 0.001 0.001	flight time: 163s	 batterySag: 0.59130859375
INFO: 2021-10-09 15:57:41 printStatus(175) -- Drogno_7: BAD kalman		battery 3.45	pos 1.33 0.62 0.80	yaw: -0.12	msg/s 0.0	link quality: 47	kalman var: 0.011 0.011 0.003	flight time: 165s	 batterySag: 0.59130859375
INFO: 2021-10-09 15:57:43 printStatus(175) -- Drogno_7: ready		battery 3.45	pos 1.33 0.62 0.79	yaw: 0.89	msg/s 0.0	link quality: 50	kalman var: 0.003 0.003 0.002	flight time: 166s	 batterySag: 0.59130859375
INFO: 2021-10-09 15:57:44 printStatus(175) -- Drogno_7: ready		battery 3.45	pos 1.33 0.62 0.80	yaw: 0.98	msg/s 0.0	link quality: 63	kalman var: 0.002 0.002 0.001	flight time: 168s	 batterySag: 0.59130859375
INFO: 2021-10-09 15:57:46 printStatus(175) -- Drogno_7: ready		battery 3.45	pos 1.34 0.63 0.80	yaw: -0.21	msg/s 0.0	link quality: 50	kalman var: 0.006 0.006 0.002	flight time: 170s	 batterySag: 0.59130859375
INFO: 2021-10-09 15:57:47 printStatus(175) -- Drogno_7: ready		battery 3.44	pos 1.33 0.62 0.80	yaw: -1.34	msg/s 0.0	link quality: 54	kalman var: 0.002 0.002 0.001	flight time: 171s	 batterySag: 0.59130859375
INFO: 2021-10-09 15:57:49 printStatus(175) -- Drogno_7: ready		battery 3.45	pos 1.33 0.63 0.80	yaw: 0.01	msg/s 0.0	link quality: 58	kalman var: 0.003 0.003 0.001	flight time: 173s	 batterySag: 0.59130859375
INFO: 2021-10-09 15:57:51 printStatus(175) -- Drogno_7: ready		battery 3.45	pos 1.33 0.62 0.78	yaw: -0.38	msg/s 0.0	link quality: 45	kalman var: 0.003 0.003 0.001	flight time: 175s	 batterySag: 0.59130859375
INFO: 2021-10-09 15:57:52 printStatus(175) -- Drogno_7: ready		battery 3.44	pos 1.29 0.61 0.79	yaw: -1.73	msg/s 0.0	link quality: 43	kalman var: 0.001 0.001 0.001	flight time: 176s	 batterySag: 0.59130859375
INFO: 2021-10-09 15:57:54 printStatus(175) -- Drogno_7: ready		battery 3.43	pos 1.31 0.63 0.79	yaw: -1.17	msg/s 0.0	link quality: 44	kalman var: 0.001 0.001 0.001	flight time: 178s	 batterySag: 0.59130859375
INFO: 2021-10-09 15:57:55 printStatus(175) -- Drogno_7: landing		battery 3.44	pos 1.34 0.62 0.79	yaw: -0.80	msg/s 0.0	link quality: 65	kalman var: 0.001 0.001 0.001	flight time: 179s	 batterySag: 0.59130859375
INFO: 2021-10-09 15:57:57 printStatus(175) -- Drogno_7: BAD kalman		battery 3.46	pos 1.34 0.63 0.69	yaw: 1.45	msg/s 0.0	link quality: 47	kalman var: 0.014 0.014 0.003	flight time: 179s	 batterySag: 0.59130859375
INFO: 2021-10-09 15:57:58 printStatus(175) -- Drogno_7: ready		battery 3.72	pos 1.31 0.61 -0.02	yaw: 0.98	msg/s 0.0	link quality: 41	kalman var: 0.001 0.001 0.001	flight time: 179s	 batterySag: 0.59130859375
INFO: 2021-10-09 15:58:00 printStatus(175) -- Drogno_7: ready		battery 3.73	pos 1.28 0.61 -0.03	yaw: 1.21	msg/s 0.0	link quality: 42	kalman var: 0.001 0.001 0.001	flight time: 179s	 batterySag: 0.59130859375
INFO: 2021-10-09 15:58:01 printStatus(175) -- Drogno_7: ready		battery 3.75	pos 1.28 0.60 -0.03	yaw: 1.44	msg/s 0.0	link quality: 41	kalman var: 0.0 0.0 0.0	flight time: 179s	 batterySag: 0.59130859375
INFO: 2021-10-09 15:58:03 printStatus(175) -- Drogno_7: ready		battery 3.75	pos 1.28 0.60 -0.03	yaw: 1.54	msg/s 0.0	link quality: 41	kalman var: 0.0 0.0 0.0	flight time: 179s	 batterySag: 0.59130859375
INFO: 2021-10-09 15:58:05 printStatus(175) -- Drogno_7: ready		battery 3.76	pos 1.28 0.60 -0.03	yaw: 1.59	msg/s 0.0	link quality: 41	kalman var: 0.0 0.0 0.0	flight time: 179s	 batterySag: 0.59130859375
INFO: 2021-10-09 15:58:06 printStatus(175) -- Drogno_7: ready		battery 3.76	pos 1.28 0.60 -0.03	yaw: 1.51	msg/s 0.0	link quality: 41	kalman var: 0.0 0.0 0.0	flight time: 179s	 batterySag: 0.59130859375
INFO: 2021-10-09 15:58:08 printStatus(175) -- Drogno_7: ready		battery 3.77	pos 1.28 0.60 -0.03	yaw: 1.47	msg/s 0.0	link quality: 41	kalman var: 0.0 0.0 0.0	flight time: 179s	 batterySag: 0.59130859375
INFO: 2021-10-09 15:58:09 printStatus(175) -- Drogno_7: ready		battery 3.77	pos 1.28 0.60 -0.03	yaw: 1.47	msg/s 0.0	link quality: 41	kalman var: 0.0 0.0 0.0	flight time: 179s	 batterySag: 0.59130859375
INFO: 2021-10-09 15:58:11 printStatus(175) -- Drogno_7: ready		battery 3.78	pos 1.28 0.60 -0.03	yaw: 1.52	msg/s 0.0	link quality: 41	kalman var: 0.0 0.0 0.0	flight time: 179s	 batterySag: 0.59130859375
INFO: 2021-10-09 15:58:12 printStatus(175) -- Drogno_7: ready		battery 3.78	pos 1.28 0.60 -0.03	yaw: 1.48	msg/s 0.0	link quality: 42	kalman var: 0.0 0.0 0.0	flight time: 179s	 batterySag: 0.59130859375
INFO: 2021-10-09 15:58:14 printStatus(175) -- Drogno_7: ready		battery 3.78	pos 1.28 0.60 -0.03	yaw: 1.57	msg/s 0.0	link quality: 41	kalman var: 0.0 0.0 0.0	flight time: 179s	 batterySag: 0.59130859375
INFO: 2021-10-09 15:58:16 printStatus(175) -- Drogno_7: ready		battery 3.79	pos 1.28 0.60 -0.03	yaw: 1.51	msg/s 0.0	link quality: 41	kalman var: 0.0 0.0 0.0	flight time: 179s	 batterySag: 0.59130859375
INFO: 2021-10-09 15:58:17 printStatus(175) -- Drogno_7: ready		battery 3.79	pos 1.28 0.60 -0.03	yaw: 1.54	msg/s 0.0	link quality: 41	kalman var: 0.001 0.001 0.001	flight time: 179s	 batterySag: 0.59130859375
INFO: 2021-10-09 15:58:19 printStatus(175) -- Drogno_7: ready		battery 3.79	pos 1.28 0.60 -0.03	yaw: 1.52	msg/s 0.0	link quality: 41	kalman var: 0.0 0.0 0.0	flight time: 179s	 batterySag: 0.59130859375
INFO: 2021-10-09 15:58:20 printStatus(175) -- Drogno_7: ready		battery 3.79	pos 1.28 0.60 -0.03	yaw: 1.53	msg/s 0.0	link quality: 41	kalman var: 0.0 0.0 0.0	flight time: 179s	 batterySag: 0.59130859375
INFO: 2021-10-09 15:58:22 printStatus(175) -- Drogno_7: ready		battery 3.79	pos 1.28 0.60 -0.03	yaw: 1.58	msg/s 0.0	link quality: 41	kalman var: 0.0 0.0 0.001	flight time: 179s	 batterySag: 0.59130859375
INFO: 2021-10-09 15:58:24 printStatus(175) -- Drogno_7: ready		battery 3.79	pos 1.28 0.60 -0.03	yaw: 1.60	msg/s 0.0	link quality: 41	kalman var: 0.0 0.0 0.0	flight time: 179s	 batterySag: 0.59130859375
INFO: 2021-10-09 15:58:25 printStatus(175) -- Drogno_7: ready		battery 3.79	pos 1.28 0.60 -0.03	yaw: 1.46	msg/s 0.0	link quality: 41	kalman var: 0.001 0.001 0.001	flight time: 179s	 batterySag: 0.59130859375
INFO: 2021-10-09 15:58:27 printStatus(175) -- Drogno_7: ready		battery 3.79	pos 1.28 0.60 -0.03	yaw: 1.63	msg/s 0.0	link quality: 41	kalman var: 0.0 0.0 0.0	flight time: 179s	 batterySag: 0.59130859375
INFO: 2021-10-09 15:58:29 printStatus(175) -- Drogno_7: ready		battery 3.79	pos 1.28 0.60 -0.03	yaw: 1.56	msg/s 0.0	link quality: 41	kalman var: 0.0 0.0 0.0	flight time: 179s	 batterySag: 0.59130859375
INFO: 2021-10-09 15:58:31 printStatus(175) -- Drogno_7: ready		battery 3.79	pos 1.29 0.60 -0.03	yaw: 1.58	msg/s 0.0	link quality: 41	kalman var: 0.001 0.001 0.001	flight time: 179s	 batterySag: 0.59130859375
INFO: 2021-10-09 15:58:32 printStatus(175) -- Drogno_7: ready		battery 3.79	pos 1.28 0.60 -0.03	yaw: 1.51	msg/s 0.0	link quality: 41	kalman var: 0.0 0.0 0.0	flight time: 179s	 batterySag: 0.59130859375
INFO: 2021-10-09 15:58:34 printStatus(175) -- Drogno_7: ready		battery 3.79	pos 1.28 0.60 -0.03	yaw: 1.52	msg/s 0.0	link quality: 41	kalman var: 0.0 0.0 0.0	flight time: 179s	 batterySag: 0.59130859375
INFO: 2021-10-09 15:58:35 printStatus(175) -- Drogno_7: ready		battery 3.79	pos 1.28 0.60 -0.03	yaw: 1.46	msg/s 0.0	link quality: 41	kalman var: 0.0 0.0 0.0	flight time: 179s	 batterySag: 0.59130859375
INFO: 2021-10-09 15:58:37 printStatus(175) -- Drogno_7: ready		battery 3.79	pos 1.28 0.60 -0.03	yaw: 1.51	msg/s 0.0	link quality: 41	kalman var: 0.001 0.001 0.001	flight time: 179s	 batterySag: 0.59130859375
INFO: 2021-10-09 15:58:38 printStatus(175) -- Drogno_7: ready		battery 3.79	pos 1.28 0.60 -0.03	yaw: 1.58	msg/s 0.0	link quality: 41	kalman var: 0.0 0.0 0.001	flight time: 179s	 batterySag: 0.59130859375
INFO: 2021-10-09 15:58:40 printStatus(175) -- Drogno_7: ready		battery 3.79	pos 1.28 0.60 -0.03	yaw: 1.49	msg/s 0.0	link quality: 41	kalman var: 0.0 0.0 0.001	flight time: 179s	 batterySag: 0.59130859375
INFO: 2021-10-09 15:58:42 printStatus(175) -- Drogno_7: ready		battery 3.79	pos 1.28 0.60 -0.03	yaw: 1.55	msg/s 0.0	link quality: 41	kalman var: 0.0 0.0 0.0	flight time: 179s	 batterySag: 0.59130859375
INFO: 2021-10-09 15:58:43 printStatus(175) -- Drogno_7: ready		battery 3.79	pos 1.28 0.60 -0.03	yaw: 1.52	msg/s 0.0	link quality: 41	kalman var: 0.001 0.001 0.001	flight time: 179s	 batterySag: 0.59130859375
INFO: 2021-10-09 15:58:45 printStatus(175) -- Drogno_7: ready		battery 3.79	pos 1.28 0.60 -0.03	yaw: 1.52	msg/s 0.0	link quality: 41	kalman var: 0.0 0.0 0.0	flight time: 179s	 batterySag: 0.59130859375
INFO: 2021-10-09 15:58:46 printStatus(175) -- Drogno_7: ready		battery 3.79	pos 1.28 0.60 -0.03	yaw: 1.49	msg/s 0.0	link quality: 41	kalman var: 0.0 0.0 0.0	flight time: 179s	 batterySag: 0.59130859375
INFO: 2021-10-09 15:58:48 printStatus(175) -- Drogno_7: ready		battery 3.79	pos 1.28 0.60 -0.03	yaw: 1.57	msg/s 0.0	link quality: 41	kalman var: 0.0 0.0 0.0	flight time: 179s	 batterySag: 0.59130859375
INFO: 2021-10-09 15:58:49 printStatus(175) -- Drogno_7: ready		battery 3.79	pos 1.28 0.60 -0.03	yaw: 1.60	msg/s 0.0	link quality: 42	kalman var: 0.001 0.001 0.001	flight time: 179s	 batterySag: 0.59130859375
INFO: 2021-10-09 15:58:51 printStatus(175) -- Drogno_7: ready		battery 3.79	pos 1.28 0.60 -0.03	yaw: 1.50	msg/s 0.0	link quality: 42	kalman var: 0.0 0.0 0.0	flight time: 179s	 batterySag: 0.59130859375
INFO: 2021-10-09 15:58:52 printStatus(175) -- Drogno_7: ready		battery 3.79	pos 1.28 0.60 -0.03	yaw: 1.50	msg/s 0.0	link quality: 42	kalman var: 0.001 0.001 0.001	flight time: 179s	 batterySag: 0.59130859375
INFO: 2021-10-09 15:58:54 printStatus(175) -- Drogno_7: ready		battery 3.79	pos 1.28 0.60 -0.03	yaw: 1.46	msg/s 0.0	link quality: 42	kalman var: 0.0 0.0 0.0	flight time: 179s	 batterySag: 0.59130859375
INFO: 2021-10-09 15:58:56 printStatus(175) -- Drogno_7: sconnesso		battery 3.79	pos 1.28 0.60 -0.03	yaw: 1.50	msg/s 0.0	link quality: 41	kalman var: 0.0 0.0 0.0	flight time: 179s	 batterySag: 0.59130859375
