INFO: 14-07-2022 17:12:45 __init__(129) -- This is dronelog running on Drogno_0
INFO: 14-07-2022 17:12:45 printStatus(165) -- Started
INFO: 14-07-2022 17:12:46 printStatus(168) -- Drogno_0: connecting	battery: n.p.	kalman var: 0 0 0	 batterySag: 0	link quality: 0	flight time: 0s	pos 0.00 0.00 0.00	yaw: 0.00	msg/s 0.0
INFO: 14-07-2022 17:12:47 printStatus(168) -- Drogno_0: connecting	battery: n.p.	kalman var: 0 0 0	 batterySag: 0	link quality: 0	flight time: 0s	pos 0.00 0.00 0.00	yaw: 0.00	msg/s 0.0
INFO: 14-07-2022 17:12:49 printStatus(168) -- Drogno_0: connecting	battery: n.p.	kalman var: 0 0 0	 batterySag: 0	link quality: 0	flight time: 0s	pos 0.00 0.00 0.00	yaw: 0.00	msg/s 0.0
INFO: 14-07-2022 17:12:50 printStatus(168) -- Drogno_0: connecting	battery: n.p.	kalman var: 0 0 0	 batterySag: 0	link quality: 0	flight time: 0s	pos 0.00 0.00 0.00	yaw: 0.00	msg/s 0.0
INFO: 14-07-2022 17:12:51 printStatus(168) -- Drogno_0: connecting	battery: n.p.	kalman var: 0 0 0	 batterySag: 0	link quality: 0	flight time: 0s	pos 0.00 0.00 0.00	yaw: 0.00	msg/s 0.0
INFO: 14-07-2022 17:12:52 printStatus(168) -- Drogno_0: connecting	battery: n.p.	kalman var: 0 0 0	 batterySag: 0	link quality: 0	flight time: 0s	pos 0.00 0.00 0.00	yaw: 0.00	msg/s 0.0
INFO: 14-07-2022 17:12:53 printStatus(168) -- Drogno_0: connecting	battery: n.p.	kalman var: 0 0 0	 batterySag: 0	link quality: 0	flight time: 0s	pos 0.00 0.00 0.00	yaw: 0.00	msg/s 0.0
INFO: 14-07-2022 17:12:54 printStatus(168) -- Drogno_0: connecting	battery: n.p.	kalman var: 0 0 0	 batterySag: 0	link quality: 0	flight time: 0s	pos 0.00 0.00 0.00	yaw: 0.00	msg/s 0.0
INFO: 14-07-2022 17:12:56 printStatus(168) -- Drogno_0: connecting	battery: n.p.	kalman var: 0 0 0	 batterySag: 0	link quality: 0	flight time: 0s	pos 0.00 0.00 0.00	yaw: 0.00	msg/s 0.0
INFO: 14-07-2022 17:12:57 printStatus(168) -- Drogno_0: connecting	battery: n.p.	kalman var: 0 0 0	 batterySag: 0	link quality: 0	flight time: 0s	pos 0.00 0.00 0.00	yaw: 0.00	msg/s 0.0
INFO: 14-07-2022 17:12:58 printStatus(168) -- Drogno_0: connecting	battery: n.p.	kalman var: 0 0 0	 batterySag: 0	link quality: 0	flight time: 0s	pos 0.00 0.00 0.00	yaw: 0.00	msg/s 0.0
INFO: 14-07-2022 17:12:59 printStatus(168) -- Drogno_0: connecting	battery: n.p.	kalman var: 0 0 0	 batterySag: 0	link quality: 0	flight time: 0s	pos 0.00 0.00 0.00	yaw: 0.00	msg/s 0.0
INFO: 14-07-2022 17:13:00 printStatus(168) -- Drogno_0: connecting	battery: n.p.	kalman var: 0 0 0	 batterySag: 0	link quality: 0	flight time: 0s	pos 0.00 0.00 0.00	yaw: 0.00	msg/s 0.0
INFO: 14-07-2022 17:13:01 printStatus(168) -- Drogno_0: connecting	battery: n.p.	kalman var: 0 0 0	 batterySag: 0	link quality: 0	flight time: 0s	pos 0.00 0.00 0.00	yaw: 0.00	msg/s 0.0
INFO: 14-07-2022 17:13:03 printStatus(168) -- Drogno_0: connecting	battery: n.p.	kalman var: 0 0 0	 batterySag: 0	link quality: 0	flight time: 0s	pos 0.00 0.00 0.00	yaw: 0.00	msg/s 0.0
INFO: 14-07-2022 17:13:04 printStatus(168) -- Drogno_0: connecting	battery: n.p.	kalman var: 0 0 0	 batterySag: 0	link quality: 0	flight time: 0s	pos 0.00 0.00 0.00	yaw: 0.00	msg/s 0.0
INFO: 14-07-2022 17:13:05 printStatus(168) -- Drogno_0: connecting	battery: n.p.	kalman var: 0 0 0	 batterySag: 0	link quality: 0	flight time: 0s	pos 0.00 0.00 0.00	yaw: 0.00	msg/s 0.0
INFO: 14-07-2022 17:13:06 printStatus(168) -- Drogno_0: connecting	battery: n.p.	kalman var: 0 0 0	 batterySag: 0	link quality: 0	flight time: 0s	pos 0.00 0.00 0.00	yaw: 0.00	msg/s 0.0
INFO: 14-07-2022 17:13:07 printStatus(168) -- Drogno_0: connecting	battery: n.p.	kalman var: 0 0 0	 batterySag: 0	link quality: 0	flight time: 0s	pos 0.00 0.00 0.00	yaw: 0.00	msg/s 0.0
INFO: 14-07-2022 17:13:08 printStatus(168) -- Drogno_0: connecting	battery: n.p.	kalman var: 0 0 0	 batterySag: 0	link quality: 0	flight time: 0s	pos 0.00 0.00 0.00	yaw: 0.00	msg/s 0.0
INFO: 14-07-2022 17:13:10 printStatus(168) -- Drogno_0: connecting	battery: n.p.	kalman var: 0 0 0	 batterySag: 0	link quality: 0	flight time: 0s	pos 0.00 0.00 0.00	yaw: 0.00	msg/s 0.0
INFO: 14-07-2022 17:13:11 printStatus(168) -- Drogno_0: connecting	battery: n.p.	kalman var: 0 0 0	 batterySag: 0	link quality: 0	flight time: 0s	pos 0.00 0.00 0.00	yaw: 0.00	msg/s 0.0
INFO: 14-07-2022 17:13:12 printStatus(168) -- Drogno_0: connecting	battery: n.p.	kalman var: 0 0 0	 batterySag: 0	link quality: 0	flight time: 0s	pos 0.00 0.00 0.00	yaw: 0.00	msg/s 0.0
INFO: 14-07-2022 17:13:13 printStatus(168) -- Drogno_0: connecting	battery: n.p.	kalman var: 0 0 0	 batterySag: 0	link quality: 0	flight time: 0s	pos 0.00 0.00 0.00	yaw: 0.00	msg/s 0.0
INFO: 14-07-2022 17:13:14 printStatus(168) -- Drogno_0: connecting	battery: n.p.	kalman var: 0 0 0	 batterySag: 0	link quality: 0	flight time: 0s	pos 0.00 0.00 0.00	yaw: 0.00	msg/s 0.0
INFO: 14-07-2022 17:13:15 printStatus(168) -- Drogno_0: connecting	battery: n.p.	kalman var: 0 0 0	 batterySag: 0	link quality: 0	flight time: 0s	pos 0.00 0.00 0.00	yaw: 0.00	msg/s 0.0
INFO: 14-07-2022 17:13:17 printStatus(168) -- Drogno_0: connecting	battery: n.p.	kalman var: 0 0 0	 batterySag: 0	link quality: 0	flight time: 0s	pos 0.00 0.00 0.00	yaw: 0.00	msg/s 0.0
INFO: 14-07-2022 17:13:18 printStatus(168) -- Drogno_0: connecting	battery: n.p.	kalman var: 0 0 0	 batterySag: 0	link quality: 0	flight time: 0s	pos 0.00 0.00 0.00	yaw: 0.00	msg/s 0.0
INFO: 14-07-2022 17:13:19 printStatus(168) -- Drogno_0: connecting	battery: n.p.	kalman var: 0 0 0	 batterySag: 0	link quality: 0	flight time: 0s	pos 0.00 0.00 0.00	yaw: 0.00	msg/s 0.0
INFO: 14-07-2022 17:13:20 printStatus(168) -- Drogno_0: connecting	battery: n.p.	kalman var: 0 0 0	 batterySag: 0	link quality: 0	flight time: 0s	pos -0.03 0.00 0.00	yaw: 0.00	msg/s 0.0
INFO: 14-07-2022 17:13:21 printStatus(168) -- Drogno_0: connecting	battery: n.p.	kalman var: 0 0 0	 batterySag: 0	link quality: 0	flight time: 0s	pos -0.03 -0.01 0.00	yaw: 0.00	msg/s 0.0
INFO: 14-07-2022 17:13:22 printStatus(168) -- Drogno_0: connecting	battery: n.p.	kalman var: 0 0 0	 batterySag: 0	link quality: 0	flight time: 0s	pos -0.03 -0.01 -0.00	yaw: 0.00	msg/s 0.0
INFO: 14-07-2022 17:13:24 printStatus(168) -- Drogno_0: connecting	battery: n.p.	kalman var: 0 0 0	 batterySag: 0	link quality: 0	flight time: 0s	pos -0.03 -0.01 -0.00	yaw: 0.00	msg/s 0.0
INFO: 14-07-2022 17:13:25 printStatus(168) -- Drogno_0: connecting	battery: n.p.	kalman var: 0 0 0	 batterySag: 0	link quality: 0	flight time: 0s	pos -0.03 -0.01 -0.00	yaw: 0.00	msg/s 0.0
INFO: 14-07-2022 17:13:26 printStatus(168) -- Drogno_0: connecting	battery: n.p.	kalman var: 0 0 0	 batterySag: 0	link quality: 0	flight time: 0s	pos -0.03 -0.01 -0.00	yaw: 0.00	msg/s 0.0
INFO: 14-07-2022 17:13:27 printStatus(168) -- Drogno_0: connecting	battery: n.p.	kalman var: 0 0 0	 batterySag: 0	link quality: 0	flight time: 0s	pos -0.03 -0.01 -0.00	yaw: 0.00	msg/s 0.0
INFO: 14-07-2022 17:13:28 printStatus(168) -- Drogno_0: connecting	battery: n.p.	kalman var: 0 0 0	 batterySag: 0	link quality: 0	flight time: 0s	pos -0.03 -0.01 -0.00	yaw: 0.00	msg/s 0.0
INFO: 14-07-2022 17:13:29 printStatus(168) -- Drogno_0: connecting	battery: n.p.	kalman var: 0 0 0	 batterySag: 0	link quality: 0	flight time: 0s	pos -0.03 -0.01 -0.00	yaw: 0.00	msg/s 0.0
INFO: 14-07-2022 17:13:31 printStatus(168) -- Drogno_0: connecting	battery: n.p.	kalman var: 0 0 0	 batterySag: 0	link quality: 0	flight time: 0s	pos -0.03 -0.01 -0.00	yaw: 0.00	msg/s 0.0
INFO: 14-07-2022 17:13:32 printStatus(168) -- Drogno_0: connecting	battery: n.p.	kalman var: 0 0 0	 batterySag: 0	link quality: 0	flight time: 0s	pos -0.03 -0.01 -0.00	yaw: 0.00	msg/s 0.0
INFO: 14-07-2022 17:13:33 printStatus(168) -- Drogno_0: connecting	battery: n.p.	kalman var: 0 0 0	 batterySag: 0	link quality: 0	flight time: 0s	pos -0.03 -0.01 -0.00	yaw: 0.00	msg/s 0.0
INFO: 14-07-2022 17:13:34 printStatus(168) -- Drogno_0: connecting	battery: n.p.	kalman var: 0 0 0	 batterySag: 0	link quality: 0	flight time: 0s	pos -0.03 -0.01 -0.00	yaw: 0.00	msg/s 0.0
INFO: 14-07-2022 17:13:35 printStatus(168) -- Drogno_0: connecting	battery: n.p.	kalman var: 0 0 0	 batterySag: 0	link quality: 0	flight time: 0s	pos -0.03 -0.01 -0.00	yaw: 0.00	msg/s 0.0
INFO: 14-07-2022 17:13:36 printStatus(168) -- Drogno_0: connecting	battery: n.p.	kalman var: 0 0 0	 batterySag: 0	link quality: 0	flight time: 0s	pos -0.03 -0.01 -0.00	yaw: 0.00	msg/s 0.0
INFO: 14-07-2022 17:13:38 printStatus(168) -- Drogno_0: connecting	battery: n.p.	kalman var: 0 0 0	 batterySag: 0	link quality: 0	flight time: 0s	pos -0.03 -0.01 -0.00	yaw: 0.00	msg/s 0.0
INFO: 14-07-2022 17:13:39 printStatus(168) -- Drogno_0: connecting	battery: n.p.	kalman var: 0 0 0	 batterySag: 0	link quality: 0	flight time: 0s	pos -0.03 -0.01 -0.00	yaw: 0.00	msg/s 0.0
INFO: 14-07-2022 17:13:40 printStatus(168) -- Drogno_0: connecting	battery: n.p.	kalman var: 0 0 0	 batterySag: 0	link quality: 0	flight time: 0s	pos -0.03 -0.01 -0.00	yaw: 0.00	msg/s 0.0
INFO: 14-07-2022 17:13:41 printStatus(168) -- Drogno_0: connecting	battery: n.p.	kalman var: 0 0 0	 batterySag: 0	link quality: 0	flight time: 0s	pos -0.03 -0.01 -0.00	yaw: 0.00	msg/s 0.0
INFO: 14-07-2022 17:13:42 printStatus(168) -- Drogno_0: connecting	battery: n.p.	kalman var: 0 0 0	 batterySag: 0	link quality: 0	flight time: 0s	pos -0.03 -0.01 -0.00	yaw: 0.00	msg/s 0.0
INFO: 14-07-2022 17:13:43 printStatus(168) -- Drogno_0: connecting	battery: n.p.	kalman var: 0 0 0	 batterySag: 0	link quality: 0	flight time: 0s	pos -0.03 -0.01 -0.00	yaw: 0.00	msg/s 0.0
INFO: 14-07-2022 17:13:45 printStatus(168) -- Drogno_0: connecting	battery: n.p.	kalman var: 0 0 0	 batterySag: 0	link quality: 0	flight time: 0s	pos -0.05 -0.01 -0.00	yaw: 0.00	msg/s 0.0
INFO: 14-07-2022 17:13:46 printStatus(168) -- Drogno_0: connecting	battery: n.p.	kalman var: 0 0 0	 batterySag: 0	link quality: 0	flight time: 0s	pos -0.05 -0.08 -0.00	yaw: 0.00	msg/s 0.0
INFO: 14-07-2022 17:13:47 printStatus(168) -- Drogno_0: connecting	battery: n.p.	kalman var: 0 0 0	 batterySag: 0	link quality: 0	flight time: 0s	pos -0.05 -0.08 -0.04	yaw: 0.00	msg/s 0.0
INFO: 14-07-2022 17:13:48 printStatus(168) -- Drogno_0: connecting	battery: n.p.	kalman var: 0 0 0	 batterySag: 0	link quality: 0	flight time: 0s	pos -0.05 -0.08 -0.04	yaw: 0.00	msg/s 0.0
INFO: 14-07-2022 17:13:49 printStatus(168) -- Drogno_0: connecting	battery: n.p.	kalman var: 0 0 0	 batterySag: 0	link quality: 0	flight time: 0s	pos -0.05 -0.10 -0.04	yaw: 0.00	msg/s 0.0
INFO: 14-07-2022 17:13:50 printStatus(168) -- Drogno_0: connecting	battery: n.p.	kalman var: 0 0 0	 batterySag: 0	link quality: 0	flight time: 0s	pos -0.05 -0.10 -0.06	yaw: 0.00	msg/s 0.0
INFO: 14-07-2022 17:13:52 printStatus(168) -- Drogno_0: connecting	battery: n.p.	kalman var: 0 0 0	 batterySag: 0	link quality: 0	flight time: 0s	pos -0.05 -0.10 -0.06	yaw: 0.00	msg/s 0.0
INFO: 14-07-2022 17:13:53 printStatus(168) -- Drogno_0: connecting	battery: n.p.	kalman var: 0 0 0	 batterySag: 0	link quality: 0	flight time: 0s	pos -0.05 -0.13 -0.06	yaw: 0.00	msg/s 0.0
INFO: 14-07-2022 17:13:54 printStatus(168) -- Drogno_0: connecting	battery: n.p.	kalman var: 0 0 0	 batterySag: 0	link quality: 0	flight time: 0s	pos 0.00 -0.13 -0.07	yaw: 0.00	msg/s 0.0
INFO: 14-07-2022 17:13:55 printStatus(168) -- Drogno_0: connecting	battery: n.p.	kalman var: 0 0 0	 batterySag: 0	link quality: 0	flight time: 0s	pos 0.00 -0.12 -0.07	yaw: 0.00	msg/s 0.0
INFO: 14-07-2022 17:13:56 printStatus(168) -- Drogno_0: connecting	battery: n.p.	kalman var: 0 0 0	 batterySag: 0	link quality: 0	flight time: 0s	pos 0.00 -0.12 0.11	yaw: 0.00	msg/s 0.0
INFO: 14-07-2022 17:13:57 printStatus(168) -- Drogno_0: connecting	battery: n.p.	kalman var: 0 0 0	 batterySag: 0	link quality: 0	flight time: 0s	pos 0.00 -0.12 0.11	yaw: 0.00	msg/s 0.0
INFO: 14-07-2022 17:13:59 printStatus(168) -- Drogno_0: connecting	battery: n.p.	kalman var: 0 0 0	 batterySag: 0	link quality: 0	flight time: 0s	pos 0.00 -0.14 0.11	yaw: 0.00	msg/s 0.0
INFO: 14-07-2022 17:14:00 printStatus(168) -- Drogno_0: connecting	battery: n.p.	kalman var: 0 0 0	 batterySag: 0	link quality: 0	flight time: 0s	pos 0.00 -0.14 0.13	yaw: 0.00	msg/s 0.0
INFO: 14-07-2022 17:14:01 printStatus(168) -- Drogno_0: connecting	battery: n.p.	kalman var: 0 0 0	 batterySag: 0	link quality: 0	flight time: 0s	pos 0.00 -0.14 0.13	yaw: 0.00	msg/s 0.0
INFO: 14-07-2022 17:14:02 printStatus(168) -- Drogno_0: connecting	battery: n.p.	kalman var: 0 0 0	 batterySag: 0	link quality: 0	flight time: 0s	pos 0.02 -0.08 0.13	yaw: 0.00	msg/s 0.0
INFO: 14-07-2022 17:14:03 printStatus(168) -- Drogno_0: connecting	battery: n.p.	kalman var: 0 0 0	 batterySag: 0	link quality: 0	flight time: 0s	pos 0.02 -0.08 0.06	yaw: 0.00	msg/s 0.0
INFO: 14-07-2022 17:14:04 printStatus(168) -- Drogno_0: connecting	battery: n.p.	kalman var: 0 0 0	 batterySag: 0	link quality: 0	flight time: 0s	pos -0.03 -0.08 0.06	yaw: 0.00	msg/s 0.0
INFO: 14-07-2022 17:14:06 printStatus(168) -- Drogno_0: connecting	battery: n.p.	kalman var: 0 0 0	 batterySag: 0	link quality: 0	flight time: 0s	pos -0.03 -0.00 0.06	yaw: 0.00	msg/s 0.0
INFO: 14-07-2022 17:14:07 printStatus(168) -- Drogno_0: connecting	battery: n.p.	kalman var: 0 0 0	 batterySag: 0	link quality: 0	flight time: 0s	pos -0.03 -0.00 -0.02	yaw: 0.00	msg/s 0.0
INFO: 14-07-2022 17:14:08 printStatus(168) -- Drogno_0: connecting	battery: n.p.	kalman var: 0 0 0	 batterySag: 0	link quality: 0	flight time: 0s	pos -0.03 -0.00 -0.02	yaw: 0.00	msg/s 0.0
INFO: 14-07-2022 17:14:09 printStatus(168) -- Drogno_0: connecting	battery: n.p.	kalman var: 0 0 0	 batterySag: 0	link quality: 0	flight time: 0s	pos -0.03 -0.00 -0.02	yaw: 0.00	msg/s 0.0
INFO: 14-07-2022 17:14:10 printStatus(168) -- Drogno_0: connecting	battery: n.p.	kalman var: 0 0 0	 batterySag: 0	link quality: 0	flight time: 0s	pos -0.03 -0.00 -0.01	yaw: 0.00	msg/s 0.0
INFO: 14-07-2022 17:14:11 printStatus(168) -- Drogno_0: connecting	battery: n.p.	kalman var: 0 0 0	 batterySag: 0	link quality: 0	flight time: 0s	pos -0.03 -0.00 -0.01	yaw: 0.00	msg/s 0.0
INFO: 14-07-2022 17:14:13 printStatus(168) -- Drogno_0: connecting	battery: n.p.	kalman var: 0 0 0	 batterySag: 0	link quality: 0	flight time: 0s	pos -0.03 -0.01 -0.01	yaw: 0.00	msg/s 0.0
INFO: 14-07-2022 17:14:14 printStatus(168) -- Drogno_0: connecting	battery: n.p.	kalman var: 0 0 0	 batterySag: 0	link quality: 0	flight time: 0s	pos -0.03 -0.01 -0.00	yaw: 0.00	msg/s 0.0
INFO: 14-07-2022 17:14:15 printStatus(168) -- Drogno_0: connecting	battery: n.p.	kalman var: 0 0 0	 batterySag: 0	link quality: 0	flight time: 0s	pos -0.03 -0.01 -0.00	yaw: 0.00	msg/s 0.0
INFO: 14-07-2022 17:14:16 printStatus(168) -- Drogno_0: connecting	battery: n.p.	kalman var: 0 0 0	 batterySag: 0	link quality: 0	flight time: 0s	pos -0.03 -0.01 -0.00	yaw: 0.00	msg/s 0.0
INFO: 14-07-2022 17:14:17 printStatus(168) -- Drogno_0: connecting	battery: n.p.	kalman var: 0 0 0	 batterySag: 0	link quality: 0	flight time: 0s	pos -0.03 -0.01 -0.00	yaw: 0.00	msg/s 0.0
INFO: 14-07-2022 17:14:18 printStatus(168) -- Drogno_0: connecting	battery: n.p.	kalman var: 0 0 0	 batterySag: 0	link quality: 0	flight time: 0s	pos -0.03 -0.01 -0.00	yaw: 0.00	msg/s 0.0
INFO: 14-07-2022 17:14:20 printStatus(168) -- Drogno_0: connecting	battery: n.p.	kalman var: 0 0 0	 batterySag: 0	link quality: 0	flight time: 0s	pos -0.03 -0.00 -0.00	yaw: 0.00	msg/s 0.0
INFO: 14-07-2022 17:14:21 printStatus(168) -- Drogno_0: connecting	battery: n.p.	kalman var: 0 0 0	 batterySag: 0	link quality: 0	flight time: 0s	pos -0.03 -0.00 -0.00	yaw: 0.00	msg/s 0.0
INFO: 14-07-2022 17:14:22 printStatus(168) -- Drogno_0: connecting	battery: n.p.	kalman var: 0 0 0	 batterySag: 0	link quality: 0	flight time: 0s	pos -0.03 -0.00 -0.00	yaw: 0.00	msg/s 0.0
INFO: 14-07-2022 17:14:23 printStatus(168) -- Drogno_0: connecting	battery: n.p.	kalman var: 0 0 0	 batterySag: 0	link quality: 0	flight time: 0s	pos -0.03 -0.01 -0.00	yaw: 0.00	msg/s 0.0
INFO: 14-07-2022 17:14:24 printStatus(168) -- Drogno_0: connecting	battery: n.p.	kalman var: 0 0 0	 batterySag: 0	link quality: 0	flight time: 0s	pos -0.03 -0.01 -0.00	yaw: 0.00	msg/s 0.0
INFO: 14-07-2022 17:14:25 printStatus(168) -- Drogno_0: connecting	battery: n.p.	kalman var: 0 0 0	 batterySag: 0	link quality: 0	flight time: 0s	pos -0.03 -0.01 -0.00	yaw: 0.00	msg/s 0.0
INFO: 14-07-2022 17:14:26 printStatus(168) -- Drogno_0: connecting	battery: n.p.	kalman var: 0 0 0	 batterySag: 0	link quality: 0	flight time: 0s	pos -0.03 -0.01 -0.00	yaw: 0.00	msg/s 0.0
INFO: 14-07-2022 17:14:28 printStatus(168) -- Drogno_0: connecting	battery: n.p.	kalman var: 0 0 0	 batterySag: 0	link quality: 0	flight time: 0s	pos -0.03 -0.01 -0.00	yaw: 0.00	msg/s 0.0
INFO: 14-07-2022 17:14:29 printStatus(168) -- Drogno_0: connecting	battery: n.p.	kalman var: 0 0 0	 batterySag: 0	link quality: 0	flight time: 0s	pos -0.03 -0.01 -0.00	yaw: 0.00	msg/s 0.0
INFO: 14-07-2022 17:14:30 printStatus(168) -- Drogno_0: connecting	battery: n.p.	kalman var: 0 0 0	 batterySag: 0	link quality: 0	flight time: 0s	pos -0.03 -0.01 -0.00	yaw: 0.00	msg/s 0.0
INFO: 14-07-2022 17:14:31 printStatus(168) -- Drogno_0: connecting	battery: n.p.	kalman var: 0 0 0	 batterySag: 0	link quality: 0	flight time: 0s	pos -0.03 -0.01 -0.00	yaw: 0.00	msg/s 0.0
INFO: 14-07-2022 17:14:32 printStatus(168) -- Drogno_0: connecting	battery: n.p.	kalman var: 0 0 0	 batterySag: 0	link quality: 0	flight time: 0s	pos -0.03 -0.01 -0.00	yaw: 0.00	msg/s 0.0
INFO: 14-07-2022 17:14:33 printStatus(168) -- Drogno_0: connecting	battery: n.p.	kalman var: 0 0 0	 batterySag: 0	link quality: 0	flight time: 0s	pos -0.03 -0.01 -0.00	yaw: 0.00	msg/s 0.0
INFO: 14-07-2022 17:14:35 printStatus(168) -- Drogno_0: connecting	battery: n.p.	kalman var: 0 0 0	 batterySag: 0	link quality: 0	flight time: 0s	pos -0.03 -0.01 -0.00	yaw: 0.00	msg/s 0.0
INFO: 14-07-2022 17:14:36 printStatus(168) -- Drogno_0: connecting	battery: n.p.	kalman var: 0 0 0	 batterySag: 0	link quality: 0	flight time: 0s	pos -0.03 -0.01 -0.00	yaw: 0.00	msg/s 0.0
INFO: 14-07-2022 17:14:37 printStatus(168) -- Drogno_0: connecting	battery: n.p.	kalman var: 0 0 0	 batterySag: 0	link quality: 0	flight time: 0s	pos -0.03 -0.01 -0.00	yaw: 0.00	msg/s 0.0
INFO: 14-07-2022 17:14:38 printStatus(168) -- Drogno_0: connecting	battery: n.p.	kalman var: 0 0 0	 batterySag: 0	link quality: 0	flight time: 0s	pos -0.03 -0.01 -0.00	yaw: 0.00	msg/s 0.0
INFO: 14-07-2022 17:14:39 printStatus(168) -- Drogno_0: connecting	battery: n.p.	kalman var: 0 0 0	 batterySag: 0	link quality: 0	flight time: 0s	pos -0.03 -0.01 -0.00	yaw: 0.00	msg/s 0.0
INFO: 14-07-2022 17:14:40 printStatus(168) -- Drogno_0: connecting	battery: n.p.	kalman var: 0 0 0	 batterySag: 0	link quality: 0	flight time: 0s	pos -0.03 -0.01 -0.00	yaw: 0.00	msg/s 0.0
INFO: 14-07-2022 17:14:41 printStatus(168) -- Drogno_0: connecting	battery: n.p.	kalman var: 0 0 0	 batterySag: 0	link quality: 0	flight time: 0s	pos -0.03 -0.01 -0.00	yaw: 0.00	msg/s 0.0
INFO: 14-07-2022 17:14:43 printStatus(168) -- Drogno_0: connecting	battery: n.p.	kalman var: 0 0 0	 batterySag: 0	link quality: 0	flight time: 0s	pos -0.03 -0.01 -0.00	yaw: 0.00	msg/s 0.0
INFO: 14-07-2022 17:14:44 printStatus(168) -- Drogno_0: connecting	battery: n.p.	kalman var: 0 0 0	 batterySag: 0	link quality: 0	flight time: 0s	pos -0.03 -0.01 -0.00	yaw: 0.00	msg/s 0.0
