INFO: 15-07-2022 16:33:43 __init__(128) -- This is dronelog running on Drogno_5
INFO: 15-07-2022 16:33:43 printStatus(164) -- Started
INFO: 15-07-2022 16:35:26 printStatus(168) -- Drogno_5: landed	battery: n.p.	kalman var: 0 0 0	 batterySag: 0	link quality: 0	flight time: 0s	pos 0.00 0.00 0.00	yaw: 0.00	msg/s 0.0
INFO: 15-07-2022 16:35:27 printStatus(168) -- Drogno_5: landed	battery: n.p.	kalman var: 0 0 0	 batterySag: 0	link quality: 0	flight time: 0s	pos 0.00 0.00 0.00	yaw: 0.00	msg/s 0.0
INFO: 15-07-2022 16:35:29 printStatus(168) -- Drogno_5: ready	battery: 3.86	kalman var: 0.0 0.0 0.0	 batterySag: 0.0	link quality: 42	flight time: 0s	pos 0.02 -0.01 0.00	yaw: 3.40	msg/s 0.0
INFO: 15-07-2022 16:35:30 printStatus(168) -- Drogno_5: ready	battery: 3.86	kalman var: 0.0 0.0 0.0	 batterySag: 0.391	link quality: 42	flight time: 0s	pos 0.02 -0.01 0.00	yaw: 5.82	msg/s 0.0
INFO: 15-07-2022 16:35:31 printStatus(168) -- Drogno_5: ready	battery: 3.86	kalman var: 0.001 0.001 0.0	 batterySag: 0.391	link quality: 42	flight time: 0s	pos 0.02 -0.01 0.00	yaw: 5.73	msg/s 0.0
INFO: 15-07-2022 16:35:32 printStatus(168) -- Drogno_5: ready	battery: 3.86	kalman var: 0.001 0.001 0.001	 batterySag: 0.391	link quality: 42	flight time: 0s	pos 0.02 -0.01 0.00	yaw: 5.62	msg/s 0.0
INFO: 15-07-2022 16:35:33 printStatus(168) -- Drogno_5: ready	battery: 3.86	kalman var: 0.0 0.0 0.0	 batterySag: 0.391	link quality: 42	flight time: 0s	pos 0.02 -0.01 0.00	yaw: 5.83	msg/s 0.0
INFO: 15-07-2022 16:35:35 printStatus(168) -- Drogno_5: ready	battery: 3.86	kalman var: 0.0 0.0 0.0	 batterySag: 0.391	link quality: 41	flight time: 0s	pos 0.02 -0.01 0.00	yaw: 5.79	msg/s 0.0
INFO: 15-07-2022 16:35:36 printStatus(168) -- Drogno_5: ready	battery: 3.86	kalman var: 0.0 0.0 0.0	 batterySag: 0.391	link quality: 37	flight time: 0s	pos 0.02 -0.01 0.00	yaw: 5.93	msg/s 0.0
INFO: 15-07-2022 16:35:37 printStatus(168) -- Drogno_5: ready	battery: 3.86	kalman var: 0.0 0.0 0.0	 batterySag: 0.391	link quality: 43	flight time: 0s	pos -0.07 -0.03 0.13	yaw: -2.60	msg/s 0.0
INFO: 15-07-2022 16:35:38 printStatus(168) -- Drogno_5: ready	battery: 3.86	kalman var: 0.0 0.0 0.0	 batterySag: 0.391	link quality: 39	flight time: 0s	pos 0.01 -0.01 0.00	yaw: 4.35	msg/s 0.0
INFO: 15-07-2022 16:35:40 printStatus(168) -- Drogno_5: ready	battery: 3.86	kalman var: 0.001 0.001 0.001	 batterySag: 0.391	link quality: 35	flight time: 0s	pos 0.01 -0.01 0.00	yaw: 4.69	msg/s 0.0
INFO: 15-07-2022 16:35:41 printStatus(168) -- Drogno_5: ready	battery: 3.86	kalman var: 0.0 0.0 0.0	 batterySag: 0.391	link quality: 36	flight time: 0s	pos 0.01 -0.01 0.00	yaw: 4.84	msg/s 0.0
INFO: 15-07-2022 16:35:42 printStatus(168) -- Drogno_5: ready	battery: 3.86	kalman var: 0.001 0.001 0.001	 batterySag: 0.391	link quality: 39	flight time: 0s	pos 0.01 -0.01 0.00	yaw: 4.67	msg/s 0.0
INFO: 15-07-2022 16:35:43 printStatus(168) -- Drogno_5: ready	battery: 3.86	kalman var: 0.0 0.0 0.0	 batterySag: 0.391	link quality: 39	flight time: 0s	pos 0.01 -0.01 0.00	yaw: 4.84	msg/s 0.0
INFO: 15-07-2022 16:35:44 printStatus(168) -- Drogno_5: ready	battery: 3.86	kalman var: 0.0 0.0 0.0	 batterySag: 0.391	link quality: 36	flight time: 0s	pos 0.01 -0.01 0.00	yaw: 4.82	msg/s 0.0
INFO: 15-07-2022 16:35:46 printStatus(168) -- Drogno_5: ready	battery: 3.86	kalman var: 0.0 0.0 0.0	 batterySag: 0.391	link quality: 37	flight time: 0s	pos 0.00 0.00 0.01	yaw: 8.93	msg/s 0.0
INFO: 15-07-2022 16:35:47 printStatus(168) -- Drogno_5: ready	battery: 3.86	kalman var: 0.0 0.0 0.0	 batterySag: 0.391	link quality: 39	flight time: 0s	pos -0.28 0.02 -0.01	yaw: 1.47	msg/s 0.0
INFO: 15-07-2022 16:35:48 printStatus(168) -- Drogno_5: ready	battery: 3.86	kalman var: 0.0 0.0 0.0	 batterySag: 0.391	link quality: 42	flight time: 0s	pos -0.28 0.02 -0.01	yaw: 1.44	msg/s 0.0
INFO: 15-07-2022 16:35:49 printStatus(168) -- Drogno_5: ready	battery: 3.86	kalman var: 0.0 0.0 0.0	 batterySag: 0.391	link quality: 36	flight time: 0s	pos -0.28 0.02 -0.01	yaw: 1.07	msg/s 0.0
INFO: 15-07-2022 16:35:50 printStatus(168) -- Drogno_5: ready	battery: 3.86	kalman var: 0.0 0.0 0.0	 batterySag: 0.391	link quality: 47	flight time: 0s	pos -0.28 0.01 0.22	yaw: -0.15	msg/s 0.0
INFO: 15-07-2022 16:35:52 printStatus(168) -- Drogno_5: ready	battery: 3.86	kalman var: 0.0 0.0 0.0	 batterySag: 0.391	link quality: 49	flight time: 0s	pos -0.28 0.01 0.22	yaw: 0.69	msg/s 0.0
INFO: 15-07-2022 16:35:53 printStatus(168) -- Drogno_5: ready	battery: 3.86	kalman var: 0.0 0.0 0.0	 batterySag: 0.391	link quality: 43	flight time: 0s	pos -0.04 0.03 0.14	yaw: 3.18	msg/s 0.0
INFO: 15-07-2022 16:35:54 printStatus(168) -- Drogno_5: ready	battery: 3.86	kalman var: 0.0 0.0 0.0	 batterySag: 0.391	link quality: 43	flight time: 0s	pos 0.00 0.04 0.00	yaw: 2.56	msg/s 0.0
INFO: 15-07-2022 16:35:55 printStatus(168) -- Drogno_5: ready	battery: 3.86	kalman var: 0.0 0.0 0.0	 batterySag: 0.391	link quality: 40	flight time: 0s	pos 0.00 0.03 0.00	yaw: 2.45	msg/s 0.0
INFO: 15-07-2022 16:35:56 printStatus(168) -- Drogno_5: ready	battery: 3.86	kalman var: 0.0 0.0 0.0	 batterySag: 0.391	link quality: 42	flight time: 0s	pos 0.00 0.03 0.00	yaw: 2.45	msg/s 0.0
INFO: 15-07-2022 16:35:57 printStatus(168) -- Drogno_5: ready	battery: 3.86	kalman var: 0.0 0.0 0.0	 batterySag: 0.391	link quality: 39	flight time: 0s	pos 0.00 0.03 0.00	yaw: 2.45	msg/s 0.0
INFO: 15-07-2022 16:35:59 printStatus(168) -- Drogno_5: ready	battery: 3.86	kalman var: 0.001 0.001 0.001	 batterySag: 0.391	link quality: 36	flight time: 0s	pos 0.00 0.03 0.00	yaw: 2.44	msg/s 0.0
WARNING: 15-07-2022 16:36:00 exit(863) -- closing Drogno_5
