INFO: 11-10-2021 20:22:53 __init__(130) -- This is dronelog running on Drogno_4
INFO: 11-10-2021 20:22:53 printStatus(166) -- Started
INFO: 11-10-2021 20:22:55 printStatus(169) -- Drogno_4: connecting	battery: n.p.	kalman var: 0 0 0	 batterySag: 0	link quality: 0	flight time: 0s	pos 0.00 0.00 0.00	yaw: 0.00	msg/s 0.0
INFO: 11-10-2021 20:22:56 printStatus(169) -- Drogno_4: connecting	battery: n.p.	kalman var: 0 0 0	 batterySag: 0	link quality: 0	flight time: 0s	pos 0.00 0.00 0.00	yaw: 0.00	msg/s 0.0
INFO: 11-10-2021 20:22:57 printStatus(169) -- Drogno_4: connecting	battery: n.p.	kalman var: 0 0 0	 batterySag: 0	link quality: 0	flight time: 0s	pos 0.00 0.00 0.00	yaw: 0.00	msg/s 0.0
INFO: 11-10-2021 20:22:58 printStatus(169) -- Drogno_4: connecting	battery: n.p.	kalman var: 0 0 0	 batterySag: 0	link quality: 0	flight time: 0s	pos 0.00 0.00 0.00	yaw: 0.00	msg/s 0.0
INFO: 11-10-2021 20:23:00 printStatus(169) -- Drogno_4: connecting	battery: n.p.	kalman var: 0 0 0	 batterySag: 0	link quality: 0	flight time: 0s	pos 0.00 0.00 0.00	yaw: 0.00	msg/s 0.0
INFO: 11-10-2021 20:23:01 printStatus(169) -- Drogno_4: connecting	battery: n.p.	kalman var: 0 0 0	 batterySag: 0	link quality: 0	flight time: 0s	pos 0.00 0.00 0.00	yaw: 0.00	msg/s 0.0
INFO: 11-10-2021 20:23:02 printStatus(169) -- Drogno_4: landed	battery: n.p.	kalman var: 0 0 0	 batterySag: 0	link quality: 0	flight time: 0s	pos 0.00 0.00 0.00	yaw: 0.00	msg/s 0.0
INFO: 11-10-2021 20:23:04 printStatus(169) -- Drogno_4: landed	battery: n.p.	kalman var: 0 0 0	 batterySag: 0	link quality: 0	flight time: 0s	pos 0.00 0.00 0.00	yaw: 0.00	msg/s 0.0
INFO: 11-10-2021 20:23:05 printStatus(169) -- Drogno_4: ready	battery: 4.18	kalman var: 0.0 0.0 0.0	 batterySag: 0.68603515625	link quality: 61	flight time: 0s	pos 1.01 0.09 0.01	yaw: 4.86	msg/s 0.0
INFO: 11-10-2021 20:23:07 printStatus(169) -- Drogno_4: ready	battery: 4.18	kalman var: 0.001 0.001 0.0	 batterySag: 0.68603515625	link quality: 61	flight time: 0s	pos 1.00 0.10 0.00	yaw: 4.21	msg/s 0.0
INFO: 11-10-2021 20:23:08 printStatus(169) -- Drogno_4: ready	battery: 4.18	kalman var: 0.0 0.0 0.0	 batterySag: 0.68603515625	link quality: 60	flight time: 0s	pos 1.01 0.09 0.00	yaw: 4.70	msg/s 0.0
INFO: 11-10-2021 20:23:09 printStatus(169) -- Drogno_4: ready	battery: 4.18	kalman var: 0.0 0.0 0.0	 batterySag: 0.68603515625	link quality: 61	flight time: 0s	pos 1.01 0.09 0.00	yaw: 4.81	msg/s 0.0
INFO: 11-10-2021 20:23:10 printStatus(169) -- Drogno_4: ready	battery: 4.18	kalman var: 0.0 0.0 0.0	 batterySag: 0.68603515625	link quality: 61	flight time: 0s	pos 1.01 0.09 0.00	yaw: 4.81	msg/s 0.0
INFO: 11-10-2021 20:23:12 printStatus(169) -- Drogno_4: ready	battery: 4.18	kalman var: 0.0 0.0 0.0	 batterySag: 0.68603515625	link quality: 59	flight time: 0s	pos 1.01 0.09 0.00	yaw: 4.79	msg/s 0.0
INFO: 11-10-2021 20:23:13 printStatus(169) -- Drogno_4: ready	battery: 4.18	kalman var: 0.0 0.0 0.0	 batterySag: 0.68603515625	link quality: 61	flight time: 0s	pos 1.01 0.09 0.00	yaw: 4.77	msg/s 0.0
INFO: 11-10-2021 20:23:14 printStatus(169) -- Drogno_4: ready	battery: 4.18	kalman var: 0.001 0.001 0.001	 batterySag: 0.68603515625	link quality: 61	flight time: 0s	pos 1.00 0.09 0.00	yaw: 4.74	msg/s 0.0
INFO: 11-10-2021 20:23:15 printStatus(169) -- Drogno_4: ready	battery: 4.18	kalman var: 0.0 0.0 0.0	 batterySag: 0.68603515625	link quality: 61	flight time: 0s	pos 1.01 0.09 0.00	yaw: 4.73	msg/s 0.0
INFO: 11-10-2021 20:23:16 printStatus(169) -- Drogno_4: ready	battery: 4.18	kalman var: 0.0 0.0 0.0	 batterySag: 0.68603515625	link quality: 60	flight time: 0s	pos 1.01 0.09 0.00	yaw: 4.79	msg/s 0.0
INFO: 11-10-2021 20:23:17 printStatus(169) -- Drogno_4: ready	battery: 4.18	kalman var: 0.0 0.0 0.0	 batterySag: 0.68603515625	link quality: 58	flight time: 0s	pos 1.01 0.09 0.01	yaw: 4.75	msg/s 0.0
INFO: 11-10-2021 20:23:19 printStatus(169) -- Drogno_4: ready	battery: 4.18	kalman var: 0.0 0.0 0.0	 batterySag: 0.68603515625	link quality: 61	flight time: 0s	pos 1.01 0.09 0.01	yaw: 4.79	msg/s 0.0
INFO: 11-10-2021 20:23:20 printStatus(169) -- Drogno_4: ready	battery: 4.18	kalman var: 0.001 0.001 0.001	 batterySag: 0.68603515625	link quality: 62	flight time: 0s	pos 1.00 0.09 0.01	yaw: 4.70	msg/s 0.0
INFO: 11-10-2021 20:23:21 printStatus(169) -- Drogno_4: ready	battery: 4.18	kalman var: 0.0 0.0 0.0	 batterySag: 0.68603515625	link quality: 62	flight time: 0s	pos 1.01 0.09 0.00	yaw: 4.76	msg/s 0.0
INFO: 11-10-2021 20:23:23 printStatus(169) -- Drogno_4: ready	battery: 4.18	kalman var: 0.001 0.001 0.001	 batterySag: 0.68603515625	link quality: 62	flight time: 0s	pos 1.01 0.09 0.00	yaw: 4.75	msg/s 0.0
INFO: 11-10-2021 20:23:24 printStatus(169) -- Drogno_4: ready	battery: 4.18	kalman var: 0.0 0.0 0.0	 batterySag: 0.68603515625	link quality: 59	flight time: 0s	pos 1.01 0.09 0.01	yaw: 4.75	msg/s 0.0
INFO: 11-10-2021 20:23:25 printStatus(169) -- Drogno_4: ready	battery: 4.18	kalman var: 0.0 0.0 0.0	 batterySag: 0.68603515625	link quality: 58	flight time: 0s	pos 1.01 0.09 0.00	yaw: 4.84	msg/s 0.0
INFO: 11-10-2021 20:23:26 printStatus(169) -- Drogno_4: ready	battery: 4.18	kalman var: 0.0 0.0 0.0	 batterySag: 0.68603515625	link quality: 60	flight time: 0s	pos 1.01 0.09 0.01	yaw: 4.84	msg/s 0.0
INFO: 11-10-2021 20:23:27 printStatus(169) -- Drogno_4: ready	battery: 4.18	kalman var: 0.001 0.001 0.001	 batterySag: 0.68603515625	link quality: 61	flight time: 0s	pos 1.00 0.09 0.00	yaw: 4.77	msg/s 0.0
INFO: 11-10-2021 20:23:29 printStatus(169) -- Drogno_4: ready	battery: 4.18	kalman var: 0.0 0.0 0.0	 batterySag: 0.68603515625	link quality: 63	flight time: 0s	pos 1.01 0.09 0.00	yaw: 4.84	msg/s 0.0
INFO: 11-10-2021 20:23:30 printStatus(169) -- Drogno_4: ready	battery: 4.18	kalman var: 0.0 0.0 0.0	 batterySag: 0.68603515625	link quality: 60	flight time: 0s	pos 1.01 0.09 0.01	yaw: 4.78	msg/s 0.0
INFO: 11-10-2021 20:23:32 printStatus(169) -- Drogno_4: ready	battery: 4.18	kalman var: 0.001 0.001 0.001	 batterySag: 0.68603515625	link quality: 61	flight time: 0s	pos 1.00 0.09 0.00	yaw: 4.70	msg/s 0.0
INFO: 11-10-2021 20:23:34 printStatus(169) -- Drogno_4: ready	battery: 4.18	kalman var: 0.0 0.0 0.0	 batterySag: 0.68603515625	link quality: 60	flight time: 0s	pos 1.01 0.09 0.01	yaw: 4.83	msg/s 0.0
INFO: 11-10-2021 20:23:35 printStatus(169) -- Drogno_4: ready	battery: 4.17	kalman var: 0.0 0.0 0.0	 batterySag: 0.68603515625	link quality: 59	flight time: 0s	pos 1.01 0.09 0.00	yaw: 4.79	msg/s 0.0
INFO: 11-10-2021 20:23:36 printStatus(169) -- Drogno_4: ready	battery: 4.17	kalman var: 0.001 0.001 0.001	 batterySag: 0.68603515625	link quality: 61	flight time: 0s	pos 1.01 0.09 0.00	yaw: 4.73	msg/s 0.0
INFO: 11-10-2021 20:23:38 printStatus(169) -- Drogno_4: ready	battery: 4.17	kalman var: 0.0 0.0 0.0	 batterySag: 0.68603515625	link quality: 60	flight time: 0s	pos 1.01 0.09 0.01	yaw: 4.82	msg/s 0.0
INFO: 11-10-2021 20:23:39 printStatus(169) -- Drogno_4: ready	battery: 4.17	kalman var: 0.0 0.0 0.001	 batterySag: 0.68603515625	link quality: 60	flight time: 0s	pos 1.01 0.09 0.00	yaw: 4.74	msg/s 0.0
INFO: 11-10-2021 20:23:41 printStatus(169) -- Drogno_4: ready	battery: 4.17	kalman var: 0.0 0.0 0.0	 batterySag: 0.68603515625	link quality: 60	flight time: 0s	pos 1.01 0.09 0.00	yaw: 4.80	msg/s 0.0
INFO: 11-10-2021 20:23:42 printStatus(169) -- Drogno_4: ready	battery: 4.17	kalman var: 0.0 0.0 0.0	 batterySag: 0.68603515625	link quality: 60	flight time: 0s	pos 1.01 0.09 0.00	yaw: 4.77	msg/s 0.0
INFO: 11-10-2021 20:23:44 printStatus(169) -- Drogno_4: ready	battery: 4.17	kalman var: 0.0 0.0 0.0	 batterySag: 0.68603515625	link quality: 60	flight time: 0s	pos 1.01 0.09 0.00	yaw: 4.80	msg/s 0.0
INFO: 11-10-2021 20:23:45 printStatus(169) -- Drogno_4: ready	battery: 4.17	kalman var: 0.0 0.0 0.0	 batterySag: 0.68603515625	link quality: 60	flight time: 0s	pos 1.01 0.09 0.01	yaw: 4.82	msg/s 0.0
INFO: 11-10-2021 20:23:46 printStatus(169) -- Drogno_4: ready	battery: 4.17	kalman var: 0.001 0.001 0.001	 batterySag: 0.68603515625	link quality: 61	flight time: 0s	pos 1.01 0.09 0.00	yaw: 4.74	msg/s 0.0
INFO: 11-10-2021 20:23:48 printStatus(169) -- Drogno_4: ready	battery: 4.17	kalman var: 0.0 0.0 0.0	 batterySag: 0.68603515625	link quality: 61	flight time: 0s	pos 1.01 0.09 0.01	yaw: 4.86	msg/s 0.0
INFO: 11-10-2021 20:23:50 printStatus(169) -- Drogno_4: ready	battery: 4.17	kalman var: 0.0 0.0 0.0	 batterySag: 0.68603515625	link quality: 57	flight time: 0s	pos 1.01 0.09 0.00	yaw: 4.80	msg/s 0.0
INFO: 11-10-2021 20:23:51 printStatus(169) -- Drogno_4: ready	battery: 4.17	kalman var: 0.0 0.0 0.0	 batterySag: 0.68603515625	link quality: 57	flight time: 0s	pos 1.01 0.09 0.00	yaw: 4.74	msg/s 0.0
INFO: 11-10-2021 20:23:53 printStatus(169) -- Drogno_4: ready	battery: 4.17	kalman var: 0.0 0.0 0.0	 batterySag: 0.68603515625	link quality: 63	flight time: 0s	pos 1.01 0.09 0.01	yaw: 4.80	msg/s 0.0
INFO: 11-10-2021 20:23:54 printStatus(169) -- Drogno_4: ready	battery: 4.17	kalman var: 0.0 0.0 0.0	 batterySag: 0.68603515625	link quality: 59	flight time: 0s	pos 1.01 0.09 0.00	yaw: 4.81	msg/s 0.0
INFO: 11-10-2021 20:23:55 printStatus(169) -- Drogno_4: ready	battery: 4.17	kalman var: 0.0 0.0 0.001	 batterySag: 0.68603515625	link quality: 60	flight time: 0s	pos 1.01 0.09 0.00	yaw: 4.75	msg/s 0.0
INFO: 11-10-2021 20:23:57 printStatus(169) -- Drogno_4: ready	battery: 4.17	kalman var: 0.0 0.0 0.0	 batterySag: 0.68603515625	link quality: 61	flight time: 0s	pos 1.01 0.09 0.00	yaw: 4.75	msg/s 0.0
INFO: 11-10-2021 20:23:58 printStatus(169) -- Drogno_4: ready	battery: 4.17	kalman var: 0.0 0.0 0.0	 batterySag: 0.68603515625	link quality: 61	flight time: 0s	pos 1.01 0.09 0.00	yaw: 4.81	msg/s 0.0
INFO: 11-10-2021 20:24:00 printStatus(169) -- Drogno_4: ready	battery: 4.17	kalman var: 0.0 0.0 0.0	 batterySag: 0.68603515625	link quality: 59	flight time: 0s	pos 1.01 0.09 0.01	yaw: 4.78	msg/s 0.0
INFO: 11-10-2021 20:24:01 printStatus(169) -- Drogno_4: ready	battery: 4.17	kalman var: 0.001 0.001 0.001	 batterySag: 0.68603515625	link quality: 60	flight time: 0s	pos 1.00 0.09 0.00	yaw: 4.82	msg/s 0.0
INFO: 11-10-2021 20:24:02 printStatus(169) -- Drogno_4: ready	battery: 4.17	kalman var: 0.002 0.002 0.001	 batterySag: 0.68603515625	link quality: 61	flight time: 0s	pos 1.00 0.10 0.00	yaw: 4.71	msg/s 0.0
INFO: 11-10-2021 20:24:03 printStatus(169) -- Drogno_4: ready	battery: 4.17	kalman var: 0.0 0.0 0.0	 batterySag: 0.68603515625	link quality: 62	flight time: 0s	pos 1.01 0.09 0.01	yaw: 4.78	msg/s 0.0
INFO: 11-10-2021 20:24:05 printStatus(169) -- Drogno_4: ready	battery: 4.17	kalman var: 0.0 0.0 0.0	 batterySag: 0.68603515625	link quality: 61	flight time: 0s	pos 1.01 0.09 0.00	yaw: 4.81	msg/s 0.0
INFO: 11-10-2021 20:24:07 printStatus(169) -- Drogno_4: ready	battery: 4.17	kalman var: 0.0 0.0 0.0	 batterySag: 0.68603515625	link quality: 60	flight time: 0s	pos 1.01 0.09 0.00	yaw: 4.83	msg/s 0.0
INFO: 11-10-2021 20:24:08 printStatus(169) -- Drogno_4: ready	battery: 4.17	kalman var: 0.002 0.002 0.001	 batterySag: 0.68603515625	link quality: 61	flight time: 0s	pos 1.00 0.09 0.00	yaw: 4.63	msg/s 0.0
INFO: 11-10-2021 20:24:09 printStatus(169) -- Drogno_4: ready	battery: 4.17	kalman var: 0.0 0.0 0.0	 batterySag: 0.68603515625	link quality: 59	flight time: 0s	pos 1.01 0.09 0.00	yaw: 4.82	msg/s 0.0
INFO: 11-10-2021 20:24:10 printStatus(169) -- Drogno_4: ready	battery: 4.17	kalman var: 0.0 0.0 0.0	 batterySag: 0.68603515625	link quality: 61	flight time: 0s	pos 1.01 0.09 0.00	yaw: 4.75	msg/s 0.0
INFO: 11-10-2021 20:24:11 printStatus(169) -- Drogno_4: ready	battery: 4.17	kalman var: 0.0 0.0 0.0	 batterySag: 0.68603515625	link quality: 61	flight time: 0s	pos 1.01 0.09 0.01	yaw: 4.79	msg/s 0.0
INFO: 11-10-2021 20:24:13 printStatus(169) -- Drogno_4: ready	battery: 4.17	kalman var: 0.0 0.0 0.0	 batterySag: 0.68603515625	link quality: 60	flight time: 0s	pos 1.01 0.09 0.01	yaw: 4.76	msg/s 0.0
INFO: 11-10-2021 20:24:14 printStatus(169) -- Drogno_4: ready	battery: 4.16	kalman var: 0.0 0.0 0.0	 batterySag: 0.68603515625	link quality: 60	flight time: 0s	pos 1.01 0.09 0.00	yaw: 4.76	msg/s 0.0
INFO: 11-10-2021 20:24:15 printStatus(169) -- Drogno_4: ready	battery: 4.17	kalman var: 0.001 0.001 0.001	 batterySag: 0.68603515625	link quality: 61	flight time: 0s	pos 1.01 0.09 0.00	yaw: 4.71	msg/s 0.0
INFO: 11-10-2021 20:24:16 printStatus(169) -- Drogno_4: ready	battery: 4.16	kalman var: 0.0 0.0 0.0	 batterySag: 0.68603515625	link quality: 61	flight time: 0s	pos 1.01 0.09 0.00	yaw: 4.82	msg/s 0.0
INFO: 11-10-2021 20:24:17 printStatus(169) -- Drogno_4: ready	battery: 4.17	kalman var: 0.0 0.0 0.0	 batterySag: 0.68603515625	link quality: 60	flight time: 0s	pos 1.01 0.09 0.00	yaw: 4.81	msg/s 0.0
INFO: 11-10-2021 20:24:18 printStatus(169) -- Drogno_4: ready	battery: 4.17	kalman var: 0.0 0.0 0.0	 batterySag: 0.68603515625	link quality: 61	flight time: 0s	pos 1.01 0.09 0.01	yaw: 4.77	msg/s 0.0
INFO: 11-10-2021 20:24:20 printStatus(169) -- Drogno_4: ready	battery: 4.17	kalman var: 0.0 0.0 0.0	 batterySag: 0.68603515625	link quality: 60	flight time: 0s	pos 1.01 0.09 0.00	yaw: 4.79	msg/s 0.0
INFO: 11-10-2021 20:24:21 printStatus(169) -- Drogno_4: ready	battery: 4.17	kalman var: 0.002 0.002 0.001	 batterySag: 0.68603515625	link quality: 60	flight time: 0s	pos 1.00 0.10 0.00	yaw: 4.57	msg/s 0.0
INFO: 11-10-2021 20:24:22 printStatus(169) -- Drogno_4: ready	battery: 4.16	kalman var: 0.0 0.0 0.0	 batterySag: 0.68603515625	link quality: 60	flight time: 0s	pos 1.01 0.09 0.00	yaw: 4.79	msg/s 0.0
INFO: 11-10-2021 20:24:23 printStatus(169) -- Drogno_4: ready	battery: 4.16	kalman var: 0.0 0.0 0.0	 batterySag: 0.68603515625	link quality: 61	flight time: 0s	pos 1.01 0.09 0.00	yaw: 4.75	msg/s 0.0
INFO: 11-10-2021 20:24:24 printStatus(169) -- Drogno_4: ready	battery: 4.17	kalman var: 0.0 0.0 0.0	 batterySag: 0.68603515625	link quality: 62	flight time: 0s	pos 1.01 0.09 0.00	yaw: 4.78	msg/s 0.0
INFO: 11-10-2021 20:24:25 printStatus(169) -- Drogno_4: ready	battery: 4.17	kalman var: 0.0 0.0 0.0	 batterySag: 0.68603515625	link quality: 60	flight time: 0s	pos 1.01 0.09 0.00	yaw: 4.81	msg/s 0.0
INFO: 11-10-2021 20:24:27 printStatus(169) -- Drogno_4: ready	battery: 4.16	kalman var: 0.001 0.001 0.001	 batterySag: 0.68603515625	link quality: 61	flight time: 0s	pos 1.00 0.09 0.00	yaw: 4.65	msg/s 0.0
INFO: 11-10-2021 20:24:28 printStatus(169) -- Drogno_4: ready	battery: 4.16	kalman var: 0.0 0.0 0.0	 batterySag: 0.68603515625	link quality: 60	flight time: 0s	pos 1.01 0.09 0.00	yaw: 4.82	msg/s 0.0
INFO: 11-10-2021 20:24:29 printStatus(169) -- Drogno_4: ready	battery: 4.16	kalman var: 0.0 0.0 0.0	 batterySag: 0.68603515625	link quality: 56	flight time: 0s	pos 1.01 0.09 0.01	yaw: 4.80	msg/s 0.0
INFO: 11-10-2021 20:24:30 printStatus(169) -- Drogno_4: ready	battery: 4.16	kalman var: 0.0 0.0 0.0	 batterySag: 0.68603515625	link quality: 60	flight time: 0s	pos 1.01 0.09 0.00	yaw: 4.78	msg/s 0.0
INFO: 11-10-2021 20:24:32 printStatus(169) -- Drogno_4: ready	battery: 4.16	kalman var: 0.0 0.0 0.0	 batterySag: 0.68603515625	link quality: 62	flight time: 0s	pos 1.01 0.09 0.01	yaw: 4.81	msg/s 0.0
INFO: 11-10-2021 20:24:34 printStatus(169) -- Drogno_4: ready	battery: 4.16	kalman var: 0.001 0.001 0.001	 batterySag: 0.68603515625	link quality: 61	flight time: 0s	pos 1.00 0.10 0.00	yaw: 4.66	msg/s 0.0
INFO: 11-10-2021 20:24:35 printStatus(169) -- Drogno_4: ready	battery: 4.16	kalman var: 0.0 0.0 0.0	 batterySag: 0.68603515625	link quality: 61	flight time: 0s	pos 1.01 0.09 0.00	yaw: 4.80	msg/s 0.0
INFO: 11-10-2021 20:24:36 printStatus(169) -- Drogno_4: ready	battery: 4.16	kalman var: 0.0 0.0 0.0	 batterySag: 0.68603515625	link quality: 61	flight time: 0s	pos 1.01 0.09 0.00	yaw: 4.78	msg/s 0.0
INFO: 11-10-2021 20:24:37 printStatus(169) -- Drogno_4: ready	battery: 4.16	kalman var: 0.0 0.0 0.0	 batterySag: 0.68603515625	link quality: 62	flight time: 0s	pos 1.01 0.09 0.00	yaw: 4.84	msg/s 0.0
INFO: 11-10-2021 20:24:39 printStatus(169) -- Drogno_4: ready	battery: 4.16	kalman var: 0.001 0.001 0.001	 batterySag: 0.68603515625	link quality: 61	flight time: 0s	pos 1.00 0.09 0.00	yaw: 4.82	msg/s 0.0
INFO: 11-10-2021 20:24:40 printStatus(169) -- Drogno_4: ready	battery: 4.16	kalman var: 0.001 0.001 0.001	 batterySag: 0.68603515625	link quality: 62	flight time: 0s	pos 1.00 0.09 0.00	yaw: 4.57	msg/s 0.0
INFO: 11-10-2021 20:24:41 printStatus(169) -- Drogno_4: ready	battery: 4.16	kalman var: 0.0 0.0 0.0	 batterySag: 0.68603515625	link quality: 62	flight time: 0s	pos 1.01 0.09 0.00	yaw: 4.68	msg/s 0.0
INFO: 11-10-2021 20:24:43 printStatus(169) -- Drogno_4: ready	battery: 4.16	kalman var: 0.0 0.0 0.0	 batterySag: 0.68603515625	link quality: 61	flight time: 0s	pos 1.01 0.09 0.01	yaw: 4.82	msg/s 0.0
INFO: 11-10-2021 20:24:44 printStatus(169) -- Drogno_4: ready	battery: 4.16	kalman var: 0.0 0.0 0.0	 batterySag: 0.68603515625	link quality: 62	flight time: 0s	pos 1.01 0.09 0.01	yaw: 4.74	msg/s 0.0
INFO: 11-10-2021 20:24:45 printStatus(169) -- Drogno_4: ready	battery: 4.16	kalman var: 0.0 0.0 0.0	 batterySag: 0.68603515625	link quality: 62	flight time: 0s	pos 1.01 0.09 0.00	yaw: 4.81	msg/s 0.0
INFO: 11-10-2021 20:24:46 printStatus(169) -- Drogno_4: ready	battery: 4.16	kalman var: 0.002 0.002 0.001	 batterySag: 0.68603515625	link quality: 61	flight time: 0s	pos 1.00 0.10 0.00	yaw: 4.67	msg/s 0.0
INFO: 11-10-2021 20:24:47 printStatus(169) -- Drogno_4: ready	battery: 4.16	kalman var: 0.0 0.0 0.0	 batterySag: 0.68603515625	link quality: 61	flight time: 0s	pos 1.01 0.09 0.00	yaw: 4.79	msg/s 0.0
INFO: 11-10-2021 20:24:48 printStatus(169) -- Drogno_4: ready	battery: 4.16	kalman var: 0.0 0.0 0.0	 batterySag: 0.68603515625	link quality: 62	flight time: 0s	pos 1.01 0.09 0.01	yaw: 4.77	msg/s 0.0
INFO: 11-10-2021 20:24:50 printStatus(169) -- Drogno_4: ready	battery: 4.16	kalman var: 0.0 0.0 0.0	 batterySag: 0.68603515625	link quality: 63	flight time: 0s	pos 1.01 0.09 0.00	yaw: 4.71	msg/s 0.0
INFO: 11-10-2021 20:24:51 printStatus(169) -- Drogno_4: ready	battery: 4.16	kalman var: 0.0 0.0 0.0	 batterySag: 0.68603515625	link quality: 61	flight time: 0s	pos 1.01 0.09 0.00	yaw: 4.79	msg/s 0.0
INFO: 11-10-2021 20:24:53 printStatus(169) -- Drogno_4: ready	battery: 4.16	kalman var: 0.001 0.001 0.001	 batterySag: 0.68603515625	link quality: 61	flight time: 0s	pos 1.00 0.09 0.01	yaw: 4.69	msg/s 0.0
INFO: 11-10-2021 20:24:54 printStatus(169) -- Drogno_4: ready	battery: 4.16	kalman var: 0.0 0.0 0.0	 batterySag: 0.68603515625	link quality: 62	flight time: 0s	pos 1.01 0.09 0.01	yaw: 4.83	msg/s 0.0
INFO: 11-10-2021 20:24:55 printStatus(169) -- Drogno_4: ready	battery: 4.16	kalman var: 0.0 0.0 0.0	 batterySag: 0.68603515625	link quality: 62	flight time: 0s	pos 1.01 0.09 0.00	yaw: 4.76	msg/s 0.0
INFO: 11-10-2021 20:24:57 printStatus(169) -- Drogno_4: ready	battery: 4.16	kalman var: 0.0 0.0 0.0	 batterySag: 0.68603515625	link quality: 62	flight time: 0s	pos 1.01 0.09 0.01	yaw: 4.83	msg/s 0.0
INFO: 11-10-2021 20:24:58 printStatus(169) -- Drogno_4: ready	battery: 4.16	kalman var: 0.0 0.0 0.001	 batterySag: 0.68603515625	link quality: 63	flight time: 0s	pos 1.00 0.09 0.01	yaw: 4.77	msg/s 0.0
INFO: 11-10-2021 20:24:59 printStatus(169) -- Drogno_4: ready	battery: 4.16	kalman var: 0.001 0.001 0.001	 batterySag: 0.68603515625	link quality: 62	flight time: 0s	pos 1.00 0.09 0.00	yaw: 4.55	msg/s 0.0
INFO: 11-10-2021 20:25:00 printStatus(169) -- Drogno_4: ready	battery: 4.16	kalman var: 0.0 0.0 0.0	 batterySag: 0.68603515625	link quality: 62	flight time: 0s	pos 1.01 0.09 0.00	yaw: 4.82	msg/s 0.0
INFO: 11-10-2021 20:25:02 printStatus(169) -- Drogno_4: ready	battery: 4.16	kalman var: 0.0 0.0 0.0	 batterySag: 0.68603515625	link quality: 62	flight time: 0s	pos 1.01 0.09 0.01	yaw: 4.79	msg/s 0.0
INFO: 11-10-2021 20:25:03 printStatus(169) -- Drogno_4: ready	battery: 4.16	kalman var: 0.0 0.0 0.0	 batterySag: 0.68603515625	link quality: 63	flight time: 0s	pos 1.01 0.09 0.00	yaw: 4.80	msg/s 0.0
INFO: 11-10-2021 20:25:04 printStatus(169) -- Drogno_4: ready	battery: 4.16	kalman var: 0.001 0.001 0.001	 batterySag: 0.68603515625	link quality: 63	flight time: 0s	pos 1.00 0.09 0.01	yaw: 4.78	msg/s 0.0
INFO: 11-10-2021 20:25:06 printStatus(169) -- Drogno_4: ready	battery: 4.16	kalman var: 0.0 0.0 0.0	 batterySag: 0.68603515625	link quality: 63	flight time: 0s	pos 1.01 0.09 0.01	yaw: 4.77	msg/s 0.0
INFO: 11-10-2021 20:25:07 printStatus(169) -- Drogno_4: ready	battery: 4.16	kalman var: 0.0 0.0 0.0	 batterySag: 0.68603515625	link quality: 62	flight time: 0s	pos 1.01 0.09 0.01	yaw: 4.79	msg/s 0.0
INFO: 11-10-2021 20:25:08 printStatus(169) -- Drogno_4: ready	battery: 4.16	kalman var: 0.0 0.0 0.0	 batterySag: 0.68603515625	link quality: 62	flight time: 0s	pos 1.01 0.09 0.01	yaw: 4.78	msg/s 0.0
INFO: 11-10-2021 20:25:09 printStatus(169) -- Drogno_4: ready	battery: 4.16	kalman var: 0.0 0.0 0.0	 batterySag: 0.68603515625	link quality: 62	flight time: 0s	pos 1.01 0.09 0.01	yaw: 4.80	msg/s 0.0
INFO: 11-10-2021 20:25:10 printStatus(169) -- Drogno_4: ready	battery: 4.16	kalman var: 0.0 0.0 0.0	 batterySag: 0.68603515625	link quality: 62	flight time: 0s	pos 1.01 0.09 0.00	yaw: 4.80	msg/s 0.0
INFO: 11-10-2021 20:25:11 printStatus(169) -- Drogno_4: ready	battery: 4.16	kalman var: 0.001 0.001 0.001	 batterySag: 0.68603515625	link quality: 62	flight time: 0s	pos 1.00 0.09 0.00	yaw: 4.70	msg/s 0.0
INFO: 11-10-2021 20:25:13 printStatus(169) -- Drogno_4: ready	battery: 4.16	kalman var: 0.0 0.0 0.0	 batterySag: 0.68603515625	link quality: 62	flight time: 0s	pos 1.01 0.09 0.01	yaw: 4.82	msg/s 0.0
INFO: 11-10-2021 20:25:15 printStatus(169) -- Drogno_4: ready	battery: 4.16	kalman var: 0.001 0.001 0.001	 batterySag: 0.68603515625	link quality: 62	flight time: 0s	pos 1.00 0.10 0.00	yaw: 4.76	msg/s 0.0
INFO: 11-10-2021 20:25:16 printStatus(169) -- Drogno_4: ready	battery: 4.16	kalman var: 0.0 0.0 0.0	 batterySag: 0.68603515625	link quality: 62	flight time: 0s	pos 1.01 0.09 0.01	yaw: 4.82	msg/s 0.0
INFO: 11-10-2021 20:25:17 printStatus(169) -- Drogno_4: ready	battery: 4.16	kalman var: 0.0 0.0 0.0	 batterySag: 0.68603515625	link quality: 62	flight time: 0s	pos 1.01 0.09 0.00	yaw: 4.80	msg/s 0.0
INFO: 11-10-2021 20:25:19 printStatus(169) -- Drogno_4: ready	battery: 4.16	kalman var: 0.0 0.0 0.0	 batterySag: 0.68603515625	link quality: 61	flight time: 0s	pos 1.01 0.09 0.00	yaw: 4.75	msg/s 0.0
INFO: 11-10-2021 20:25:20 printStatus(169) -- Drogno_4: ready	battery: 4.16	kalman var: 0.001 0.001 0.001	 batterySag: 0.68603515625	link quality: 62	flight time: 0s	pos 1.01 0.09 0.01	yaw: 4.73	msg/s 0.0
INFO: 11-10-2021 20:25:21 printStatus(169) -- Drogno_4: ready	battery: 4.16	kalman var: 0.0 0.0 0.0	 batterySag: 0.68603515625	link quality: 63	flight time: 0s	pos 1.01 0.09 0.00	yaw: 4.73	msg/s 0.0
INFO: 11-10-2021 20:25:22 printStatus(169) -- Drogno_4: ready	battery: 4.16	kalman var: 0.0 0.0 0.0	 batterySag: 0.68603515625	link quality: 62	flight time: 0s	pos 1.01 0.09 0.01	yaw: 4.75	msg/s 0.0
INFO: 11-10-2021 20:25:24 printStatus(169) -- Drogno_4: ready	battery: 4.16	kalman var: 0.0 0.0 0.0	 batterySag: 0.68603515625	link quality: 63	flight time: 0s	pos 1.01 0.09 0.01	yaw: 4.73	msg/s 0.0
INFO: 11-10-2021 20:25:25 printStatus(169) -- Drogno_4: ready	battery: 4.16	kalman var: 0.0 0.0 0.0	 batterySag: 0.68603515625	link quality: 63	flight time: 0s	pos 1.01 0.09 0.01	yaw: 4.46	msg/s 0.0
INFO: 11-10-2021 20:25:27 printStatus(169) -- Drogno_4: ready	battery: 4.16	kalman var: 0.0 0.0 0.0	 batterySag: 0.68603515625	link quality: 61	flight time: 0s	pos 1.01 0.09 0.00	yaw: 4.68	msg/s 0.0
INFO: 11-10-2021 20:25:28 printStatus(169) -- Drogno_4: ready	battery: 4.16	kalman var: 0.002 0.002 0.001	 batterySag: 0.68603515625	link quality: 63	flight time: 0s	pos 1.00 0.09 0.00	yaw: 4.64	msg/s 0.0
INFO: 11-10-2021 20:25:29 printStatus(169) -- Drogno_4: ready	battery: 4.16	kalman var: 0.0 0.0 0.0	 batterySag: 0.68603515625	link quality: 61	flight time: 0s	pos 1.01 0.09 0.01	yaw: 4.78	msg/s 0.0
INFO: 11-10-2021 20:25:31 printStatus(169) -- Drogno_4: ready	battery: 4.16	kalman var: 0.0 0.0 0.0	 batterySag: 0.68603515625	link quality: 61	flight time: 0s	pos 1.01 0.09 0.00	yaw: 4.74	msg/s 0.0
INFO: 11-10-2021 20:25:33 printStatus(169) -- Drogno_4: ready	battery: 4.16	kalman var: 0.0 0.0 0.0	 batterySag: 0.68603515625	link quality: 62	flight time: 0s	pos 1.01 0.09 0.00	yaw: 4.72	msg/s 0.0
INFO: 11-10-2021 20:25:35 printStatus(169) -- Drogno_4: ready	battery: 4.16	kalman var: 0.0 0.0 0.0	 batterySag: 0.68603515625	link quality: 61	flight time: 0s	pos 1.01 0.09 0.01	yaw: 4.81	msg/s 0.0
INFO: 11-10-2021 20:25:36 printStatus(169) -- Drogno_4: ready	battery: 4.16	kalman var: 0.0 0.0 0.0	 batterySag: 0.68603515625	link quality: 61	flight time: 0s	pos 1.01 0.09 0.00	yaw: 4.78	msg/s 0.0
INFO: 11-10-2021 20:25:37 printStatus(169) -- Drogno_4: ready	battery: 4.16	kalman var: 0.001 0.001 0.001	 batterySag: 0.68603515625	link quality: 61	flight time: 0s	pos 1.00 0.10 0.01	yaw: 4.61	msg/s 0.0
INFO: 11-10-2021 20:25:39 printStatus(169) -- Drogno_4: hovering	battery: 4.16	kalman var: 0.0 0.0 0.0	 batterySag: 0.68603515625	link quality: 63	flight time: 0s	pos 1.01 0.09 0.01	yaw: 4.75	msg/s 0.0
INFO: 11-10-2021 20:25:40 printStatus(169) -- Drogno_4: ready	battery: 3.89	kalman var: 0.0 0.0 0.0	 batterySag: 0.68603515625	link quality: 62	flight time: 0s	pos 1.01 0.09 0.01	yaw: 6.06	msg/s 0.0
INFO: 11-10-2021 20:25:41 printStatus(169) -- Drogno_4: ready	battery: 3.81	kalman var: 0.0 0.0 0.0	 batterySag: 0.68603515625	link quality: 52	flight time: 1s	pos 1.04 0.08 0.77	yaw: 1.38	msg/s 0.0
INFO: 11-10-2021 20:25:43 printStatus(169) -- Drogno_4: ready	battery: 3.79	kalman var: 0.001 0.001 0.001	 batterySag: 0.68603515625	link quality: 63	flight time: 2s	pos 1.01 0.09 0.86	yaw: 0.59	msg/s 0.0
INFO: 11-10-2021 20:25:44 printStatus(169) -- Drogno_4: ready	battery: 3.77	kalman var: 0.006 0.006 0.002	 batterySag: 0.68603515625	link quality: 60	flight time: 3s	pos 1.01 0.10 0.86	yaw: -0.65	msg/s 0.0
INFO: 11-10-2021 20:25:45 printStatus(169) -- Drogno_4: ready	battery: 3.75	kalman var: 0.001 0.001 0.001	 batterySag: 0.68603515625	link quality: 65	flight time: 4s	pos 1.15 0.15 0.84	yaw: 0.34	msg/s 0.0
INFO: 11-10-2021 20:25:46 printStatus(169) -- Drogno_4: ready	battery: 3.75	kalman var: 0.0 0.0 0.0	 batterySag: 0.68603515625	link quality: 57	flight time: 6s	pos 0.99 0.09 0.85	yaw: -0.13	msg/s 0.0
INFO: 11-10-2021 20:25:47 printStatus(169) -- Drogno_4: ready	battery: 3.75	kalman var: 0.001 0.001 0.001	 batterySag: 0.68603515625	link quality: 59	flight time: 7s	pos 1.01 0.09 0.84	yaw: -0.06	msg/s 0.0
INFO: 11-10-2021 20:25:49 printStatus(169) -- Drogno_4: ready	battery: 3.73	kalman var: 0.001 0.001 0.001	 batterySag: 0.68603515625	link quality: 56	flight time: 8s	pos 1.01 0.08 0.83	yaw: -0.64	msg/s 0.0
INFO: 11-10-2021 20:25:50 printStatus(169) -- Drogno_4: hovering	battery: 3.72	kalman var: 0.002 0.002 0.001	 batterySag: 0.68603515625	link quality: 61	flight time: 10s	pos 1.01 0.10 0.83	yaw: 0.29	msg/s 10.909090909090908
INFO: 11-10-2021 20:25:51 printStatus(169) -- Drogno_4: hovering	battery: 3.74	kalman var: 0.002 0.002 0.001	 batterySag: 0.68603515625	link quality: 64	flight time: 11s	pos 0.38 -0.03 1.07	yaw: -1.96	msg/s 18.18181818181818
INFO: 11-10-2021 20:25:52 printStatus(169) -- Drogno_4: hovering	battery: 3.74	kalman var: 0.0 0.0 0.0	 batterySag: 0.68603515625	link quality: 56	flight time: 12s	pos -0.47 -0.01 1.18	yaw: 2.27	msg/s 16.363636363636363
INFO: 11-10-2021 20:25:54 printStatus(169) -- Drogno_4: hovering	battery: 3.67	kalman var: 0.0 0.0 0.0	 batterySag: 0.68603515625	link quality: 63	flight time: 13s	pos -0.45 -0.04 0.97	yaw: 11.41	msg/s 21.818181818181817
INFO: 11-10-2021 20:25:56 printStatus(169) -- Drogno_4: hovering	battery: 3.71	kalman var: 0.001 0.001 0.001	 batterySag: 0.68603515625	link quality: 53	flight time: 15s	pos -0.42 -0.05 1.24	yaw: -2.72	msg/s 21.818181818181817
INFO: 11-10-2021 20:25:57 printStatus(169) -- Drogno_4: hovering	battery: 3.66	kalman var: 0.001 0.001 0.001	 batterySag: 0.68603515625	link quality: 56	flight time: 16s	pos -0.41 -0.06 0.97	yaw: 1.86	msg/s 23.636363636363633
INFO: 11-10-2021 20:25:59 printStatus(169) -- Drogno_4: hovering	battery: 3.69	kalman var: 0.001 0.001 0.001	 batterySag: 0.68603515625	link quality: 57	flight time: 18s	pos -0.41 -0.04 1.20	yaw: -3.73	msg/s 20.0
INFO: 11-10-2021 20:26:00 printStatus(169) -- Drogno_4: hovering	battery: 3.67	kalman var: 0.001 0.001 0.001	 batterySag: 0.68603515625	link quality: 63	flight time: 20s	pos -0.40 -0.04 1.11	yaw: -4.10	msg/s 20.0
INFO: 11-10-2021 20:26:01 printStatus(169) -- Drogno_4: hovering	battery: 3.67	kalman var: 0.0 0.0 0.0	 batterySag: 0.68603515625	link quality: 54	flight time: 21s	pos -0.30 -0.03 1.10	yaw: -1.73	msg/s 20.0
INFO: 11-10-2021 20:26:02 printStatus(169) -- Drogno_4: hovering	battery: 3.66	kalman var: 0.0 0.0 0.0	 batterySag: 0.68603515625	link quality: 58	flight time: 22s	pos -0.32 -0.04 1.12	yaw: -0.87	msg/s 21.818181818181817
INFO: 11-10-2021 20:26:04 printStatus(169) -- Drogno_4: hovering	battery: 3.66	kalman var: 0.0 0.0 0.0	 batterySag: 0.68603515625	link quality: 57	flight time: 23s	pos -0.31 -0.05 1.11	yaw: 1.07	msg/s 21.818181818181817
INFO: 11-10-2021 20:26:05 printStatus(169) -- Drogno_4: hovering	battery: 3.66	kalman var: 0.0 0.0 0.0	 batterySag: 0.68603515625	link quality: 60	flight time: 24s	pos -0.32 -0.04 1.12	yaw: 1.33	msg/s 21.818181818181817
INFO: 11-10-2021 20:26:06 printStatus(169) -- Drogno_4: hovering	battery: 3.65	kalman var: 0.0 0.0 0.0	 batterySag: 0.68603515625	link quality: 58	flight time: 25s	pos -0.32 -0.04 1.12	yaw: -1.72	msg/s 18.18181818181818
INFO: 11-10-2021 20:26:07 printStatus(169) -- Drogno_4: hovering	battery: 3.65	kalman var: 0.0 0.0 0.0	 batterySag: 0.68603515625	link quality: 53	flight time: 27s	pos -0.30 -0.04 1.11	yaw: -0.24	msg/s 21.818181818181817
INFO: 11-10-2021 20:26:08 printStatus(169) -- Drogno_4: hovering	battery: 3.64	kalman var: 0.0 0.0 0.0	 batterySag: 0.68603515625	link quality: 60	flight time: 28s	pos -0.32 -0.05 1.11	yaw: -1.32	msg/s 23.636363636363633
INFO: 11-10-2021 20:26:10 printStatus(169) -- Drogno_4: hovering	battery: 3.64	kalman var: 0.001 0.001 0.001	 batterySag: 0.68603515625	link quality: 62	flight time: 29s	pos -0.31 -0.05 1.12	yaw: 0.38	msg/s 21.818181818181817
INFO: 11-10-2021 20:26:11 printStatus(169) -- Drogno_4: hovering	battery: 3.66	kalman var: 0.0 0.0 0.0	 batterySag: 0.68603515625	link quality: 55	flight time: 30s	pos -0.31 -0.04 1.07	yaw: -0.34	msg/s 20.0
INFO: 11-10-2021 20:26:12 printStatus(169) -- Drogno_4: hovering	battery: 3.63	kalman var: 0.0 0.0 0.0	 batterySag: 0.68603515625	link quality: 61	flight time: 32s	pos -0.32 -0.05 0.89	yaw: 3.47	msg/s 21.818181818181817
INFO: 11-10-2021 20:26:13 printStatus(169) -- Drogno_4: hovering	battery: 3.7	kalman var: 0.0 0.0 0.0	 batterySag: 0.68603515625	link quality: 53	flight time: 33s	pos -0.31 -0.03 1.38	yaw: 0.27	msg/s 18.18181818181818
INFO: 11-10-2021 20:26:14 printStatus(169) -- Drogno_4: hovering	battery: 3.64	kalman var: 0.0 0.0 0.0	 batterySag: 0.68603515625	link quality: 56	flight time: 34s	pos -0.34 -0.08 0.83	yaw: -2.76	msg/s 25.454545454545453
INFO: 11-10-2021 20:26:16 printStatus(169) -- Drogno_4: hovering	battery: 3.64	kalman var: 0.001 0.001 0.001	 batterySag: 0.68603515625	link quality: 60	flight time: 35s	pos -0.32 -0.07 0.77	yaw: -6.17	msg/s 21.818181818181817
INFO: 11-10-2021 20:26:17 printStatus(169) -- Drogno_4: hovering	battery: 3.62	kalman var: 0.0 0.0 0.0	 batterySag: 0.68603515625	link quality: 64	flight time: 36s	pos -0.37 -0.02 0.58	yaw: -3.16	msg/s 25.454545454545453
INFO: 11-10-2021 20:26:18 printStatus(169) -- Drogno_4: hovering	battery: 3.63	kalman var: 0.0 0.0 0.0	 batterySag: 0.68603515625	link quality: 60	flight time: 38s	pos -0.53 -0.05 0.55	yaw: -3.04	msg/s 27.27272727272727
INFO: 11-10-2021 20:26:19 printStatus(169) -- Drogno_4: hovering	battery: 3.62	kalman var: 0.0 0.0 0.0	 batterySag: 0.68603515625	link quality: 57	flight time: 39s	pos -0.93 0.12 0.79	yaw: 2.90	msg/s 21.818181818181817
INFO: 11-10-2021 20:26:21 printStatus(169) -- Drogno_4: hovering	battery: 3.62	kalman var: 0.0 0.0 0.0	 batterySag: 0.68603515625	link quality: 59	flight time: 40s	pos -1.06 0.41 0.99	yaw: 2.54	msg/s 23.636363636363633
INFO: 11-10-2021 20:26:22 printStatus(169) -- Drogno_4: hovering	battery: 3.62	kalman var: 0.001 0.001 0.001	 batterySag: 0.68603515625	link quality: 63	flight time: 41s	pos -1.02 0.80 1.15	yaw: 1.28	msg/s 21.818181818181817
INFO: 11-10-2021 20:26:24 printStatus(169) -- Drogno_4: moving	battery: 3.59	kalman var: 0.001 0.001 0.001	 batterySag: 0.68603515625	link quality: 58	flight time: 43s	pos -0.43 1.10 1.24	yaw: 0.80	msg/s 23.636363636363633
INFO: 11-10-2021 20:26:25 printStatus(169) -- Drogno_4: hovering	battery: 3.61	kalman var: 0.001 0.001 0.001	 batterySag: 0.68603515625	link quality: 56	flight time: 44s	pos 0.25 1.13 1.27	yaw: 1.28	msg/s 25.454545454545453
INFO: 11-10-2021 20:26:26 printStatus(169) -- Drogno_4: hovering	battery: 3.59	kalman var: 0.0 0.0 0.0	 batterySag: 0.68603515625	link quality: 60	flight time: 46s	pos 0.88 0.42 1.48	yaw: -1.50	msg/s 25.454545454545453
INFO: 11-10-2021 20:26:28 printStatus(169) -- Drogno_4: hovering	battery: 3.59	kalman var: 0.001 0.001 0.001	 batterySag: 0.68603515625	link quality: 58	flight time: 47s	pos 0.62 -0.17 1.76	yaw: -2.21	msg/s 20.0
INFO: 11-10-2021 20:26:29 printStatus(169) -- Drogno_4: hovering	battery: 3.62	kalman var: 0.0 0.0 0.0	 batterySag: 0.68603515625	link quality: 55	flight time: 49s	pos 0.49 -0.76 1.85	yaw: 0.14	msg/s 21.818181818181817
INFO: 11-10-2021 20:26:31 printStatus(169) -- Drogno_4: hovering	battery: 3.59	kalman var: 0.0 0.0 0.0	 batterySag: 0.68603515625	link quality: 60	flight time: 50s	pos -0.34 -1.15 1.07	yaw: 2.30	msg/s 25.454545454545453
INFO: 11-10-2021 20:26:32 printStatus(169) -- Drogno_4: hovering	battery: 3.59	kalman var: 0.001 0.001 0.001	 batterySag: 0.68603515625	link quality: 60	flight time: 51s	pos -0.71 -0.77 0.75	yaw: 1.36	msg/s 23.636363636363633
INFO: 11-10-2021 20:26:33 printStatus(169) -- Drogno_4: hovering	battery: 3.58	kalman var: 0.0 0.0 0.0	 batterySag: 0.68603515625	link quality: 55	flight time: 53s	pos -0.97 -0.26 0.52	yaw: -0.23	msg/s 27.27272727272727
INFO: 11-10-2021 20:26:34 printStatus(169) -- Drogno_4: hovering	battery: 3.58	kalman var: 0.0 0.0 0.0	 batterySag: 0.68603515625	link quality: 60	flight time: 54s	pos -1.01 0.42 0.50	yaw: 0.47	msg/s 23.636363636363633
INFO: 11-10-2021 20:26:36 printStatus(169) -- Drogno_4: hovering	battery: 3.56	kalman var: 0.0 0.0 0.001	 batterySag: 0.68603515625	link quality: 65	flight time: 55s	pos -0.36 1.31 1.27	yaw: 1.71	msg/s 23.636363636363633
INFO: 11-10-2021 20:26:37 printStatus(169) -- Drogno_4: hovering	battery: 3.59	kalman var: 0.001 0.001 0.001	 batterySag: 0.68603515625	link quality: 56	flight time: 56s	pos 0.44 1.07 1.82	yaw: -0.44	msg/s 23.636363636363633
INFO: 11-10-2021 20:26:38 printStatus(169) -- Drogno_4: hovering	battery: 3.61	kalman var: 0.0 0.0 0.001	 batterySag: 0.68603515625	link quality: 53	flight time: 57s	pos 0.77 0.43 2.00	yaw: -1.05	msg/s 18.18181818181818
INFO: 11-10-2021 20:26:39 printStatus(169) -- Drogno_4: hovering	battery: 3.58	kalman var: 0.001 0.001 0.001	 batterySag: 0.68603515625	link quality: 62	flight time: 59s	pos 0.86 -0.51 1.77	yaw: 0.00	msg/s 27.27272727272727
INFO: 11-10-2021 20:26:40 printStatus(169) -- Drogno_4: hovering	battery: 3.57	kalman var: 0.001 0.001 0.001	 batterySag: 0.68603515625	link quality: 58	flight time: 60s	pos 0.86 -1.22 1.32	yaw: 0.52	msg/s 21.818181818181817
INFO: 11-10-2021 20:26:41 printStatus(169) -- Drogno_4: hovering	battery: 3.56	kalman var: 0.001 0.001 0.001	 batterySag: 0.68603515625	link quality: 54	flight time: 61s	pos 0.87 -1.27 1.06	yaw: -3.65	msg/s 23.636363636363633
INFO: 11-10-2021 20:26:43 printStatus(169) -- Drogno_4: hovering	battery: 3.57	kalman var: 0.001 0.001 0.001	 batterySag: 0.68603515625	link quality: 61	flight time: 62s	pos 0.98 -0.92 1.25	yaw: 1.26	msg/s 21.818181818181817
INFO: 11-10-2021 20:26:44 printStatus(169) -- Drogno_4: moving	battery: 3.56	kalman var: 0.001 0.001 0.001	 batterySag: 0.68603515625	link quality: 53	flight time: 64s	pos 0.85 -0.84 1.32	yaw: 2.21	msg/s 23.636363636363633
INFO: 11-10-2021 20:26:45 printStatus(169) -- Drogno_4: hovering	battery: 3.56	kalman var: 0.0 0.0 0.0	 batterySag: 0.68603515625	link quality: 69	flight time: 65s	pos 0.16 -0.79 1.33	yaw: -2.28	msg/s 21.818181818181817
INFO: 11-10-2021 20:26:47 printStatus(169) -- Drogno_4: hovering	battery: 3.55	kalman var: 0.0 0.0 0.0	 batterySag: 0.68603515625	link quality: 77	flight time: 66s	pos -0.22 -0.80 1.33	yaw: 0.42	msg/s 21.818181818181817
INFO: 11-10-2021 20:26:48 printStatus(169) -- Drogno_4: hovering	battery: 3.56	kalman var: 0.0 0.0 0.0	 batterySag: 0.68603515625	link quality: 55	flight time: 68s	pos -0.61 -0.81 1.33	yaw: -1.40	msg/s 25.454545454545453
INFO: 11-10-2021 20:26:49 printStatus(169) -- Drogno_4: moving	battery: 3.55	kalman var: 0.0 0.0 0.0	 batterySag: 0.68603515625	link quality: 65	flight time: 69s	pos -1.51 -0.85 1.26	yaw: -0.86	msg/s 25.454545454545453
INFO: 11-10-2021 20:26:51 printStatus(169) -- Drogno_4: hovering	battery: 3.52	kalman var: 0.0 0.0 0.0	 batterySag: 0.68603515625	link quality: 54	flight time: 70s	pos -1.52 -1.35 0.93	yaw: 0.17	msg/s 23.636363636363633
INFO: 11-10-2021 20:26:52 printStatus(169) -- Drogno_4: hovering	battery: 3.54	kalman var: 0.002 0.002 0.001	 batterySag: 0.68603515625	link quality: 59	flight time: 71s	pos -0.47 -1.52 0.91	yaw: 1.58	msg/s 21.818181818181817
INFO: 11-10-2021 20:26:54 printStatus(169) -- Drogno_4: hovering	battery: 3.52	kalman var: 0.0 0.0 0.001	 batterySag: 0.68603515625	link quality: 77	flight time: 73s	pos 0.78 -0.85 1.40	yaw: -1.28	msg/s 23.636363636363633
INFO: 11-10-2021 20:26:55 printStatus(169) -- Drogno_4: hovering	battery: 3.54	kalman var: 0.003 0.003 0.002	 batterySag: 0.68603515625	link quality: 61	flight time: 74s	pos 0.44 -0.48 1.64	yaw: -1.71	msg/s 27.27272727272727
INFO: 11-10-2021 20:26:56 printStatus(169) -- Drogno_4: hovering	battery: 3.54	kalman var: 0.0 0.0 0.0	 batterySag: 0.68603515625	link quality: 70	flight time: 76s	pos 0.24 -0.35 1.74	yaw: -0.63	msg/s 21.818181818181817
INFO: 11-10-2021 20:26:57 printStatus(169) -- Drogno_4: hovering	battery: 3.54	kalman var: 0.0 0.0 0.0	 batterySag: 0.68603515625	link quality: 56	flight time: 77s	pos -0.11 -0.27 1.83	yaw: 1.52	msg/s 18.18181818181818
INFO: 11-10-2021 20:26:58 printStatus(169) -- Drogno_4: hovering	battery: 3.52	kalman var: 0.0 0.0 0.001	 batterySag: 0.68603515625	link quality: 59	flight time: 78s	pos -0.41 -0.09 1.97	yaw: -0.10	msg/s 25.454545454545453
INFO: 11-10-2021 20:26:59 printStatus(169) -- Drogno_4: hovering	battery: 3.53	kalman var: 0.001 0.001 0.001	 batterySag: 0.68603515625	link quality: 54	flight time: 79s	pos -0.18 -0.03 2.05	yaw: 1.12	msg/s 20.0
INFO: 11-10-2021 20:27:01 printStatus(169) -- Drogno_4: hovering	battery: 3.53	kalman var: 0.002 0.002 0.001	 batterySag: 0.68603515625	link quality: 56	flight time: 80s	pos -0.14 0.00 2.07	yaw: 3.23	msg/s 23.636363636363633
INFO: 11-10-2021 20:27:02 printStatus(169) -- Drogno_4: hovering	battery: 3.51	kalman var: 0.001 0.001 0.001	 batterySag: 0.68603515625	link quality: 69	flight time: 81s	pos -0.15 0.06 2.04	yaw: 2.09	msg/s 23.636363636363633
INFO: 11-10-2021 20:27:03 printStatus(169) -- Drogno_4: hovering	battery: 3.52	kalman var: 0.0 0.0 0.0	 batterySag: 0.68603515625	link quality: 56	flight time: 83s	pos -0.12 0.01 2.04	yaw: 0.73	msg/s 27.27272727272727
INFO: 11-10-2021 20:27:04 printStatus(169) -- Drogno_4: hovering	battery: 3.53	kalman var: 0.001 0.001 0.001	 batterySag: 0.68603515625	link quality: 56	flight time: 84s	pos -0.12 0.00 2.04	yaw: 1.26	msg/s 25.454545454545453
INFO: 11-10-2021 20:27:05 printStatus(169) -- Drogno_4: hovering	battery: 3.52	kalman var: 0.0 0.0 0.0	 batterySag: 0.68603515625	link quality: 57	flight time: 85s	pos -0.14 -0.01 2.04	yaw: -1.02	msg/s 21.818181818181817
INFO: 11-10-2021 20:27:07 printStatus(169) -- Drogno_4: hovering	battery: 3.52	kalman var: 0.0 0.0 0.0	 batterySag: 0.68603515625	link quality: 57	flight time: 86s	pos -0.13 0.00 2.04	yaw: -1.38	msg/s 23.636363636363633
INFO: 11-10-2021 20:27:08 printStatus(169) -- Drogno_4: hovering	battery: 3.52	kalman var: 0.0 0.0 0.001	 batterySag: 0.68603515625	link quality: 57	flight time: 87s	pos -0.13 -0.00 2.04	yaw: -0.52	msg/s 25.454545454545453
INFO: 11-10-2021 20:27:09 printStatus(169) -- Drogno_4: hovering	battery: 3.52	kalman var: 0.0 0.0 0.0	 batterySag: 0.68603515625	link quality: 58	flight time: 88s	pos -0.14 0.00 2.04	yaw: -0.44	msg/s 25.454545454545453
INFO: 11-10-2021 20:27:10 printStatus(169) -- Drogno_4: hovering	battery: 3.51	kalman var: 0.0 0.0 0.0	 batterySag: 0.68603515625	link quality: 59	flight time: 90s	pos -0.14 0.00 2.04	yaw: -0.76	msg/s 20.0
INFO: 11-10-2021 20:27:12 printStatus(169) -- Drogno_4: hovering	battery: 3.51	kalman var: 0.0 0.0 0.0	 batterySag: 0.68603515625	link quality: 58	flight time: 91s	pos -0.14 0.00 2.04	yaw: -1.10	msg/s 7.2727272727272725
INFO: 11-10-2021 20:27:14 printStatus(169) -- Drogno_4: hovering	battery: 3.51	kalman var: 0.001 0.001 0.001	 batterySag: 0.68603515625	link quality: 60	flight time: 93s	pos -0.14 0.00 2.04	yaw: -0.46	msg/s 16.363636363636363
INFO: 11-10-2021 20:27:15 printStatus(169) -- Drogno_4: hovering	battery: 3.51	kalman var: 0.0 0.0 0.0	 batterySag: 0.68603515625	link quality: 59	flight time: 94s	pos -0.14 0.00 2.04	yaw: -0.12	msg/s 23.636363636363633
INFO: 11-10-2021 20:27:17 printStatus(169) -- Drogno_4: hovering	battery: 3.51	kalman var: 0.001 0.001 0.001	 batterySag: 0.68603515625	link quality: 58	flight time: 96s	pos -0.14 0.00 2.03	yaw: 0.21	msg/s 23.636363636363633
INFO: 11-10-2021 20:27:18 printStatus(169) -- Drogno_4: hovering	battery: 3.5	kalman var: 0.001 0.001 0.001	 batterySag: 0.68603515625	link quality: 58	flight time: 97s	pos -0.14 0.00 2.03	yaw: 0.04	msg/s 23.636363636363633
WARNING: 11-10-2021 20:27:19 evaluateBattery(804) -- battery under 3.50v
INFO: 11-10-2021 20:27:19 printStatus(169) -- Drogno_4: hovering	battery: 3.49	kalman var: 0.0 0.0 0.001	 batterySag: 0.68603515625	link quality: 58	flight time: 99s	pos -0.13 -0.00 2.02	yaw: 0.07	msg/s 27.27272727272727
WARNING: 11-10-2021 20:27:19 evaluateBattery(804) -- battery under 3.50v
WARNING: 11-10-2021 20:27:20 evaluateBattery(804) -- battery under 3.50v
INFO: 11-10-2021 20:27:20 printStatus(169) -- Drogno_4: hovering	battery: 3.48	kalman var: 0.0 0.0 0.001	 batterySag: 0.68603515625	link quality: 61	flight time: 100s	pos -0.13 -0.00 2.01	yaw: -0.39	msg/s 29.09090909090909
INFO: 11-10-2021 20:27:22 printStatus(169) -- Drogno_4: ready	battery: 3.5	kalman var: 0.0 0.0 0.0	 batterySag: 0.68603515625	link quality: 55	flight time: 100s	pos -0.12 0.02 1.39	yaw: 1.40	msg/s 43.63636363636363
INFO: 11-10-2021 20:27:24 printStatus(169) -- Drogno_4: ready	battery: 3.83	kalman var: 0.002 0.002 0.001	 batterySag: 0.68603515625	link quality: 56	flight time: 100s	pos -0.13 0.01 -0.47	yaw: 11.89	msg/s 43.63636363636363
INFO: 11-10-2021 20:27:25 printStatus(169) -- Drogno_4: ready	battery: 3.84	kalman var: 0.006 0.006 0.002	 batterySag: 0.68603515625	link quality: 53	flight time: 100s	pos -0.18 0.23 -1.12	yaw: 11.39	msg/s 43.63636363636363
INFO: 11-10-2021 20:27:26 printStatus(169) -- Drogno_4: BAD kalman	battery: 3.86	kalman var: 0.034 0.034 0.004	 batterySag: 0.68603515625	link quality: 57	flight time: 100s	pos -0.62 1.17 -2.40	yaw: 11.40	msg/s 45.45454545454545
INFO: 11-10-2021 20:27:28 printStatus(169) -- Drogno_4: BAD kalman	battery: 3.86	kalman var: 0.062 0.062 0.005	 batterySag: 0.68603515625	link quality: 55	flight time: 100s	pos -1.02 1.86 -3.03	yaw: 11.30	msg/s 43.63636363636363
INFO: 11-10-2021 20:27:29 printStatus(169) -- Drogno_4: out of BOX	battery: 3.88	kalman var: 0.153 0.153 0.007	 batterySag: 0.68603515625	link quality: 60	flight time: 100s	pos -2.23 3.59 -4.27	yaw: 11.27	msg/s 41.81818181818181
INFO: 11-10-2021 20:27:30 printStatus(169) -- Drogno_4: out of BOX	battery: 3.88	kalman var: 0.221 0.221 0.008	 batterySag: 0.68603515625	link quality: 55	flight time: 100s	pos -3.05 4.61 -4.87	yaw: 11.30	msg/s 41.81818181818181
INFO: 11-10-2021 20:27:32 printStatus(169) -- Drogno_4: out of BOX	battery: 3.88	kalman var: 0.307 0.307 0.01	 batterySag: 0.68603515625	link quality: 56	flight time: 100s	pos -4.02 5.73 -5.47	yaw: 10.88	msg/s 43.63636363636363
INFO: 11-10-2021 20:27:33 printStatus(169) -- Drogno_4: out of BOX	battery: 3.88	kalman var: 0.412 0.412 0.011	 batterySag: 0.68603515625	link quality: 55	flight time: 100s	pos -5.13 6.91 -6.05	yaw: 11.34	msg/s 43.63636363636363
INFO: 11-10-2021 20:27:34 printStatus(169) -- Drogno_4: out of BOX	battery: 3.89	kalman var: 0.54 0.539 0.012	 batterySag: 0.68603515625	link quality: 55	flight time: 100s	pos -6.43 8.16 -6.63	yaw: 11.31	msg/s 41.81818181818181
INFO: 11-10-2021 20:27:35 printStatus(169) -- Drogno_4: out of BOX	battery: 3.89	kalman var: 0.691 0.69 0.013	 batterySag: 0.68603515625	link quality: 56	flight time: 100s	pos -7.88 9.48 -7.20	yaw: 11.18	msg/s 41.81818181818181
INFO: 11-10-2021 20:27:36 printStatus(169) -- Drogno_4: out of BOX	battery: 3.9	kalman var: 1.071 1.069 0.015	 batterySag: 0.68603515625	link quality: 55	flight time: 100s	pos -11.29 12.28 -8.32	yaw: 11.01	msg/s 43.63636363636363
INFO: 11-10-2021 20:27:37 printStatus(169) -- Drogno_4: out of BOX	battery: 3.9	kalman var: 1.306 1.304 0.016	 batterySag: 0.68603515625	link quality: 56	flight time: 100s	pos -13.27 13.77 -8.87	yaw: 11.11	msg/s 45.45454545454545
INFO: 11-10-2021 20:27:39 printStatus(169) -- Drogno_4: out of BOX	battery: 3.9	kalman var: 1.572 1.57 0.017	 batterySag: 0.68603515625	link quality: 56	flight time: 100s	pos -15.45 15.30 -9.41	yaw: 11.02	msg/s 43.63636363636363
INFO: 11-10-2021 20:27:40 printStatus(169) -- Drogno_4: out of BOX	battery: 3.9	kalman var: 1.873 1.871 0.018	 batterySag: 0.68603515625	link quality: 56	flight time: 100s	pos -17.83 16.91 -9.95	yaw: 11.10	msg/s 43.63636363636363
INFO: 11-10-2021 20:27:41 printStatus(169) -- Drogno_4: out of BOX	battery: 3.9	kalman var: 2.205 2.203 0.019	 batterySag: 0.68603515625	link quality: 56	flight time: 100s	pos -20.39 18.52 -10.48	yaw: 11.11	msg/s 41.81818181818181
INFO: 11-10-2021 20:27:42 printStatus(169) -- Drogno_4: out of BOX	battery: 3.9	kalman var: 2.58 2.578 0.02	 batterySag: 0.68603515625	link quality: 57	flight time: 100s	pos -23.19 20.22 -11.02	yaw: 11.14	msg/s 41.81818181818181
INFO: 11-10-2021 20:27:43 printStatus(169) -- Drogno_4: out of BOX	battery: 3.91	kalman var: 3.445 3.441 0.022	 batterySag: 0.68603515625	link quality: 55	flight time: 100s	pos -29.02 23.77 -12.05	yaw: 11.17	msg/s 41.81818181818181
INFO: 11-10-2021 20:27:45 printStatus(169) -- Drogno_4: out of BOX	battery: 3.91	kalman var: 3.945 3.941 0.023	 batterySag: 0.68603515625	link quality: 55	flight time: 100s	pos -32.31 25.52 -12.55	yaw: 10.97	msg/s 43.63636363636363
INFO: 11-10-2021 20:27:46 printStatus(169) -- Drogno_4: out of BOX	battery: 3.91	kalman var: 4.492 4.488 0.025	 batterySag: 0.68603515625	link quality: 54	flight time: 100s	pos -35.94 27.39 -13.07	yaw: 11.14	msg/s 41.81818181818181
INFO: 11-10-2021 20:27:47 printStatus(169) -- Drogno_4: out of BOX	battery: 3.91	kalman var: 5.086 5.082 0.026	 batterySag: 0.68603515625	link quality: 55	flight time: 100s	pos -39.88 29.25 -13.58	yaw: 11.12	msg/s 43.63636363636363
INFO: 11-10-2021 20:27:48 printStatus(169) -- Drogno_4: out of BOX	battery: 3.91	kalman var: 5.723 5.719 0.027	 batterySag: 0.68603515625	link quality: 56	flight time: 100s	pos -43.84 31.12 -14.09	yaw: 11.25	msg/s 43.63636363636363
INFO: 11-10-2021 20:27:49 printStatus(169) -- Drogno_4: out of BOX	battery: 3.91	kalman var: 7.168 7.164 0.029	 batterySag: 0.68603515625	link quality: 55	flight time: 100s	pos -52.50 35.22 -15.09	yaw: 11.15	msg/s 43.63636363636363
INFO: 11-10-2021 20:27:51 printStatus(169) -- Drogno_4: out of BOX	battery: 3.91	kalman var: 7.973 7.969 0.03	 batterySag: 0.68603515625	link quality: 56	flight time: 100s	pos -56.97 37.09 -15.57	yaw: 11.27	msg/s 43.63636363636363
INFO: 11-10-2021 20:27:52 printStatus(169) -- Drogno_4: out of BOX	battery: 3.91	kalman var: 8.828 8.82 0.031	 batterySag: 0.68603515625	link quality: 56	flight time: 100s	pos -61.72 38.62 -16.05	yaw: 11.34	msg/s 40.0
INFO: 11-10-2021 20:27:53 printStatus(169) -- Drogno_4: out of BOX	battery: 3.91	kalman var: 9.75 9.742 0.032	 batterySag: 0.68603515625	link quality: 56	flight time: 100s	pos -67.00 40.66 -16.55	yaw: 11.26	msg/s 43.63636363636363
INFO: 11-10-2021 20:27:54 printStatus(169) -- Drogno_4: out of BOX	battery: 3.91	kalman var: 10.742 10.547 0.289	 batterySag: 0.68603515625	link quality: 49	flight time: 100s	pos -72.31 42.19 -16.98	yaw: 19.73	msg/s 41.81818181818181
INFO: 11-10-2021 20:27:55 printStatus(169) -- Drogno_4: out of BOX	battery: 3.91	kalman var: 13.57 14.578 0.121	 batterySag: 0.68603515625	link quality: 51	flight time: 100s	pos -82.69 44.56 -17.25	yaw: 35.88	msg/s 41.81818181818181
INFO: 11-10-2021 20:27:57 printStatus(169) -- Drogno_4: out of BOX	battery: 3.91	kalman var: 14.102 5.715 11.367	 batterySag: 0.68603515625	link quality: 59	flight time: 100s	pos -87.00 44.56 -16.66	yaw: 80.75	msg/s 43.63636363636363
INFO: 11-10-2021 20:27:58 printStatus(169) -- Drogno_4: out of BOX	battery: 3.91	kalman var: 17.594 15.961 1.982	 batterySag: 0.68603515625	link quality: 67	flight time: 100s	pos -92.31 41.56 -16.56	yaw: 156.38	msg/s 43.63636363636363
INFO: 11-10-2021 20:27:59 printStatus(169) -- Drogno_4: out of BOX	battery: 3.91	kalman var: 19.047 17.594 0.98	 batterySag: 0.68603515625	link quality: 62	flight time: 100s	pos -93.69 38.56 -15.95	yaw: 77.19	msg/s 43.63636363636363
INFO: 11-10-2021 20:28:01 printStatus(169) -- Drogno_4: out of BOX	battery: 3.91	kalman var: 19.891 19.984 1.182	 batterySag: 0.68603515625	link quality: 67	flight time: 100s	pos -93.81 33.69 -16.17	yaw: -4.09	msg/s 45.45454545454545
INFO: 11-10-2021 20:28:02 printStatus(169) -- Drogno_4: out of BOX	battery: 3.91	kalman var: 22.188 20.516 2.654	 batterySag: 0.68603515625	link quality: 65	flight time: 100s	pos -92.31 26.67 -16.72	yaw: -110.00	msg/s 43.63636363636363
INFO: 11-10-2021 20:28:03 printStatus(169) -- Drogno_4: out of BOX	battery: 3.91	kalman var: 23.688 21.344 2.332	 batterySag: 0.68603515625	link quality: 78	flight time: 100s	pos -89.12 18.59 -17.31	yaw: -122.56	msg/s 41.81818181818181
INFO: 11-10-2021 20:28:04 printStatus(169) -- Drogno_4: out of BOX	battery: 3.91	kalman var: 24.656 22.031 2.572	 batterySag: 0.68603515625	link quality: 73	flight time: 100s	pos -83.38 9.62 -17.97	yaw: -115.19	msg/s 43.63636363636363
INFO: 11-10-2021 20:28:05 printStatus(169) -- Drogno_4: BAD kalman	battery: 3.91	kalman var: 0.014 0.014 0.002	 batterySag: 0.68603515625	link quality: 68	flight time: 100s	pos -1.18 -1.33 -0.20	yaw: -4.89	msg/s 41.81818181818181
INFO: 11-10-2021 20:28:06 printStatus(169) -- Drogno_4: out of BOX	battery: 3.91	kalman var: 0.05 0.05 0.003	 batterySag: 0.68603515625	link quality: 70	flight time: 100s	pos -2.70 -4.77 -0.59	yaw: -6.19	msg/s 41.81818181818181
INFO: 11-10-2021 20:28:08 printStatus(169) -- Drogno_4: out of BOX	battery: 3.92	kalman var: 0.11 0.109 0.004	 batterySag: 0.68603515625	link quality: 71	flight time: 100s	pos -4.81 -10.77 -1.37	yaw: -3.23	msg/s 41.81818181818181
INFO: 11-10-2021 20:28:09 printStatus(169) -- Drogno_4: sconnesso	battery: 3.91	kalman var: 0.183 0.194 0.017	 batterySag: 0.68603515625	link quality: 77	flight time: 100s	pos -7.95 -19.39 -2.35	yaw: 21.67	msg/s 36.36363636363636
INFO: 11-10-2021 20:28:10 printStatus(169) -- Drogno_4: stand by	battery: 3.91	kalman var: 0.183 0.194 0.017	 batterySag: 0.68603515625	link quality: 77	flight time: 100s	pos -7.95 -19.39 -2.35	yaw: 21.67	msg/s 21.818181818181817
INFO: 11-10-2021 20:28:12 printStatus(169) -- Drogno_4: stand by	battery: 3.91	kalman var: 0.183 0.194 0.017	 batterySag: 0.68603515625	link quality: 77	flight time: 100s	pos -7.95 -19.39 -2.35	yaw: 21.67	msg/s 21.818181818181817
INFO: 11-10-2021 20:28:13 printStatus(169) -- Drogno_4: stand by	battery: 3.91	kalman var: 0.183 0.194 0.017	 batterySag: 0.68603515625	link quality: 77	flight time: 100s	pos -7.95 -19.39 -2.35	yaw: 21.67	msg/s 21.818181818181817
INFO: 11-10-2021 20:28:14 printStatus(169) -- Drogno_4: stand by	battery: 3.91	kalman var: 0.183 0.194 0.017	 batterySag: 0.68603515625	link quality: 77	flight time: 100s	pos -7.95 -19.39 -2.35	yaw: 21.67	msg/s 21.818181818181817
INFO: 11-10-2021 20:28:15 printStatus(169) -- Drogno_4: stand by	battery: 3.91	kalman var: 0.183 0.194 0.017	 batterySag: 0.68603515625	link quality: 77	flight time: 100s	pos -7.95 -19.39 -2.35	yaw: 21.67	msg/s 21.818181818181817
INFO: 11-10-2021 20:28:16 printStatus(169) -- Drogno_4: stand by	battery: 3.91	kalman var: 0.183 0.194 0.017	 batterySag: 0.68603515625	link quality: 77	flight time: 100s	pos -7.95 -19.39 -2.35	yaw: 21.67	msg/s 22.727272727272727
INFO: 11-10-2021 20:28:17 printStatus(169) -- Drogno_4: stand by	battery: 3.91	kalman var: 0.183 0.194 0.017	 batterySag: 0.68603515625	link quality: 77	flight time: 100s	pos -7.95 -19.39 -2.35	yaw: 21.67	msg/s 22.727272727272727
INFO: 11-10-2021 20:28:18 printStatus(169) -- Drogno_4: stand by	battery: 3.91	kalman var: 0.183 0.194 0.017	 batterySag: 0.68603515625	link quality: 77	flight time: 100s	pos -7.95 -19.39 -2.35	yaw: 21.67	msg/s 21.818181818181817
INFO: 11-10-2021 20:28:20 printStatus(169) -- Drogno_4: stand by	battery: 3.91	kalman var: 0.183 0.194 0.017	 batterySag: 0.68603515625	link quality: 77	flight time: 100s	pos -7.95 -19.39 -2.35	yaw: 21.67	msg/s 22.727272727272727
INFO: 11-10-2021 20:28:21 printStatus(169) -- Drogno_4: stand by	battery: 3.91	kalman var: 0.183 0.194 0.017	 batterySag: 0.68603515625	link quality: 77	flight time: 100s	pos -7.95 -19.39 -2.35	yaw: 21.67	msg/s 21.818181818181817
INFO: 11-10-2021 20:28:22 printStatus(169) -- Drogno_4: stand by	battery: 3.91	kalman var: 0.183 0.194 0.017	 batterySag: 0.68603515625	link quality: 77	flight time: 100s	pos -7.95 -19.39 -2.35	yaw: 21.67	msg/s 22.727272727272727
INFO: 11-10-2021 20:28:23 printStatus(169) -- Drogno_4: stand by	battery: 3.91	kalman var: 0.183 0.194 0.017	 batterySag: 0.68603515625	link quality: 77	flight time: 100s	pos -7.95 -19.39 -2.35	yaw: 21.67	msg/s 22.727272727272727
INFO: 11-10-2021 20:28:24 printStatus(169) -- Drogno_4: stand by	battery: 3.91	kalman var: 0.183 0.194 0.017	 batterySag: 0.68603515625	link quality: 77	flight time: 100s	pos -7.95 -19.39 -2.35	yaw: 21.67	msg/s 21.818181818181817
INFO: 11-10-2021 20:28:25 printStatus(169) -- Drogno_4: stand by	battery: 3.91	kalman var: 0.183 0.194 0.017	 batterySag: 0.68603515625	link quality: 77	flight time: 100s	pos -7.95 -19.39 -2.35	yaw: 21.67	msg/s 22.727272727272727
INFO: 11-10-2021 20:28:27 printStatus(169) -- Drogno_4: stand by	battery: 3.91	kalman var: 0.183 0.194 0.017	 batterySag: 0.68603515625	link quality: 77	flight time: 100s	pos -7.95 -19.39 -2.35	yaw: 21.67	msg/s 22.727272727272727
INFO: 11-10-2021 20:28:28 printStatus(169) -- Drogno_4: stand by	battery: 3.91	kalman var: 0.183 0.194 0.017	 batterySag: 0.68603515625	link quality: 77	flight time: 100s	pos -7.95 -19.39 -2.35	yaw: 21.67	msg/s 22.727272727272727
INFO: 11-10-2021 20:28:29 printStatus(169) -- Drogno_4: stand by	battery: 3.91	kalman var: 0.183 0.194 0.017	 batterySag: 0.68603515625	link quality: 77	flight time: 100s	pos -7.95 -19.39 -2.35	yaw: 21.67	msg/s 23.636363636363633
INFO: 11-10-2021 20:28:30 printStatus(169) -- Drogno_4: stand by	battery: 3.91	kalman var: 0.183 0.194 0.017	 batterySag: 0.68603515625	link quality: 77	flight time: 100s	pos -7.95 -19.39 -2.35	yaw: 21.67	msg/s 21.818181818181817
INFO: 11-10-2021 20:28:31 printStatus(169) -- Drogno_4: stand by	battery: 3.91	kalman var: 0.183 0.194 0.017	 batterySag: 0.68603515625	link quality: 77	flight time: 100s	pos -7.95 -19.39 -2.35	yaw: 21.67	msg/s 23.636363636363633
INFO: 11-10-2021 20:28:32 printStatus(169) -- Drogno_4: stand by	battery: 3.91	kalman var: 0.183 0.194 0.017	 batterySag: 0.68603515625	link quality: 77	flight time: 100s	pos -7.95 -19.39 -2.35	yaw: 21.67	msg/s 22.727272727272727
INFO: 11-10-2021 20:28:33 printStatus(169) -- Drogno_4: stand by	battery: 3.91	kalman var: 0.183 0.194 0.017	 batterySag: 0.68603515625	link quality: 77	flight time: 100s	pos -7.95 -19.39 -2.35	yaw: 21.67	msg/s 21.818181818181817
INFO: 11-10-2021 20:28:35 printStatus(169) -- Drogno_4: stand by	battery: 3.91	kalman var: 0.183 0.194 0.017	 batterySag: 0.68603515625	link quality: 77	flight time: 100s	pos -7.95 -19.39 -2.35	yaw: 21.67	msg/s 22.727272727272727
INFO: 11-10-2021 20:28:36 printStatus(169) -- Drogno_4: stand by	battery: 3.91	kalman var: 0.183 0.194 0.017	 batterySag: 0.68603515625	link quality: 77	flight time: 100s	pos -7.95 -19.39 -2.35	yaw: 21.67	msg/s 22.727272727272727
INFO: 11-10-2021 20:28:37 printStatus(169) -- Drogno_4: stand by	battery: 3.91	kalman var: 0.183 0.194 0.017	 batterySag: 0.68603515625	link quality: 77	flight time: 100s	pos -7.95 -19.39 -2.35	yaw: 21.67	msg/s 1.8181818181818181
INFO: 11-10-2021 20:28:38 printStatus(169) -- Drogno_4: stand by	battery: 3.91	kalman var: 0.183 0.194 0.017	 batterySag: 0.68603515625	link quality: 77	flight time: 100s	pos -7.95 -19.39 -2.35	yaw: 21.67	msg/s 0.0
INFO: 11-10-2021 20:28:39 printStatus(169) -- Drogno_4: stand by	battery: 3.91	kalman var: 0.183 0.194 0.017	 batterySag: 0.68603515625	link quality: 77	flight time: 100s	pos -7.95 -19.39 -2.35	yaw: 21.67	msg/s 0.0
INFO: 11-10-2021 20:28:40 printStatus(169) -- Drogno_4: stand by	battery: 3.91	kalman var: 0.183 0.194 0.017	 batterySag: 0.68603515625	link quality: 77	flight time: 100s	pos -7.95 -19.39 -2.35	yaw: 21.67	msg/s 0.0
INFO: 11-10-2021 20:28:41 printStatus(169) -- Drogno_4: stand by	battery: 3.91	kalman var: 0.183 0.194 0.017	 batterySag: 0.68603515625	link quality: 77	flight time: 100s	pos -7.95 -19.39 -2.35	yaw: 21.67	msg/s 0.0
INFO: 11-10-2021 20:28:43 printStatus(169) -- Drogno_4: stand by	battery: 3.91	kalman var: 0.183 0.194 0.017	 batterySag: 0.68603515625	link quality: 77	flight time: 100s	pos -7.95 -19.39 -2.35	yaw: 21.67	msg/s 0.0
INFO: 11-10-2021 20:28:44 printStatus(169) -- Drogno_4: stand by	battery: 3.91	kalman var: 0.183 0.194 0.017	 batterySag: 0.68603515625	link quality: 77	flight time: 100s	pos -7.95 -19.39 -2.35	yaw: 21.67	msg/s 0.0
WARNING: 11-10-2021 20:28:44 exit(859) -- closing Drogno_4
INFO: 11-10-2021 20:28:45 printStatus(169) -- Drogno_4: sconnesso	battery: 3.91	kalman var: 0.183 0.194 0.017	 batterySag: 0.68603515625	link quality: 77	flight time: 100s	pos -7.95 -19.39 -2.35	yaw: 21.67	msg/s 0.0
