INFO: 2021-10-09 17:54:35 __init__(134) -- This is dronelog running on Drogno_4
INFO: 2021-10-09 17:54:36 printStatus(172) -- Started
INFO: 2021-10-09 17:54:37 printStatus(175) -- Drogno_4: connecting		battery n.p.	pos 0.00 0.00 0.00	yaw: 0.00	msg/s 0.0	link quality: 0	kalman var: 0 0 0	flight time: 0s	 batterySag: 0
INFO: 2021-10-09 17:54:39 printStatus(175) -- Drogno_4: connecting		battery n.p.	pos 0.00 0.00 0.00	yaw: 0.00	msg/s 0.0	link quality: 0	kalman var: 0 0 0	flight time: 0s	 batterySag: 0
INFO: 2021-10-09 17:54:40 printStatus(175) -- Drogno_4: landed		battery n.p.	pos 0.00 0.00 0.00	yaw: 0.00	msg/s 0.0	link quality: 0	kalman var: 0 0 0	flight time: 0s	 batterySag: 0
INFO: 2021-10-09 17:54:42 printStatus(175) -- Drogno_4: landed		battery n.p.	pos 0.00 0.00 0.00	yaw: 0.00	msg/s 0.0	link quality: 0	kalman var: 0 0 0	flight time: 0s	 batterySag: 0
INFO: 2021-10-09 17:54:44 printStatus(175) -- Drogno_4: ready		battery 4.05	pos 0.00 -0.00 0.00	yaw: 0.06	msg/s 0.0	link quality: 44	kalman var: 0.001 0.001 0.0	flight time: 0s	 batterySag: 0.8232421875
INFO: 2021-10-09 17:54:45 printStatus(175) -- Drogno_4: ready		battery 4.05	pos 0.01 -0.00 -0.00	yaw: 0.60	msg/s 0.0	link quality: 43	kalman var: 0.001 0.001 0.001	flight time: 0s	 batterySag: 0.8232421875
INFO: 2021-10-09 17:54:47 printStatus(175) -- Drogno_4: ready		battery 4.05	pos 0.00 -0.00 -0.00	yaw: 0.66	msg/s 0.0	link quality: 43	kalman var: 0.0 0.0 0.0	flight time: 0s	 batterySag: 0.8232421875
INFO: 2021-10-09 17:54:48 printStatus(175) -- Drogno_4: ready		battery 4.05	pos 0.00 0.00 -0.00	yaw: 0.62	msg/s 0.0	link quality: 43	kalman var: 0.0 0.0 0.0	flight time: 0s	 batterySag: 0.8232421875
INFO: 2021-10-09 17:54:50 printStatus(175) -- Drogno_4: ready		battery 4.05	pos 0.00 -0.00 0.00	yaw: 0.66	msg/s 0.0	link quality: 43	kalman var: 0.0 0.0 0.0	flight time: 0s	 batterySag: 0.8232421875
INFO: 2021-10-09 17:54:51 printStatus(175) -- Drogno_4: ready		battery 4.05	pos 0.00 -0.00 -0.00	yaw: 0.64	msg/s 0.0	link quality: 43	kalman var: 0.0 0.0 0.0	flight time: 0s	 batterySag: 0.8232421875
INFO: 2021-10-09 17:54:53 printStatus(175) -- Drogno_4: ready		battery 4.05	pos 0.00 0.00 -0.00	yaw: 0.62	msg/s 0.0	link quality: 43	kalman var: 0.0 0.0 0.0	flight time: 0s	 batterySag: 0.8232421875
INFO: 2021-10-09 17:54:54 printStatus(175) -- Drogno_4: ready		battery 4.05	pos 0.00 -0.00 0.00	yaw: 0.64	msg/s 0.0	link quality: 43	kalman var: 0.0 0.0 0.0	flight time: 0s	 batterySag: 0.8232421875
INFO: 2021-10-09 17:54:56 printStatus(175) -- Drogno_4: ready		battery 4.05	pos 0.00 0.00 0.00	yaw: 0.59	msg/s 0.0	link quality: 43	kalman var: 0.0 0.0 0.0	flight time: 0s	 batterySag: 0.8232421875
INFO: 2021-10-09 17:54:58 printStatus(175) -- Drogno_4: ready		battery 4.05	pos 0.00 -0.00 -0.00	yaw: 0.63	msg/s 0.0	link quality: 43	kalman var: 0.0 0.0 0.0	flight time: 0s	 batterySag: 0.8232421875
INFO: 2021-10-09 17:54:59 printStatus(175) -- Drogno_4: ready		battery 4.05	pos 0.00 -0.00 0.00	yaw: 0.64	msg/s 0.0	link quality: 43	kalman var: 0.0 0.0 0.0	flight time: 0s	 batterySag: 0.8232421875
INFO: 2021-10-09 17:55:01 printStatus(175) -- Drogno_4: ready		battery 4.05	pos 0.00 -0.00 0.00	yaw: 0.64	msg/s 0.0	link quality: 43	kalman var: 0.0 0.0 0.0	flight time: 0s	 batterySag: 0.8232421875
INFO: 2021-10-09 17:55:02 printStatus(175) -- Drogno_4: ready		battery 4.05	pos 0.00 0.00 -0.00	yaw: 0.46	msg/s 0.0	link quality: 43	kalman var: 0.0 0.0 0.0	flight time: 0s	 batterySag: 0.8232421875
INFO: 2021-10-09 17:55:04 printStatus(175) -- Drogno_4: ready		battery 4.05	pos 0.00 -0.00 0.00	yaw: 0.57	msg/s 0.0	link quality: 43	kalman var: 0.0 0.0 0.0	flight time: 0s	 batterySag: 0.8232421875
INFO: 2021-10-09 17:55:05 printStatus(175) -- Drogno_4: ready		battery 4.05	pos 0.00 -0.00 0.00	yaw: 0.65	msg/s 0.0	link quality: 43	kalman var: 0.0 0.0 0.0	flight time: 0s	 batterySag: 0.8232421875
INFO: 2021-10-09 17:55:07 printStatus(175) -- Drogno_4: ready		battery 4.05	pos 0.00 -0.00 -0.00	yaw: 0.63	msg/s 0.0	link quality: 43	kalman var: 0.0 0.0 0.0	flight time: 0s	 batterySag: 0.8232421875
INFO: 2021-10-09 17:55:08 printStatus(175) -- Drogno_4: ready		battery 4.05	pos 0.00 -0.00 0.00	yaw: 0.69	msg/s 0.0	link quality: 43	kalman var: 0.0 0.0 0.0	flight time: 0s	 batterySag: 0.8232421875
INFO: 2021-10-09 17:55:10 printStatus(175) -- Drogno_4: ready		battery 4.05	pos 0.00 -0.00 0.00	yaw: 0.70	msg/s 0.0	link quality: 43	kalman var: 0.0 0.0 0.0	flight time: 0s	 batterySag: 0.8232421875
INFO: 2021-10-09 17:55:12 printStatus(175) -- Drogno_4: ready		battery 4.05	pos 0.00 -0.00 -0.00	yaw: 0.60	msg/s 0.0	link quality: 44	kalman var: 0.0 0.0 0.0	flight time: 0s	 batterySag: 0.8232421875
INFO: 2021-10-09 17:55:13 printStatus(175) -- Drogno_4: ready		battery 4.04	pos 0.00 -0.00 -0.00	yaw: 0.62	msg/s 0.0	link quality: 43	kalman var: 0.0 0.0 0.0	flight time: 0s	 batterySag: 0.8232421875
INFO: 2021-10-09 17:55:15 printStatus(175) -- Drogno_4: ready		battery 3.62	pos 0.00 0.00 -0.00	yaw: 0.54	msg/s 0.0	link quality: 44	kalman var: 0.0 0.0 0.0	flight time: 0s	 batterySag: 0.8232421875
INFO: 2021-10-09 17:55:16 printStatus(175) -- Drogno_4: stand by		battery 4.02	pos 1.41 -2.25 -3.85	yaw: 60.16	msg/s 0.0	link quality: 37	kalman var: 0.004 0.003 0.015	flight time: 0s	 batterySag: 0.8232421875
INFO: 2021-10-09 17:55:18 printStatus(175) -- Drogno_4: stand by		battery 4.02	pos 1.41 -2.25 -3.85	yaw: 60.16	msg/s 0.0	link quality: 37	kalman var: 0.004 0.003 0.015	flight time: 0s	 batterySag: 0.8232421875
INFO: 2021-10-09 17:55:19 printStatus(175) -- Drogno_4: stand by		battery 4.02	pos 1.41 -2.25 -3.85	yaw: 60.16	msg/s 0.0	link quality: 37	kalman var: 0.004 0.003 0.015	flight time: 0s	 batterySag: 0.8232421875
INFO: 2021-10-09 17:55:21 printStatus(175) -- Drogno_4: stand by		battery 4.02	pos 1.41 -2.25 -3.85	yaw: 60.16	msg/s 0.0	link quality: 37	kalman var: 0.004 0.003 0.015	flight time: 0s	 batterySag: 0.8232421875
INFO: 2021-10-09 17:55:22 printStatus(175) -- Drogno_4: stand by		battery 4.02	pos 1.41 -2.25 -3.85	yaw: 60.16	msg/s 0.0	link quality: 37	kalman var: 0.004 0.003 0.015	flight time: 0s	 batterySag: 0.8232421875
INFO: 2021-10-09 17:55:24 printStatus(175) -- Drogno_4: stand by		battery 4.02	pos 1.41 -2.25 -3.85	yaw: 60.16	msg/s 0.0	link quality: 37	kalman var: 0.004 0.003 0.015	flight time: 0s	 batterySag: 0.8232421875
INFO: 2021-10-09 17:55:25 printStatus(175) -- Drogno_4: stand by		battery 4.02	pos 1.41 -2.25 -3.85	yaw: 60.16	msg/s 0.0	link quality: 37	kalman var: 0.004 0.003 0.015	flight time: 0s	 batterySag: 0.8232421875
INFO: 2021-10-09 17:55:27 printStatus(175) -- Drogno_4: stand by		battery 4.02	pos 1.41 -2.25 -3.85	yaw: 60.16	msg/s 0.0	link quality: 37	kalman var: 0.004 0.003 0.015	flight time: 0s	 batterySag: 0.8232421875
INFO: 2021-10-09 17:55:29 printStatus(175) -- Drogno_4: stand by		battery 4.02	pos 1.41 -2.25 -3.85	yaw: 60.16	msg/s 0.0	link quality: 37	kalman var: 0.004 0.003 0.015	flight time: 0s	 batterySag: 0.8232421875
INFO: 2021-10-09 17:55:30 printStatus(175) -- Drogno_4: stand by		battery 4.02	pos 1.41 -2.25 -3.85	yaw: 60.16	msg/s 0.0	link quality: 37	kalman var: 0.004 0.003 0.015	flight time: 0s	 batterySag: 0.8232421875
INFO: 2021-10-09 17:55:32 printStatus(175) -- Drogno_4: stand by		battery 4.02	pos 1.41 -2.25 -3.85	yaw: 60.16	msg/s 0.0	link quality: 37	kalman var: 0.004 0.003 0.015	flight time: 0s	 batterySag: 0.8232421875
INFO: 2021-10-09 17:55:33 printStatus(175) -- Drogno_4: stand by		battery 4.02	pos 1.41 -2.25 -3.85	yaw: 60.16	msg/s 0.0	link quality: 37	kalman var: 0.004 0.003 0.015	flight time: 0s	 batterySag: 0.8232421875
INFO: 2021-10-09 17:55:35 printStatus(175) -- Drogno_4: stand by		battery 4.02	pos 1.41 -2.25 -3.85	yaw: 60.16	msg/s 0.0	link quality: 37	kalman var: 0.004 0.003 0.015	flight time: 0s	 batterySag: 0.8232421875
INFO: 2021-10-09 17:55:36 printStatus(175) -- Drogno_4: stand by		battery 4.02	pos 1.41 -2.25 -3.85	yaw: 60.16	msg/s 0.0	link quality: 37	kalman var: 0.004 0.003 0.015	flight time: 0s	 batterySag: 0.8232421875
INFO: 2021-10-09 17:55:38 printStatus(175) -- Drogno_4: stand by		battery 4.02	pos 1.41 -2.25 -3.85	yaw: 60.16	msg/s 0.0	link quality: 37	kalman var: 0.004 0.003 0.015	flight time: 0s	 batterySag: 0.8232421875
INFO: 2021-10-09 17:55:39 printStatus(175) -- Drogno_4: stand by		battery 4.02	pos 1.41 -2.25 -3.85	yaw: 60.16	msg/s 0.0	link quality: 37	kalman var: 0.004 0.003 0.015	flight time: 0s	 batterySag: 0.8232421875
INFO: 2021-10-09 17:55:41 printStatus(175) -- Drogno_4: stand by		battery 4.02	pos 1.41 -2.25 -3.85	yaw: 60.16	msg/s 0.0	link quality: 37	kalman var: 0.004 0.003 0.015	flight time: 0s	 batterySag: 0.8232421875
INFO: 2021-10-09 17:55:42 printStatus(175) -- Drogno_4: stand by		battery 4.02	pos 1.41 -2.25 -3.85	yaw: 60.16	msg/s 0.0	link quality: 37	kalman var: 0.004 0.003 0.015	flight time: 0s	 batterySag: 0.8232421875
INFO: 2021-10-09 17:55:44 printStatus(175) -- Drogno_4: stand by		battery 4.02	pos 1.41 -2.25 -3.85	yaw: 60.16	msg/s 0.0	link quality: 37	kalman var: 0.004 0.003 0.015	flight time: 0s	 batterySag: 0.8232421875
INFO: 2021-10-09 17:55:45 printStatus(175) -- Drogno_4: stand by		battery 4.02	pos 1.41 -2.25 -3.85	yaw: 60.16	msg/s 0.0	link quality: 37	kalman var: 0.004 0.003 0.015	flight time: 0s	 batterySag: 0.8232421875
INFO: 2021-10-09 17:55:47 printStatus(175) -- Drogno_4: stand by		battery 4.02	pos 1.41 -2.25 -3.85	yaw: 60.16	msg/s 0.0	link quality: 37	kalman var: 0.004 0.003 0.015	flight time: 0s	 batterySag: 0.8232421875
INFO: 2021-10-09 17:55:49 printStatus(175) -- Drogno_4: stand by		battery 4.02	pos 1.41 -2.25 -3.85	yaw: 60.16	msg/s 0.0	link quality: 37	kalman var: 0.004 0.003 0.015	flight time: 0s	 batterySag: 0.8232421875
INFO: 2021-10-09 17:55:50 printStatus(175) -- Drogno_4: stand by		battery 4.02	pos 1.41 -2.25 -3.85	yaw: 60.16	msg/s 0.0	link quality: 37	kalman var: 0.004 0.003 0.015	flight time: 0s	 batterySag: 0.8232421875
INFO: 2021-10-09 17:55:52 printStatus(175) -- Drogno_4: stand by		battery 4.02	pos 1.41 -2.25 -3.85	yaw: 60.16	msg/s 0.0	link quality: 37	kalman var: 0.004 0.003 0.015	flight time: 0s	 batterySag: 0.8232421875
INFO: 2021-10-09 17:55:53 printStatus(175) -- Drogno_4: stand by		battery 4.02	pos 1.41 -2.25 -3.85	yaw: 60.16	msg/s 0.0	link quality: 37	kalman var: 0.004 0.003 0.015	flight time: 0s	 batterySag: 0.8232421875
INFO: 2021-10-09 17:55:55 printStatus(175) -- Drogno_4: stand by		battery 4.02	pos 1.41 -2.25 -3.85	yaw: 60.16	msg/s 0.0	link quality: 37	kalman var: 0.004 0.003 0.015	flight time: 0s	 batterySag: 0.8232421875
INFO: 2021-10-09 17:55:56 printStatus(175) -- Drogno_4: stand by		battery 4.02	pos 1.41 -2.25 -3.85	yaw: 60.16	msg/s 0.0	link quality: 37	kalman var: 0.004 0.003 0.015	flight time: 0s	 batterySag: 0.8232421875
INFO: 2021-10-09 17:55:58 printStatus(175) -- Drogno_4: stand by		battery 4.02	pos 1.41 -2.25 -3.85	yaw: 60.16	msg/s 0.0	link quality: 37	kalman var: 0.004 0.003 0.015	flight time: 0s	 batterySag: 0.8232421875
INFO: 2021-10-09 17:55:59 printStatus(175) -- Drogno_4: stand by		battery 4.02	pos 1.41 -2.25 -3.85	yaw: 60.16	msg/s 0.0	link quality: 37	kalman var: 0.004 0.003 0.015	flight time: 0s	 batterySag: 0.8232421875
INFO: 2021-10-09 17:56:01 printStatus(175) -- Drogno_4: stand by		battery 4.02	pos 1.41 -2.25 -3.85	yaw: 60.16	msg/s 0.0	link quality: 37	kalman var: 0.004 0.003 0.015	flight time: 0s	 batterySag: 0.8232421875
INFO: 2021-10-09 17:56:02 printStatus(175) -- Drogno_4: stand by		battery 4.02	pos 1.41 -2.25 -3.85	yaw: 60.16	msg/s 0.0	link quality: 37	kalman var: 0.004 0.003 0.015	flight time: 0s	 batterySag: 0.8232421875
INFO: 2021-10-09 17:56:04 printStatus(175) -- Drogno_4: stand by		battery 4.02	pos 1.41 -2.25 -3.85	yaw: 60.16	msg/s 0.0	link quality: 37	kalman var: 0.004 0.003 0.015	flight time: 0s	 batterySag: 0.8232421875
INFO: 2021-10-09 17:56:05 printStatus(175) -- Drogno_4: stand by		battery 4.02	pos 1.41 -2.25 -3.85	yaw: 60.16	msg/s 0.0	link quality: 37	kalman var: 0.004 0.003 0.015	flight time: 0s	 batterySag: 0.8232421875
INFO: 2021-10-09 17:56:07 printStatus(175) -- Drogno_4: stand by		battery 4.02	pos 1.41 -2.25 -3.85	yaw: 60.16	msg/s 0.0	link quality: 37	kalman var: 0.004 0.003 0.015	flight time: 0s	 batterySag: 0.8232421875
INFO: 2021-10-09 17:56:08 printStatus(175) -- Drogno_4: stand by		battery 4.02	pos 1.41 -2.25 -3.85	yaw: 60.16	msg/s 0.0	link quality: 37	kalman var: 0.004 0.003 0.015	flight time: 0s	 batterySag: 0.8232421875
INFO: 2021-10-09 17:56:10 printStatus(175) -- Drogno_4: stand by		battery 4.02	pos 1.41 -2.25 -3.85	yaw: 60.16	msg/s 0.0	link quality: 37	kalman var: 0.004 0.003 0.015	flight time: 0s	 batterySag: 0.8232421875
INFO: 2021-10-09 17:56:12 printStatus(175) -- Drogno_4: stand by		battery 4.02	pos 1.41 -2.25 -3.85	yaw: 60.16	msg/s 0.0	link quality: 37	kalman var: 0.004 0.003 0.015	flight time: 0s	 batterySag: 0.8232421875
INFO: 2021-10-09 17:56:13 printStatus(175) -- Drogno_4: stand by		battery 4.02	pos 1.41 -2.25 -3.85	yaw: 60.16	msg/s 0.0	link quality: 37	kalman var: 0.004 0.003 0.015	flight time: 0s	 batterySag: 0.8232421875
INFO: 2021-10-09 17:56:15 printStatus(175) -- Drogno_4: stand by		battery 4.02	pos 1.41 -2.25 -3.85	yaw: 60.16	msg/s 0.0	link quality: 37	kalman var: 0.004 0.003 0.015	flight time: 0s	 batterySag: 0.8232421875
INFO: 2021-10-09 17:56:16 printStatus(175) -- Drogno_4: stand by		battery 4.02	pos 1.41 -2.25 -3.85	yaw: 60.16	msg/s 0.0	link quality: 37	kalman var: 0.004 0.003 0.015	flight time: 0s	 batterySag: 0.8232421875
INFO: 2021-10-09 17:56:18 printStatus(175) -- Drogno_4: stand by		battery 4.02	pos 1.41 -2.25 -3.85	yaw: 60.16	msg/s 0.0	link quality: 37	kalman var: 0.004 0.003 0.015	flight time: 0s	 batterySag: 0.8232421875
INFO: 2021-10-09 17:56:19 printStatus(175) -- Drogno_4: stand by		battery 4.02	pos 1.41 -2.25 -3.85	yaw: 60.16	msg/s 0.0	link quality: 37	kalman var: 0.004 0.003 0.015	flight time: 0s	 batterySag: 0.8232421875
INFO: 2021-10-09 17:56:21 printStatus(175) -- Drogno_4: stand by		battery 4.02	pos 1.41 -2.25 -3.85	yaw: 60.16	msg/s 0.0	link quality: 37	kalman var: 0.004 0.003 0.015	flight time: 0s	 batterySag: 0.8232421875
INFO: 2021-10-09 17:56:22 printStatus(175) -- Drogno_4: stand by		battery 4.02	pos 1.41 -2.25 -3.85	yaw: 60.16	msg/s 0.0	link quality: 37	kalman var: 0.004 0.003 0.015	flight time: 0s	 batterySag: 0.8232421875
INFO: 2021-10-09 17:56:24 printStatus(175) -- Drogno_4: stand by		battery 4.02	pos 1.41 -2.25 -3.85	yaw: 60.16	msg/s 0.0	link quality: 37	kalman var: 0.004 0.003 0.015	flight time: 0s	 batterySag: 0.8232421875
INFO: 2021-10-09 17:56:25 printStatus(175) -- Drogno_4: stand by		battery 4.02	pos 1.41 -2.25 -3.85	yaw: 60.16	msg/s 0.0	link quality: 37	kalman var: 0.004 0.003 0.015	flight time: 0s	 batterySag: 0.8232421875
INFO: 2021-10-09 17:56:27 printStatus(175) -- Drogno_4: stand by		battery 4.02	pos 1.41 -2.25 -3.85	yaw: 60.16	msg/s 0.0	link quality: 37	kalman var: 0.004 0.003 0.015	flight time: 0s	 batterySag: 0.8232421875
INFO: 2021-10-09 17:56:28 printStatus(175) -- Drogno_4: stand by		battery 4.02	pos 1.41 -2.25 -3.85	yaw: 60.16	msg/s 0.0	link quality: 37	kalman var: 0.004 0.003 0.015	flight time: 0s	 batterySag: 0.8232421875
INFO: 2021-10-09 17:56:30 printStatus(175) -- Drogno_4: stand by		battery 4.02	pos 1.41 -2.25 -3.85	yaw: 60.16	msg/s 0.0	link quality: 37	kalman var: 0.004 0.003 0.015	flight time: 0s	 batterySag: 0.8232421875
INFO: 2021-10-09 17:56:31 printStatus(175) -- Drogno_4: stand by		battery 4.02	pos 1.41 -2.25 -3.85	yaw: 60.16	msg/s 0.0	link quality: 37	kalman var: 0.004 0.003 0.015	flight time: 0s	 batterySag: 0.8232421875
INFO: 2021-10-09 17:56:33 printStatus(175) -- Drogno_4: stand by		battery 4.02	pos 1.41 -2.25 -3.85	yaw: 60.16	msg/s 0.0	link quality: 37	kalman var: 0.004 0.003 0.015	flight time: 0s	 batterySag: 0.8232421875
INFO: 2021-10-09 17:56:35 printStatus(175) -- Drogno_4: stand by		battery 4.02	pos 1.41 -2.25 -3.85	yaw: 60.16	msg/s 0.0	link quality: 37	kalman var: 0.004 0.003 0.015	flight time: 0s	 batterySag: 0.8232421875
INFO: 2021-10-09 17:56:36 printStatus(175) -- Drogno_4: stand by		battery 4.02	pos 1.41 -2.25 -3.85	yaw: 60.16	msg/s 0.0	link quality: 37	kalman var: 0.004 0.003 0.015	flight time: 0s	 batterySag: 0.8232421875
INFO: 2021-10-09 17:56:38 printStatus(175) -- Drogno_4: stand by		battery 4.02	pos 1.41 -2.25 -3.85	yaw: 60.16	msg/s 0.0	link quality: 37	kalman var: 0.004 0.003 0.015	flight time: 0s	 batterySag: 0.8232421875
INFO: 2021-10-09 17:56:39 printStatus(175) -- Drogno_4: stand by		battery 4.02	pos 1.41 -2.25 -3.85	yaw: 60.16	msg/s 0.0	link quality: 37	kalman var: 0.004 0.003 0.015	flight time: 0s	 batterySag: 0.8232421875
INFO: 2021-10-09 17:56:41 printStatus(175) -- Drogno_4: stand by		battery 4.02	pos 1.41 -2.25 -3.85	yaw: 60.16	msg/s 0.0	link quality: 37	kalman var: 0.004 0.003 0.015	flight time: 0s	 batterySag: 0.8232421875
INFO: 2021-10-09 17:56:42 printStatus(175) -- Drogno_4: stand by		battery 4.02	pos 1.41 -2.25 -3.85	yaw: 60.16	msg/s 0.0	link quality: 37	kalman var: 0.004 0.003 0.015	flight time: 0s	 batterySag: 0.8232421875
INFO: 2021-10-09 17:56:44 printStatus(175) -- Drogno_4: waking up		battery 4.02	pos 1.41 -2.25 -3.85	yaw: 60.16	msg/s 0.0	link quality: 37	kalman var: 0.004 0.003 0.015	flight time: 0s	 batterySag: 0.8232421875
INFO: 2021-10-09 17:56:45 printStatus(175) -- Drogno_4: waking up		battery 4.02	pos 1.41 -2.25 -3.85	yaw: 60.16	msg/s 0.0	link quality: 37	kalman var: 0.004 0.003 0.015	flight time: 0s	 batterySag: 0.8232421875
INFO: 2021-10-09 17:56:47 printStatus(175) -- Drogno_4: connecting		battery 4.02	pos 1.41 -2.25 -3.85	yaw: 60.16	msg/s 0.0	link quality: 37	kalman var: 0.004 0.003 0.015	flight time: 0s	 batterySag: 0.8232421875
INFO: 2021-10-09 17:56:48 printStatus(175) -- Drogno_4: connecting		battery 4.02	pos 1.41 -2.25 -3.85	yaw: 60.16	msg/s 0.0	link quality: 37	kalman var: 0.004 0.003 0.015	flight time: 0s	 batterySag: 0.8232421875
INFO: 2021-10-09 17:56:50 printStatus(175) -- Drogno_4: landed		battery 4.02	pos 1.41 -2.25 -3.85	yaw: 60.16	msg/s 0.0	link quality: 37	kalman var: 0.004 0.003 0.015	flight time: 0s	 batterySag: 0.8232421875
INFO: 2021-10-09 17:56:51 printStatus(175) -- Drogno_4: landed		battery 4.02	pos 0.00 -0.00 0.00	yaw: 60.16	msg/s 0.0	link quality: 37	kalman var: 0.004 0.003 0.015	flight time: 0s	 batterySag: 0.8232421875
INFO: 2021-10-09 17:56:53 printStatus(175) -- Drogno_4: ready		battery 4.04	pos 0.00 0.00 0.00	yaw: 158.38	msg/s 0.0	link quality: 40	kalman var: 0.001 0.001 0.0	flight time: 0s	 batterySag: 0.796875
INFO: 2021-10-09 17:56:55 printStatus(175) -- Drogno_4: ready		battery 4.04	pos -0.07 0.46 0.02	yaw: 171.25	msg/s 0.0	link quality: 40	kalman var: 0.0 0.0 0.0	flight time: 0s	 batterySag: 0.796875
INFO: 2021-10-09 17:56:56 printStatus(175) -- Drogno_4: ready		battery 3.51	pos -0.07 0.46 0.02	yaw: 172.38	msg/s 0.0	link quality: 41	kalman var: 0.0 0.0 0.0	flight time: 0s	 batterySag: 0.796875
INFO: 2021-10-09 17:56:58 printStatus(175) -- Drogno_4: ready		battery 3.63	pos -0.09 0.45 0.10	yaw: 114.62	msg/s 0.0	link quality: 46	kalman var: 0.0 0.0 0.0	flight time: 0s	 batterySag: 0.796875
INFO: 2021-10-09 17:56:59 printStatus(175) -- Drogno_4: ready		battery 3.67	pos -0.06 0.46 0.85	yaw: -4.51	msg/s 0.0	link quality: 42	kalman var: 0.0 0.0 0.001	flight time: 2s	 batterySag: 0.796875
INFO: 2021-10-09 17:57:01 printStatus(175) -- Drogno_4: ready		battery 3.66	pos -0.05 0.44 0.85	yaw: -3.18	msg/s 0.0	link quality: 43	kalman var: 0.0 0.0 0.0	flight time: 3s	 batterySag: 0.796875
INFO: 2021-10-09 17:57:02 printStatus(175) -- Drogno_4: ready		battery 3.64	pos -0.06 0.46 0.85	yaw: -2.17	msg/s 0.0	link quality: 41	kalman var: 0.0 0.0 0.0	flight time: 5s	 batterySag: 0.796875
INFO: 2021-10-09 17:57:04 printStatus(175) -- Drogno_4: ready		battery 3.62	pos -0.06 0.45 0.82	yaw: -0.72	msg/s 0.0	link quality: 42	kalman var: 0.0 0.0 0.0	flight time: 6s	 batterySag: 0.796875
INFO: 2021-10-09 17:57:06 printStatus(175) -- Drogno_4: ready		battery 3.62	pos -0.07 0.45 0.82	yaw: -1.34	msg/s 0.0	link quality: 42	kalman var: 0.0 0.0 0.0	flight time: 8s	 batterySag: 0.796875
INFO: 2021-10-09 17:57:07 printStatus(175) -- Drogno_4: hovering		battery 3.61	pos -0.07 0.46 0.82	yaw: -1.08	msg/s 6.666666666666667	link quality: 42	kalman var: 0.0 0.0 0.0	flight time: 9s	 batterySag: 0.796875
INFO: 2021-10-09 17:57:09 printStatus(175) -- Drogno_4: hovering		battery 3.6	pos -0.06 0.46 1.01	yaw: -1.05	msg/s 36.0	link quality: 39	kalman var: 0.0 0.0 0.0	flight time: 11s	 batterySag: 0.796875
INFO: 2021-10-09 17:57:10 printStatus(175) -- Drogno_4: hovering		battery 3.75	pos -0.06 0.46 1.02	yaw: 2.63	msg/s 37.333333333333336	link quality: 37	kalman var: 0.0 0.0 0.0	flight time: 13s	 batterySag: 0.796875
INFO: 2021-10-09 17:57:12 printStatus(175) -- Drogno_4: stand by		battery 3.61	pos -0.34 1.41 -1.64	yaw: -96.75	msg/s 29.333333333333332	link quality: 44	kalman var: 0.002 0.003 0.005	flight time: 14s	 batterySag: 0.796875
INFO: 2021-10-09 17:57:13 printStatus(175) -- Drogno_4: stand by		battery 3.61	pos -0.34 1.41 -1.64	yaw: -96.75	msg/s 52.666666666666664	link quality: 44	kalman var: 0.002 0.003 0.005	flight time: 14s	 batterySag: 0.796875
INFO: 2021-10-09 17:57:15 printStatus(175) -- Drogno_4: stand by		battery 3.61	pos -0.34 1.41 -1.64	yaw: -96.75	msg/s 76.0	link quality: 44	kalman var: 0.002 0.003 0.005	flight time: 14s	 batterySag: 0.796875
INFO: 2021-10-09 17:57:16 printStatus(175) -- Drogno_4: stand by		battery 3.61	pos -0.34 1.41 -1.64	yaw: -96.75	msg/s 99.33333333333333	link quality: 44	kalman var: 0.002 0.003 0.005	flight time: 14s	 batterySag: 0.796875
INFO: 2021-10-09 17:57:18 printStatus(175) -- Drogno_4: stand by		battery 3.61	pos -0.34 1.41 -1.64	yaw: -96.75	msg/s 123.33333333333333	link quality: 44	kalman var: 0.002 0.003 0.005	flight time: 14s	 batterySag: 0.796875
INFO: 2021-10-09 17:57:19 printStatus(175) -- Drogno_4: stand by		battery 3.61	pos -0.34 1.41 -1.64	yaw: -96.75	msg/s 147.33333333333334	link quality: 44	kalman var: 0.002 0.003 0.005	flight time: 14s	 batterySag: 0.796875
INFO: 2021-10-09 17:57:21 printStatus(175) -- Drogno_4: stand by		battery 3.61	pos -0.34 1.41 -1.64	yaw: -96.75	msg/s 170.66666666666666	link quality: 44	kalman var: 0.002 0.003 0.005	flight time: 14s	 batterySag: 0.796875
INFO: 2021-10-09 17:57:23 printStatus(175) -- Drogno_4: stand by		battery 3.61	pos -0.34 1.41 -1.64	yaw: -96.75	msg/s 194.66666666666666	link quality: 44	kalman var: 0.002 0.003 0.005	flight time: 14s	 batterySag: 0.796875
INFO: 2021-10-09 17:57:24 printStatus(175) -- Drogno_4: stand by		battery 3.61	pos -0.34 1.41 -1.64	yaw: -96.75	msg/s 218.0	link quality: 44	kalman var: 0.002 0.003 0.005	flight time: 14s	 batterySag: 0.796875
INFO: 2021-10-09 17:57:26 printStatus(175) -- Drogno_4: stand by		battery 3.61	pos -0.34 1.41 -1.64	yaw: -96.75	msg/s 241.33333333333334	link quality: 44	kalman var: 0.002 0.003 0.005	flight time: 14s	 batterySag: 0.796875
INFO: 2021-10-09 17:57:27 printStatus(175) -- Drogno_4: stand by		battery 3.61	pos -0.34 1.41 -1.64	yaw: -96.75	msg/s 264.6666666666667	link quality: 44	kalman var: 0.002 0.003 0.005	flight time: 14s	 batterySag: 0.796875
INFO: 2021-10-09 17:57:29 printStatus(175) -- Drogno_4: stand by		battery 3.61	pos -0.34 1.41 -1.64	yaw: -96.75	msg/s 287.3333333333333	link quality: 44	kalman var: 0.002 0.003 0.005	flight time: 14s	 batterySag: 0.796875
INFO: 2021-10-09 17:57:30 printStatus(175) -- Drogno_4: stand by		battery 3.61	pos -0.34 1.41 -1.64	yaw: -96.75	msg/s 310.6666666666667	link quality: 44	kalman var: 0.002 0.003 0.005	flight time: 14s	 batterySag: 0.796875
INFO: 2021-10-09 17:57:32 printStatus(175) -- Drogno_4: stand by		battery 3.61	pos -0.34 1.41 -1.64	yaw: -96.75	msg/s 334.0	link quality: 44	kalman var: 0.002 0.003 0.005	flight time: 14s	 batterySag: 0.796875
INFO: 2021-10-09 17:57:33 printStatus(175) -- Drogno_4: stand by		battery 3.61	pos -0.34 1.41 -1.64	yaw: -96.75	msg/s 357.3333333333333	link quality: 44	kalman var: 0.002 0.003 0.005	flight time: 14s	 batterySag: 0.796875
INFO: 2021-10-09 17:57:35 printStatus(175) -- Drogno_4: stand by		battery 3.61	pos -0.34 1.41 -1.64	yaw: -96.75	msg/s 381.3333333333333	link quality: 44	kalman var: 0.002 0.003 0.005	flight time: 14s	 batterySag: 0.796875
INFO: 2021-10-09 17:57:36 printStatus(175) -- Drogno_4: stand by		battery 3.61	pos -0.34 1.41 -1.64	yaw: -96.75	msg/s 405.3333333333333	link quality: 44	kalman var: 0.002 0.003 0.005	flight time: 14s	 batterySag: 0.796875
INFO: 2021-10-09 17:57:38 printStatus(175) -- Drogno_4: stand by		battery 3.61	pos -0.34 1.41 -1.64	yaw: -96.75	msg/s 428.0	link quality: 44	kalman var: 0.002 0.003 0.005	flight time: 14s	 batterySag: 0.796875
INFO: 2021-10-09 17:57:39 printStatus(175) -- Drogno_4: stand by		battery 3.61	pos -0.34 1.41 -1.64	yaw: -96.75	msg/s 451.3333333333333	link quality: 44	kalman var: 0.002 0.003 0.005	flight time: 14s	 batterySag: 0.796875
INFO: 2021-10-09 17:57:41 printStatus(175) -- Drogno_4: stand by		battery 3.61	pos -0.34 1.41 -1.64	yaw: -96.75	msg/s 474.6666666666667	link quality: 44	kalman var: 0.002 0.003 0.005	flight time: 14s	 batterySag: 0.796875
INFO: 2021-10-09 17:57:42 printStatus(175) -- Drogno_4: stand by		battery 3.61	pos -0.34 1.41 -1.64	yaw: -96.75	msg/s 498.0	link quality: 44	kalman var: 0.002 0.003 0.005	flight time: 14s	 batterySag: 0.796875
INFO: 2021-10-09 17:57:44 printStatus(175) -- Drogno_4: stand by		battery 3.61	pos -0.34 1.41 -1.64	yaw: -96.75	msg/s 521.3333333333334	link quality: 44	kalman var: 0.002 0.003 0.005	flight time: 14s	 batterySag: 0.796875
INFO: 2021-10-09 17:57:46 printStatus(175) -- Drogno_4: stand by		battery 3.61	pos -0.34 1.41 -1.64	yaw: -96.75	msg/s 544.6666666666666	link quality: 44	kalman var: 0.002 0.003 0.005	flight time: 14s	 batterySag: 0.796875
INFO: 2021-10-09 17:57:47 printStatus(175) -- Drogno_4: stand by		battery 3.61	pos -0.34 1.41 -1.64	yaw: -96.75	msg/s 568.6666666666666	link quality: 44	kalman var: 0.002 0.003 0.005	flight time: 14s	 batterySag: 0.796875
INFO: 2021-10-09 17:57:49 printStatus(175) -- Drogno_4: stand by		battery 3.61	pos -0.34 1.41 -1.64	yaw: -96.75	msg/s 592.6666666666666	link quality: 44	kalman var: 0.002 0.003 0.005	flight time: 14s	 batterySag: 0.796875
INFO: 2021-10-09 17:57:50 printStatus(175) -- Drogno_4: stand by		battery 3.61	pos -0.34 1.41 -1.64	yaw: -96.75	msg/s 616.0	link quality: 44	kalman var: 0.002 0.003 0.005	flight time: 14s	 batterySag: 0.796875
INFO: 2021-10-09 17:57:52 printStatus(175) -- Drogno_4: stand by		battery 3.61	pos -0.34 1.41 -1.64	yaw: -96.75	msg/s 640.0	link quality: 44	kalman var: 0.002 0.003 0.005	flight time: 14s	 batterySag: 0.796875
INFO: 2021-10-09 17:57:53 printStatus(175) -- Drogno_4: stand by		battery 3.61	pos -0.34 1.41 -1.64	yaw: -96.75	msg/s 663.3333333333334	link quality: 44	kalman var: 0.002 0.003 0.005	flight time: 14s	 batterySag: 0.796875
INFO: 2021-10-09 17:57:55 printStatus(175) -- Drogno_4: stand by		battery 3.61	pos -0.34 1.41 -1.64	yaw: -96.75	msg/s 686.6666666666666	link quality: 44	kalman var: 0.002 0.003 0.005	flight time: 14s	 batterySag: 0.796875
INFO: 2021-10-09 17:57:56 printStatus(175) -- Drogno_4: stand by		battery 3.61	pos -0.34 1.41 -1.64	yaw: -96.75	msg/s 711.3333333333334	link quality: 44	kalman var: 0.002 0.003 0.005	flight time: 14s	 batterySag: 0.796875
INFO: 2021-10-09 17:57:58 printStatus(175) -- Drogno_4: stand by		battery 3.61	pos -0.34 1.41 -1.64	yaw: -96.75	msg/s 734.0	link quality: 44	kalman var: 0.002 0.003 0.005	flight time: 14s	 batterySag: 0.796875
INFO: 2021-10-09 17:57:59 printStatus(175) -- Drogno_4: stand by		battery 3.61	pos -0.34 1.41 -1.64	yaw: -96.75	msg/s 757.3333333333334	link quality: 44	kalman var: 0.002 0.003 0.005	flight time: 14s	 batterySag: 0.796875
INFO: 2021-10-09 17:58:01 printStatus(175) -- Drogno_4: stand by		battery 3.61	pos -0.34 1.41 -1.64	yaw: -96.75	msg/s 781.3333333333334	link quality: 44	kalman var: 0.002 0.003 0.005	flight time: 14s	 batterySag: 0.796875
INFO: 2021-10-09 17:58:02 printStatus(175) -- Drogno_4: stand by		battery 3.61	pos -0.34 1.41 -1.64	yaw: -96.75	msg/s 804.0	link quality: 44	kalman var: 0.002 0.003 0.005	flight time: 14s	 batterySag: 0.796875
INFO: 2021-10-09 17:58:04 printStatus(175) -- Drogno_4: stand by		battery 3.61	pos -0.34 1.41 -1.64	yaw: -96.75	msg/s 827.3333333333334	link quality: 44	kalman var: 0.002 0.003 0.005	flight time: 14s	 batterySag: 0.796875
INFO: 2021-10-09 17:58:06 printStatus(175) -- Drogno_4: stand by		battery 3.61	pos -0.34 1.41 -1.64	yaw: -96.75	msg/s 850.0	link quality: 44	kalman var: 0.002 0.003 0.005	flight time: 14s	 batterySag: 0.796875
INFO: 2021-10-09 17:58:07 printStatus(175) -- Drogno_4: stand by		battery 3.61	pos -0.34 1.41 -1.64	yaw: -96.75	msg/s 874.0	link quality: 44	kalman var: 0.002 0.003 0.005	flight time: 14s	 batterySag: 0.796875
INFO: 2021-10-09 17:58:09 printStatus(175) -- Drogno_4: stand by		battery 3.61	pos -0.34 1.41 -1.64	yaw: -96.75	msg/s 897.3333333333334	link quality: 44	kalman var: 0.002 0.003 0.005	flight time: 14s	 batterySag: 0.796875
INFO: 2021-10-09 17:58:10 printStatus(175) -- Drogno_4: stand by		battery 3.61	pos -0.34 1.41 -1.64	yaw: -96.75	msg/s 921.3333333333334	link quality: 44	kalman var: 0.002 0.003 0.005	flight time: 14s	 batterySag: 0.796875
INFO: 2021-10-09 17:58:12 printStatus(175) -- Drogno_4: stand by		battery 3.61	pos -0.34 1.41 -1.64	yaw: -96.75	msg/s 944.6666666666666	link quality: 44	kalman var: 0.002 0.003 0.005	flight time: 14s	 batterySag: 0.796875
INFO: 2021-10-09 17:58:13 printStatus(175) -- Drogno_4: stand by		battery 3.61	pos -0.34 1.41 -1.64	yaw: -96.75	msg/s 968.6666666666666	link quality: 44	kalman var: 0.002 0.003 0.005	flight time: 14s	 batterySag: 0.796875
INFO: 2021-10-09 17:58:15 printStatus(175) -- Drogno_4: stand by		battery 3.61	pos -0.34 1.41 -1.64	yaw: -96.75	msg/s 992.6666666666666	link quality: 44	kalman var: 0.002 0.003 0.005	flight time: 14s	 batterySag: 0.796875
INFO: 2021-10-09 17:58:16 printStatus(175) -- Drogno_4: stand by		battery 3.61	pos -0.34 1.41 -1.64	yaw: -96.75	msg/s 1016.6666666666666	link quality: 44	kalman var: 0.002 0.003 0.005	flight time: 14s	 batterySag: 0.796875
INFO: 2021-10-09 17:58:18 printStatus(175) -- Drogno_4: stand by		battery 3.61	pos -0.34 1.41 -1.64	yaw: -96.75	msg/s 1040.6666666666667	link quality: 44	kalman var: 0.002 0.003 0.005	flight time: 14s	 batterySag: 0.796875
INFO: 2021-10-09 17:58:19 printStatus(175) -- Drogno_4: stand by		battery 3.61	pos -0.34 1.41 -1.64	yaw: -96.75	msg/s 1064.0	link quality: 44	kalman var: 0.002 0.003 0.005	flight time: 14s	 batterySag: 0.796875
INFO: 2021-10-09 17:58:21 printStatus(175) -- Drogno_4: stand by		battery 3.61	pos -0.34 1.41 -1.64	yaw: -96.75	msg/s 1086.6666666666667	link quality: 44	kalman var: 0.002 0.003 0.005	flight time: 14s	 batterySag: 0.796875
INFO: 2021-10-09 17:58:22 printStatus(175) -- Drogno_4: stand by		battery 3.61	pos -0.34 1.41 -1.64	yaw: -96.75	msg/s 1110.0	link quality: 44	kalman var: 0.002 0.003 0.005	flight time: 14s	 batterySag: 0.796875
INFO: 2021-10-09 17:58:24 printStatus(175) -- Drogno_4: stand by		battery 3.61	pos -0.34 1.41 -1.64	yaw: -96.75	msg/s 1134.0	link quality: 44	kalman var: 0.002 0.003 0.005	flight time: 14s	 batterySag: 0.796875
INFO: 2021-10-09 17:58:25 printStatus(175) -- Drogno_4: stand by		battery 3.61	pos -0.34 1.41 -1.64	yaw: -96.75	msg/s 1157.3333333333333	link quality: 44	kalman var: 0.002 0.003 0.005	flight time: 14s	 batterySag: 0.796875
INFO: 2021-10-09 17:58:27 printStatus(175) -- Drogno_4: stand by		battery 3.61	pos -0.34 1.41 -1.64	yaw: -96.75	msg/s 1181.3333333333333	link quality: 44	kalman var: 0.002 0.003 0.005	flight time: 14s	 batterySag: 0.796875
INFO: 2021-10-09 17:58:29 printStatus(175) -- Drogno_4: stand by		battery 3.61	pos -0.34 1.41 -1.64	yaw: -96.75	msg/s 1205.3333333333333	link quality: 44	kalman var: 0.002 0.003 0.005	flight time: 14s	 batterySag: 0.796875
INFO: 2021-10-09 17:58:30 printStatus(175) -- Drogno_4: stand by		battery 3.61	pos -0.34 1.41 -1.64	yaw: -96.75	msg/s 1228.0	link quality: 44	kalman var: 0.002 0.003 0.005	flight time: 14s	 batterySag: 0.796875
INFO: 2021-10-09 17:58:32 printStatus(175) -- Drogno_4: stand by		battery 3.61	pos -0.34 1.41 -1.64	yaw: -96.75	msg/s 1252.0	link quality: 44	kalman var: 0.002 0.003 0.005	flight time: 14s	 batterySag: 0.796875
INFO: 2021-10-09 17:58:33 printStatus(175) -- Drogno_4: stand by		battery 3.61	pos -0.34 1.41 -1.64	yaw: -96.75	msg/s 1276.0	link quality: 44	kalman var: 0.002 0.003 0.005	flight time: 14s	 batterySag: 0.796875
INFO: 2021-10-09 17:58:35 printStatus(175) -- Drogno_4: stand by		battery 3.61	pos -0.34 1.41 -1.64	yaw: -96.75	msg/s 1300.0	link quality: 44	kalman var: 0.002 0.003 0.005	flight time: 14s	 batterySag: 0.796875
INFO: 2021-10-09 17:58:36 printStatus(175) -- Drogno_4: stand by		battery 3.61	pos -0.34 1.41 -1.64	yaw: -96.75	msg/s 1323.3333333333333	link quality: 44	kalman var: 0.002 0.003 0.005	flight time: 14s	 batterySag: 0.796875
INFO: 2021-10-09 17:58:38 printStatus(175) -- Drogno_4: stand by		battery 3.61	pos -0.34 1.41 -1.64	yaw: -96.75	msg/s 1347.3333333333333	link quality: 44	kalman var: 0.002 0.003 0.005	flight time: 14s	 batterySag: 0.796875
INFO: 2021-10-09 17:58:39 printStatus(175) -- Drogno_4: stand by		battery 3.61	pos -0.34 1.41 -1.64	yaw: -96.75	msg/s 1371.3333333333333	link quality: 44	kalman var: 0.002 0.003 0.005	flight time: 14s	 batterySag: 0.796875
INFO: 2021-10-09 17:58:41 printStatus(175) -- Drogno_4: stand by		battery 3.61	pos -0.34 1.41 -1.64	yaw: -96.75	msg/s 1395.3333333333333	link quality: 44	kalman var: 0.002 0.003 0.005	flight time: 14s	 batterySag: 0.796875
INFO: 2021-10-09 17:58:42 printStatus(175) -- Drogno_4: stand by		battery 3.61	pos -0.34 1.41 -1.64	yaw: -96.75	msg/s 1419.3333333333333	link quality: 44	kalman var: 0.002 0.003 0.005	flight time: 14s	 batterySag: 0.796875
INFO: 2021-10-09 17:58:44 printStatus(175) -- Drogno_4: stand by		battery 3.61	pos -0.34 1.41 -1.64	yaw: -96.75	msg/s 1443.3333333333333	link quality: 44	kalman var: 0.002 0.003 0.005	flight time: 14s	 batterySag: 0.796875
INFO: 2021-10-09 17:58:45 printStatus(175) -- Drogno_4: stand by		battery 3.61	pos -0.34 1.41 -1.64	yaw: -96.75	msg/s 1467.3333333333333	link quality: 44	kalman var: 0.002 0.003 0.005	flight time: 14s	 batterySag: 0.796875
INFO: 2021-10-09 17:58:47 printStatus(175) -- Drogno_4: stand by		battery 3.61	pos -0.34 1.41 -1.64	yaw: -96.75	msg/s 1491.3333333333333	link quality: 44	kalman var: 0.002 0.003 0.005	flight time: 14s	 batterySag: 0.796875
INFO: 2021-10-09 17:58:49 printStatus(175) -- Drogno_4: stand by		battery 3.61	pos -0.34 1.41 -1.64	yaw: -96.75	msg/s 1514.6666666666667	link quality: 44	kalman var: 0.002 0.003 0.005	flight time: 14s	 batterySag: 0.796875
INFO: 2021-10-09 17:58:50 printStatus(175) -- Drogno_4: stand by		battery 3.61	pos -0.34 1.41 -1.64	yaw: -96.75	msg/s 1538.6666666666667	link quality: 44	kalman var: 0.002 0.003 0.005	flight time: 14s	 batterySag: 0.796875
INFO: 2021-10-09 17:58:52 printStatus(175) -- Drogno_4: stand by		battery 3.61	pos -0.34 1.41 -1.64	yaw: -96.75	msg/s 1562.6666666666667	link quality: 44	kalman var: 0.002 0.003 0.005	flight time: 14s	 batterySag: 0.796875
INFO: 2021-10-09 17:58:53 printStatus(175) -- Drogno_4: stand by		battery 3.61	pos -0.34 1.41 -1.64	yaw: -96.75	msg/s 1586.6666666666667	link quality: 44	kalman var: 0.002 0.003 0.005	flight time: 14s	 batterySag: 0.796875
INFO: 2021-10-09 17:58:55 printStatus(175) -- Drogno_4: stand by		battery 3.61	pos -0.34 1.41 -1.64	yaw: -96.75	msg/s 1610.0	link quality: 44	kalman var: 0.002 0.003 0.005	flight time: 14s	 batterySag: 0.796875
INFO: 2021-10-09 17:58:56 printStatus(175) -- Drogno_4: stand by		battery 3.61	pos -0.34 1.41 -1.64	yaw: -96.75	msg/s 1633.3333333333333	link quality: 44	kalman var: 0.002 0.003 0.005	flight time: 14s	 batterySag: 0.796875
INFO: 2021-10-09 17:58:58 printStatus(175) -- Drogno_4: stand by		battery 3.61	pos -0.34 1.41 -1.64	yaw: -96.75	msg/s 1657.3333333333333	link quality: 44	kalman var: 0.002 0.003 0.005	flight time: 14s	 batterySag: 0.796875
INFO: 2021-10-09 17:58:59 printStatus(175) -- Drogno_4: stand by		battery 3.61	pos -0.34 1.41 -1.64	yaw: -96.75	msg/s 1680.6666666666667	link quality: 44	kalman var: 0.002 0.003 0.005	flight time: 14s	 batterySag: 0.796875
INFO: 2021-10-09 17:59:01 printStatus(175) -- Drogno_4: stand by		battery 3.61	pos -0.34 1.41 -1.64	yaw: -96.75	msg/s 1704.6666666666667	link quality: 44	kalman var: 0.002 0.003 0.005	flight time: 14s	 batterySag: 0.796875
INFO: 2021-10-09 17:59:02 printStatus(175) -- Drogno_4: stand by		battery 3.61	pos -0.34 1.41 -1.64	yaw: -96.75	msg/s 1729.3333333333333	link quality: 44	kalman var: 0.002 0.003 0.005	flight time: 14s	 batterySag: 0.796875
INFO: 2021-10-09 17:59:04 printStatus(175) -- Drogno_4: stand by		battery 3.61	pos -0.34 1.41 -1.64	yaw: -96.75	msg/s 1752.6666666666667	link quality: 44	kalman var: 0.002 0.003 0.005	flight time: 14s	 batterySag: 0.796875
INFO: 2021-10-09 17:59:05 printStatus(175) -- Drogno_4: stand by		battery 3.61	pos -0.34 1.41 -1.64	yaw: -96.75	msg/s 1775.3333333333333	link quality: 44	kalman var: 0.002 0.003 0.005	flight time: 14s	 batterySag: 0.796875
INFO: 2021-10-09 17:59:07 printStatus(175) -- Drogno_4: stand by		battery 3.61	pos -0.34 1.41 -1.64	yaw: -96.75	msg/s 1799.3333333333333	link quality: 44	kalman var: 0.002 0.003 0.005	flight time: 14s	 batterySag: 0.796875
INFO: 2021-10-09 17:59:09 printStatus(175) -- Drogno_4: stand by		battery 3.61	pos -0.34 1.41 -1.64	yaw: -96.75	msg/s 1823.3333333333333	link quality: 44	kalman var: 0.002 0.003 0.005	flight time: 14s	 batterySag: 0.796875
INFO: 2021-10-09 17:59:10 printStatus(175) -- Drogno_4: stand by		battery 3.61	pos -0.34 1.41 -1.64	yaw: -96.75	msg/s 1846.6666666666667	link quality: 44	kalman var: 0.002 0.003 0.005	flight time: 14s	 batterySag: 0.796875
INFO: 2021-10-09 17:59:12 printStatus(175) -- Drogno_4: stand by		battery 3.61	pos -0.34 1.41 -1.64	yaw: -96.75	msg/s 1870.6666666666667	link quality: 44	kalman var: 0.002 0.003 0.005	flight time: 14s	 batterySag: 0.796875
INFO: 2021-10-09 17:59:13 printStatus(175) -- Drogno_4: stand by		battery 3.61	pos -0.34 1.41 -1.64	yaw: -96.75	msg/s 1894.0	link quality: 44	kalman var: 0.002 0.003 0.005	flight time: 14s	 batterySag: 0.796875
INFO: 2021-10-09 17:59:15 printStatus(175) -- Drogno_4: stand by		battery 3.61	pos -0.34 1.41 -1.64	yaw: -96.75	msg/s 1916.6666666666667	link quality: 44	kalman var: 0.002 0.003 0.005	flight time: 14s	 batterySag: 0.796875
INFO: 2021-10-09 17:59:16 printStatus(175) -- Drogno_4: stand by		battery 3.61	pos -0.34 1.41 -1.64	yaw: -96.75	msg/s 1940.0	link quality: 44	kalman var: 0.002 0.003 0.005	flight time: 14s	 batterySag: 0.796875
INFO: 2021-10-09 17:59:18 printStatus(175) -- Drogno_4: stand by		battery 3.61	pos -0.34 1.41 -1.64	yaw: -96.75	msg/s 1963.3333333333333	link quality: 44	kalman var: 0.002 0.003 0.005	flight time: 14s	 batterySag: 0.796875
INFO: 2021-10-09 17:59:19 printStatus(175) -- Drogno_4: stand by		battery 3.61	pos -0.34 1.41 -1.64	yaw: -96.75	msg/s 1987.3333333333333	link quality: 44	kalman var: 0.002 0.003 0.005	flight time: 14s	 batterySag: 0.796875
INFO: 2021-10-09 17:59:21 printStatus(175) -- Drogno_4: stand by		battery 3.61	pos -0.34 1.41 -1.64	yaw: -96.75	msg/s 2011.3333333333333	link quality: 44	kalman var: 0.002 0.003 0.005	flight time: 14s	 batterySag: 0.796875
INFO: 2021-10-09 17:59:22 printStatus(175) -- Drogno_4: stand by		battery 3.61	pos -0.34 1.41 -1.64	yaw: -96.75	msg/s 2034.6666666666667	link quality: 44	kalman var: 0.002 0.003 0.005	flight time: 14s	 batterySag: 0.796875
INFO: 2021-10-09 17:59:24 printStatus(175) -- Drogno_4: stand by		battery 3.61	pos -0.34 1.41 -1.64	yaw: -96.75	msg/s 2058.0	link quality: 44	kalman var: 0.002 0.003 0.005	flight time: 14s	 batterySag: 0.796875
INFO: 2021-10-09 17:59:25 printStatus(175) -- Drogno_4: stand by		battery 3.61	pos -0.34 1.41 -1.64	yaw: -96.75	msg/s 2080.6666666666665	link quality: 44	kalman var: 0.002 0.003 0.005	flight time: 14s	 batterySag: 0.796875
INFO: 2021-10-09 17:59:27 printStatus(175) -- Drogno_4: stand by		battery 3.61	pos -0.34 1.41 -1.64	yaw: -96.75	msg/s 2104.6666666666665	link quality: 44	kalman var: 0.002 0.003 0.005	flight time: 14s	 batterySag: 0.796875
INFO: 2021-10-09 17:59:28 printStatus(175) -- Drogno_4: stand by		battery 3.61	pos -0.34 1.41 -1.64	yaw: -96.75	msg/s 2128.0	link quality: 44	kalman var: 0.002 0.003 0.005	flight time: 14s	 batterySag: 0.796875
INFO: 2021-10-09 17:59:30 printStatus(175) -- Drogno_4: stand by		battery 3.61	pos -0.34 1.41 -1.64	yaw: -96.75	msg/s 2152.0	link quality: 44	kalman var: 0.002 0.003 0.005	flight time: 14s	 batterySag: 0.796875
INFO: 2021-10-09 17:59:32 printStatus(175) -- Drogno_4: stand by		battery 3.61	pos -0.34 1.41 -1.64	yaw: -96.75	msg/s 2175.3333333333335	link quality: 44	kalman var: 0.002 0.003 0.005	flight time: 14s	 batterySag: 0.796875
INFO: 2021-10-09 17:59:33 printStatus(175) -- Drogno_4: stand by		battery 3.61	pos -0.34 1.41 -1.64	yaw: -96.75	msg/s 2199.3333333333335	link quality: 44	kalman var: 0.002 0.003 0.005	flight time: 14s	 batterySag: 0.796875
INFO: 2021-10-09 17:59:35 printStatus(175) -- Drogno_4: stand by		battery 3.61	pos -0.34 1.41 -1.64	yaw: -96.75	msg/s 2223.3333333333335	link quality: 44	kalman var: 0.002 0.003 0.005	flight time: 14s	 batterySag: 0.796875
INFO: 2021-10-09 17:59:36 printStatus(175) -- Drogno_4: stand by		battery 3.61	pos -0.34 1.41 -1.64	yaw: -96.75	msg/s 2247.3333333333335	link quality: 44	kalman var: 0.002 0.003 0.005	flight time: 14s	 batterySag: 0.796875
INFO: 2021-10-09 17:59:38 printStatus(175) -- Drogno_4: stand by		battery 3.61	pos -0.34 1.41 -1.64	yaw: -96.75	msg/s 2270.6666666666665	link quality: 44	kalman var: 0.002 0.003 0.005	flight time: 14s	 batterySag: 0.796875
INFO: 2021-10-09 17:59:39 printStatus(175) -- Drogno_4: stand by		battery 3.61	pos -0.34 1.41 -1.64	yaw: -96.75	msg/s 2293.3333333333335	link quality: 44	kalman var: 0.002 0.003 0.005	flight time: 14s	 batterySag: 0.796875
INFO: 2021-10-09 17:59:41 printStatus(175) -- Drogno_4: stand by		battery 3.61	pos -0.34 1.41 -1.64	yaw: -96.75	msg/s 2316.6666666666665	link quality: 44	kalman var: 0.002 0.003 0.005	flight time: 14s	 batterySag: 0.796875
INFO: 2021-10-09 17:59:42 printStatus(175) -- Drogno_4: stand by		battery 3.61	pos -0.34 1.41 -1.64	yaw: -96.75	msg/s 2341.3333333333335	link quality: 44	kalman var: 0.002 0.003 0.005	flight time: 14s	 batterySag: 0.796875
INFO: 2021-10-09 17:59:44 printStatus(175) -- Drogno_4: stand by		battery 3.61	pos -0.34 1.41 -1.64	yaw: -96.75	msg/s 2364.6666666666665	link quality: 44	kalman var: 0.002 0.003 0.005	flight time: 14s	 batterySag: 0.796875
INFO: 2021-10-09 17:59:45 printStatus(175) -- Drogno_4: stand by		battery 3.61	pos -0.34 1.41 -1.64	yaw: -96.75	msg/s 2388.0	link quality: 44	kalman var: 0.002 0.003 0.005	flight time: 14s	 batterySag: 0.796875
INFO: 2021-10-09 17:59:47 printStatus(175) -- Drogno_4: stand by		battery 3.61	pos -0.34 1.41 -1.64	yaw: -96.75	msg/s 2412.0	link quality: 44	kalman var: 0.002 0.003 0.005	flight time: 14s	 batterySag: 0.796875
INFO: 2021-10-09 17:59:48 printStatus(175) -- Drogno_4: stand by		battery 3.61	pos -0.34 1.41 -1.64	yaw: -96.75	msg/s 2434.6666666666665	link quality: 44	kalman var: 0.002 0.003 0.005	flight time: 14s	 batterySag: 0.796875
INFO: 2021-10-09 17:59:50 printStatus(175) -- Drogno_4: stand by		battery 3.61	pos -0.34 1.41 -1.64	yaw: -96.75	msg/s 2458.6666666666665	link quality: 44	kalman var: 0.002 0.003 0.005	flight time: 14s	 batterySag: 0.796875
INFO: 2021-10-09 17:59:51 printStatus(175) -- Drogno_4: stand by		battery 3.61	pos -0.34 1.41 -1.64	yaw: -96.75	msg/s 2481.3333333333335	link quality: 44	kalman var: 0.002 0.003 0.005	flight time: 14s	 batterySag: 0.796875
INFO: 2021-10-09 17:59:53 printStatus(175) -- Drogno_4: stand by		battery 3.61	pos -0.34 1.41 -1.64	yaw: -96.75	msg/s 2504.6666666666665	link quality: 44	kalman var: 0.002 0.003 0.005	flight time: 14s	 batterySag: 0.796875
INFO: 2021-10-09 17:59:55 printStatus(175) -- Drogno_4: stand by		battery 3.61	pos -0.34 1.41 -1.64	yaw: -96.75	msg/s 2528.6666666666665	link quality: 44	kalman var: 0.002 0.003 0.005	flight time: 14s	 batterySag: 0.796875
INFO: 2021-10-09 17:59:56 printStatus(175) -- Drogno_4: stand by		battery 3.61	pos -0.34 1.41 -1.64	yaw: -96.75	msg/s 2552.0	link quality: 44	kalman var: 0.002 0.003 0.005	flight time: 14s	 batterySag: 0.796875
INFO: 2021-10-09 17:59:58 printStatus(175) -- Drogno_4: stand by		battery 3.61	pos -0.34 1.41 -1.64	yaw: -96.75	msg/s 2575.3333333333335	link quality: 44	kalman var: 0.002 0.003 0.005	flight time: 14s	 batterySag: 0.796875
INFO: 2021-10-09 17:59:59 printStatus(175) -- Drogno_4: stand by		battery 3.61	pos -0.34 1.41 -1.64	yaw: -96.75	msg/s 2599.3333333333335	link quality: 44	kalman var: 0.002 0.003 0.005	flight time: 14s	 batterySag: 0.796875
INFO: 2021-10-09 18:00:01 printStatus(175) -- Drogno_4: stand by		battery 3.61	pos -0.34 1.41 -1.64	yaw: -96.75	msg/s 2623.3333333333335	link quality: 44	kalman var: 0.002 0.003 0.005	flight time: 14s	 batterySag: 0.796875
INFO: 2021-10-09 18:00:02 printStatus(175) -- Drogno_4: stand by		battery 3.61	pos -0.34 1.41 -1.64	yaw: -96.75	msg/s 2647.3333333333335	link quality: 44	kalman var: 0.002 0.003 0.005	flight time: 14s	 batterySag: 0.796875
INFO: 2021-10-09 18:00:04 printStatus(175) -- Drogno_4: stand by		battery 3.61	pos -0.34 1.41 -1.64	yaw: -96.75	msg/s 2670.6666666666665	link quality: 44	kalman var: 0.002 0.003 0.005	flight time: 14s	 batterySag: 0.796875
INFO: 2021-10-09 18:00:05 printStatus(175) -- Drogno_4: stand by		battery 3.61	pos -0.34 1.41 -1.64	yaw: -96.75	msg/s 2694.0	link quality: 44	kalman var: 0.002 0.003 0.005	flight time: 14s	 batterySag: 0.796875
INFO: 2021-10-09 18:00:07 printStatus(175) -- Drogno_4: stand by		battery 3.61	pos -0.34 1.41 -1.64	yaw: -96.75	msg/s 2717.3333333333335	link quality: 44	kalman var: 0.002 0.003 0.005	flight time: 14s	 batterySag: 0.796875
INFO: 2021-10-09 18:00:08 printStatus(175) -- Drogno_4: stand by		battery 3.61	pos -0.34 1.41 -1.64	yaw: -96.75	msg/s 2740.6666666666665	link quality: 44	kalman var: 0.002 0.003 0.005	flight time: 14s	 batterySag: 0.796875
INFO: 2021-10-09 18:00:10 printStatus(175) -- Drogno_4: stand by		battery 3.61	pos -0.34 1.41 -1.64	yaw: -96.75	msg/s 2763.3333333333335	link quality: 44	kalman var: 0.002 0.003 0.005	flight time: 14s	 batterySag: 0.796875
INFO: 2021-10-09 18:00:11 printStatus(175) -- Drogno_4: stand by		battery 3.61	pos -0.34 1.41 -1.64	yaw: -96.75	msg/s 2786.0	link quality: 44	kalman var: 0.002 0.003 0.005	flight time: 14s	 batterySag: 0.796875
INFO: 2021-10-09 18:00:13 printStatus(175) -- Drogno_4: stand by		battery 3.61	pos -0.34 1.41 -1.64	yaw: -96.75	msg/s 2810.0	link quality: 44	kalman var: 0.002 0.003 0.005	flight time: 14s	 batterySag: 0.796875
INFO: 2021-10-09 18:00:15 printStatus(175) -- Drogno_4: stand by		battery 3.61	pos -0.34 1.41 -1.64	yaw: -96.75	msg/s 2834.0	link quality: 44	kalman var: 0.002 0.003 0.005	flight time: 14s	 batterySag: 0.796875
INFO: 2021-10-09 18:00:16 printStatus(175) -- Drogno_4: stand by		battery 3.61	pos -0.34 1.41 -1.64	yaw: -96.75	msg/s 2858.0	link quality: 44	kalman var: 0.002 0.003 0.005	flight time: 14s	 batterySag: 0.796875
INFO: 2021-10-09 18:00:18 printStatus(175) -- Drogno_4: stand by		battery 3.61	pos -0.34 1.41 -1.64	yaw: -96.75	msg/s 2880.6666666666665	link quality: 44	kalman var: 0.002 0.003 0.005	flight time: 14s	 batterySag: 0.796875
INFO: 2021-10-09 18:00:19 printStatus(175) -- Drogno_4: stand by		battery 3.61	pos -0.34 1.41 -1.64	yaw: -96.75	msg/s 2904.6666666666665	link quality: 44	kalman var: 0.002 0.003 0.005	flight time: 14s	 batterySag: 0.796875
INFO: 2021-10-09 18:00:21 printStatus(175) -- Drogno_4: stand by		battery 3.61	pos -0.34 1.41 -1.64	yaw: -96.75	msg/s 2928.0	link quality: 44	kalman var: 0.002 0.003 0.005	flight time: 14s	 batterySag: 0.796875
INFO: 2021-10-09 18:00:22 printStatus(175) -- Drogno_4: stand by		battery 3.61	pos -0.34 1.41 -1.64	yaw: -96.75	msg/s 2951.3333333333335	link quality: 44	kalman var: 0.002 0.003 0.005	flight time: 14s	 batterySag: 0.796875
INFO: 2021-10-09 18:00:24 printStatus(175) -- Drogno_4: stand by		battery 3.61	pos -0.34 1.41 -1.64	yaw: -96.75	msg/s 2974.6666666666665	link quality: 44	kalman var: 0.002 0.003 0.005	flight time: 14s	 batterySag: 0.796875
INFO: 2021-10-09 18:00:25 printStatus(175) -- Drogno_4: stand by		battery 3.61	pos -0.34 1.41 -1.64	yaw: -96.75	msg/s 2998.0	link quality: 44	kalman var: 0.002 0.003 0.005	flight time: 14s	 batterySag: 0.796875
INFO: 2021-10-09 18:00:27 printStatus(175) -- Drogno_4: stand by		battery 3.61	pos -0.34 1.41 -1.64	yaw: -96.75	msg/s 3022.6666666666665	link quality: 44	kalman var: 0.002 0.003 0.005	flight time: 14s	 batterySag: 0.796875
INFO: 2021-10-09 18:00:28 printStatus(175) -- Drogno_4: stand by		battery 3.61	pos -0.34 1.41 -1.64	yaw: -96.75	msg/s 3046.6666666666665	link quality: 44	kalman var: 0.002 0.003 0.005	flight time: 14s	 batterySag: 0.796875
INFO: 2021-10-09 18:00:30 printStatus(175) -- Drogno_4: stand by		battery 3.61	pos -0.34 1.41 -1.64	yaw: -96.75	msg/s 3070.0	link quality: 44	kalman var: 0.002 0.003 0.005	flight time: 14s	 batterySag: 0.796875
INFO: 2021-10-09 18:00:31 printStatus(175) -- Drogno_4: stand by		battery 3.61	pos -0.34 1.41 -1.64	yaw: -96.75	msg/s 3092.6666666666665	link quality: 44	kalman var: 0.002 0.003 0.005	flight time: 14s	 batterySag: 0.796875
INFO: 2021-10-09 18:00:33 printStatus(175) -- Drogno_4: stand by		battery 3.61	pos -0.34 1.41 -1.64	yaw: -96.75	msg/s 3116.6666666666665	link quality: 44	kalman var: 0.002 0.003 0.005	flight time: 14s	 batterySag: 0.796875
INFO: 2021-10-09 18:00:34 printStatus(175) -- Drogno_4: stand by		battery 3.61	pos -0.34 1.41 -1.64	yaw: -96.75	msg/s 3140.0	link quality: 44	kalman var: 0.002 0.003 0.005	flight time: 14s	 batterySag: 0.796875
INFO: 2021-10-09 18:00:36 printStatus(175) -- Drogno_4: stand by		battery 3.61	pos -0.34 1.41 -1.64	yaw: -96.75	msg/s 3163.3333333333335	link quality: 44	kalman var: 0.002 0.003 0.005	flight time: 14s	 batterySag: 0.796875
INFO: 2021-10-09 18:00:38 printStatus(175) -- Drogno_4: stand by		battery 3.61	pos -0.34 1.41 -1.64	yaw: -96.75	msg/s 3187.3333333333335	link quality: 44	kalman var: 0.002 0.003 0.005	flight time: 14s	 batterySag: 0.796875
INFO: 2021-10-09 18:00:39 printStatus(175) -- Drogno_4: stand by		battery 3.61	pos -0.34 1.41 -1.64	yaw: -96.75	msg/s 3211.3333333333335	link quality: 44	kalman var: 0.002 0.003 0.005	flight time: 14s	 batterySag: 0.796875
INFO: 2021-10-09 18:00:41 printStatus(175) -- Drogno_4: stand by		battery 3.61	pos -0.34 1.41 -1.64	yaw: -96.75	msg/s 3235.3333333333335	link quality: 44	kalman var: 0.002 0.003 0.005	flight time: 14s	 batterySag: 0.796875
INFO: 2021-10-09 18:00:42 printStatus(175) -- Drogno_4: stand by		battery 3.61	pos -0.34 1.41 -1.64	yaw: -96.75	msg/s 3259.3333333333335	link quality: 44	kalman var: 0.002 0.003 0.005	flight time: 14s	 batterySag: 0.796875
INFO: 2021-10-09 18:00:44 printStatus(175) -- Drogno_4: stand by		battery 3.61	pos -0.34 1.41 -1.64	yaw: -96.75	msg/s 3282.6666666666665	link quality: 44	kalman var: 0.002 0.003 0.005	flight time: 14s	 batterySag: 0.796875
INFO: 2021-10-09 18:00:45 printStatus(175) -- Drogno_4: stand by		battery 3.61	pos -0.34 1.41 -1.64	yaw: -96.75	msg/s 3306.0	link quality: 44	kalman var: 0.002 0.003 0.005	flight time: 14s	 batterySag: 0.796875
INFO: 2021-10-09 18:00:47 printStatus(175) -- Drogno_4: stand by		battery 3.61	pos -0.34 1.41 -1.64	yaw: -96.75	msg/s 3330.0	link quality: 44	kalman var: 0.002 0.003 0.005	flight time: 14s	 batterySag: 0.796875
INFO: 2021-10-09 18:00:48 printStatus(175) -- Drogno_4: stand by		battery 3.61	pos -0.34 1.41 -1.64	yaw: -96.75	msg/s 3353.3333333333335	link quality: 44	kalman var: 0.002 0.003 0.005	flight time: 14s	 batterySag: 0.796875
INFO: 2021-10-09 18:00:50 printStatus(175) -- Drogno_4: stand by		battery 3.61	pos -0.34 1.41 -1.64	yaw: -96.75	msg/s 3376.6666666666665	link quality: 44	kalman var: 0.002 0.003 0.005	flight time: 14s	 batterySag: 0.796875
INFO: 2021-10-09 18:00:51 printStatus(175) -- Drogno_4: stand by		battery 3.61	pos -0.34 1.41 -1.64	yaw: -96.75	msg/s 3400.0	link quality: 44	kalman var: 0.002 0.003 0.005	flight time: 14s	 batterySag: 0.796875
INFO: 2021-10-09 18:00:53 printStatus(175) -- Drogno_4: stand by		battery 3.61	pos -0.34 1.41 -1.64	yaw: -96.75	msg/s 3424.6666666666665	link quality: 44	kalman var: 0.002 0.003 0.005	flight time: 14s	 batterySag: 0.796875
INFO: 2021-10-09 18:00:54 printStatus(175) -- Drogno_4: stand by		battery 3.61	pos -0.34 1.41 -1.64	yaw: -96.75	msg/s 3448.0	link quality: 44	kalman var: 0.002 0.003 0.005	flight time: 14s	 batterySag: 0.796875
INFO: 2021-10-09 18:00:56 printStatus(175) -- Drogno_4: stand by		battery 3.61	pos -0.34 1.41 -1.64	yaw: -96.75	msg/s 3472.0	link quality: 44	kalman var: 0.002 0.003 0.005	flight time: 14s	 batterySag: 0.796875
INFO: 2021-10-09 18:00:58 printStatus(175) -- Drogno_4: stand by		battery 3.61	pos -0.34 1.41 -1.64	yaw: -96.75	msg/s 3496.0	link quality: 44	kalman var: 0.002 0.003 0.005	flight time: 14s	 batterySag: 0.796875
INFO: 2021-10-09 18:00:59 printStatus(175) -- Drogno_4: stand by		battery 3.61	pos -0.34 1.41 -1.64	yaw: -96.75	msg/s 3520.0	link quality: 44	kalman var: 0.002 0.003 0.005	flight time: 14s	 batterySag: 0.796875
INFO: 2021-10-09 18:01:01 printStatus(175) -- Drogno_4: stand by		battery 3.61	pos -0.34 1.41 -1.64	yaw: -96.75	msg/s 3543.3333333333335	link quality: 44	kalman var: 0.002 0.003 0.005	flight time: 14s	 batterySag: 0.796875
INFO: 2021-10-09 18:01:02 printStatus(175) -- Drogno_4: stand by		battery 3.61	pos -0.34 1.41 -1.64	yaw: -96.75	msg/s 3566.0	link quality: 44	kalman var: 0.002 0.003 0.005	flight time: 14s	 batterySag: 0.796875
INFO: 2021-10-09 18:01:04 printStatus(175) -- Drogno_4: stand by		battery 3.61	pos -0.34 1.41 -1.64	yaw: -96.75	msg/s 3590.0	link quality: 44	kalman var: 0.002 0.003 0.005	flight time: 14s	 batterySag: 0.796875
INFO: 2021-10-09 18:01:05 printStatus(175) -- Drogno_4: stand by		battery 3.61	pos -0.34 1.41 -1.64	yaw: -96.75	msg/s 3612.6666666666665	link quality: 44	kalman var: 0.002 0.003 0.005	flight time: 14s	 batterySag: 0.796875
INFO: 2021-10-09 18:01:07 printStatus(175) -- Drogno_4: stand by		battery 3.61	pos -0.34 1.41 -1.64	yaw: -96.75	msg/s 3629.3333333333335	link quality: 44	kalman var: 0.002 0.003 0.005	flight time: 14s	 batterySag: 0.796875
