INFO: 28-10-2022 21:49:02 __init__(112) -- This is drone log from Drogno_3
INFO: 28-10-2022 21:49:05 log_status(189) -- Logger started
INFO: 28-10-2022 21:49:06 log_status(193) -- Drogno_3: ready	battery: 4.19                    	kalman var: 0.01 0.01 0.001                    	batterySag: 0.5	link quality: 36	flight time: 0s                    	pos 0.01 -0.11 -0.00	yaw: 0.01	msg/s 0.9
INFO: 28-10-2022 21:49:07 log_status(193) -- Drogno_3: BAD kalman	battery: 4.19                    	kalman var: 0.041 0.041 0.002                    	batterySag: 0.5	link quality: 35	flight time: 0s                    	pos 0.05 -0.43 -0.02	yaw: 0.01	msg/s 0.0
INFO: 28-10-2022 21:49:08 log_status(193) -- Drogno_3: BAD kalman	battery: 4.19                    	kalman var: 0.109 0.109 0.003                    	batterySag: 0.5	link quality: 36	flight time: 0s                    	pos 0.13 -1.12 -0.04	yaw: 0.01	msg/s 0.0
INFO: 28-10-2022 21:49:10 log_status(193) -- Drogno_3: BAD kalman	battery: 4.19                    	kalman var: 0.214 0.214 0.005                    	batterySag: 0.5	link quality: 36	flight time: 0s                    	pos 0.24 -2.12 -0.09	yaw: 0.02	msg/s 0.0
INFO: 28-10-2022 21:49:11 log_status(193) -- Drogno_3: out of BOX	battery: 4.19                    	kalman var: 0.333 0.333 0.006                    	batterySag: 0.5	link quality: 35	flight time: 0s                    	pos 0.38 -3.21 -0.13	yaw: 0.03	msg/s 0.0
INFO: 28-10-2022 21:49:12 log_status(193) -- Drogno_3: out of BOX	battery: 4.19                    	kalman var: 0.514 0.514 0.007                    	batterySag: 0.5	link quality: 35	flight time: 0s                    	pos 0.58 -4.78 -0.20	yaw: 0.04	msg/s 0.0
INFO: 28-10-2022 21:49:13 log_status(193) -- Drogno_3: out of BOX	battery: 4.19                    	kalman var: 0.702 0.702 0.008                    	batterySag: 0.5	link quality: 36	flight time: 0s                    	pos 0.80 -6.34 -0.28	yaw: 0.05	msg/s 0.0
INFO: 28-10-2022 21:49:14 log_status(193) -- Drogno_3: out of BOX	battery: 4.19                    	kalman var: 0.973 0.973 0.009                    	batterySag: 0.5	link quality: 35	flight time: 0s                    	pos 1.12 -8.50 -0.38	yaw: 0.03	msg/s 0.0
INFO: 28-10-2022 21:49:15 log_status(193) -- Drogno_3: out of BOX	battery: 4.19                    	kalman var: 1.239 1.239 0.01                    	batterySag: 0.5	link quality: 35	flight time: 0s                    	pos 1.43 -10.54 -0.48	yaw: 0.04	msg/s 0.0
INFO: 28-10-2022 21:49:16 log_status(193) -- Drogno_3: out of BOX	battery: 4.19                    	kalman var: 1.612 1.612 0.012                    	batterySag: 0.5	link quality: 36	flight time: 0s                    	pos 1.87 -13.28 -0.61	yaw: 0.04	msg/s 0.0
INFO: 28-10-2022 21:49:17 log_status(193) -- Drogno_3: out of BOX	battery: 4.19                    	kalman var: 1.968 1.968 0.013                    	batterySag: 0.5	link quality: 35	flight time: 0s                    	pos 2.28 -15.80 -0.74	yaw: 0.04	msg/s 0.0
INFO: 28-10-2022 21:49:18 log_status(193) -- Drogno_3: out of BOX	battery: 4.19                    	kalman var: 2.449 2.449 0.014                    	batterySag: 0.5	link quality: 35	flight time: 0s                    	pos 2.84 -19.06 -0.90	yaw: 0.05	msg/s 0.0
INFO: 28-10-2022 21:49:19 log_status(193) -- Drogno_3: out of BOX	battery: 4.19                    	kalman var: 2.904 2.904 0.015                    	batterySag: 0.5	link quality: 36	flight time: 0s                    	pos 3.36 -22.06 -1.04	yaw: 0.03	msg/s 0.0
INFO: 28-10-2022 21:49:21 log_status(193) -- Drogno_3: out of BOX	battery: 4.19                    	kalman var: 3.514 3.514 0.016                    	batterySag: 0.5	link quality: 36	flight time: 0s                    	pos 4.03 -25.92 -1.23	yaw: 0.03	msg/s 0.0
INFO: 28-10-2022 21:49:22 log_status(193) -- Drogno_3: out of BOX	battery: 4.19                    	kalman var: 4.078 4.078 0.018                    	batterySag: 0.5	link quality: 36	flight time: 0s                    	pos 4.64 -29.39 -1.41	yaw: 0.03	msg/s 0.0
INFO: 28-10-2022 21:49:23 log_status(193) -- Drogno_3: out of BOX	battery: 4.19                    	kalman var: 4.824 4.824 0.019                    	batterySag: 0.5	link quality: 35	flight time: 0s                    	pos 5.44 -33.84 -1.63	yaw: 0.02	msg/s 0.0
INFO: 28-10-2022 21:49:24 log_status(193) -- Drogno_3: out of BOX	battery: 4.19                    	kalman var: 5.504 5.504 0.02                    	batterySag: 0.5	link quality: 36	flight time: 0s                    	pos 6.16 -37.75 -1.83	yaw: 0.02	msg/s 0.0
INFO: 28-10-2022 21:49:25 log_status(193) -- Drogno_3: out of BOX	battery: 4.19                    	kalman var: 6.395 6.395 0.021                    	batterySag: 0.5	link quality: 35	flight time: 0s                    	pos 7.09 -42.75 -2.09	yaw: 0.02	msg/s 0.0
INFO: 28-10-2022 21:49:26 log_status(193) -- Drogno_3: out of BOX	battery: 4.19                    	kalman var: 7.203 7.203 0.022                    	batterySag: 0.5	link quality: 36	flight time: 0s                    	pos 7.92 -47.16 -2.32	yaw: 0.03	msg/s 0.0
INFO: 28-10-2022 21:49:27 log_status(193) -- Drogno_3: out of BOX	battery: 4.19                    	kalman var: 8.258 8.258 0.024                    	batterySag: 0.5	link quality: 35	flight time: 0s                    	pos 8.98 -52.72 -2.62	yaw: 0.04	msg/s 0.0
INFO: 28-10-2022 21:49:28 log_status(193) -- Drogno_3: out of BOX	battery: 4.19                    	kalman var: 9.203 9.203 0.025                    	batterySag: 0.5	link quality: 36	flight time: 0s                    	pos 9.91 -57.59 -2.88	yaw: 0.04	msg/s 0.0
INFO: 28-10-2022 21:49:29 log_status(193) -- Drogno_3: out of BOX	battery: 4.19                    	kalman var: 10.43 10.43 0.026                    	batterySag: 0.5	link quality: 35	flight time: 0s                    	pos 11.10 -63.75 -3.21	yaw: 0.05	msg/s 0.0
INFO: 28-10-2022 21:49:30 log_status(193) -- Drogno_3: out of BOX	battery: 4.19                    	kalman var: 11.531 11.531 0.027                    	batterySag: 0.5	link quality: 35	flight time: 0s                    	pos 12.16 -69.12 -3.50	yaw: 0.05	msg/s 0.0
INFO: 28-10-2022 21:49:32 log_status(193) -- Drogno_3: out of BOX	battery: 4.19                    	kalman var: 12.938 12.938 0.028                    	batterySag: 0.5	link quality: 36	flight time: 0s                    	pos 13.48 -75.81 -3.88	yaw: 0.06	msg/s 0.0
INFO: 28-10-2022 21:49:33 log_status(193) -- Drogno_3: out of BOX	battery: 4.19                    	kalman var: 14.195 14.195 0.03                    	batterySag: 0.5	link quality: 36	flight time: 0s                    	pos 14.63 -81.69 -4.20	yaw: 0.05	msg/s 0.0
INFO: 28-10-2022 21:49:34 log_status(193) -- Drogno_3: out of BOX	battery: 4.19                    	kalman var: 15.789 15.789 0.031                    	batterySag: 0.5	link quality: 35	flight time: 0s                    	pos 16.06 -88.88 -4.61	yaw: 0.05	msg/s 0.0
INFO: 28-10-2022 21:49:35 log_status(193) -- Drogno_3: out of BOX	battery: 4.19                    	kalman var: 17.219 17.219 0.032                    	batterySag: 0.5	link quality: 35	flight time: 0s                    	pos 17.33 -95.19 -4.96	yaw: 0.05	msg/s 0.0
INFO: 28-10-2022 21:49:36 log_status(193) -- Drogno_3: ready	battery: 4.19                    	kalman var: 0.002 0.002 0.001                    	batterySag: 0.5	link quality: 36	flight time: 0s                    	pos 0.00 -0.02 -0.00	yaw: 0.01	msg/s 0.0
INFO: 28-10-2022 21:49:37 log_status(193) -- Drogno_3: BAD kalman	battery: 4.19                    	kalman var: 0.022 0.022 0.002                    	batterySag: 0.5	link quality: 35	flight time: 0s                    	pos 0.03 -0.23 -0.01	yaw: 0.02	msg/s 0.0
INFO: 28-10-2022 21:49:38 log_status(193) -- Drogno_3: BAD kalman	battery: 4.19                    	kalman var: 0.074 0.074 0.003                    	batterySag: 0.5	link quality: 35	flight time: 0s                    	pos 0.09 -0.75 -0.05	yaw: 0.03	msg/s 0.0
INFO: 28-10-2022 21:49:39 log_status(193) -- Drogno_3: BAD kalman	battery: 4.19                    	kalman var: 0.145 0.145 0.004                    	batterySag: 0.5	link quality: 35	flight time: 0s                    	pos 0.18 -1.42 -0.09	yaw: 0.04	msg/s 0.0
INFO: 28-10-2022 21:49:40 log_status(193) -- Drogno_3: BAD kalman	battery: 4.19                    	kalman var: 0.266 0.266 0.005                    	batterySag: 0.5	link quality: 35	flight time: 0s                    	pos 0.33 -2.51 -0.16	yaw: 0.03	msg/s 0.0
INFO: 28-10-2022 21:49:41 log_status(193) -- Drogno_3: out of BOX	battery: 4.19                    	kalman var: 0.399 0.399 0.006                    	batterySag: 0.5	link quality: 35	flight time: 0s                    	pos 0.48 -3.66 -0.24	yaw: 0.04	msg/s 0.0
INFO: 28-10-2022 21:49:43 log_status(193) -- Drogno_3: out of BOX	battery: 4.19                    	kalman var: 0.6 0.6 0.008                    	batterySag: 0.5	link quality: 35	flight time: 0s                    	pos 0.71 -5.32 -0.34	yaw: 0.05	msg/s 0.0
INFO: 28-10-2022 21:49:44 log_status(193) -- Drogno_3: out of BOX	battery: 4.19                    	kalman var: 0.802 0.802 0.009                    	batterySag: 0.5	link quality: 35	flight time: 0s                    	pos 0.94 -6.92 -0.45	yaw: 0.04	msg/s 0.0
INFO: 28-10-2022 21:49:45 log_status(193) -- Drogno_3: out of BOX	battery: 4.19                    	kalman var: 1.094 1.094 0.01                    	batterySag: 0.5	link quality: 35	flight time: 0s                    	pos 1.26 -9.14 -0.59	yaw: 0.03	msg/s 0.0
INFO: 28-10-2022 21:49:46 log_status(193) -- Drogno_3: out of BOX	battery: 4.19                    	kalman var: 1.38 1.38 0.011                    	batterySag: 0.5	link quality: 35	flight time: 0s                    	pos 1.58 -11.23 -0.72	yaw: 0.04	msg/s 0.0
INFO: 28-10-2022 21:49:47 log_status(193) -- Drogno_3: out of BOX	battery: 4.19                    	kalman var: 1.774 1.774 0.012                    	batterySag: 0.5	link quality: 35	flight time: 0s                    	pos 2.00 -14.02 -0.90	yaw: 0.04	msg/s 0.0
INFO: 28-10-2022 21:49:48 log_status(193) -- Drogno_3: out of BOX	battery: 4.19                    	kalman var: 2.15 2.15 0.013                    	batterySag: 0.5	link quality: 35	flight time: 0s                    	pos 2.38 -16.58 -1.05	yaw: 0.05	msg/s 0.0
INFO: 28-10-2022 21:49:49 log_status(193) -- Drogno_3: out of BOX	battery: 4.19                    	kalman var: 2.656 2.656 0.015                    	batterySag: 0.5	link quality: 35	flight time: 0s                    	pos 2.89 -19.91 -1.26	yaw: 0.04	msg/s 0.0
INFO: 28-10-2022 21:49:50 log_status(193) -- Drogno_3: out of BOX	battery: 4.19                    	kalman var: 3.133 3.133 0.016                    	batterySag: 0.5	link quality: 35	flight time: 0s                    	pos 3.36 -22.92 -1.45	yaw: 0.05	msg/s 0.0
INFO: 28-10-2022 21:49:51 log_status(193) -- Drogno_3: out of BOX	battery: 4.19                    	kalman var: 3.771 3.771 0.017                    	batterySag: 0.5	link quality: 35	flight time: 0s                    	pos 3.97 -26.84 -1.69	yaw: 0.05	msg/s 0.0
INFO: 28-10-2022 21:49:52 log_status(193) -- Drogno_3: out of BOX	battery: 4.19                    	kalman var: 4.359 4.359 0.018                    	batterySag: 0.5	link quality: 35	flight time: 0s                    	pos 4.52 -30.34 -1.92	yaw: 0.05	msg/s 0.0
INFO: 28-10-2022 21:49:54 log_status(193) -- Drogno_3: out of BOX	battery: 4.19                    	kalman var: 5.137 5.137 0.019                    	batterySag: 0.5	link quality: 35	flight time: 0s                    	pos 5.23 -34.84 -2.20	yaw: 0.05	msg/s 0.0
INFO: 28-10-2022 21:49:55 log_status(193) -- Drogno_3: out of BOX	battery: 4.19                    	kalman var: 5.848 5.848 0.02                    	batterySag: 0.5	link quality: 35	flight time: 0s                    	pos 5.88 -38.81 -2.46	yaw: 0.05	msg/s 0.0
INFO: 28-10-2022 21:49:56 log_status(193) -- Drogno_3: out of BOX	battery: 4.19                    	kalman var: 6.766 6.766 0.022                    	batterySag: 0.5	link quality: 35	flight time: 0s                    	pos 6.70 -43.81 -2.78	yaw: 0.05	msg/s 0.0
INFO: 28-10-2022 21:49:57 log_status(193) -- Drogno_3: out of BOX	battery: 4.19                    	kalman var: 7.605 7.605 0.023                    	batterySag: 0.5	link quality: 35	flight time: 0s                    	pos 7.43 -48.25 -3.07	yaw: 0.05	msg/s 0.0
INFO: 28-10-2022 21:49:58 log_status(193) -- Drogno_3: out of BOX	battery: 4.19                    	kalman var: 8.695 8.695 0.024                    	batterySag: 0.5	link quality: 35	flight time: 0s                    	pos 8.38 -53.88 -3.43	yaw: 0.05	msg/s 0.0
INFO: 28-10-2022 21:49:59 log_status(193) -- Drogno_3: out of BOX	battery: 4.19                    	kalman var: 9.672 9.672 0.025                    	batterySag: 0.5	link quality: 35	flight time: 0s                    	pos 9.21 -58.75 -3.76	yaw: 0.06	msg/s 0.0
INFO: 28-10-2022 21:50:00 log_status(193) -- Drogno_3: out of BOX	battery: 4.19                    	kalman var: 10.938 10.938 0.026                    	batterySag: 0.5	link quality: 36	flight time: 0s                    	pos 10.27 -64.94 -4.16	yaw: 0.07	msg/s 0.0
INFO: 28-10-2022 21:50:01 log_status(193) -- Drogno_3: out of BOX	battery: 4.19                    	kalman var: 12.07 12.07 0.027                    	batterySag: 0.5	link quality: 35	flight time: 0s                    	pos 11.22 -70.31 -4.52	yaw: 0.07	msg/s 0.0
INFO: 28-10-2022 21:50:02 log_status(193) -- Drogno_3: out of BOX	battery: 4.19                    	kalman var: 13.516 13.516 0.029                    	batterySag: 0.5	link quality: 35	flight time: 0s                    	pos 12.40 -77.00 -4.96	yaw: 0.07	msg/s 0.0
INFO: 28-10-2022 21:50:03 log_status(193) -- Drogno_3: out of BOX	battery: 4.19                    	kalman var: 14.805 14.805 0.03                    	batterySag: 0.5	link quality: 35	flight time: 0s                    	pos 13.42 -82.88 -5.36	yaw: 0.07	msg/s 0.0
INFO: 28-10-2022 21:50:05 log_status(193) -- Drogno_3: out of BOX	battery: 4.19                    	kalman var: 16.453 16.453 0.031                    	batterySag: 0.5	link quality: 35	flight time: 0s                    	pos 14.71 -90.12 -5.84	yaw: 0.06	msg/s 0.0
INFO: 28-10-2022 21:50:06 log_status(193) -- Drogno_3: out of BOX	battery: 4.19                    	kalman var: 17.906 17.906 0.033                    	batterySag: 0.5	link quality: 36	flight time: 0s                    	pos 15.83 -96.38 -6.26	yaw: 0.05	msg/s 0.0
INFO: 28-10-2022 21:50:07 log_status(193) -- Drogno_3: ready	battery: 4.19                    	kalman var: 0.004 0.004 0.001                    	batterySag: 0.5	link quality: 36	flight time: 0s                    	pos 0.00 -0.04 -0.00	yaw: 0.00	msg/s 0.0
INFO: 28-10-2022 21:50:08 log_status(193) -- Drogno_3: BAD kalman	battery: 4.19                    	kalman var: 0.028 0.028 0.002                    	batterySag: 0.5	link quality: 35	flight time: 0s                    	pos 0.03 -0.29 -0.02	yaw: 0.01	msg/s 0.0
INFO: 28-10-2022 21:50:09 log_status(193) -- Drogno_3: BAD kalman	battery: 4.19                    	kalman var: 0.086 0.086 0.003                    	batterySag: 0.5	link quality: 35	flight time: 0s                    	pos 0.09 -0.87 -0.07	yaw: 0.04	msg/s 0.0
INFO: 28-10-2022 21:50:10 log_status(193) -- Drogno_3: BAD kalman	battery: 4.19                    	kalman var: 0.163 0.163 0.004                    	batterySag: 0.5	link quality: 36	flight time: 0s                    	pos 0.17 -1.60 -0.12	yaw: 0.04	msg/s 0.0
INFO: 28-10-2022 21:50:11 log_status(193) -- Drogno_3: BAD kalman	battery: 4.19                    	kalman var: 0.289 0.289 0.005                    	batterySag: 0.5	link quality: 35	flight time: 0s                    	pos 0.30 -2.73 -0.21	yaw: 0.04	msg/s 0.0
INFO: 28-10-2022 21:50:12 log_status(193) -- Drogno_3: out of BOX	battery: 4.19                    	kalman var: 0.427 0.427 0.006                    	batterySag: 0.5	link quality: 35	flight time: 0s                    	pos 0.45 -3.93 -0.30	yaw: 0.05	msg/s 0.0
INFO: 28-10-2022 21:50:13 log_status(193) -- Drogno_3: out of BOX	battery: 4.19                    	kalman var: 0.634 0.634 0.008                    	batterySag: 0.5	link quality: 35	flight time: 0s                    	pos 0.66 -5.64 -0.43	yaw: 0.06	msg/s 0.0
INFO: 28-10-2022 21:50:14 log_status(193) -- Drogno_3: out of BOX	battery: 4.19                    	kalman var: 0.845 0.845 0.009                    	batterySag: 0.5	link quality: 35	flight time: 0s                    	pos 0.86 -7.32 -0.56	yaw: 0.07	msg/s 0.0
INFO: 28-10-2022 21:50:16 log_status(193) -- Drogno_3: out of BOX	battery: 4.19                    	kalman var: 1.146 1.146 0.01                    	batterySag: 0.5	link quality: 35	flight time: 0s                    	pos 1.15 -9.62 -0.73	yaw: 0.06	msg/s 0.0
INFO: 28-10-2022 21:50:17 log_status(193) -- Drogno_3: out of BOX	battery: 4.19                    	kalman var: 1.438 1.438 0.011                    	batterySag: 0.5	link quality: 35	flight time: 0s                    	pos 1.42 -11.77 -0.88	yaw: 0.06	msg/s 0.0
INFO: 28-10-2022 21:50:18 log_status(193) -- Drogno_3: out of BOX	battery: 4.19                    	kalman var: 1.843 1.843 0.012                    	batterySag: 0.5	link quality: 35	flight time: 0s                    	pos 1.79 -14.65 -1.09	yaw: 0.07	msg/s 0.0
INFO: 28-10-2022 21:50:19 log_status(193) -- Drogno_3: out of BOX	battery: 4.19                    	kalman var: 2.227 2.227 0.013                    	batterySag: 0.5	link quality: 35	flight time: 0s                    	pos 2.13 -17.30 -1.29	yaw: 0.08	msg/s 0.0
INFO: 28-10-2022 21:50:20 log_status(193) -- Drogno_3: out of BOX	battery: 4.19                    	kalman var: 2.744 2.744 0.015                    	batterySag: 0.5	link quality: 35	flight time: 0s                    	pos 2.57 -20.72 -1.54	yaw: 0.08	msg/s 0.0
INFO: 28-10-2022 21:50:21 log_status(193) -- Drogno_3: out of BOX	battery: 4.19                    	kalman var: 3.23 3.23 0.016                    	batterySag: 0.5	link quality: 35	flight time: 0s                    	pos 2.97 -23.84 -1.77	yaw: 0.06	msg/s 0.0
INFO: 28-10-2022 21:50:22 log_status(193) -- Drogno_3: out of BOX	battery: 4.19                    	kalman var: 3.881 3.881 0.017                    	batterySag: 0.5	link quality: 35	flight time: 0s                    	pos 3.49 -27.86 -2.07	yaw: 0.05	msg/s 0.0
INFO: 28-10-2022 21:50:23 log_status(193) -- Drogno_3: out of BOX	battery: 4.19                    	kalman var: 4.477 4.477 0.018                    	batterySag: 0.5	link quality: 35	flight time: 0s                    	pos 3.95 -31.45 -2.34	yaw: 0.06	msg/s 0.0
INFO: 28-10-2022 21:50:24 log_status(193) -- Drogno_3: out of BOX	battery: 4.19                    	kalman var: 5.266 5.266 0.019                    	batterySag: 0.5	link quality: 35	flight time: 0s                    	pos 4.54 -36.06 -2.68	yaw: 0.07	msg/s 0.0
INFO: 28-10-2022 21:50:25 log_status(193) -- Drogno_3: out of BOX	battery: 4.19                    	kalman var: 5.988 5.988 0.02                    	batterySag: 0.5	link quality: 35	flight time: 0s                    	pos 5.06 -40.12 -2.98	yaw: 0.06	msg/s 0.0
INFO: 28-10-2022 21:50:27 log_status(193) -- Drogno_3: out of BOX	battery: 4.19                    	kalman var: 6.93 6.93 0.022                    	batterySag: 0.5	link quality: 35	flight time: 0s                    	pos 5.72 -45.28 -3.37	yaw: 0.06	msg/s 0.0
INFO: 28-10-2022 21:50:28 log_status(193) -- Drogno_3: out of BOX	battery: 4.19                    	kalman var: 7.773 7.773 0.023                    	batterySag: 0.5	link quality: 35	flight time: 0s                    	pos 6.29 -49.78 -3.70	yaw: 0.05	msg/s 0.0
INFO: 28-10-2022 21:50:29 log_status(193) -- Drogno_3: out of BOX	battery: 4.19                    	kalman var: 8.875 8.875 0.024                    	batterySag: 0.5	link quality: 35	flight time: 0s                    	pos 7.02 -55.50 -4.13	yaw: 0.06	msg/s 0.0
INFO: 28-10-2022 21:50:30 log_status(193) -- Drogno_3: out of BOX	battery: 4.19                    	kalman var: 9.867 9.867 0.025                    	batterySag: 0.5	link quality: 35	flight time: 0s                    	pos 7.65 -60.53 -4.50	yaw: 0.06	msg/s 0.0
INFO: 28-10-2022 21:50:31 log_status(193) -- Drogno_3: out of BOX	battery: 4.19                    	kalman var: 11.148 11.148 0.026                    	batterySag: 0.5	link quality: 35	flight time: 0s                    	pos 8.44 -66.88 -4.96	yaw: 0.06	msg/s 0.0
INFO: 28-10-2022 21:50:32 log_status(193) -- Drogno_3: out of BOX	battery: 4.19                    	kalman var: 12.289 12.289 0.027                    	batterySag: 0.5	link quality: 35	flight time: 0s                    	pos 9.12 -72.38 -5.38	yaw: 0.05	msg/s 0.0
INFO: 28-10-2022 21:50:33 log_status(193) -- Drogno_3: out of BOX	battery: 4.19                    	kalman var: 13.758 13.758 0.029                    	batterySag: 0.5	link quality: 35	flight time: 0s                    	pos 9.98 -79.25 -5.89	yaw: 0.06	msg/s 0.0
INFO: 28-10-2022 21:50:34 log_status(193) -- Drogno_3: out of BOX	battery: 4.19                    	kalman var: 15.062 15.062 0.03                    	batterySag: 0.5	link quality: 35	flight time: 0s                    	pos 10.73 -85.25 -6.33	yaw: 0.05	msg/s 0.0
INFO: 28-10-2022 21:50:35 log_status(193) -- Drogno_3: out of BOX	battery: 4.19                    	kalman var: 16.734 16.734 0.031                    	batterySag: 0.5	link quality: 35	flight time: 0s                    	pos 11.65 -92.75 -6.88	yaw: 0.05	msg/s 0.0
INFO: 28-10-2022 21:50:36 log_status(193) -- Drogno_3: out of BOX	battery: 4.19                    	kalman var: 18.203 18.203 0.032                    	batterySag: 0.5	link quality: 35	flight time: 0s                    	pos 12.43 -99.19 -7.36	yaw: 0.06	msg/s 0.0
INFO: 28-10-2022 21:50:38 log_status(193) -- Drogno_3: BAD kalman	battery: 4.19                    	kalman var: 0.012 0.012 0.001                    	batterySag: 0.5	link quality: 35	flight time: 0s                    	pos 0.01 -0.12 -0.01	yaw: -0.00	msg/s 0.0
INFO: 28-10-2022 21:50:39 log_status(193) -- Drogno_3: BAD kalman	battery: 4.19                    	kalman var: 0.045 0.045 0.002                    	batterySag: 0.5	link quality: 35	flight time: 0s                    	pos 0.04 -0.46 -0.04	yaw: 0.01	msg/s 0.0
INFO: 28-10-2022 21:50:40 log_status(193) -- Drogno_3: BAD kalman	battery: 4.19                    	kalman var: 0.116 0.116 0.004                    	batterySag: 0.5	link quality: 35	flight time: 0s                    	pos 0.10 -1.15 -0.09	yaw: 0.02	msg/s 0.0
INFO: 28-10-2022 21:50:41 log_status(193) -- Drogno_3: BAD kalman	battery: 4.19                    	kalman var: 0.204 0.204 0.005                    	batterySag: 0.5	link quality: 35	flight time: 0s                    	pos 0.17 -1.96 -0.15	yaw: 0.03	msg/s 0.0
INFO: 28-10-2022 21:50:42 log_status(193) -- Drogno_3: out of BOX	battery: 4.19                    	kalman var: 0.346 0.346 0.006                    	batterySag: 0.5	link quality: 35	flight time: 0s                    	pos 0.28 -3.22 -0.25	yaw: 0.04	msg/s 0.0
INFO: 28-10-2022 21:50:43 log_status(193) -- Drogno_3: out of BOX	battery: 4.19                    	kalman var: 0.496 0.496 0.007                    	batterySag: 0.5	link quality: 35	flight time: 0s                    	pos 0.41 -4.49 -0.35	yaw: 0.03	msg/s 0.0
INFO: 28-10-2022 21:50:44 log_status(193) -- Drogno_3: out of BOX	battery: 4.19                    	kalman var: 0.721 0.721 0.008                    	batterySag: 0.5	link quality: 35	flight time: 0s                    	pos 0.59 -6.31 -0.50	yaw: 0.03	msg/s 0.0
INFO: 28-10-2022 21:50:45 log_status(193) -- Drogno_3: out of BOX	battery: 4.19                    	kalman var: 0.947 0.947 0.009                    	batterySag: 0.5	link quality: 35	flight time: 0s                    	pos 0.77 -8.06 -0.64	yaw: 0.03	msg/s 0.0
INFO: 28-10-2022 21:50:46 log_status(193) -- Drogno_3: out of BOX	battery: 4.19                    	kalman var: 1.267 1.267 0.011                    	batterySag: 0.5	link quality: 35	flight time: 0s                    	pos 1.00 -10.45 -0.83	yaw: 0.02	msg/s 0.0
INFO: 28-10-2022 21:50:47 log_status(193) -- Drogno_3: out of BOX	battery: 4.19                    	kalman var: 1.576 1.576 0.012                    	batterySag: 0.5	link quality: 35	flight time: 0s                    	pos 1.23 -12.69 -1.00	yaw: 0.02	msg/s 0.0
INFO: 28-10-2022 21:50:49 log_status(193) -- Drogno_3: out of BOX	battery: 4.19                    	kalman var: 2.004 2.004 0.013                    	batterySag: 0.5	link quality: 35	flight time: 0s                    	pos 1.53 -15.65 -1.24	yaw: 0.02	msg/s 0.0
INFO: 28-10-2022 21:50:50 log_status(193) -- Drogno_3: out of BOX	battery: 4.19                    	kalman var: 2.406 2.406 0.014                    	batterySag: 0.5	link quality: 35	flight time: 0s                    	pos 1.81 -18.36 -1.45	yaw: 0.02	msg/s 0.0
INFO: 28-10-2022 21:50:51 log_status(193) -- Drogno_3: out of BOX	battery: 4.19                    	kalman var: 2.953 2.953 0.015                    	batterySag: 0.5	link quality: 35	flight time: 0s                    	pos 2.17 -21.91 -1.73	yaw: 0.02	msg/s 0.0
INFO: 28-10-2022 21:50:52 log_status(193) -- Drogno_3: out of BOX	battery: 4.19                    	kalman var: 3.459 3.459 0.016                    	batterySag: 0.5	link quality: 35	flight time: 0s                    	pos 2.49 -25.09 -1.98	yaw: 0.03	msg/s 0.0
INFO: 28-10-2022 21:50:53 log_status(193) -- Drogno_3: out of BOX	battery: 4.19                    	kalman var: 4.129 4.129 0.018                    	batterySag: 0.5	link quality: 35	flight time: 0s                    	pos 2.91 -29.20 -2.29	yaw: 0.03	msg/s 0.0
INFO: 28-10-2022 21:50:54 log_status(193) -- Drogno_3: out of BOX	battery: 4.19                    	kalman var: 4.879 4.879 0.019                    	batterySag: 0.5	link quality: 35	flight time: 0s                    	pos 3.36 -33.66 -2.63	yaw: 0.03	msg/s 0.0
INFO: 28-10-2022 21:50:55 log_status(193) -- Drogno_3: out of BOX	battery: 4.19                    	kalman var: 5.566 5.566 0.02                    	batterySag: 0.5	link quality: 35	flight time: 0s                    	pos 3.75 -37.59 -2.93	yaw: 0.03	msg/s 0.0
INFO: 28-10-2022 21:50:56 log_status(193) -- Drogno_3: out of BOX	battery: 4.19                    	kalman var: 6.469 6.469 0.021                    	batterySag: 0.5	link quality: 35	flight time: 0s                    	pos 4.26 -42.62 -3.32	yaw: 0.04	msg/s 0.0
INFO: 28-10-2022 21:50:57 log_status(193) -- Drogno_3: out of BOX	battery: 4.19                    	kalman var: 7.285 7.285 0.022                    	batterySag: 0.5	link quality: 35	flight time: 0s                    	pos 4.70 -47.06 -3.66	yaw: 0.04	msg/s 0.0
INFO: 28-10-2022 21:50:58 log_status(193) -- Drogno_3: out of BOX	battery: 4.19                    	kalman var: 8.344 8.344 0.023                    	batterySag: 0.5	link quality: 35	flight time: 0s                    	pos 5.27 -52.69 -4.09	yaw: 0.03	msg/s 0.0
INFO: 28-10-2022 21:51:00 log_status(193) -- Drogno_3: out of BOX	battery: 4.19                    	kalman var: 9.297 9.297 0.025                    	batterySag: 0.5	link quality: 35	flight time: 0s                    	pos 5.76 -57.62 -4.46	yaw: 0.03	msg/s 0.0
INFO: 28-10-2022 21:51:01 log_status(193) -- Drogno_3: out of BOX	battery: 4.19                    	kalman var: 10.523 10.523 0.026                    	batterySag: 0.5	link quality: 35	flight time: 0s                    	pos 6.37 -63.78 -4.93	yaw: 0.04	msg/s 0.0
INFO: 28-10-2022 21:51:02 log_status(193) -- Drogno_3: out of BOX	battery: 4.19                    	kalman var: 11.625 11.625 0.027                    	batterySag: 0.5	link quality: 35	flight time: 0s                    	pos 6.90 -69.19 -5.34	yaw: 0.05	msg/s 0.0
INFO: 28-10-2022 21:51:03 log_status(193) -- Drogno_3: out of BOX	battery: 4.19                    	kalman var: 13.039 13.039 0.028                    	batterySag: 0.5	link quality: 35	flight time: 0s                    	pos 7.57 -76.00 -5.86	yaw: 0.05	msg/s 0.0
INFO: 28-10-2022 21:51:04 log_status(193) -- Drogno_3: out of BOX	battery: 4.19                    	kalman var: 14.305 14.305 0.029                    	batterySag: 0.5	link quality: 35	flight time: 0s                    	pos 8.15 -81.94 -6.31	yaw: 0.04	msg/s 0.0
INFO: 28-10-2022 21:51:05 log_status(193) -- Drogno_3: out of BOX	battery: 4.19                    	kalman var: 15.922 15.922 0.031                    	batterySag: 0.5	link quality: 35	flight time: 0s                    	pos 8.88 -89.38 -6.88	yaw: 0.03	msg/s 0.0
INFO: 28-10-2022 21:51:06 log_status(193) -- Drogno_3: out of BOX	battery: 4.19                    	kalman var: 17.344 17.344 0.032                    	batterySag: 0.5	link quality: 35	flight time: 0s                    	pos 9.52 -95.75 -7.36	yaw: 0.04	msg/s 0.0
INFO: 28-10-2022 21:51:07 log_status(193) -- Drogno_3: ready	battery: 4.19                    	kalman var: 0.003 0.003 0.001                    	batterySag: 0.5	link quality: 35	flight time: 0s                    	pos 0.00 -0.03 -0.00	yaw: -0.00	msg/s 0.0
INFO: 28-10-2022 21:51:08 log_status(193) -- Drogno_3: BAD kalman	battery: 4.19                    	kalman var: 0.025 0.025 0.002                    	batterySag: 0.5	link quality: 35	flight time: 0s                    	pos 0.03 -0.26 -0.02	yaw: 0.01	msg/s 0.0
INFO: 28-10-2022 21:51:09 log_status(193) -- Drogno_3: BAD kalman	battery: 4.19                    	kalman var: 0.08 0.08 0.003                    	batterySag: 0.5	link quality: 35	flight time: 0s                    	pos 0.09 -0.81 -0.06	yaw: -0.00	msg/s 0.0
INFO: 28-10-2022 21:51:11 log_status(193) -- Drogno_3: BAD kalman	battery: 4.19                    	kalman var: 0.154 0.154 0.004                    	batterySag: 0.5	link quality: 35	flight time: 0s                    	pos 0.16 -1.52 -0.11	yaw: 0.00	msg/s 0.0
INFO: 28-10-2022 21:51:12 log_status(193) -- Drogno_3: BAD kalman	battery: 4.19                    	kalman var: 0.278 0.278 0.005                    	batterySag: 0.5	link quality: 35	flight time: 0s                    	pos 0.28 -2.65 -0.20	yaw: 0.02	msg/s 0.0
INFO: 28-10-2022 21:51:13 log_status(193) -- Drogno_3: out of BOX	battery: 4.19                    	kalman var: 0.414 0.414 0.006                    	batterySag: 0.5	link quality: 35	flight time: 0s                    	pos 0.41 -3.84 -0.29	yaw: 0.02	msg/s 0.0
INFO: 28-10-2022 21:51:14 log_status(193) -- Drogno_3: out of BOX	battery: 4.19                    	kalman var: 0.618 0.618 0.008                    	batterySag: 0.5	link quality: 35	flight time: 0s                    	pos 0.59 -5.56 -0.42	yaw: 0.04	msg/s 0.0
INFO: 28-10-2022 21:51:15 log_status(193) -- Drogno_3: out of BOX	battery: 4.19                    	kalman var: 0.826 0.826 0.009                    	batterySag: 0.5	link quality: 35	flight time: 0s                    	pos 0.77 -7.24 -0.55	yaw: 0.04	msg/s 0.0
INFO: 28-10-2022 21:51:16 log_status(193) -- Drogno_3: out of BOX	battery: 4.19                    	kalman var: 1.122 1.122 0.01                    	batterySag: 0.5	link quality: 35	flight time: 0s                    	pos 1.01 -9.55 -0.72	yaw: 0.04	msg/s 0.0
INFO: 28-10-2022 21:51:17 log_status(193) -- Drogno_3: out of BOX	battery: 4.19                    	kalman var: 1.408 1.408 0.011                    	batterySag: 0.5	link quality: 35	flight time: 0s                    	pos 1.24 -11.71 -0.89	yaw: 0.04	msg/s 0.0
INFO: 28-10-2022 21:51:18 log_status(193) -- Drogno_3: out of BOX	battery: 4.19                    	kalman var: 1.808 1.808 0.012                    	batterySag: 0.5	link quality: 36	flight time: 0s                    	pos 1.55 -14.62 -1.10	yaw: 0.04	msg/s 0.0
INFO: 28-10-2022 21:51:19 log_status(193) -- Drogno_3: out of BOX	battery: 4.19                    	kalman var: 2.188 2.188 0.013                    	batterySag: 0.5	link quality: 35	flight time: 0s                    	pos 1.84 -17.30 -1.30	yaw: 0.04	msg/s 0.0
INFO: 28-10-2022 21:51:20 log_status(193) -- Drogno_3: out of BOX	battery: 4.19                    	kalman var: 2.705 2.705 0.015                    	batterySag: 0.5	link quality: 35	flight time: 0s                    	pos 2.24 -20.80 -1.55	yaw: 0.02	msg/s 0.0
INFO: 28-10-2022 21:51:22 log_status(193) -- Drogno_3: out of BOX	battery: 4.19                    	kalman var: 3.188 3.188 0.016                    	batterySag: 0.5	link quality: 35	flight time: 0s                    	pos 2.59 -23.94 -1.79	yaw: 0.02	msg/s 0.0
INFO: 28-10-2022 21:51:23 log_status(193) -- Drogno_3: out of BOX	battery: 4.19                    	kalman var: 3.83 3.83 0.017                    	batterySag: 0.5	link quality: 35	flight time: 0s                    	pos 3.06 -28.03 -2.10	yaw: 0.03	msg/s 0.0
INFO: 28-10-2022 21:51:24 log_status(193) -- Drogno_3: out of BOX	battery: 4.19                    	kalman var: 4.426 4.426 0.018                    	batterySag: 0.5	link quality: 35	flight time: 0s                    	pos 3.47 -31.67 -2.37	yaw: 0.05	msg/s 0.0
INFO: 28-10-2022 21:51:25 log_status(193) -- Drogno_3: out of BOX	battery: 4.19                    	kalman var: 5.203 5.203 0.019                    	batterySag: 0.5	link quality: 35	flight time: 0s                    	pos 4.01 -36.28 -2.71	yaw: 0.04	msg/s 0.0
INFO: 28-10-2022 21:51:26 log_status(193) -- Drogno_3: out of BOX	battery: 4.19                    	kalman var: 5.918 5.918 0.02                    	batterySag: 0.5	link quality: 35	flight time: 0s                    	pos 4.49 -40.41 -3.02	yaw: 0.04	msg/s 0.0
INFO: 28-10-2022 21:51:27 log_status(193) -- Drogno_3: out of BOX	battery: 4.19                    	kalman var: 6.852 6.852 0.022                    	batterySag: 0.5	link quality: 35	flight time: 0s                    	pos 5.11 -45.66 -3.40	yaw: 0.04	msg/s 0.0
INFO: 28-10-2022 21:51:28 log_status(193) -- Drogno_3: out of BOX	battery: 4.19                    	kalman var: 7.695 7.695 0.023                    	batterySag: 0.5	link quality: 35	flight time: 0s                    	pos 5.64 -50.25 -3.75	yaw: 0.03	msg/s 0.0
INFO: 28-10-2022 21:51:29 log_status(193) -- Drogno_3: out of BOX	battery: 4.19                    	kalman var: 8.797 8.797 0.024                    	batterySag: 0.5	link quality: 35	flight time: 0s                    	pos 6.32 -56.06 -4.19	yaw: 0.03	msg/s 0.0
INFO: 28-10-2022 21:51:30 log_status(193) -- Drogno_3: out of BOX	battery: 4.19                    	kalman var: 9.781 9.781 0.025                    	batterySag: 0.5	link quality: 35	flight time: 0s                    	pos 6.91 -61.16 -4.57	yaw: 0.03	msg/s 0.0
INFO: 28-10-2022 21:51:31 log_status(193) -- Drogno_3: out of BOX	battery: 4.19                    	kalman var: 11.039 11.039 0.026                    	batterySag: 0.5	link quality: 35	flight time: 0s                    	pos 7.65 -67.50 -5.06	yaw: 0.03	msg/s 0.0
INFO: 28-10-2022 21:51:33 log_status(193) -- Drogno_3: out of BOX	battery: 4.19                    	kalman var: 12.18 12.18 0.027                    	batterySag: 0.5	link quality: 35	flight time: 0s                    	pos 8.31 -73.06 -5.48	yaw: 0.03	msg/s 0.0
INFO: 28-10-2022 21:51:34 log_status(193) -- Drogno_3: out of BOX	battery: 4.19                    	kalman var: 13.641 13.641 0.029                    	batterySag: 0.5	link quality: 35	flight time: 0s                    	pos 9.13 -80.06 -6.02	yaw: 0.04	msg/s 0.0
INFO: 28-10-2022 21:51:35 log_status(193) -- Drogno_3: out of BOX	battery: 4.19                    	kalman var: 14.93 14.93 0.03                    	batterySag: 0.5	link quality: 35	flight time: 0s                    	pos 9.85 -86.06 -6.48	yaw: 0.03	msg/s 0.0
INFO: 28-10-2022 21:51:36 log_status(193) -- Drogno_3: out of BOX	battery: 4.19                    	kalman var: 16.594 16.594 0.031                    	batterySag: 0.5	link quality: 35	flight time: 0s                    	pos 10.75 -93.62 -7.06	yaw: 0.02	msg/s 0.0
INFO: 28-10-2022 21:51:37 log_status(193) -- Drogno_3: ready	battery: 4.19                    	kalman var: 0.0 0.0 0.0                    	batterySag: 0.5	link quality: 35	flight time: 0s                    	pos 0.00 -0.00 0.00	yaw: 0.00	msg/s 0.0
INFO: 28-10-2022 21:51:38 log_status(193) -- Drogno_3: BAD kalman	battery: 4.19                    	kalman var: 0.015 0.015 0.001                    	batterySag: 0.5	link quality: 35	flight time: 0s                    	pos 0.01 -0.16 -0.01	yaw: 0.01	msg/s 0.0
INFO: 28-10-2022 21:51:39 log_status(193) -- Drogno_3: BAD kalman	battery: 4.19                    	kalman var: 0.052 0.052 0.002                    	batterySag: 0.5	link quality: 35	flight time: 0s                    	pos 0.05 -0.53 -0.04	yaw: 0.00	msg/s 0.0
INFO: 28-10-2022 21:51:40 log_status(193) -- Drogno_3: BAD kalman	battery: 4.19                    	kalman var: 0.127 0.127 0.004                    	batterySag: 0.5	link quality: 35	flight time: 0s                    	pos 0.12 -1.26 -0.10	yaw: 0.01	msg/s 0.0
INFO: 28-10-2022 21:51:41 log_status(193) -- Drogno_3: BAD kalman	battery: 4.19                    	kalman var: 0.218 0.218 0.005                    	batterySag: 0.5	link quality: 35	flight time: 0s                    	pos 0.20 -2.09 -0.17	yaw: 0.00	msg/s 0.0
INFO: 28-10-2022 21:51:42 log_status(193) -- Drogno_3: out of BOX	battery: 4.19                    	kalman var: 0.365 0.365 0.006                    	batterySag: 0.5	link quality: 35	flight time: 0s                    	pos 0.34 -3.38 -0.27	yaw: 0.01	msg/s 0.0
INFO: 28-10-2022 21:51:44 log_status(193) -- Drogno_3: out of BOX	battery: 4.19                    	kalman var: 0.521 0.521 0.007                    	batterySag: 0.5	link quality: 35	flight time: 0s                    	pos 0.48 -4.68 -0.38	yaw: 0.01	msg/s 0.0
INFO: 28-10-2022 21:51:45 log_status(193) -- Drogno_3: out of BOX	battery: 4.19                    	kalman var: 0.752 0.752 0.008                    	batterySag: 0.5	link quality: 35	flight time: 0s                    	pos 0.68 -6.54 -0.53	yaw: 0.03	msg/s 0.0
INFO: 28-10-2022 21:51:46 log_status(193) -- Drogno_3: out of BOX	battery: 4.19                    	kalman var: 0.984 0.984 0.009                    	batterySag: 0.5	link quality: 35	flight time: 0s                    	pos 0.89 -8.33 -0.68	yaw: 0.02	msg/s 0.0
INFO: 28-10-2022 21:51:47 log_status(193) -- Drogno_3: out of BOX	battery: 4.19                    	kalman var: 1.312 1.312 0.011                    	batterySag: 0.5	link quality: 35	flight time: 0s                    	pos 1.17 -10.76 -0.88	yaw: 0.04	msg/s 0.0
INFO: 28-10-2022 21:51:48 log_status(193) -- Drogno_3: out of BOX	battery: 4.19                    	kalman var: 1.627 1.627 0.012                    	batterySag: 0.5	link quality: 35	flight time: 0s                    	pos 1.43 -13.03 -1.07	yaw: 0.04	msg/s 0.0
INFO: 28-10-2022 21:51:49 log_status(193) -- Drogno_3: out of BOX	battery: 4.19                    	kalman var: 2.059 2.059 0.013                    	batterySag: 0.5	link quality: 35	flight time: 0s                    	pos 1.77 -16.03 -1.32	yaw: 0.05	msg/s 0.0
INFO: 28-10-2022 21:51:50 log_status(193) -- Drogno_3: out of BOX	battery: 4.19                    	kalman var: 2.469 2.469 0.014                    	batterySag: 0.5	link quality: 35	flight time: 0s                    	pos 2.08 -18.80 -1.55	yaw: 0.05	msg/s 0.0
INFO: 28-10-2022 21:51:51 log_status(193) -- Drogno_3: out of BOX	battery: 4.19                    	kalman var: 3.021 3.021 0.015                    	batterySag: 0.5	link quality: 35	flight time: 0s                    	pos 2.50 -22.41 -1.85	yaw: 0.05	msg/s 0.0
INFO: 28-10-2022 21:51:52 log_status(193) -- Drogno_3: out of BOX	battery: 4.19                    	kalman var: 3.537 3.537 0.016                    	batterySag: 0.5	link quality: 35	flight time: 0s                    	pos 2.88 -25.67 -2.12	yaw: 0.05	msg/s 0.0
INFO: 28-10-2022 21:51:53 log_status(193) -- Drogno_3: out of BOX	battery: 4.19                    	kalman var: 4.223 4.223 0.018                    	batterySag: 0.5	link quality: 35	flight time: 0s                    	pos 3.37 -29.88 -2.47	yaw: 0.05	msg/s 0.0
INFO: 28-10-2022 21:51:55 log_status(193) -- Drogno_3: out of BOX	battery: 4.19                    	kalman var: 4.848 4.848 0.019                    	batterySag: 0.5	link quality: 36	flight time: 0s                    	pos 3.80 -33.59 -2.78	yaw: 0.06	msg/s 0.0
INFO: 28-10-2022 21:51:56 log_status(193) -- Drogno_3: out of BOX	battery: 4.19                    	kalman var: 5.676 5.676 0.02                    	batterySag: 0.5	link quality: 35	flight time: 0s                    	pos 4.37 -38.38 -3.18	yaw: 0.06	msg/s 0.0
INFO: 28-10-2022 21:51:57 log_status(193) -- Drogno_3: out of BOX	battery: 4.19                    	kalman var: 6.426 6.426 0.021                    	batterySag: 0.5	link quality: 36	flight time: 0s                    	pos 4.88 -42.62 -3.53	yaw: 0.05	msg/s 0.0
INFO: 28-10-2022 21:51:58 log_status(193) -- Drogno_3: out of BOX	battery: 4.19                    	kalman var: 7.41 7.41 0.022                    	batterySag: 0.5	link quality: 35	flight time: 0s                    	pos 5.53 -48.00 -3.98	yaw: 0.05	msg/s 0.0
INFO: 28-10-2022 21:51:59 log_status(193) -- Drogno_3: out of BOX	battery: 4.19                    	kalman var: 8.297 8.297 0.023                    	batterySag: 0.5	link quality: 36	flight time: 0s                    	pos 6.10 -52.72 -4.38	yaw: 0.05	msg/s 0.0
INFO: 28-10-2022 21:52:00 log_status(193) -- Drogno_3: out of BOX	battery: 4.19                    	kalman var: 9.445 9.445 0.025                    	batterySag: 0.5	link quality: 36	flight time: 0s                    	pos 6.82 -58.72 -4.88	yaw: 0.07	msg/s 0.0
INFO: 28-10-2022 21:52:01 log_status(193) -- Drogno_3: out of BOX	battery: 4.19                    	kalman var: 10.477 10.477 0.026                    	batterySag: 0.5	link quality: 36	flight time: 0s                    	pos 7.45 -63.94 -5.32	yaw: 0.06	msg/s 0.0
INFO: 28-10-2022 21:52:02 log_status(193) -- Drogno_3: out of BOX	battery: 4.19                    	kalman var: 11.805 11.805 0.027                    	batterySag: 0.5	link quality: 36	flight time: 0s                    	pos 8.24 -70.50 -5.87	yaw: 0.04	msg/s 0.0
INFO: 28-10-2022 21:52:03 log_status(193) -- Drogno_3: out of BOX	battery: 4.19                    	kalman var: 12.992 12.992 0.028                    	batterySag: 0.5	link quality: 36	flight time: 0s                    	pos 8.93 -76.25 -6.35	yaw: 0.04	msg/s 0.0
INFO: 28-10-2022 21:52:04 log_status(193) -- Drogno_3: out of BOX	battery: 4.19                    	kalman var: 14.508 14.508 0.029                    	batterySag: 0.5	link quality: 36	flight time: 0s                    	pos 9.79 -83.44 -6.95	yaw: 0.04	msg/s 0.0
INFO: 28-10-2022 21:52:06 log_status(193) -- Drogno_3: out of BOX	battery: 4.19                    	kalman var: 15.844 15.844 0.031                    	batterySag: 0.5	link quality: 36	flight time: 0s                    	pos 10.52 -89.62 -7.46	yaw: 0.06	msg/s 0.0
INFO: 28-10-2022 21:52:07 log_status(193) -- Drogno_3: out of BOX	battery: 4.19                    	kalman var: 17.562 17.562 0.032                    	batterySag: 0.5	link quality: 36	flight time: 0s                    	pos 11.44 -97.38 -8.10	yaw: 0.05	msg/s 0.0
INFO: 28-10-2022 21:52:08 log_status(193) -- Drogno_3: ready	battery: 4.19                    	kalman var: 0.004 0.004 0.001                    	batterySag: 0.5	link quality: 36	flight time: 0s                    	pos 0.00 -0.04 -0.00	yaw: 0.00	msg/s 0.0
INFO: 28-10-2022 21:52:09 log_status(193) -- Drogno_3: BAD kalman	battery: 4.19                    	kalman var: 0.034 0.034 0.002                    	batterySag: 0.5	link quality: 36	flight time: 0s                    	pos 0.03 -0.35 -0.03	yaw: -0.01	msg/s 0.0
INFO: 28-10-2022 21:52:10 log_status(193) -- Drogno_3: BAD kalman	battery: 4.19                    	kalman var: 0.084 0.084 0.003                    	batterySag: 0.5	link quality: 36	flight time: 0s                    	pos 0.06 -0.86 -0.07	yaw: -0.01	msg/s 0.0
INFO: 28-10-2022 21:52:11 log_status(193) -- Drogno_3: BAD kalman	battery: 4.19                    	kalman var: 0.177 0.177 0.004                    	batterySag: 0.5	link quality: 36	flight time: 0s                    	pos 0.13 -1.75 -0.14	yaw: 0.01	msg/s 0.0
INFO: 28-10-2022 21:52:12 log_status(193) -- Drogno_3: BAD kalman	battery: 4.19                    	kalman var: 0.284 0.284 0.005                    	batterySag: 0.5	link quality: 36	flight time: 0s                    	pos 0.20 -2.74 -0.22	yaw: 0.01	msg/s 0.0
INFO: 28-10-2022 21:52:13 log_status(193) -- Drogno_3: out of BOX	battery: 4.19                    	kalman var: 0.453 0.453 0.007                    	batterySag: 0.5	link quality: 36	flight time: 0s                    	pos 0.31 -4.23 -0.35	yaw: 0.01	msg/s 0.0
INFO: 28-10-2022 21:52:14 log_status(193) -- Drogno_3: out of BOX	battery: 4.19                    	kalman var: 0.628 0.628 0.008                    	batterySag: 0.5	link quality: 36	flight time: 0s                    	pos 0.43 -5.71 -0.47	yaw: 0.02	msg/s 0.0
INFO: 28-10-2022 21:52:15 log_status(193) -- Drogno_3: out of BOX	battery: 4.19                    	kalman var: 0.883 0.883 0.009                    	batterySag: 0.5	link quality: 36	flight time: 0s                    	pos 0.59 -7.78 -0.64	yaw: 0.04	msg/s 0.0
INFO: 28-10-2022 21:52:17 log_status(193) -- Drogno_3: out of BOX	battery: 4.19                    	kalman var: 1.137 1.137 0.01                    	batterySag: 0.5	link quality: 36	flight time: 0s                    	pos 0.74 -9.75 -0.80	yaw: 0.04	msg/s 0.0
INFO: 28-10-2022 21:52:18 log_status(193) -- Drogno_3: out of BOX	battery: 4.19                    	kalman var: 1.491 1.491 0.011                    	batterySag: 0.5	link quality: 36	flight time: 0s                    	pos 0.96 -12.41 -1.02	yaw: 0.04	msg/s 0.0
INFO: 28-10-2022 21:52:19 log_status(193) -- Drogno_3: out of BOX	battery: 4.19                    	kalman var: 1.829 1.829 0.012                    	batterySag: 0.5	link quality: 36	flight time: 0s                    	pos 1.15 -14.84 -1.22	yaw: 0.04	msg/s 0.0
INFO: 28-10-2022 21:52:20 log_status(193) -- Drogno_3: out of BOX	battery: 4.19                    	kalman var: 2.293 2.293 0.014                    	batterySag: 0.5	link quality: 36	flight time: 0s                    	pos 1.40 -18.08 -1.49	yaw: 0.05	msg/s 0.0
INFO: 28-10-2022 21:52:21 log_status(193) -- Drogno_3: out of BOX	battery: 4.19                    	kalman var: 2.73 2.73 0.015                    	batterySag: 0.5	link quality: 36	flight time: 0s                    	pos 1.62 -21.03 -1.73	yaw: 0.06	msg/s 0.0
INFO: 28-10-2022 21:52:22 log_status(193) -- Drogno_3: out of BOX	battery: 4.19                    	kalman var: 3.318 3.318 0.016                    	batterySag: 0.5	link quality: 36	flight time: 0s                    	pos 1.89 -24.88 -2.05	yaw: 0.06	msg/s 0.0
INFO: 28-10-2022 21:52:23 log_status(193) -- Drogno_3: out of BOX	battery: 4.19                    	kalman var: 3.863 3.863 0.017                    	batterySag: 0.5	link quality: 36	flight time: 0s                    	pos 2.13 -28.31 -2.34	yaw: 0.06	msg/s 0.0
INFO: 28-10-2022 21:52:24 log_status(193) -- Drogno_3: out of BOX	battery: 4.19                    	kalman var: 4.582 4.582 0.018                    	batterySag: 0.5	link quality: 36	flight time: 0s                    	pos 2.44 -32.72 -2.70	yaw: 0.05	msg/s 0.0
INFO: 28-10-2022 21:52:25 log_status(193) -- Drogno_3: out of BOX	battery: 4.19                    	kalman var: 5.242 5.242 0.019                    	batterySag: 0.5	link quality: 36	flight time: 0s                    	pos 2.71 -36.69 -3.03	yaw: 0.05	msg/s 0.0
INFO: 28-10-2022 21:52:27 log_status(193) -- Drogno_3: out of BOX	battery: 4.19                    	kalman var: 6.109 6.109 0.021                    	batterySag: 0.5	link quality: 36	flight time: 0s                    	pos 3.04 -41.72 -3.44	yaw: 0.06	msg/s 0.0
INFO: 28-10-2022 21:52:28 log_status(193) -- Drogno_3: out of BOX	battery: 4.19                    	kalman var: 6.898 6.898 0.022                    	batterySag: 0.5	link quality: 36	flight time: 0s                    	pos 3.33 -46.16 -3.81	yaw: 0.07	msg/s 0.0
INFO: 28-10-2022 21:52:29 log_status(193) -- Drogno_3: out of BOX	battery: 4.19                    	kalman var: 7.926 7.926 0.023                    	batterySag: 0.5	link quality: 36	flight time: 0s                    	pos 3.70 -51.78 -4.27	yaw: 0.06	msg/s 0.0
INFO: 28-10-2022 21:52:30 log_status(193) -- Drogno_3: out of BOX	battery: 4.19                    	kalman var: 8.852 8.852 0.024                    	batterySag: 0.5	link quality: 36	flight time: 0s                    	pos 4.01 -56.72 -4.68	yaw: 0.06	msg/s 0.0
INFO: 28-10-2022 21:52:31 log_status(193) -- Drogno_3: out of BOX	battery: 4.19                    	kalman var: 10.039 10.039 0.025                    	batterySag: 0.5	link quality: 36	flight time: 0s                    	pos 4.40 -62.88 -5.18	yaw: 0.05	msg/s 0.0
INFO: 28-10-2022 21:52:32 log_status(193) -- Drogno_3: out of BOX	battery: 4.19                    	kalman var: 11.109 11.109 0.027                    	batterySag: 0.5	link quality: 36	flight time: 0s                    	pos 4.73 -68.31 -5.63	yaw: 0.05	msg/s 0.0
INFO: 28-10-2022 21:52:33 log_status(193) -- Drogno_3: out of BOX	battery: 4.19                    	kalman var: 12.484 12.484 0.028                    	batterySag: 0.5	link quality: 36	flight time: 0s                    	pos 5.15 -75.12 -6.19	yaw: 0.05	msg/s 0.0
INFO: 28-10-2022 21:52:34 log_status(193) -- Drogno_3: out of BOX	battery: 4.19                    	kalman var: 13.711 13.711 0.029                    	batterySag: 0.5	link quality: 36	flight time: 0s                    	pos 5.50 -81.06 -6.67	yaw: 0.05	msg/s 0.0
INFO: 28-10-2022 21:52:35 log_status(193) -- Drogno_3: out of BOX	battery: 4.19                    	kalman var: 15.281 15.281 0.03                    	batterySag: 0.5	link quality: 36	flight time: 0s                    	pos 5.93 -88.44 -7.28	yaw: 0.04	msg/s 0.0
INFO: 28-10-2022 21:52:36 log_status(193) -- Drogno_3: out of BOX	battery: 4.19                    	kalman var: 16.672 16.672 0.031                    	batterySag: 0.5	link quality: 36	flight time: 0s                    	pos 6.29 -94.88 -7.80	yaw: 0.04	msg/s 0.0
INFO: 28-10-2022 21:52:38 log_status(193) -- Drogno_3: ready	battery: 4.19                    	kalman var: 0.002 0.002 0.001                    	batterySag: 0.5	link quality: 36	flight time: 0s                    	pos 0.00 -0.02 -0.00	yaw: 0.00	msg/s 0.0
INFO: 28-10-2022 21:52:39 log_status(193) -- Drogno_3: BAD kalman	battery: 4.19                    	kalman var: 0.028 0.028 0.002                    	batterySag: 0.5	link quality: 36	flight time: 0s                    	pos 0.03 -0.29 -0.02	yaw: 0.01	msg/s 0.0
INFO: 28-10-2022 21:52:40 log_status(193) -- Drogno_3: BAD kalman	battery: 4.19                    	kalman var: 0.074 0.074 0.003                    	batterySag: 0.5	link quality: 36	flight time: 0s                    	pos 0.09 -0.74 -0.06	yaw: 0.02	msg/s 0.0
INFO: 28-10-2022 21:52:41 log_status(193) -- Drogno_3: BAD kalman	battery: 4.19                    	kalman var: 0.161 0.161 0.004                    	batterySag: 0.5	link quality: 36	flight time: 0s                    	pos 0.19 -1.57 -0.13	yaw: 0.03	msg/s 0.0
INFO: 28-10-2022 21:52:42 log_status(193) -- Drogno_3: BAD kalman	battery: 4.19                    	kalman var: 0.264 0.264 0.005                    	batterySag: 0.5	link quality: 36	flight time: 0s                    	pos 0.29 -2.51 -0.21	yaw: 0.04	msg/s 0.0
INFO: 28-10-2022 21:52:43 log_status(193) -- Drogno_3: out of BOX	battery: 4.19                    	kalman var: 0.427 0.427 0.007                    	batterySag: 0.5	link quality: 36	flight time: 0s                    	pos 0.44 -3.93 -0.34	yaw: 0.05	msg/s 0.0
INFO: 28-10-2022 21:52:44 log_status(193) -- Drogno_3: out of BOX	battery: 4.19                    	kalman var: 0.597 0.597 0.008                    	batterySag: 0.5	link quality: 36	flight time: 0s                    	pos 0.59 -5.36 -0.46	yaw: 0.04	msg/s 0.0
INFO: 28-10-2022 21:52:45 log_status(193) -- Drogno_3: out of BOX	battery: 4.19                    	kalman var: 0.845 0.845 0.009                    	batterySag: 0.5	link quality: 36	flight time: 0s                    	pos 0.80 -7.35 -0.63	yaw: 0.04	msg/s 0.0
INFO: 28-10-2022 21:52:46 log_status(193) -- Drogno_3: out of BOX	battery: 4.19                    	kalman var: 1.092 1.092 0.01                    	batterySag: 0.5	link quality: 36	flight time: 0s                    	pos 1.00 -9.25 -0.80	yaw: 0.04	msg/s 0.0
INFO: 28-10-2022 21:52:47 log_status(193) -- Drogno_3: out of BOX	battery: 4.19                    	kalman var: 1.436 1.436 0.011                    	batterySag: 0.5	link quality: 36	flight time: 0s                    	pos 1.26 -11.80 -1.02	yaw: 0.05	msg/s 0.0
INFO: 28-10-2022 21:52:49 log_status(193) -- Drogno_3: out of BOX	battery: 4.19                    	kalman var: 1.769 1.769 0.012                    	batterySag: 0.5	link quality: 36	flight time: 0s                    	pos 1.50 -14.20 -1.23	yaw: 0.05	msg/s 0.0
INFO: 28-10-2022 21:52:50 log_status(193) -- Drogno_3: out of BOX	battery: 4.19                    	kalman var: 2.225 2.225 0.013                    	batterySag: 0.5	link quality: 36	flight time: 0s                    	pos 1.82 -17.36 -1.50	yaw: 0.04	msg/s 0.0
INFO: 28-10-2022 21:52:51 log_status(193) -- Drogno_3: out of BOX	battery: 4.19                    	kalman var: 2.656 2.656 0.015                    	batterySag: 0.5	link quality: 36	flight time: 0s                    	pos 2.12 -20.27 -1.74	yaw: 0.05	msg/s 0.0
INFO: 28-10-2022 21:52:52 log_status(193) -- Drogno_3: out of BOX	battery: 4.19                    	kalman var: 3.229 3.229 0.016                    	batterySag: 0.5	link quality: 36	flight time: 0s                    	pos 2.49 -23.98 -2.05	yaw: 0.05	msg/s 0.0
INFO: 28-10-2022 21:52:53 log_status(193) -- Drogno_3: out of BOX	battery: 4.19                    	kalman var: 3.766 3.766 0.017                    	batterySag: 0.5	link quality: 36	flight time: 0s                    	pos 2.83 -27.38 -2.33	yaw: 0.05	msg/s 0.0
INFO: 28-10-2022 21:52:54 log_status(193) -- Drogno_3: out of BOX	battery: 4.19                    	kalman var: 4.477 4.477 0.018                    	batterySag: 0.5	link quality: 36	flight time: 0s                    	pos 3.26 -31.75 -2.69	yaw: 0.04	msg/s 0.0
INFO: 28-10-2022 21:52:55 log_status(193) -- Drogno_3: out of BOX	battery: 4.19                    	kalman var: 5.129 5.129 0.019                    	batterySag: 0.5	link quality: 36	flight time: 0s                    	pos 3.64 -35.62 -3.01	yaw: 0.03	msg/s 0.0
INFO: 28-10-2022 21:52:56 log_status(193) -- Drogno_3: out of BOX	battery: 4.19                    	kalman var: 5.988 5.988 0.021                    	batterySag: 0.5	link quality: 36	flight time: 0s                    	pos 4.12 -40.62 -3.42	yaw: 0.01	msg/s 0.0
INFO: 28-10-2022 21:52:57 log_status(193) -- Drogno_3: out of BOX	battery: 4.19                    	kalman var: 6.766 6.766 0.022                    	batterySag: 0.5	link quality: 36	flight time: 0s                    	pos 4.54 -45.00 -3.79	yaw: 0.02	msg/s 0.0
INFO: 28-10-2022 21:52:58 log_status(193) -- Drogno_3: out of BOX	battery: 4.19                    	kalman var: 7.77 7.77 0.023                    	batterySag: 0.5	link quality: 36	flight time: 0s                    	pos 5.05 -50.53 -4.24	yaw: 0.03	msg/s 0.0
INFO: 28-10-2022 21:53:00 log_status(193) -- Drogno_3: out of BOX	battery: 4.19                    	kalman var: 8.688 8.688 0.024                    	batterySag: 0.5	link quality: 36	flight time: 0s                    	pos 5.50 -55.44 -4.65	yaw: 0.03	msg/s 0.0
INFO: 28-10-2022 21:53:01 log_status(193) -- Drogno_3: out of BOX	battery: 4.19                    	kalman var: 9.875 9.875 0.025                    	batterySag: 0.5	link quality: 36	flight time: 0s                    	pos 6.06 -61.62 -5.16	yaw: 0.04	msg/s 0.0
INFO: 28-10-2022 21:53:02 log_status(193) -- Drogno_3: out of BOX	battery: 4.19                    	kalman var: 10.922 10.922 0.026                    	batterySag: 0.5	link quality: 36	flight time: 0s                    	pos 6.55 -67.00 -5.60	yaw: 0.03	msg/s 0.0
INFO: 28-10-2022 21:53:03 log_status(193) -- Drogno_3: out of BOX	battery: 4.19                    	kalman var: 12.281 12.281 0.028                    	batterySag: 0.5	link quality: 36	flight time: 0s                    	pos 7.15 -73.81 -6.15	yaw: 0.03	msg/s 0.0
INFO: 28-10-2022 21:53:04 log_status(193) -- Drogno_3: out of BOX	battery: 4.19                    	kalman var: 13.5 13.5 0.029                    	batterySag: 0.5	link quality: 36	flight time: 0s                    	pos 7.66 -79.69 -6.63	yaw: 0.04	msg/s 0.0
INFO: 28-10-2022 21:53:05 log_status(193) -- Drogno_3: out of BOX	battery: 4.19                    	kalman var: 15.055 15.055 0.03                    	batterySag: 0.5	link quality: 36	flight time: 0s                    	pos 8.29 -87.12 -7.24	yaw: 0.04	msg/s 0.0
INFO: 28-10-2022 21:53:06 log_status(193) -- Drogno_3: out of BOX	battery: 4.19                    	kalman var: 16.438 16.438 0.031                    	batterySag: 0.5	link quality: 36	flight time: 0s                    	pos 8.84 -93.56 -7.76	yaw: 0.03	msg/s 0.0
INFO: 28-10-2022 21:53:07 log_status(193) -- Drogno_3: ready	battery: 4.19                    	kalman var: 0.001 0.001 0.0                    	batterySag: 0.5	link quality: 36	flight time: 0s                    	pos 0.00 -0.01 -0.00	yaw: 0.00	msg/s 0.0
INFO: 28-10-2022 21:53:08 log_status(193) -- Drogno_3: BAD kalman	battery: 4.19                    	kalman var: 0.015 0.015 0.001                    	batterySag: 0.5	link quality: 36	flight time: 0s                    	pos 0.01 -0.16 -0.02	yaw: 0.02	msg/s 0.0
INFO: 28-10-2022 21:53:09 log_status(193) -- Drogno_3: BAD kalman	battery: 4.19                    	kalman var: 0.062 0.062 0.003                    	batterySag: 0.5	link quality: 36	flight time: 0s                    	pos 0.05 -0.63 -0.06	yaw: 0.02	msg/s 0.0
INFO: 28-10-2022 21:53:11 log_status(193) -- Drogno_3: BAD kalman	battery: 4.19                    	kalman var: 0.128 0.128 0.004                    	batterySag: 0.5	link quality: 36	flight time: 0s                    	pos 0.11 -1.25 -0.12	yaw: 0.02	msg/s 0.0
INFO: 28-10-2022 21:53:12 log_status(193) -- Drogno_3: BAD kalman	battery: 4.19                    	kalman var: 0.24 0.24 0.005                    	batterySag: 0.5	link quality: 36	flight time: 0s                    	pos 0.21 -2.27 -0.21	yaw: 0.01	msg/s 0.0
INFO: 28-10-2022 21:53:13 log_status(193) -- Drogno_3: out of BOX	battery: 4.19                    	kalman var: 0.366 0.366 0.006                    	batterySag: 0.5	link quality: 36	flight time: 0s                    	pos 0.31 -3.38 -0.31	yaw: 0.02	msg/s 0.0
INFO: 28-10-2022 21:53:14 log_status(193) -- Drogno_3: out of BOX	battery: 4.19                    	kalman var: 0.558 0.558 0.007                    	batterySag: 0.5	link quality: 36	flight time: 0s                    	pos 0.45 -4.99 -0.45	yaw: 0.03	msg/s 0.0
INFO: 28-10-2022 21:53:15 log_status(193) -- Drogno_3: out of BOX	battery: 4.19                    	kalman var: 0.754 0.754 0.008                    	batterySag: 0.5	link quality: 36	flight time: 0s                    	pos 0.59 -6.58 -0.59	yaw: 0.03	msg/s 0.0
INFO: 28-10-2022 21:53:16 log_status(193) -- Drogno_3: out of BOX	battery: 4.19                    	kalman var: 1.036 1.036 0.01                    	batterySag: 0.5	link quality: 36	flight time: 0s                    	pos 0.78 -8.78 -0.79	yaw: 0.03	msg/s 0.0
INFO: 28-10-2022 21:53:17 log_status(193) -- Drogno_3: out of BOX	battery: 4.19                    	kalman var: 1.311 1.311 0.011                    	batterySag: 0.5	link quality: 36	flight time: 0s                    	pos 0.95 -10.84 -0.97	yaw: 0.02	msg/s 0.0
INFO: 28-10-2022 21:53:18 log_status(193) -- Drogno_3: out of BOX	battery: 4.19                    	kalman var: 1.694 1.694 0.012                    	batterySag: 0.5	link quality: 36	flight time: 0s                    	pos 1.17 -13.62 -1.22	yaw: 0.02	msg/s 0.0
INFO: 28-10-2022 21:53:19 log_status(193) -- Drogno_3: out of BOX	battery: 4.19                    	kalman var: 2.062 2.062 0.013                    	batterySag: 0.5	link quality: 36	flight time: 0s                    	pos 1.38 -16.20 -1.45	yaw: 0.03	msg/s 0.0
INFO: 28-10-2022 21:53:20 log_status(193) -- Drogno_3: out of BOX	battery: 4.19                    	kalman var: 2.561 2.561 0.014                    	batterySag: 0.5	link quality: 36	flight time: 0s                    	pos 1.64 -19.59 -1.75	yaw: 0.04	msg/s 0.0
INFO: 28-10-2022 21:53:22 log_status(193) -- Drogno_3: out of BOX	battery: 4.19                    	kalman var: 3.025 3.025 0.015                    	batterySag: 0.5	link quality: 36	flight time: 0s                    	pos 1.87 -22.66 -2.02	yaw: 0.03	msg/s 0.0
INFO: 28-10-2022 21:53:23 log_status(193) -- Drogno_3: out of BOX	battery: 4.19                    	kalman var: 3.646 3.646 0.017                    	batterySag: 0.5	link quality: 36	flight time: 0s                    	pos 2.17 -26.62 -2.36	yaw: 0.04	msg/s 0.0
INFO: 28-10-2022 21:53:24 log_status(193) -- Drogno_3: out of BOX	battery: 4.19                    	kalman var: 4.223 4.223 0.018                    	batterySag: 0.5	link quality: 36	flight time: 0s                    	pos 2.43 -30.19 -2.67	yaw: 0.05	msg/s 0.0
INFO: 28-10-2022 21:53:25 log_status(193) -- Drogno_3: out of BOX	battery: 4.19                    	kalman var: 4.984 4.984 0.019                    	batterySag: 0.5	link quality: 36	flight time: 0s                    	pos 2.76 -34.78 -3.06	yaw: 0.04	msg/s 0.0
INFO: 28-10-2022 21:53:26 log_status(193) -- Drogno_3: out of BOX	battery: 4.19                    	kalman var: 5.68 5.68 0.02                    	batterySag: 0.5	link quality: 36	flight time: 0s                    	pos 3.05 -38.88 -3.40	yaw: 0.04	msg/s 0.0
INFO: 28-10-2022 21:53:27 log_status(193) -- Drogno_3: out of BOX	battery: 4.19                    	kalman var: 6.59 6.59 0.021                    	batterySag: 0.5	link quality: 36	flight time: 0s                    	pos 3.41 -44.06 -3.84	yaw: 0.02	msg/s 0.0
INFO: 28-10-2022 21:53:28 log_status(193) -- Drogno_3: out of BOX	battery: 4.19                    	kalman var: 7.414 7.414 0.022                    	batterySag: 0.5	link quality: 36	flight time: 0s                    	pos 3.72 -48.62 -4.22	yaw: 0.02	msg/s 0.0
INFO: 28-10-2022 21:53:29 log_status(193) -- Drogno_3: out of BOX	battery: 4.19                    	kalman var: 8.492 8.492 0.024                    	batterySag: 0.5	link quality: 36	flight time: 0s                    	pos 4.11 -54.44 -4.70	yaw: 0.04	msg/s 0.0
INFO: 28-10-2022 21:53:30 log_status(193) -- Drogno_3: out of BOX	battery: 4.19                    	kalman var: 9.453 9.453 0.025                    	batterySag: 0.5	link quality: 36	flight time: 0s                    	pos 4.45 -59.56 -5.13	yaw: 0.04	msg/s 0.0
INFO: 28-10-2022 21:53:31 log_status(193) -- Drogno_3: out of BOX	battery: 4.19                    	kalman var: 10.703 10.703 0.026                    	batterySag: 0.5	link quality: 36	flight time: 0s                    	pos 4.86 -66.00 -5.66	yaw: 0.04	msg/s 0.0
INFO: 28-10-2022 21:53:33 log_status(193) -- Drogno_3: out of BOX	battery: 4.19                    	kalman var: 11.805 11.805 0.027                    	batterySag: 0.5	link quality: 36	flight time: 0s                    	pos 5.21 -71.56 -6.12	yaw: 0.05	msg/s 0.0
INFO: 28-10-2022 21:53:34 log_status(193) -- Drogno_3: out of BOX	battery: 4.19                    	kalman var: 13.234 13.234 0.029                    	batterySag: 0.5	link quality: 36	flight time: 0s                    	pos 5.66 -78.56 -6.70	yaw: 0.05	msg/s 0.0
INFO: 28-10-2022 21:53:35 log_status(193) -- Drogno_3: out of BOX	battery: 4.19                    	kalman var: 14.508 14.508 0.03                    	batterySag: 0.5	link quality: 36	flight time: 0s                    	pos 6.05 -84.69 -7.20	yaw: 0.05	msg/s 0.0
INFO: 28-10-2022 21:53:36 log_status(193) -- Drogno_3: out of BOX	battery: 4.19                    	kalman var: 16.141 16.141 0.031                    	batterySag: 0.5	link quality: 36	flight time: 0s                    	pos 6.53 -92.38 -7.82	yaw: 0.05	msg/s 0.0
INFO: 28-10-2022 21:53:37 log_status(193) -- Drogno_3: out of BOX	battery: 4.19                    	kalman var: 17.578 17.578 0.032                    	batterySag: 0.5	link quality: 36	flight time: 0s                    	pos 6.95 -99.00 -8.36	yaw: 0.05	msg/s 0.0
INFO: 28-10-2022 21:53:38 log_status(193) -- Drogno_3: BAD kalman	battery: 4.19                    	kalman var: 0.011 0.011 0.001                    	batterySag: 0.5	link quality: 36	flight time: 0s                    	pos 0.01 -0.12 -0.01	yaw: 0.01	msg/s 0.0
INFO: 28-10-2022 21:53:39 log_status(193) -- Drogno_3: BAD kalman	battery: 4.19                    	kalman var: 0.044 0.044 0.002                    	batterySag: 0.5	link quality: 36	flight time: 0s                    	pos 0.04 -0.45 -0.04	yaw: 0.01	msg/s 0.0
INFO: 28-10-2022 21:53:40 log_status(193) -- Drogno_3: BAD kalman	battery: 4.19                    	kalman var: 0.114 0.114 0.004                    	batterySag: 0.5	link quality: 36	flight time: 0s                    	pos 0.09 -1.13 -0.10	yaw: 0.02	msg/s 0.0
INFO: 28-10-2022 21:53:41 log_status(193) -- Drogno_3: BAD kalman	battery: 4.19                    	kalman var: 0.201 0.201 0.005                    	batterySag: 0.5	link quality: 36	flight time: 0s                    	pos 0.15 -1.95 -0.16	yaw: 0.03	msg/s 0.0
INFO: 28-10-2022 21:53:42 log_status(193) -- Drogno_3: out of BOX	battery: 4.19                    	kalman var: 0.342 0.342 0.006                    	batterySag: 0.5	link quality: 36	flight time: 0s                    	pos 0.24 -3.21 -0.27	yaw: 0.03	msg/s 0.0
INFO: 28-10-2022 21:53:44 log_status(193) -- Drogno_3: out of BOX	battery: 4.19                    	kalman var: 0.493 0.493 0.007                    	batterySag: 0.5	link quality: 36	flight time: 0s                    	pos 0.33 -4.52 -0.38	yaw: 0.02	msg/s 0.0
INFO: 28-10-2022 21:53:45 log_status(193) -- Drogno_3: out of BOX	battery: 4.19                    	kalman var: 0.717 0.717 0.008                    	batterySag: 0.5	link quality: 36	flight time: 0s                    	pos 0.46 -6.37 -0.54	yaw: 0.02	msg/s 0.0
INFO: 28-10-2022 21:53:46 log_status(193) -- Drogno_3: out of BOX	battery: 4.19                    	kalman var: 0.943 0.943 0.009                    	batterySag: 0.5	link quality: 36	flight time: 0s                    	pos 0.59 -8.17 -0.69	yaw: 0.03	msg/s 0.0
INFO: 28-10-2022 21:53:47 log_status(193) -- Drogno_3: out of BOX	battery: 4.19                    	kalman var: 1.262 1.262 0.011                    	batterySag: 0.5	link quality: 36	flight time: 0s                    	pos 0.75 -10.62 -0.90	yaw: 0.04	msg/s 0.0
INFO: 28-10-2022 21:53:48 log_status(193) -- Drogno_3: out of BOX	battery: 4.19                    	kalman var: 1.571 1.571 0.012                    	batterySag: 0.5	link quality: 36	flight time: 0s                    	pos 0.90 -12.93 -1.10	yaw: 0.04	msg/s 0.0
INFO: 28-10-2022 21:53:49 log_status(193) -- Drogno_3: out of BOX	battery: 4.19                    	kalman var: 1.994 1.994 0.013                    	batterySag: 0.5	link quality: 36	flight time: 0s                    	pos 1.10 -15.96 -1.35	yaw: 0.03	msg/s 0.0
INFO: 28-10-2022 21:53:50 log_status(193) -- Drogno_3: out of BOX	battery: 4.19                    	kalman var: 2.396 2.396 0.014                    	batterySag: 0.5	link quality: 36	flight time: 0s                    	pos 1.28 -18.77 -1.59	yaw: 0.03	msg/s 0.0
INFO: 28-10-2022 21:53:51 log_status(193) -- Drogno_3: out of BOX	battery: 4.19                    	kalman var: 2.941 2.941 0.015                    	batterySag: 0.5	link quality: 36	flight time: 0s                    	pos 1.51 -22.42 -1.90	yaw: 0.04	msg/s 0.0
INFO: 28-10-2022 21:53:52 log_status(193) -- Drogno_3: out of BOX	battery: 4.19                    	kalman var: 3.447 3.447 0.016                    	batterySag: 0.5	link quality: 36	flight time: 0s                    	pos 1.72 -25.73 -2.17	yaw: 0.05	msg/s 0.0
INFO: 28-10-2022 21:53:53 log_status(193) -- Drogno_3: out of BOX	battery: 4.19                    	kalman var: 4.121 4.121 0.018                    	batterySag: 0.5	link quality: 36	flight time: 0s                    	pos 1.98 -30.00 -2.52	yaw: 0.05	msg/s 0.0
INFO: 28-10-2022 21:53:55 log_status(193) -- Drogno_3: out of BOX	battery: 4.19                    	kalman var: 4.742 4.742 0.019                    	batterySag: 0.5	link quality: 36	flight time: 0s                    	pos 2.20 -33.81 -2.83	yaw: 0.03	msg/s 0.0
INFO: 28-10-2022 21:53:56 log_status(193) -- Drogno_3: out of BOX	battery: 4.19                    	kalman var: 5.559 5.559 0.02                    	batterySag: 0.5	link quality: 36	flight time: 0s                    	pos 2.49 -38.72 -3.23	yaw: 0.04	msg/s 0.0
INFO: 28-10-2022 21:53:57 log_status(193) -- Drogno_3: out of BOX	battery: 4.19                    	kalman var: 6.301 6.301 0.021                    	batterySag: 0.5	link quality: 36	flight time: 0s                    	pos 2.73 -43.06 -3.59	yaw: 0.03	msg/s 0.0
INFO: 28-10-2022 21:53:58 log_status(193) -- Drogno_3: out of BOX	battery: 4.19                    	kalman var: 7.266 7.266 0.022                    	batterySag: 0.5	link quality: 36	flight time: 0s                    	pos 3.03 -48.56 -4.03	yaw: 0.04	msg/s 0.0
INFO: 28-10-2022 21:53:59 log_status(193) -- Drogno_3: out of BOX	battery: 4.19                    	kalman var: 8.141 8.141 0.023                    	batterySag: 0.5	link quality: 36	flight time: 0s                    	pos 3.29 -53.44 -4.41	yaw: 0.05	msg/s 0.0
INFO: 28-10-2022 21:54:00 log_status(193) -- Drogno_3: out of BOX	battery: 4.19                    	kalman var: 9.281 9.281 0.025                    	batterySag: 0.5	link quality: 36	flight time: 0s                    	pos 3.61 -59.59 -4.90	yaw: 0.05	msg/s 0.0
INFO: 28-10-2022 21:54:01 log_status(193) -- Drogno_3: out of BOX	battery: 4.19                    	kalman var: 10.297 10.297 0.026                    	batterySag: 0.5	link quality: 36	flight time: 0s                    	pos 3.89 -65.00 -5.32	yaw: 0.05	msg/s 0.0
INFO: 28-10-2022 21:54:02 log_status(193) -- Drogno_3: out of BOX	battery: 4.19                    	kalman var: 11.609 11.609 0.027                    	batterySag: 0.5	link quality: 36	flight time: 0s                    	pos 4.25 -71.75 -5.86	yaw: 0.06	msg/s 0.0
INFO: 28-10-2022 21:54:03 log_status(193) -- Drogno_3: out of BOX	battery: 4.19                    	kalman var: 12.789 12.789 0.028                    	batterySag: 0.5	link quality: 36	flight time: 0s                    	pos 4.55 -77.69 -6.32	yaw: 0.06	msg/s 0.0
INFO: 28-10-2022 21:54:04 log_status(193) -- Drogno_3: out of BOX	battery: 4.19                    	kalman var: 14.289 14.289 0.03                    	batterySag: 0.5	link quality: 36	flight time: 0s                    	pos 4.94 -85.06 -6.89	yaw: 0.06	msg/s 0.0
INFO: 28-10-2022 21:54:06 log_status(193) -- Drogno_3: out of BOX	battery: 4.19                    	kalman var: 15.625 15.625 0.031                    	batterySag: 0.5	link quality: 36	flight time: 0s                    	pos 5.27 -91.50 -7.39	yaw: 0.06	msg/s 0.0
INFO: 28-10-2022 21:54:07 log_status(193) -- Drogno_3: out of BOX	battery: 4.19                    	kalman var: 17.312 17.312 0.032                    	batterySag: 0.5	link quality: 36	flight time: 0s                    	pos 5.67 -99.50 -8.00	yaw: 0.07	msg/s 0.0
INFO: 28-10-2022 21:54:08 log_status(193) -- Drogno_3: ready	battery: 4.19                    	kalman var: 0.009 0.009 0.001                    	batterySag: 0.5	link quality: 36	flight time: 0s                    	pos 0.01 -0.09 -0.01	yaw: 0.00	msg/s 0.0
INFO: 28-10-2022 21:54:09 log_status(193) -- Drogno_3: BAD kalman	battery: 4.19                    	kalman var: 0.047 0.047 0.002                    	batterySag: 0.5	link quality: 36	flight time: 0s                    	pos 0.05 -0.49 -0.04	yaw: 0.02	msg/s 0.0
INFO: 28-10-2022 21:54:10 log_status(193) -- Drogno_3: BAD kalman	battery: 4.19                    	kalman var: 0.105 0.105 0.003                    	batterySag: 0.5	link quality: 36	flight time: 0s                    	pos 0.10 -1.06 -0.09	yaw: 0.01	msg/s 0.0
INFO: 28-10-2022 21:54:11 log_status(193) -- Drogno_3: BAD kalman	battery: 4.19                    	kalman var: 0.209 0.209 0.005                    	batterySag: 0.5	link quality: 36	flight time: 0s                    	pos 0.20 -2.03 -0.17	yaw: 0.01	msg/s 0.0
INFO: 28-10-2022 21:54:12 log_status(193) -- Drogno_3: out of BOX	battery: 4.19                    	kalman var: 0.326 0.326 0.006                    	batterySag: 0.5	link quality: 36	flight time: 0s                    	pos 0.31 -3.09 -0.26	yaw: 0.01	msg/s 0.0
INFO: 28-10-2022 21:54:13 log_status(193) -- Drogno_3: out of BOX	battery: 4.19                    	kalman var: 0.505 0.505 0.007                    	batterySag: 0.5	link quality: 36	flight time: 0s                    	pos 0.45 -4.65 -0.38	yaw: 0.01	msg/s 0.0
INFO: 28-10-2022 21:54:14 log_status(193) -- Drogno_3: out of BOX	battery: 4.19                    	kalman var: 0.69 0.69 0.008                    	batterySag: 0.5	link quality: 36	flight time: 0s                    	pos 0.59 -6.20 -0.50	yaw: 0.02	msg/s 0.0
INFO: 28-10-2022 21:54:15 log_status(193) -- Drogno_3: out of BOX	battery: 4.19                    	kalman var: 0.959 0.959 0.009                    	batterySag: 0.5	link quality: 36	flight time: 0s                    	pos 0.78 -8.37 -0.68	yaw: 0.03	msg/s 0.0
INFO: 28-10-2022 21:54:17 log_status(193) -- Drogno_3: out of BOX	battery: 4.19                    	kalman var: 1.225 1.225 0.01                    	batterySag: 0.5	link quality: 36	flight time: 0s                    	pos 0.95 -10.44 -0.84	yaw: 0.04	msg/s 0.0
INFO: 28-10-2022 21:54:18 log_status(193) -- Drogno_3: out of BOX	battery: 4.19                    	kalman var: 1.594 1.594 0.012                    	batterySag: 0.5	link quality: 36	flight time: 0s                    	pos 1.17 -13.22 -1.06	yaw: 0.04	msg/s 0.0
INFO: 28-10-2022 21:54:19 log_status(193) -- Drogno_3: out of BOX	battery: 4.19                    	kalman var: 1.944 1.944 0.013                    	batterySag: 0.5	link quality: 36	flight time: 0s                    	pos 1.37 -15.77 -1.26	yaw: 0.03	msg/s 0.0
INFO: 28-10-2022 21:54:20 log_status(193) -- Drogno_3: out of BOX	battery: 4.19                    	kalman var: 2.426 2.426 0.014                    	batterySag: 0.5	link quality: 36	flight time: 0s                    	pos 1.62 -19.16 -1.52	yaw: 0.03	msg/s 0.0
INFO: 28-10-2022 21:54:21 log_status(193) -- Drogno_3: out of BOX	battery: 4.19                    	kalman var: 2.879 2.879 0.015                    	batterySag: 0.5	link quality: 36	flight time: 0s                    	pos 1.84 -22.23 -1.76	yaw: 0.02	msg/s 0.0
INFO: 28-10-2022 21:54:22 log_status(193) -- Drogno_3: out of BOX	battery: 4.19                    	kalman var: 3.484 3.484 0.016                    	batterySag: 0.5	link quality: 36	flight time: 0s                    	pos 2.13 -26.25 -2.06	yaw: 0.01	msg/s 0.0
INFO: 28-10-2022 21:54:23 log_status(193) -- Drogno_3: out of BOX	battery: 4.19                    	kalman var: 4.043 4.043 0.017                    	batterySag: 0.5	link quality: 36	flight time: 0s                    	pos 2.38 -29.84 -2.34	yaw: 0.01	msg/s 0.0
INFO: 28-10-2022 21:54:24 log_status(193) -- Drogno_3: out of BOX	battery: 4.19                    	kalman var: 4.785 4.785 0.019                    	batterySag: 0.5	link quality: 36	flight time: 0s                    	pos 2.69 -34.47 -2.69	yaw: 0.03	msg/s 0.0
INFO: 28-10-2022 21:54:25 log_status(193) -- Drogno_3: out of BOX	battery: 4.19                    	kalman var: 5.465 5.465 0.02                    	batterySag: 0.5	link quality: 36	flight time: 0s                    	pos 2.96 -38.59 -3.00	yaw: 0.02	msg/s 0.0
INFO: 28-10-2022 21:54:26 log_status(193) -- Drogno_3: out of BOX	battery: 4.19                    	kalman var: 6.352 6.352 0.021                    	batterySag: 0.5	link quality: 36	flight time: 0s                    	pos 3.30 -43.81 -3.40	yaw: 0.02	msg/s 0.0
INFO: 28-10-2022 21:54:28 log_status(193) -- Drogno_3: out of BOX	battery: 4.19                    	kalman var: 7.324 7.324 0.022                    	batterySag: 0.5	link quality: 36	flight time: 0s                    	pos 3.66 -49.38 -3.83	yaw: 0.02	msg/s 0.0
INFO: 28-10-2022 21:54:29 log_status(193) -- Drogno_3: out of BOX	battery: 4.19                    	kalman var: 8.203 8.203 0.024                    	batterySag: 0.5	link quality: 36	flight time: 0s                    	pos 3.97 -54.31 -4.20	yaw: 0.02	msg/s 0.0
INFO: 28-10-2022 21:54:30 log_status(193) -- Drogno_3: out of BOX	battery: 4.19                    	kalman var: 9.344 9.344 0.025                    	batterySag: 0.5	link quality: 36	flight time: 0s                    	pos 4.36 -60.53 -4.68	yaw: 0.03	msg/s 0.0
INFO: 28-10-2022 21:54:31 log_status(193) -- Drogno_3: out of BOX	battery: 4.19                    	kalman var: 10.375 10.367 0.026                    	batterySag: 0.5	link quality: 36	flight time: 0s                    	pos 4.69 -66.00 -5.08	yaw: 0.04	msg/s 0.0
INFO: 28-10-2022 21:54:32 log_status(193) -- Drogno_3: out of BOX	battery: 4.19                    	kalman var: 11.688 11.688 0.027                    	batterySag: 0.5	link quality: 36	flight time: 0s                    	pos 5.11 -72.81 -5.60	yaw: 0.04	msg/s 0.0
INFO: 28-10-2022 21:54:33 log_status(193) -- Drogno_3: out of BOX	battery: 4.19                    	kalman var: 12.867 12.867 0.028                    	batterySag: 0.5	link quality: 36	flight time: 0s                    	pos 5.47 -78.81 -6.05	yaw: 0.05	msg/s 0.0
INFO: 28-10-2022 21:54:34 log_status(193) -- Drogno_3: out of BOX	battery: 4.19                    	kalman var: 14.375 14.375 0.03                    	batterySag: 0.5	link quality: 36	flight time: 0s                    	pos 5.92 -86.31 -6.61	yaw: 0.06	msg/s 0.0
INFO: 28-10-2022 21:54:35 log_status(193) -- Drogno_3: out of BOX	battery: 4.19                    	kalman var: 15.703 15.703 0.031                    	batterySag: 0.5	link quality: 36	flight time: 0s                    	pos 6.30 -92.69 -7.09	yaw: 0.06	msg/s 0.0
INFO: 28-10-2022 21:54:36 log_status(193) -- Drogno_3: ready	battery: 4.19                    	kalman var: 0.0 0.0 0.0                    	batterySag: 0.5	link quality: 36	flight time: 0s                    	pos 0.00 -0.00 -0.00	yaw: -0.00	msg/s 0.0
INFO: 28-10-2022 21:54:37 log_status(193) -- Drogno_3: BAD kalman	battery: 4.19                    	kalman var: 0.013 0.013 0.001                    	batterySag: 0.5	link quality: 36	flight time: 0s                    	pos 0.01 -0.13 -0.01	yaw: 0.00	msg/s 0.0
INFO: 28-10-2022 21:54:39 log_status(193) -- Drogno_3: BAD kalman	battery: 4.19                    	kalman var: 0.056 0.056 0.003                    	batterySag: 0.5	link quality: 36	flight time: 0s                    	pos 0.05 -0.57 -0.05	yaw: 0.02	msg/s 0.0
INFO: 28-10-2022 21:54:40 log_status(193) -- Drogno_3: BAD kalman	battery: 4.19                    	kalman var: 0.119 0.119 0.004                    	batterySag: 0.5	link quality: 36	flight time: 0s                    	pos 0.10 -1.18 -0.10	yaw: 0.02	msg/s 0.0
INFO: 28-10-2022 21:54:41 log_status(193) -- Drogno_3: BAD kalman	battery: 4.19                    	kalman var: 0.229 0.229 0.005                    	batterySag: 0.5	link quality: 36	flight time: 0s                    	pos 0.19 -2.20 -0.18	yaw: 0.03	msg/s 0.0
INFO: 28-10-2022 21:54:42 log_status(193) -- Drogno_3: out of BOX	battery: 4.19                    	kalman var: 0.352 0.352 0.006                    	batterySag: 0.5	link quality: 37	flight time: 0s                    	pos 0.28 -3.30 -0.27	yaw: 0.03	msg/s 0.0
INFO: 28-10-2022 21:54:43 log_status(193) -- Drogno_3: out of BOX	battery: 4.19                    	kalman var: 0.539 0.539 0.007                    	batterySag: 0.5	link quality: 36	flight time: 0s                    	pos 0.42 -4.91 -0.40	yaw: 0.05	msg/s 0.0
INFO: 28-10-2022 21:54:44 log_status(193) -- Drogno_3: out of BOX	battery: 4.19                    	kalman var: 0.732 0.732 0.008                    	batterySag: 0.5	link quality: 36	flight time: 0s                    	pos 0.55 -6.50 -0.54	yaw: 0.06	msg/s 0.0
INFO: 28-10-2022 21:54:45 log_status(193) -- Drogno_3: out of BOX	battery: 4.19                    	kalman var: 1.01 1.01 0.01                    	batterySag: 0.5	link quality: 37	flight time: 0s                    	pos 0.71 -8.72 -0.72	yaw: 0.07	msg/s 0.0
INFO: 28-10-2022 21:54:46 log_status(193) -- Drogno_3: out of BOX	battery: 4.19                    	kalman var: 1.282 1.282 0.011                    	batterySag: 0.5	link quality: 37	flight time: 0s                    	pos 0.87 -10.80 -0.89	yaw: 0.08	msg/s 0.0
INFO: 28-10-2022 21:54:47 log_status(193) -- Drogno_3: out of BOX	battery: 4.19                    	kalman var: 1.658 1.658 0.012                    	batterySag: 0.5	link quality: 37	flight time: 0s                    	pos 1.07 -13.59 -1.11	yaw: 0.07	msg/s 0.0
INFO: 28-10-2022 21:54:48 log_status(193) -- Drogno_3: out of BOX	battery: 4.19                    	kalman var: 2.02 2.02 0.013                    	batterySag: 0.5	link quality: 36	flight time: 0s                    	pos 1.24 -16.17 -1.31	yaw: 0.07	msg/s 0.0
INFO: 28-10-2022 21:54:50 log_status(193) -- Drogno_3: out of BOX	battery: 4.19                    	kalman var: 2.514 2.514 0.014                    	batterySag: 0.5	link quality: 37	flight time: 0s                    	pos 1.46 -19.58 -1.58	yaw: 0.08	msg/s 0.0
INFO: 28-10-2022 21:54:51 log_status(193) -- Drogno_3: out of BOX	battery: 4.19                    	kalman var: 2.975 2.975 0.015                    	batterySag: 0.5	link quality: 36	flight time: 0s                    	pos 1.65 -22.67 -1.82	yaw: 0.09	msg/s 0.0
INFO: 28-10-2022 21:54:52 log_status(193) -- Drogno_3: out of BOX	battery: 4.19                    	kalman var: 3.592 3.592 0.017                    	batterySag: 0.5	link quality: 36	flight time: 0s                    	pos 1.89 -26.69 -2.13	yaw: 0.08	msg/s 0.0
INFO: 28-10-2022 21:54:53 log_status(193) -- Drogno_3: out of BOX	battery: 4.19                    	kalman var: 4.164 4.164 0.018                    	batterySag: 0.5	link quality: 37	flight time: 0s                    	pos 2.10 -30.28 -2.40	yaw: 0.08	msg/s 0.0
INFO: 28-10-2022 21:54:54 log_status(193) -- Drogno_3: out of BOX	battery: 4.19                    	kalman var: 4.922 4.922 0.019                    	batterySag: 0.5	link quality: 37	flight time: 0s                    	pos 2.36 -34.91 -2.76	yaw: 0.07	msg/s 0.0
INFO: 28-10-2022 21:54:55 log_status(193) -- Drogno_3: out of BOX	battery: 4.19                    	kalman var: 5.613 5.613 0.02                    	batterySag: 0.5	link quality: 37	flight time: 0s                    	pos 2.59 -39.00 -3.07	yaw: 0.08	msg/s 0.0
INFO: 28-10-2022 21:54:56 log_status(193) -- Drogno_3: out of BOX	battery: 4.19                    	kalman var: 6.508 6.508 0.021                    	batterySag: 0.5	link quality: 37	flight time: 0s                    	pos 2.87 -44.19 -3.46	yaw: 0.08	msg/s 0.0
INFO: 28-10-2022 21:54:57 log_status(193) -- Drogno_3: out of BOX	battery: 4.19                    	kalman var: 7.328 7.328 0.022                    	batterySag: 0.5	link quality: 36	flight time: 0s                    	pos 3.13 -48.81 -3.81	yaw: 0.09	msg/s 0.0
INFO: 28-10-2022 21:54:58 log_status(193) -- Drogno_3: out of BOX	battery: 4.19                    	kalman var: 8.391 8.391 0.024                    	batterySag: 0.5	link quality: 36	flight time: 0s                    	pos 3.46 -54.62 -4.25	yaw: 0.08	msg/s 0.0
INFO: 28-10-2022 21:54:59 log_status(193) -- Drogno_3: out of BOX	battery: 4.19                    	kalman var: 9.352 9.352 0.025                    	batterySag: 0.5	link quality: 37	flight time: 0s                    	pos 3.74 -59.75 -4.63	yaw: 0.08	msg/s 0.0
INFO: 28-10-2022 21:55:01 log_status(193) -- Drogno_3: out of BOX	battery: 4.19                    	kalman var: 10.586 10.586 0.026                    	batterySag: 0.5	link quality: 37	flight time: 0s                    	pos 4.09 -66.19 -5.11	yaw: 0.07	msg/s 0.0
INFO: 28-10-2022 21:55:02 log_status(193) -- Drogno_3: out of BOX	battery: 4.19                    	kalman var: 11.695 11.695 0.027                    	batterySag: 0.5	link quality: 37	flight time: 0s                    	pos 4.40 -71.88 -5.54	yaw: 0.08	msg/s 0.0
INFO: 28-10-2022 21:55:03 log_status(193) -- Drogno_3: out of BOX	battery: 4.19                    	kalman var: 13.117 13.117 0.028                    	batterySag: 0.5	link quality: 37	flight time: 0s                    	pos 4.79 -78.94 -6.06	yaw: 0.08	msg/s 0.0
INFO: 28-10-2022 21:55:04 log_status(193) -- Drogno_3: out of BOX	battery: 4.19                    	kalman var: 14.383 14.383 0.03                    	batterySag: 0.5	link quality: 37	flight time: 0s                    	pos 5.12 -85.06 -6.52	yaw: 0.07	msg/s 0.0
INFO: 28-10-2022 21:55:05 log_status(193) -- Drogno_3: out of BOX	battery: 4.19                    	kalman var: 16.0 16.0 0.031                    	batterySag: 0.5	link quality: 37	flight time: 0s                    	pos 5.54 -92.75 -7.10	yaw: 0.06	msg/s 0.0
INFO: 28-10-2022 21:55:06 log_status(193) -- Drogno_3: out of BOX	battery: 4.19                    	kalman var: 17.438 17.438 0.032                    	batterySag: 0.5	link quality: 37	flight time: 0s                    	pos 5.89 -99.38 -7.59	yaw: 0.06	msg/s 0.0
INFO: 28-10-2022 21:55:07 log_status(193) -- Drogno_3: BAD kalman	battery: 4.19                    	kalman var: 0.013 0.013 0.001                    	batterySag: 0.5	link quality: 37	flight time: 0s                    	pos 0.01 -0.13 -0.01	yaw: 0.00	msg/s 0.0
INFO: 28-10-2022 21:55:08 log_status(193) -- Drogno_3: BAD kalman	battery: 4.19                    	kalman var: 0.046 0.046 0.002                    	batterySag: 0.5	link quality: 37	flight time: 0s                    	pos 0.04 -0.47 -0.04	yaw: 0.00	msg/s 0.0
INFO: 28-10-2022 21:55:09 log_status(193) -- Drogno_3: BAD kalman	battery: 4.19                    	kalman var: 0.118 0.118 0.004                    	batterySag: 0.5	link quality: 37	flight time: 0s                    	pos 0.10 -1.18 -0.10	yaw: 0.01	msg/s 0.0
INFO: 28-10-2022 21:55:10 log_status(193) -- Drogno_3: BAD kalman	battery: 4.19                    	kalman var: 0.207 0.207 0.005                    	batterySag: 0.5	link quality: 37	flight time: 0s                    	pos 0.17 -2.01 -0.17	yaw: 0.03	msg/s 0.0
INFO: 28-10-2022 21:55:12 log_status(193) -- Drogno_3: out of BOX	battery: 4.19                    	kalman var: 0.35 0.35 0.006                    	batterySag: 0.5	link quality: 37	flight time: 0s                    	pos 0.27 -3.30 -0.27	yaw: 0.03	msg/s 0.0
INFO: 28-10-2022 21:55:13 log_status(193) -- Drogno_3: out of BOX	battery: 4.19                    	kalman var: 0.503 0.503 0.007                    	batterySag: 0.5	link quality: 37	flight time: 0s                    	pos 0.38 -4.62 -0.38	yaw: 0.03	msg/s 0.0
INFO: 28-10-2022 21:55:14 log_status(193) -- Drogno_3: out of BOX	battery: 4.19                    	kalman var: 0.729 0.729 0.008                    	batterySag: 0.5	link quality: 37	flight time: 0s                    	pos 0.53 -6.50 -0.53	yaw: 0.02	msg/s 0.0
INFO: 28-10-2022 21:55:15 log_status(193) -- Drogno_3: out of BOX	battery: 4.19                    	kalman var: 0.957 0.957 0.009                    	batterySag: 0.5	link quality: 37	flight time: 0s                    	pos 0.68 -8.31 -0.68	yaw: 0.02	msg/s 0.0
INFO: 28-10-2022 21:55:16 log_status(193) -- Drogno_3: out of BOX	battery: 4.19                    	kalman var: 1.279 1.279 0.011                    	batterySag: 0.5	link quality: 37	flight time: 0s                    	pos 0.89 -10.80 -0.88	yaw: 0.03	msg/s 0.0
INFO: 28-10-2022 21:55:17 log_status(193) -- Drogno_3: out of BOX	battery: 4.19                    	kalman var: 1.588 1.588 0.012                    	batterySag: 0.5	link quality: 36	flight time: 0s                    	pos 1.07 -13.09 -1.06	yaw: 0.03	msg/s 0.0
INFO: 28-10-2022 21:55:18 log_status(193) -- Drogno_3: out of BOX	battery: 4.19                    	kalman var: 2.018 2.018 0.013                    	batterySag: 0.5	link quality: 37	flight time: 0s                    	pos 1.32 -16.17 -1.31	yaw: 0.05	msg/s 0.0
INFO: 28-10-2022 21:55:19 log_status(193) -- Drogno_3: out of BOX	battery: 4.19                    	kalman var: 2.422 2.422 0.014                    	batterySag: 0.5	link quality: 36	flight time: 0s                    	pos 1.55 -18.98 -1.54	yaw: 0.05	msg/s 0.0
WARNING: 28-10-2022 21:55:20 exit(680) -- closing Drogno_3
