INFO: 27-10-2022 18:30:33 __init__(112) -- This is drone log from Drogno_3
INFO: 27-10-2022 18:30:33 log_status(395) -- Logger started
INFO: 27-10-2022 18:30:35 log_status(399) -- Drogno_3: BAD kalman	battery: 4.19                    	kalman var: 1.572 1.572 0.263                    	batterySag: 0.5	link quality: 43	flight time: 0s                    	pos -0.09 -0.52 -3.84	yaw: 0.04	msg/s 0.0
INFO: 27-10-2022 18:30:36 log_status(399) -- Drogno_3: BAD kalman	battery: 4.19                    	kalman var: 3.033 3.031 0.067                    	batterySag: 0.5	link quality: 43	flight time: 0s                    	pos -2.06 0.41 -0.64	yaw: 154.50	msg/s 0.0
INFO: 27-10-2022 18:30:38 log_status(399) -- Drogno_3: ready	battery: 4.19                    	kalman var: 0.0 0.001 0.0                    	batterySag: 0.5	link quality: 43	flight time: 0s                    	pos -0.18 0.89 0.66	yaw: 132.75	msg/s 0.0
INFO: 27-10-2022 18:30:39 log_status(399) -- Drogno_3: ready	battery: 4.19                    	kalman var: 0.0 0.0 0.0                    	batterySag: 0.5	link quality: 43	flight time: 0s                    	pos 1.71 1.40 2.61	yaw: 152.12	msg/s 0.0
INFO: 27-10-2022 18:30:40 log_status(399) -- Drogno_3: ready	battery: 4.19                    	kalman var: 0.0 0.0 0.0                    	batterySag: 0.5	link quality: 43	flight time: 0s                    	pos 1.71 1.41 2.62	yaw: 154.38	msg/s 0.0
INFO: 27-10-2022 18:30:41 log_status(399) -- Drogno_3: ready	battery: 4.19                    	kalman var: 0.0 0.0 0.0                    	batterySag: 0.5	link quality: 43	flight time: 0s                    	pos 1.52 1.35 2.41	yaw: 154.62	msg/s 0.0
INFO: 27-10-2022 18:30:42 log_status(399) -- Drogno_3: ready	battery: 4.19                    	kalman var: 0.0 0.0 0.0                    	batterySag: 0.5	link quality: 43	flight time: 0s                    	pos 1.55 1.36 2.45	yaw: 153.38	msg/s 0.0
INFO: 27-10-2022 18:30:43 log_status(399) -- Drogno_3: ready	battery: 4.19                    	kalman var: 0.0 0.0 0.0                    	batterySag: 0.5	link quality: 43	flight time: 0s                    	pos 1.55 1.36 2.45	yaw: 153.00	msg/s 0.0
INFO: 27-10-2022 18:30:44 log_status(399) -- Drogno_3: ready	battery: 4.19                    	kalman var: 0.0 0.0 0.0                    	batterySag: 0.5	link quality: 43	flight time: 0s                    	pos 1.53 1.36 2.43	yaw: 151.00	msg/s 0.0
INFO: 27-10-2022 18:30:45 log_status(399) -- Drogno_3: ready	battery: 4.19                    	kalman var: 0.0 0.0 0.0                    	batterySag: 0.5	link quality: 43	flight time: 0s                    	pos 1.53 1.35 2.43	yaw: 151.75	msg/s 0.0
INFO: 27-10-2022 18:30:46 log_status(399) -- Drogno_3: ready	battery: 4.19                    	kalman var: 0.0 0.0 0.0                    	batterySag: 0.5	link quality: 43	flight time: 0s                    	pos 1.54 1.36 2.44	yaw: 152.88	msg/s 0.0
INFO: 27-10-2022 18:30:47 log_status(399) -- Drogno_3: ready	battery: 4.19                    	kalman var: 0.0 0.0 0.0                    	batterySag: 0.5	link quality: 44	flight time: 0s                    	pos 1.52 1.35 2.41	yaw: 151.12	msg/s 0.0
INFO: 27-10-2022 18:30:49 log_status(399) -- Drogno_3: ready	battery: 4.19                    	kalman var: 0.0 0.0 0.0                    	batterySag: 0.5	link quality: 46	flight time: 0s                    	pos 1.60 1.36 2.52	yaw: 156.25	msg/s 0.0
INFO: 27-10-2022 18:30:50 log_status(399) -- Drogno_3: ready	battery: 4.19                    	kalman var: 0.0 0.0 0.0                    	batterySag: 0.5	link quality: 47	flight time: 0s                    	pos 1.59 1.36 2.50	yaw: 158.38	msg/s 0.0
INFO: 27-10-2022 18:30:51 log_status(399) -- Drogno_3: ready	battery: 4.19                    	kalman var: 0.0 0.0 0.0                    	batterySag: 0.5	link quality: 48	flight time: 0s                    	pos 1.58 1.36 2.50	yaw: 158.00	msg/s 0.0
INFO: 27-10-2022 18:30:52 log_status(399) -- Drogno_3: ready	battery: 4.19                    	kalman var: 0.0 0.0 0.0                    	batterySag: 0.5	link quality: 48	flight time: 0s                    	pos 1.57 1.36 2.47	yaw: 158.12	msg/s 0.0
INFO: 27-10-2022 18:30:53 log_status(399) -- Drogno_3: ready	battery: 4.19                    	kalman var: 0.0 0.0 0.0                    	batterySag: 0.5	link quality: 49	flight time: 0s                    	pos 1.57 1.36 2.47	yaw: 159.50	msg/s 0.0
INFO: 27-10-2022 18:30:54 log_status(399) -- Drogno_3: ready	battery: 4.19                    	kalman var: 0.0 0.0 0.0                    	batterySag: 0.5	link quality: 44	flight time: 0s                    	pos 1.56 1.36 2.46	yaw: 158.12	msg/s 0.0
INFO: 27-10-2022 18:30:55 log_status(399) -- Drogno_3: ready	battery: 4.19                    	kalman var: 0.0 0.0 0.0                    	batterySag: 0.5	link quality: 45	flight time: 0s                    	pos 1.55 1.35 2.45	yaw: 158.62	msg/s 0.0
INFO: 27-10-2022 18:30:56 log_status(399) -- Drogno_3: ready	battery: 4.19                    	kalman var: 0.0 0.0 0.0                    	batterySag: 0.5	link quality: 46	flight time: 0s                    	pos 1.56 1.36 2.46	yaw: 159.88	msg/s 0.0
INFO: 27-10-2022 18:30:57 log_status(399) -- Drogno_3: ready	battery: 4.19                    	kalman var: 0.0 0.0 0.0                    	batterySag: 0.5	link quality: 46	flight time: 0s                    	pos 1.54 1.35 2.44	yaw: 156.88	msg/s 0.0
INFO: 27-10-2022 18:30:58 log_status(399) -- Drogno_3: ready	battery: 4.19                    	kalman var: 0.0 0.0 0.0                    	batterySag: 0.5	link quality: 46	flight time: 0s                    	pos 1.54 1.35 2.44	yaw: 157.62	msg/s 0.0
INFO: 27-10-2022 18:31:00 log_status(399) -- Drogno_3: ready	battery: 4.19                    	kalman var: 0.0 0.0 0.0                    	batterySag: 0.5	link quality: 45	flight time: 0s                    	pos 1.55 1.35 2.45	yaw: 158.12	msg/s 0.0
INFO: 27-10-2022 18:31:01 log_status(399) -- Drogno_3: ready	battery: 4.19                    	kalman var: 0.0 0.0 0.0                    	batterySag: 0.5	link quality: 45	flight time: 0s                    	pos 1.55 1.35 2.45	yaw: 158.62	msg/s 0.0
INFO: 27-10-2022 18:31:02 log_status(399) -- Drogno_3: ready	battery: 4.19                    	kalman var: 0.0 0.0 0.0                    	batterySag: 0.5	link quality: 46	flight time: 0s                    	pos 1.56 1.36 2.46	yaw: 159.62	msg/s 0.0
INFO: 27-10-2022 18:31:03 log_status(399) -- Drogno_3: ready	battery: 4.19                    	kalman var: 0.0 0.0 0.0                    	batterySag: 0.5	link quality: 46	flight time: 0s                    	pos 1.53 1.35 2.43	yaw: 156.88	msg/s 0.0
INFO: 27-10-2022 18:31:04 log_status(399) -- Drogno_3: ready	battery: 4.19                    	kalman var: 0.0 0.0 0.0                    	batterySag: 0.5	link quality: 45	flight time: 0s                    	pos 1.56 1.36 2.46	yaw: 157.25	msg/s 0.0
INFO: 27-10-2022 18:31:05 log_status(399) -- Drogno_3: ready	battery: 4.19                    	kalman var: 0.0 0.0 0.0                    	batterySag: 0.5	link quality: 46	flight time: 0s                    	pos 1.54 1.35 2.44	yaw: 157.38	msg/s 0.0
INFO: 27-10-2022 18:31:06 log_status(399) -- Drogno_3: ready	battery: 4.19                    	kalman var: 0.0 0.0 0.0                    	batterySag: 0.5	link quality: 45	flight time: 0s                    	pos 1.55 1.35 2.45	yaw: 157.75	msg/s 0.0
INFO: 27-10-2022 18:31:07 log_status(399) -- Drogno_3: ready	battery: 4.19                    	kalman var: 0.0 0.0 0.0                    	batterySag: 0.5	link quality: 46	flight time: 0s                    	pos 1.55 1.35 2.45	yaw: 157.50	msg/s 0.0
INFO: 27-10-2022 18:31:08 log_status(399) -- Drogno_3: ready	battery: 4.19                    	kalman var: 0.0 0.0 0.0                    	batterySag: 0.5	link quality: 46	flight time: 0s                    	pos 1.54 1.35 2.44	yaw: 157.88	msg/s 0.0
INFO: 27-10-2022 18:31:09 log_status(399) -- Drogno_3: ready	battery: 4.19                    	kalman var: 0.0 0.0 0.0                    	batterySag: 0.5	link quality: 49	flight time: 0s                    	pos 1.55 1.35 2.45	yaw: 158.00	msg/s 0.0
INFO: 27-10-2022 18:31:11 log_status(399) -- Drogno_3: ready	battery: 4.19                    	kalman var: 0.0 0.0 0.0                    	batterySag: 0.5	link quality: 46	flight time: 0s                    	pos 1.56 1.36 2.46	yaw: 159.00	msg/s 0.0
INFO: 27-10-2022 18:31:12 log_status(399) -- Drogno_3: ready	battery: 4.19                    	kalman var: 0.0 0.0 0.0                    	batterySag: 0.5	link quality: 49	flight time: 0s                    	pos 1.57 1.36 2.47	yaw: 159.62	msg/s 0.0
INFO: 27-10-2022 18:31:13 log_status(399) -- Drogno_3: ready	battery: 4.19                    	kalman var: 0.0 0.0 0.0                    	batterySag: 0.5	link quality: 49	flight time: 0s                    	pos 1.56 1.36 2.46	yaw: 159.38	msg/s 0.0
INFO: 27-10-2022 18:31:14 log_status(399) -- Drogno_3: ready	battery: 4.19                    	kalman var: 0.0 0.0 0.0                    	batterySag: 0.5	link quality: 48	flight time: 0s                    	pos 1.56 1.36 2.46	yaw: 159.25	msg/s 0.0
INFO: 27-10-2022 18:31:15 log_status(399) -- Drogno_3: ready	battery: 4.19                    	kalman var: 0.0 0.0 0.0                    	batterySag: 0.5	link quality: 48	flight time: 0s                    	pos 1.55 1.35 2.45	yaw: 158.62	msg/s 0.0
INFO: 27-10-2022 18:31:16 log_status(399) -- Drogno_3: ready	battery: 4.19                    	kalman var: 0.0 0.0 0.0                    	batterySag: 0.5	link quality: 48	flight time: 0s                    	pos 1.54 1.35 2.44	yaw: 156.75	msg/s 0.0
INFO: 27-10-2022 18:31:17 log_status(399) -- Drogno_3: ready	battery: 4.19                    	kalman var: 0.0 0.0 0.0                    	batterySag: 0.5	link quality: 49	flight time: 0s                    	pos 1.55 1.35 2.46	yaw: 158.75	msg/s 0.0
INFO: 27-10-2022 18:31:18 log_status(399) -- Drogno_3: ready	battery: 4.19                    	kalman var: 0.0 0.0 0.0                    	batterySag: 0.5	link quality: 49	flight time: 0s                    	pos 1.55 1.35 2.45	yaw: 158.38	msg/s 0.0
INFO: 27-10-2022 18:31:19 log_status(399) -- Drogno_3: ready	battery: 4.19                    	kalman var: 0.0 0.0 0.0                    	batterySag: 0.5	link quality: 49	flight time: 0s                    	pos 1.57 1.36 2.47	yaw: 159.00	msg/s 0.0
INFO: 27-10-2022 18:31:20 log_status(399) -- Drogno_3: ready	battery: 4.19                    	kalman var: 0.0 0.0 0.0                    	batterySag: 0.5	link quality: 49	flight time: 0s                    	pos 1.55 1.35 2.45	yaw: 157.75	msg/s 0.0
INFO: 27-10-2022 18:31:22 log_status(399) -- Drogno_3: ready	battery: 4.19                    	kalman var: 0.0 0.0 0.0                    	batterySag: 0.5	link quality: 49	flight time: 0s                    	pos 1.55 1.35 2.45	yaw: 158.50	msg/s 0.0
INFO: 27-10-2022 18:31:23 log_status(399) -- Drogno_3: ready	battery: 4.19                    	kalman var: 0.0 0.0 0.0                    	batterySag: 0.5	link quality: 48	flight time: 0s                    	pos 1.56 1.36 2.46	yaw: 158.75	msg/s 0.0
INFO: 27-10-2022 18:31:24 log_status(399) -- Drogno_3: ready	battery: 4.19                    	kalman var: 0.0 0.0 0.0                    	batterySag: 0.5	link quality: 51	flight time: 0s                    	pos 1.56 1.36 2.46	yaw: 158.12	msg/s 0.0
INFO: 27-10-2022 18:31:25 log_status(399) -- Drogno_3: ready	battery: 4.19                    	kalman var: 0.0 0.0 0.0                    	batterySag: 0.5	link quality: 49	flight time: 0s                    	pos 1.56 1.36 2.46	yaw: 158.38	msg/s 0.0
INFO: 27-10-2022 18:31:26 log_status(399) -- Drogno_3: ready	battery: 4.19                    	kalman var: 0.0 0.0 0.0                    	batterySag: 0.5	link quality: 49	flight time: 0s                    	pos 1.55 1.35 2.45	yaw: 156.75	msg/s 0.0
INFO: 27-10-2022 18:31:27 log_status(399) -- Drogno_3: ready	battery: 4.19                    	kalman var: 0.0 0.0 0.0                    	batterySag: 0.5	link quality: 46	flight time: 0s                    	pos 1.55 1.35 2.45	yaw: 158.62	msg/s 0.0
INFO: 27-10-2022 18:31:28 log_status(399) -- Drogno_3: ready	battery: 4.19                    	kalman var: 0.0 0.0 0.0                    	batterySag: 0.5	link quality: 49	flight time: 0s                    	pos 1.56 1.36 2.46	yaw: 159.00	msg/s 0.0
INFO: 27-10-2022 18:31:29 log_status(399) -- Drogno_3: ready	battery: 4.19                    	kalman var: 0.0 0.0 0.0                    	batterySag: 0.5	link quality: 48	flight time: 0s                    	pos 1.55 1.35 2.45	yaw: 157.88	msg/s 0.0
INFO: 27-10-2022 18:31:30 log_status(399) -- Drogno_3: ready	battery: 4.19                    	kalman var: 0.0 0.0 0.0                    	batterySag: 0.5	link quality: 46	flight time: 0s                    	pos 1.55 1.35 2.45	yaw: 158.00	msg/s 0.0
INFO: 27-10-2022 18:31:31 log_status(399) -- Drogno_3: ready	battery: 4.19                    	kalman var: 0.0 0.0 0.0                    	batterySag: 0.5	link quality: 49	flight time: 0s                    	pos 1.56 1.36 2.46	yaw: 158.88	msg/s 0.0
INFO: 27-10-2022 18:31:33 log_status(399) -- Drogno_3: ready	battery: 4.19                    	kalman var: 0.0 0.0 0.0                    	batterySag: 0.5	link quality: 51	flight time: 0s                    	pos 1.56 1.36 2.46	yaw: 159.25	msg/s 0.0
INFO: 27-10-2022 18:31:34 log_status(399) -- Drogno_3: ready	battery: 4.19                    	kalman var: 0.0 0.0 0.0                    	batterySag: 0.5	link quality: 49	flight time: 0s                    	pos 1.56 1.36 2.46	yaw: 159.62	msg/s 0.0
INFO: 27-10-2022 18:31:35 log_status(399) -- Drogno_3: ready	battery: 4.19                    	kalman var: 0.0 0.0 0.0                    	batterySag: 0.5	link quality: 49	flight time: 0s                    	pos 1.57 1.36 2.46	yaw: 159.62	msg/s 0.0
INFO: 27-10-2022 18:31:36 log_status(399) -- Drogno_3: ready	battery: 4.19                    	kalman var: 0.0 0.0 0.0                    	batterySag: 0.5	link quality: 46	flight time: 0s                    	pos 1.54 1.35 2.44	yaw: 157.25	msg/s 0.0
INFO: 27-10-2022 18:31:37 log_status(399) -- Drogno_3: ready	battery: 4.19                    	kalman var: 0.0 0.0 0.0                    	batterySag: 0.5	link quality: 46	flight time: 0s                    	pos 1.56 1.36 2.46	yaw: 157.75	msg/s 0.0
INFO: 27-10-2022 18:31:38 log_status(399) -- Drogno_3: ready	battery: 4.19                    	kalman var: 0.0 0.0 0.0                    	batterySag: 0.5	link quality: 46	flight time: 0s                    	pos 1.57 1.36 2.46	yaw: 159.12	msg/s 0.0
INFO: 27-10-2022 18:31:39 log_status(399) -- Drogno_3: ready	battery: 4.19                    	kalman var: 0.0 0.0 0.0                    	batterySag: 0.5	link quality: 47	flight time: 0s                    	pos 1.56 1.36 2.46	yaw: 158.62	msg/s 0.0
INFO: 27-10-2022 18:31:40 log_status(399) -- Drogno_3: ready	battery: 4.19                    	kalman var: 0.0 0.0 0.0                    	batterySag: 0.5	link quality: 49	flight time: 0s                    	pos 1.54 1.35 2.44	yaw: 157.12	msg/s 0.0
INFO: 27-10-2022 18:31:41 log_status(399) -- Drogno_3: ready	battery: 4.19                    	kalman var: 0.0 0.0 0.0                    	batterySag: 0.5	link quality: 48	flight time: 0s                    	pos 1.55 1.35 2.45	yaw: 157.62	msg/s 0.0
INFO: 27-10-2022 18:31:42 log_status(399) -- Drogno_3: ready	battery: 4.19                    	kalman var: 0.0 0.0 0.0                    	batterySag: 0.5	link quality: 47	flight time: 0s                    	pos 1.56 1.36 2.46	yaw: 159.38	msg/s 0.0
INFO: 27-10-2022 18:31:44 log_status(399) -- Drogno_3: ready	battery: 4.19                    	kalman var: 0.0 0.0 0.0                    	batterySag: 0.5	link quality: 48	flight time: 0s                    	pos 1.54 1.35 2.44	yaw: 158.12	msg/s 0.0
INFO: 27-10-2022 18:31:45 log_status(399) -- Drogno_3: ready	battery: 4.19                    	kalman var: 0.0 0.0 0.0                    	batterySag: 0.5	link quality: 48	flight time: 0s                    	pos 1.56 1.36 2.46	yaw: 158.50	msg/s 0.0
INFO: 27-10-2022 18:31:46 log_status(399) -- Drogno_3: ready	battery: 4.19                    	kalman var: 0.0 0.0 0.0                    	batterySag: 0.5	link quality: 48	flight time: 0s                    	pos 1.56 1.36 2.46	yaw: 158.75	msg/s 0.0
INFO: 27-10-2022 18:31:47 log_status(399) -- Drogno_3: ready	battery: 4.19                    	kalman var: 0.0 0.0 0.0                    	batterySag: 0.5	link quality: 47	flight time: 0s                    	pos 1.56 1.36 2.46	yaw: 159.38	msg/s 0.0
INFO: 27-10-2022 18:31:48 log_status(399) -- Drogno_3: ready	battery: 4.19                    	kalman var: 0.0 0.0 0.0                    	batterySag: 0.5	link quality: 47	flight time: 0s                    	pos 1.56 1.36 2.46	yaw: 158.00	msg/s 0.0
INFO: 27-10-2022 18:31:49 log_status(399) -- Drogno_3: ready	battery: 4.19                    	kalman var: 0.0 0.0 0.0                    	batterySag: 0.5	link quality: 49	flight time: 0s                    	pos 1.56 1.36 2.46	yaw: 158.88	msg/s 0.0
INFO: 27-10-2022 18:31:50 log_status(399) -- Drogno_3: ready	battery: 4.19                    	kalman var: 0.0 0.0 0.0                    	batterySag: 0.5	link quality: 48	flight time: 0s                    	pos 1.55 1.35 2.45	yaw: 157.75	msg/s 0.0
INFO: 27-10-2022 18:31:51 log_status(399) -- Drogno_3: ready	battery: 4.19                    	kalman var: 0.0 0.0 0.0                    	batterySag: 0.5	link quality: 48	flight time: 0s                    	pos 1.55 1.35 2.45	yaw: 157.75	msg/s 0.0
INFO: 27-10-2022 18:31:52 log_status(399) -- Drogno_3: ready	battery: 4.19                    	kalman var: 0.0 0.0 0.0                    	batterySag: 0.5	link quality: 47	flight time: 0s                    	pos 1.56 1.36 2.46	yaw: 158.75	msg/s 0.0
INFO: 27-10-2022 18:31:53 log_status(399) -- Drogno_3: ready	battery: 4.19                    	kalman var: 0.0 0.0 0.0                    	batterySag: 0.5	link quality: 46	flight time: 0s                    	pos 1.56 1.36 2.46	yaw: 158.50	msg/s 0.0
INFO: 27-10-2022 18:31:55 log_status(399) -- Drogno_3: ready	battery: 4.19                    	kalman var: 0.0 0.0 0.0                    	batterySag: 0.5	link quality: 47	flight time: 0s                    	pos 1.56 1.36 2.46	yaw: 159.25	msg/s 0.0
INFO: 27-10-2022 18:31:56 log_status(399) -- Drogno_3: ready	battery: 4.19                    	kalman var: 0.0 0.0 0.0                    	batterySag: 0.5	link quality: 48	flight time: 0s                    	pos 1.57 1.36 2.47	yaw: 159.25	msg/s 0.0
INFO: 27-10-2022 18:31:57 log_status(399) -- Drogno_3: ready	battery: 4.19                    	kalman var: 0.0 0.0 0.0                    	batterySag: 0.5	link quality: 48	flight time: 0s                    	pos 1.56 1.36 2.46	yaw: 159.00	msg/s 0.0
INFO: 27-10-2022 18:31:58 log_status(399) -- Drogno_3: ready	battery: 4.19                    	kalman var: 0.0 0.0 0.0                    	batterySag: 0.5	link quality: 47	flight time: 0s                    	pos 1.56 1.36 2.46	yaw: 158.00	msg/s 0.0
INFO: 27-10-2022 18:31:59 log_status(399) -- Drogno_3: ready	battery: 4.19                    	kalman var: 0.0 0.0 0.0                    	batterySag: 0.5	link quality: 47	flight time: 0s                    	pos 1.56 1.36 2.46	yaw: 159.00	msg/s 0.0
INFO: 27-10-2022 18:32:00 log_status(399) -- Drogno_3: ready	battery: 4.19                    	kalman var: 0.0 0.0 0.0                    	batterySag: 0.5	link quality: 46	flight time: 0s                    	pos 1.55 1.35 2.45	yaw: 157.62	msg/s 0.0
INFO: 27-10-2022 18:32:01 log_status(399) -- Drogno_3: ready	battery: 4.19                    	kalman var: 0.0 0.0 0.0                    	batterySag: 0.5	link quality: 47	flight time: 0s                    	pos 1.56 1.36 2.46	yaw: 159.25	msg/s 0.0
INFO: 27-10-2022 18:32:02 log_status(399) -- Drogno_3: ready	battery: 4.19                    	kalman var: 0.0 0.0 0.0                    	batterySag: 0.5	link quality: 47	flight time: 0s                    	pos 1.56 1.36 2.46	yaw: 159.00	msg/s 0.0
INFO: 27-10-2022 18:32:03 log_status(399) -- Drogno_3: ready	battery: 4.19                    	kalman var: 0.0 0.0 0.0                    	batterySag: 0.5	link quality: 47	flight time: 0s                    	pos 1.57 1.36 2.47	yaw: 160.00	msg/s 0.0
INFO: 27-10-2022 18:32:04 log_status(399) -- Drogno_3: ready	battery: 4.19                    	kalman var: 0.0 0.0 0.0                    	batterySag: 0.5	link quality: 47	flight time: 0s                    	pos 1.56 1.35 2.46	yaw: 159.00	msg/s 0.0
INFO: 27-10-2022 18:32:06 log_status(399) -- Drogno_3: ready	battery: 4.19                    	kalman var: 0.0 0.0 0.0                    	batterySag: 0.5	link quality: 47	flight time: 0s                    	pos 1.56 1.36 2.46	yaw: 158.62	msg/s 0.0
INFO: 27-10-2022 18:32:07 log_status(399) -- Drogno_3: ready	battery: 4.19                    	kalman var: 0.0 0.0 0.0                    	batterySag: 0.5	link quality: 47	flight time: 0s                    	pos 1.55 1.35 2.45	yaw: 158.50	msg/s 0.0
INFO: 27-10-2022 18:32:08 log_status(399) -- Drogno_3: ready	battery: 4.19                    	kalman var: 0.0 0.0 0.0                    	batterySag: 0.5	link quality: 46	flight time: 0s                    	pos 1.54 1.35 2.44	yaw: 157.12	msg/s 0.0
INFO: 27-10-2022 18:32:09 log_status(399) -- Drogno_3: ready	battery: 4.19                    	kalman var: 0.0 0.0 0.0                    	batterySag: 0.5	link quality: 47	flight time: 0s                    	pos 1.55 1.35 2.45	yaw: 157.75	msg/s 0.0
INFO: 27-10-2022 18:32:10 log_status(399) -- Drogno_3: ready	battery: 4.19                    	kalman var: 0.0 0.0 0.0                    	batterySag: 0.5	link quality: 47	flight time: 0s                    	pos 1.56 1.36 2.46	yaw: 158.50	msg/s 0.0
INFO: 27-10-2022 18:32:11 log_status(399) -- Drogno_3: ready	battery: 4.19                    	kalman var: 0.0 0.0 0.0                    	batterySag: 0.5	link quality: 47	flight time: 0s                    	pos 1.55 1.35 2.45	yaw: 158.38	msg/s 0.0
INFO: 27-10-2022 18:32:12 log_status(399) -- Drogno_3: ready	battery: 4.19                    	kalman var: 0.0 0.0 0.0                    	batterySag: 0.5	link quality: 47	flight time: 0s                    	pos 1.56 1.36 2.46	yaw: 158.62	msg/s 0.0
INFO: 27-10-2022 18:32:13 log_status(399) -- Drogno_3: ready	battery: 4.19                    	kalman var: 0.0 0.0 0.0                    	batterySag: 0.5	link quality: 47	flight time: 0s                    	pos 1.56 1.36 2.46	yaw: 159.00	msg/s 0.0
INFO: 27-10-2022 18:32:14 log_status(399) -- Drogno_3: ready	battery: 4.19                    	kalman var: 0.0 0.0 0.0                    	batterySag: 0.5	link quality: 47	flight time: 0s                    	pos 1.54 1.35 2.44	yaw: 157.38	msg/s 0.0
INFO: 27-10-2022 18:32:15 log_status(399) -- Drogno_3: ready	battery: 4.19                    	kalman var: 0.0 0.0 0.0                    	batterySag: 0.5	link quality: 47	flight time: 0s                    	pos 1.55 1.35 2.45	yaw: 158.12	msg/s 0.0
INFO: 27-10-2022 18:32:17 log_status(399) -- Drogno_3: ready	battery: 4.19                    	kalman var: 0.0 0.0 0.0                    	batterySag: 0.5	link quality: 47	flight time: 0s                    	pos 1.55 1.35 2.45	yaw: 156.38	msg/s 0.0
INFO: 27-10-2022 18:32:18 log_status(399) -- Drogno_3: ready	battery: 4.19                    	kalman var: 0.0 0.0 0.0                    	batterySag: 0.5	link quality: 47	flight time: 0s                    	pos 1.54 1.35 2.43	yaw: 157.00	msg/s 0.0
INFO: 27-10-2022 18:32:19 log_status(399) -- Drogno_3: ready	battery: 4.19                    	kalman var: 0.0 0.0 0.0                    	batterySag: 0.5	link quality: 47	flight time: 0s                    	pos 1.54 1.35 2.44	yaw: 157.12	msg/s 0.0
INFO: 27-10-2022 18:32:20 log_status(399) -- Drogno_3: ready	battery: 4.19                    	kalman var: 0.0 0.0 0.0                    	batterySag: 0.5	link quality: 47	flight time: 0s                    	pos 1.56 1.36 2.46	yaw: 158.50	msg/s 0.0
INFO: 27-10-2022 18:32:21 log_status(399) -- Drogno_3: ready	battery: 4.19                    	kalman var: 0.0 0.0 0.0                    	batterySag: 0.5	link quality: 47	flight time: 0s                    	pos 1.57 1.36 2.47	yaw: 159.25	msg/s 0.0
INFO: 27-10-2022 18:32:22 log_status(399) -- Drogno_3: ready	battery: 4.19                    	kalman var: 0.0 0.0 0.0                    	batterySag: 0.5	link quality: 47	flight time: 0s                    	pos 1.56 1.36 2.46	yaw: 159.00	msg/s 0.0
INFO: 27-10-2022 18:32:23 log_status(399) -- Drogno_3: ready	battery: 4.19                    	kalman var: 0.0 0.0 0.0                    	batterySag: 0.5	link quality: 47	flight time: 0s                    	pos 1.55 1.35 2.45	yaw: 159.00	msg/s 0.0
INFO: 27-10-2022 18:32:24 log_status(399) -- Drogno_3: ready	battery: 4.19                    	kalman var: 0.0 0.0 0.0                    	batterySag: 0.5	link quality: 47	flight time: 0s                    	pos 1.56 1.36 2.46	yaw: 157.75	msg/s 0.0
INFO: 27-10-2022 18:32:25 log_status(399) -- Drogno_3: ready	battery: 4.19                    	kalman var: 0.0 0.0 0.0                    	batterySag: 0.5	link quality: 47	flight time: 0s                    	pos 1.53 1.35 2.43	yaw: 156.62	msg/s 0.0
INFO: 27-10-2022 18:32:26 log_status(399) -- Drogno_3: ready	battery: 4.19                    	kalman var: 0.0 0.0 0.0                    	batterySag: 0.5	link quality: 47	flight time: 0s                    	pos 1.54 1.35 2.44	yaw: 156.50	msg/s 0.0
INFO: 27-10-2022 18:32:28 log_status(399) -- Drogno_3: ready	battery: 4.19                    	kalman var: 0.0 0.0 0.0                    	batterySag: 0.5	link quality: 47	flight time: 0s                    	pos 1.54 1.35 2.44	yaw: 157.38	msg/s 0.0
INFO: 27-10-2022 18:32:29 log_status(399) -- Drogno_3: ready	battery: 4.19                    	kalman var: 0.0 0.0 0.0                    	batterySag: 0.5	link quality: 47	flight time: 0s                    	pos 1.55 1.35 2.45	yaw: 157.88	msg/s 0.0
INFO: 27-10-2022 18:32:30 log_status(399) -- Drogno_3: ready	battery: 4.19                    	kalman var: 0.0 0.0 0.0                    	batterySag: 0.5	link quality: 47	flight time: 0s                    	pos 1.54 1.35 2.44	yaw: 157.25	msg/s 0.0
INFO: 27-10-2022 18:32:31 log_status(399) -- Drogno_3: ready	battery: 4.19                    	kalman var: 0.0 0.0 0.0                    	batterySag: 0.5	link quality: 47	flight time: 0s                    	pos 1.54 1.35 2.44	yaw: 157.00	msg/s 0.0
INFO: 27-10-2022 18:32:32 log_status(399) -- Drogno_3: ready	battery: 4.19                    	kalman var: 0.0 0.0 0.0                    	batterySag: 0.5	link quality: 47	flight time: 0s                    	pos 1.55 1.35 2.45	yaw: 156.25	msg/s 0.0
INFO: 27-10-2022 18:32:33 log_status(399) -- Drogno_3: ready	battery: 4.19                    	kalman var: 0.0 0.0 0.0                    	batterySag: 0.5	link quality: 47	flight time: 0s                    	pos 1.56 1.36 2.46	yaw: 158.50	msg/s 0.0
INFO: 27-10-2022 18:32:34 log_status(399) -- Drogno_3: ready	battery: 4.19                    	kalman var: 0.0 0.0 0.0                    	batterySag: 0.5	link quality: 47	flight time: 0s                    	pos 1.54 1.35 2.44	yaw: 157.38	msg/s 0.0
INFO: 27-10-2022 18:32:35 log_status(399) -- Drogno_3: ready	battery: 4.19                    	kalman var: 0.0 0.0 0.0                    	batterySag: 0.5	link quality: 47	flight time: 0s                    	pos 1.54 1.35 2.44	yaw: 156.00	msg/s 0.0
INFO: 27-10-2022 18:32:36 log_status(399) -- Drogno_3: ready	battery: 4.19                    	kalman var: 0.0 0.0 0.0                    	batterySag: 0.5	link quality: 49	flight time: 0s                    	pos 1.54 1.35 2.44	yaw: 157.38	msg/s 0.0
INFO: 27-10-2022 18:32:38 log_status(399) -- Drogno_3: ready	battery: 4.19                    	kalman var: 0.0 0.0 0.0                    	batterySag: 0.5	link quality: 45	flight time: 0s                    	pos 1.55 1.35 2.45	yaw: 157.75	msg/s 0.0
INFO: 27-10-2022 18:32:39 log_status(399) -- Drogno_3: ready	battery: 4.19                    	kalman var: 0.0 0.0 0.0                    	batterySag: 0.5	link quality: 46	flight time: 0s                    	pos 1.57 1.36 2.47	yaw: 159.50	msg/s 0.0
INFO: 27-10-2022 18:32:40 log_status(399) -- Drogno_3: ready	battery: 4.19                    	kalman var: 0.0 0.0 0.0                    	batterySag: 0.5	link quality: 46	flight time: 0s                    	pos 1.56 1.36 2.46	yaw: 158.75	msg/s 0.0
INFO: 27-10-2022 18:32:41 log_status(399) -- Drogno_3: ready	battery: 4.19                    	kalman var: 0.0 0.0 0.0                    	batterySag: 0.5	link quality: 46	flight time: 0s                    	pos 1.56 1.36 2.46	yaw: 159.38	msg/s 0.0
INFO: 27-10-2022 18:32:42 log_status(399) -- Drogno_3: ready	battery: 4.19                    	kalman var: 0.0 0.0 0.0                    	batterySag: 0.5	link quality: 47	flight time: 0s                    	pos 1.55 1.35 2.45	yaw: 158.62	msg/s 0.0
INFO: 27-10-2022 18:32:43 log_status(399) -- Drogno_3: ready	battery: 4.19                    	kalman var: 0.0 0.0 0.0                    	batterySag: 0.5	link quality: 46	flight time: 0s                    	pos 1.55 1.35 2.45	yaw: 156.75	msg/s 0.0
INFO: 27-10-2022 18:32:44 log_status(399) -- Drogno_3: ready	battery: 4.19                    	kalman var: 0.0 0.0 0.0                    	batterySag: 0.5	link quality: 46	flight time: 0s                    	pos 1.56 1.36 2.46	yaw: 159.00	msg/s 0.0
INFO: 27-10-2022 18:32:45 log_status(399) -- Drogno_3: ready	battery: 4.19                    	kalman var: 0.0 0.0 0.0                    	batterySag: 0.5	link quality: 46	flight time: 0s                    	pos 1.55 1.35 2.45	yaw: 158.88	msg/s 0.0
INFO: 27-10-2022 18:32:46 log_status(399) -- Drogno_3: ready	battery: 4.19                    	kalman var: 0.0 0.0 0.0                    	batterySag: 0.5	link quality: 46	flight time: 0s                    	pos 1.55 1.35 2.45	yaw: 157.88	msg/s 0.0
INFO: 27-10-2022 18:32:47 log_status(399) -- Drogno_3: ready	battery: 4.19                    	kalman var: 0.0 0.0 0.0                    	batterySag: 0.5	link quality: 46	flight time: 0s                    	pos 1.56 1.36 2.46	yaw: 159.38	msg/s 0.0
INFO: 27-10-2022 18:32:49 log_status(399) -- Drogno_3: ready	battery: 4.19                    	kalman var: 0.0 0.0 0.0                    	batterySag: 0.5	link quality: 46	flight time: 0s                    	pos 1.55 1.35 2.46	yaw: 159.00	msg/s 0.0
INFO: 27-10-2022 18:32:50 log_status(399) -- Drogno_3: ready	battery: 4.19                    	kalman var: 0.0 0.0 0.0                    	batterySag: 0.5	link quality: 49	flight time: 0s                    	pos 1.55 1.35 2.45	yaw: 156.75	msg/s 0.0
INFO: 27-10-2022 18:32:51 log_status(399) -- Drogno_3: ready	battery: 4.19                    	kalman var: 0.0 0.0 0.0                    	batterySag: 0.5	link quality: 47	flight time: 0s                    	pos 1.55 1.35 2.45	yaw: 158.50	msg/s 0.0
INFO: 27-10-2022 18:32:52 log_status(399) -- Drogno_3: ready	battery: 4.19                    	kalman var: 0.0 0.0 0.0                    	batterySag: 0.5	link quality: 46	flight time: 0s                    	pos 1.56 1.36 2.46	yaw: 158.75	msg/s 0.0
INFO: 27-10-2022 18:32:53 log_status(399) -- Drogno_3: ready	battery: 4.19                    	kalman var: 0.0 0.0 0.0                    	batterySag: 0.5	link quality: 47	flight time: 0s                    	pos 1.56 1.36 2.46	yaw: 157.62	msg/s 0.0
INFO: 27-10-2022 18:32:54 log_status(399) -- Drogno_3: ready	battery: 4.19                    	kalman var: 0.0 0.0 0.0                    	batterySag: 0.5	link quality: 44	flight time: 0s                    	pos 1.54 1.35 2.44	yaw: 156.75	msg/s 0.0
INFO: 27-10-2022 18:32:55 log_status(399) -- Drogno_3: ready	battery: 4.19                    	kalman var: 0.0 0.0 0.0                    	batterySag: 0.5	link quality: 46	flight time: 0s                    	pos 1.55 1.35 2.45	yaw: 158.38	msg/s 0.0
INFO: 27-10-2022 18:32:56 log_status(399) -- Drogno_3: ready	battery: 4.19                    	kalman var: 0.0 0.0 0.0                    	batterySag: 0.5	link quality: 46	flight time: 0s                    	pos 1.57 1.36 2.46	yaw: 159.62	msg/s 0.0
INFO: 27-10-2022 18:32:57 log_status(399) -- Drogno_3: ready	battery: 4.19                    	kalman var: 0.0 0.0 0.0                    	batterySag: 0.5	link quality: 45	flight time: 0s                    	pos 1.55 1.35 2.45	yaw: 158.12	msg/s 0.0
INFO: 27-10-2022 18:32:58 log_status(399) -- Drogno_3: ready	battery: 4.19                    	kalman var: 0.0 0.0 0.0                    	batterySag: 0.5	link quality: 45	flight time: 0s                    	pos 1.56 1.36 2.46	yaw: 158.00	msg/s 0.0
INFO: 27-10-2022 18:33:00 log_status(399) -- Drogno_3: ready	battery: 4.19                    	kalman var: 0.0 0.0 0.0                    	batterySag: 0.5	link quality: 45	flight time: 0s                    	pos 1.57 1.36 2.47	yaw: 159.38	msg/s 0.0
INFO: 27-10-2022 18:33:01 log_status(399) -- Drogno_3: ready	battery: 4.19                    	kalman var: 0.0 0.0 0.0                    	batterySag: 0.5	link quality: 45	flight time: 0s                    	pos 1.55 1.35 2.45	yaw: 157.50	msg/s 0.0
INFO: 27-10-2022 18:33:02 log_status(399) -- Drogno_3: ready	battery: 4.19                    	kalman var: 0.0 0.0 0.0                    	batterySag: 0.5	link quality: 44	flight time: 0s                    	pos 1.53 1.35 2.43	yaw: 156.75	msg/s 0.0
INFO: 27-10-2022 18:33:03 log_status(399) -- Drogno_3: ready	battery: 4.19                    	kalman var: 0.0 0.0 0.0                    	batterySag: 0.5	link quality: 44	flight time: 0s                    	pos 1.55 1.35 2.45	yaw: 157.88	msg/s 0.0
INFO: 27-10-2022 18:33:04 log_status(399) -- Drogno_3: ready	battery: 4.19                    	kalman var: 0.0 0.0 0.0                    	batterySag: 0.5	link quality: 45	flight time: 0s                    	pos 1.54 1.35 2.44	yaw: 157.12	msg/s 0.0
INFO: 27-10-2022 18:33:05 log_status(399) -- Drogno_3: ready	battery: 4.19                    	kalman var: 0.0 0.0 0.0                    	batterySag: 0.5	link quality: 45	flight time: 0s                    	pos 1.57 1.36 2.47	yaw: 159.88	msg/s 0.0
INFO: 27-10-2022 18:33:06 log_status(399) -- Drogno_3: ready	battery: 4.19                    	kalman var: 0.0 0.0 0.0                    	batterySag: 0.5	link quality: 45	flight time: 0s                    	pos 1.55 1.35 2.45	yaw: 158.00	msg/s 0.0
INFO: 27-10-2022 18:33:07 log_status(399) -- Drogno_3: ready	battery: 4.19                    	kalman var: 0.0 0.0 0.0                    	batterySag: 0.5	link quality: 47	flight time: 0s                    	pos 1.56 1.36 2.46	yaw: 158.50	msg/s 0.0
INFO: 27-10-2022 18:33:08 log_status(399) -- Drogno_3: ready	battery: 4.19                    	kalman var: 0.0 0.0 0.0                    	batterySag: 0.5	link quality: 47	flight time: 0s                    	pos 1.56 1.36 2.46	yaw: 158.88	msg/s 0.0
INFO: 27-10-2022 18:33:09 log_status(399) -- Drogno_3: ready	battery: 4.19                    	kalman var: 0.0 0.0 0.0                    	batterySag: 0.5	link quality: 47	flight time: 0s                    	pos 1.55 1.35 2.45	yaw: 157.00	msg/s 0.0
INFO: 27-10-2022 18:33:11 log_status(399) -- Drogno_3: ready	battery: 4.19                    	kalman var: 0.0 0.0 0.0                    	batterySag: 0.5	link quality: 47	flight time: 0s                    	pos 1.54 1.35 2.44	yaw: 156.62	msg/s 0.0
INFO: 27-10-2022 18:33:12 log_status(399) -- Drogno_3: ready	battery: 4.19                    	kalman var: 0.0 0.0 0.0                    	batterySag: 0.5	link quality: 47	flight time: 0s                    	pos 1.55 1.35 2.45	yaw: 158.38	msg/s 0.0
INFO: 27-10-2022 18:33:13 log_status(399) -- Drogno_3: ready	battery: 4.19                    	kalman var: 0.0 0.0 0.0                    	batterySag: 0.5	link quality: 47	flight time: 0s                    	pos 1.55 1.35 2.45	yaw: 158.50	msg/s 0.0
INFO: 27-10-2022 18:33:14 log_status(399) -- Drogno_3: ready	battery: 4.19                    	kalman var: 0.0 0.0 0.0                    	batterySag: 0.5	link quality: 47	flight time: 0s                    	pos 1.57 1.36 2.47	yaw: 160.00	msg/s 0.0
INFO: 27-10-2022 18:33:15 log_status(399) -- Drogno_3: ready	battery: 4.19                    	kalman var: 0.0 0.0 0.0                    	batterySag: 0.5	link quality: 47	flight time: 0s                    	pos 1.55 1.35 2.45	yaw: 158.25	msg/s 0.0
INFO: 27-10-2022 18:33:16 log_status(399) -- Drogno_3: ready	battery: 4.19                    	kalman var: 0.0 0.0 0.0                    	batterySag: 0.5	link quality: 46	flight time: 0s                    	pos 1.55 1.35 2.45	yaw: 158.50	msg/s 0.0
INFO: 27-10-2022 18:33:17 log_status(399) -- Drogno_3: ready	battery: 4.19                    	kalman var: 0.0 0.0 0.0                    	batterySag: 0.5	link quality: 46	flight time: 0s                    	pos 1.55 1.35 2.45	yaw: 158.62	msg/s 0.0
INFO: 27-10-2022 18:33:18 log_status(399) -- Drogno_3: ready	battery: 4.19                    	kalman var: 0.0 0.0 0.0                    	batterySag: 0.5	link quality: 47	flight time: 0s                    	pos 1.55 1.36 2.45	yaw: 157.25	msg/s 0.0
INFO: 27-10-2022 18:33:19 log_status(399) -- Drogno_3: ready	battery: 4.19                    	kalman var: 0.0 0.0 0.0                    	batterySag: 0.5	link quality: 48	flight time: 0s                    	pos 1.56 1.36 2.46	yaw: 158.75	msg/s 0.0
INFO: 27-10-2022 18:33:20 log_status(399) -- Drogno_3: ready	battery: 4.19                    	kalman var: 0.0 0.0 0.0                    	batterySag: 0.5	link quality: 47	flight time: 0s                    	pos 1.55 1.35 2.45	yaw: 158.25	msg/s 0.0
INFO: 27-10-2022 18:33:22 log_status(399) -- Drogno_3: ready	battery: 4.19                    	kalman var: 0.0 0.0 0.0                    	batterySag: 0.5	link quality: 47	flight time: 0s                    	pos 1.54 1.35 2.44	yaw: 157.88	msg/s 0.0
INFO: 27-10-2022 18:33:23 log_status(399) -- Drogno_3: ready	battery: 4.19                    	kalman var: 0.0 0.0 0.0                    	batterySag: 0.5	link quality: 46	flight time: 0s                    	pos 1.56 1.36 2.46	yaw: 159.00	msg/s 0.0
INFO: 27-10-2022 18:33:24 log_status(399) -- Drogno_3: ready	battery: 4.19                    	kalman var: 0.0 0.0 0.0                    	batterySag: 0.5	link quality: 46	flight time: 0s                    	pos 1.56 1.36 2.46	yaw: 158.62	msg/s 0.0
INFO: 27-10-2022 18:33:25 log_status(399) -- Drogno_3: ready	battery: 4.19                    	kalman var: 0.0 0.0 0.0                    	batterySag: 0.5	link quality: 46	flight time: 0s                    	pos 1.55 1.35 2.45	yaw: 158.00	msg/s 0.0
INFO: 27-10-2022 18:33:26 log_status(399) -- Drogno_3: ready	battery: 4.19                    	kalman var: 0.0 0.0 0.0                    	batterySag: 0.5	link quality: 47	flight time: 0s                    	pos 1.55 1.35 2.45	yaw: 157.62	msg/s 0.0
INFO: 27-10-2022 18:33:27 log_status(399) -- Drogno_3: ready	battery: 4.19                    	kalman var: 0.0 0.0 0.0                    	batterySag: 0.5	link quality: 46	flight time: 0s                    	pos 1.57 1.36 2.46	yaw: 159.25	msg/s 0.0
INFO: 27-10-2022 18:33:28 log_status(399) -- Drogno_3: ready	battery: 4.19                    	kalman var: 0.0 0.0 0.0                    	batterySag: 0.5	link quality: 46	flight time: 0s                    	pos 1.55 1.35 2.45	yaw: 157.25	msg/s 0.0
INFO: 27-10-2022 18:33:29 log_status(399) -- Drogno_3: ready	battery: 4.19                    	kalman var: 0.0 0.0 0.0                    	batterySag: 0.5	link quality: 47	flight time: 0s                    	pos 1.54 1.35 2.44	yaw: 157.50	msg/s 0.0
INFO: 27-10-2022 18:33:30 log_status(399) -- Drogno_3: ready	battery: 4.19                    	kalman var: 0.0 0.0 0.0                    	batterySag: 0.5	link quality: 49	flight time: 0s                    	pos 1.56 1.36 2.46	yaw: 158.38	msg/s 0.0
INFO: 27-10-2022 18:33:31 log_status(399) -- Drogno_3: ready	battery: 4.19                    	kalman var: 0.0 0.0 0.0                    	batterySag: 0.5	link quality: 47	flight time: 0s                    	pos 1.57 1.36 2.47	yaw: 160.12	msg/s 0.0
INFO: 27-10-2022 18:33:33 log_status(399) -- Drogno_3: ready	battery: 4.19                    	kalman var: 0.0 0.0 0.0                    	batterySag: 0.5	link quality: 47	flight time: 0s                    	pos 1.56 1.36 2.46	yaw: 158.88	msg/s 0.0
INFO: 27-10-2022 18:33:34 log_status(399) -- Drogno_3: ready	battery: 4.19                    	kalman var: 0.0 0.0 0.0                    	batterySag: 0.5	link quality: 47	flight time: 0s                    	pos 1.56 1.36 2.46	yaw: 159.25	msg/s 0.0
INFO: 27-10-2022 18:33:35 log_status(399) -- Drogno_3: ready	battery: 4.19                    	kalman var: 0.0 0.0 0.0                    	batterySag: 0.5	link quality: 47	flight time: 0s                    	pos 1.55 1.35 2.45	yaw: 158.62	msg/s 0.0
INFO: 27-10-2022 18:33:36 log_status(399) -- Drogno_3: ready	battery: 4.19                    	kalman var: 0.0 0.0 0.0                    	batterySag: 0.5	link quality: 47	flight time: 0s                    	pos 1.55 1.35 2.45	yaw: 158.50	msg/s 0.0
INFO: 27-10-2022 18:33:37 log_status(399) -- Drogno_3: ready	battery: 4.19                    	kalman var: 0.0 0.0 0.0                    	batterySag: 0.5	link quality: 49	flight time: 0s                    	pos 1.55 1.35 2.45	yaw: 157.62	msg/s 0.0
INFO: 27-10-2022 18:33:38 log_status(399) -- Drogno_3: ready	battery: 4.19                    	kalman var: 0.0 0.0 0.0                    	batterySag: 0.5	link quality: 47	flight time: 0s                    	pos 1.55 1.35 2.45	yaw: 158.25	msg/s 0.0
INFO: 27-10-2022 18:33:39 log_status(399) -- Drogno_3: ready	battery: 4.19                    	kalman var: 0.0 0.0 0.0                    	batterySag: 0.5	link quality: 47	flight time: 0s                    	pos 1.55 1.35 2.45	yaw: 157.88	msg/s 0.0
INFO: 27-10-2022 18:33:40 log_status(399) -- Drogno_3: ready	battery: 4.19                    	kalman var: 0.0 0.0 0.0                    	batterySag: 0.5	link quality: 47	flight time: 0s                    	pos 1.55 1.35 2.45	yaw: 158.62	msg/s 0.0
INFO: 27-10-2022 18:33:41 log_status(399) -- Drogno_3: ready	battery: 4.19                    	kalman var: 0.0 0.0 0.0                    	batterySag: 0.5	link quality: 47	flight time: 0s                    	pos 1.54 1.35 2.44	yaw: 158.00	msg/s 0.0
INFO: 27-10-2022 18:33:42 log_status(399) -- Drogno_3: ready	battery: 4.19                    	kalman var: 0.0 0.0 0.0                    	batterySag: 0.5	link quality: 47	flight time: 0s                    	pos 1.55 1.35 2.45	yaw: 157.62	msg/s 0.0
INFO: 27-10-2022 18:33:44 log_status(399) -- Drogno_3: ready	battery: 4.19                    	kalman var: 0.0 0.0 0.0                    	batterySag: 0.5	link quality: 47	flight time: 0s                    	pos 1.56 1.36 2.46	yaw: 158.62	msg/s 0.0
INFO: 27-10-2022 18:33:45 log_status(399) -- Drogno_3: ready	battery: 4.19                    	kalman var: 0.0 0.0 0.0                    	batterySag: 0.5	link quality: 47	flight time: 0s                    	pos 1.55 1.35 2.45	yaw: 158.75	msg/s 0.0
INFO: 27-10-2022 18:33:46 log_status(399) -- Drogno_3: ready	battery: 4.19                    	kalman var: 0.0 0.0 0.0                    	batterySag: 0.5	link quality: 47	flight time: 0s                    	pos 1.55 1.35 2.45	yaw: 158.38	msg/s 0.0
INFO: 27-10-2022 18:33:47 log_status(399) -- Drogno_3: ready	battery: 4.19                    	kalman var: 0.0 0.0 0.0                    	batterySag: 0.5	link quality: 47	flight time: 0s                    	pos 1.56 1.36 2.46	yaw: 158.62	msg/s 0.0
INFO: 27-10-2022 18:33:48 log_status(399) -- Drogno_3: ready	battery: 4.19                    	kalman var: 0.0 0.0 0.0                    	batterySag: 0.5	link quality: 49	flight time: 0s                    	pos 1.55 1.35 2.45	yaw: 158.25	msg/s 0.0
INFO: 27-10-2022 18:33:49 log_status(399) -- Drogno_3: ready	battery: 4.19                    	kalman var: 0.0 0.0 0.0                    	batterySag: 0.5	link quality: 48	flight time: 0s                    	pos 1.56 1.36 2.46	yaw: 159.12	msg/s 0.0
INFO: 27-10-2022 18:33:50 log_status(399) -- Drogno_3: ready	battery: 4.19                    	kalman var: 0.0 0.0 0.0                    	batterySag: 0.5	link quality: 47	flight time: 0s                    	pos 1.55 1.35 2.45	yaw: 158.00	msg/s 0.0
INFO: 27-10-2022 18:33:51 log_status(399) -- Drogno_3: ready	battery: 4.19                    	kalman var: 0.0 0.0 0.0                    	batterySag: 0.5	link quality: 47	flight time: 0s                    	pos 1.54 1.35 2.44	yaw: 157.00	msg/s 0.0
INFO: 27-10-2022 18:33:52 log_status(399) -- Drogno_3: ready	battery: 4.19                    	kalman var: 0.0 0.0 0.0                    	batterySag: 0.5	link quality: 47	flight time: 0s                    	pos 1.55 1.35 2.45	yaw: 158.25	msg/s 0.0
INFO: 27-10-2022 18:33:53 log_status(399) -- Drogno_3: ready	battery: 4.19                    	kalman var: 0.0 0.0 0.0                    	batterySag: 0.5	link quality: 47	flight time: 0s                    	pos 1.57 1.36 2.47	yaw: 159.38	msg/s 0.0
INFO: 27-10-2022 18:33:55 log_status(399) -- Drogno_3: ready	battery: 4.19                    	kalman var: 0.0 0.0 0.0                    	batterySag: 0.5	link quality: 47	flight time: 0s                    	pos 1.55 1.35 2.45	yaw: 158.25	msg/s 0.0
INFO: 27-10-2022 18:33:56 log_status(399) -- Drogno_3: ready	battery: 4.19                    	kalman var: 0.0 0.0 0.0                    	batterySag: 0.5	link quality: 47	flight time: 0s                    	pos 1.56 1.36 2.46	yaw: 158.00	msg/s 0.0
INFO: 27-10-2022 18:33:57 log_status(399) -- Drogno_3: ready	battery: 4.19                    	kalman var: 0.0 0.0 0.0                    	batterySag: 0.5	link quality: 47	flight time: 0s                    	pos 1.55 1.35 2.45	yaw: 158.38	msg/s 0.0
INFO: 27-10-2022 18:33:58 log_status(399) -- Drogno_3: ready	battery: 4.19                    	kalman var: 0.0 0.0 0.0                    	batterySag: 0.5	link quality: 46	flight time: 0s                    	pos 1.56 1.36 2.46	yaw: 158.75	msg/s 0.0
INFO: 27-10-2022 18:33:59 log_status(399) -- Drogno_3: ready	battery: 4.19                    	kalman var: 0.0 0.0 0.0                    	batterySag: 0.5	link quality: 45	flight time: 0s                    	pos 1.56 1.36 2.46	yaw: 158.12	msg/s 0.0
INFO: 27-10-2022 18:34:00 log_status(399) -- Drogno_3: ready	battery: 4.19                    	kalman var: 0.0 0.0 0.0                    	batterySag: 0.5	link quality: 46	flight time: 0s                    	pos 1.56 1.36 2.46	yaw: 158.25	msg/s 0.0
INFO: 27-10-2022 18:34:01 log_status(399) -- Drogno_3: ready	battery: 4.19                    	kalman var: 0.0 0.0 0.0                    	batterySag: 0.5	link quality: 46	flight time: 0s                    	pos 1.55 1.35 2.45	yaw: 158.62	msg/s 0.0
INFO: 27-10-2022 18:34:02 log_status(399) -- Drogno_3: ready	battery: 4.19                    	kalman var: 0.0 0.0 0.0                    	batterySag: 0.5	link quality: 46	flight time: 0s                    	pos 1.55 1.35 2.45	yaw: 158.00	msg/s 0.0
INFO: 27-10-2022 18:34:03 log_status(399) -- Drogno_3: ready	battery: 4.19                    	kalman var: 0.0 0.0 0.0                    	batterySag: 0.5	link quality: 46	flight time: 0s                    	pos 1.56 1.36 2.46	yaw: 158.88	msg/s 0.0
INFO: 27-10-2022 18:34:04 log_status(399) -- Drogno_3: ready	battery: 4.19                    	kalman var: 0.0 0.0 0.0                    	batterySag: 0.5	link quality: 46	flight time: 0s                    	pos 1.54 1.35 2.44	yaw: 157.12	msg/s 0.0
INFO: 27-10-2022 18:34:06 log_status(399) -- Drogno_3: ready	battery: 4.19                    	kalman var: 0.0 0.0 0.0                    	batterySag: 0.5	link quality: 46	flight time: 0s                    	pos 1.54 1.35 2.44	yaw: 158.12	msg/s 0.0
INFO: 27-10-2022 18:34:07 log_status(399) -- Drogno_3: ready	battery: 4.19                    	kalman var: 0.0 0.0 0.0                    	batterySag: 0.5	link quality: 46	flight time: 0s                    	pos 1.55 1.35 2.45	yaw: 157.38	msg/s 0.0
INFO: 27-10-2022 18:34:08 log_status(399) -- Drogno_3: ready	battery: 4.19                    	kalman var: 0.0 0.0 0.0                    	batterySag: 0.5	link quality: 45	flight time: 0s                    	pos 1.56 1.36 2.46	yaw: 159.38	msg/s 0.0
INFO: 27-10-2022 18:34:09 log_status(399) -- Drogno_3: ready	battery: 4.19                    	kalman var: 0.0 0.0 0.0                    	batterySag: 0.5	link quality: 45	flight time: 0s                    	pos 1.55 1.35 2.45	yaw: 157.50	msg/s 0.0
INFO: 27-10-2022 18:34:10 log_status(399) -- Drogno_3: ready	battery: 4.19                    	kalman var: 0.0 0.0 0.0                    	batterySag: 0.5	link quality: 45	flight time: 0s                    	pos 1.53 1.35 2.43	yaw: 156.50	msg/s 0.0
INFO: 27-10-2022 18:34:11 log_status(399) -- Drogno_3: ready	battery: 4.19                    	kalman var: 0.0 0.0 0.0                    	batterySag: 0.5	link quality: 46	flight time: 0s                    	pos 1.55 1.35 2.45	yaw: 157.00	msg/s 0.0
INFO: 27-10-2022 18:34:12 log_status(399) -- Drogno_3: ready	battery: 4.19                    	kalman var: 0.0 0.0 0.0                    	batterySag: 0.5	link quality: 46	flight time: 0s                    	pos 1.55 1.35 2.45	yaw: 158.62	msg/s 0.0
INFO: 27-10-2022 18:34:13 log_status(399) -- Drogno_3: ready	battery: 4.19                    	kalman var: 0.0 0.0 0.0                    	batterySag: 0.5	link quality: 45	flight time: 0s                    	pos 1.53 1.35 2.43	yaw: 156.50	msg/s 0.0
INFO: 27-10-2022 18:34:14 log_status(399) -- Drogno_3: ready	battery: 4.19                    	kalman var: 0.0 0.0 0.0                    	batterySag: 0.5	link quality: 46	flight time: 0s                    	pos 1.50 1.34 2.40	yaw: 155.12	msg/s 0.0
INFO: 27-10-2022 18:34:15 log_status(399) -- Drogno_3: ready	battery: 4.19                    	kalman var: 0.0 0.0 0.0                    	batterySag: 0.5	link quality: 45	flight time: 0s                    	pos 1.55 1.35 2.45	yaw: 156.75	msg/s 0.0
INFO: 27-10-2022 18:34:17 log_status(399) -- Drogno_3: ready	battery: 4.19                    	kalman var: 0.0 0.0 0.0                    	batterySag: 0.5	link quality: 46	flight time: 0s                    	pos 1.54 1.35 2.44	yaw: 155.88	msg/s 0.0
INFO: 27-10-2022 18:34:18 log_status(399) -- Drogno_3: ready	battery: 4.19                    	kalman var: 0.0 0.0 0.0                    	batterySag: 0.5	link quality: 46	flight time: 0s                    	pos 1.54 1.35 2.44	yaw: 156.12	msg/s 0.0
INFO: 27-10-2022 18:34:19 log_status(399) -- Drogno_3: ready	battery: 4.19                    	kalman var: 0.0 0.0 0.0                    	batterySag: 0.5	link quality: 46	flight time: 0s                    	pos 1.54 1.35 2.44	yaw: 157.12	msg/s 0.0
INFO: 27-10-2022 18:34:20 log_status(399) -- Drogno_3: ready	battery: 4.19                    	kalman var: 0.0 0.0 0.0                    	batterySag: 0.5	link quality: 45	flight time: 0s                    	pos 1.56 1.36 2.46	yaw: 158.00	msg/s 0.0
INFO: 27-10-2022 18:34:21 log_status(399) -- Drogno_3: ready	battery: 4.19                    	kalman var: 0.0 0.0 0.0                    	batterySag: 0.5	link quality: 47	flight time: 0s                    	pos 1.54 1.35 2.44	yaw: 157.88	msg/s 0.0
INFO: 27-10-2022 18:34:22 log_status(399) -- Drogno_3: ready	battery: 4.19                    	kalman var: 0.0 0.0 0.0                    	batterySag: 0.5	link quality: 48	flight time: 0s                    	pos 1.53 1.35 2.43	yaw: 156.62	msg/s 0.0
INFO: 27-10-2022 18:34:23 log_status(399) -- Drogno_3: ready	battery: 4.19                    	kalman var: 0.0 0.0 0.0                    	batterySag: 0.5	link quality: 47	flight time: 0s                    	pos 1.56 1.36 2.46	yaw: 157.88	msg/s 0.0
INFO: 27-10-2022 18:34:24 log_status(399) -- Drogno_3: ready	battery: 4.19                    	kalman var: 0.0 0.0 0.0                    	batterySag: 0.5	link quality: 48	flight time: 0s                    	pos 1.56 1.36 2.46	yaw: 159.12	msg/s 0.0
INFO: 27-10-2022 18:34:25 log_status(399) -- Drogno_3: ready	battery: 4.19                    	kalman var: 0.0 0.0 0.0                    	batterySag: 0.5	link quality: 47	flight time: 0s                    	pos 1.56 1.36 2.46	yaw: 158.88	msg/s 0.0
INFO: 27-10-2022 18:34:26 log_status(399) -- Drogno_3: ready	battery: 4.19                    	kalman var: 0.0 0.0 0.0                    	batterySag: 0.5	link quality: 47	flight time: 0s                    	pos 1.55 1.35 2.45	yaw: 158.00	msg/s 0.0
INFO: 27-10-2022 18:34:28 log_status(399) -- Drogno_3: ready	battery: 4.19                    	kalman var: 0.0 0.0 0.0                    	batterySag: 0.5	link quality: 47	flight time: 0s                    	pos 1.57 1.36 2.47	yaw: 159.75	msg/s 0.0
INFO: 27-10-2022 18:34:29 log_status(399) -- Drogno_3: ready	battery: 4.19                    	kalman var: 0.0 0.0 0.0                    	batterySag: 0.5	link quality: 48	flight time: 0s                    	pos 1.55 1.35 2.45	yaw: 157.62	msg/s 0.0
INFO: 27-10-2022 18:34:30 log_status(399) -- Drogno_3: ready	battery: 4.19                    	kalman var: 0.0 0.0 0.0                    	batterySag: 0.5	link quality: 48	flight time: 0s                    	pos 1.54 1.35 2.44	yaw: 158.12	msg/s 0.0
INFO: 27-10-2022 18:34:31 log_status(399) -- Drogno_3: ready	battery: 4.19                    	kalman var: 0.0 0.0 0.0                    	batterySag: 0.5	link quality: 46	flight time: 0s                    	pos 1.55 1.35 2.45	yaw: 158.38	msg/s 0.0
INFO: 27-10-2022 18:34:32 log_status(399) -- Drogno_3: ready	battery: 4.19                    	kalman var: 0.0 0.0 0.0                    	batterySag: 0.5	link quality: 47	flight time: 0s                    	pos 1.56 1.36 2.46	yaw: 158.00	msg/s 0.0
INFO: 27-10-2022 18:34:33 log_status(399) -- Drogno_3: ready	battery: 4.19                    	kalman var: 0.0 0.0 0.0                    	batterySag: 0.5	link quality: 45	flight time: 0s                    	pos 1.55 1.35 2.45	yaw: 158.25	msg/s 0.0
INFO: 27-10-2022 18:34:34 log_status(399) -- Drogno_3: ready	battery: 4.19                    	kalman var: 0.0 0.0 0.0                    	batterySag: 0.5	link quality: 46	flight time: 0s                    	pos 1.56 1.36 2.46	yaw: 159.50	msg/s 0.0
INFO: 27-10-2022 18:34:35 log_status(399) -- Drogno_3: ready	battery: 4.19                    	kalman var: 0.0 0.0 0.0                    	batterySag: 0.5	link quality: 46	flight time: 0s                    	pos 1.54 1.35 2.44	yaw: 158.00	msg/s 0.0
INFO: 27-10-2022 18:34:36 log_status(399) -- Drogno_3: ready	battery: 4.19                    	kalman var: 0.0 0.0 0.0                    	batterySag: 0.5	link quality: 46	flight time: 0s                    	pos 1.56 1.36 2.46	yaw: 158.62	msg/s 0.0
INFO: 27-10-2022 18:34:37 log_status(399) -- Drogno_3: ready	battery: 4.19                    	kalman var: 0.0 0.0 0.0                    	batterySag: 0.5	link quality: 46	flight time: 0s                    	pos 1.56 1.36 2.46	yaw: 159.88	msg/s 0.0
INFO: 27-10-2022 18:34:39 log_status(399) -- Drogno_3: ready	battery: 4.19                    	kalman var: 0.0 0.0 0.0                    	batterySag: 0.5	link quality: 46	flight time: 0s                    	pos 1.55 1.35 2.45	yaw: 158.38	msg/s 0.0
INFO: 27-10-2022 18:34:40 log_status(399) -- Drogno_3: ready	battery: 4.19                    	kalman var: 0.0 0.0 0.0                    	batterySag: 0.5	link quality: 46	flight time: 0s                    	pos 1.57 1.36 2.47	yaw: 159.75	msg/s 0.0
INFO: 27-10-2022 18:34:41 log_status(399) -- Drogno_3: ready	battery: 4.19                    	kalman var: 0.0 0.0 0.0                    	batterySag: 0.5	link quality: 46	flight time: 0s                    	pos 1.56 1.36 2.46	yaw: 158.25	msg/s 0.0
INFO: 27-10-2022 18:34:42 log_status(399) -- Drogno_3: ready	battery: 4.19                    	kalman var: 0.0 0.0 0.0                    	batterySag: 0.5	link quality: 46	flight time: 0s                    	pos 1.55 1.35 2.45	yaw: 158.12	msg/s 0.0
INFO: 27-10-2022 18:34:43 log_status(399) -- Drogno_3: ready	battery: 4.19                    	kalman var: 0.0 0.0 0.0                    	batterySag: 0.5	link quality: 46	flight time: 0s                    	pos 1.55 1.35 2.45	yaw: 158.00	msg/s 0.0
INFO: 27-10-2022 18:34:44 log_status(399) -- Drogno_3: ready	battery: 4.19                    	kalman var: 0.0 0.0 0.0                    	batterySag: 0.5	link quality: 47	flight time: 0s                    	pos 1.56 1.36 2.46	yaw: 158.50	msg/s 0.0
INFO: 27-10-2022 18:34:45 log_status(399) -- Drogno_3: ready	battery: 4.19                    	kalman var: 0.0 0.0 0.0                    	batterySag: 0.5	link quality: 47	flight time: 0s                    	pos 1.56 1.36 2.46	yaw: 157.88	msg/s 0.0
INFO: 27-10-2022 18:34:46 log_status(399) -- Drogno_3: ready	battery: 4.19                    	kalman var: 0.0 0.0 0.0                    	batterySag: 0.5	link quality: 45	flight time: 0s                    	pos 1.55 1.35 2.45	yaw: 157.50	msg/s 0.0
INFO: 27-10-2022 18:34:47 log_status(399) -- Drogno_3: ready	battery: 4.19                    	kalman var: 0.0 0.0 0.0                    	batterySag: 0.5	link quality: 46	flight time: 0s                    	pos 1.54 1.35 2.44	yaw: 156.12	msg/s 0.0
INFO: 27-10-2022 18:34:48 log_status(399) -- Drogno_3: ready	battery: 4.19                    	kalman var: 0.0 0.0 0.0                    	batterySag: 0.5	link quality: 46	flight time: 0s                    	pos 1.55 1.35 2.45	yaw: 157.12	msg/s 0.0
INFO: 27-10-2022 18:34:50 log_status(399) -- Drogno_3: ready	battery: 4.19                    	kalman var: 0.0 0.0 0.0                    	batterySag: 0.5	link quality: 47	flight time: 0s                    	pos 1.55 1.35 2.45	yaw: 158.62	msg/s 0.0
INFO: 27-10-2022 18:34:51 log_status(399) -- Drogno_3: ready	battery: 4.19                    	kalman var: 0.0 0.0 0.0                    	batterySag: 0.5	link quality: 47	flight time: 0s                    	pos 1.56 1.36 2.46	yaw: 159.50	msg/s 0.0
INFO: 27-10-2022 18:34:52 log_status(399) -- Drogno_3: ready	battery: 4.19                    	kalman var: 0.0 0.0 0.0                    	batterySag: 0.5	link quality: 47	flight time: 0s                    	pos 1.55 1.35 2.45	yaw: 158.62	msg/s 0.0
INFO: 27-10-2022 18:34:53 log_status(399) -- Drogno_3: ready	battery: 4.19                    	kalman var: 0.0 0.0 0.0                    	batterySag: 0.5	link quality: 47	flight time: 0s                    	pos 1.56 1.36 2.46	yaw: 157.62	msg/s 0.0
INFO: 27-10-2022 18:34:54 log_status(399) -- Drogno_3: ready	battery: 4.19                    	kalman var: 0.0 0.0 0.0                    	batterySag: 0.5	link quality: 47	flight time: 0s                    	pos 1.56 1.36 2.46	yaw: 159.12	msg/s 0.0
INFO: 27-10-2022 18:34:55 log_status(399) -- Drogno_3: ready	battery: 4.19                    	kalman var: 0.0 0.0 0.0                    	batterySag: 0.5	link quality: 47	flight time: 0s                    	pos 1.55 1.35 2.45	yaw: 157.75	msg/s 0.0
INFO: 27-10-2022 18:34:56 log_status(399) -- Drogno_3: ready	battery: 4.19                    	kalman var: 0.0 0.0 0.0                    	batterySag: 0.5	link quality: 47	flight time: 0s                    	pos 1.54 1.35 2.44	yaw: 156.50	msg/s 0.0
INFO: 27-10-2022 18:34:57 log_status(399) -- Drogno_3: ready	battery: 4.19                    	kalman var: 0.0 0.0 0.0                    	batterySag: 0.5	link quality: 47	flight time: 0s                    	pos 1.55 1.35 2.45	yaw: 158.50	msg/s 0.0
INFO: 27-10-2022 18:34:58 log_status(399) -- Drogno_3: ready	battery: 4.19                    	kalman var: 0.0 0.0 0.0                    	batterySag: 0.5	link quality: 47	flight time: 0s                    	pos 1.55 1.35 2.45	yaw: 158.38	msg/s 0.0
INFO: 27-10-2022 18:34:59 log_status(399) -- Drogno_3: ready	battery: 4.19                    	kalman var: 0.0 0.0 0.0                    	batterySag: 0.5	link quality: 46	flight time: 0s                    	pos 1.56 1.36 2.46	yaw: 159.00	msg/s 0.0
INFO: 27-10-2022 18:35:01 log_status(399) -- Drogno_3: ready	battery: 4.19                    	kalman var: 0.0 0.0 0.0                    	batterySag: 0.5	link quality: 46	flight time: 0s                    	pos 1.55 1.35 2.45	yaw: 158.75	msg/s 0.0
INFO: 27-10-2022 18:35:02 log_status(399) -- Drogno_3: ready	battery: 4.19                    	kalman var: 0.0 0.0 0.0                    	batterySag: 0.5	link quality: 46	flight time: 0s                    	pos 1.53 1.35 2.43	yaw: 157.00	msg/s 0.0
INFO: 27-10-2022 18:35:03 log_status(399) -- Drogno_3: ready	battery: 4.19                    	kalman var: 0.0 0.0 0.0                    	batterySag: 0.5	link quality: 45	flight time: 0s                    	pos 1.57 1.36 2.46	yaw: 159.62	msg/s 0.0
INFO: 27-10-2022 18:35:04 log_status(399) -- Drogno_3: ready	battery: 4.19                    	kalman var: 0.0 0.0 0.0                    	batterySag: 0.5	link quality: 46	flight time: 0s                    	pos 1.55 1.35 2.45	yaw: 158.62	msg/s 0.0
INFO: 27-10-2022 18:35:05 log_status(399) -- Drogno_3: ready	battery: 4.19                    	kalman var: 0.0 0.0 0.0                    	batterySag: 0.5	link quality: 47	flight time: 0s                    	pos 1.53 1.35 2.43	yaw: 157.12	msg/s 0.0
INFO: 27-10-2022 18:35:06 log_status(399) -- Drogno_3: ready	battery: 4.19                    	kalman var: 0.0 0.0 0.0                    	batterySag: 0.5	link quality: 47	flight time: 0s                    	pos 1.56 1.36 2.46	yaw: 156.62	msg/s 0.0
INFO: 27-10-2022 18:35:07 log_status(399) -- Drogno_3: ready	battery: 4.19                    	kalman var: 0.0 0.0 0.0                    	batterySag: 0.5	link quality: 44	flight time: 0s                    	pos 1.55 1.35 2.45	yaw: 157.62	msg/s 0.0
INFO: 27-10-2022 18:35:08 log_status(399) -- Drogno_3: ready	battery: 4.19                    	kalman var: 0.0 0.0 0.0                    	batterySag: 0.5	link quality: 45	flight time: 0s                    	pos 1.55 1.35 2.45	yaw: 158.25	msg/s 0.0
INFO: 27-10-2022 18:35:09 log_status(399) -- Drogno_3: ready	battery: 4.19                    	kalman var: 0.0 0.0 0.0                    	batterySag: 0.5	link quality: 46	flight time: 0s                    	pos 1.55 1.35 2.45	yaw: 157.25	msg/s 0.0
INFO: 27-10-2022 18:35:10 log_status(399) -- Drogno_3: ready	battery: 4.19                    	kalman var: 0.0 0.0 0.0                    	batterySag: 0.5	link quality: 45	flight time: 0s                    	pos 1.55 1.35 2.45	yaw: 158.00	msg/s 0.0
INFO: 27-10-2022 18:35:12 log_status(399) -- Drogno_3: ready	battery: 4.19                    	kalman var: 0.0 0.0 0.0                    	batterySag: 0.5	link quality: 46	flight time: 0s                    	pos 1.55 1.35 2.45	yaw: 158.00	msg/s 0.0
INFO: 27-10-2022 18:35:13 log_status(399) -- Drogno_3: ready	battery: 4.19                    	kalman var: 0.0 0.0 0.0                    	batterySag: 0.5	link quality: 46	flight time: 0s                    	pos 1.56 1.36 2.46	yaw: 159.25	msg/s 0.0
INFO: 27-10-2022 18:35:14 log_status(399) -- Drogno_3: ready	battery: 4.19                    	kalman var: 0.0 0.0 0.0                    	batterySag: 0.5	link quality: 45	flight time: 0s                    	pos 1.54 1.35 2.44	yaw: 157.38	msg/s 0.0
INFO: 27-10-2022 18:35:15 log_status(399) -- Drogno_3: ready	battery: 4.19                    	kalman var: 0.0 0.0 0.0                    	batterySag: 0.5	link quality: 44	flight time: 0s                    	pos 1.56 1.36 2.46	yaw: 158.12	msg/s 0.0
INFO: 27-10-2022 18:35:16 log_status(399) -- Drogno_3: ready	battery: 4.19                    	kalman var: 0.0 0.0 0.0                    	batterySag: 0.5	link quality: 44	flight time: 0s                    	pos 1.54 1.35 2.44	yaw: 157.00	msg/s 0.0
INFO: 27-10-2022 18:35:17 log_status(399) -- Drogno_3: ready	battery: 4.19                    	kalman var: 0.0 0.0 0.0                    	batterySag: 0.5	link quality: 44	flight time: 0s                    	pos 1.55 1.35 2.45	yaw: 158.25	msg/s 0.0
INFO: 27-10-2022 18:35:18 log_status(399) -- Drogno_3: ready	battery: 4.19                    	kalman var: 0.0 0.0 0.0                    	batterySag: 0.5	link quality: 44	flight time: 0s                    	pos 1.56 1.36 2.46	yaw: 158.38	msg/s 0.0
INFO: 27-10-2022 18:35:19 log_status(399) -- Drogno_3: ready	battery: 4.19                    	kalman var: 0.0 0.0 0.0                    	batterySag: 0.5	link quality: 44	flight time: 0s                    	pos 1.53 1.35 2.43	yaw: 156.00	msg/s 0.0
INFO: 27-10-2022 18:35:20 log_status(399) -- Drogno_3: ready	battery: 4.19                    	kalman var: 0.0 0.0 0.0                    	batterySag: 0.5	link quality: 44	flight time: 0s                    	pos 1.55 1.35 2.45	yaw: 158.25	msg/s 0.0
INFO: 27-10-2022 18:35:21 log_status(399) -- Drogno_3: ready	battery: 4.19                    	kalman var: 0.0 0.0 0.0                    	batterySag: 0.5	link quality: 44	flight time: 0s                    	pos 1.53 1.35 2.43	yaw: 156.50	msg/s 0.0
INFO: 27-10-2022 18:35:23 log_status(399) -- Drogno_3: ready	battery: 4.19                    	kalman var: 0.0 0.0 0.0                    	batterySag: 0.5	link quality: 45	flight time: 0s                    	pos 1.55 1.35 2.45	yaw: 156.50	msg/s 0.0
INFO: 27-10-2022 18:35:24 log_status(399) -- Drogno_3: ready	battery: 4.19                    	kalman var: 0.0 0.0 0.0                    	batterySag: 0.5	link quality: 46	flight time: 0s                    	pos 1.55 1.35 2.45	yaw: 158.88	msg/s 0.0
INFO: 27-10-2022 18:35:25 log_status(399) -- Drogno_3: ready	battery: 4.19                    	kalman var: 0.0 0.0 0.0                    	batterySag: 0.5	link quality: 47	flight time: 0s                    	pos 1.56 1.36 2.46	yaw: 158.50	msg/s 0.0
INFO: 27-10-2022 18:35:26 log_status(399) -- Drogno_3: ready	battery: 4.19                    	kalman var: 0.0 0.0 0.0                    	batterySag: 0.5	link quality: 48	flight time: 0s                    	pos 1.56 1.36 2.46	yaw: 159.00	msg/s 0.0
INFO: 27-10-2022 18:35:27 log_status(399) -- Drogno_3: ready	battery: 4.19                    	kalman var: 0.0 0.0 0.0                    	batterySag: 0.5	link quality: 49	flight time: 0s                    	pos 1.56 1.36 2.46	yaw: 159.12	msg/s 0.0
INFO: 27-10-2022 18:35:28 log_status(399) -- Drogno_3: ready	battery: 4.19                    	kalman var: 0.0 0.0 0.0                    	batterySag: 0.5	link quality: 48	flight time: 0s                    	pos 1.53 1.35 2.43	yaw: 155.75	msg/s 0.0
INFO: 27-10-2022 18:35:29 log_status(399) -- Drogno_3: ready	battery: 4.19                    	kalman var: 0.0 0.0 0.0                    	batterySag: 0.5	link quality: 49	flight time: 0s                    	pos 1.56 1.36 2.45	yaw: 157.50	msg/s 0.0
INFO: 27-10-2022 18:35:30 log_status(399) -- Drogno_3: ready	battery: 4.19                    	kalman var: 0.0 0.0 0.0                    	batterySag: 0.5	link quality: 48	flight time: 0s                    	pos 1.55 1.35 2.45	yaw: 158.50	msg/s 0.0
INFO: 27-10-2022 18:35:31 log_status(399) -- Drogno_3: ready	battery: 4.19                    	kalman var: 0.0 0.0 0.0                    	batterySag: 0.5	link quality: 48	flight time: 0s                    	pos 1.54 1.35 2.44	yaw: 157.12	msg/s 0.0
INFO: 27-10-2022 18:35:32 log_status(399) -- Drogno_3: ready	battery: 4.19                    	kalman var: 0.0 0.0 0.0                    	batterySag: 0.5	link quality: 48	flight time: 0s                    	pos 1.55 1.35 2.45	yaw: 157.12	msg/s 0.0
INFO: 27-10-2022 18:35:34 log_status(399) -- Drogno_3: ready	battery: 4.19                    	kalman var: 0.0 0.0 0.0                    	batterySag: 0.5	link quality: 48	flight time: 0s                    	pos 1.54 1.35 2.44	yaw: 157.75	msg/s 0.0
INFO: 27-10-2022 18:35:35 log_status(399) -- Drogno_3: ready	battery: 4.19                    	kalman var: 0.0 0.0 0.0                    	batterySag: 0.5	link quality: 49	flight time: 0s                    	pos 1.56 1.36 2.46	yaw: 157.62	msg/s 0.0
INFO: 27-10-2022 18:35:36 log_status(399) -- Drogno_3: ready	battery: 4.19                    	kalman var: 0.0 0.0 0.0                    	batterySag: 0.5	link quality: 49	flight time: 0s                    	pos 1.56 1.36 2.46	yaw: 159.25	msg/s 0.0
INFO: 27-10-2022 18:35:37 log_status(399) -- Drogno_3: ready	battery: 4.19                    	kalman var: 0.0 0.0 0.0                    	batterySag: 0.5	link quality: 48	flight time: 0s                    	pos 1.55 1.35 2.45	yaw: 158.62	msg/s 0.0
INFO: 27-10-2022 18:35:38 log_status(399) -- Drogno_3: ready	battery: 4.19                    	kalman var: 0.0 0.0 0.0                    	batterySag: 0.5	link quality: 48	flight time: 0s                    	pos 1.55 1.35 2.45	yaw: 158.62	msg/s 0.0
INFO: 27-10-2022 18:35:39 log_status(399) -- Drogno_3: ready	battery: 4.19                    	kalman var: 0.0 0.0 0.0                    	batterySag: 0.5	link quality: 48	flight time: 0s                    	pos 1.56 1.36 2.46	yaw: 159.25	msg/s 0.0
INFO: 27-10-2022 18:35:40 log_status(399) -- Drogno_3: ready	battery: 4.19                    	kalman var: 0.0 0.0 0.0                    	batterySag: 0.5	link quality: 48	flight time: 0s                    	pos 1.54 1.35 2.44	yaw: 157.50	msg/s 0.0
INFO: 27-10-2022 18:35:41 log_status(399) -- Drogno_3: ready	battery: 4.19                    	kalman var: 0.0 0.0 0.0                    	batterySag: 0.5	link quality: 48	flight time: 0s                    	pos 1.55 1.35 2.45	yaw: 157.12	msg/s 0.0
INFO: 27-10-2022 18:35:42 log_status(399) -- Drogno_3: ready	battery: 4.19                    	kalman var: 0.0 0.0 0.0                    	batterySag: 0.5	link quality: 48	flight time: 0s                    	pos 1.55 1.35 2.45	yaw: 158.50	msg/s 0.0
INFO: 27-10-2022 18:35:43 log_status(399) -- Drogno_3: ready	battery: 4.19                    	kalman var: 0.0 0.0 0.0                    	batterySag: 0.5	link quality: 48	flight time: 0s                    	pos 1.56 1.36 2.46	yaw: 157.25	msg/s 0.0
INFO: 27-10-2022 18:35:45 log_status(399) -- Drogno_3: ready	battery: 4.19                    	kalman var: 0.0 0.0 0.0                    	batterySag: 0.5	link quality: 48	flight time: 0s                    	pos 1.57 1.36 2.47	yaw: 159.75	msg/s 0.0
INFO: 27-10-2022 18:35:46 log_status(399) -- Drogno_3: ready	battery: 4.19                    	kalman var: 0.0 0.0 0.0                    	batterySag: 0.5	link quality: 48	flight time: 0s                    	pos 1.54 1.35 2.44	yaw: 157.62	msg/s 0.0
INFO: 27-10-2022 18:35:47 log_status(399) -- Drogno_3: ready	battery: 4.19                    	kalman var: 0.0 0.0 0.0                    	batterySag: 0.5	link quality: 48	flight time: 0s                    	pos 1.55 1.35 2.45	yaw: 158.62	msg/s 0.0
INFO: 27-10-2022 18:35:48 log_status(399) -- Drogno_3: ready	battery: 4.19                    	kalman var: 0.0 0.0 0.0                    	batterySag: 0.5	link quality: 48	flight time: 0s                    	pos 1.55 1.35 2.45	yaw: 157.38	msg/s 0.0
INFO: 27-10-2022 18:35:49 log_status(399) -- Drogno_3: ready	battery: 4.19                    	kalman var: 0.0 0.0 0.0                    	batterySag: 0.5	link quality: 47	flight time: 0s                    	pos 1.53 1.35 2.43	yaw: 157.12	msg/s 0.0
INFO: 27-10-2022 18:35:50 log_status(399) -- Drogno_3: ready	battery: 4.19                    	kalman var: 0.0 0.0 0.0                    	batterySag: 0.5	link quality: 45	flight time: 0s                    	pos 1.55 1.35 2.45	yaw: 157.12	msg/s 0.0
INFO: 27-10-2022 18:35:51 log_status(399) -- Drogno_3: ready	battery: 4.19                    	kalman var: 0.0 0.0 0.0                    	batterySag: 0.5	link quality: 45	flight time: 0s                    	pos 1.55 1.35 2.45	yaw: 159.00	msg/s 0.0
INFO: 27-10-2022 18:35:52 log_status(399) -- Drogno_3: ready	battery: 4.19                    	kalman var: 0.0 0.0 0.0                    	batterySag: 0.5	link quality: 46	flight time: 0s                    	pos 1.56 1.36 2.46	yaw: 159.12	msg/s 0.0
INFO: 27-10-2022 18:35:53 log_status(399) -- Drogno_3: ready	battery: 4.19                    	kalman var: 0.0 0.0 0.0                    	batterySag: 0.5	link quality: 45	flight time: 0s                    	pos 1.55 1.35 2.45	yaw: 158.25	msg/s 0.0
INFO: 27-10-2022 18:35:54 log_status(399) -- Drogno_3: ready	battery: 4.19                    	kalman var: 0.0 0.0 0.0                    	batterySag: 0.5	link quality: 46	flight time: 0s                    	pos 1.56 1.36 2.46	yaw: 158.25	msg/s 0.0
INFO: 27-10-2022 18:35:56 log_status(399) -- Drogno_3: ready	battery: 4.19                    	kalman var: 0.0 0.0 0.0                    	batterySag: 0.5	link quality: 45	flight time: 0s                    	pos 1.55 1.35 2.46	yaw: 158.50	msg/s 0.0
INFO: 27-10-2022 18:35:57 log_status(399) -- Drogno_3: ready	battery: 4.19                    	kalman var: 0.0 0.0 0.0                    	batterySag: 0.5	link quality: 46	flight time: 0s                    	pos 1.56 1.36 2.46	yaw: 158.38	msg/s 0.0
INFO: 27-10-2022 18:35:58 log_status(399) -- Drogno_3: ready	battery: 4.19                    	kalman var: 0.0 0.0 0.0                    	batterySag: 0.5	link quality: 45	flight time: 0s                    	pos 1.55 1.35 2.45	yaw: 158.12	msg/s 0.0
INFO: 27-10-2022 18:35:59 log_status(399) -- Drogno_3: ready	battery: 4.19                    	kalman var: 0.0 0.0 0.0                    	batterySag: 0.5	link quality: 46	flight time: 0s                    	pos 1.54 1.35 2.44	yaw: 157.50	msg/s 0.0
INFO: 27-10-2022 18:36:00 log_status(399) -- Drogno_3: ready	battery: 4.19                    	kalman var: 0.0 0.0 0.0                    	batterySag: 0.5	link quality: 47	flight time: 0s                    	pos 1.56 1.36 2.46	yaw: 158.12	msg/s 0.0
INFO: 27-10-2022 18:36:01 log_status(399) -- Drogno_3: ready	battery: 4.19                    	kalman var: 0.0 0.0 0.0                    	batterySag: 0.5	link quality: 45	flight time: 0s                    	pos 1.56 1.36 2.46	yaw: 158.62	msg/s 0.0
INFO: 27-10-2022 18:36:02 log_status(399) -- Drogno_3: ready	battery: 4.19                    	kalman var: 0.0 0.0 0.0                    	batterySag: 0.5	link quality: 46	flight time: 0s                    	pos 1.56 1.36 2.46	yaw: 159.50	msg/s 0.0
INFO: 27-10-2022 18:36:03 log_status(399) -- Drogno_3: ready	battery: 4.19                    	kalman var: 0.0 0.0 0.0                    	batterySag: 0.5	link quality: 46	flight time: 0s                    	pos 1.55 1.35 2.45	yaw: 157.50	msg/s 0.0
INFO: 27-10-2022 18:36:04 log_status(399) -- Drogno_3: ready	battery: 4.19                    	kalman var: 0.0 0.0 0.0                    	batterySag: 0.5	link quality: 46	flight time: 0s                    	pos 1.55 1.35 2.45	yaw: 158.75	msg/s 0.0
INFO: 27-10-2022 18:36:05 log_status(399) -- Drogno_3: ready	battery: 4.19                    	kalman var: 0.0 0.0 0.0                    	batterySag: 0.5	link quality: 46	flight time: 0s                    	pos 1.57 1.36 2.47	yaw: 159.75	msg/s 0.0
INFO: 27-10-2022 18:36:07 log_status(399) -- Drogno_3: ready	battery: 4.19                    	kalman var: 0.0 0.0 0.0                    	batterySag: 0.5	link quality: 44	flight time: 0s                    	pos 1.55 1.35 2.45	yaw: 158.75	msg/s 0.0
INFO: 27-10-2022 18:36:08 log_status(399) -- Drogno_3: ready	battery: 4.19                    	kalman var: 0.0 0.0 0.0                    	batterySag: 0.5	link quality: 45	flight time: 0s                    	pos 1.56 1.36 2.46	yaw: 157.38	msg/s 0.0
INFO: 27-10-2022 18:36:09 log_status(399) -- Drogno_3: ready	battery: 4.19                    	kalman var: 0.0 0.0 0.0                    	batterySag: 0.5	link quality: 45	flight time: 0s                    	pos 1.56 1.36 2.46	yaw: 157.75	msg/s 0.0
INFO: 27-10-2022 18:36:10 log_status(399) -- Drogno_3: ready	battery: 4.19                    	kalman var: 0.0 0.0 0.0                    	batterySag: 0.5	link quality: 44	flight time: 0s                    	pos 1.56 1.36 2.46	yaw: 158.75	msg/s 0.0
INFO: 27-10-2022 18:36:11 log_status(399) -- Drogno_3: ready	battery: 4.19                    	kalman var: 0.0 0.0 0.0                    	batterySag: 0.5	link quality: 47	flight time: 0s                    	pos 1.57 1.36 2.47	yaw: 159.25	msg/s 0.0
INFO: 27-10-2022 18:36:12 log_status(399) -- Drogno_3: ready	battery: 4.19                    	kalman var: 0.0 0.0 0.0                    	batterySag: 0.5	link quality: 46	flight time: 0s                    	pos 1.55 1.35 2.45	yaw: 158.00	msg/s 0.0
INFO: 27-10-2022 18:36:13 log_status(399) -- Drogno_3: ready	battery: 4.19                    	kalman var: 0.0 0.0 0.0                    	batterySag: 0.5	link quality: 46	flight time: 0s                    	pos 1.53 1.35 2.43	yaw: 155.38	msg/s 0.0
INFO: 27-10-2022 18:36:14 log_status(399) -- Drogno_3: ready	battery: 4.19                    	kalman var: 0.0 0.0 0.0                    	batterySag: 0.5	link quality: 47	flight time: 0s                    	pos 1.56 1.36 2.46	yaw: 158.62	msg/s 0.0
INFO: 27-10-2022 18:36:15 log_status(399) -- Drogno_3: ready	battery: 4.19                    	kalman var: 0.0 0.0 0.0                    	batterySag: 0.5	link quality: 47	flight time: 0s                    	pos 1.55 1.35 2.45	yaw: 158.25	msg/s 0.0
INFO: 27-10-2022 18:36:16 log_status(399) -- Drogno_3: ready	battery: 4.19                    	kalman var: 0.0 0.0 0.0                    	batterySag: 0.5	link quality: 47	flight time: 0s                    	pos 1.57 1.36 2.46	yaw: 158.25	msg/s 0.0
INFO: 27-10-2022 18:36:18 log_status(399) -- Drogno_3: ready	battery: 4.19                    	kalman var: 0.0 0.0 0.0                    	batterySag: 0.5	link quality: 47	flight time: 0s                    	pos 1.54 1.35 2.44	yaw: 156.38	msg/s 0.0
INFO: 27-10-2022 18:36:19 log_status(399) -- Drogno_3: ready	battery: 4.19                    	kalman var: 0.0 0.0 0.0                    	batterySag: 0.5	link quality: 46	flight time: 0s                    	pos 1.56 1.35 2.46	yaw: 157.25	msg/s 0.0
INFO: 27-10-2022 18:36:20 log_status(399) -- Drogno_3: ready	battery: 4.19                    	kalman var: 0.0 0.0 0.0                    	batterySag: 0.5	link quality: 47	flight time: 0s                    	pos 1.56 1.36 2.46	yaw: 158.12	msg/s 0.0
INFO: 27-10-2022 18:36:21 log_status(399) -- Drogno_3: ready	battery: 4.19                    	kalman var: 0.0 0.0 0.0                    	batterySag: 0.5	link quality: 48	flight time: 0s                    	pos 1.56 1.36 2.46	yaw: 158.50	msg/s 0.0
INFO: 27-10-2022 18:36:22 log_status(399) -- Drogno_3: ready	battery: 4.19                    	kalman var: 0.0 0.0 0.0                    	batterySag: 0.5	link quality: 47	flight time: 0s                    	pos 1.55 1.35 2.45	yaw: 158.88	msg/s 0.0
INFO: 27-10-2022 18:36:23 log_status(399) -- Drogno_3: ready	battery: 4.19                    	kalman var: 0.0 0.0 0.0                    	batterySag: 0.5	link quality: 47	flight time: 0s                    	pos 1.55 1.35 2.45	yaw: 158.62	msg/s 0.0
INFO: 27-10-2022 18:36:24 log_status(399) -- Drogno_3: ready	battery: 4.19                    	kalman var: 0.0 0.0 0.0                    	batterySag: 0.5	link quality: 47	flight time: 0s                    	pos 1.55 1.35 2.45	yaw: 158.38	msg/s 0.0
INFO: 27-10-2022 18:36:25 log_status(399) -- Drogno_3: ready	battery: 4.19                    	kalman var: 0.0 0.0 0.0                    	batterySag: 0.5	link quality: 47	flight time: 0s                    	pos 1.56 1.36 2.46	yaw: 158.88	msg/s 0.0
INFO: 27-10-2022 18:36:26 log_status(399) -- Drogno_3: ready	battery: 4.19                    	kalman var: 0.0 0.0 0.0                    	batterySag: 0.5	link quality: 47	flight time: 0s                    	pos 1.57 1.36 2.46	yaw: 158.50	msg/s 0.0
INFO: 27-10-2022 18:36:27 log_status(399) -- Drogno_3: ready	battery: 4.19                    	kalman var: 0.0 0.0 0.0                    	batterySag: 0.5	link quality: 48	flight time: 0s                    	pos 1.55 1.35 2.45	yaw: 158.38	msg/s 0.0
INFO: 27-10-2022 18:36:29 log_status(399) -- Drogno_3: ready	battery: 4.19                    	kalman var: 0.0 0.0 0.0                    	batterySag: 0.5	link quality: 47	flight time: 0s                    	pos 1.55 1.35 2.45	yaw: 158.00	msg/s 0.0
INFO: 27-10-2022 18:36:30 log_status(399) -- Drogno_3: ready	battery: 4.19                    	kalman var: 0.0 0.0 0.0                    	batterySag: 0.5	link quality: 47	flight time: 0s                    	pos 1.56 1.36 2.46	yaw: 159.12	msg/s 0.0
INFO: 27-10-2022 18:36:31 log_status(399) -- Drogno_3: ready	battery: 4.19                    	kalman var: 0.0 0.0 0.0                    	batterySag: 0.5	link quality: 47	flight time: 0s                    	pos 1.56 1.36 2.46	yaw: 159.38	msg/s 0.0
INFO: 27-10-2022 18:36:32 log_status(399) -- Drogno_3: ready	battery: 4.19                    	kalman var: 0.0 0.0 0.0                    	batterySag: 0.5	link quality: 44	flight time: 0s                    	pos 1.55 1.35 2.45	yaw: 158.50	msg/s 0.0
INFO: 27-10-2022 18:36:33 log_status(399) -- Drogno_3: ready	battery: 4.19                    	kalman var: 0.0 0.0 0.0                    	batterySag: 0.5	link quality: 45	flight time: 0s                    	pos 1.55 1.35 2.45	yaw: 156.88	msg/s 0.0
INFO: 27-10-2022 18:36:34 log_status(399) -- Drogno_3: ready	battery: 4.19                    	kalman var: 0.0 0.0 0.0                    	batterySag: 0.5	link quality: 46	flight time: 0s                    	pos 1.55 1.35 2.45	yaw: 158.75	msg/s 0.0
INFO: 27-10-2022 18:36:35 log_status(399) -- Drogno_3: ready	battery: 4.19                    	kalman var: 0.0 0.0 0.0                    	batterySag: 0.5	link quality: 46	flight time: 0s                    	pos 1.56 1.36 2.46	yaw: 159.00	msg/s 0.0
INFO: 27-10-2022 18:36:36 log_status(399) -- Drogno_3: ready	battery: 4.19                    	kalman var: 0.0 0.0 0.0                    	batterySag: 0.5	link quality: 46	flight time: 0s                    	pos 1.55 1.35 2.45	yaw: 158.12	msg/s 0.0
INFO: 27-10-2022 18:36:37 log_status(399) -- Drogno_3: ready	battery: 4.19                    	kalman var: 0.0 0.0 0.0                    	batterySag: 0.5	link quality: 46	flight time: 0s                    	pos 1.56 1.36 2.46	yaw: 158.88	msg/s 0.0
INFO: 27-10-2022 18:36:38 log_status(399) -- Drogno_3: ready	battery: 4.19                    	kalman var: 0.0 0.0 0.0                    	batterySag: 0.5	link quality: 46	flight time: 0s                    	pos 1.56 1.36 2.46	yaw: 158.88	msg/s 0.0
INFO: 27-10-2022 18:36:40 log_status(399) -- Drogno_3: ready	battery: 4.19                    	kalman var: 0.0 0.0 0.0                    	batterySag: 0.5	link quality: 46	flight time: 0s                    	pos 1.55 1.35 2.45	yaw: 158.62	msg/s 0.0
INFO: 27-10-2022 18:36:41 log_status(399) -- Drogno_3: ready	battery: 4.19                    	kalman var: 0.0 0.0 0.0                    	batterySag: 0.5	link quality: 46	flight time: 0s                    	pos 1.54 1.35 2.44	yaw: 157.50	msg/s 0.0
INFO: 27-10-2022 18:36:42 log_status(399) -- Drogno_3: ready	battery: 4.19                    	kalman var: 0.0 0.0 0.0                    	batterySag: 0.5	link quality: 46	flight time: 0s                    	pos 1.55 1.35 2.45	yaw: 158.12	msg/s 0.0
INFO: 27-10-2022 18:36:43 log_status(399) -- Drogno_3: ready	battery: 4.19                    	kalman var: 0.0 0.0 0.0                    	batterySag: 0.5	link quality: 46	flight time: 0s                    	pos 1.55 1.35 2.45	yaw: 157.00	msg/s 0.0
INFO: 27-10-2022 18:36:44 log_status(399) -- Drogno_3: ready	battery: 4.19                    	kalman var: 0.0 0.0 0.0                    	batterySag: 0.5	link quality: 46	flight time: 0s                    	pos 1.55 1.35 2.45	yaw: 157.25	msg/s 0.0
INFO: 27-10-2022 18:36:45 log_status(399) -- Drogno_3: ready	battery: 4.19                    	kalman var: 0.0 0.0 0.0                    	batterySag: 0.5	link quality: 46	flight time: 0s                    	pos 1.55 1.35 2.45	yaw: 158.50	msg/s 0.0
INFO: 27-10-2022 18:36:46 log_status(399) -- Drogno_3: ready	battery: 4.19                    	kalman var: 0.0 0.0 0.0                    	batterySag: 0.5	link quality: 45	flight time: 0s                    	pos 1.57 1.36 2.47	yaw: 159.25	msg/s 0.0
INFO: 27-10-2022 18:36:47 log_status(399) -- Drogno_3: ready	battery: 4.19                    	kalman var: 0.0 0.0 0.0                    	batterySag: 0.5	link quality: 47	flight time: 0s                    	pos 1.56 1.36 2.46	yaw: 158.88	msg/s 0.0
INFO: 27-10-2022 18:36:48 log_status(399) -- Drogno_3: ready	battery: 4.19                    	kalman var: 0.0 0.0 0.0                    	batterySag: 0.5	link quality: 46	flight time: 0s                    	pos 1.56 1.36 2.46	yaw: 157.75	msg/s 0.0
INFO: 27-10-2022 18:36:49 log_status(399) -- Drogno_3: ready	battery: 4.19                    	kalman var: 0.0 0.0 0.0                    	batterySag: 0.5	link quality: 47	flight time: 0s                    	pos 1.54 1.35 2.44	yaw: 156.75	msg/s 0.0
INFO: 27-10-2022 18:36:51 log_status(399) -- Drogno_3: ready	battery: 4.19                    	kalman var: 0.0 0.0 0.0                    	batterySag: 0.5	link quality: 46	flight time: 0s                    	pos 1.56 1.36 2.46	yaw: 159.50	msg/s 0.0
INFO: 27-10-2022 18:36:52 log_status(399) -- Drogno_3: ready	battery: 4.19                    	kalman var: 0.0 0.0 0.0                    	batterySag: 0.5	link quality: 46	flight time: 0s                    	pos 1.55 1.35 2.45	yaw: 158.00	msg/s 0.0
INFO: 27-10-2022 18:36:53 log_status(399) -- Drogno_3: ready	battery: 4.19                    	kalman var: 0.0 0.0 0.0                    	batterySag: 0.5	link quality: 46	flight time: 0s                    	pos 1.54 1.35 2.44	yaw: 158.25	msg/s 0.0
INFO: 27-10-2022 18:36:54 log_status(399) -- Drogno_3: ready	battery: 4.19                    	kalman var: 0.0 0.0 0.0                    	batterySag: 0.5	link quality: 45	flight time: 0s                    	pos 1.55 1.35 2.45	yaw: 157.75	msg/s 0.0
INFO: 27-10-2022 18:36:55 log_status(399) -- Drogno_3: ready	battery: 4.19                    	kalman var: 0.0 0.0 0.0                    	batterySag: 0.5	link quality: 45	flight time: 0s                    	pos 1.57 1.36 2.47	yaw: 159.75	msg/s 0.0
INFO: 27-10-2022 18:36:56 log_status(399) -- Drogno_3: ready	battery: 4.19                    	kalman var: 0.0 0.0 0.0                    	batterySag: 0.5	link quality: 47	flight time: 0s                    	pos 1.54 1.35 2.44	yaw: 157.25	msg/s 0.0
INFO: 27-10-2022 18:36:57 log_status(399) -- Drogno_3: ready	battery: 4.19                    	kalman var: 0.0 0.0 0.0                    	batterySag: 0.5	link quality: 46	flight time: 0s                    	pos 1.56 1.36 2.46	yaw: 158.38	msg/s 0.0
INFO: 27-10-2022 18:36:58 log_status(399) -- Drogno_3: ready	battery: 4.19                    	kalman var: 0.0 0.0 0.0                    	batterySag: 0.5	link quality: 46	flight time: 0s                    	pos 1.54 1.35 2.44	yaw: 157.62	msg/s 0.0
INFO: 27-10-2022 18:36:59 log_status(399) -- Drogno_3: ready	battery: 4.19                    	kalman var: 0.0 0.0 0.0                    	batterySag: 0.5	link quality: 46	flight time: 0s                    	pos 1.53 1.35 2.43	yaw: 156.38	msg/s 0.0
INFO: 27-10-2022 18:37:00 log_status(399) -- Drogno_3: ready	battery: 4.19                    	kalman var: 0.0 0.0 0.0                    	batterySag: 0.5	link quality: 46	flight time: 0s                    	pos 1.56 1.36 2.46	yaw: 159.00	msg/s 0.0
INFO: 27-10-2022 18:37:02 log_status(399) -- Drogno_3: ready	battery: 4.19                    	kalman var: 0.0 0.0 0.0                    	batterySag: 0.5	link quality: 46	flight time: 0s                    	pos 1.54 1.35 2.44	yaw: 158.12	msg/s 0.0
INFO: 27-10-2022 18:37:03 log_status(399) -- Drogno_3: ready	battery: 4.19                    	kalman var: 0.0 0.0 0.0                    	batterySag: 0.5	link quality: 46	flight time: 0s                    	pos 1.54 1.35 2.44	yaw: 157.38	msg/s 0.0
INFO: 27-10-2022 18:37:04 log_status(399) -- Drogno_3: ready	battery: 4.19                    	kalman var: 0.0 0.0 0.0                    	batterySag: 0.5	link quality: 47	flight time: 0s                    	pos 1.57 1.36 2.46	yaw: 159.25	msg/s 0.0
INFO: 27-10-2022 18:37:05 log_status(399) -- Drogno_3: ready	battery: 4.19                    	kalman var: 0.0 0.0 0.0                    	batterySag: 0.5	link quality: 47	flight time: 0s                    	pos 1.56 1.36 2.46	yaw: 158.88	msg/s 0.0
INFO: 27-10-2022 18:37:06 log_status(399) -- Drogno_3: ready	battery: 4.19                    	kalman var: 0.0 0.0 0.0                    	batterySag: 0.5	link quality: 46	flight time: 0s                    	pos 1.53 1.35 2.43	yaw: 156.38	msg/s 0.0
INFO: 27-10-2022 18:37:07 log_status(399) -- Drogno_3: ready	battery: 4.19                    	kalman var: 0.0 0.0 0.0                    	batterySag: 0.5	link quality: 49	flight time: 0s                    	pos 1.54 1.35 2.44	yaw: 157.62	msg/s 0.0
INFO: 27-10-2022 18:37:08 log_status(399) -- Drogno_3: ready	battery: 4.19                    	kalman var: 0.0 0.0 0.0                    	batterySag: 0.5	link quality: 47	flight time: 0s                    	pos 1.55 1.35 2.45	yaw: 157.62	msg/s 0.0
INFO: 27-10-2022 18:37:09 log_status(399) -- Drogno_3: ready	battery: 4.19                    	kalman var: 0.0 0.0 0.0                    	batterySag: 0.5	link quality: 45	flight time: 0s                    	pos 1.54 1.35 2.44	yaw: 157.38	msg/s 0.0
INFO: 27-10-2022 18:37:10 log_status(399) -- Drogno_3: ready	battery: 4.19                    	kalman var: 0.0 0.0 0.0                    	batterySag: 0.5	link quality: 46	flight time: 0s                    	pos 1.56 1.36 2.46	yaw: 157.88	msg/s 0.0
WARNING: 27-10-2022 18:37:10 exit(696) -- closing Drogno_3
