INFO: 01-11-2022 18:00:50 __init__(113) -- This is drone log from Drogno_0
INFO: 01-11-2022 18:00:53 log_status(190) -- Logger started
INFO: 01-11-2022 18:00:54 log_status(194) -- Drogno_0: ready	battery: 4.16                    	kalman var: 0.01 0.01 0.001                    	batterySag: 0.5	link quality: 38	flight time: 0s                    	pos -0.04 -0.04 -0.00	yaw: 0.01	msg/s 0.9
INFO: 01-11-2022 18:00:55 log_status(194) -- Drogno_0: BAD kalman	battery: 4.16                    	kalman var: 0.041 0.041 0.002                    	batterySag: 0.5	link quality: 39	flight time: 0s                    	pos -0.15 -0.18 -0.00	yaw: 0.03	msg/s 0.0
INFO: 01-11-2022 18:00:56 log_status(194) -- Drogno_0: BAD kalman	battery: 4.16                    	kalman var: 0.109 0.109 0.003                    	batterySag: 0.5	link quality: 38	flight time: 0s                    	pos -0.38 -0.47 -0.01	yaw: 0.06	msg/s 0.0
INFO: 01-11-2022 18:00:57 log_status(194) -- Drogno_0: BAD kalman	battery: 4.16                    	kalman var: 0.214 0.214 0.005                    	batterySag: 0.5	link quality: 38	flight time: 0s                    	pos -0.73 -0.89 -0.02	yaw: 0.09	msg/s 0.0
INFO: 01-11-2022 18:00:58 log_status(194) -- Drogno_0: BAD kalman	battery: 4.16                    	kalman var: 0.333 0.333 0.006                    	batterySag: 0.5	link quality: 39	flight time: 0s                    	pos -1.10 -1.35 -0.03	yaw: 0.10	msg/s 0.0
INFO: 01-11-2022 18:00:59 log_status(194) -- Drogno_0: BAD kalman	battery: 4.16                    	kalman var: 0.515 0.515 0.007                    	batterySag: 0.5	link quality: 39	flight time: 0s                    	pos -1.65 -2.03 -0.04	yaw: 0.11	msg/s 0.0
INFO: 01-11-2022 18:01:00 log_status(194) -- Drogno_0: ready	battery: 4.16                    	kalman var: 0.702 0.702 0.008                    	batterySag: 0.5	link quality: 38	flight time: 0s                    	pos -2.18 -2.69 -0.06	yaw: 0.12	msg/s 0.0
INFO: 01-11-2022 18:01:01 log_status(194) -- Drogno_0: ready	battery: 4.16                    	kalman var: 0.974 0.974 0.009                    	batterySag: 0.5	link quality: 39	flight time: 0s                    	pos -2.93 -3.62 -0.07	yaw: 0.14	msg/s 0.0
INFO: 01-11-2022 18:01:02 log_status(194) -- Drogno_0: ready	battery: 4.16                    	kalman var: 1.229 1.24 0.034                    	batterySag: 0.5	link quality: 37	flight time: 0s                    	pos -3.64 -4.50 -0.08	yaw: -1.57	msg/s 0.0
INFO: 01-11-2022 18:01:13 log_status(194) -- Drogno_0: sequenza_6	battery: 4.16                    	kalman var: 1.241 1.308 0.076                    	batterySag: 0.5	link quality: 42	flight time: 0s                    	pos -3.79 -4.71 -0.07	yaw: -0.71	msg/s 0.0
INFO: 01-11-2022 18:01:14 log_status(194) -- Drogno_0: ready	battery: 4.16                    	kalman var: 1.297 1.415 0.157                    	batterySag: 0.5	link quality: 49	flight time: 0s                    	pos -4.12 -5.10 -0.07	yaw: 2.44	msg/s 0.0
INFO: 01-11-2022 18:01:15 log_status(194) -- Drogno_0: ready	battery: 4.16                    	kalman var: 1.297 1.415 0.157                    	batterySag: 0.5	link quality: 49	flight time: 0s                    	pos -4.12 -5.10 -0.07	yaw: 2.44	msg/s 0.0
INFO: 01-11-2022 18:01:16 log_status(194) -- Drogno_0: seq6	battery: 4.16                    	kalman var: 1.297 1.415 0.157                    	batterySag: 0.5	link quality: 49	flight time: 0s                    	pos -4.12 -5.10 -0.07	yaw: 2.44	msg/s 0.0
INFO: 01-11-2022 18:01:17 log_status(194) -- Drogno_0: idle	battery: 4.16                    	kalman var: 1.297 1.415 0.157                    	batterySag: 0.5	link quality: 49	flight time: 0s                    	pos -4.12 -5.10 -0.07	yaw: 2.44	msg/s 0.0
INFO: 01-11-2022 18:01:18 log_status(194) -- Drogno_0: idle	battery: 4.16                    	kalman var: 1.297 1.415 0.157                    	batterySag: 0.5	link quality: 49	flight time: 5s                    	pos -4.12 -5.10 -0.07	yaw: 2.44	msg/s 0.0
INFO: 01-11-2022 18:01:20 log_status(194) -- Drogno_0: landed	battery: 4.16                    	kalman var: 1.297 1.415 0.157                    	batterySag: 0.5	link quality: 49	flight time: 0s                    	pos -4.12 -5.10 -0.07	yaw: 2.44	msg/s 0.0
INFO: 01-11-2022 18:01:21 log_status(194) -- Drogno_0: ready	battery: 3.89                    	kalman var: 1.297 1.415 0.157                    	batterySag: 0.5	link quality: 38	flight time: 0s                    	pos -24.93 -24.93 -24.93	yaw: 0.84	msg/s 0.0
INFO: 01-11-2022 18:01:22 log_status(194) -- Drogno_0: ready	battery: 3.88                    	kalman var: 1.297 1.415 0.157                    	batterySag: 0.5	link quality: 38	flight time: 0s                    	pos -18.38 -18.38 -18.38	yaw: 0.76	msg/s 0.0
INFO: 01-11-2022 18:01:23 log_status(194) -- Drogno_0: ready	battery: 3.88                    	kalman var: 1.297 1.415 0.157                    	batterySag: 0.5	link quality: 38	flight time: 0s                    	pos -11.96 -11.96 -11.96	yaw: 0.81	msg/s 0.0
INFO: 01-11-2022 18:01:24 log_status(194) -- Drogno_0: ready	battery: 3.88                    	kalman var: 1.297 1.415 0.157                    	batterySag: 0.5	link quality: 38	flight time: 0s                    	pos -5.50 -5.50 -5.50	yaw: 0.78	msg/s 0.0
INFO: 01-11-2022 18:01:25 log_status(194) -- Drogno_0: ready	battery: 3.88                    	kalman var: 1.297 1.415 0.157                    	batterySag: 0.5	link quality: 38	flight time: 0s                    	pos 0.00 0.00 0.00	yaw: 0.01	msg/s 0.0
INFO: 01-11-2022 18:01:26 log_status(194) -- Drogno_0: ready	battery: 3.88                    	kalman var: 1.297 1.415 0.157                    	batterySag: 0.5	link quality: 38	flight time: 0s                    	pos -0.00 -0.00 -0.00	yaw: 0.06	msg/s 0.0
INFO: 01-11-2022 18:01:27 log_status(194) -- Drogno_0: landed	battery: 3.88                    	kalman var: 1.297 1.415 0.157                    	batterySag: 0.5	link quality: 37	flight time: 0s                    	pos -0.01 -0.01 -0.01	yaw: 0.07	msg/s 0.0
INFO: 01-11-2022 18:01:28 log_status(194) -- Drogno_0: ready	battery: 3.88                    	kalman var: 1.297 1.415 0.157                    	batterySag: 0.5	link quality: 37	flight time: 0s                    	pos -0.01 -0.01 -0.01	yaw: 0.07	msg/s 0.0
INFO: 01-11-2022 18:01:29 log_status(194) -- Drogno_0: ready	battery: 3.88                    	kalman var: 1.297 1.415 0.157                    	batterySag: 0.5	link quality: 37	flight time: 0s                    	pos -0.01 -0.01 -0.01	yaw: 0.07	msg/s 0.0
INFO: 01-11-2022 18:01:31 log_status(194) -- Drogno_0: ready	battery: 3.88                    	kalman var: 1.297 1.415 0.157                    	batterySag: 0.5	link quality: 37	flight time: 0s                    	pos -0.01 -0.01 -0.01	yaw: 0.07	msg/s 0.0
WARNING: 01-11-2022 18:01:32 exit(692) -- closing Drogno_0
INFO: 01-11-2022 18:01:39 __init__(113) -- This is drone log from Drogno_0
INFO: 01-11-2022 18:01:42 log_status(190) -- Logger started
INFO: 01-11-2022 18:01:43 log_status(194) -- Drogno_0: ready	battery: 4.18                    	kalman var: 0.0 0.0 0.0                    	batterySag: 0.5	link quality: 37	flight time: 0s                    	pos 0.00 0.00 0.00	yaw: 0.00	msg/s 0.9
INFO: 01-11-2022 18:01:44 log_status(194) -- Drogno_0: ready	battery: 4.18                    	kalman var: 0.005 0.005 0.001                    	batterySag: 0.5	link quality: 38	flight time: 0s                    	pos 0.57 -0.56 -0.14	yaw: -0.08	msg/s 0.0
INFO: 01-11-2022 18:01:46 log_status(194) -- Drogno_0: out of BOX	battery: 3.88                    	kalman var: 0.037 0.037 0.002                    	batterySag: 0.5	link quality: 38	flight time: 0s                    	pos 3.12 -3.11 -1.10	yaw: 0.37	msg/s 0.0
INFO: 01-11-2022 18:01:46 check_out_of_boxiness(645) -- Landing due trespassing!
INFO: 01-11-2022 18:01:46 check_out_of_boxiness(645) -- Landing due trespassing!
INFO: 01-11-2022 18:01:46 check_out_of_boxiness(645) -- Landing due trespassing!
INFO: 01-11-2022 18:01:46 check_out_of_boxiness(645) -- Landing due trespassing!
INFO: 01-11-2022 18:01:46 check_out_of_boxiness(645) -- Landing due trespassing!
INFO: 01-11-2022 18:01:47 check_out_of_boxiness(645) -- Landing due trespassing!
INFO: 01-11-2022 18:01:47 log_status(194) -- Drogno_0: out of BOX	battery: 3.88                    	kalman var: 0.102 0.102 0.003                    	batterySag: 0.5	link quality: 38	flight time: 1s                    	pos 5.68 -5.62 -2.97	yaw: 0.19	msg/s 0.0
INFO: 01-11-2022 18:01:47 check_out_of_boxiness(645) -- Landing due trespassing!
INFO: 01-11-2022 18:01:47 check_out_of_boxiness(645) -- Landing due trespassing!
INFO: 01-11-2022 18:01:48 check_out_of_boxiness(645) -- Landing due trespassing!
INFO: 01-11-2022 18:01:48 check_out_of_boxiness(645) -- Landing due trespassing!
INFO: 01-11-2022 18:01:48 log_status(194) -- Drogno_0: landed	battery: 3.86                    	kalman var: 0.102 0.102 0.003                    	batterySag: 0.5	link quality: 37	flight time: 0s                    	pos 7.58 7.58 7.58	yaw: 0.04	msg/s 0.0
WARNING: 01-11-2022 18:01:48 exit(692) -- closing Drogno_0
INFO: 01-11-2022 18:01:59 __init__(113) -- This is drone log from Drogno_0
INFO: 01-11-2022 18:02:02 log_status(190) -- Logger started
INFO: 01-11-2022 18:02:04 log_status(194) -- Drogno_0: ready	battery: 4.18                    	kalman var: 0.01 0.01 0.001                    	batterySag: 0.5	link quality: 39	flight time: 0s                    	pos 1.14 -1.17 -0.29	yaw: -0.00	msg/s 0.9
INFO: 01-11-2022 18:02:05 log_status(194) -- Drogno_0: ready	battery: 4.18                    	kalman var: 0.041 0.041 0.002                    	batterySag: 0.5	link quality: 39	flight time: 0s                    	pos 4.60 -4.71 -1.17	yaw: 0.01	msg/s 0.0
INFO: 01-11-2022 18:02:06 log_status(194) -- Drogno_0: ready	battery: 4.18                    	kalman var: 0.109 0.109 0.003                    	batterySag: 0.5	link quality: 39	flight time: 0s                    	pos 11.85 -12.12 -3.01	yaw: 0.19	msg/s 0.0
INFO: 01-11-2022 18:02:07 log_status(194) -- Drogno_0: ready	battery: 4.18                    	kalman var: 0.0 0.0 0.0                    	batterySag: 0.5	link quality: 39	flight time: 0s                    	pos 0.03 -0.03 -0.01	yaw: -0.08	msg/s 0.0
INFO: 01-11-2022 18:02:08 log_status(194) -- Drogno_0: ready	battery: 3.72                    	kalman var: 0.014 0.014 0.001                    	batterySag: 0.5	link quality: 38	flight time: 0s                    	pos 1.55 -1.59 -0.40	yaw: 0.04	msg/s 0.9
INFO: 01-11-2022 18:02:09 log_status(194) -- Drogno_0: ready	battery: 3.9                    	kalman var: 0.058 0.058 0.003                    	batterySag: 0.5	link quality: 38	flight time: 1s                    	pos 4.62 -4.73 -1.68	yaw: 0.13	msg/s 0.0
INFO: 01-11-2022 18:02:10 log_status(194) -- Drogno_0: hovering	battery: 3.89                    	kalman var: 0.107 0.107 0.003                    	batterySag: 0.5	link quality: 38	flight time: 2s                    	pos 6.61 -6.75 -3.03	yaw: 0.23	msg/s 0.9
INFO: 01-11-2022 18:02:11 log_status(194) -- Drogno_0: ready	battery: 3.88                    	kalman var: 0.107 0.107 0.003                    	batterySag: 0.5	link quality: 38	flight time: 3s                    	pos 9.71 9.71 9.71	yaw: 0.23	msg/s 0.0
INFO: 01-11-2022 18:02:12 log_status(194) -- Drogno_0: ready	battery: 3.88                    	kalman var: 0.107 0.107 0.003                    	batterySag: 0.5	link quality: 38	flight time: 4s                    	pos 12.06 12.06 12.06	yaw: 0.21	msg/s 0.0
INFO: 01-11-2022 18:02:13 log_status(194) -- Drogno_0: ready	battery: 3.87                    	kalman var: 0.107 0.107 0.003                    	batterySag: 0.5	link quality: 38	flight time: 5s                    	pos 14.18 14.18 14.18	yaw: 0.27	msg/s 0.0
INFO: 01-11-2022 18:02:15 log_status(194) -- Drogno_0: ready	battery: 4.14                    	kalman var: 0.107 0.107 0.003                    	batterySag: 0.5	link quality: 39	flight time: 6s                    	pos 16.18 16.18 16.18	yaw: -0.54	msg/s 0.9
INFO: 01-11-2022 18:02:16 log_status(194) -- Drogno_0: ready	battery: 4.15                    	kalman var: 0.107 0.107 0.003                    	batterySag: 0.5	link quality: 38	flight time: 7s                    	pos 20.21 20.21 20.21	yaw: -0.42	msg/s 0.0
INFO: 01-11-2022 18:02:17 log_status(194) -- Drogno_0: ready	battery: 3.78                    	kalman var: 0.107 0.107 0.003                    	batterySag: 0.5	link quality: 38	flight time: 0s                    	pos 22.93 22.93 22.93	yaw: -0.36	msg/s 0.0
INFO: 01-11-2022 18:02:18 log_status(194) -- Drogno_0: ready	battery: 3.87                    	kalman var: 1.662 1.661 0.016                    	batterySag: 0.5	link quality: 38	flight time: 0s                    	pos 32.53 -33.22 -37.56	yaw: 0.34	msg/s 0.0
INFO: 01-11-2022 18:02:19 log_status(194) -- Drogno_0: ready	battery: 3.93                    	kalman var: 1.731 1.731 0.016                    	batterySag: 0.5	link quality: 38	flight time: 0s                    	pos -27.68 -27.68 -27.68	yaw: 0.03	msg/s 0.0
INFO: 01-11-2022 18:02:20 log_status(194) -- Drogno_0: ready	battery: 3.86                    	kalman var: 1.731 1.731 0.016                    	batterySag: 0.5	link quality: 38	flight time: 0s                    	pos -22.32 -22.32 -22.32	yaw: 0.27	msg/s 0.0
INFO: 01-11-2022 18:02:21 log_status(194) -- Drogno_0: ready	battery: 3.85                    	kalman var: 1.731 1.731 0.016                    	batterySag: 0.5	link quality: 37	flight time: 0s                    	pos -17.33 -17.33 -17.33	yaw: 0.24	msg/s 0.0
INFO: 01-11-2022 18:02:22 log_status(194) -- Drogno_0: ready	battery: 4.13                    	kalman var: 1.731 1.731 0.016                    	batterySag: 0.5	link quality: 38	flight time: 0s                    	pos -12.29 -12.29 -12.29	yaw: -0.50	msg/s 0.0
INFO: 01-11-2022 18:02:23 log_status(194) -- Drogno_0: ready	battery: 4.14                    	kalman var: 1.731 1.731 0.016                    	batterySag: 0.5	link quality: 38	flight time: 0s                    	pos 0.32 0.32 0.32	yaw: 0.11	msg/s 0.0
INFO: 01-11-2022 18:02:24 log_status(194) -- Drogno_0: landed	battery: 4.15                    	kalman var: 1.731 1.731 0.016                    	batterySag: 0.5	link quality: 38	flight time: 0s                    	pos 0.06 0.06 0.06	yaw: -0.04	msg/s 0.0
INFO: 01-11-2022 18:02:26 log_status(194) -- Drogno_0: ready	battery: 4.15                    	kalman var: 0.031 0.031 0.002                    	batterySag: 0.5	link quality: 39	flight time: 0s                    	pos 3.57 -3.49 -0.88	yaw: -0.07	msg/s 0.0
INFO: 01-11-2022 18:02:27 log_status(194) -- Drogno_0: ready	battery: 3.88                    	kalman var: 0.079 0.079 0.003                    	batterySag: 0.5	link quality: 37	flight time: 0s                    	pos 8.41 -8.22 -2.20	yaw: 0.27	msg/s 0.0
INFO: 01-11-2022 18:02:28 log_status(194) -- Drogno_0: ready	battery: 3.86                    	kalman var: 0.17 0.17 0.004                    	batterySag: 0.5	link quality: 37	flight time: 0s                    	pos 14.30 -13.98 -4.55	yaw: 0.74	msg/s 0.0
INFO: 01-11-2022 18:02:29 log_status(194) -- Drogno_0: ready	battery: 3.99                    	kalman var: 0.275 0.275 0.005                    	batterySag: 0.5	link quality: 37	flight time: 0s                    	pos 19.00 -18.59 -7.15	yaw: 0.14	msg/s 0.0
INFO: 01-11-2022 18:02:30 log_status(194) -- Drogno_0: ready	battery: 4.0                    	kalman var: 0.441 0.441 0.007                    	batterySag: 0.5	link quality: 39	flight time: 6s                    	pos 24.45 -24.00 -11.09	yaw: 0.10	msg/s 0.0
INFO: 01-11-2022 18:02:31 log_status(194) -- Drogno_0: hovering	battery: 4.0                    	kalman var: 0.576 0.576 0.008                    	batterySag: 0.5	link quality: 39	flight time: 7s                    	pos 27.95 -27.47 -14.20	yaw: -0.05	msg/s 0.0
INFO: 01-11-2022 18:02:32 log_status(194) -- Drogno_0: ready	battery: 4.0                    	kalman var: 0.576 0.576 0.008                    	batterySag: 0.5	link quality: 39	flight time: 8s                    	pos -31.66 -31.66 -31.66	yaw: -0.01	msg/s 0.0
INFO: 01-11-2022 18:02:33 log_status(194) -- Drogno_0: ready	battery: 4.0                    	kalman var: 0.576 0.576 0.008                    	batterySag: 0.5	link quality: 37	flight time: 9s                    	pos -27.55 -27.55 -27.55	yaw: -0.07	msg/s 0.0
INFO: 01-11-2022 18:02:34 log_status(194) -- Drogno_0: idle	battery: 4.0                    	kalman var: 0.576 0.576 0.008                    	batterySag: 0.5	link quality: 38	flight time: 10s                    	pos -23.74 -23.74 -23.74	yaw: -0.05	msg/s 0.0
INFO: 01-11-2022 18:02:35 log_status(194) -- Drogno_0: ready	battery: 4.0                    	kalman var: 0.576 0.576 0.008                    	batterySag: 0.5	link quality: 38	flight time: 11s                    	pos -20.29 -20.29 -20.29	yaw: -0.12	msg/s 0.0
INFO: 01-11-2022 18:02:37 log_status(194) -- Drogno_0: landed	battery: 4.0                    	kalman var: 0.576 0.576 0.008                    	batterySag: 0.5	link quality: 38	flight time: 0s                    	pos -17.78 -17.78 -17.78	yaw: -0.05	msg/s 0.0
INFO: 01-11-2022 18:02:38 log_status(194) -- Drogno_0: ready	battery: 4.0                    	kalman var: 2.771 2.77 0.023                    	batterySag: 0.5	link quality: 38	flight time: 0s                    	pos 51.03 -50.81 -57.28	yaw: -0.12	msg/s 0.0
INFO: 01-11-2022 18:02:39 log_status(194) -- Drogno_0: ready	battery: 4.0                    	kalman var: 3.262 3.26 0.025                    	batterySag: 0.5	link quality: 39	flight time: 0s                    	pos 53.06 -52.91 -65.88	yaw: -0.16	msg/s 0.0
INFO: 01-11-2022 18:02:40 log_status(194) -- Drogno_0: ready	battery: 4.0                    	kalman var: 3.91 3.91 0.022                    	batterySag: 0.5	link quality: 38	flight time: 0s                    	pos 55.09 -55.00 -76.75	yaw: -0.04	msg/s 0.0
INFO: 01-11-2022 18:02:41 log_status(194) -- Drogno_0: ready	battery: 4.0                    	kalman var: 0.0 0.0 0.0                    	batterySag: 0.5	link quality: 39	flight time: 0s                    	pos 0.00 0.00 -0.00	yaw: -0.03	msg/s 0.0
INFO: 01-11-2022 18:02:42 log_status(194) -- Drogno_0: ready	battery: 4.0                    	kalman var: 0.016 0.016 0.001                    	batterySag: 0.5	link quality: 39	flight time: 0s                    	pos -0.02 0.01 -0.42	yaw: 0.06	msg/s 0.0
INFO: 01-11-2022 18:02:43 log_status(194) -- Drogno_0: ready	battery: 4.0                    	kalman var: 0.053 0.053 0.002                    	batterySag: 0.5	link quality: 38	flight time: 0s                    	pos -0.07 0.05 -1.32	yaw: -0.05	msg/s 0.0
INFO: 01-11-2022 18:02:44 log_status(194) -- Drogno_0: ready	battery: 3.99                    	kalman var: 0.129 0.129 0.004                    	batterySag: 0.5	link quality: 39	flight time: 0s                    	pos -0.20 0.23 -3.12	yaw: 0.07	msg/s 0.0
INFO: 01-11-2022 18:02:45 log_status(194) -- Drogno_0: ready	battery: 3.9                    	kalman var: 0.222 0.222 0.005                    	batterySag: 0.5	link quality: 40	flight time: 0s                    	pos -0.26 0.61 -5.20	yaw: 0.28	msg/s 0.0
INFO: 01-11-2022 18:02:46 log_status(194) -- Drogno_0: ready	battery: 3.84                    	kalman var: 0.369 0.369 0.006                    	batterySag: 0.5	link quality: 37	flight time: 0s                    	pos -0.27 1.43 -8.38	yaw: 0.46	msg/s 0.0
INFO: 01-11-2022 18:02:48 log_status(194) -- Drogno_0: ready	battery: 3.97                    	kalman var: 0.525 0.524 0.011                    	batterySag: 0.5	link quality: 42	flight time: 0s                    	pos -0.41 2.33 -11.66	yaw: -0.05	msg/s 0.0
INFO: 01-11-2022 18:02:49 log_status(194) -- Drogno_0: ready	battery: 3.98                    	kalman var: 0.756 0.751 0.019                    	batterySag: 0.5	link quality: 42	flight time: 0s                    	pos -0.06 4.33 -16.39	yaw: 0.89	msg/s 0.0
INFO: 01-11-2022 18:02:50 log_status(194) -- Drogno_0: ready	battery: 3.96                    	kalman var: 0.999 0.999 0.01                    	batterySag: 0.5	link quality: 39	flight time: 0s                    	pos 0.78 6.99 -21.16	yaw: -0.10	msg/s 0.0
INFO: 01-11-2022 18:02:51 log_status(194) -- Drogno_0: ready	battery: 3.84                    	kalman var: 1.325 1.324 0.013                    	batterySag: 0.5	link quality: 38	flight time: 0s                    	pos 1.52 10.37 -27.31	yaw: 0.41	msg/s 0.0
INFO: 01-11-2022 18:02:52 log_status(194) -- Drogno_0: ready	battery: 3.97                    	kalman var: 1.644 1.643 0.014                    	batterySag: 0.5	link quality: 39	flight time: 0s                    	pos 1.91 13.49 -33.09	yaw: 0.12	msg/s 0.0
INFO: 01-11-2022 18:02:53 log_status(194) -- Drogno_0: ready	battery: 3.97                    	kalman var: 2.053 2.051 0.016                    	batterySag: 0.5	link quality: 39	flight time: 0s                    	pos 2.09 17.36 -40.25	yaw: -0.18	msg/s 0.0
INFO: 01-11-2022 18:02:54 log_status(194) -- Drogno_0: ready	battery: 3.97                    	kalman var: 2.463 2.459 0.02                    	batterySag: 0.5	link quality: 37	flight time: 0s                    	pos 2.01 21.11 -47.12	yaw: -0.22	msg/s 0.0
WARNING: 01-11-2022 18:02:55 exit(692) -- closing Drogno_0
