INFO: 28-10-2022 20:28:42 __init__(112) -- This is drone log from Drogno_3
INFO: 28-10-2022 20:28:45 log_status(183) -- Logger started
INFO: 28-10-2022 20:28:46 log_status(187) -- Drogno_3: ready	battery: 4.19                    	kalman var: 0.01 0.01 0.001                    	batterySag: 0.5	link quality: 37	flight time: 0s                    	pos 0.00 -0.10 0.00	yaw: 0.00	msg/s 0.9
INFO: 28-10-2022 20:28:47 log_status(187) -- Drogno_3: BAD kalman	battery: 4.19                    	kalman var: 0.041 0.041 0.002                    	batterySag: 0.5	link quality: 37	flight time: 0s                    	pos 0.02 -0.40 0.01	yaw: -0.00	msg/s 0.0
INFO: 28-10-2022 20:28:48 log_status(187) -- Drogno_3: BAD kalman	battery: 4.19                    	kalman var: 0.109 0.109 0.003                    	batterySag: 0.5	link quality: 37	flight time: 0s                    	pos 0.04 -1.04 0.02	yaw: 0.01	msg/s 0.0
INFO: 28-10-2022 20:28:49 log_status(187) -- Drogno_3: BAD kalman	battery: 4.19                    	kalman var: 0.214 0.214 0.005                    	batterySag: 0.5	link quality: 37	flight time: 0s                    	pos 0.08 -1.99 0.03	yaw: 0.01	msg/s 0.0
INFO: 28-10-2022 20:28:50 log_status(187) -- Drogno_3: out of BOX	battery: 4.19                    	kalman var: 0.333 0.333 0.006                    	batterySag: 0.5	link quality: 37	flight time: 0s                    	pos 0.11 -3.00 0.04	yaw: 0.02	msg/s 0.0
INFO: 28-10-2022 20:28:51 log_status(187) -- Drogno_3: out of BOX	battery: 4.19                    	kalman var: 0.515 0.515 0.007                    	batterySag: 0.5	link quality: 37	flight time: 0s                    	pos 0.16 -4.49 0.06	yaw: 0.01	msg/s 0.0
INFO: 28-10-2022 20:28:52 log_status(187) -- Drogno_3: out of BOX	battery: 4.19                    	kalman var: 0.701 0.701 0.008                    	batterySag: 0.5	link quality: 37	flight time: 0s                    	pos 0.21 -5.94 0.08	yaw: 0.01	msg/s 0.0
INFO: 28-10-2022 20:28:53 log_status(187) -- Drogno_3: out of BOX	battery: 4.19                    	kalman var: 0.971 0.971 0.009                    	batterySag: 0.5	link quality: 37	flight time: 0s                    	pos 0.28 -7.98 0.10	yaw: 0.00	msg/s 0.0
INFO: 28-10-2022 20:28:54 log_status(187) -- Drogno_3: out of BOX	battery: 4.19                    	kalman var: 1.237 1.237 0.01                    	batterySag: 0.5	link quality: 37	flight time: 0s                    	pos 0.34 -9.90 0.12	yaw: 0.01	msg/s 0.0
INFO: 28-10-2022 20:28:56 log_status(187) -- Drogno_3: out of BOX	battery: 4.19                    	kalman var: 1.608 1.608 0.012                    	batterySag: 0.5	link quality: 37	flight time: 0s                    	pos 0.42 -12.49 0.14	yaw: 0.03	msg/s 0.0
INFO: 28-10-2022 20:28:57 log_status(187) -- Drogno_3: out of BOX	battery: 4.19                    	kalman var: 1.963 1.963 0.013                    	batterySag: 0.5	link quality: 37	flight time: 0s                    	pos 0.49 -14.87 0.16	yaw: 0.02	msg/s 0.0
INFO: 28-10-2022 20:28:58 log_status(187) -- Drogno_3: out of BOX	battery: 4.19                    	kalman var: 2.445 2.445 0.014                    	batterySag: 0.5	link quality: 37	flight time: 0s                    	pos 0.57 -18.00 0.18	yaw: 0.01	msg/s 0.0
INFO: 28-10-2022 20:28:59 log_status(187) -- Drogno_3: out of BOX	battery: 4.19                    	kalman var: 2.898 2.898 0.015                    	batterySag: 0.5	link quality: 37	flight time: 0s                    	pos 0.65 -20.83 0.19	yaw: 0.02	msg/s 0.0
INFO: 28-10-2022 20:29:00 log_status(187) -- Drogno_3: out of BOX	battery: 4.19                    	kalman var: 3.5 3.5 0.016                    	batterySag: 0.5	link quality: 37	flight time: 0s                    	pos 0.73 -24.48 0.21	yaw: 0.02	msg/s 0.0
INFO: 28-10-2022 20:29:01 log_status(187) -- Drogno_3: out of BOX	battery: 4.19                    	kalman var: 4.062 4.062 0.017                    	batterySag: 0.5	link quality: 37	flight time: 0s                    	pos 0.80 -27.78 0.23	yaw: 0.02	msg/s 0.0
INFO: 28-10-2022 20:29:02 log_status(187) -- Drogno_3: out of BOX	battery: 4.19                    	kalman var: 4.805 4.805 0.019                    	batterySag: 0.5	link quality: 37	flight time: 0s                    	pos 0.88 -32.03 0.25	yaw: 0.02	msg/s 0.0
INFO: 28-10-2022 20:29:03 log_status(187) -- Drogno_3: out of BOX	battery: 4.19                    	kalman var: 5.484 5.484 0.02                    	batterySag: 0.5	link quality: 37	flight time: 0s                    	pos 0.94 -35.78 0.27	yaw: 0.02	msg/s 0.0
INFO: 28-10-2022 20:29:04 log_status(187) -- Drogno_3: out of BOX	battery: 4.19                    	kalman var: 6.375 6.375 0.021                    	batterySag: 0.5	link quality: 37	flight time: 0s                    	pos 1.02 -40.59 0.30	yaw: 0.01	msg/s 0.0
INFO: 28-10-2022 20:29:05 log_status(187) -- Drogno_3: out of BOX	battery: 4.19                    	kalman var: 7.176 7.176 0.022                    	batterySag: 0.5	link quality: 37	flight time: 0s                    	pos 1.09 -44.78 0.31	yaw: 0.03	msg/s 0.0
INFO: 28-10-2022 20:29:07 log_status(187) -- Drogno_3: out of BOX	battery: 4.19                    	kalman var: 8.227 8.227 0.023                    	batterySag: 0.5	link quality: 37	flight time: 0s                    	pos 1.16 -50.12 0.33	yaw: 0.03	msg/s 0.0
INFO: 28-10-2022 20:29:08 log_status(187) -- Drogno_3: out of BOX	battery: 4.19                    	kalman var: 9.172 9.172 0.024                    	batterySag: 0.5	link quality: 37	flight time: 0s                    	pos 1.23 -54.81 0.35	yaw: 0.02	msg/s 0.0
INFO: 28-10-2022 20:29:09 log_status(187) -- Drogno_3: out of BOX	battery: 4.19                    	kalman var: 10.391 10.391 0.026                    	batterySag: 0.5	link quality: 37	flight time: 0s                    	pos 1.30 -60.72 0.36	yaw: 0.01	msg/s 0.0
INFO: 28-10-2022 20:29:10 log_status(187) -- Drogno_3: out of BOX	battery: 4.19                    	kalman var: 11.469 11.469 0.027                    	batterySag: 0.5	link quality: 37	flight time: 0s                    	pos 1.36 -65.81 0.37	yaw: 0.01	msg/s 0.0
INFO: 28-10-2022 20:29:11 log_status(187) -- Drogno_3: out of BOX	battery: 4.19                    	kalman var: 12.875 12.875 0.028                    	batterySag: 0.5	link quality: 37	flight time: 0s                    	pos 1.42 -72.31 0.38	yaw: 0.00	msg/s 0.0
INFO: 28-10-2022 20:29:12 log_status(187) -- Drogno_3: out of BOX	battery: 4.19                    	kalman var: 14.125 14.125 0.029                    	batterySag: 0.5	link quality: 37	flight time: 0s                    	pos 1.46 -77.94 0.39	yaw: 0.00	msg/s 0.0
INFO: 28-10-2022 20:29:13 log_status(187) -- Drogno_3: out of BOX	battery: 4.19                    	kalman var: 15.719 15.719 0.03                    	batterySag: 0.5	link quality: 37	flight time: 0s                    	pos 1.51 -84.94 0.40	yaw: -0.01	msg/s 0.0
INFO: 28-10-2022 20:29:14 log_status(187) -- Drogno_3: out of BOX	battery: 4.19                    	kalman var: 17.125 17.125 0.031                    	batterySag: 0.5	link quality: 37	flight time: 0s                    	pos 1.54 -91.06 0.40	yaw: 0.01	msg/s 0.0
INFO: 28-10-2022 20:29:15 log_status(187) -- Drogno_3: out of BOX	battery: 4.19                    	kalman var: 18.938 18.938 0.033                    	batterySag: 0.5	link quality: 37	flight time: 0s                    	pos 1.58 -98.69 0.40	yaw: 0.02	msg/s 0.0
INFO: 28-10-2022 20:29:16 log_status(187) -- Drogno_3: ready	battery: 4.19                    	kalman var: 0.006 0.006 0.001                    	batterySag: 0.5	link quality: 37	flight time: 0s                    	pos 0.00 -0.06 -0.00	yaw: 0.00	msg/s 0.0
INFO: 28-10-2022 20:29:18 log_status(187) -- Drogno_3: BAD kalman	battery: 4.19                    	kalman var: 0.041 0.041 0.002                    	batterySag: 0.5	link quality: 37	flight time: 0s                    	pos 0.02 -0.40 -0.01	yaw: 0.00	msg/s 0.0
INFO: 28-10-2022 20:29:19 log_status(187) -- Drogno_3: BAD kalman	battery: 4.19                    	kalman var: 0.096 0.096 0.003                    	batterySag: 0.5	link quality: 37	flight time: 0s                    	pos 0.04 -0.92 -0.02	yaw: 0.00	msg/s 0.0
INFO: 28-10-2022 20:29:20 log_status(187) -- Drogno_3: BAD kalman	battery: 4.19                    	kalman var: 0.194 0.194 0.005                    	batterySag: 0.5	link quality: 37	flight time: 0s                    	pos 0.08 -1.80 -0.03	yaw: 0.01	msg/s 0.0
INFO: 28-10-2022 20:29:21 log_status(187) -- Drogno_3: BAD kalman	battery: 4.19                    	kalman var: 0.307 0.307 0.006                    	batterySag: 0.5	link quality: 37	flight time: 0s                    	pos 0.11 -2.77 -0.04	yaw: 0.01	msg/s 0.0
INFO: 28-10-2022 20:29:22 log_status(187) -- Drogno_3: out of BOX	battery: 4.19                    	kalman var: 0.482 0.482 0.007                    	batterySag: 0.5	link quality: 37	flight time: 0s                    	pos 0.14 -4.22 -0.06	yaw: 0.00	msg/s 0.0
INFO: 28-10-2022 20:29:23 log_status(187) -- Drogno_3: out of BOX	battery: 4.19                    	kalman var: 0.663 0.663 0.008                    	batterySag: 0.5	link quality: 37	flight time: 0s                    	pos 0.17 -5.65 -0.07	yaw: 0.01	msg/s 0.0
INFO: 28-10-2022 20:29:24 log_status(187) -- Drogno_3: out of BOX	battery: 4.19                    	kalman var: 0.926 0.926 0.009                    	batterySag: 0.5	link quality: 37	flight time: 0s                    	pos 0.21 -7.65 -0.08	yaw: 0.01	msg/s 0.0
INFO: 28-10-2022 20:29:25 log_status(187) -- Drogno_3: out of BOX	battery: 4.19                    	kalman var: 1.185 1.185 0.01                    	batterySag: 0.5	link quality: 37	flight time: 0s                    	pos 0.24 -9.55 -0.10	yaw: 0.00	msg/s 0.0
INFO: 28-10-2022 20:29:26 log_status(187) -- Drogno_3: out of BOX	battery: 4.19                    	kalman var: 1.544 1.544 0.011                    	batterySag: 0.5	link quality: 37	flight time: 0s                    	pos 0.26 -12.08 -0.13	yaw: 0.03	msg/s 0.0
INFO: 28-10-2022 20:29:27 log_status(187) -- Drogno_3: out of BOX	battery: 4.19                    	kalman var: 1.892 1.892 0.012                    	batterySag: 0.5	link quality: 37	flight time: 0s                    	pos 0.27 -14.44 -0.15	yaw: 0.02	msg/s 0.0
INFO: 28-10-2022 20:29:29 log_status(187) -- Drogno_3: out of BOX	battery: 4.19                    	kalman var: 2.363 2.363 0.014                    	batterySag: 0.5	link quality: 37	flight time: 0s                    	pos 0.28 -17.53 -0.18	yaw: 0.03	msg/s 0.0
INFO: 28-10-2022 20:29:30 log_status(187) -- Drogno_3: out of BOX	battery: 4.19                    	kalman var: 2.811 2.811 0.015                    	batterySag: 0.5	link quality: 37	flight time: 0s                    	pos 0.28 -20.36 -0.21	yaw: 0.04	msg/s 0.0
INFO: 28-10-2022 20:29:31 log_status(187) -- Drogno_3: out of BOX	battery: 4.19                    	kalman var: 3.4 3.4 0.016                    	batterySag: 0.5	link quality: 37	flight time: 0s                    	pos 0.28 -24.00 -0.25	yaw: 0.04	msg/s 0.0
INFO: 28-10-2022 20:29:32 log_status(187) -- Drogno_3: out of BOX	battery: 4.19                    	kalman var: 3.953 3.953 0.017                    	batterySag: 0.5	link quality: 37	flight time: 0s                    	pos 0.26 -27.30 -0.28	yaw: 0.03	msg/s 0.0
INFO: 28-10-2022 20:29:33 log_status(187) -- Drogno_3: out of BOX	battery: 4.19                    	kalman var: 4.684 4.684 0.018                    	batterySag: 0.5	link quality: 37	flight time: 0s                    	pos 0.22 -31.55 -0.32	yaw: 0.04	msg/s 0.0
INFO: 28-10-2022 20:29:34 log_status(187) -- Drogno_3: out of BOX	battery: 4.19                    	kalman var: 5.352 5.352 0.019                    	batterySag: 0.5	link quality: 37	flight time: 0s                    	pos 0.18 -35.31 -0.36	yaw: 0.04	msg/s 0.0
INFO: 28-10-2022 20:29:35 log_status(187) -- Drogno_3: out of BOX	battery: 4.19                    	kalman var: 6.23 6.23 0.021                    	batterySag: 0.5	link quality: 37	flight time: 0s                    	pos 0.12 -40.16 -0.41	yaw: 0.02	msg/s 0.0
INFO: 28-10-2022 20:29:36 log_status(187) -- Drogno_3: out of BOX	battery: 4.19                    	kalman var: 7.02 7.02 0.022                    	batterySag: 0.5	link quality: 37	flight time: 0s                    	pos 0.05 -44.38 -0.46	yaw: 0.02	msg/s 0.0
INFO: 28-10-2022 20:29:37 log_status(187) -- Drogno_3: out of BOX	battery: 4.19                    	kalman var: 8.055 8.055 0.023                    	batterySag: 0.5	link quality: 37	flight time: 0s                    	pos -0.06 -49.78 -0.52	yaw: 0.02	msg/s 0.0
INFO: 28-10-2022 20:29:38 log_status(187) -- Drogno_3: out of BOX	battery: 4.19                    	kalman var: 8.992 8.992 0.024                    	batterySag: 0.5	link quality: 37	flight time: 0s                    	pos -0.16 -54.50 -0.58	yaw: 0.03	msg/s 0.0
INFO: 28-10-2022 20:29:40 log_status(187) -- Drogno_3: out of BOX	battery: 4.19                    	kalman var: 10.195 10.195 0.026                    	batterySag: 0.5	link quality: 37	flight time: 0s                    	pos -0.30 -60.47 -0.66	yaw: 0.03	msg/s 0.0
INFO: 28-10-2022 20:29:41 log_status(187) -- Drogno_3: out of BOX	battery: 4.19                    	kalman var: 11.266 11.266 0.027                    	batterySag: 0.5	link quality: 37	flight time: 0s                    	pos -0.44 -65.62 -0.72	yaw: 0.02	msg/s 0.0
INFO: 28-10-2022 20:29:42 log_status(187) -- Drogno_3: out of BOX	battery: 4.19                    	kalman var: 12.648 12.648 0.028                    	batterySag: 0.5	link quality: 37	flight time: 0s                    	pos -0.62 -72.19 -0.81	yaw: 0.02	msg/s 0.0
INFO: 28-10-2022 20:29:43 log_status(187) -- Drogno_3: out of BOX	battery: 4.19                    	kalman var: 13.883 13.883 0.029                    	batterySag: 0.5	link quality: 37	flight time: 0s                    	pos -0.78 -77.88 -0.88	yaw: 0.02	msg/s 0.0
INFO: 28-10-2022 20:29:44 log_status(187) -- Drogno_3: out of BOX	battery: 4.19                    	kalman var: 15.461 15.461 0.03                    	batterySag: 0.5	link quality: 37	flight time: 0s                    	pos -1.00 -85.06 -0.98	yaw: 0.03	msg/s 0.0
INFO: 28-10-2022 20:29:45 log_status(187) -- Drogno_3: out of BOX	battery: 4.19                    	kalman var: 16.859 16.859 0.032                    	batterySag: 0.5	link quality: 37	flight time: 0s                    	pos -1.19 -91.25 -1.06	yaw: 0.03	msg/s 0.0
INFO: 28-10-2022 20:29:46 log_status(187) -- Drogno_3: out of BOX	battery: 4.19                    	kalman var: 18.641 18.641 0.033                    	batterySag: 0.5	link quality: 37	flight time: 0s                    	pos -1.44 -98.88 -1.17	yaw: 0.03	msg/s 0.0
INFO: 28-10-2022 20:29:47 log_status(187) -- Drogno_3: ready	battery: 4.19                    	kalman var: 0.007 0.007 0.001                    	batterySag: 0.5	link quality: 37	flight time: 0s                    	pos 0.00 -0.07 -0.00	yaw: 0.00	msg/s 0.0
INFO: 28-10-2022 20:29:48 log_status(187) -- Drogno_3: BAD kalman	battery: 4.19                    	kalman var: 0.043 0.043 0.002                    	batterySag: 0.5	link quality: 37	flight time: 0s                    	pos 0.01 -0.41 -0.01	yaw: 0.01	msg/s 0.0
INFO: 28-10-2022 20:29:50 log_status(187) -- Drogno_3: BAD kalman	battery: 4.19                    	kalman var: 0.098 0.098 0.003                    	batterySag: 0.5	link quality: 37	flight time: 0s                    	pos 0.03 -0.92 -0.02	yaw: 0.01	msg/s 0.0
INFO: 28-10-2022 20:29:51 log_status(187) -- Drogno_3: BAD kalman	battery: 4.19                    	kalman var: 0.198 0.198 0.005                    	batterySag: 0.5	link quality: 37	flight time: 0s                    	pos 0.06 -1.80 -0.05	yaw: 0.01	msg/s 0.0
WARNING: 28-10-2022 20:29:51 exit(680) -- closing Drogno_3
