INFO: 18-11-2022 18:28:14 __init__(113) -- This is drone log from Drogno_3
INFO: 18-11-2022 18:28:17 log_status(190) -- Logger started
INFO: 18-11-2022 18:28:18 log_status(194) -- Drogno_3: ready	battery: 4.2                    	kalman var: 0.01 0.01 0.001                    	batterySag: 0.5	link quality: 50	flight time: 0s                    	pos 0.05 0.01 -0.00	yaw: 0.00	msg/s 0.9
INFO: 18-11-2022 18:28:19 log_status(194) -- Drogno_3: BAD kalman	battery: 4.2                    	kalman var: 0.041 0.041 0.002                    	batterySag: 0.5	link quality: 51	flight time: 0s                    	pos 0.22 0.05 -0.00	yaw: -0.00	msg/s 0.0
INFO: 18-11-2022 18:28:20 log_status(194) -- Drogno_3: BAD kalman	battery: 4.2                    	kalman var: 0.109 0.109 0.003                    	batterySag: 0.5	link quality: 50	flight time: 0s                    	pos 0.55 0.13 -0.00	yaw: -0.00	msg/s 0.0
INFO: 18-11-2022 18:28:21 log_status(194) -- Drogno_3: BAD kalman	battery: 4.2                    	kalman var: 0.194 0.194 0.004                    	batterySag: 0.5	link quality: 50	flight time: 0s                    	pos 0.96 0.22 -0.00	yaw: 0.00	msg/s 0.0
INFO: 18-11-2022 18:28:22 log_status(194) -- Drogno_3: BAD kalman	battery: 4.2                    	kalman var: 0.332 0.332 0.006                    	batterySag: 0.5	link quality: 51	flight time: 0s                    	pos 1.60 0.37 -0.01	yaw: 0.00	msg/s 0.0
INFO: 18-11-2022 18:28:23 log_status(194) -- Drogno_3: BAD kalman	battery: 4.2                    	kalman var: 0.515 0.515 0.007                    	batterySag: 0.5	link quality: 51	flight time: 0s                    	pos 2.42 0.56 -0.01	yaw: 0.00	msg/s 0.0
INFO: 18-11-2022 18:28:24 log_status(194) -- Drogno_3: out of BOX	battery: 4.2                    	kalman var: 0.702 0.702 0.008                    	batterySag: 0.5	link quality: 51	flight time: 0s                    	pos 3.23 0.76 -0.01	yaw: 0.02	msg/s 0.0
INFO: 18-11-2022 18:28:25 log_status(194) -- Drogno_3: out of BOX	battery: 4.2                    	kalman var: 0.974 0.974 0.009                    	batterySag: 0.5	link quality: 51	flight time: 0s                    	pos 4.36 1.05 -0.01	yaw: 0.02	msg/s 0.0
INFO: 18-11-2022 18:28:27 log_status(194) -- Drogno_3: out of BOX	battery: 4.2                    	kalman var: 1.24 1.24 0.01                    	batterySag: 0.5	link quality: 51	flight time: 0s                    	pos 5.41 1.32 -0.02	yaw: 0.03	msg/s 0.0
INFO: 18-11-2022 18:28:28 log_status(194) -- Drogno_3: out of BOX	battery: 4.2                    	kalman var: 1.611 1.611 0.012                    	batterySag: 0.5	link quality: 51	flight time: 0s                    	pos 6.84 1.69 -0.02	yaw: 0.02	msg/s 0.0
INFO: 18-11-2022 18:28:29 log_status(194) -- Drogno_3: out of BOX	battery: 4.2                    	kalman var: 1.964 1.964 0.013                    	batterySag: 0.5	link quality: 51	flight time: 0s                    	pos 8.14 2.03 -0.03	yaw: 0.01	msg/s 0.0
INFO: 18-11-2022 18:28:30 log_status(194) -- Drogno_3: out of BOX	battery: 4.2                    	kalman var: 2.447 2.447 0.014                    	batterySag: 0.5	link quality: 51	flight time: 0s                    	pos 9.87 2.48 -0.03	yaw: 0.01	msg/s 0.0
INFO: 18-11-2022 18:28:31 log_status(194) -- Drogno_3: out of BOX	battery: 4.2                    	kalman var: 2.902 2.902 0.015                    	batterySag: 0.5	link quality: 50	flight time: 0s                    	pos 11.42 2.88 -0.04	yaw: 0.01	msg/s 0.0
INFO: 18-11-2022 18:28:32 log_status(194) -- Drogno_3: out of BOX	battery: 4.2                    	kalman var: 3.51 3.51 0.016                    	batterySag: 0.5	link quality: 50	flight time: 0s                    	pos 13.43 3.41 -0.06	yaw: 0.00	msg/s 0.0
INFO: 18-11-2022 18:28:33 log_status(194) -- Drogno_3: out of BOX	battery: 4.2                    	kalman var: 4.07 4.07 0.017                    	batterySag: 0.5	link quality: 49	flight time: 0s                    	pos 15.23 3.89 -0.07	yaw: 0.00	msg/s 0.0
INFO: 18-11-2022 18:28:34 log_status(194) -- Drogno_3: out of BOX	battery: 4.2                    	kalman var: 4.816 4.816 0.019                    	batterySag: 0.5	link quality: 48	flight time: 0s                    	pos 17.53 4.50 -0.09	yaw: 0.00	msg/s 0.0
INFO: 18-11-2022 18:28:35 log_status(194) -- Drogno_3: out of BOX	battery: 4.2                    	kalman var: 5.488 5.488 0.02                    	batterySag: 0.5	link quality: 48	flight time: 0s                    	pos 19.55 5.04 -0.11	yaw: 0.00	msg/s 0.0
INFO: 18-11-2022 18:28:36 log_status(194) -- Drogno_3: out of BOX	battery: 4.2                    	kalman var: 6.379 6.379 0.021                    	batterySag: 0.5	link quality: 48	flight time: 0s                    	pos 22.14 5.73 -0.14	yaw: 0.00	msg/s 0.0
INFO: 18-11-2022 18:28:38 log_status(194) -- Drogno_3: out of BOX	battery: 4.2                    	kalman var: 7.191 7.191 0.022                    	batterySag: 0.5	link quality: 48	flight time: 0s                    	pos 24.42 6.34 -0.16	yaw: -0.00	msg/s 0.0
INFO: 18-11-2022 18:28:39 log_status(194) -- Drogno_3: out of BOX	battery: 4.2                    	kalman var: 8.242 8.242 0.023                    	batterySag: 0.5	link quality: 48	flight time: 0s                    	pos 27.30 7.10 -0.20	yaw: -0.00	msg/s 0.0
INFO: 18-11-2022 18:28:40 log_status(194) -- Drogno_3: out of BOX	battery: 4.2                    	kalman var: 9.188 9.188 0.024                    	batterySag: 0.5	link quality: 49	flight time: 0s                    	pos 29.81 7.77 -0.23	yaw: -0.01	msg/s 0.0
INFO: 18-11-2022 18:28:41 log_status(194) -- Drogno_3: out of BOX	battery: 4.2                    	kalman var: 10.398 10.398 0.026                    	batterySag: 0.5	link quality: 48	flight time: 0s                    	pos 32.97 8.59 -0.28	yaw: -0.00	msg/s 0.0
INFO: 18-11-2022 18:28:42 log_status(194) -- Drogno_3: out of BOX	battery: 4.2                    	kalman var: 11.492 11.492 0.027                    	batterySag: 0.5	link quality: 49	flight time: 0s                    	pos 35.69 9.31 -0.31	yaw: -0.00	msg/s 0.0
INFO: 18-11-2022 18:28:43 log_status(194) -- Drogno_3: out of BOX	battery: 4.2                    	kalman var: 12.898 12.898 0.028                    	batterySag: 0.5	link quality: 49	flight time: 0s                    	pos 39.12 10.21 -0.36	yaw: -0.01	msg/s 0.0
INFO: 18-11-2022 18:28:44 log_status(194) -- Drogno_3: out of BOX	battery: 4.2                    	kalman var: 14.148 14.148 0.029                    	batterySag: 0.5	link quality: 48	flight time: 0s                    	pos 42.12 10.98 -0.41	yaw: -0.01	msg/s 0.0
INFO: 18-11-2022 18:28:45 log_status(194) -- Drogno_3: out of BOX	battery: 4.2                    	kalman var: 15.75 15.75 0.03                    	batterySag: 0.5	link quality: 49	flight time: 0s                    	pos 45.88 11.95 -0.47	yaw: 0.00	msg/s 0.0
INFO: 18-11-2022 18:28:46 log_status(194) -- Drogno_3: out of BOX	battery: 4.2                    	kalman var: 17.172 17.172 0.031                    	batterySag: 0.5	link quality: 48	flight time: 0s                    	pos 49.09 12.80 -0.52	yaw: 0.01	msg/s 0.0
INFO: 18-11-2022 18:28:47 log_status(194) -- Drogno_3: ready	battery: 4.2                    	kalman var: 18.969 18.969 0.032                    	batterySag: 0.5	link quality: 48	flight time: 0s                    	pos 53.09 13.84 -0.58	yaw: 0.01	msg/s 0.0
INFO: 18-11-2022 18:28:49 log_status(194) -- Drogno_3: ready	battery: 4.2                    	kalman var: 20.562 20.562 0.034                    	batterySag: 0.5	link quality: 48	flight time: 0s                    	pos 56.56 14.74 -0.63	yaw: 0.01	msg/s 0.0
INFO: 18-11-2022 18:28:50 log_status(194) -- Drogno_3: ready	battery: 4.2                    	kalman var: 22.578 22.578 0.035                    	batterySag: 0.5	link quality: 48	flight time: 0s                    	pos 60.81 15.86 -0.70	yaw: 0.01	msg/s 0.0
INFO: 18-11-2022 18:28:51 log_status(194) -- Drogno_3: ready	battery: 4.2                    	kalman var: 24.359 24.359 0.036                    	batterySag: 0.5	link quality: 49	flight time: 0s                    	pos 64.50 16.83 -0.77	yaw: 0.01	msg/s 0.0
INFO: 18-11-2022 18:28:52 log_status(194) -- Drogno_3: ready	battery: 4.2                    	kalman var: 26.609 26.609 0.037                    	batterySag: 0.5	link quality: 48	flight time: 0s                    	pos 69.06 18.03 -0.85	yaw: 0.02	msg/s 0.0
INFO: 18-11-2022 18:28:53 log_status(194) -- Drogno_3: ready	battery: 4.2                    	kalman var: 28.578 28.578 0.038                    	batterySag: 0.5	link quality: 48	flight time: 0s                    	pos 72.94 19.05 -0.92	yaw: 0.02	msg/s 0.0
INFO: 18-11-2022 18:28:54 log_status(194) -- Drogno_3: ready	battery: 4.2                    	kalman var: 31.078 31.078 0.039                    	batterySag: 0.5	link quality: 46	flight time: 0s                    	pos 77.81 20.31 -1.01	yaw: 0.01	msg/s 0.0
INFO: 18-11-2022 18:28:55 log_status(194) -- Drogno_3: ready	battery: 4.2                    	kalman var: 33.25 33.25 0.04                    	batterySag: 0.5	link quality: 45	flight time: 0s                    	pos 81.94 21.41 -1.09	yaw: 0.02	msg/s 0.0
INFO: 18-11-2022 18:28:56 log_status(194) -- Drogno_3: ready	battery: 4.2                    	kalman var: 34.969 36.031 1.242                    	batterySag: 0.5	link quality: 44	flight time: 0s                    	pos 87.06 22.77 -1.18	yaw: -1.34	msg/s 0.0
INFO: 18-11-2022 18:28:57 log_status(194) -- Drogno_3: ready	battery: 4.2                    	kalman var: 38.125 39.188 1.353                    	batterySag: 0.5	link quality: 42	flight time: 0s                    	pos 91.44 23.95 -1.21	yaw: -27.38	msg/s 0.0
INFO: 18-11-2022 18:28:58 log_status(194) -- Drogno_3: ready	battery: 4.2                    	kalman var: 43.094 15.898 27.453                    	batterySag: 0.5	link quality: 45	flight time: 0s                    	pos 96.38 25.81 -1.15	yaw: -11.62	msg/s 0.0
INFO: 18-11-2022 18:29:00 log_status(194) -- Drogno_3: ready	battery: 4.2                    	kalman var: 0.0 0.0 0.0                    	batterySag: 0.5	link quality: 36	flight time: 0s                    	pos 0.00 0.01 -0.00	yaw: -0.14	msg/s 0.0
INFO: 18-11-2022 18:29:01 log_status(194) -- Drogno_3: ready	battery: 4.2                    	kalman var: 0.015 0.016 0.004                    	batterySag: 0.5	link quality: 42	flight time: 0s                    	pos 1.34 4.06 -1.20	yaw: 13.24	msg/s 0.0
INFO: 18-11-2022 18:29:02 log_status(194) -- Drogno_3: ready	battery: 4.2                    	kalman var: 0.007 0.007 0.001                    	batterySag: 0.5	link quality: 44	flight time: 0s                    	pos -0.27 0.63 -0.06	yaw: -1.29	msg/s 0.0
INFO: 18-11-2022 18:29:03 log_status(194) -- Drogno_3: ready	battery: 4.2                    	kalman var: 0.042 0.042 0.003                    	batterySag: 0.5	link quality: 43	flight time: 0s                    	pos -1.54 3.79 -0.41	yaw: -0.62	msg/s 0.0
INFO: 18-11-2022 18:29:04 log_status(194) -- Drogno_3: ready	battery: 3.59                    	kalman var: 0.097 0.097 0.004                    	batterySag: 0.5	link quality: 43	flight time: 0s                    	pos -3.48 7.54 -0.99	yaw: 1.53	msg/s 0.0
INFO: 18-11-2022 18:29:05 log_status(194) -- Drogno_3: ready	battery: 3.56                    	kalman var: 0.19 0.196 0.014                    	batterySag: 0.5	link quality: 46	flight time: 0s                    	pos -7.24 11.30 -2.24	yaw: 1.94	msg/s 0.0
INFO: 18-11-2022 18:29:06 log_status(194) -- Drogno_3: ready	battery: 3.61                    	kalman var: 0.297 0.308 0.023                    	batterySag: 0.5	link quality: 44	flight time: 4s                    	pos -12.24 13.55 -3.99	yaw: 5.23	msg/s 0.0
INFO: 18-11-2022 18:29:07 log_status(194) -- Drogno_3: ready	battery: 3.61                    	kalman var: 0.467 0.479 0.035                    	batterySag: 0.5	link quality: 44	flight time: 6s                    	pos -20.59 14.73 -7.21	yaw: 6.87	msg/s 0.0
INFO: 18-11-2022 18:29:08 log_status(194) -- Drogno_3: hovering	battery: 3.61                    	kalman var: 0.534 0.545 0.038                    	batterySag: 0.5	link quality: 46	flight time: 7s                    	pos -23.92 14.68 -8.57	yaw: 6.67	msg/s 0.0
INFO: 18-11-2022 18:29:09 log_status(194) -- Drogno_3: ready	battery: 3.59                    	kalman var: 0.534 0.545 0.038                    	batterySag: 0.5	link quality: 45	flight time: 8s                    	pos -0.02 -0.02 -0.02	yaw: 0.26	msg/s 0.0
INFO: 18-11-2022 18:29:11 log_status(194) -- Drogno_3: ready	battery: 3.57                    	kalman var: 0.534 0.545 0.038                    	batterySag: 0.5	link quality: 45	flight time: 9s                    	pos -0.11 -0.11 -0.11	yaw: 0.27	msg/s 0.0
INFO: 18-11-2022 18:29:12 log_status(194) -- Drogno_3: landed	battery: 3.57                    	kalman var: 0.534 0.545 0.038                    	batterySag: 0.5	link quality: 45	flight time: 10s                    	pos -0.23 -0.23 -0.23	yaw: 0.55	msg/s 0.0
INFO: 18-11-2022 18:29:13 log_status(194) -- Drogno_3: ready	battery: 3.53                    	kalman var: 0.241 0.241 0.005                    	batterySag: 0.5	link quality: 44	flight time: 0s                    	pos -0.70 -1.35 -7.56	yaw: 0.98	msg/s 0.0
INFO: 18-11-2022 18:29:14 log_status(194) -- Drogno_3: ready	battery: 3.47                    	kalman var: 0.365 0.366 0.008                    	batterySag: 0.5	link quality: 44	flight time: 0s                    	pos -1.29 -2.32 -11.34	yaw: 1.21	msg/s 0.0
INFO: 18-11-2022 18:29:15 log_status(194) -- Drogno_3: ready	battery: 3.55                    	kalman var: 0.555 0.556 0.013                    	batterySag: 0.5	link quality: 44	flight time: 0s                    	pos -2.75 -3.87 -17.05	yaw: 0.58	msg/s 0.0
INFO: 18-11-2022 18:29:16 log_status(194) -- Drogno_3: ready	battery: 3.48                    	kalman var: 0.747 0.747 0.024                    	batterySag: 0.5	link quality: 44	flight time: 0s                    	pos -4.78 -5.79 -23.02	yaw: 1.68	msg/s 0.0
INFO: 18-11-2022 18:29:17 log_status(194) -- Drogno_3: ready	battery: 3.45                    	kalman var: 1.022 1.024 0.034                    	batterySag: 0.5	link quality: 44	flight time: 0s                    	pos -8.29 -9.23 -31.84	yaw: 1.57	msg/s 0.0
INFO: 18-11-2022 18:29:18 log_status(194) -- Drogno_3: ready	battery: 3.4                    	kalman var: 1.29 1.291 0.053                    	batterySag: 0.5	link quality: 44	flight time: 0s                    	pos -12.23 -13.15 -40.69	yaw: 2.26	msg/s 0.0
INFO: 18-11-2022 18:29:19 log_status(194) -- Drogno_3: ready	battery: 3.39                    	kalman var: 1.662 1.665 0.068                    	batterySag: 0.5	link quality: 43	flight time: 0s                    	pos -18.27 -19.27 -53.22	yaw: 2.69	msg/s 0.0
INFO: 18-11-2022 18:29:20 log_status(194) -- Drogno_3: ready	battery: 3.37                    	kalman var: 0.005 0.005 0.001                    	batterySag: 0.5	link quality: 44	flight time: 0s                    	pos 0.02 0.03 -0.33	yaw: -1.23	msg/s 0.0
INFO: 18-11-2022 18:29:22 log_status(194) -- Drogno_3: ready	battery: 3.36                    	kalman var: 0.037 0.037 0.002                    	batterySag: 0.5	link quality: 44	flight time: 0s                    	pos 0.52 0.60 -2.25	yaw: -1.67	msg/s 0.0
INFO: 18-11-2022 18:29:23 log_status(194) -- Drogno_3: ready	battery: 3.34                    	kalman var: 0.09 0.09 0.003                    	batterySag: 0.5	link quality: 44	flight time: 0s                    	pos 1.29 1.64 -5.12	yaw: -0.97	msg/s 0.0
INFO: 18-11-2022 18:29:24 log_status(194) -- Drogno_3: ready	battery: 3.34                    	kalman var: 0.186 0.185 0.006                    	batterySag: 0.5	link quality: 44	flight time: 0s                    	pos 2.00 2.81 -10.66	yaw: -1.88	msg/s 0.0
INFO: 18-11-2022 18:29:25 log_status(194) -- Drogno_3: ready	battery: 3.34                    	kalman var: 0.294 0.296 0.007                    	batterySag: 0.5	link quality: 46	flight time: 0s                    	pos 2.16 3.65 -17.22	yaw: -5.90	msg/s 0.0
INFO: 18-11-2022 18:29:26 log_status(194) -- Drogno_3: ready	battery: 3.36                    	kalman var: 0.465 0.468 0.01                    	batterySag: 0.5	link quality: 46	flight time: 0s                    	pos 1.58 5.18 -27.12	yaw: -6.14	msg/s 0.0
INFO: 18-11-2022 18:29:27 log_status(194) -- Drogno_3: ready	battery: 3.3                    	kalman var: 0.002 0.002 0.001                    	batterySag: 0.5	link quality: 47	flight time: 1s                    	pos 0.01 -0.01 -0.19	yaw: 1.53	msg/s 0.0
INFO: 18-11-2022 18:29:28 log_status(194) -- Drogno_3: ready	battery: 3.29                    	kalman var: 0.002 0.002 0.001                    	batterySag: 0.5	link quality: 46	flight time: 2s                    	pos 0.31 0.31 0.31	yaw: 2.09	msg/s 0.0
INFO: 18-11-2022 18:29:29 log_status(194) -- Drogno_3: ready	battery: 3.3                    	kalman var: 0.002 0.002 0.001                    	batterySag: 0.5	link quality: 47	flight time: 4s                    	pos 0.90 0.90 0.90	yaw: 1.20	msg/s 0.0
INFO: 18-11-2022 18:29:30 log_status(194) -- Drogno_3: ready	battery: 3.34                    	kalman var: 0.002 0.002 0.001                    	batterySag: 0.5	link quality: 47	flight time: 5s                    	pos 1.59 1.59 1.59	yaw: 1.26	msg/s 0.0
INFO: 18-11-2022 18:29:32 log_status(194) -- Drogno_3: ready	battery: 3.34                    	kalman var: 0.002 0.002 0.001                    	batterySag: 0.5	link quality: 47	flight time: 6s                    	pos 2.30 2.30 2.30	yaw: 1.31	msg/s 0.0
INFO: 18-11-2022 18:29:33 log_status(194) -- Drogno_3: ready	battery: 3.33                    	kalman var: 0.002 0.002 0.001                    	batterySag: 0.5	link quality: 47	flight time: 7s                    	pos 0.00 0.00 0.00	yaw: 0.12	msg/s 0.0
INFO: 18-11-2022 18:29:34 log_status(194) -- Drogno_3: ready	battery: 3.3                    	kalman var: 0.002 0.002 0.001                    	batterySag: 0.5	link quality: 46	flight time: 0s                    	pos -0.00 -0.00 -0.00	yaw: 0.23	msg/s 0.0
INFO: 18-11-2022 18:29:35 log_status(194) -- Drogno_3: ready	battery: 3.27                    	kalman var: 0.066 0.066 0.003                    	batterySag: 0.5	link quality: 48	flight time: 0s                    	pos -0.03 -0.01 -5.46	yaw: 0.04	msg/s 0.0
WARNING: 18-11-2022 18:32:59 exit(704) -- closing Drogno_3
