INFO: 18-11-2022 20:12:20 __init__(113) -- This is drone log from Drogno_3
INFO: 18-11-2022 20:12:23 log_status(196) -- Logger started
INFO: 18-11-2022 20:12:24 log_status(200) -- Drogno_3: ready	battery: 4.19                    	kalman var: 0.01 0.01 0.001                    	batterySag: 0.5	link quality: 42	flight time: 0s                    	pos -0.03 -0.03 0.00	yaw: -0.01	msg/s 0.9
INFO: 18-11-2022 20:12:25 log_status(200) -- Drogno_3: BAD kalman	battery: 4.19                    	kalman var: 0.041 0.041 0.002                    	batterySag: 0.5	link quality: 42	flight time: 0s                    	pos -0.11 -0.12 0.00	yaw: -0.02	msg/s 0.0
INFO: 18-11-2022 20:12:26 log_status(200) -- Drogno_3: BAD kalman	battery: 4.19                    	kalman var: 0.11 0.11 0.003                    	batterySag: 0.5	link quality: 43	flight time: 0s                    	pos -0.28 -0.31 0.01	yaw: -0.02	msg/s 0.0
INFO: 18-11-2022 20:12:27 log_status(200) -- Drogno_3: BAD kalman	battery: 4.19                    	kalman var: 0.215 0.215 0.005                    	batterySag: 0.5	link quality: 42	flight time: 0s                    	pos -0.53 -0.60 0.02	yaw: -0.02	msg/s 0.0
INFO: 18-11-2022 20:12:28 log_status(200) -- Drogno_3: BAD kalman	battery: 4.19                    	kalman var: 0.333 0.333 0.006                    	batterySag: 0.5	link quality: 42	flight time: 0s                    	pos -0.81 -0.91 0.03	yaw: -0.02	msg/s 0.0
INFO: 18-11-2022 20:12:29 log_status(200) -- Drogno_3: BAD kalman	battery: 4.19                    	kalman var: 0.514 0.514 0.007                    	batterySag: 0.5	link quality: 42	flight time: 0s                    	pos -1.20 -1.37 0.04	yaw: -0.02	msg/s 0.0
INFO: 18-11-2022 20:12:30 log_status(200) -- Drogno_3: BAD kalman	battery: 4.19                    	kalman var: 0.702 0.702 0.008                    	batterySag: 0.5	link quality: 41	flight time: 0s                    	pos -1.59 -1.84 0.05	yaw: -0.04	msg/s 0.0
INFO: 18-11-2022 20:12:31 log_status(200) -- Drogno_3: BAD kalman	battery: 4.19                    	kalman var: 0.973 0.973 0.009                    	batterySag: 0.5	link quality: 40	flight time: 0s                    	pos -2.13 -2.50 0.06	yaw: -0.02	msg/s 0.0
INFO: 18-11-2022 20:12:32 log_status(200) -- Drogno_3: out of BOX	battery: 4.18                    	kalman var: 1.239 1.239 0.01                    	batterySag: 0.5	link quality: 44	flight time: 0s                    	pos -2.65 -3.13 0.07	yaw: -0.03	msg/s 0.0
INFO: 18-11-2022 20:12:34 log_status(200) -- Drogno_3: out of BOX	battery: 4.19                    	kalman var: 1.611 1.611 0.012                    	batterySag: 0.5	link quality: 41	flight time: 0s                    	pos -3.34 -3.98 0.09	yaw: -5.97	msg/s 0.0
INFO: 18-11-2022 20:12:35 log_status(200) -- Drogno_3: ready	battery: 4.19                    	kalman var: 1.962 1.955 0.029                    	batterySag: 0.5	link quality: 41	flight time: 0s                    	pos -3.97 -4.77 0.11	yaw: -1.30	msg/s 0.0
INFO: 18-11-2022 20:12:36 log_status(200) -- Drogno_3: ready	battery: 4.19                    	kalman var: 2.453 2.451 0.014                    	batterySag: 0.5	link quality: 41	flight time: 0s                    	pos -4.81 -5.81 0.11	yaw: -1.93	msg/s 0.0
INFO: 18-11-2022 20:12:37 log_status(200) -- Drogno_3: ready	battery: 4.19                    	kalman var: 2.906 2.906 0.015                    	batterySag: 0.5	link quality: 42	flight time: 0s                    	pos -5.65 -6.83 0.12	yaw: -1.77	msg/s 0.0
INFO: 18-11-2022 20:12:38 log_status(200) -- Drogno_3: ready	battery: 4.19                    	kalman var: 3.51 3.51 0.016                    	batterySag: 0.5	link quality: 42	flight time: 0s                    	pos -6.84 -8.23 0.12	yaw: -1.58	msg/s 0.0
INFO: 18-11-2022 20:12:39 log_status(200) -- Drogno_3: ready	battery: 4.19                    	kalman var: 4.07 4.07 0.018                    	batterySag: 0.5	link quality: 42	flight time: 0s                    	pos -7.99 -9.57 0.12	yaw: -1.43	msg/s 0.0
INFO: 18-11-2022 20:12:40 log_status(200) -- Drogno_3: ready	battery: 4.1                    	kalman var: 4.844 4.844 0.019                    	batterySag: 0.5	link quality: 42	flight time: 0s                    	pos -9.49 -11.32 0.12	yaw: -1.70	msg/s 0.0
INFO: 18-11-2022 20:12:41 log_status(200) -- Drogno_3: ready	battery: 4.1                    	kalman var: 5.527 5.527 0.02                    	batterySag: 0.5	link quality: 42	flight time: 0s                    	pos -10.92 -12.91 0.13	yaw: -1.54	msg/s 0.0
INFO: 18-11-2022 20:12:42 log_status(200) -- Drogno_3: ready	battery: 4.09                    	kalman var: 6.422 6.422 0.022                    	batterySag: 0.5	link quality: 41	flight time: 0s                    	pos -12.80 -14.99 0.15	yaw: -1.37	msg/s 0.0
INFO: 18-11-2022 20:12:43 log_status(200) -- Drogno_3: ready	battery: 4.09                    	kalman var: 7.23 7.121 0.155                    	batterySag: 0.5	link quality: 40	flight time: 0s                    	pos -14.48 -16.86 0.17	yaw: -2.94	msg/s 0.0
INFO: 18-11-2022 20:12:45 log_status(200) -- Drogno_3: ready	battery: 4.09                    	kalman var: 7.887 8.375 0.633                    	batterySag: 0.5	link quality: 35	flight time: 0s                    	pos -16.75 -19.39 0.21	yaw: -23.94	msg/s 0.0
INFO: 18-11-2022 20:12:46 log_status(200) -- Drogno_3: ready	battery: 4.09                    	kalman var: 9.211 9.133 0.599                    	batterySag: 0.5	link quality: 37	flight time: 0s                    	pos -18.86 -21.89 0.12	yaw: -24.48	msg/s 0.0
INFO: 18-11-2022 20:12:47 log_status(200) -- Drogno_3: ready	battery: 3.28                    	kalman var: 10.102 10.445 0.854                    	batterySag: 0.5	link quality: 37	flight time: 0s                    	pos -21.12 -25.12 -0.31	yaw: -22.25	msg/s 0.0
INFO: 18-11-2022 20:12:48 log_status(200) -- Drogno_3: ready	battery: 3.27                    	kalman var: 11.375 11.32 0.875                    	batterySag: 0.5	link quality: 36	flight time: 1s                    	pos -20.95 -27.31 -1.37	yaw: -23.94	msg/s 0.0
INFO: 18-11-2022 20:12:49 log_status(200) -- Drogno_3: ready	battery: 3.27                    	kalman var: 11.68 11.531 0.812                    	batterySag: 0.5	link quality: 37	flight time: 2s                    	pos -18.38 -18.38 -18.38	yaw: -28.03	msg/s 0.0
INFO: 18-11-2022 20:12:50 log_status(200) -- Drogno_3: ready	battery: 3.3                    	kalman var: 11.68 11.531 0.812                    	batterySag: 0.5	link quality: 37	flight time: 3s                    	pos -14.08 -14.08 -14.08	yaw: -28.72	msg/s 0.0
INFO: 18-11-2022 20:12:51 log_status(200) -- Drogno_3: ready	battery: 3.28                    	kalman var: 11.68 11.531 0.812                    	batterySag: 0.5	link quality: 36	flight time: 5s                    	pos -7.68 -7.68 -7.68	yaw: -29.12	msg/s 0.0
INFO: 18-11-2022 20:12:52 log_status(200) -- Drogno_3: ready	battery: 3.28                    	kalman var: 11.68 11.531 0.812                    	batterySag: 0.5	link quality: 36	flight time: 0s                    	pos 0.86 0.86 0.86	yaw: -29.31	msg/s 0.0
INFO: 18-11-2022 20:12:53 log_status(200) -- Drogno_3: ready	battery: 3.12                    	kalman var: 11.68 11.531 0.812                    	batterySag: 0.5	link quality: 36	flight time: 1s                    	pos 11.81 11.81 11.81	yaw: -30.47	msg/s 0.0
INFO: 18-11-2022 20:12:54 log_status(200) -- Drogno_3: ready	battery: 3.12                    	kalman var: 11.68 11.531 0.812                    	batterySag: 0.5	link quality: 37	flight time: 2s                    	pos 0.00 0.00 0.00	yaw: 0.20	msg/s 0.0
INFO: 18-11-2022 20:12:56 log_status(200) -- Drogno_3: ready	battery: 3.16                    	kalman var: 11.68 11.531 0.812                    	batterySag: 0.5	link quality: 36	flight time: 3s                    	pos 0.15 0.15 0.15	yaw: 1.81	msg/s 0.0
INFO: 18-11-2022 20:12:57 log_status(200) -- Drogno_3: ready	battery: 3.14                    	kalman var: 11.68 11.531 0.812                    	batterySag: 0.5	link quality: 36	flight time: 5s                    	pos 0.92 0.92 0.92	yaw: 1.62	msg/s 0.0
INFO: 18-11-2022 20:12:58 log_status(200) -- Drogno_3: landed	battery: 3.22                    	kalman var: 11.68 11.531 0.812                    	batterySag: 0.5	link quality: 36	flight time: 0s                    	pos 2.04 2.04 2.04	yaw: 1.78	msg/s 0.0
INFO: 18-11-2022 20:12:59 log_status(200) -- Drogno_3: ready	battery: 3.93                    	kalman var: 0.232 0.235 0.021                    	batterySag: 0.5	link quality: 37	flight time: 0s                    	pos 3.08 3.64 -4.08	yaw: -5.53	msg/s 0.0
INFO: 18-11-2022 20:13:00 log_status(200) -- Drogno_3: ready	battery: 3.95                    	kalman var: 0.347 0.308 0.084                    	batterySag: 0.5	link quality: 36	flight time: 0s                    	pos 2.44 2.51 -5.89	yaw: -13.05	msg/s 0.0
INFO: 18-11-2022 20:13:01 log_status(200) -- Drogno_3: ready	battery: 3.96                    	kalman var: 0.541 0.413 0.167                    	batterySag: 0.5	link quality: 36	flight time: 0s                    	pos -0.18 -1.47 -8.59	yaw: -12.20	msg/s 0.0
INFO: 18-11-2022 20:13:02 log_status(200) -- Drogno_3: ready	battery: 3.97                    	kalman var: 0.73 0.374 0.407                    	batterySag: 0.5	link quality: 37	flight time: 0s                    	pos -4.08 -7.40 -11.63	yaw: 1.19	msg/s 0.0
INFO: 18-11-2022 20:13:03 log_status(200) -- Drogno_3: ready	battery: 3.98                    	kalman var: 1.021 0.456 0.587                    	batterySag: 0.5	link quality: 39	flight time: 0s                    	pos -11.14 -18.03 -16.75	yaw: 12.82	msg/s 0.0
INFO: 18-11-2022 20:13:04 log_status(200) -- Drogno_3: ready	battery: 3.98                    	kalman var: 0.005 0.005 0.001                    	batterySag: 0.5	link quality: 37	flight time: 0s                    	pos -0.33 -1.79 -0.85	yaw: -25.73	msg/s 0.0
INFO: 18-11-2022 20:13:06 log_status(200) -- Drogno_3: ready	battery: 4.0                    	kalman var: 0.003 0.002 0.001                    	batterySag: 0.5	link quality: 63	flight time: 0s                    	pos 0.64 -0.79 -0.44	yaw: 76.69	msg/s 0.0
INFO: 18-11-2022 20:13:07 log_status(200) -- Drogno_3: ready	battery: 4.0                    	kalman var: 0.016 0.016 0.012                    	batterySag: 0.5	link quality: 51	flight time: 0s                    	pos 4.84 -7.42 -4.12	yaw: 110.69	msg/s 0.0
INFO: 18-11-2022 20:13:08 log_status(200) -- Drogno_3: ready	battery: 4.0                    	kalman var: 0.004 0.005 0.003                    	batterySag: 0.5	link quality: 39	flight time: 0s                    	pos -2.73 0.01 -2.21	yaw: -45.62	msg/s 0.0
INFO: 18-11-2022 20:13:09 log_status(200) -- Drogno_3: ready	battery: 4.01                    	kalman var: 0.003 0.003 0.002                    	batterySag: 0.5	link quality: 43	flight time: 0s                    	pos -0.60 -1.02 -0.50	yaw: 2.04	msg/s 0.0
INFO: 18-11-2022 20:13:10 log_status(200) -- Drogno_3: ready	battery: 4.01                    	kalman var: 0.028 0.024 0.017                    	batterySag: 0.5	link quality: 46	flight time: 0s                    	pos -5.52 -9.31 -4.02	yaw: -0.44	msg/s 0.0
INFO: 18-11-2022 20:13:11 log_status(200) -- Drogno_3: ready	battery: 4.01                    	kalman var: 0.008 0.008 0.001                    	batterySag: 0.5	link quality: 45	flight time: 0s                    	pos -0.03 -0.03 0.00	yaw: -0.01	msg/s 0.0
INFO: 18-11-2022 20:13:12 log_status(200) -- Drogno_3: ready	battery: 4.01                    	kalman var: 0.046 0.046 0.002                    	batterySag: 0.5	link quality: 46	flight time: 0s                    	pos -0.14 -0.17 0.02	yaw: -0.02	msg/s 0.0
INFO: 18-11-2022 20:13:13 log_status(200) -- Drogno_3: ready	battery: 4.02                    	kalman var: 0.103 0.103 0.003                    	batterySag: 0.5	link quality: 46	flight time: 0s                    	pos -0.30 -0.38 0.04	yaw: -0.01	msg/s 0.0
INFO: 18-11-2022 20:13:14 log_status(200) -- Drogno_3: ready	battery: 4.02                    	kalman var: 0.205 0.205 0.005                    	batterySag: 0.5	link quality: 46	flight time: 0s                    	pos -0.58 -0.75 0.07	yaw: 0.00	msg/s 0.0
INFO: 18-11-2022 20:13:15 log_status(200) -- Drogno_3: ready	battery: 4.02                    	kalman var: 0.322 0.322 0.006                    	batterySag: 0.5	link quality: 49	flight time: 0s                    	pos -0.89 -1.17 0.11	yaw: 0.02	msg/s 0.0
INFO: 18-11-2022 20:13:17 log_status(200) -- Drogno_3: ready	battery: 4.02                    	kalman var: 0.5 0.5 0.007                    	batterySag: 0.5	link quality: 44	flight time: 0s                    	pos -1.35 -1.79 0.16	yaw: 0.02	msg/s 0.0
INFO: 18-11-2022 20:13:18 log_status(200) -- Drogno_3: ready	battery: 4.02                    	kalman var: 0.683 0.683 0.008                    	batterySag: 0.5	link quality: 40	flight time: 0s                    	pos -1.80 -2.40 0.21	yaw: 0.01	msg/s 0.0
INFO: 18-11-2022 20:13:19 log_status(200) -- Drogno_3: ready	battery: 4.02                    	kalman var: 0.951 0.951 0.009                    	batterySag: 0.5	link quality: 39	flight time: 0s                    	pos -2.45 -3.29 0.29	yaw: 0.01	msg/s 0.0
INFO: 18-11-2022 20:13:20 log_status(200) -- Drogno_3: ready	battery: 4.02                    	kalman var: 1.214 1.214 0.01                    	batterySag: 0.5	link quality: 39	flight time: 0s                    	pos -3.06 -4.14 0.37	yaw: 0.01	msg/s 0.0
INFO: 18-11-2022 20:13:21 log_status(200) -- Drogno_3: ready	battery: 4.02                    	kalman var: 1.58 1.58 0.012                    	batterySag: 0.5	link quality: 39	flight time: 0s                    	pos -3.90 -5.30 0.48	yaw: 0.01	msg/s 0.0
INFO: 18-11-2022 20:13:22 log_status(200) -- Drogno_3: ready	battery: 4.02                    	kalman var: 1.933 1.933 0.013                    	batterySag: 0.5	link quality: 39	flight time: 0s                    	pos -4.68 -6.39 0.57	yaw: 0.02	msg/s 0.0
INFO: 18-11-2022 20:13:23 log_status(200) -- Drogno_3: ready	battery: 4.02                    	kalman var: 2.408 2.408 0.014                    	batterySag: 0.5	link quality: 39	flight time: 0s                    	pos -5.71 -7.82 0.69	yaw: 0.02	msg/s 0.0
INFO: 18-11-2022 20:13:24 log_status(200) -- Drogno_3: ready	battery: 4.02                    	kalman var: 2.855 2.855 0.015                    	batterySag: 0.5	link quality: 39	flight time: 0s                    	pos -6.65 -9.15 0.79	yaw: 0.02	msg/s 0.0
INFO: 18-11-2022 20:13:25 log_status(200) -- Drogno_3: ready	battery: 4.02                    	kalman var: 3.459 3.459 0.016                    	batterySag: 0.5	link quality: 39	flight time: 0s                    	pos -7.89 -10.89 0.93	yaw: 0.04	msg/s 0.0
INFO: 18-11-2022 20:13:26 log_status(200) -- Drogno_3: ready	battery: 4.02                    	kalman var: 4.016 4.016 0.018                    	batterySag: 0.5	link quality: 40	flight time: 0s                    	pos -9.01 -12.46 1.05	yaw: 0.03	msg/s 0.0
INFO: 18-11-2022 20:13:28 log_status(200) -- Drogno_3: ready	battery: 4.03                    	kalman var: 4.754 4.754 0.019                    	batterySag: 0.5	link quality: 39	flight time: 0s                    	pos -10.44 -14.49 1.21	yaw: 0.02	msg/s 0.0
INFO: 18-11-2022 20:13:29 log_status(200) -- Drogno_3: ready	battery: 4.02                    	kalman var: 5.43 5.43 0.02                    	batterySag: 0.5	link quality: 40	flight time: 0s                    	pos -11.71 -16.31 1.35	yaw: 0.01	msg/s 0.0
INFO: 18-11-2022 20:13:30 log_status(200) -- Drogno_3: ready	battery: 4.02                    	kalman var: 6.316 6.316 0.021                    	batterySag: 0.5	link quality: 40	flight time: 0s                    	pos -13.35 -18.66 1.52	yaw: 0.02	msg/s 0.0
INFO: 18-11-2022 20:13:31 log_status(200) -- Drogno_3: ready	battery: 4.03                    	kalman var: 7.121 7.121 0.022                    	batterySag: 0.5	link quality: 39	flight time: 0s                    	pos -14.80 -20.73 1.67	yaw: 0.03	msg/s 0.0
INFO: 18-11-2022 20:13:32 log_status(200) -- Drogno_3: ready	battery: 4.02                    	kalman var: 8.156 8.156 0.024                    	batterySag: 0.5	link quality: 39	flight time: 0s                    	pos -16.64 -23.38 1.86	yaw: 0.04	msg/s 0.0
INFO: 18-11-2022 20:13:33 log_status(200) -- Drogno_3: ready	battery: 4.03                    	kalman var: 9.102 9.094 0.025                    	batterySag: 0.5	link quality: 39	flight time: 0s                    	pos -18.27 -25.70 2.03	yaw: 0.03	msg/s 0.0
INFO: 18-11-2022 20:13:34 log_status(200) -- Drogno_3: ready	battery: 4.03                    	kalman var: 10.312 10.312 0.027                    	batterySag: 0.5	link quality: 39	flight time: 0s                    	pos -20.34 -28.67 2.24	yaw: 0.03	msg/s 0.0
INFO: 18-11-2022 20:13:35 log_status(200) -- Drogno_3: ready	battery: 4.03                    	kalman var: 11.406 11.398 0.028                    	batterySag: 0.5	link quality: 40	flight time: 0s                    	pos -22.16 -31.28 2.43	yaw: 0.03	msg/s 0.0
INFO: 18-11-2022 20:13:36 log_status(200) -- Drogno_3: ready	battery: 4.02                    	kalman var: 12.789 12.789 0.029                    	batterySag: 0.5	link quality: 40	flight time: 0s                    	pos -24.44 -34.53 2.66	yaw: 0.03	msg/s 0.0
INFO: 18-11-2022 20:13:37 log_status(200) -- Drogno_3: ready	battery: 4.03                    	kalman var: 14.031 14.031 0.031                    	batterySag: 0.5	link quality: 40	flight time: 0s                    	pos -26.45 -37.41 2.86	yaw: 0.04	msg/s 0.0
INFO: 18-11-2022 20:13:39 log_status(200) -- Drogno_3: ready	battery: 4.02                    	kalman var: 15.625 15.625 0.033                    	batterySag: 0.5	link quality: 41	flight time: 0s                    	pos -28.97 -41.03 3.11	yaw: 0.03	msg/s 0.0
INFO: 18-11-2022 20:13:40 log_status(200) -- Drogno_3: ready	battery: 4.02                    	kalman var: 17.047 17.031 0.034                    	batterySag: 0.5	link quality: 40	flight time: 0s                    	pos -31.17 -44.19 3.32	yaw: 0.04	msg/s 0.0
INFO: 18-11-2022 20:13:41 log_status(200) -- Drogno_3: ready	battery: 4.02                    	kalman var: 18.844 18.844 0.036                    	batterySag: 0.5	link quality: 40	flight time: 0s                    	pos -33.94 -48.12 3.58	yaw: 0.05	msg/s 0.0
INFO: 18-11-2022 20:13:42 log_status(200) -- Drogno_3: ready	battery: 4.02                    	kalman var: 20.422 20.422 0.037                    	batterySag: 0.5	link quality: 40	flight time: 0s                    	pos -36.38 -51.53 3.80	yaw: 0.05	msg/s 0.0
INFO: 18-11-2022 20:13:43 log_status(200) -- Drogno_3: ready	battery: 4.02                    	kalman var: 22.438 22.422 0.039                    	batterySag: 0.5	link quality: 40	flight time: 0s                    	pos -39.34 -55.78 4.08	yaw: 0.03	msg/s 0.0
INFO: 18-11-2022 20:13:44 log_status(200) -- Drogno_3: ready	battery: 4.02                    	kalman var: 24.203 24.203 0.041                    	batterySag: 0.5	link quality: 40	flight time: 0s                    	pos -41.97 -59.47 4.32	yaw: 0.03	msg/s 0.0
INFO: 18-11-2022 20:13:45 log_status(200) -- Drogno_3: ready	battery: 4.02                    	kalman var: 26.453 26.453 0.043                    	batterySag: 0.5	link quality: 40	flight time: 0s                    	pos -45.22 -64.06 4.61	yaw: 0.03	msg/s 0.0
INFO: 18-11-2022 20:13:46 log_status(200) -- Drogno_3: ready	battery: 4.02                    	kalman var: 28.422 28.422 0.045                    	batterySag: 0.5	link quality: 41	flight time: 0s                    	pos -48.03 -68.06 4.87	yaw: 0.03	msg/s 0.0
INFO: 18-11-2022 20:13:47 log_status(200) -- Drogno_3: ready	battery: 4.02                    	kalman var: 30.906 30.906 0.047                    	batterySag: 0.5	link quality: 40	flight time: 0s                    	pos -51.53 -73.00 5.18	yaw: 0.03	msg/s 0.0
INFO: 18-11-2022 20:13:48 log_status(200) -- Drogno_3: ready	battery: 4.02                    	kalman var: 33.094 33.094 0.048                    	batterySag: 0.5	link quality: 42	flight time: 0s                    	pos -54.59 -77.25 5.44	yaw: 0.04	msg/s 0.0
INFO: 18-11-2022 20:13:50 log_status(200) -- Drogno_3: ready	battery: 4.02                    	kalman var: 35.812 35.812 0.051                    	batterySag: 0.5	link quality: 41	flight time: 0s                    	pos -58.34 -82.50 5.77	yaw: 0.03	msg/s 0.0
INFO: 18-11-2022 20:13:51 log_status(200) -- Drogno_3: ready	battery: 4.02                    	kalman var: 38.219 38.188 0.054                    	batterySag: 0.5	link quality: 41	flight time: 0s                    	pos -61.56 -87.00 6.05	yaw: 0.02	msg/s 0.0
INFO: 18-11-2022 20:13:52 log_status(200) -- Drogno_3: ready	battery: 4.02                    	kalman var: 41.219 41.219 0.056                    	batterySag: 0.5	link quality: 40	flight time: 0s                    	pos -65.62 -92.62 6.39	yaw: 0.03	msg/s 0.0
INFO: 18-11-2022 20:13:53 log_status(200) -- Drogno_3: ready	battery: 4.02                    	kalman var: 43.844 43.812 0.058                    	batterySag: 0.5	link quality: 41	flight time: 0s                    	pos -69.06 -97.44 6.68	yaw: 0.03	msg/s 0.0
INFO: 18-11-2022 20:13:54 log_status(200) -- Drogno_3: ready	battery: 4.02                    	kalman var: 0.005 0.005 0.001                    	batterySag: 0.5	link quality: 44	flight time: 0s                    	pos -0.02 -0.02 0.00	yaw: 0.00	msg/s 0.0
INFO: 18-11-2022 20:13:55 log_status(200) -- Drogno_3: ready	battery: 4.02                    	kalman var: 0.029 0.029 0.002                    	batterySag: 0.5	link quality: 42	flight time: 0s                    	pos -0.09 -0.11 0.01	yaw: 0.00	msg/s 0.0
INFO: 18-11-2022 20:13:56 log_status(200) -- Drogno_3: ready	battery: 4.02                    	kalman var: 0.089 0.089 0.003                    	batterySag: 0.5	link quality: 41	flight time: 0s                    	pos -0.29 -0.33 0.02	yaw: -0.00	msg/s 0.0
INFO: 18-11-2022 20:13:57 log_status(200) -- Drogno_3: ready	battery: 4.02                    	kalman var: 0.166 0.166 0.004                    	batterySag: 0.5	link quality: 42	flight time: 0s                    	pos -0.54 -0.62 0.03	yaw: 0.01	msg/s 0.0
INFO: 18-11-2022 20:13:58 log_status(200) -- Drogno_3: ready	battery: 4.02                    	kalman var: 0.294 0.294 0.005                    	batterySag: 0.5	link quality: 42	flight time: 0s                    	pos -0.94 -1.09 0.04	yaw: 0.02	msg/s 0.0
INFO: 18-11-2022 20:13:59 log_status(200) -- Drogno_3: ready	battery: 4.02                    	kalman var: 0.434 0.434 0.007                    	batterySag: 0.5	link quality: 42	flight time: 0s                    	pos -1.37 -1.60 0.06	yaw: 0.01	msg/s 0.0
INFO: 18-11-2022 20:14:01 log_status(200) -- Drogno_3: ready	battery: 4.02                    	kalman var: 0.643 0.643 0.008                    	batterySag: 0.5	link quality: 42	flight time: 0s                    	pos -2.00 -2.36 0.08	yaw: 0.00	msg/s 0.0
INFO: 18-11-2022 20:14:02 log_status(200) -- Drogno_3: ready	battery: 4.02                    	kalman var: 0.853 0.853 0.009                    	batterySag: 0.5	link quality: 42	flight time: 0s                    	pos -2.61 -3.11 0.11	yaw: 0.00	msg/s 0.0
INFO: 18-11-2022 20:14:03 log_status(200) -- Drogno_3: ready	battery: 4.02                    	kalman var: 1.155 1.155 0.01                    	batterySag: 0.5	link quality: 45	flight time: 0s                    	pos -3.46 -4.17 0.15	yaw: 0.01	msg/s 0.0
INFO: 18-11-2022 20:14:04 log_status(200) -- Drogno_3: ready	battery: 4.02                    	kalman var: 1.449 1.449 0.011                    	batterySag: 0.5	link quality: 44	flight time: 0s                    	pos -4.28 -5.17 0.18	yaw: 0.01	msg/s 0.0
INFO: 18-11-2022 20:14:05 log_status(200) -- Drogno_3: ready	battery: 4.02                    	kalman var: 1.855 1.855 0.013                    	batterySag: 0.5	link quality: 42	flight time: 0s                    	pos -5.37 -6.53 0.22	yaw: 0.00	msg/s 0.0
INFO: 18-11-2022 20:14:06 log_status(200) -- Drogno_3: ready	battery: 4.02                    	kalman var: 2.242 2.242 0.014                    	batterySag: 0.5	link quality: 43	flight time: 0s                    	pos -6.38 -7.80 0.26	yaw: 0.00	msg/s 0.0
INFO: 18-11-2022 20:14:07 log_status(200) -- Drogno_3: ready	battery: 4.02                    	kalman var: 2.762 2.762 0.015                    	batterySag: 0.5	link quality: 42	flight time: 0s                    	pos -7.70 -9.48 0.32	yaw: -0.00	msg/s 0.0
INFO: 18-11-2022 20:14:08 log_status(200) -- Drogno_3: ready	battery: 4.02                    	kalman var: 3.248 3.248 0.016                    	batterySag: 0.5	link quality: 42	flight time: 0s                    	pos -8.91 -11.01 0.36	yaw: -0.00	msg/s 0.0
INFO: 18-11-2022 20:14:09 log_status(200) -- Drogno_3: ready	battery: 4.02                    	kalman var: 3.898 3.898 0.017                    	batterySag: 0.5	link quality: 42	flight time: 0s                    	pos -10.50 -13.03 0.43	yaw: -0.01	msg/s 0.0
INFO: 18-11-2022 20:14:10 log_status(200) -- Drogno_3: ready	battery: 4.02                    	kalman var: 4.5 4.5 0.019                    	batterySag: 0.5	link quality: 42	flight time: 0s                    	pos -11.92 -14.85 0.48	yaw: -0.01	msg/s 0.0
INFO: 18-11-2022 20:14:12 log_status(200) -- Drogno_3: ready	battery: 4.02                    	kalman var: 5.289 5.289 0.02                    	batterySag: 0.5	link quality: 42	flight time: 0s                    	pos -13.75 -17.20 0.56	yaw: -0.01	msg/s 0.0
INFO: 18-11-2022 20:14:13 log_status(200) -- Drogno_3: ready	battery: 4.02                    	kalman var: 6.004 6.004 0.021                    	batterySag: 0.5	link quality: 42	flight time: 0s                    	pos -15.36 -19.30 0.62	yaw: -0.02	msg/s 0.0
INFO: 18-11-2022 20:14:14 log_status(200) -- Drogno_3: ready	battery: 4.02                    	kalman var: 6.945 6.945 0.023                    	batterySag: 0.5	link quality: 42	flight time: 0s                    	pos -17.42 -22.02 0.70	yaw: -0.01	msg/s 0.0
INFO: 18-11-2022 20:14:15 log_status(200) -- Drogno_3: ready	battery: 4.02                    	kalman var: 7.801 7.801 0.024                    	batterySag: 0.5	link quality: 42	flight time: 0s                    	pos -19.25 -24.42 0.77	yaw: -0.01	msg/s 0.0
INFO: 18-11-2022 20:14:16 log_status(200) -- Drogno_3: ready	battery: 4.02                    	kalman var: 8.906 8.906 0.025                    	batterySag: 0.5	link quality: 43	flight time: 0s                    	pos -21.55 -27.50 0.86	yaw: -0.02	msg/s 0.0
INFO: 18-11-2022 20:14:17 log_status(200) -- Drogno_3: ready	battery: 4.02                    	kalman var: 9.898 9.898 0.027                    	batterySag: 0.5	link quality: 42	flight time: 0s                    	pos -23.56 -30.22 0.94	yaw: -0.01	msg/s 0.0
INFO: 18-11-2022 20:14:18 log_status(200) -- Drogno_3: ready	battery: 4.02                    	kalman var: 11.172 11.172 0.028                    	batterySag: 0.5	link quality: 43	flight time: 0s                    	pos -26.08 -33.66 1.03	yaw: 0.00	msg/s 0.0
INFO: 18-11-2022 20:14:19 log_status(200) -- Drogno_3: ready	battery: 4.02                    	kalman var: 12.312 12.312 0.03                    	batterySag: 0.5	link quality: 42	flight time: 0s                    	pos -28.31 -36.69 1.12	yaw: 0.02	msg/s 0.0
INFO: 18-11-2022 20:14:20 log_status(200) -- Drogno_3: ready	battery: 4.02                    	kalman var: 13.781 13.781 0.032                    	batterySag: 0.5	link quality: 42	flight time: 0s                    	pos -31.09 -40.50 1.22	yaw: 0.03	msg/s 0.0
INFO: 18-11-2022 20:14:21 log_status(200) -- Drogno_3: ready	battery: 4.02                    	kalman var: 15.086 15.086 0.033                    	batterySag: 0.5	link quality: 42	flight time: 0s                    	pos -33.53 -43.84 1.32	yaw: 0.03	msg/s 0.0
INFO: 18-11-2022 20:14:23 log_status(200) -- Drogno_3: ready	battery: 4.02                    	kalman var: 16.75 16.75 0.035                    	batterySag: 0.5	link quality: 43	flight time: 0s                    	pos -36.56 -48.06 1.44	yaw: 0.04	msg/s 0.0
INFO: 18-11-2022 20:14:24 log_status(200) -- Drogno_3: ready	battery: 4.02                    	kalman var: 18.219 18.219 0.037                    	batterySag: 0.5	link quality: 42	flight time: 0s                    	pos -39.16 -51.72 1.54	yaw: 0.05	msg/s 0.0
INFO: 18-11-2022 20:14:25 log_status(200) -- Drogno_3: ready	battery: 4.02                    	kalman var: 20.094 20.094 0.039                    	batterySag: 0.5	link quality: 42	flight time: 0s                    	pos -42.47 -56.31 1.67	yaw: 0.04	msg/s 0.0
INFO: 18-11-2022 20:14:26 log_status(200) -- Drogno_3: ready	battery: 4.02                    	kalman var: 21.75 21.75 0.041                    	batterySag: 0.5	link quality: 42	flight time: 0s                    	pos -45.31 -60.31 1.79	yaw: 0.04	msg/s 0.0
INFO: 18-11-2022 20:14:27 log_status(200) -- Drogno_3: ready	battery: 4.01                    	kalman var: 23.859 23.844 0.043                    	batterySag: 0.5	link quality: 42	flight time: 0s                    	pos -48.84 -65.31 1.93	yaw: 0.03	msg/s 0.0
INFO: 18-11-2022 20:14:28 log_status(200) -- Drogno_3: ready	battery: 4.01                    	kalman var: 25.703 25.703 0.046                    	batterySag: 0.5	link quality: 42	flight time: 0s                    	pos -51.91 -69.62 2.06	yaw: 0.03	msg/s 0.0
INFO: 18-11-2022 20:14:29 log_status(200) -- Drogno_3: ready	battery: 4.01                    	kalman var: 28.016 28.016 0.048                    	batterySag: 0.5	link quality: 42	flight time: 0s                    	pos -55.69 -74.94 2.21	yaw: 0.05	msg/s 0.0
INFO: 18-11-2022 20:14:30 log_status(200) -- Drogno_3: ready	battery: 4.01                    	kalman var: 30.062 30.062 0.05                    	batterySag: 0.5	link quality: 43	flight time: 0s                    	pos -58.97 -79.62 2.36	yaw: 0.05	msg/s 0.0
INFO: 18-11-2022 20:14:31 log_status(200) -- Drogno_3: ready	battery: 4.01                    	kalman var: 32.656 32.625 0.053                    	batterySag: 0.5	link quality: 42	flight time: 0s                    	pos -63.03 -85.38 2.53	yaw: 0.04	msg/s 0.0
INFO: 18-11-2022 20:14:32 log_status(200) -- Drogno_3: ready	battery: 4.01                    	kalman var: 34.906 34.906 0.055                    	batterySag: 0.5	link quality: 42	flight time: 0s                    	pos -66.50 -90.38 2.68	yaw: 0.03	msg/s 0.0
INFO: 18-11-2022 20:14:34 log_status(200) -- Drogno_3: ready	battery: 4.01                    	kalman var: 37.75 37.719 0.058                    	batterySag: 0.5	link quality: 42	flight time: 0s                    	pos -70.81 -96.50 2.88	yaw: 0.04	msg/s 0.0
INFO: 18-11-2022 20:14:35 log_status(200) -- Drogno_3: ready	battery: 4.01                    	kalman var: 0.001 0.001 0.0                    	batterySag: 0.5	link quality: 42	flight time: 0s                    	pos -0.00 -0.00 -0.00	yaw: 0.01	msg/s 0.0
INFO: 18-11-2022 20:14:36 log_status(200) -- Drogno_3: ready	battery: 4.01                    	kalman var: 0.024 0.024 0.002                    	batterySag: 0.5	link quality: 42	flight time: 0s                    	pos -0.07 -0.10 0.00	yaw: -0.00	msg/s 0.0
INFO: 18-11-2022 20:14:37 log_status(200) -- Drogno_3: ready	battery: 4.01                    	kalman var: 0.079 0.079 0.003                    	batterySag: 0.5	link quality: 42	flight time: 0s                    	pos -0.23 -0.32 0.01	yaw: -0.00	msg/s 0.0
INFO: 18-11-2022 20:14:38 log_status(200) -- Drogno_3: ready	battery: 4.01                    	kalman var: 0.152 0.152 0.004                    	batterySag: 0.5	link quality: 43	flight time: 0s                    	pos -0.43 -0.60 0.01	yaw: -0.00	msg/s 0.0
INFO: 18-11-2022 20:14:39 log_status(200) -- Drogno_3: ready	battery: 4.01                    	kalman var: 0.276 0.276 0.005                    	batterySag: 0.5	link quality: 44	flight time: 0s                    	pos -0.77 -1.09 0.02	yaw: 0.02	msg/s 0.0
INFO: 18-11-2022 20:14:40 log_status(200) -- Drogno_3: ready	battery: 4.01                    	kalman var: 0.41 0.41 0.006                    	batterySag: 0.5	link quality: 42	flight time: 0s                    	pos -1.14 -1.60 0.03	yaw: 0.02	msg/s 0.0
INFO: 18-11-2022 20:14:41 log_status(200) -- Drogno_3: ready	battery: 4.01                    	kalman var: 0.614 0.614 0.008                    	batterySag: 0.5	link quality: 42	flight time: 0s                    	pos -1.68 -2.37 0.04	yaw: 0.03	msg/s 0.0
INFO: 18-11-2022 20:14:42 log_status(200) -- Drogno_3: ready	battery: 4.01                    	kalman var: 0.82 0.82 0.009                    	batterySag: 0.5	link quality: 42	flight time: 0s                    	pos -2.21 -3.13 0.05	yaw: 0.03	msg/s 0.0
INFO: 18-11-2022 20:14:43 log_status(200) -- Drogno_3: ready	battery: 4.01                    	kalman var: 1.116 1.116 0.01                    	batterySag: 0.5	link quality: 44	flight time: 0s                    	pos -2.94 -4.21 0.07	yaw: 0.03	msg/s 0.0
INFO: 18-11-2022 20:14:45 log_status(200) -- Drogno_3: ready	battery: 4.01                    	kalman var: 1.403 1.403 0.011                    	batterySag: 0.5	link quality: 43	flight time: 0s                    	pos -3.64 -5.24 0.10	yaw: 0.02	msg/s 0.0
INFO: 18-11-2022 20:14:46 log_status(200) -- Drogno_3: ready	battery: 4.01                    	kalman var: 1.8 1.8 0.012                    	batterySag: 0.5	link quality: 42	flight time: 0s                    	pos -4.58 -6.62 0.13	yaw: 0.03	msg/s 0.0
INFO: 18-11-2022 20:14:47 log_status(200) -- Drogno_3: ready	battery: 4.01                    	kalman var: 2.18 2.18 0.013                    	batterySag: 0.5	link quality: 44	flight time: 0s                    	pos -5.47 -7.93 0.16	yaw: 0.01	msg/s 0.0
INFO: 18-11-2022 20:14:48 log_status(200) -- Drogno_3: ready	battery: 4.01                    	kalman var: 2.693 2.693 0.015                    	batterySag: 0.5	link quality: 42	flight time: 0s                    	pos -6.64 -9.66 0.20	yaw: 0.02	msg/s 0.0
INFO: 18-11-2022 20:14:49 log_status(200) -- Drogno_3: ready	battery: 4.01                    	kalman var: 3.174 3.174 0.016                    	batterySag: 0.5	link quality: 43	flight time: 0s                    	pos -7.71 -11.25 0.24	yaw: 0.00	msg/s 0.0
INFO: 18-11-2022 20:14:50 log_status(200) -- Drogno_3: ready	battery: 4.01                    	kalman var: 3.816 3.816 0.017                    	batterySag: 0.5	link quality: 42	flight time: 0s                    	pos -9.11 -13.33 0.28	yaw: 0.02	msg/s 0.0
INFO: 18-11-2022 20:14:51 log_status(200) -- Drogno_3: ready	battery: 4.01                    	kalman var: 4.406 4.406 0.018                    	batterySag: 0.5	link quality: 43	flight time: 0s                    	pos -10.38 -15.21 0.32	yaw: 0.02	msg/s 0.0
INFO: 18-11-2022 20:14:52 log_status(200) -- Drogno_3: ready	battery: 4.01                    	kalman var: 5.188 5.188 0.02                    	batterySag: 0.5	link quality: 42	flight time: 0s                    	pos -12.02 -17.64 0.38	yaw: -0.01	msg/s 0.0
INFO: 18-11-2022 20:14:53 log_status(200) -- Drogno_3: ready	battery: 4.01                    	kalman var: 5.898 5.898 0.021                    	batterySag: 0.5	link quality: 44	flight time: 0s                    	pos -13.48 -19.83 0.42	yaw: -0.01	msg/s 0.0
INFO: 18-11-2022 20:14:54 log_status(200) -- Drogno_3: ready	battery: 4.01                    	kalman var: 6.824 6.824 0.023                    	batterySag: 0.5	link quality: 43	flight time: 0s                    	pos -15.35 -22.59 0.48	yaw: -0.01	msg/s 0.0
INFO: 18-11-2022 20:14:56 log_status(200) -- Drogno_3: ready	battery: 4.01                    	kalman var: 7.664 7.664 0.024                    	batterySag: 0.5	link quality: 44	flight time: 0s                    	pos -17.03 -25.06 0.54	yaw: 0.00	msg/s 0.0
INFO: 18-11-2022 20:14:57 log_status(200) -- Drogno_3: ready	battery: 4.01                    	kalman var: 8.758 8.758 0.025                    	batterySag: 0.5	link quality: 44	flight time: 0s                    	pos -19.17 -28.22 0.61	yaw: -0.01	msg/s 0.0
INFO: 18-11-2022 20:14:58 log_status(200) -- Drogno_3: ready	battery: 4.01                    	kalman var: 9.742 9.742 0.027                    	batterySag: 0.5	link quality: 44	flight time: 0s                    	pos -21.06 -31.00 0.67	yaw: -0.01	msg/s 0.0
INFO: 18-11-2022 20:14:59 log_status(200) -- Drogno_3: ready	battery: 4.01                    	kalman var: 11.016 11.016 0.028                    	batterySag: 0.5	link quality: 42	flight time: 0s                    	pos -23.45 -34.50 0.76	yaw: -0.01	msg/s 0.0
INFO: 18-11-2022 20:15:00 log_status(200) -- Drogno_3: ready	battery: 4.01                    	kalman var: 12.148 12.148 0.03                    	batterySag: 0.5	link quality: 42	flight time: 0s                    	pos -25.53 -37.59 0.84	yaw: -0.00	msg/s 0.0
INFO: 18-11-2022 20:15:01 log_status(200) -- Drogno_3: ready	battery: 4.01                    	kalman var: 13.594 13.586 0.032                    	batterySag: 0.5	link quality: 42	flight time: 0s                    	pos -28.14 -41.44 0.94	yaw: 0.01	msg/s 0.0
INFO: 18-11-2022 20:15:02 log_status(200) -- Drogno_3: ready	battery: 4.0                    	kalman var: 14.883 14.883 0.033                    	batterySag: 0.5	link quality: 42	flight time: 0s                    	pos -30.44 -44.81 1.04	yaw: 0.02	msg/s 0.0
INFO: 18-11-2022 20:15:03 log_status(200) -- Drogno_3: ready	battery: 4.01                    	kalman var: 16.531 16.531 0.035                    	batterySag: 0.5	link quality: 42	flight time: 0s                    	pos -33.28 -49.06 1.15	yaw: 0.02	msg/s 0.0
INFO: 18-11-2022 20:15:04 log_status(200) -- Drogno_3: ready	battery: 4.0                    	kalman var: 18.0 18.0 0.037                    	batterySag: 0.5	link quality: 43	flight time: 0s                    	pos -35.78 -52.78 1.26	yaw: 0.03	msg/s 0.0
INFO: 18-11-2022 20:15:05 log_status(200) -- Drogno_3: ready	battery: 4.0                    	kalman var: 19.859 19.859 0.04                    	batterySag: 0.5	link quality: 42	flight time: 0s                    	pos -38.88 -57.41 1.39	yaw: 0.03	msg/s 0.0
INFO: 18-11-2022 20:15:07 log_status(200) -- Drogno_3: ready	battery: 4.0                    	kalman var: 21.5 21.5 0.041                    	batterySag: 0.5	link quality: 42	flight time: 0s                    	pos -41.56 -61.44 1.52	yaw: 0.02	msg/s 0.0
INFO: 18-11-2022 20:15:08 log_status(200) -- Drogno_3: ready	battery: 4.0                    	kalman var: 23.594 23.578 0.044                    	batterySag: 0.5	link quality: 41	flight time: 0s                    	pos -44.94 -66.50 1.67	yaw: 0.02	msg/s 0.0
INFO: 18-11-2022 20:15:09 log_status(200) -- Drogno_3: ready	battery: 4.0                    	kalman var: 25.406 25.406 0.046                    	batterySag: 0.5	link quality: 41	flight time: 0s                    	pos -47.81 -70.81 1.81	yaw: 0.02	msg/s 0.0
INFO: 18-11-2022 20:15:10 log_status(200) -- Drogno_3: ready	battery: 4.0                    	kalman var: 27.719 27.719 0.049                    	batterySag: 0.5	link quality: 42	flight time: 0s                    	pos -51.41 -76.25 1.98	yaw: 0.03	msg/s 0.0
INFO: 18-11-2022 20:15:11 log_status(200) -- Drogno_3: ready	battery: 4.0                    	kalman var: 29.75 29.75 0.051                    	batterySag: 0.5	link quality: 42	flight time: 0s                    	pos -54.50 -80.94 2.13	yaw: 0.02	msg/s 0.0
INFO: 18-11-2022 20:15:12 log_status(200) -- Drogno_3: ready	battery: 4.0                    	kalman var: 32.312 32.312 0.054                    	batterySag: 0.5	link quality: 43	flight time: 0s                    	pos -58.34 -86.75 2.31	yaw: 0.02	msg/s 0.0
INFO: 18-11-2022 20:15:13 log_status(200) -- Drogno_3: ready	battery: 4.0                    	kalman var: 34.562 34.562 0.057                    	batterySag: 0.5	link quality: 42	flight time: 0s                    	pos -61.69 -91.75 2.48	yaw: 0.02	msg/s 0.0
INFO: 18-11-2022 20:15:14 log_status(200) -- Drogno_3: ready	battery: 4.0                    	kalman var: 37.375 37.375 0.061                    	batterySag: 0.5	link quality: 42	flight time: 0s                    	pos -65.81 -98.00 2.69	yaw: 0.00	msg/s 0.0
INFO: 18-11-2022 20:15:15 log_status(200) -- Drogno_3: ready	battery: 4.0                    	kalman var: 0.004 0.004 0.001                    	batterySag: 0.5	link quality: 42	flight time: 0s                    	pos -0.01 -0.02 0.00	yaw: 0.00	msg/s 0.0
INFO: 18-11-2022 20:15:16 log_status(200) -- Drogno_3: ready	battery: 4.0                    	kalman var: 0.035 0.035 0.002                    	batterySag: 0.5	link quality: 42	flight time: 0s                    	pos -0.11 -0.14 0.00	yaw: 0.01	msg/s 0.0
INFO: 18-11-2022 20:15:18 log_status(200) -- Drogno_3: ready	battery: 4.0                    	kalman var: 0.085 0.085 0.003                    	batterySag: 0.5	link quality: 42	flight time: 0s                    	pos -0.26 -0.33 0.01	yaw: 0.03	msg/s 0.0
INFO: 18-11-2022 20:15:19 log_status(200) -- Drogno_3: ready	battery: 4.0                    	kalman var: 0.178 0.178 0.004                    	batterySag: 0.5	link quality: 43	flight time: 0s                    	pos -0.52 -0.70 0.02	yaw: 0.02	msg/s 0.0
INFO: 18-11-2022 20:15:20 log_status(200) -- Drogno_3: ready	battery: 4.0                    	kalman var: 0.287 0.287 0.005                    	batterySag: 0.5	link quality: 43	flight time: 0s                    	pos -0.82 -1.11 0.03	yaw: 0.02	msg/s 0.0
INFO: 18-11-2022 20:15:21 log_status(200) -- Drogno_3: ready	battery: 4.0                    	kalman var: 0.456 0.456 0.007                    	batterySag: 0.5	link quality: 42	flight time: 0s                    	pos -1.27 -1.75 0.04	yaw: 0.02	msg/s 0.0
INFO: 18-11-2022 20:15:22 log_status(200) -- Drogno_3: ready	battery: 4.0                    	kalman var: 0.631 0.631 0.008                    	batterySag: 0.5	link quality: 42	flight time: 0s                    	pos -1.73 -2.40 0.06	yaw: 0.04	msg/s 0.0
INFO: 18-11-2022 20:15:23 log_status(200) -- Drogno_3: ready	battery: 4.0                    	kalman var: 0.885 0.885 0.009                    	batterySag: 0.5	link quality: 42	flight time: 0s                    	pos -2.38 -3.34 0.08	yaw: 0.04	msg/s 0.0
INFO: 18-11-2022 20:15:24 log_status(200) -- Drogno_3: ready	battery: 4.0                    	kalman var: 1.139 1.139 0.01                    	batterySag: 0.5	link quality: 43	flight time: 0s                    	pos -3.01 -4.26 0.11	yaw: 0.02	msg/s 0.0
INFO: 18-11-2022 20:15:25 log_status(200) -- Drogno_3: ready	battery: 4.0                    	kalman var: 1.334 1.493 0.193                    	batterySag: 0.5	link quality: 39	flight time: 0s                    	pos -3.91 -5.52 0.15	yaw: -2.46	msg/s 0.0
INFO: 18-11-2022 20:15:26 log_status(200) -- Drogno_3: ready	battery: 4.0                    	kalman var: 1.744 1.875 0.191                    	batterySag: 0.5	link quality: 37	flight time: 0s                    	pos -4.86 -6.77 0.19	yaw: -19.17	msg/s 0.0
INFO: 18-11-2022 20:15:27 log_status(200) -- Drogno_3: ready	battery: 4.0                    	kalman var: 2.256 2.145 0.381                    	batterySag: 0.5	link quality: 36	flight time: 0s                    	pos -6.33 -8.69 0.12	yaw: -22.80	msg/s 0.0
INFO: 18-11-2022 20:15:29 log_status(200) -- Drogno_3: ready	battery: 3.22                    	kalman var: 2.654 2.619 0.389                    	batterySag: 0.5	link quality: 35	flight time: 0s                    	pos -7.79 -10.80 -0.19	yaw: -22.06	msg/s 0.0
INFO: 18-11-2022 20:15:30 log_status(200) -- Drogno_3: ready	battery: 3.32                    	kalman var: 3.289 3.164 0.396                    	batterySag: 0.5	link quality: 36	flight time: 1s                    	pos -6.98 -12.27 -1.87	yaw: -17.20	msg/s 0.0
INFO: 18-11-2022 20:15:31 log_status(200) -- Drogno_3: ready	battery: 3.25                    	kalman var: 3.498 3.387 0.379                    	batterySag: 0.5	link quality: 36	flight time: 2s                    	pos -3.54 -3.54 -3.54	yaw: -19.03	msg/s 0.0
INFO: 18-11-2022 20:15:32 log_status(200) -- Drogno_3: ready	battery: 3.25                    	kalman var: 3.498 3.387 0.379                    	batterySag: 0.5	link quality: 36	flight time: 3s                    	pos 1.76 1.76 1.76	yaw: -18.67	msg/s 0.0
INFO: 18-11-2022 20:15:33 log_status(200) -- Drogno_3: ready	battery: 3.24                    	kalman var: 3.498 3.387 0.379                    	batterySag: 0.5	link quality: 36	flight time: 4s                    	pos 9.27 9.27 9.27	yaw: -18.77	msg/s 0.0
INFO: 18-11-2022 20:15:34 log_status(200) -- Drogno_3: ready	battery: 3.28                    	kalman var: 3.498 3.387 0.379                    	batterySag: 0.5	link quality: 36	flight time: 5s                    	pos 19.18 19.18 19.18	yaw: -18.95	msg/s 0.0
INFO: 18-11-2022 20:15:35 log_status(200) -- Drogno_3: ready	battery: 3.25                    	kalman var: 3.498 3.387 0.379                    	batterySag: 0.5	link quality: 36	flight time: 6s                    	pos 0.02 0.02 0.02	yaw: -1.01	msg/s 0.0
INFO: 18-11-2022 20:15:36 log_status(200) -- Drogno_3: ready	battery: 3.07                    	kalman var: 3.498 3.387 0.379                    	batterySag: 0.5	link quality: 36	flight time: 8s                    	pos -0.06 -0.06 -0.06	yaw: -0.47	msg/s 0.0
INFO: 18-11-2022 20:15:37 log_status(200) -- Drogno_3: ready	battery: 3.09                    	kalman var: 3.498 3.387 0.379                    	batterySag: 0.5	link quality: 36	flight time: 9s                    	pos -0.10 -0.10 -0.10	yaw: 0.58	msg/s 0.0
INFO: 18-11-2022 20:15:38 log_status(200) -- Drogno_3: ready	battery: 3.08                    	kalman var: 3.498 3.387 0.379                    	batterySag: 0.5	link quality: 36	flight time: 0s                    	pos -0.04 -0.04 -0.04	yaw: 0.44	msg/s 0.0
INFO: 18-11-2022 20:15:40 log_status(200) -- Drogno_3: ready	battery: 3.86                    	kalman var: 0.332 0.332 0.006                    	batterySag: 0.5	link quality: 36	flight time: 0s                    	pos -2.08 -4.09 -10.45	yaw: 0.25	msg/s 0.0
INFO: 18-11-2022 20:15:41 log_status(200) -- Drogno_3: ready	battery: 3.88                    	kalman var: 0.513 0.513 0.008                    	batterySag: 0.5	link quality: 36	flight time: 0s                    	pos -7.02 -12.03 -15.85	yaw: 0.20	msg/s 0.0
INFO: 18-11-2022 20:15:42 log_status(200) -- Drogno_3: ready	battery: 3.89                    	kalman var: 0.002 0.002 0.001                    	batterySag: 0.5	link quality: 39	flight time: 0s                    	pos -0.27 -0.38 -0.13	yaw: -4.82	msg/s 0.0
INFO: 18-11-2022 20:15:43 log_status(200) -- Drogno_3: ready	battery: 3.9                    	kalman var: 0.028 0.023 0.008                    	batterySag: 0.5	link quality: 39	flight time: 0s                    	pos -3.73 -5.17 -1.50	yaw: -16.16	msg/s 0.0
INFO: 18-11-2022 20:15:44 log_status(200) -- Drogno_3: ready	battery: 3.91                    	kalman var: 0.001 0.001 0.0                    	batterySag: 0.5	link quality: 38	flight time: 0s                    	pos -0.00 -0.01 0.00	yaw: -0.00	msg/s 0.0
INFO: 18-11-2022 20:15:45 log_status(200) -- Drogno_3: ready	battery: 3.91                    	kalman var: 0.023 0.023 0.002                    	batterySag: 0.5	link quality: 39	flight time: 0s                    	pos -0.09 -0.15 0.01	yaw: 0.00	msg/s 0.0
INFO: 18-11-2022 20:15:46 log_status(200) -- Drogno_3: ready	battery: 3.92                    	kalman var: 0.066 0.066 0.003                    	batterySag: 0.5	link quality: 39	flight time: 0s                    	pos -0.26 -0.44 0.02	yaw: -0.01	msg/s 0.0
INFO: 18-11-2022 20:15:47 log_status(200) -- Drogno_3: ready	battery: 3.92                    	kalman var: 0.149 0.149 0.004                    	batterySag: 0.5	link quality: 39	flight time: 0s                    	pos -0.57 -0.97 0.05	yaw: -0.01	msg/s 0.0
INFO: 18-11-2022 20:15:48 log_status(200) -- Drogno_3: ready	battery: 3.92                    	kalman var: 0.248 0.248 0.005                    	batterySag: 0.5	link quality: 40	flight time: 0s                    	pos -0.94 -1.59 0.08	yaw: -0.00	msg/s 0.0
INFO: 18-11-2022 20:15:49 log_status(200) -- Drogno_3: ready	battery: 3.93                    	kalman var: 0.405 0.405 0.006                    	batterySag: 0.5	link quality: 39	flight time: 0s                    	pos -1.51 -2.55 0.12	yaw: 0.00	msg/s 0.0
INFO: 18-11-2022 20:15:51 log_status(200) -- Drogno_3: ready	battery: 3.93                    	kalman var: 0.57 0.57 0.007                    	batterySag: 0.5	link quality: 41	flight time: 0s                    	pos -2.09 -3.54 0.17	yaw: -0.00	msg/s 0.0
INFO: 18-11-2022 20:15:52 log_status(200) -- Drogno_3: ready	battery: 3.93                    	kalman var: 0.811 0.811 0.009                    	batterySag: 0.5	link quality: 40	flight time: 0s                    	pos -2.92 -4.93 0.23	yaw: -0.01	msg/s 0.0
INFO: 18-11-2022 20:15:53 log_status(200) -- Drogno_3: ready	battery: 3.93                    	kalman var: 1.052 1.052 0.01                    	batterySag: 0.5	link quality: 39	flight time: 0s                    	pos -3.72 -6.30 0.30	yaw: -0.01	msg/s 0.0
INFO: 18-11-2022 20:15:54 log_status(200) -- Drogno_3: ready	battery: 3.93                    	kalman var: 1.393 1.393 0.011                    	batterySag: 0.5	link quality: 39	flight time: 0s                    	pos -4.83 -8.17 0.38	yaw: -0.00	msg/s 0.0
INFO: 18-11-2022 20:15:55 log_status(200) -- Drogno_3: ready	battery: 3.94                    	kalman var: 1.719 1.719 0.012                    	batterySag: 0.5	link quality: 39	flight time: 0s                    	pos -5.87 -9.94 0.46	yaw: -0.01	msg/s 0.0
INFO: 18-11-2022 20:15:56 log_status(200) -- Drogno_3: ready	battery: 3.94                    	kalman var: 2.168 2.168 0.013                    	batterySag: 0.5	link quality: 39	flight time: 0s                    	pos -7.27 -12.29 0.56	yaw: -0.01	msg/s 0.0
INFO: 18-11-2022 20:15:57 log_status(200) -- Drogno_3: ready	battery: 3.94                    	kalman var: 2.586 2.586 0.015                    	batterySag: 0.5	link quality: 39	flight time: 0s                    	pos -8.54 -14.44 0.65	yaw: 0.00	msg/s 0.0
INFO: 18-11-2022 20:15:58 log_status(200) -- Drogno_3: ready	battery: 3.94                    	kalman var: 3.154 3.154 0.016                    	batterySag: 0.5	link quality: 39	flight time: 0s                    	pos -10.22 -17.28 0.77	yaw: -0.00	msg/s 0.0
INFO: 18-11-2022 20:15:59 log_status(200) -- Drogno_3: ready	battery: 3.94                    	kalman var: 3.682 3.682 0.017                    	batterySag: 0.5	link quality: 39	flight time: 0s                    	pos -11.75 -19.86 0.88	yaw: -0.00	msg/s 0.0
INFO: 18-11-2022 20:16:00 log_status(200) -- Drogno_3: ready	battery: 3.94                    	kalman var: 4.383 4.383 0.018                    	batterySag: 0.5	link quality: 39	flight time: 0s                    	pos -13.73 -23.20 1.01	yaw: -0.01	msg/s 0.0
INFO: 18-11-2022 20:16:02 log_status(200) -- Drogno_3: ready	battery: 3.94                    	kalman var: 5.031 5.031 0.02                    	batterySag: 0.5	link quality: 40	flight time: 0s                    	pos -15.52 -26.22 1.13	yaw: -0.02	msg/s 0.0
INFO: 18-11-2022 20:16:03 log_status(200) -- Drogno_3: ready	battery: 3.94                    	kalman var: 5.867 5.867 0.021                    	batterySag: 0.5	link quality: 39	flight time: 0s                    	pos -17.80 -30.03 1.28	yaw: -0.03	msg/s 0.0
INFO: 18-11-2022 20:16:04 log_status(200) -- Drogno_3: ready	battery: 3.94                    	kalman var: 6.637 6.637 0.022                    	batterySag: 0.5	link quality: 39	flight time: 0s                    	pos -19.83 -33.47 1.41	yaw: -0.03	msg/s 0.0
INFO: 18-11-2022 20:16:05 log_status(200) -- Drogno_3: ready	battery: 3.94                    	kalman var: 7.641 7.637 0.024                    	batterySag: 0.5	link quality: 39	flight time: 0s                    	pos -22.42 -37.84 1.58	yaw: -0.03	msg/s 0.0
INFO: 18-11-2022 20:16:06 log_status(200) -- Drogno_3: ready	battery: 3.94                    	kalman var: 8.539 8.539 0.025                    	batterySag: 0.5	link quality: 39	flight time: 0s                    	pos -24.73 -41.69 1.72	yaw: -0.03	msg/s 0.0
INFO: 18-11-2022 20:16:07 log_status(200) -- Drogno_3: ready	battery: 3.94                    	kalman var: 9.711 9.711 0.027                    	batterySag: 0.5	link quality: 39	flight time: 0s                    	pos -27.64 -46.59 1.91	yaw: -0.02	msg/s 0.0
INFO: 18-11-2022 20:16:08 log_status(200) -- Drogno_3: ready	battery: 3.94                    	kalman var: 10.758 10.758 0.029                    	batterySag: 0.5	link quality: 39	flight time: 0s                    	pos -30.20 -50.88 2.07	yaw: -0.02	msg/s 0.0
INFO: 18-11-2022 20:16:09 log_status(200) -- Drogno_3: ready	battery: 3.94                    	kalman var: 12.094 12.094 0.03                    	batterySag: 0.5	link quality: 39	flight time: 0s                    	pos -33.41 -56.25 2.28	yaw: -0.03	msg/s 0.0
INFO: 18-11-2022 20:16:10 log_status(200) -- Drogno_3: ready	battery: 3.94                    	kalman var: 13.297 13.297 0.032                    	batterySag: 0.5	link quality: 41	flight time: 0s                    	pos -36.25 -60.97 2.46	yaw: -0.02	msg/s 0.0
INFO: 18-11-2022 20:16:11 log_status(200) -- Drogno_3: ready	battery: 3.94                    	kalman var: 14.836 14.836 0.034                    	batterySag: 0.5	link quality: 40	flight time: 0s                    	pos -39.81 -66.94 2.68	yaw: -0.02	msg/s 0.0
INFO: 18-11-2022 20:16:13 log_status(200) -- Drogno_3: ready	battery: 3.95                    	kalman var: 16.203 16.203 0.035                    	batterySag: 0.5	link quality: 40	flight time: 0s                    	pos -42.91 -72.12 2.88	yaw: -0.02	msg/s 0.0
INFO: 18-11-2022 20:16:14 log_status(200) -- Drogno_3: ready	battery: 3.94                    	kalman var: 17.938 17.938 0.037                    	batterySag: 0.5	link quality: 40	flight time: 0s                    	pos -46.75 -78.50 3.13	yaw: -0.02	msg/s 0.0
INFO: 18-11-2022 20:16:15 log_status(200) -- Drogno_3: ready	battery: 3.94                    	kalman var: 19.484 19.469 0.039                    	batterySag: 0.5	link quality: 40	flight time: 0s                    	pos -50.12 -84.12 3.35	yaw: -0.00	msg/s 0.0
INFO: 18-11-2022 20:16:16 log_status(200) -- Drogno_3: ready	battery: 3.95                    	kalman var: 21.438 21.438 0.041                    	batterySag: 0.5	link quality: 39	flight time: 0s                    	pos -54.31 -91.12 3.63	yaw: -0.00	msg/s 0.0
INFO: 18-11-2022 20:16:17 log_status(200) -- Drogno_3: ready	battery: 3.95                    	kalman var: 23.172 23.156 0.043                    	batterySag: 0.5	link quality: 39	flight time: 0s                    	pos -57.94 -97.19 3.87	yaw: -0.01	msg/s 0.0
INFO: 18-11-2022 20:16:18 log_status(200) -- Drogno_3: ready	battery: 3.94                    	kalman var: 0.006 0.006 0.001                    	batterySag: 0.5	link quality: 39	flight time: 0s                    	pos -0.02 -0.04 0.00	yaw: -0.00	msg/s 0.0
INFO: 18-11-2022 20:16:19 log_status(200) -- Drogno_3: ready	battery: 3.94                    	kalman var: 0.031 0.031 0.002                    	batterySag: 0.5	link quality: 40	flight time: 0s                    	pos -0.13 -0.21 0.01	yaw: -0.00	msg/s 0.0
INFO: 18-11-2022 20:16:20 log_status(200) -- Drogno_3: ready	battery: 3.94                    	kalman var: 0.092 0.092 0.003                    	batterySag: 0.5	link quality: 40	flight time: 0s                    	pos -0.38 -0.60 0.02	yaw: 0.00	msg/s 0.0
INFO: 18-11-2022 20:16:21 log_status(200) -- Drogno_3: ready	battery: 3.94                    	kalman var: 0.171 0.171 0.004                    	batterySag: 0.5	link quality: 40	flight time: 0s                    	pos -0.69 -1.10 0.04	yaw: 0.01	msg/s 0.0
INFO: 18-11-2022 20:16:22 log_status(200) -- Drogno_3: ready	battery: 3.95                    	kalman var: 0.301 0.301 0.006                    	batterySag: 0.5	link quality: 39	flight time: 0s                    	pos -1.19 -1.91 0.07	yaw: 0.00	msg/s 0.0
INFO: 18-11-2022 20:16:24 log_status(200) -- Drogno_3: ready	battery: 3.95                    	kalman var: 0.443 0.443 0.007                    	batterySag: 0.5	link quality: 39	flight time: 0s                    	pos -1.71 -2.76 0.10	yaw: -0.00	msg/s 0.0
INFO: 18-11-2022 20:16:25 log_status(200) -- Drogno_3: ready	battery: 3.95                    	kalman var: 0.654 0.654 0.008                    	batterySag: 0.5	link quality: 39	flight time: 0s                    	pos -2.46 -4.01 0.14	yaw: -0.01	msg/s 0.0
INFO: 18-11-2022 20:16:26 log_status(200) -- Drogno_3: ready	battery: 3.95                    	kalman var: 0.868 0.868 0.009                    	batterySag: 0.5	link quality: 40	flight time: 0s                    	pos -3.20 -5.24 0.18	yaw: -0.01	msg/s 0.0
INFO: 18-11-2022 20:16:27 log_status(200) -- Drogno_3: ready	battery: 3.95                    	kalman var: 1.17 1.17 0.01                    	batterySag: 0.5	link quality: 40	flight time: 0s                    	pos -4.22 -6.94 0.24	yaw: -0.01	msg/s 0.0
INFO: 18-11-2022 20:16:28 log_status(200) -- Drogno_3: ready	battery: 3.95                    	kalman var: 1.466 1.466 0.011                    	batterySag: 0.5	link quality: 39	flight time: 0s                    	pos -5.19 -8.56 0.29	yaw: -0.01	msg/s 0.0
INFO: 18-11-2022 20:16:29 log_status(200) -- Drogno_3: ready	battery: 3.95                    	kalman var: 1.876 1.875 0.013                    	batterySag: 0.5	link quality: 40	flight time: 0s                    	pos -6.49 -10.76 0.36	yaw: -0.01	msg/s 0.0
INFO: 18-11-2022 20:16:30 log_status(200) -- Drogno_3: ready	battery: 3.95                    	kalman var: 2.264 2.264 0.014                    	batterySag: 0.5	link quality: 40	flight time: 0s                    	pos -7.70 -12.79 0.42	yaw: 0.01	msg/s 0.0
INFO: 18-11-2022 20:16:31 log_status(200) -- Drogno_3: ready	battery: 3.94                    	kalman var: 2.789 2.789 0.015                    	batterySag: 0.5	link quality: 39	flight time: 0s                    	pos -9.30 -15.48 0.49	yaw: 0.01	msg/s 0.0
INFO: 18-11-2022 20:16:32 log_status(200) -- Drogno_3: ready	battery: 3.94                    	kalman var: 3.279 3.279 0.016                    	batterySag: 0.5	link quality: 39	flight time: 0s                    	pos -10.77 -17.92 0.56	yaw: 0.00	msg/s 0.0
INFO: 18-11-2022 20:16:33 log_status(200) -- Drogno_3: ready	battery: 3.95                    	kalman var: 3.93 3.93 0.018                    	batterySag: 0.5	link quality: 40	flight time: 0s                    	pos -12.66 -21.09 0.65	yaw: 0.00	msg/s 0.0
INFO: 18-11-2022 20:16:35 log_status(200) -- Drogno_3: ready	battery: 3.95                    	kalman var: 4.531 4.531 0.019                    	batterySag: 0.5	link quality: 40	flight time: 0s                    	pos -14.36 -23.97 0.73	yaw: -0.00	msg/s 0.0
INFO: 18-11-2022 20:16:36 log_status(200) -- Drogno_3: ready	battery: 3.95                    	kalman var: 5.324 5.324 0.02                    	batterySag: 0.5	link quality: 40	flight time: 0s                    	pos -16.56 -27.66 0.83	yaw: 0.00	msg/s 0.0
INFO: 18-11-2022 20:16:37 log_status(200) -- Drogno_3: ready	battery: 3.95                    	kalman var: 6.051 6.051 0.021                    	batterySag: 0.5	link quality: 42	flight time: 0s                    	pos -18.52 -30.97 0.92	yaw: -0.00	msg/s 0.0
INFO: 18-11-2022 20:16:38 log_status(200) -- Drogno_3: ready	battery: 3.95                    	kalman var: 6.988 6.988 0.023                    	batterySag: 0.5	link quality: 42	flight time: 0s                    	pos -21.02 -35.16 1.04	yaw: 0.01	msg/s 0.0
INFO: 18-11-2022 20:16:39 log_status(200) -- Drogno_3: ready	battery: 3.95                    	kalman var: 7.848 7.844 0.024                    	batterySag: 0.5	link quality: 40	flight time: 0s                    	pos -23.25 -38.91 1.15	yaw: 0.00	msg/s 0.0
INFO: 18-11-2022 20:16:40 log_status(200) -- Drogno_3: ready	battery: 3.95                    	kalman var: 8.953 8.953 0.026                    	batterySag: 0.5	link quality: 40	flight time: 0s                    	pos -26.08 -43.66 1.28	yaw: 0.01	msg/s 0.0
INFO: 18-11-2022 20:16:41 log_status(200) -- Drogno_3: ready	battery: 3.95                    	kalman var: 9.953 9.953 0.028                    	batterySag: 0.5	link quality: 40	flight time: 0s                    	pos -28.56 -47.84 1.40	yaw: 0.01	msg/s 0.0
INFO: 18-11-2022 20:16:42 log_status(200) -- Drogno_3: ready	battery: 3.94                    	kalman var: 11.234 11.234 0.029                    	batterySag: 0.5	link quality: 40	flight time: 0s                    	pos -31.73 -53.12 1.56	yaw: 0.00	msg/s 0.0
INFO: 18-11-2022 20:16:43 log_status(200) -- Drogno_3: ready	battery: 3.94                    	kalman var: 12.383 12.383 0.031                    	batterySag: 0.5	link quality: 40	flight time: 0s                    	pos -34.50 -57.75 1.69	yaw: 0.00	msg/s 0.0
INFO: 18-11-2022 20:16:44 log_status(200) -- Drogno_3: ready	battery: 3.95                    	kalman var: 13.844 13.844 0.033                    	batterySag: 0.5	link quality: 40	flight time: 0s                    	pos -37.97 -63.53 1.86	yaw: 0.01	msg/s 0.0
INFO: 18-11-2022 20:16:46 log_status(200) -- Drogno_3: ready	battery: 3.95                    	kalman var: 15.156 15.148 0.035                    	batterySag: 0.5	link quality: 40	flight time: 0s                    	pos -41.03 -68.62 2.00	yaw: 0.00	msg/s 0.0
INFO: 18-11-2022 20:16:47 log_status(200) -- Drogno_3: ready	battery: 3.95                    	kalman var: 16.828 16.828 0.037                    	batterySag: 0.5	link quality: 40	flight time: 0s                    	pos -44.88 -75.00 2.19	yaw: 0.02	msg/s 0.0
INFO: 18-11-2022 20:16:48 log_status(200) -- Drogno_3: ready	battery: 3.95                    	kalman var: 18.297 18.297 0.039                    	batterySag: 0.5	link quality: 40	flight time: 0s                    	pos -48.22 -80.50 2.35	yaw: 0.02	msg/s 0.0
WARNING: 18-11-2022 20:16:48 exit(703) -- closing Drogno_3
