INFO: 26-10-2022 18:09:57 __init__(111) -- This is drone log from Drogno_1
INFO: 26-10-2022 18:09:57 log_status(393) -- Logger started
INFO: 26-10-2022 18:10:00 log_status(397) -- Drogno_1: BAD kalman	battery: 4.09                    	kalman var: 1.714 1.714 0.263                    	batterySag: 0.5	link quality: 56	flight time: 0s                    	pos 0.01 -0.12 -4.01	yaw: -0.02	msg/s 0.0
INFO: 26-10-2022 18:10:01 log_status(397) -- Drogno_1: out of BOX	battery: 4.09                    	kalman var: 3.012 3.012 0.068                    	batterySag: 0.5	link quality: 54	flight time: 0s                    	pos 0.08 0.00 9.20	yaw: 91.56	msg/s 0.0
INFO: 26-10-2022 18:10:02 log_status(397) -- Drogno_1: out of BOX	battery: 4.09                    	kalman var: 4.688 4.691 0.069                    	batterySag: 0.5	link quality: 58	flight time: 0s                    	pos 0.46 -0.82 10.92	yaw: 91.38	msg/s 0.0
INFO: 26-10-2022 18:10:03 log_status(397) -- Drogno_1: ready	battery: 4.09                    	kalman var: 0.001 0.001 0.001                    	batterySag: 0.5	link quality: 55	flight time: 0s                    	pos 0.06 0.26 1.34	yaw: 88.38	msg/s 0.0
INFO: 26-10-2022 18:10:04 log_status(397) -- Drogno_1: out of BOX	battery: 4.09                    	kalman var: 0.001 0.003 0.002                    	batterySag: 0.5	link quality: 53	flight time: 0s                    	pos 2.66 1.59 3.11	yaw: 84.56	msg/s 0.0
INFO: 26-10-2022 18:10:05 log_status(397) -- Drogno_1: out of BOX	battery: 4.09                    	kalman var: 0.006 0.007 0.003                    	batterySag: 0.5	link quality: 47	flight time: 0s                    	pos 5.50 2.40 4.21	yaw: 69.56	msg/s 0.0
INFO: 26-10-2022 18:10:06 log_status(397) -- Drogno_1: ready	battery: 4.09                    	kalman var: 0.001 0.001 0.001                    	batterySag: 0.5	link quality: 50	flight time: 0s                    	pos -0.61 1.45 0.58	yaw: 132.38	msg/s 0.0
INFO: 26-10-2022 18:10:07 log_status(397) -- Drogno_1: ready	battery: 4.09                    	kalman var: 0.004 0.002 0.002                    	batterySag: 0.5	link quality: 50	flight time: 0s                    	pos -0.13 1.41 -0.61	yaw: 128.75	msg/s 0.0
INFO: 26-10-2022 18:10:08 log_status(397) -- Drogno_1: ready	battery: 4.09                    	kalman var: 0.001 0.0 0.001                    	batterySag: 0.5	link quality: 48	flight time: 0s                    	pos 0.03 1.71 1.13	yaw: 148.00	msg/s 0.0
INFO: 26-10-2022 18:10:10 log_status(397) -- Drogno_1: ready	battery: 4.09                    	kalman var: 0.0 0.0 0.0                    	batterySag: 0.5	link quality: 46	flight time: 0s                    	pos 1.73 1.47 2.70	yaw: 159.00	msg/s 0.0
INFO: 26-10-2022 18:10:11 log_status(397) -- Drogno_1: ready	battery: 4.09                    	kalman var: 0.0 0.0 0.0                    	batterySag: 0.5	link quality: 46	flight time: 0s                    	pos 1.79 1.47 2.77	yaw: 156.25	msg/s 0.0
INFO: 26-10-2022 18:10:12 log_status(397) -- Drogno_1: ready	battery: 4.09                    	kalman var: 0.001 0.0 0.001                    	batterySag: 0.5	link quality: 45	flight time: 0s                    	pos 0.93 1.59 2.02	yaw: 154.12	msg/s 0.0
INFO: 26-10-2022 18:10:13 log_status(397) -- Drogno_1: ready	battery: 4.09                    	kalman var: 0.0 0.0 0.0                    	batterySag: 0.5	link quality: 46	flight time: 0s                    	pos 1.49 1.51 2.49	yaw: 157.00	msg/s 0.0
INFO: 26-10-2022 18:10:14 log_status(397) -- Drogno_1: ready	battery: 4.09                    	kalman var: 0.0 0.0 0.0                    	batterySag: 0.5	link quality: 46	flight time: 0s                    	pos 1.54 1.50 2.54	yaw: 156.25	msg/s 0.0
INFO: 26-10-2022 18:10:15 log_status(397) -- Drogno_1: ready	battery: 4.09                    	kalman var: 0.0 0.0 0.0                    	batterySag: 0.5	link quality: 44	flight time: 0s                    	pos 1.56 1.50 2.56	yaw: 159.38	msg/s 0.0
INFO: 26-10-2022 18:10:16 log_status(397) -- Drogno_1: out of BOX	battery: 3.53                    	kalman var: 0.0 0.0 0.0                    	batterySag: 0.5	link quality: 40	flight time: 0s                    	pos 1.88 1.46 2.83	yaw: 175.00	msg/s 0.0
INFO: 26-10-2022 18:10:17 log_status(397) -- Drogno_1: ready	battery: 3.39                    	kalman var: 0.0 0.0 0.0                    	batterySag: 0.5	link quality: 40	flight time: 0s                    	pos 1.55 1.53 2.60	yaw: -174.88	msg/s 0.0
WARNING: 26-10-2022 18:10:17 evaluateBattery(607) -- battery under 3.45v
INFO: 26-10-2022 18:10:18 log_status(397) -- Drogno_1: ready	battery: 3.45                    	kalman var: 0.0 0.0 0.0                    	batterySag: 0.5	link quality: 39	flight time: 0s                    	pos 1.47 1.56 2.62	yaw: -165.38	msg/s 0.0
INFO: 26-10-2022 18:10:19 log_status(397) -- Drogno_1: ready	battery: 3.53                    	kalman var: 0.0 0.0 0.0                    	batterySag: 0.5	link quality: 39	flight time: 0s                    	pos 1.34 1.57 2.66	yaw: -154.12	msg/s 0.0
INFO: 26-10-2022 18:10:21 log_status(397) -- Drogno_1: out of BOX	battery: 3.44                    	kalman var: 0.002 0.002 0.001                    	batterySag: 0.5	link quality: 39	flight time: 0s                    	pos 2.80 1.22 1.78	yaw: -161.25	msg/s 0.0
WARNING: 26-10-2022 18:10:21 evaluateBattery(607) -- battery under 3.45v
INFO: 26-10-2022 18:10:21 check_out_of_boxiness(631) -- Landing due trespassing!
INFO: 26-10-2022 18:10:21 check_out_of_boxiness(631) -- Landing due trespassing!
INFO: 26-10-2022 18:10:21 check_out_of_boxiness(631) -- Landing due trespassing!
WARNING: 26-10-2022 18:10:21 evaluateBattery(607) -- battery under 3.45v
INFO: 26-10-2022 18:10:21 check_out_of_boxiness(631) -- Landing due trespassing!
INFO: 26-10-2022 18:10:22 log_status(397) -- Drogno_1: out of BOX	battery: 3.47                    	kalman var: 0.008 0.007 0.002                    	batterySag: 0.5	link quality: 39	flight time: 0s                    	pos 4.95 1.17 0.24	yaw: -162.50	msg/s 0.0
INFO: 26-10-2022 18:10:22 check_out_of_boxiness(631) -- Landing due trespassing!
WARNING: 26-10-2022 18:10:22 evaluateBattery(607) -- battery under 3.45v
INFO: 26-10-2022 18:10:22 check_out_of_boxiness(631) -- Landing due trespassing!
INFO: 26-10-2022 18:10:22 check_out_of_boxiness(631) -- Landing due trespassing!
INFO: 26-10-2022 18:10:22 check_out_of_boxiness(631) -- Landing due trespassing!
WARNING: 26-10-2022 18:10:22 evaluateBattery(607) -- battery under 3.45v
ERROR: 26-10-2022 18:10:22 evaluateBattery(617) -- battery under 3.2V ! I AM GOING DOWN
INFO: 26-10-2022 18:10:23 log_status(397) -- Drogno_1: out of BOX	battery: 3.04                    	kalman var: 0.024 0.021 0.004                    	batterySag: 0.5	link quality: 39	flight time: 0s                    	pos 8.06 1.86 -2.24	yaw: -160.75	msg/s 0.0
WARNING: 26-10-2022 18:10:23 evaluateBattery(607) -- battery under 3.45v
ERROR: 26-10-2022 18:10:23 evaluateBattery(617) -- battery under 3.2V ! I AM GOING DOWN
WARNING: 26-10-2022 18:10:23 evaluateBattery(607) -- battery under 3.45v
INFO: 26-10-2022 18:10:24 log_status(397) -- Drogno_1: out of BOX	battery: 3.95                    	kalman var: 0.041 0.043 0.007                    	batterySag: 0.5	link quality: 43	flight time: 0s                    	pos 9.64 3.84 -4.71	yaw: -142.75	msg/s 0.0
WARNING: 26-10-2022 18:10:25 exit(678) -- closing Drogno_1
