INFO: 18-11-2022 19:48:32 __init__(113) -- This is drone log from Drogno_3
INFO: 18-11-2022 19:48:35 log_status(192) -- Logger started
INFO: 18-11-2022 19:48:37 log_status(196) -- Drogno_3: ready	battery: 4.2                    	kalman var: 0.01 0.01 0.001                    	batterySag: 0.5	link quality: 44	flight time: 0s                    	pos 0.03 0.01 0.00	yaw: 0.00	msg/s 0.9
INFO: 18-11-2022 19:48:38 log_status(196) -- Drogno_3: BAD kalman	battery: 4.2                    	kalman var: 0.041 0.041 0.002                    	batterySag: 0.5	link quality: 44	flight time: 0s                    	pos 0.14 0.03 0.00	yaw: 0.01	msg/s 0.0
INFO: 18-11-2022 19:48:39 log_status(196) -- Drogno_3: BAD kalman	battery: 4.2                    	kalman var: 0.109 0.109 0.003                    	batterySag: 0.5	link quality: 44	flight time: 0s                    	pos 0.35 0.07 0.00	yaw: 0.01	msg/s 0.0
INFO: 18-11-2022 19:48:40 log_status(196) -- Drogno_3: BAD kalman	battery: 4.2                    	kalman var: 0.214 0.214 0.005                    	batterySag: 0.5	link quality: 44	flight time: 0s                    	pos 0.67 0.14 0.00	yaw: 0.02	msg/s 0.0
INFO: 18-11-2022 19:48:41 log_status(196) -- Drogno_3: BAD kalman	battery: 4.2                    	kalman var: 0.332 0.332 0.006                    	batterySag: 0.5	link quality: 44	flight time: 0s                    	pos 1.03 0.21 0.01	yaw: 0.01	msg/s 0.0
INFO: 18-11-2022 19:48:42 log_status(196) -- Drogno_3: BAD kalman	battery: 4.2                    	kalman var: 0.515 0.515 0.007                    	batterySag: 0.5	link quality: 44	flight time: 0s                    	pos 1.57 0.33 0.02	yaw: 0.01	msg/s 0.0
INFO: 18-11-2022 19:48:43 log_status(196) -- Drogno_3: BAD kalman	battery: 4.2                    	kalman var: 0.702 0.702 0.008                    	batterySag: 0.5	link quality: 44	flight time: 0s                    	pos 2.12 0.45 0.03	yaw: 0.01	msg/s 0.0
INFO: 18-11-2022 19:48:44 log_status(196) -- Drogno_3: out of BOX	battery: 4.19                    	kalman var: 0.973 0.973 0.009                    	batterySag: 0.5	link quality: 46	flight time: 0s                    	pos 2.88 0.62 0.04	yaw: 0.01	msg/s 0.0
INFO: 18-11-2022 19:48:45 log_status(196) -- Drogno_3: out of BOX	battery: 4.19                    	kalman var: 1.24 1.24 0.01                    	batterySag: 0.5	link quality: 46	flight time: 0s                    	pos 3.62 0.77 0.05	yaw: 0.02	msg/s 0.0
INFO: 18-11-2022 19:48:46 log_status(196) -- Drogno_3: out of BOX	battery: 4.2                    	kalman var: 1.611 1.611 0.012                    	batterySag: 0.5	link quality: 44	flight time: 0s                    	pos 4.63 0.98 0.07	yaw: 0.02	msg/s 0.0
INFO: 18-11-2022 19:48:48 log_status(196) -- Drogno_3: out of BOX	battery: 4.2                    	kalman var: 1.963 1.963 0.013                    	batterySag: 0.5	link quality: 44	flight time: 0s                    	pos 5.57 1.17 0.10	yaw: 0.02	msg/s 0.0
INFO: 18-11-2022 19:48:49 log_status(196) -- Drogno_3: out of BOX	battery: 4.2                    	kalman var: 2.447 2.447 0.014                    	batterySag: 0.5	link quality: 44	flight time: 0s                    	pos 6.84 1.43 0.12	yaw: 0.02	msg/s 0.0
INFO: 18-11-2022 19:48:50 log_status(196) -- Drogno_3: out of BOX	battery: 4.2                    	kalman var: 2.9 2.9 0.015                    	batterySag: 0.5	link quality: 47	flight time: 0s                    	pos 8.01 1.66 0.15	yaw: 0.03	msg/s 0.0
INFO: 18-11-2022 19:48:51 log_status(196) -- Drogno_3: out of BOX	battery: 4.2                    	kalman var: 3.508 3.508 0.016                    	batterySag: 0.5	link quality: 46	flight time: 0s                    	pos 9.54 1.97 0.18	yaw: 0.03	msg/s 0.0
INFO: 18-11-2022 19:48:52 log_status(196) -- Drogno_3: out of BOX	battery: 4.2                    	kalman var: 4.07 4.07 0.017                    	batterySag: 0.5	link quality: 46	flight time: 0s                    	pos 10.93 2.24 0.21	yaw: 0.03	msg/s 0.0
INFO: 18-11-2022 19:48:53 log_status(196) -- Drogno_3: out of BOX	battery: 4.19                    	kalman var: 4.812 4.812 0.019                    	batterySag: 0.5	link quality: 44	flight time: 0s                    	pos 12.75 2.60 0.25	yaw: 0.03	msg/s 0.0
INFO: 18-11-2022 19:48:54 log_status(196) -- Drogno_3: out of BOX	battery: 4.19                    	kalman var: 5.488 5.488 0.02                    	batterySag: 0.5	link quality: 44	flight time: 0s                    	pos 14.38 2.93 0.28	yaw: 0.04	msg/s 0.0
INFO: 18-11-2022 19:48:55 log_status(196) -- Drogno_3: out of BOX	battery: 4.19                    	kalman var: 6.379 6.379 0.021                    	batterySag: 0.5	link quality: 44	flight time: 0s                    	pos 16.47 3.35 0.32	yaw: 0.05	msg/s 0.0
INFO: 18-11-2022 19:48:56 log_status(196) -- Drogno_3: out of BOX	battery: 4.18                    	kalman var: 7.184 7.184 0.022                    	batterySag: 0.5	link quality: 42	flight time: 0s                    	pos 18.33 3.72 0.36	yaw: 0.04	msg/s 0.0
INFO: 18-11-2022 19:48:57 log_status(196) -- Drogno_3: out of BOX	battery: 4.2                    	kalman var: 8.234 8.234 0.024                    	batterySag: 0.5	link quality: 42	flight time: 0s                    	pos 20.69 4.21 0.40	yaw: 0.05	msg/s 0.0
INFO: 18-11-2022 19:48:59 log_status(196) -- Drogno_3: out of BOX	battery: 4.2                    	kalman var: 9.18 9.18 0.025                    	batterySag: 0.5	link quality: 43	flight time: 0s                    	pos 22.78 4.65 0.44	yaw: 0.04	msg/s 0.0
INFO: 18-11-2022 19:49:00 log_status(196) -- Drogno_3: out of BOX	battery: 4.2                    	kalman var: 10.398 10.398 0.026                    	batterySag: 0.5	link quality: 43	flight time: 0s                    	pos 25.42 5.20 0.49	yaw: 0.02	msg/s 0.0
INFO: 18-11-2022 19:49:01 log_status(196) -- Drogno_3: out of BOX	battery: 4.2                    	kalman var: 11.484 11.484 0.027                    	batterySag: 0.5	link quality: 43	flight time: 0s                    	pos 27.70 5.68 0.54	yaw: 0.02	msg/s 0.0
INFO: 18-11-2022 19:49:02 log_status(196) -- Drogno_3: out of BOX	battery: 4.19                    	kalman var: 12.891 12.891 0.029                    	batterySag: 0.5	link quality: 43	flight time: 0s                    	pos 30.61 6.29 0.60	yaw: 0.01	msg/s 0.0
INFO: 18-11-2022 19:49:03 log_status(196) -- Drogno_3: out of BOX	battery: 4.2                    	kalman var: 14.141 14.141 0.03                    	batterySag: 0.5	link quality: 43	flight time: 0s                    	pos 33.16 6.82 0.65	yaw: 0.01	msg/s 0.0
INFO: 18-11-2022 19:49:04 log_status(196) -- Drogno_3: out of BOX	battery: 4.19                    	kalman var: 15.734 15.734 0.031                    	batterySag: 0.5	link quality: 43	flight time: 0s                    	pos 36.34 7.48 0.72	yaw: 0.02	msg/s 0.0
INFO: 18-11-2022 19:49:05 log_status(196) -- Drogno_3: out of BOX	battery: 4.19                    	kalman var: 17.156 17.156 0.032                    	batterySag: 0.5	link quality: 43	flight time: 0s                    	pos 39.09 8.07 0.77	yaw: 0.03	msg/s 0.0
INFO: 18-11-2022 19:49:06 log_status(196) -- Drogno_3: out of BOX	battery: 4.18                    	kalman var: 18.938 18.938 0.034                    	batterySag: 0.5	link quality: 43	flight time: 0s                    	pos 42.50 8.79 0.84	yaw: 0.04	msg/s 0.0
INFO: 18-11-2022 19:49:07 log_status(196) -- Drogno_3: out of BOX	battery: 4.19                    	kalman var: 20.531 20.531 0.035                    	batterySag: 0.5	link quality: 44	flight time: 0s                    	pos 45.47 9.41 0.91	yaw: 0.04	msg/s 0.0
INFO: 18-11-2022 19:49:08 log_status(196) -- Drogno_3: out of BOX	battery: 4.2                    	kalman var: 22.562 22.562 0.036                    	batterySag: 0.5	link quality: 43	flight time: 0s                    	pos 49.19 10.20 0.99	yaw: 0.04	msg/s 0.0
INFO: 18-11-2022 19:49:10 log_status(196) -- Drogno_3: out of BOX	battery: 4.2                    	kalman var: 24.344 24.344 0.037                    	batterySag: 0.5	link quality: 43	flight time: 0s                    	pos 52.38 10.88 1.06	yaw: 0.04	msg/s 0.0
INFO: 18-11-2022 19:49:11 log_status(196) -- Drogno_3: out of BOX	battery: 4.19                    	kalman var: 26.594 26.594 0.039                    	batterySag: 0.5	link quality: 44	flight time: 0s                    	pos 56.34 11.73 1.14	yaw: 0.04	msg/s 0.0
INFO: 18-11-2022 19:49:12 log_status(196) -- Drogno_3: out of BOX	battery: 4.19                    	kalman var: 28.562 28.562 0.04                    	batterySag: 0.5	link quality: 44	flight time: 0s                    	pos 59.75 12.46 1.21	yaw: 0.04	msg/s 0.0
INFO: 18-11-2022 19:49:13 log_status(196) -- Drogno_3: out of BOX	battery: 4.19                    	kalman var: 31.062 31.062 0.041                    	batterySag: 0.5	link quality: 44	flight time: 0s                    	pos 63.94 13.37 1.30	yaw: 0.02	msg/s 0.0
INFO: 18-11-2022 19:49:14 log_status(196) -- Drogno_3: out of BOX	battery: 4.2                    	kalman var: 33.25 33.25 0.043                    	batterySag: 0.5	link quality: 44	flight time: 0s                    	pos 67.56 14.15 1.38	yaw: 0.03	msg/s 0.0
INFO: 18-11-2022 19:49:15 log_status(196) -- Drogno_3: out of BOX	battery: 4.19                    	kalman var: 35.969 35.969 0.044                    	batterySag: 0.5	link quality: 43	flight time: 0s                    	pos 72.00 15.11 1.47	yaw: 0.03	msg/s 0.0
INFO: 18-11-2022 19:49:16 log_status(196) -- Drogno_3: out of BOX	battery: 4.19                    	kalman var: 38.375 38.375 0.045                    	batterySag: 0.5	link quality: 43	flight time: 0s                    	pos 75.81 15.95 1.55	yaw: 0.04	msg/s 0.0
INFO: 18-11-2022 19:49:17 log_status(196) -- Drogno_3: out of BOX	battery: 4.19                    	kalman var: 41.375 41.375 0.047                    	batterySag: 0.5	link quality: 44	flight time: 0s                    	pos 80.56 16.98 1.66	yaw: 0.04	msg/s 0.0
INFO: 18-11-2022 19:49:18 log_status(196) -- Drogno_3: out of BOX	battery: 4.18                    	kalman var: 44.0 44.0 0.049                    	batterySag: 0.5	link quality: 44	flight time: 0s                    	pos 84.56 17.88 1.74	yaw: 0.04	msg/s 0.0
INFO: 18-11-2022 19:49:19 log_status(196) -- Drogno_3: out of BOX	battery: 4.2                    	kalman var: 47.281 47.281 0.05                    	batterySag: 0.5	link quality: 44	flight time: 0s                    	pos 89.56 18.98 1.86	yaw: 0.03	msg/s 0.0
INFO: 18-11-2022 19:49:21 log_status(196) -- Drogno_3: out of BOX	battery: 4.2                    	kalman var: 50.156 50.156 0.051                    	batterySag: 0.5	link quality: 43	flight time: 0s                    	pos 93.81 19.92 1.95	yaw: 0.03	msg/s 0.0
INFO: 18-11-2022 19:49:22 log_status(196) -- Drogno_3: out of BOX	battery: 4.19                    	kalman var: 53.688 53.719 0.053                    	batterySag: 0.5	link quality: 43	flight time: 0s                    	pos 99.00 21.06 2.07	yaw: 0.03	msg/s 0.0
INFO: 18-11-2022 19:49:23 log_status(196) -- Drogno_3: ready	battery: 4.19                    	kalman var: 0.006 0.006 0.001                    	batterySag: 0.5	link quality: 43	flight time: 0s                    	pos 0.02 0.01 0.00	yaw: 0.00	msg/s 0.0
INFO: 18-11-2022 19:49:24 log_status(196) -- Drogno_3: BAD kalman	battery: 4.19                    	kalman var: 0.041 0.041 0.002                    	batterySag: 0.5	link quality: 44	flight time: 0s                    	pos 0.14 0.04 0.00	yaw: -0.00	msg/s 0.0
INFO: 18-11-2022 19:49:25 log_status(196) -- Drogno_3: BAD kalman	battery: 4.19                    	kalman var: 0.096 0.096 0.003                    	batterySag: 0.5	link quality: 44	flight time: 0s                    	pos 0.32 0.09 0.01	yaw: -0.01	msg/s 0.0
INFO: 18-11-2022 19:49:26 log_status(196) -- Drogno_3: BAD kalman	battery: 4.19                    	kalman var: 0.194 0.194 0.004                    	batterySag: 0.5	link quality: 44	flight time: 0s                    	pos 0.64 0.16 0.02	yaw: 0.01	msg/s 0.0
INFO: 18-11-2022 19:49:27 log_status(196) -- Drogno_3: BAD kalman	battery: 4.19                    	kalman var: 0.306 0.306 0.006                    	batterySag: 0.5	link quality: 44	flight time: 0s                    	pos 1.00 0.24 0.03	yaw: 0.02	msg/s 0.0
INFO: 18-11-2022 19:49:28 log_status(196) -- Drogno_3: BAD kalman	battery: 4.2                    	kalman var: 0.48 0.48 0.007                    	batterySag: 0.5	link quality: 44	flight time: 0s                    	pos 1.54 0.37 0.04	yaw: 0.03	msg/s 0.0
INFO: 18-11-2022 19:49:29 log_status(196) -- Drogno_3: BAD kalman	battery: 4.19                    	kalman var: 0.662 0.662 0.008                    	batterySag: 0.5	link quality: 44	flight time: 0s                    	pos 2.08 0.49 0.05	yaw: 0.02	msg/s 0.0
INFO: 18-11-2022 19:49:30 log_status(196) -- Drogno_3: out of BOX	battery: 4.2                    	kalman var: 0.922 0.922 0.009                    	batterySag: 0.5	link quality: 44	flight time: 0s                    	pos 2.85 0.66 0.07	yaw: 0.02	msg/s 0.0
INFO: 18-11-2022 19:49:32 log_status(196) -- Drogno_3: out of BOX	battery: 4.2                    	kalman var: 1.183 1.183 0.01                    	batterySag: 0.5	link quality: 44	flight time: 0s                    	pos 3.59 0.82 0.09	yaw: 0.03	msg/s 0.0
INFO: 18-11-2022 19:49:33 log_status(196) -- Drogno_3: out of BOX	battery: 4.2                    	kalman var: 1.541 1.541 0.011                    	batterySag: 0.5	link quality: 44	flight time: 0s                    	pos 4.57 1.03 0.11	yaw: 0.03	msg/s 0.0
INFO: 18-11-2022 19:49:34 log_status(196) -- Drogno_3: out of BOX	battery: 4.19                    	kalman var: 1.887 1.887 0.012                    	batterySag: 0.5	link quality: 46	flight time: 0s                    	pos 5.49 1.23 0.13	yaw: 0.02	msg/s 0.0
INFO: 18-11-2022 19:49:35 log_status(196) -- Drogno_3: out of BOX	battery: 4.2                    	kalman var: 2.359 2.359 0.014                    	batterySag: 0.5	link quality: 44	flight time: 0s                    	pos 6.70 1.49 0.15	yaw: 0.01	msg/s 0.0
INFO: 18-11-2022 19:49:36 log_status(196) -- Drogno_3: out of BOX	battery: 4.19                    	kalman var: 2.805 2.805 0.015                    	batterySag: 0.5	link quality: 44	flight time: 0s                    	pos 7.82 1.74 0.17	yaw: 0.02	msg/s 0.0
INFO: 18-11-2022 19:49:37 log_status(196) -- Drogno_3: out of BOX	battery: 4.19                    	kalman var: 3.4 3.4 0.016                    	batterySag: 0.5	link quality: 46	flight time: 0s                    	pos 9.26 2.05 0.20	yaw: 0.01	msg/s 0.0
INFO: 18-11-2022 19:49:38 log_status(196) -- Drogno_3: out of BOX	battery: 4.19                    	kalman var: 3.951 3.951 0.017                    	batterySag: 0.5	link quality: 44	flight time: 0s                    	pos 10.55 2.34 0.22	yaw: 0.01	msg/s 0.0
INFO: 18-11-2022 19:49:39 log_status(196) -- Drogno_3: out of BOX	battery: 4.18                    	kalman var: 4.676 4.676 0.018                    	batterySag: 0.5	link quality: 45	flight time: 0s                    	pos 12.20 2.70 0.25	yaw: 0.01	msg/s 0.0
INFO: 18-11-2022 19:49:40 log_status(196) -- Drogno_3: out of BOX	battery: 4.18                    	kalman var: 5.344 5.344 0.019                    	batterySag: 0.5	link quality: 44	flight time: 0s                    	pos 13.69 3.03 0.28	yaw: 0.00	msg/s 0.0
INFO: 18-11-2022 19:49:41 log_status(196) -- Drogno_3: out of BOX	battery: 4.19                    	kalman var: 6.219 6.219 0.021                    	batterySag: 0.5	link quality: 44	flight time: 0s                    	pos 15.57 3.45 0.33	yaw: -0.01	msg/s 0.0
INFO: 18-11-2022 19:49:43 log_status(196) -- Drogno_3: out of BOX	battery: 4.19                    	kalman var: 7.016 7.016 0.022                    	batterySag: 0.5	link quality: 44	flight time: 0s                    	pos 17.23 3.81 0.36	yaw: 0.00	msg/s 0.0
INFO: 18-11-2022 19:49:44 log_status(196) -- Drogno_3: out of BOX	battery: 4.19                    	kalman var: 8.047 8.047 0.023                    	batterySag: 0.5	link quality: 44	flight time: 0s                    	pos 19.34 4.27 0.40	yaw: 0.01	msg/s 0.0
INFO: 18-11-2022 19:49:45 log_status(196) -- Drogno_3: out of BOX	battery: 4.19                    	kalman var: 8.984 8.984 0.024                    	batterySag: 0.5	link quality: 43	flight time: 0s                    	pos 21.20 4.67 0.44	yaw: 0.01	msg/s 0.0
INFO: 18-11-2022 19:49:46 log_status(196) -- Drogno_3: out of BOX	battery: 4.19                    	kalman var: 10.18 10.18 0.025                    	batterySag: 0.5	link quality: 42	flight time: 0s                    	pos 23.52 5.16 0.49	yaw: 0.02	msg/s 0.0
INFO: 18-11-2022 19:49:47 log_status(196) -- Drogno_3: out of BOX	battery: 4.19                    	kalman var: 11.258 11.258 0.026                    	batterySag: 0.5	link quality: 43	flight time: 0s                    	pos 25.56 5.58 0.53	yaw: 0.02	msg/s 0.0
WARNING: 18-11-2022 19:49:47 exit(707) -- closing Drogno_3
INFO: 18-11-2022 19:49:56 __init__(113) -- This is drone log from Drogno_3
INFO: 18-11-2022 19:49:59 log_status(192) -- Logger started
INFO: 18-11-2022 19:50:00 log_status(196) -- Drogno_3: ready	battery: 4.19                    	kalman var: 0.01 0.01 0.001                    	batterySag: 0.5	link quality: 45	flight time: 0s                    	pos 0.03 0.01 0.00	yaw: -0.00	msg/s 0.9
INFO: 18-11-2022 19:50:01 log_status(196) -- Drogno_3: BAD kalman	battery: 4.19                    	kalman var: 0.041 0.041 0.002                    	batterySag: 0.5	link quality: 44	flight time: 0s                    	pos 0.14 0.03 0.01	yaw: 0.00	msg/s 0.0
INFO: 18-11-2022 19:50:03 log_status(196) -- Drogno_3: BAD kalman	battery: 4.19                    	kalman var: 0.109 0.109 0.003                    	batterySag: 0.5	link quality: 44	flight time: 0s                    	pos 0.37 0.08 0.02	yaw: -0.01	msg/s 0.0
INFO: 18-11-2022 19:50:04 log_status(196) -- Drogno_3: BAD kalman	battery: 4.19                    	kalman var: 0.213 0.213 0.005                    	batterySag: 0.5	link quality: 43	flight time: 0s                    	pos 0.71 0.15 0.03	yaw: -0.00	msg/s 0.0
INFO: 18-11-2022 19:50:05 log_status(196) -- Drogno_3: BAD kalman	battery: 4.19                    	kalman var: 0.332 0.332 0.006                    	batterySag: 0.5	link quality: 42	flight time: 0s                    	pos 1.08 0.22 0.04	yaw: 0.00	msg/s 0.0
INFO: 18-11-2022 19:50:06 log_status(196) -- Drogno_3: BAD kalman	battery: 4.2                    	kalman var: 0.514 0.514 0.007                    	batterySag: 0.5	link quality: 43	flight time: 0s                    	pos 1.63 0.32 0.06	yaw: -0.02	msg/s 0.0
INFO: 18-11-2022 19:50:07 log_status(196) -- Drogno_3: BAD kalman	battery: 4.19                    	kalman var: 0.701 0.701 0.008                    	batterySag: 0.5	link quality: 43	flight time: 0s                    	pos 2.19 0.42 0.07	yaw: -0.02	msg/s 0.0
INFO: 18-11-2022 19:50:08 log_status(196) -- Drogno_3: out of BOX	battery: 4.19                    	kalman var: 0.971 0.971 0.009                    	batterySag: 0.5	link quality: 43	flight time: 0s                    	pos 2.98 0.56 0.09	yaw: -0.01	msg/s 0.0
INFO: 18-11-2022 19:50:09 log_status(196) -- Drogno_3: out of BOX	battery: 4.19                    	kalman var: 1.237 1.237 0.01                    	batterySag: 0.5	link quality: 44	flight time: 0s                    	pos 3.73 0.68 0.11	yaw: 0.01	msg/s 0.0
INFO: 18-11-2022 19:50:10 log_status(196) -- Drogno_3: out of BOX	battery: 4.19                    	kalman var: 1.608 1.608 0.012                    	batterySag: 0.5	link quality: 44	flight time: 0s                    	pos 4.75 0.84 0.14	yaw: 0.01	msg/s 0.0
INFO: 18-11-2022 19:50:11 log_status(196) -- Drogno_3: out of BOX	battery: 4.19                    	kalman var: 1.963 1.963 0.013                    	batterySag: 0.5	link quality: 43	flight time: 0s                    	pos 5.71 0.98 0.17	yaw: 0.01	msg/s 0.0
INFO: 18-11-2022 19:50:12 log_status(196) -- Drogno_3: out of BOX	battery: 4.19                    	kalman var: 2.445 2.445 0.014                    	batterySag: 0.5	link quality: 43	flight time: 0s                    	pos 6.98 1.16 0.20	yaw: 0.01	msg/s 0.0
INFO: 18-11-2022 19:50:14 log_status(196) -- Drogno_3: out of BOX	battery: 4.19                    	kalman var: 2.895 2.895 0.015                    	batterySag: 0.5	link quality: 44	flight time: 0s                    	pos 8.12 1.31 0.23	yaw: 0.02	msg/s 0.0
INFO: 18-11-2022 19:50:15 log_status(196) -- Drogno_3: out of BOX	battery: 4.19                    	kalman var: 3.5 3.5 0.016                    	batterySag: 0.5	link quality: 44	flight time: 0s                    	pos 9.63 1.50 0.27	yaw: 0.02	msg/s 0.0
INFO: 18-11-2022 19:50:16 log_status(196) -- Drogno_3: out of BOX	battery: 4.19                    	kalman var: 4.062 4.062 0.017                    	batterySag: 0.5	link quality: 44	flight time: 0s                    	pos 10.98 1.66 0.30	yaw: 0.02	msg/s 0.0
INFO: 18-11-2022 19:50:17 log_status(196) -- Drogno_3: out of BOX	battery: 4.19                    	kalman var: 4.805 4.805 0.019                    	batterySag: 0.5	link quality: 44	flight time: 0s                    	pos 12.73 1.87 0.35	yaw: 0.01	msg/s 0.0
INFO: 18-11-2022 19:50:18 log_status(196) -- Drogno_3: out of BOX	battery: 4.19                    	kalman var: 5.484 5.484 0.02                    	batterySag: 0.5	link quality: 44	flight time: 0s                    	pos 14.28 2.04 0.39	yaw: -0.00	msg/s 0.0
INFO: 18-11-2022 19:50:19 log_status(196) -- Drogno_3: out of BOX	battery: 4.19                    	kalman var: 6.367 6.367 0.021                    	batterySag: 0.5	link quality: 44	flight time: 0s                    	pos 16.25 2.25 0.44	yaw: -0.01	msg/s 0.0
INFO: 18-11-2022 19:50:20 log_status(196) -- Drogno_3: out of BOX	battery: 4.19                    	kalman var: 7.176 7.176 0.022                    	batterySag: 0.5	link quality: 44	flight time: 0s                    	pos 18.00 2.43 0.49	yaw: -0.00	msg/s 0.0
INFO: 18-11-2022 19:50:21 log_status(196) -- Drogno_3: out of BOX	battery: 4.19                    	kalman var: 8.227 8.227 0.023                    	batterySag: 0.5	link quality: 44	flight time: 0s                    	pos 20.23 2.65 0.54	yaw: -0.01	msg/s 0.0
INFO: 18-11-2022 19:50:22 log_status(196) -- Drogno_3: ready	battery: 4.19                    	kalman var: 9.172 9.172 0.025                    	batterySag: 0.5	link quality: 44	flight time: 0s                    	pos 22.19 2.84 0.60	yaw: -0.02	msg/s 0.0
INFO: 18-11-2022 19:50:23 log_status(196) -- Drogno_3: ready	battery: 4.2                    	kalman var: 10.391 10.391 0.026                    	batterySag: 0.5	link quality: 44	flight time: 0s                    	pos 24.66 3.07 0.67	yaw: -0.02	msg/s 0.0
INFO: 18-11-2022 19:50:25 log_status(196) -- Drogno_3: ready	battery: 4.2                    	kalman var: 11.484 11.484 0.027                    	batterySag: 0.5	link quality: 44	flight time: 0s                    	pos 26.81 3.27 0.73	yaw: -0.02	msg/s 0.0
INFO: 18-11-2022 19:50:26 log_status(196) -- Drogno_3: ready	battery: 4.19                    	kalman var: 12.883 12.883 0.028                    	batterySag: 0.5	link quality: 45	flight time: 0s                    	pos 29.52 3.49 0.80	yaw: -0.01	msg/s 0.0
INFO: 18-11-2022 19:50:27 log_status(196) -- Drogno_3: ready	battery: 4.2                    	kalman var: 14.117 14.117 0.029                    	batterySag: 0.5	link quality: 44	flight time: 0s                    	pos 31.86 3.69 0.87	yaw: -0.02	msg/s 0.0
INFO: 18-11-2022 19:50:28 log_status(196) -- Drogno_3: ready	battery: 4.19                    	kalman var: 15.719 15.719 0.031                    	batterySag: 0.5	link quality: 44	flight time: 0s                    	pos 34.78 3.92 0.95	yaw: -0.02	msg/s 0.0
INFO: 18-11-2022 19:50:29 log_status(196) -- Drogno_3: ready	battery: 4.19                    	kalman var: 17.125 17.125 0.032                    	batterySag: 0.5	link quality: 44	flight time: 0s                    	pos 37.34 4.13 1.01	yaw: -0.02	msg/s 0.0
INFO: 18-11-2022 19:50:30 log_status(196) -- Drogno_3: ready	battery: 4.2                    	kalman var: 18.938 18.938 0.033                    	batterySag: 0.5	link quality: 45	flight time: 0s                    	pos 40.53 4.38 1.10	yaw: -0.00	msg/s 0.0
INFO: 18-11-2022 19:50:31 log_status(196) -- Drogno_3: ready	battery: 4.2                    	kalman var: 20.516 20.516 0.034                    	batterySag: 0.5	link quality: 45	flight time: 0s                    	pos 43.25 4.60 1.17	yaw: 0.01	msg/s 0.0
INFO: 18-11-2022 19:50:32 log_status(196) -- Drogno_3: ready	battery: 4.19                    	kalman var: 22.531 22.531 0.036                    	batterySag: 0.5	link quality: 45	flight time: 0s                    	pos 46.62 4.87 1.25	yaw: 0.00	msg/s 0.0
INFO: 18-11-2022 19:50:33 log_status(196) -- Drogno_3: ready	battery: 4.19                    	kalman var: 24.312 24.312 0.037                    	batterySag: 0.5	link quality: 45	flight time: 0s                    	pos 49.56 5.11 1.32	yaw: 0.00	msg/s 0.0
INFO: 18-11-2022 19:50:34 log_status(196) -- Drogno_3: ready	battery: 4.19                    	kalman var: 26.562 26.562 0.038                    	batterySag: 0.5	link quality: 45	flight time: 0s                    	pos 53.22 5.39 1.41	yaw: 0.01	msg/s 0.0
INFO: 18-11-2022 19:50:36 log_status(196) -- Drogno_3: ready	battery: 4.19                    	kalman var: 28.547 28.547 0.039                    	batterySag: 0.5	link quality: 46	flight time: 0s                    	pos 56.34 5.64 1.48	yaw: 0.00	msg/s 0.0
INFO: 18-11-2022 19:50:37 log_status(196) -- Drogno_3: ready	battery: 4.2                    	kalman var: 31.031 31.031 0.041                    	batterySag: 0.5	link quality: 46	flight time: 0s                    	pos 60.22 5.93 1.57	yaw: 0.02	msg/s 0.0
INFO: 18-11-2022 19:50:38 log_status(196) -- Drogno_3: ready	battery: 4.19                    	kalman var: 33.219 33.219 0.042                    	batterySag: 0.5	link quality: 46	flight time: 0s                    	pos 63.56 6.18 1.64	yaw: 0.00	msg/s 0.0
INFO: 18-11-2022 19:50:39 log_status(196) -- Drogno_3: ready	battery: 4.19                    	kalman var: 35.938 35.938 0.044                    	batterySag: 0.5	link quality: 46	flight time: 0s                    	pos 67.62 6.48 1.73	yaw: -0.00	msg/s 0.0
INFO: 18-11-2022 19:50:40 log_status(196) -- Drogno_3: ready	battery: 4.19                    	kalman var: 38.344 38.344 0.045                    	batterySag: 0.5	link quality: 46	flight time: 0s                    	pos 71.19 6.74 1.81	yaw: -0.00	msg/s 0.0
INFO: 18-11-2022 19:50:41 log_status(196) -- Drogno_3: ready	battery: 4.19                    	kalman var: 41.344 41.344 0.046                    	batterySag: 0.5	link quality: 46	flight time: 0s                    	pos 75.56 7.05 1.91	yaw: 0.02	msg/s 0.0
INFO: 18-11-2022 19:50:42 log_status(196) -- Drogno_3: ready	battery: 4.19                    	kalman var: 43.969 43.969 0.048                    	batterySag: 0.5	link quality: 46	flight time: 0s                    	pos 79.25 7.31 1.99	yaw: 0.03	msg/s 0.0
INFO: 18-11-2022 19:50:43 log_status(196) -- Drogno_3: ready	battery: 4.19                    	kalman var: 47.25 47.25 0.049                    	batterySag: 0.5	link quality: 46	flight time: 0s                    	pos 83.88 7.62 2.09	yaw: 0.02	msg/s 0.0
INFO: 18-11-2022 19:50:44 log_status(196) -- Drogno_3: ready	battery: 4.2                    	kalman var: 50.094 50.094 0.051                    	batterySag: 0.5	link quality: 46	flight time: 0s                    	pos 87.75 7.89 2.18	yaw: 0.03	msg/s 0.0
INFO: 18-11-2022 19:50:46 log_status(196) -- Drogno_3: ready	battery: 4.19                    	kalman var: 53.688 53.688 0.052                    	batterySag: 0.5	link quality: 46	flight time: 0s                    	pos 92.62 8.22 2.28	yaw: 0.02	msg/s 0.0
INFO: 18-11-2022 19:50:47 log_status(196) -- Drogno_3: ready	battery: 4.19                    	kalman var: 56.781 56.781 0.054                    	batterySag: 0.5	link quality: 46	flight time: 0s                    	pos 96.75 8.48 2.37	yaw: 0.02	msg/s 0.0
INFO: 18-11-2022 19:50:48 log_status(196) -- Drogno_3: ready	battery: 4.19                    	kalman var: 0.002 0.002 0.001                    	batterySag: 0.5	link quality: 46	flight time: 0s                    	pos 0.01 0.00 0.00	yaw: -0.00	msg/s 0.0
INFO: 18-11-2022 19:50:49 log_status(196) -- Drogno_3: ready	battery: 4.19                    	kalman var: 0.021 0.021 0.002                    	batterySag: 0.5	link quality: 46	flight time: 0s                    	pos 0.07 0.02 -0.00	yaw: -0.01	msg/s 0.0
INFO: 18-11-2022 19:50:50 log_status(196) -- Drogno_3: ready	battery: 4.19                    	kalman var: 0.074 0.074 0.003                    	batterySag: 0.5	link quality: 46	flight time: 0s                    	pos 0.25 0.07 -0.00	yaw: -0.01	msg/s 0.0
INFO: 18-11-2022 19:50:51 log_status(196) -- Drogno_3: ready	battery: 4.19                    	kalman var: 0.144 0.144 0.004                    	batterySag: 0.5	link quality: 46	flight time: 0s                    	pos 0.48 0.12 -0.00	yaw: 0.00	msg/s 0.0
INFO: 18-11-2022 19:50:52 log_status(196) -- Drogno_3: ready	battery: 4.2                    	kalman var: 0.263 0.263 0.005                    	batterySag: 0.5	link quality: 46	flight time: 0s                    	pos 0.86 0.20 0.00	yaw: -0.00	msg/s 0.0
INFO: 18-11-2022 19:50:53 log_status(196) -- Drogno_3: ready	battery: 4.2                    	kalman var: 0.395 0.395 0.006                    	batterySag: 0.5	link quality: 46	flight time: 0s                    	pos 1.28 0.28 0.01	yaw: 0.01	msg/s 0.0
INFO: 18-11-2022 19:50:54 log_status(196) -- Drogno_3: ready	battery: 4.19                    	kalman var: 0.594 0.594 0.007                    	batterySag: 0.5	link quality: 46	flight time: 0s                    	pos 1.89 0.40 0.01	yaw: 0.00	msg/s 0.0
INFO: 18-11-2022 19:50:55 log_status(196) -- Drogno_3: ready	battery: 4.19                    	kalman var: 0.797 0.797 0.009                    	batterySag: 0.5	link quality: 46	flight time: 0s                    	pos 2.50 0.51 0.02	yaw: 0.00	msg/s 0.0
INFO: 18-11-2022 19:50:57 log_status(196) -- Drogno_3: ready	battery: 4.19                    	kalman var: 1.088 1.088 0.01                    	batterySag: 0.5	link quality: 46	flight time: 0s                    	pos 3.35 0.66 0.03	yaw: -0.00	msg/s 0.0
INFO: 18-11-2022 19:50:58 log_status(196) -- Drogno_3: ready	battery: 4.19                    	kalman var: 1.371 1.371 0.011                    	batterySag: 0.5	link quality: 46	flight time: 0s                    	pos 4.14 0.79 0.04	yaw: 0.00	msg/s 0.0
INFO: 18-11-2022 19:50:59 log_status(196) -- Drogno_3: ready	battery: 4.19                    	kalman var: 1.765 1.765 0.012                    	batterySag: 0.5	link quality: 46	flight time: 0s                    	pos 5.20 0.97 0.06	yaw: 0.01	msg/s 0.0
INFO: 18-11-2022 19:51:00 log_status(196) -- Drogno_3: ready	battery: 4.19                    	kalman var: 2.139 2.139 0.013                    	batterySag: 0.5	link quality: 46	flight time: 0s                    	pos 6.19 1.13 0.07	yaw: -0.01	msg/s 0.0
INFO: 18-11-2022 19:51:01 log_status(196) -- Drogno_3: ready	battery: 4.19                    	kalman var: 2.646 2.646 0.014                    	batterySag: 0.5	link quality: 46	flight time: 0s                    	pos 7.50 1.33 0.09	yaw: -0.00	msg/s 0.0
INFO: 18-11-2022 19:51:02 log_status(196) -- Drogno_3: ready	battery: 4.19                    	kalman var: 3.121 3.121 0.016                    	batterySag: 0.5	link quality: 46	flight time: 0s                    	pos 8.68 1.51 0.11	yaw: -0.01	msg/s 0.0
INFO: 18-11-2022 19:51:03 log_status(196) -- Drogno_3: ready	battery: 4.19                    	kalman var: 3.752 3.752 0.017                    	batterySag: 0.5	link quality: 46	flight time: 0s                    	pos 10.22 1.73 0.14	yaw: 0.00	msg/s 0.0
INFO: 18-11-2022 19:51:04 log_status(196) -- Drogno_3: ready	battery: 4.19                    	kalman var: 4.34 4.34 0.018                    	batterySag: 0.5	link quality: 46	flight time: 0s                    	pos 11.62 1.92 0.17	yaw: 0.01	msg/s 0.0
INFO: 18-11-2022 19:51:05 log_status(196) -- Drogno_3: ready	battery: 4.19                    	kalman var: 5.113 5.113 0.019                    	batterySag: 0.5	link quality: 46	flight time: 0s                    	pos 13.41 2.16 0.20	yaw: 0.01	msg/s 0.0
INFO: 18-11-2022 19:51:06 log_status(196) -- Drogno_3: ready	battery: 4.19                    	kalman var: 5.816 5.816 0.02                    	batterySag: 0.5	link quality: 46	flight time: 0s                    	pos 15.01 2.37 0.24	yaw: 0.00	msg/s 0.0
INFO: 18-11-2022 19:51:08 log_status(196) -- Drogno_3: ready	battery: 4.19                    	kalman var: 6.734 6.734 0.022                    	batterySag: 0.5	link quality: 46	flight time: 0s                    	pos 17.02 2.62 0.28	yaw: 0.00	msg/s 0.0
INFO: 18-11-2022 19:51:09 log_status(196) -- Drogno_3: ready	battery: 4.19                    	kalman var: 7.57 7.57 0.023                    	batterySag: 0.5	link quality: 45	flight time: 0s                    	pos 18.81 2.84 0.31	yaw: 0.01	msg/s 0.0
INFO: 18-11-2022 19:51:10 log_status(196) -- Drogno_3: ready	battery: 4.19                    	kalman var: 8.656 8.656 0.024                    	batterySag: 0.5	link quality: 46	flight time: 0s                    	pos 21.08 3.10 0.35	yaw: 0.00	msg/s 0.0
INFO: 18-11-2022 19:51:11 log_status(196) -- Drogno_3: ready	battery: 4.19                    	kalman var: 9.625 9.625 0.025                    	batterySag: 0.5	link quality: 46	flight time: 0s                    	pos 23.08 3.33 0.38	yaw: -0.00	msg/s 0.0
INFO: 18-11-2022 19:51:12 log_status(196) -- Drogno_3: ready	battery: 4.2                    	kalman var: 10.891 10.891 0.026                    	batterySag: 0.5	link quality: 46	flight time: 0s                    	pos 25.58 3.61 0.42	yaw: 0.02	msg/s 0.0
INFO: 18-11-2022 19:51:13 log_status(196) -- Drogno_3: ready	battery: 4.19                    	kalman var: 12.0 12.0 0.027                    	batterySag: 0.5	link quality: 46	flight time: 0s                    	pos 27.75 3.84 0.46	yaw: 0.03	msg/s 0.0
INFO: 18-11-2022 19:51:14 log_status(196) -- Drogno_3: ready	battery: 4.19                    	kalman var: 13.445 13.445 0.029                    	batterySag: 0.5	link quality: 46	flight time: 0s                    	pos 30.48 4.13 0.50	yaw: 0.04	msg/s 0.0
INFO: 18-11-2022 19:51:15 log_status(196) -- Drogno_3: ready	battery: 4.19                    	kalman var: 14.734 14.734 0.03                    	batterySag: 0.5	link quality: 45	flight time: 0s                    	pos 32.88 4.38 0.54	yaw: 0.03	msg/s 0.0
INFO: 18-11-2022 19:51:16 log_status(196) -- Drogno_3: ready	battery: 4.19                    	kalman var: 16.375 16.375 0.031                    	batterySag: 0.5	link quality: 45	flight time: 0s                    	pos 35.84 4.67 0.59	yaw: 0.02	msg/s 0.0
INFO: 18-11-2022 19:51:17 log_status(196) -- Drogno_3: ready	battery: 4.2                    	kalman var: 17.828 17.828 0.032                    	batterySag: 0.5	link quality: 44	flight time: 0s                    	pos 38.41 4.91 0.63	yaw: 0.03	msg/s 0.0
INFO: 18-11-2022 19:51:19 log_status(196) -- Drogno_3: ready	battery: 4.19                    	kalman var: 19.672 19.672 0.034                    	batterySag: 0.5	link quality: 39	flight time: 0s                    	pos 41.62 5.21 0.68	yaw: 0.02	msg/s 0.0
INFO: 18-11-2022 19:51:20 log_status(196) -- Drogno_3: ready	battery: 4.19                    	kalman var: 21.297 21.297 0.035                    	batterySag: 0.5	link quality: 42	flight time: 0s                    	pos 44.38 5.45 0.73	yaw: 0.02	msg/s 0.0
INFO: 18-11-2022 19:51:21 log_status(196) -- Drogno_3: ready	battery: 4.2                    	kalman var: 23.375 23.375 0.036                    	batterySag: 0.5	link quality: 42	flight time: 0s                    	pos 47.81 5.74 0.78	yaw: -0.00	msg/s 0.0
INFO: 18-11-2022 19:51:22 log_status(196) -- Drogno_3: ready	battery: 4.2                    	kalman var: 25.172 25.172 0.037                    	batterySag: 0.5	link quality: 42	flight time: 0s                    	pos 50.78 5.97 0.83	yaw: -0.01	msg/s 0.0
INFO: 18-11-2022 19:51:23 log_status(196) -- Drogno_3: ready	battery: 4.19                    	kalman var: 27.484 27.484 0.039                    	batterySag: 0.5	link quality: 41	flight time: 0s                    	pos 54.44 6.25 0.89	yaw: 0.00	msg/s 0.0
INFO: 18-11-2022 19:51:24 log_status(196) -- Drogno_3: ready	battery: 4.19                    	kalman var: 29.5 29.5 0.04                    	batterySag: 0.5	link quality: 40	flight time: 0s                    	pos 57.62 6.49 0.95	yaw: 0.01	msg/s 0.0
INFO: 18-11-2022 19:51:25 log_status(196) -- Drogno_3: ready	battery: 4.19                    	kalman var: 32.062 32.062 0.042                    	batterySag: 0.5	link quality: 40	flight time: 0s                    	pos 61.53 6.77 1.02	yaw: 0.02	msg/s 0.0
INFO: 18-11-2022 19:51:26 log_status(196) -- Drogno_3: ready	battery: 4.2                    	kalman var: 34.25 34.25 0.043                    	batterySag: 0.5	link quality: 40	flight time: 0s                    	pos 64.81 7.00 1.08	yaw: 0.01	msg/s 0.0
INFO: 18-11-2022 19:51:27 log_status(196) -- Drogno_3: ready	battery: 4.19                    	kalman var: 37.062 37.062 0.044                    	batterySag: 0.5	link quality: 40	flight time: 0s                    	pos 69.00 7.28 1.15	yaw: 0.01	msg/s 0.0
INFO: 18-11-2022 19:51:28 log_status(196) -- Drogno_3: ready	battery: 4.19                    	kalman var: 39.5 39.5 0.046                    	batterySag: 0.5	link quality: 40	flight time: 0s                    	pos 72.50 7.52 1.22	yaw: 0.00	msg/s 0.0
INFO: 18-11-2022 19:51:30 log_status(196) -- Drogno_3: ready	battery: 4.19                    	kalman var: 42.562 42.562 0.047                    	batterySag: 0.5	link quality: 39	flight time: 0s                    	pos 76.88 7.79 1.30	yaw: 0.01	msg/s 0.0
INFO: 18-11-2022 19:51:31 log_status(196) -- Drogno_3: ready	battery: 4.19                    	kalman var: 45.25 45.25 0.049                    	batterySag: 0.5	link quality: 40	flight time: 0s                    	pos 80.62 8.03 1.38	yaw: 0.02	msg/s 0.0
INFO: 18-11-2022 19:51:32 log_status(196) -- Drogno_3: ready	battery: 4.19                    	kalman var: 48.562 48.562 0.05                    	batterySag: 0.5	link quality: 40	flight time: 0s                    	pos 85.19 8.30 1.47	yaw: 0.01	msg/s 0.0
INFO: 18-11-2022 19:51:33 log_status(196) -- Drogno_3: ready	battery: 4.19                    	kalman var: 51.469 51.469 0.052                    	batterySag: 0.5	link quality: 40	flight time: 0s                    	pos 89.19 8.53 1.54	yaw: 0.02	msg/s 0.0
INFO: 18-11-2022 19:51:34 log_status(196) -- Drogno_3: ready	battery: 4.19                    	kalman var: 55.125 55.125 0.053                    	batterySag: 0.5	link quality: 41	flight time: 0s                    	pos 94.00 8.81 1.64	yaw: 0.03	msg/s 0.0
INFO: 18-11-2022 19:51:35 log_status(196) -- Drogno_3: ready	battery: 4.19                    	kalman var: 58.281 58.281 0.055                    	batterySag: 0.5	link quality: 40	flight time: 0s                    	pos 98.19 9.04 1.73	yaw: 0.04	msg/s 0.0
INFO: 18-11-2022 19:51:36 log_status(196) -- Drogno_3: ready	battery: 4.2                    	kalman var: 0.006 0.006 0.001                    	batterySag: 0.5	link quality: 40	flight time: 0s                    	pos 0.02 0.00 0.00	yaw: 0.00	msg/s 0.0
INFO: 18-11-2022 19:51:37 log_status(196) -- Drogno_3: ready	battery: 4.19                    	kalman var: 0.032 0.032 0.002                    	batterySag: 0.5	link quality: 40	flight time: 0s                    	pos 0.11 0.02 0.01	yaw: -0.00	msg/s 0.0
INFO: 18-11-2022 19:51:38 log_status(196) -- Drogno_3: ready	battery: 4.19                    	kalman var: 0.094 0.094 0.003                    	batterySag: 0.5	link quality: 40	flight time: 0s                    	pos 0.30 0.06 0.01	yaw: -0.00	msg/s 0.0
INFO: 18-11-2022 19:51:39 log_status(196) -- Drogno_3: ready	battery: 4.19                    	kalman var: 0.173 0.173 0.004                    	batterySag: 0.5	link quality: 40	flight time: 0s                    	pos 0.53 0.10 0.02	yaw: 0.01	msg/s 0.0
INFO: 18-11-2022 19:51:41 log_status(196) -- Drogno_3: ready	battery: 4.2                    	kalman var: 0.304 0.304 0.006                    	batterySag: 0.5	link quality: 39	flight time: 0s                    	pos 0.90 0.15 0.03	yaw: -0.00	msg/s 0.0
INFO: 18-11-2022 19:51:42 log_status(196) -- Drogno_3: ready	battery: 4.19                    	kalman var: 0.446 0.446 0.007                    	batterySag: 0.5	link quality: 40	flight time: 0s                    	pos 1.29 0.21 0.05	yaw: -0.00	msg/s 0.0
INFO: 18-11-2022 19:51:43 log_status(196) -- Drogno_3: ready	battery: 4.19                    	kalman var: 0.658 0.658 0.008                    	batterySag: 0.5	link quality: 40	flight time: 0s                    	pos 1.85 0.29 0.07	yaw: 0.00	msg/s 0.0
INFO: 18-11-2022 19:51:44 log_status(196) -- Drogno_3: ready	battery: 4.19                    	kalman var: 0.919 0.919 0.009                    	batterySag: 0.5	link quality: 40	flight time: 0s                    	pos 2.53 0.38 0.09	yaw: 0.01	msg/s 0.0
INFO: 18-11-2022 19:51:45 log_status(196) -- Drogno_3: ready	battery: 4.2                    	kalman var: 1.178 1.178 0.01                    	batterySag: 0.5	link quality: 40	flight time: 0s                    	pos 3.18 0.47 0.11	yaw: 0.02	msg/s 0.0
INFO: 18-11-2022 19:51:46 log_status(196) -- Drogno_3: ready	battery: 4.19                    	kalman var: 1.539 1.539 0.011                    	batterySag: 0.5	link quality: 40	flight time: 0s                    	pos 4.07 0.60 0.15	yaw: 0.01	msg/s 0.0
INFO: 18-11-2022 19:51:47 log_status(196) -- Drogno_3: ready	battery: 4.19                    	kalman var: 1.882 1.882 0.012                    	batterySag: 0.5	link quality: 40	flight time: 0s                    	pos 4.89 0.71 0.17	yaw: 0.01	msg/s 0.0
INFO: 18-11-2022 19:51:48 log_status(196) -- Drogno_3: ready	battery: 4.2                    	kalman var: 2.354 2.354 0.014                    	batterySag: 0.5	link quality: 42	flight time: 0s                    	pos 6.00 0.85 0.21	yaw: 0.00	msg/s 0.0
INFO: 18-11-2022 19:51:49 log_status(196) -- Drogno_3: ready	battery: 4.19                    	kalman var: 2.797 2.797 0.015                    	batterySag: 0.5	link quality: 42	flight time: 0s                    	pos 7.01 0.98 0.24	yaw: 0.00	msg/s 0.0
INFO: 18-11-2022 19:51:50 log_status(196) -- Drogno_3: ready	battery: 4.2                    	kalman var: 3.391 3.391 0.016                    	batterySag: 0.5	link quality: 41	flight time: 0s                    	pos 8.33 1.14 0.28	yaw: 0.02	msg/s 0.0
INFO: 18-11-2022 19:51:52 log_status(196) -- Drogno_3: ready	battery: 4.19                    	kalman var: 3.941 3.941 0.017                    	batterySag: 0.5	link quality: 42	flight time: 0s                    	pos 9.52 1.28 0.32	yaw: 0.01	msg/s 0.0
WARNING: 18-11-2022 19:51:52 exit(707) -- closing Drogno_3
INFO: 18-11-2022 19:52:01 __init__(113) -- This is drone log from Drogno_3
INFO: 18-11-2022 19:52:04 log_status(192) -- Logger started
INFO: 18-11-2022 19:52:05 log_status(196) -- Drogno_3: ready	battery: 4.19                    	kalman var: 0.01 0.01 0.001                    	batterySag: 0.5	link quality: 42	flight time: 0s                    	pos 0.03 0.01 -0.00	yaw: -0.01	msg/s 0.9
INFO: 18-11-2022 19:52:06 log_status(196) -- Drogno_3: BAD kalman	battery: 4.19                    	kalman var: 0.041 0.041 0.002                    	batterySag: 0.5	link quality: 41	flight time: 0s                    	pos 0.14 0.03 -0.00	yaw: -0.03	msg/s 0.0
INFO: 18-11-2022 19:52:07 log_status(196) -- Drogno_3: BAD kalman	battery: 4.19                    	kalman var: 0.109 0.109 0.003                    	batterySag: 0.5	link quality: 42	flight time: 0s                    	pos 0.36 0.08 0.00	yaw: -0.04	msg/s 0.0
INFO: 18-11-2022 19:52:08 log_status(196) -- Drogno_3: BAD kalman	battery: 4.19                    	kalman var: 0.214 0.214 0.005                    	batterySag: 0.5	link quality: 41	flight time: 0s                    	pos 0.68 0.15 0.00	yaw: -0.04	msg/s 0.0
INFO: 18-11-2022 19:52:09 log_status(196) -- Drogno_3: BAD kalman	battery: 4.19                    	kalman var: 0.332 0.332 0.006                    	batterySag: 0.5	link quality: 41	flight time: 0s                    	pos 1.01 0.21 0.01	yaw: -0.05	msg/s 0.0
INFO: 18-11-2022 19:52:10 log_status(196) -- Drogno_3: BAD kalman	battery: 4.19                    	kalman var: 0.515 0.515 0.007                    	batterySag: 0.5	link quality: 41	flight time: 0s                    	pos 1.51 0.31 0.02	yaw: -0.06	msg/s 0.0
INFO: 18-11-2022 19:52:11 log_status(196) -- Drogno_3: BAD kalman	battery: 4.19                    	kalman var: 0.7 0.7 0.008                    	batterySag: 0.5	link quality: 42	flight time: 0s                    	pos 2.00 0.40 0.03	yaw: -0.06	msg/s 0.0
WARNING: 18-11-2022 19:52:13 exit(707) -- closing Drogno_3
