INFO: 26-10-2022 17:41:27 __init__(111) -- This is drone log from Drogno_6
INFO: 26-10-2022 17:41:28 log_status(393) -- Logger started
INFO: 26-10-2022 17:41:30 log_status(397) -- Drogno_6: BAD kalman	battery: 4.05                    	kalman var: 1.591 1.591 0.265                    	batterySag: 0.5	link quality: 42	flight time: 0s                    	pos 0.25 0.62 -3.96	yaw: -23.12	msg/s 0.0
INFO: 26-10-2022 17:41:31 log_status(397) -- Drogno_6: BAD kalman	battery: 4.05                    	kalman var: 3.475 3.473 0.266                    	batterySag: 0.5	link quality: 43	flight time: 0s                    	pos 0.53 1.44 -6.20	yaw: -20.06	msg/s 0.0
INFO: 26-10-2022 17:41:32 log_status(397) -- Drogno_6: out of BOX	battery: 4.05                    	kalman var: 4.816 4.812 0.061                    	batterySag: 0.5	link quality: 44	flight time: 0s                    	pos 1.02 0.16 13.12	yaw: -81.25	msg/s 0.0
INFO: 26-10-2022 17:41:33 log_status(397) -- Drogno_6: ready	battery: 4.05                    	kalman var: 0.0 0.0 0.0                    	batterySag: 0.5	link quality: 40	flight time: 0s                    	pos 0.00 -0.01 0.00	yaw: -0.02	msg/s 0.0
INFO: 26-10-2022 17:41:34 log_status(397) -- Drogno_6: ready	battery: 4.05                    	kalman var: 0.0 0.001 0.001                    	batterySag: 0.5	link quality: 40	flight time: 0s                    	pos -0.46 1.35 0.83	yaw: -95.75	msg/s 0.0
INFO: 26-10-2022 17:41:35 log_status(397) -- Drogno_6: out of BOX	battery: 4.05                    	kalman var: 0.0 0.0 0.0                    	batterySag: 0.5	link quality: 43	flight time: 0s                    	pos 1.97 1.47 2.98	yaw: -111.00	msg/s 0.0
INFO: 26-10-2022 17:41:36 log_status(397) -- Drogno_6: ready	battery: 4.05                    	kalman var: 0.0 0.001 0.0                    	batterySag: 0.5	link quality: 46	flight time: 0s                    	pos 0.44 1.39 1.65	yaw: -113.88	msg/s 0.0
INFO: 26-10-2022 17:41:38 log_status(397) -- Drogno_6: ready	battery: 4.05                    	kalman var: 0.001 0.002 0.001                    	batterySag: 0.5	link quality: 48	flight time: 0s                    	pos -2.50 1.44 -0.82	yaw: -123.81	msg/s 0.0
INFO: 26-10-2022 17:41:39 log_status(397) -- Drogno_6: out of BOX	battery: 4.05                    	kalman var: 0.001 0.003 0.002                    	batterySag: 0.5	link quality: 50	flight time: 0s                    	pos -3.38 1.40 -1.53	yaw: -119.25	msg/s 0.0
INFO: 26-10-2022 17:41:40 log_status(397) -- Drogno_6: ready	battery: 4.05                    	kalman var: 0.0 0.0 0.001                    	batterySag: 0.5	link quality: 49	flight time: 0s                    	pos 1.64 1.49 2.62	yaw: -119.12	msg/s 0.0
INFO: 26-10-2022 17:41:41 log_status(397) -- Drogno_6: ready	battery: 4.05                    	kalman var: 0.0 0.0 0.0                    	batterySag: 0.5	link quality: 49	flight time: 0s                    	pos 1.59 1.49 2.58	yaw: -118.56	msg/s 0.0
INFO: 26-10-2022 17:41:42 log_status(397) -- Drogno_6: ready	battery: 4.05                    	kalman var: 0.0 0.001 0.001                    	batterySag: 0.5	link quality: 49	flight time: 0s                    	pos 1.59 1.45 2.59	yaw: -114.31	msg/s 0.0
INFO: 26-10-2022 17:41:43 log_status(397) -- Drogno_6: ready	battery: 3.69                    	kalman var: 0.0 0.0 0.0                    	batterySag: 0.5	link quality: 49	flight time: 0s                    	pos 1.64 1.49 2.61	yaw: -124.62	msg/s 0.0
INFO: 26-10-2022 17:41:44 log_status(397) -- Drogno_6: ready	battery: 3.63                    	kalman var: 0.0 0.0 0.0                    	batterySag: 0.5	link quality: 51	flight time: 0s                    	pos 1.11 1.48 2.20	yaw: -129.12	msg/s 0.0
INFO: 26-10-2022 17:41:45 log_status(397) -- Drogno_6: ready	battery: 3.69                    	kalman var: 0.0 0.0 0.001                    	batterySag: 0.5	link quality: 51	flight time: 0s                    	pos 1.36 1.52 2.29	yaw: -129.38	msg/s 0.0
INFO: 26-10-2022 17:41:46 log_status(397) -- Drogno_6: ready	battery: 3.71                    	kalman var: 0.0 0.0 0.0                    	batterySag: 0.5	link quality: 49	flight time: 0s                    	pos 1.68 1.48 2.66	yaw: -131.88	msg/s 0.0
INFO: 26-10-2022 17:41:47 log_status(397) -- Drogno_6: ready	battery: 3.71                    	kalman var: 0.0 0.0 0.0                    	batterySag: 0.5	link quality: 50	flight time: 0s                    	pos 1.61 1.48 2.60	yaw: -133.62	msg/s 0.0
INFO: 26-10-2022 17:41:49 log_status(397) -- Drogno_6: ready	battery: 3.71                    	kalman var: 0.0 0.0 0.0                    	batterySag: 0.5	link quality: 50	flight time: 0s                    	pos 1.60 1.48 2.59	yaw: -134.88	msg/s 0.0
INFO: 26-10-2022 17:41:50 log_status(397) -- Drogno_6: ready	battery: 3.73                    	kalman var: 0.0 0.0 0.0                    	batterySag: 0.5	link quality: 53	flight time: 0s                    	pos 1.62 1.47 2.62	yaw: -136.50	msg/s 0.0
INFO: 26-10-2022 17:41:51 log_status(397) -- Drogno_6: ready	battery: 3.71                    	kalman var: 0.0 0.0 0.0                    	batterySag: 0.5	link quality: 52	flight time: 0s                    	pos 1.61 1.48 2.60	yaw: -138.12	msg/s 0.0
INFO: 26-10-2022 17:41:52 log_status(397) -- Drogno_6: ready	battery: 3.68                    	kalman var: 0.0 0.0 0.0                    	batterySag: 0.5	link quality: 51	flight time: 0s                    	pos 1.60 1.48 2.59	yaw: -138.62	msg/s 0.0
INFO: 26-10-2022 17:41:53 log_status(397) -- Drogno_6: ready	battery: 3.7                    	kalman var: 0.0 0.0 0.0                    	batterySag: 0.5	link quality: 51	flight time: 0s                    	pos 1.61 1.46 2.59	yaw: -139.50	msg/s 0.0
INFO: 26-10-2022 17:41:54 log_status(397) -- Drogno_6: ready	battery: 3.67                    	kalman var: 0.0 0.0 0.0                    	batterySag: 0.5	link quality: 51	flight time: 0s                    	pos 1.61 1.48 2.60	yaw: -139.50	msg/s 0.0
INFO: 26-10-2022 17:41:55 log_status(397) -- Drogno_6: ready	battery: 3.68                    	kalman var: 0.0 0.0 0.0                    	batterySag: 0.5	link quality: 51	flight time: 0s                    	pos 1.62 1.47 2.61	yaw: -139.88	msg/s 0.0
INFO: 26-10-2022 17:41:56 log_status(397) -- Drogno_6: ready	battery: 3.67                    	kalman var: 0.0 0.0 0.0                    	batterySag: 0.5	link quality: 51	flight time: 0s                    	pos 1.61 1.46 2.59	yaw: -140.00	msg/s 0.0
INFO: 26-10-2022 17:41:57 log_status(397) -- Drogno_6: ready	battery: 3.68                    	kalman var: 0.0 0.0 0.0                    	batterySag: 0.5	link quality: 51	flight time: 0s                    	pos 1.62 1.48 2.61	yaw: -140.25	msg/s 0.0
INFO: 26-10-2022 17:41:58 log_status(397) -- Drogno_6: ready	battery: 3.67                    	kalman var: 0.0 0.0 0.0                    	batterySag: 0.5	link quality: 51	flight time: 0s                    	pos 1.60 1.48 2.59	yaw: -140.62	msg/s 0.0
INFO: 26-10-2022 17:42:00 log_status(397) -- Drogno_6: ready	battery: 3.7                    	kalman var: 0.0 0.0 0.0                    	batterySag: 0.5	link quality: 51	flight time: 0s                    	pos 1.62 1.48 2.61	yaw: -141.38	msg/s 0.0
INFO: 26-10-2022 17:42:01 log_status(397) -- Drogno_6: ready	battery: 3.7                    	kalman var: 0.0 0.0 0.0                    	batterySag: 0.5	link quality: 52	flight time: 0s                    	pos 1.62 1.48 2.61	yaw: -142.00	msg/s 0.0
INFO: 26-10-2022 17:42:02 log_status(397) -- Drogno_6: ready	battery: 3.71                    	kalman var: 0.0 0.0 0.0                    	batterySag: 0.5	link quality: 51	flight time: 0s                    	pos 1.63 1.48 2.61	yaw: -142.88	msg/s 0.0
INFO: 26-10-2022 17:42:03 log_status(397) -- Drogno_6: ready	battery: 3.71                    	kalman var: 0.0 0.0 0.0                    	batterySag: 0.5	link quality: 52	flight time: 0s                    	pos 1.61 1.48 2.60	yaw: -143.25	msg/s 0.0
INFO: 26-10-2022 17:42:04 log_status(397) -- Drogno_6: ready	battery: 3.71                    	kalman var: 0.0 0.0 0.0                    	batterySag: 0.5	link quality: 52	flight time: 0s                    	pos 1.60 1.47 2.58	yaw: -143.62	msg/s 0.0
INFO: 26-10-2022 17:42:05 log_status(397) -- Drogno_6: ready	battery: 3.7                    	kalman var: 0.0 0.0 0.0                    	batterySag: 0.5	link quality: 52	flight time: 0s                    	pos 1.61 1.48 2.60	yaw: -143.88	msg/s 0.0
INFO: 26-10-2022 17:42:06 log_status(397) -- Drogno_6: ready	battery: 3.69                    	kalman var: 0.0 0.0 0.0                    	batterySag: 0.5	link quality: 53	flight time: 0s                    	pos 1.61 1.48 2.60	yaw: -144.00	msg/s 0.0
INFO: 26-10-2022 17:42:07 log_status(397) -- Drogno_6: ready	battery: 3.69                    	kalman var: 0.0 0.0 0.0                    	batterySag: 0.5	link quality: 52	flight time: 0s                    	pos 1.61 1.48 2.60	yaw: -144.25	msg/s 0.0
INFO: 26-10-2022 17:42:08 log_status(397) -- Drogno_6: ready	battery: 3.67                    	kalman var: 0.0 0.0 0.0                    	batterySag: 0.5	link quality: 52	flight time: 0s                    	pos 1.60 1.47 2.59	yaw: -144.12	msg/s 0.0
INFO: 26-10-2022 17:42:09 log_status(397) -- Drogno_6: ready	battery: 3.66                    	kalman var: 0.0 0.0 0.0                    	batterySag: 0.5	link quality: 53	flight time: 0s                    	pos 1.61 1.48 2.60	yaw: -144.12	msg/s 0.0
INFO: 26-10-2022 17:42:11 log_status(397) -- Drogno_6: ready	battery: 3.63                    	kalman var: 0.001 0.0 0.001                    	batterySag: 0.5	link quality: 53	flight time: 0s                    	pos 1.56 1.47 2.54	yaw: -144.00	msg/s 0.0
INFO: 26-10-2022 17:42:12 log_status(397) -- Drogno_6: ready	battery: 3.63                    	kalman var: 0.0 0.0 0.0                    	batterySag: 0.5	link quality: 53	flight time: 0s                    	pos 1.63 1.48 2.62	yaw: -144.00	msg/s 0.0
INFO: 26-10-2022 17:42:13 log_status(397) -- Drogno_6: ready	battery: 3.59                    	kalman var: 0.0 0.0 0.0                    	batterySag: 0.5	link quality: 53	flight time: 0s                    	pos 1.60 1.48 2.61	yaw: -144.25	msg/s 0.0
INFO: 26-10-2022 17:42:14 log_status(397) -- Drogno_6: ready	battery: 3.58                    	kalman var: 0.0 0.0 0.0                    	batterySag: 0.5	link quality: 46	flight time: 0s                    	pos 1.53 1.47 2.59	yaw: -144.38	msg/s 0.0
INFO: 26-10-2022 17:42:15 log_status(397) -- Drogno_6: ready	battery: 3.58                    	kalman var: 0.0 0.0 0.0                    	batterySag: 0.5	link quality: 46	flight time: 0s                    	pos 1.55 1.46 2.64	yaw: -142.50	msg/s 0.0
INFO: 26-10-2022 17:42:16 log_status(397) -- Drogno_6: ready	battery: 3.58                    	kalman var: 0.0 0.0 0.0                    	batterySag: 0.5	link quality: 46	flight time: 0s                    	pos 1.57 1.46 2.64	yaw: -141.88	msg/s 0.0
INFO: 26-10-2022 17:42:17 log_status(397) -- Drogno_6: ready	battery: 3.61                    	kalman var: 0.0 0.0 0.0                    	batterySag: 0.5	link quality: 46	flight time: 0s                    	pos 1.59 1.46 2.65	yaw: -140.50	msg/s 0.0
INFO: 26-10-2022 17:42:18 log_status(397) -- Drogno_6: ready	battery: 3.66                    	kalman var: 0.0 0.0 0.0                    	batterySag: 0.5	link quality: 46	flight time: 0s                    	pos 1.59 1.43 2.64	yaw: -143.12	msg/s 0.0
INFO: 26-10-2022 17:42:19 log_status(397) -- Drogno_6: ready	battery: 3.63                    	kalman var: 0.0 0.0 0.0                    	batterySag: 0.5	link quality: 46	flight time: 0s                    	pos 1.58 1.47 2.64	yaw: -144.38	msg/s 0.0
INFO: 26-10-2022 17:42:20 log_status(397) -- Drogno_6: ready	battery: 3.64                    	kalman var: 0.0 0.0 0.0                    	batterySag: 0.5	link quality: 45	flight time: 0s                    	pos 1.55 1.46 2.62	yaw: -144.62	msg/s 0.0
INFO: 26-10-2022 17:42:22 log_status(397) -- Drogno_6: ready	battery: 3.66                    	kalman var: 0.001 0.0 0.001                    	batterySag: 0.5	link quality: 45	flight time: 0s                    	pos 1.57 1.43 2.61	yaw: -144.75	msg/s 0.0
INFO: 26-10-2022 17:42:23 log_status(397) -- Drogno_6: ready	battery: 3.67                    	kalman var: 0.0 0.0 0.0                    	batterySag: 0.5	link quality: 46	flight time: 0s                    	pos 1.59 1.45 2.64	yaw: -145.12	msg/s 0.0
INFO: 26-10-2022 17:42:24 log_status(397) -- Drogno_6: ready	battery: 3.67                    	kalman var: 0.0 0.0 0.0                    	batterySag: 0.5	link quality: 46	flight time: 0s                    	pos 1.58 1.46 2.64	yaw: -145.38	msg/s 0.0
INFO: 26-10-2022 17:42:25 log_status(397) -- Drogno_6: ready	battery: 3.66                    	kalman var: 0.001 0.0 0.0                    	batterySag: 0.5	link quality: 46	flight time: 0s                    	pos 1.55 1.45 2.60	yaw: -145.75	msg/s 0.0
INFO: 26-10-2022 17:42:26 log_status(397) -- Drogno_6: ready	battery: 3.67                    	kalman var: 0.0 0.0 0.0                    	batterySag: 0.5	link quality: 46	flight time: 0s                    	pos 1.59 1.46 2.65	yaw: -146.25	msg/s 0.0
INFO: 26-10-2022 17:42:27 log_status(397) -- Drogno_6: ready	battery: 3.67                    	kalman var: 0.0 0.0 0.0                    	batterySag: 0.5	link quality: 44	flight time: 0s                    	pos 1.58 1.46 2.64	yaw: -146.38	msg/s 0.0
INFO: 26-10-2022 17:42:28 log_status(397) -- Drogno_6: ready	battery: 3.67                    	kalman var: 0.0 0.0 0.0                    	batterySag: 0.5	link quality: 45	flight time: 0s                    	pos 1.58 1.46 2.64	yaw: -146.38	msg/s 0.0
INFO: 26-10-2022 17:42:29 log_status(397) -- Drogno_6: ready	battery: 3.67                    	kalman var: 0.0 0.0 0.0                    	batterySag: 0.5	link quality: 44	flight time: 0s                    	pos 1.57 1.46 2.63	yaw: -146.62	msg/s 0.0
INFO: 26-10-2022 17:42:30 log_status(397) -- Drogno_6: ready	battery: 3.67                    	kalman var: 0.0 0.0 0.0                    	batterySag: 0.5	link quality: 45	flight time: 0s                    	pos 1.59 1.46 2.65	yaw: -146.75	msg/s 0.0
INFO: 26-10-2022 17:42:31 log_status(397) -- Drogno_6: ready	battery: 3.67                    	kalman var: 0.0 0.0 0.0                    	batterySag: 0.5	link quality: 45	flight time: 0s                    	pos 1.58 1.46 2.64	yaw: -146.75	msg/s 0.0
INFO: 26-10-2022 17:42:33 log_status(397) -- Drogno_6: ready	battery: 3.67                    	kalman var: 0.0 0.0 0.0                    	batterySag: 0.5	link quality: 44	flight time: 0s                    	pos 1.57 1.46 2.62	yaw: -147.12	msg/s 0.0
INFO: 26-10-2022 17:42:34 log_status(397) -- Drogno_6: ready	battery: 3.68                    	kalman var: 0.0 0.0 0.0                    	batterySag: 0.5	link quality: 44	flight time: 0s                    	pos 1.59 1.46 2.65	yaw: -147.25	msg/s 0.0
INFO: 26-10-2022 17:42:35 log_status(397) -- Drogno_6: ready	battery: 3.68                    	kalman var: 0.0 0.0 0.0                    	batterySag: 0.5	link quality: 44	flight time: 0s                    	pos 1.58 1.46 2.64	yaw: -147.50	msg/s 0.0
INFO: 26-10-2022 17:42:36 log_status(397) -- Drogno_6: ready	battery: 3.67                    	kalman var: 0.0 0.0 0.0                    	batterySag: 0.5	link quality: 44	flight time: 0s                    	pos 1.58 1.46 2.64	yaw: -147.50	msg/s 0.0
INFO: 26-10-2022 17:42:37 log_status(397) -- Drogno_6: ready	battery: 3.67                    	kalman var: 0.0 0.0 0.0                    	batterySag: 0.5	link quality: 44	flight time: 0s                    	pos 1.57 1.46 2.63	yaw: -147.62	msg/s 0.0
INFO: 26-10-2022 17:42:38 log_status(397) -- Drogno_6: ready	battery: 3.67                    	kalman var: 0.0 0.0 0.0                    	batterySag: 0.5	link quality: 44	flight time: 0s                    	pos 1.59 1.46 2.65	yaw: -148.12	msg/s 0.0
INFO: 26-10-2022 17:42:39 log_status(397) -- Drogno_6: ready	battery: 3.67                    	kalman var: 0.0 0.0 0.0                    	batterySag: 0.5	link quality: 44	flight time: 0s                    	pos 1.56 1.46 2.63	yaw: -148.00	msg/s 0.0
INFO: 26-10-2022 17:42:40 log_status(397) -- Drogno_6: ready	battery: 3.67                    	kalman var: 0.0 0.0 0.0                    	batterySag: 0.5	link quality: 45	flight time: 0s                    	pos 1.58 1.46 2.64	yaw: -148.25	msg/s 0.0
INFO: 26-10-2022 17:42:41 log_status(397) -- Drogno_6: ready	battery: 3.67                    	kalman var: 0.0 0.0 0.0                    	batterySag: 0.5	link quality: 44	flight time: 0s                    	pos 1.58 1.46 2.64	yaw: -148.12	msg/s 0.0
INFO: 26-10-2022 17:42:42 log_status(397) -- Drogno_6: ready	battery: 3.67                    	kalman var: 0.0 0.0 0.0                    	batterySag: 0.5	link quality: 44	flight time: 0s                    	pos 1.58 1.46 2.64	yaw: -148.38	msg/s 0.0
INFO: 26-10-2022 17:42:44 log_status(397) -- Drogno_6: ready	battery: 3.67                    	kalman var: 0.0 0.0 0.0                    	batterySag: 0.5	link quality: 44	flight time: 0s                    	pos 1.59 1.46 2.65	yaw: -148.62	msg/s 0.0
INFO: 26-10-2022 17:42:45 log_status(397) -- Drogno_6: ready	battery: 3.67                    	kalman var: 0.0 0.0 0.0                    	batterySag: 0.5	link quality: 44	flight time: 0s                    	pos 1.57 1.46 2.63	yaw: -148.62	msg/s 0.0
INFO: 26-10-2022 17:42:46 log_status(397) -- Drogno_6: ready	battery: 3.67                    	kalman var: 0.0 0.0 0.0                    	batterySag: 0.5	link quality: 44	flight time: 0s                    	pos 1.56 1.46 2.63	yaw: -148.75	msg/s 0.0
INFO: 26-10-2022 17:42:47 log_status(397) -- Drogno_6: ready	battery: 3.66                    	kalman var: 0.0 0.0 0.0                    	batterySag: 0.5	link quality: 44	flight time: 0s                    	pos 1.58 1.46 2.64	yaw: -148.88	msg/s 0.0
INFO: 26-10-2022 17:42:48 log_status(397) -- Drogno_6: ready	battery: 3.67                    	kalman var: 0.0 0.0 0.0                    	batterySag: 0.5	link quality: 44	flight time: 0s                    	pos 1.59 1.46 2.65	yaw: -149.00	msg/s 0.0
INFO: 26-10-2022 17:42:49 log_status(397) -- Drogno_6: ready	battery: 3.66                    	kalman var: 0.0 0.0 0.0                    	batterySag: 0.5	link quality: 44	flight time: 0s                    	pos 1.58 1.46 2.64	yaw: -149.00	msg/s 0.0
INFO: 26-10-2022 17:42:50 log_status(397) -- Drogno_6: ready	battery: 3.67                    	kalman var: 0.001 0.001 0.001                    	batterySag: 0.5	link quality: 44	flight time: 0s                    	pos 1.56 1.44 2.59	yaw: -149.00	msg/s 0.0
INFO: 26-10-2022 17:42:51 log_status(397) -- Drogno_6: ready	battery: 3.66                    	kalman var: 0.0 0.0 0.0                    	batterySag: 0.5	link quality: 43	flight time: 0s                    	pos 1.57 1.46 2.64	yaw: -149.50	msg/s 0.0
INFO: 26-10-2022 17:42:52 log_status(397) -- Drogno_6: ready	battery: 3.66                    	kalman var: 0.0 0.0 0.0                    	batterySag: 0.5	link quality: 42	flight time: 0s                    	pos 1.55 1.45 2.62	yaw: -150.25	msg/s 0.0
INFO: 26-10-2022 17:42:53 log_status(397) -- Drogno_6: ready	battery: 3.66                    	kalman var: 0.0 0.0 0.0                    	batterySag: 0.5	link quality: 42	flight time: 0s                    	pos 1.58 1.46 2.64	yaw: -150.12	msg/s 0.0
INFO: 26-10-2022 17:42:55 log_status(397) -- Drogno_6: ready	battery: 3.66                    	kalman var: 0.0 0.0 0.0                    	batterySag: 0.5	link quality: 43	flight time: 0s                    	pos 1.59 1.46 2.65	yaw: -150.38	msg/s 0.0
INFO: 26-10-2022 17:42:56 log_status(397) -- Drogno_6: ready	battery: 3.66                    	kalman var: 0.0 0.0 0.0                    	batterySag: 0.5	link quality: 42	flight time: 0s                    	pos 1.59 1.45 2.64	yaw: -150.50	msg/s 0.0
INFO: 26-10-2022 17:42:57 log_status(397) -- Drogno_6: ready	battery: 3.66                    	kalman var: 0.0 0.0 0.0                    	batterySag: 0.5	link quality: 38	flight time: 0s                    	pos 1.60 1.44 2.67	yaw: -151.50	msg/s 0.0
INFO: 26-10-2022 17:42:58 log_status(397) -- Drogno_6: ready	battery: 3.66                    	kalman var: 0.001 0.0 0.0                    	batterySag: 0.5	link quality: 37	flight time: 0s                    	pos 1.53 1.41 2.61	yaw: -152.62	msg/s 0.0
INFO: 26-10-2022 17:42:59 log_status(397) -- Drogno_6: ready	battery: 3.66                    	kalman var: 0.0 0.0 0.0                    	batterySag: 0.5	link quality: 37	flight time: 0s                    	pos 1.57 1.43 2.64	yaw: -152.25	msg/s 0.0
INFO: 26-10-2022 17:43:00 log_status(397) -- Drogno_6: ready	battery: 3.66                    	kalman var: 0.0 0.0 0.0                    	batterySag: 0.5	link quality: 37	flight time: 0s                    	pos 1.58 1.44 2.66	yaw: -152.25	msg/s 0.0
INFO: 26-10-2022 17:43:01 log_status(397) -- Drogno_6: ready	battery: 3.66                    	kalman var: 0.001 0.0 0.001                    	batterySag: 0.5	link quality: 37	flight time: 0s                    	pos 1.55 1.42 2.60	yaw: -152.25	msg/s 0.0
INFO: 26-10-2022 17:43:02 log_status(397) -- Drogno_6: ready	battery: 3.66                    	kalman var: 0.0 0.0 0.0                    	batterySag: 0.5	link quality: 37	flight time: 0s                    	pos 1.59 1.44 2.67	yaw: -152.38	msg/s 0.0
INFO: 26-10-2022 17:43:03 log_status(397) -- Drogno_6: ready	battery: 3.65                    	kalman var: 0.0 0.0 0.0                    	batterySag: 0.5	link quality: 37	flight time: 0s                    	pos 1.59 1.44 2.67	yaw: -152.50	msg/s 0.0
INFO: 26-10-2022 17:43:04 log_status(397) -- Drogno_6: ready	battery: 3.65                    	kalman var: 0.0 0.0 0.0                    	batterySag: 0.5	link quality: 37	flight time: 0s                    	pos 1.56 1.44 2.65	yaw: -152.25	msg/s 0.0
INFO: 26-10-2022 17:43:06 log_status(397) -- Drogno_6: ready	battery: 3.65                    	kalman var: 0.0 0.0 0.0                    	batterySag: 0.5	link quality: 37	flight time: 0s                    	pos 1.58 1.44 2.67	yaw: -152.50	msg/s 0.0
INFO: 26-10-2022 17:43:07 log_status(397) -- Drogno_6: ready	battery: 3.65                    	kalman var: 0.0 0.0 0.0                    	batterySag: 0.5	link quality: 37	flight time: 0s                    	pos 1.58 1.44 2.66	yaw: -152.50	msg/s 0.0
INFO: 26-10-2022 17:43:08 log_status(397) -- Drogno_6: ready	battery: 3.65                    	kalman var: 0.0 0.0 0.0                    	batterySag: 0.5	link quality: 37	flight time: 0s                    	pos 1.58 1.44 2.66	yaw: -152.38	msg/s 0.0
INFO: 26-10-2022 17:43:09 log_status(397) -- Drogno_6: ready	battery: 3.65                    	kalman var: 0.001 0.0 0.0                    	batterySag: 0.5	link quality: 37	flight time: 0s                    	pos 1.56 1.43 2.63	yaw: -152.25	msg/s 0.0
INFO: 26-10-2022 17:43:10 log_status(397) -- Drogno_6: ready	battery: 3.65                    	kalman var: 0.001 0.0 0.0                    	batterySag: 0.5	link quality: 37	flight time: 0s                    	pos 1.49 1.43 2.59	yaw: -152.25	msg/s 0.0
INFO: 26-10-2022 17:43:11 log_status(397) -- Drogno_6: ready	battery: 3.65                    	kalman var: 0.0 0.0 0.0                    	batterySag: 0.5	link quality: 37	flight time: 0s                    	pos 1.58 1.44 2.66	yaw: -152.38	msg/s 0.0
INFO: 26-10-2022 17:43:12 log_status(397) -- Drogno_6: landing	battery: 3.65                    	kalman var: 0.001 0.0 0.0                    	batterySag: 0.5	link quality: 37	flight time: 0s                    	pos 1.56 1.43 2.62	yaw: -152.38	msg/s 0.0
INFO: 26-10-2022 17:43:13 log_status(397) -- Drogno_6: ready	battery: 3.65                    	kalman var: 0.0 0.0 0.0                    	batterySag: 0.5	link quality: 37	flight time: 0s                    	pos 1.58 1.44 2.66	yaw: -152.62	msg/s 0.0
INFO: 26-10-2022 17:43:14 log_status(397) -- Drogno_6: ready	battery: 3.65                    	kalman var: 0.0 0.0 0.0                    	batterySag: 0.5	link quality: 37	flight time: 0s                    	pos 1.58 1.44 2.66	yaw: -152.38	msg/s 0.0
INFO: 26-10-2022 17:43:15 log_status(397) -- Drogno_6: ready	battery: 3.84                    	kalman var: 0.0 0.0 0.0                    	batterySag: 0.5	link quality: 39	flight time: 0s                    	pos 1.21 1.40 2.42	yaw: -144.12	msg/s 0.0
INFO: 26-10-2022 17:43:17 log_status(397) -- Drogno_6: ready	battery: 3.88                    	kalman var: 0.0 0.0 0.0                    	batterySag: 0.5	link quality: 39	flight time: 0s                    	pos 1.46 1.43 2.58	yaw: -139.00	msg/s 0.0
INFO: 26-10-2022 17:43:18 log_status(397) -- Drogno_6: ready	battery: 3.88                    	kalman var: 0.0 0.0 0.0                    	batterySag: 0.5	link quality: 37	flight time: 0s                    	pos 1.48 1.43 2.59	yaw: -138.25	msg/s 0.0
INFO: 26-10-2022 17:43:19 log_status(397) -- Drogno_6: ready	battery: 3.88                    	kalman var: 0.0 0.0 0.0                    	batterySag: 0.5	link quality: 35	flight time: 0s                    	pos 1.45 1.39 2.55	yaw: -163.12	msg/s 0.0
INFO: 26-10-2022 17:43:20 log_status(397) -- Drogno_6: ready	battery: 3.89                    	kalman var: 0.0 0.0 0.0                    	batterySag: 0.5	link quality: 36	flight time: 0s                    	pos 1.75 1.46 2.76	yaw: 113.19	msg/s 0.0
INFO: 26-10-2022 17:43:21 log_status(397) -- Drogno_6: ready	battery: 3.89                    	kalman var: 0.001 0.001 0.001                    	batterySag: 0.5	link quality: 35	flight time: 0s                    	pos 1.87 1.58 2.80	yaw: 107.25	msg/s 0.0
INFO: 26-10-2022 17:43:22 log_status(397) -- Drogno_6: ready	battery: 3.9                    	kalman var: 0.001 0.001 0.001                    	batterySag: 0.5	link quality: 42	flight time: 0s                    	pos 1.54 1.46 2.62	yaw: 127.12	msg/s 0.0
INFO: 26-10-2022 17:43:23 log_status(397) -- Drogno_6: ready	battery: 3.9                    	kalman var: 0.0 0.0 0.0                    	batterySag: 0.5	link quality: 43	flight time: 0s                    	pos 1.60 1.44 2.62	yaw: 125.38	msg/s 0.0
INFO: 26-10-2022 17:43:24 log_status(397) -- Drogno_6: out of BOX	battery: 3.9                    	kalman var: 0.002 0.002 0.001                    	batterySag: 0.5	link quality: 44	flight time: 0s                    	pos -4.87 1.14 1.87	yaw: 73.12	msg/s 0.0
INFO: 26-10-2022 17:43:25 log_status(397) -- Drogno_6: out of BOX	battery: 3.9                    	kalman var: 0.002 0.003 0.001                    	batterySag: 0.5	link quality: 44	flight time: 0s                    	pos -9.31 0.35 -6.26	yaw: 129.50	msg/s 0.0
INFO: 26-10-2022 17:43:26 log_status(397) -- Drogno_6: out of BOX	battery: 3.9                    	kalman var: 0.005 0.006 0.002                    	batterySag: 0.5	link quality: 44	flight time: 0s                    	pos 0.80 1.53 4.38	yaw: 75.44	msg/s 0.0
INFO: 26-10-2022 17:43:28 log_status(397) -- Drogno_6: ready	battery: 3.9                    	kalman var: 0.0 0.0 0.0                    	batterySag: 0.5	link quality: 39	flight time: 0s                    	pos -1.26 1.26 0.30	yaw: 41.91	msg/s 0.0
INFO: 26-10-2022 17:43:29 log_status(397) -- Drogno_6: out of BOX	battery: 3.9                    	kalman var: 0.002 0.002 0.003                    	batterySag: 0.5	link quality: 39	flight time: 0s                    	pos -4.80 3.19 -1.67	yaw: 35.38	msg/s 0.0
INFO: 26-10-2022 17:43:30 log_status(397) -- Drogno_6: out of BOX	battery: 3.91                    	kalman var: 0.008 0.008 0.006                    	batterySag: 0.5	link quality: 39	flight time: 0s                    	pos -9.28 8.43 -3.83	yaw: 31.16	msg/s 0.0
INFO: 26-10-2022 17:43:31 log_status(397) -- Drogno_6: ready	battery: 3.9                    	kalman var: 0.002 0.001 0.001                    	batterySag: 0.5	link quality: 39	flight time: 0s                    	pos -2.19 1.14 -0.29	yaw: 149.38	msg/s 0.0
INFO: 26-10-2022 17:43:32 log_status(397) -- Drogno_6: ready	battery: 3.91                    	kalman var: 0.002 0.003 0.001                    	batterySag: 0.5	link quality: 40	flight time: 0s                    	pos -1.59 1.20 0.06	yaw: 123.38	msg/s 0.0
INFO: 26-10-2022 17:43:33 log_status(397) -- Drogno_6: ready	battery: 3.91                    	kalman var: 0.001 0.001 0.0                    	batterySag: 0.5	link quality: 40	flight time: 0s                    	pos 0.13 0.06 -0.04	yaw: -0.01	msg/s 0.0
INFO: 26-10-2022 17:43:34 log_status(397) -- Drogno_6: out of BOX	battery: 3.91                    	kalman var: 0.016 0.016 0.001                    	batterySag: 0.5	link quality: 40	flight time: 0s                    	pos 3.83 1.58 -1.28	yaw: -0.28	msg/s 0.0
INFO: 26-10-2022 17:43:35 log_status(397) -- Drogno_6: ready	battery: 3.91                    	kalman var: 0.002 0.002 0.001                    	batterySag: 0.5	link quality: 40	flight time: 0s                    	pos 0.49 0.20 -0.16	yaw: -0.00	msg/s 0.0
INFO: 26-10-2022 17:43:36 log_status(397) -- Drogno_6: out of BOX	battery: 3.91                    	kalman var: 0.021 0.021 0.002                    	batterySag: 0.5	link quality: 40	flight time: 0s                    	pos 5.27 2.16 -1.77	yaw: 0.15	msg/s 0.0
INFO: 26-10-2022 17:43:37 log_status(397) -- Drogno_6: ready	battery: 3.91                    	kalman var: 0.005 0.005 0.001                    	batterySag: 0.5	link quality: 40	flight time: 0s                    	pos 1.12 0.44 -0.38	yaw: 0.02	msg/s 0.0
INFO: 26-10-2022 17:43:39 log_status(397) -- Drogno_6: ready	battery: 3.91                    	kalman var: 0.0 0.0 0.0                    	batterySag: 0.5	link quality: 40	flight time: 0s                    	pos 0.02 0.01 -0.01	yaw: -0.01	msg/s 0.0
INFO: 26-10-2022 17:43:40 log_status(397) -- Drogno_6: ready	battery: 3.91                    	kalman var: 0.001 0.001 0.0                    	batterySag: 0.5	link quality: 40	flight time: 0s                    	pos -0.78 1.51 0.76	yaw: 148.88	msg/s 0.0
INFO: 26-10-2022 17:43:41 log_status(397) -- Drogno_6: ready	battery: 3.91                    	kalman var: 0.006 0.001 0.001                    	batterySag: 0.5	link quality: 42	flight time: 0s                    	pos -2.25 1.77 -0.26	yaw: 160.88	msg/s 0.0
INFO: 26-10-2022 17:43:42 log_status(397) -- Drogno_6: out of BOX	battery: 3.91                    	kalman var: 0.023 0.009 0.006                    	batterySag: 0.5	link quality: 41	flight time: 0s                    	pos -7.15 2.85 -2.17	yaw: 142.75	msg/s 0.0
INFO: 26-10-2022 17:43:43 log_status(397) -- Drogno_6: out of BOX	battery: 3.91                    	kalman var: 0.049 0.023 0.011                    	batterySag: 0.5	link quality: 41	flight time: 0s                    	pos -13.27 5.59 -4.02	yaw: 130.88	msg/s 0.0
INFO: 26-10-2022 17:43:44 log_status(397) -- Drogno_6: out of BOX	battery: 3.91                    	kalman var: 0.098 0.05 0.02                    	batterySag: 0.5	link quality: 41	flight time: 0s                    	pos -21.94 12.45 -6.65	yaw: 117.75	msg/s 0.0
INFO: 26-10-2022 17:43:45 log_status(397) -- Drogno_6: ready	battery: 3.91                    	kalman var: 0.002 0.002 0.001                    	batterySag: 0.5	link quality: 41	flight time: 0s                    	pos 0.50 0.02 -0.16	yaw: -0.08	msg/s 0.0
INFO: 26-10-2022 17:43:46 log_status(397) -- Drogno_6: out of BOX	battery: 3.91                    	kalman var: 0.001 0.005 0.001                    	batterySag: 0.5	link quality: 41	flight time: 0s                    	pos -10.42 6.52 0.06	yaw: 89.62	msg/s 0.0
INFO: 26-10-2022 17:43:47 log_status(397) -- Drogno_6: ready	battery: 3.91                    	kalman var: 0.001 0.001 0.0                    	batterySag: 0.5	link quality: 41	flight time: 0s                    	pos 0.19 0.01 -0.06	yaw: -0.03	msg/s 0.0
INFO: 26-10-2022 17:43:48 log_status(397) -- Drogno_6: out of BOX	battery: 3.91                    	kalman var: 0.022 0.022 0.002                    	batterySag: 0.5	link quality: 41	flight time: 0s                    	pos 6.12 0.25 -1.96	yaw: -0.14	msg/s 0.0
INFO: 26-10-2022 17:43:50 log_status(397) -- Drogno_6: ready	battery: 3.91                    	kalman var: 0.008 0.008 0.001                    	batterySag: 0.5	link quality: 41	flight time: 0s                    	pos 2.19 0.09 -0.71	yaw: -0.16	msg/s 0.0
INFO: 26-10-2022 17:43:51 log_status(397) -- Drogno_6: ready	battery: 3.91                    	kalman var: 0.001 0.001 0.0                    	batterySag: 0.5	link quality: 41	flight time: 0s                    	pos 0.31 0.01 -0.10	yaw: -0.00	msg/s 0.0
INFO: 26-10-2022 17:43:52 log_status(397) -- Drogno_6: out of BOX	battery: 3.91                    	kalman var: 0.018 0.018 0.001                    	batterySag: 0.5	link quality: 41	flight time: 0s                    	pos 5.07 0.20 -1.63	yaw: -0.13	msg/s 0.0
INFO: 26-10-2022 17:43:53 log_status(397) -- Drogno_6: ready	battery: 3.91                    	kalman var: 0.006 0.006 0.001                    	batterySag: 0.5	link quality: 40	flight time: 0s                    	pos 1.70 0.06 -0.55	yaw: 0.04	msg/s 0.0
INFO: 26-10-2022 17:43:54 log_status(397) -- Drogno_6: ready	battery: 3.91                    	kalman var: 0.0 0.0 0.0                    	batterySag: 0.5	link quality: 41	flight time: 0s                    	pos 0.00 0.00 -0.00	yaw: 0.00	msg/s 0.0
INFO: 26-10-2022 17:43:55 log_status(397) -- Drogno_6: out of BOX	battery: 3.91                    	kalman var: 0.015 0.015 0.001                    	batterySag: 0.5	link quality: 41	flight time: 0s                    	pos 4.30 0.14 -1.39	yaw: -0.06	msg/s 0.0
INFO: 26-10-2022 17:43:56 log_status(397) -- Drogno_6: ready	battery: 3.91                    	kalman var: 0.002 0.002 0.001                    	batterySag: 0.5	link quality: 40	flight time: 0s                    	pos 0.66 0.02 -0.21	yaw: 0.02	msg/s 0.0
INFO: 26-10-2022 17:43:57 log_status(397) -- Drogno_6: out of BOX	battery: 3.91                    	kalman var: 0.029 0.029 0.002                    	batterySag: 0.5	link quality: 40	flight time: 0s                    	pos 8.12 0.24 -2.61	yaw: 0.02	msg/s 0.0
INFO: 26-10-2022 17:43:58 log_status(397) -- Drogno_6: ready	battery: 3.91                    	kalman var: 0.009 0.009 0.001                    	batterySag: 0.5	link quality: 40	flight time: 0s                    	pos 2.50 0.07 -0.81	yaw: -0.06	msg/s 0.0
INFO: 26-10-2022 17:43:59 log_status(397) -- Drogno_6: ready	battery: 3.91                    	kalman var: 0.002 0.002 0.001                    	batterySag: 0.5	link quality: 41	flight time: 0s                    	pos 0.42 0.01 -0.14	yaw: 0.00	msg/s 0.0
INFO: 26-10-2022 17:44:01 log_status(397) -- Drogno_6: out of BOX	battery: 3.91                    	kalman var: 0.02 0.02 0.002                    	batterySag: 0.5	link quality: 41	flight time: 0s                    	pos 5.50 0.14 -1.78	yaw: -0.02	msg/s 0.0
INFO: 26-10-2022 17:44:02 log_status(397) -- Drogno_6: ready	battery: 3.91                    	kalman var: 0.007 0.007 0.001                    	batterySag: 0.5	link quality: 40	flight time: 0s                    	pos 2.03 0.05 -0.66	yaw: -0.03	msg/s 0.0
INFO: 26-10-2022 17:44:03 log_status(397) -- Drogno_6: ready	battery: 3.88                    	kalman var: 0.0 0.0 0.0                    	batterySag: 0.5	link quality: 40	flight time: 0s                    	pos 0.03 0.00 -0.01	yaw: -0.03	msg/s 0.0
INFO: 26-10-2022 17:44:04 log_status(397) -- Drogno_6: out of BOX	battery: 3.91                    	kalman var: 0.018 0.018 0.001                    	batterySag: 0.5	link quality: 40	flight time: 0s                    	pos 4.88 0.12 -1.57	yaw: -0.07	msg/s 0.0
INFO: 26-10-2022 17:44:05 log_status(397) -- Drogno_6: ready	battery: 3.91                    	kalman var: 0.003 0.003 0.001                    	batterySag: 0.5	link quality: 40	flight time: 0s                    	pos 0.88 0.02 -0.28	yaw: 0.01	msg/s 0.0
INFO: 26-10-2022 17:44:06 log_status(397) -- Drogno_6: ready	battery: 3.91                    	kalman var: 0.0 0.0 0.0                    	batterySag: 0.5	link quality: 40	flight time: 0s                    	pos 0.00 0.00 -0.00	yaw: 0.01	msg/s 0.0
INFO: 26-10-2022 17:44:07 log_status(397) -- Drogno_6: out of BOX	battery: 3.91                    	kalman var: 0.011 0.011 0.001                    	batterySag: 0.5	link quality: 40	flight time: 0s                    	pos 2.94 0.06 -0.95	yaw: -0.06	msg/s 0.0
INFO: 26-10-2022 17:44:08 log_status(397) -- Drogno_6: ready	battery: 3.91                    	kalman var: 0.002 0.002 0.001                    	batterySag: 0.5	link quality: 40	flight time: 0s                    	pos 0.64 0.02 -0.21	yaw: -0.02	msg/s 0.0
INFO: 26-10-2022 17:44:09 log_status(397) -- Drogno_6: out of BOX	battery: 3.91                    	kalman var: 0.029 0.029 0.002                    	batterySag: 0.5	link quality: 40	flight time: 0s                    	pos 8.05 0.18 -2.60	yaw: -0.01	msg/s 0.0
INFO: 26-10-2022 17:44:10 log_status(397) -- Drogno_6: ready	battery: 3.91                    	kalman var: 0.001 0.001 0.0                    	batterySag: 0.5	link quality: 40	flight time: 0s                    	pos 0.35 0.01 -0.11	yaw: -0.02	msg/s 0.0
INFO: 26-10-2022 17:44:12 log_status(397) -- Drogno_6: out of BOX	battery: 3.91                    	kalman var: 0.025 0.025 0.002                    	batterySag: 0.5	link quality: 40	flight time: 0s                    	pos 6.92 0.16 -2.23	yaw: -0.04	msg/s 0.0
INFO: 26-10-2022 17:44:13 log_status(397) -- Drogno_6: ready	battery: 3.91                    	kalman var: 0.007 0.007 0.001                    	batterySag: 0.5	link quality: 40	flight time: 0s                    	pos 1.84 0.03 -0.59	yaw: -0.02	msg/s 0.0
INFO: 26-10-2022 17:44:14 log_status(397) -- Drogno_6: ready	battery: 3.91                    	kalman var: 0.001 0.001 0.0                    	batterySag: 0.5	link quality: 40	flight time: 0s                    	pos 0.18 0.00 -0.06	yaw: 0.03	msg/s 0.0
INFO: 26-10-2022 17:44:15 log_status(397) -- Drogno_6: ready	battery: 3.91                    	kalman var: 0.001 0.001 0.0                    	batterySag: 0.5	link quality: 40	flight time: 0s                    	pos 0.26 0.00 -0.08	yaw: -0.06	msg/s 0.0
INFO: 26-10-2022 17:44:16 log_status(397) -- Drogno_6: out of BOX	battery: 3.91                    	kalman var: 0.023 0.023 0.002                    	batterySag: 0.5	link quality: 40	flight time: 0s                    	pos 6.47 0.11 -2.09	yaw: -0.08	msg/s 0.0
INFO: 26-10-2022 17:44:17 log_status(397) -- Drogno_6: ready	battery: 3.91                    	kalman var: 0.006 0.006 0.001                    	batterySag: 0.5	link quality: 40	flight time: 0s                    	pos 1.62 0.03 -0.52	yaw: 0.01	msg/s 0.0
INFO: 26-10-2022 17:44:18 log_status(397) -- Drogno_6: ready	battery: 3.88                    	kalman var: 0.001 0.001 0.0                    	batterySag: 0.5	link quality: 40	flight time: 0s                    	pos 0.10 0.00 -0.03	yaw: -0.01	msg/s 0.0
INFO: 26-10-2022 17:44:19 log_status(397) -- Drogno_6: out of BOX	battery: 3.88                    	kalman var: 0.015 0.015 0.001                    	batterySag: 0.5	link quality: 40	flight time: 0s                    	pos 4.06 0.08 -1.31	yaw: 0.01	msg/s 0.0
INFO: 26-10-2022 17:44:20 log_status(397) -- Drogno_6: ready	battery: 3.91                    	kalman var: 0.004 0.004 0.001                    	batterySag: 0.5	link quality: 40	flight time: 0s                    	pos 1.17 0.02 -0.38	yaw: -0.01	msg/s 0.0
INFO: 26-10-2022 17:44:21 log_status(397) -- Drogno_6: out of BOX	battery: 3.91                    	kalman var: 0.028 0.028 0.002                    	batterySag: 0.5	link quality: 40	flight time: 0s                    	pos 7.71 0.14 -2.48	yaw: -0.04	msg/s 0.0
WARNING: 26-10-2022 17:44:23 exit(678) -- closing Drogno_6
