INFO: 26-10-2022 17:33:12 __init__(111) -- This is drone log from Drogno_6
INFO: 26-10-2022 17:33:12 log_status(393) -- Logger started
INFO: 26-10-2022 17:33:15 log_status(397) -- Drogno_6: BAD kalman	battery: 4.09                    	kalman var: 1.652 1.652 0.265                    	batterySag: 0.5	link quality: 46	flight time: 0s                    	pos -0.11 0.49 -4.01	yaw: 0.04	msg/s 0.0
INFO: 26-10-2022 17:33:16 log_status(397) -- Drogno_6: BAD kalman	battery: 4.09                    	kalman var: 3.195 3.195 0.266                    	batterySag: 0.5	link quality: 45	flight time: 0s                    	pos -0.22 0.99 -5.82	yaw: 0.04	msg/s 0.0
INFO: 26-10-2022 17:33:17 log_status(397) -- Drogno_6: ready	battery: 4.09                    	kalman var: 0.0 0.001 0.001                    	batterySag: 0.5	link quality: 46	flight time: 0s                    	pos -0.13 1.57 1.01	yaw: -86.25	msg/s 0.0
INFO: 26-10-2022 17:33:18 log_status(397) -- Drogno_6: out of BOX	battery: 4.09                    	kalman var: 0.0 0.001 0.0                    	batterySag: 0.5	link quality: 46	flight time: 0s                    	pos -3.69 1.70 -2.29	yaw: -66.62	msg/s 0.0
INFO: 26-10-2022 17:33:19 log_status(397) -- Drogno_6: out of BOX	battery: 4.09                    	kalman var: 0.001 0.002 0.001                    	batterySag: 0.5	link quality: 45	flight time: 0s                    	pos -6.14 1.79 -4.39	yaw: -75.56	msg/s 0.0
INFO: 26-10-2022 17:33:20 log_status(397) -- Drogno_6: out of BOX	battery: 4.09                    	kalman var: 0.001 0.005 0.002                    	batterySag: 0.5	link quality: 46	flight time: 0s                    	pos -8.77 1.84 -6.71	yaw: -83.75	msg/s 0.0
INFO: 26-10-2022 17:33:21 log_status(397) -- Drogno_6: out of BOX	battery: 4.09                    	kalman var: 0.001 0.008 0.003                    	batterySag: 0.5	link quality: 46	flight time: 0s                    	pos -12.81 1.97 -10.29	yaw: -86.31	msg/s 0.0
INFO: 26-10-2022 17:33:22 log_status(397) -- Drogno_6: out of BOX	battery: 4.09                    	kalman var: 0.001 0.015 0.004                    	batterySag: 0.5	link quality: 46	flight time: 0s                    	pos -20.36 2.19 -16.95	yaw: -86.12	msg/s 0.0
INFO: 26-10-2022 17:33:24 log_status(397) -- Drogno_6: out of BOX	battery: 4.09                    	kalman var: 0.002 0.025 0.005                    	batterySag: 0.5	link quality: 46	flight time: 0s                    	pos -32.59 2.61 -27.83	yaw: -87.31	msg/s 0.0
INFO: 26-10-2022 17:33:25 log_status(397) -- Drogno_6: ready	battery: 4.09                    	kalman var: 0.0 0.001 0.001                    	batterySag: 0.5	link quality: 45	flight time: 0s                    	pos -0.94 1.59 0.30	yaw: -82.62	msg/s 0.0
INFO: 26-10-2022 17:33:26 log_status(397) -- Drogno_6: ready	battery: 4.09                    	kalman var: 0.0 0.0 0.001                    	batterySag: 0.5	link quality: 46	flight time: 0s                    	pos 1.88 1.51 2.79	yaw: -85.25	msg/s 0.0
INFO: 26-10-2022 17:33:27 log_status(397) -- Drogno_6: out of BOX	battery: 4.09                    	kalman var: 0.001 0.0 0.001                    	batterySag: 0.5	link quality: 45	flight time: 0s                    	pos -5.12 2.01 -3.84	yaw: -40.88	msg/s 0.0
INFO: 26-10-2022 17:33:28 log_status(397) -- Drogno_6: ready	battery: 4.09                    	kalman var: 0.0 0.0 0.0                    	batterySag: 0.5	link quality: 46	flight time: 0s                    	pos -1.04 1.58 0.14	yaw: -45.47	msg/s 0.0
INFO: 26-10-2022 17:33:29 log_status(397) -- Drogno_6: ready	battery: 4.09                    	kalman var: 0.0 0.001 0.001                    	batterySag: 0.5	link quality: 46	flight time: 0s                    	pos 1.23 1.52 2.23	yaw: -86.25	msg/s 0.0
INFO: 26-10-2022 17:33:30 log_status(397) -- Drogno_6: ready	battery: 4.09                    	kalman var: 0.0 0.0 0.0                    	batterySag: 0.5	link quality: 46	flight time: 0s                    	pos 1.64 1.51 2.61	yaw: -81.94	msg/s 0.0
INFO: 26-10-2022 17:33:31 log_status(397) -- Drogno_6: ready	battery: 4.09                    	kalman var: 0.0 0.0 0.0                    	batterySag: 0.5	link quality: 46	flight time: 0s                    	pos 1.68 1.50 2.63	yaw: -86.94	msg/s 0.0
INFO: 26-10-2022 17:33:32 log_status(397) -- Drogno_6: ready	battery: 4.09                    	kalman var: 0.0 0.0 0.0                    	batterySag: 0.5	link quality: 46	flight time: 0s                    	pos 1.70 1.50 2.66	yaw: -84.75	msg/s 0.0
INFO: 26-10-2022 17:33:33 log_status(397) -- Drogno_6: ready	battery: 4.09                    	kalman var: 0.0 0.0 0.0                    	batterySag: 0.5	link quality: 46	flight time: 0s                    	pos 1.69 1.51 2.64	yaw: -85.94	msg/s 0.0
INFO: 26-10-2022 17:33:35 log_status(397) -- Drogno_6: ready	battery: 4.09                    	kalman var: 0.0 0.0 0.0                    	batterySag: 0.5	link quality: 46	flight time: 0s                    	pos 1.69 1.51 2.64	yaw: -87.62	msg/s 0.0
INFO: 26-10-2022 17:33:36 log_status(397) -- Drogno_6: ready	battery: 4.09                    	kalman var: 0.0 0.0 0.0                    	batterySag: 0.5	link quality: 46	flight time: 0s                    	pos 1.69 1.50 2.65	yaw: -86.62	msg/s 0.0
INFO: 26-10-2022 17:33:37 log_status(397) -- Drogno_6: ready	battery: 4.09                    	kalman var: 0.0 0.0 0.0                    	batterySag: 0.5	link quality: 46	flight time: 0s                    	pos 1.69 1.50 2.65	yaw: -86.81	msg/s 0.0
INFO: 26-10-2022 17:33:38 log_status(397) -- Drogno_6: ready	battery: 4.09                    	kalman var: 0.0 0.0 0.0                    	batterySag: 0.5	link quality: 46	flight time: 0s                    	pos 1.69 1.50 2.64	yaw: -86.50	msg/s 0.0
INFO: 26-10-2022 17:33:39 log_status(397) -- Drogno_6: ready	battery: 4.09                    	kalman var: 0.0 0.0 0.0                    	batterySag: 0.5	link quality: 46	flight time: 0s                    	pos 1.70 1.50 2.65	yaw: -84.94	msg/s 0.0
INFO: 26-10-2022 17:33:40 log_status(397) -- Drogno_6: ready	battery: 4.09                    	kalman var: 0.0 0.0 0.0                    	batterySag: 0.5	link quality: 46	flight time: 0s                    	pos 1.70 1.51 2.66	yaw: -86.69	msg/s 0.0
INFO: 26-10-2022 17:33:41 log_status(397) -- Drogno_6: ready	battery: 4.09                    	kalman var: 0.0 0.0 0.0                    	batterySag: 0.5	link quality: 46	flight time: 0s                    	pos 1.68 1.50 2.64	yaw: -86.25	msg/s 0.0
INFO: 26-10-2022 17:33:42 log_status(397) -- Drogno_6: ready	battery: 4.09                    	kalman var: 0.0 0.0 0.0                    	batterySag: 0.5	link quality: 46	flight time: 0s                    	pos 1.68 1.50 2.64	yaw: -85.56	msg/s 0.0
INFO: 26-10-2022 17:33:43 log_status(397) -- Drogno_6: ready	battery: 4.09                    	kalman var: 0.0 0.0 0.0                    	batterySag: 0.5	link quality: 46	flight time: 0s                    	pos 1.69 1.51 2.64	yaw: -86.56	msg/s 0.0
INFO: 26-10-2022 17:33:44 log_status(397) -- Drogno_6: ready	battery: 4.09                    	kalman var: 0.0 0.0 0.0                    	batterySag: 0.5	link quality: 46	flight time: 0s                    	pos 1.68 1.51 2.64	yaw: -86.06	msg/s 0.0
INFO: 26-10-2022 17:33:46 log_status(397) -- Drogno_6: ready	battery: 4.09                    	kalman var: 0.0 0.0 0.0                    	batterySag: 0.5	link quality: 46	flight time: 0s                    	pos 1.69 1.50 2.64	yaw: -86.81	msg/s 0.0
INFO: 26-10-2022 17:33:47 log_status(397) -- Drogno_6: ready	battery: 4.09                    	kalman var: 0.0 0.0 0.0                    	batterySag: 0.5	link quality: 46	flight time: 0s                    	pos 1.69 1.50 2.65	yaw: -86.56	msg/s 0.0
INFO: 26-10-2022 17:33:48 log_status(397) -- Drogno_6: ready	battery: 4.09                    	kalman var: 0.0 0.0 0.0                    	batterySag: 0.5	link quality: 45	flight time: 0s                    	pos 1.68 1.50 2.64	yaw: -86.69	msg/s 0.0
INFO: 26-10-2022 17:33:49 log_status(397) -- Drogno_6: ready	battery: 4.09                    	kalman var: 0.0 0.0 0.0                    	batterySag: 0.5	link quality: 48	flight time: 0s                    	pos 1.69 1.51 2.64	yaw: -86.31	msg/s 0.0
INFO: 26-10-2022 17:33:50 log_status(397) -- Drogno_6: ready	battery: 4.09                    	kalman var: 0.0 0.0 0.0                    	batterySag: 0.5	link quality: 56	flight time: 0s                    	pos 1.52 1.48 2.53	yaw: -132.12	msg/s 0.0
INFO: 26-10-2022 17:33:51 log_status(397) -- Drogno_6: ready	battery: 4.09                    	kalman var: 0.0 0.0 0.001                    	batterySag: 0.5	link quality: 48	flight time: 0s                    	pos 1.53 1.48 2.55	yaw: -144.88	msg/s 0.0
INFO: 26-10-2022 17:33:52 log_status(397) -- Drogno_6: ready	battery: 4.09                    	kalman var: 0.0 0.0 0.0                    	batterySag: 0.5	link quality: 45	flight time: 0s                    	pos 1.54 1.50 2.57	yaw: -151.00	msg/s 0.0
INFO: 26-10-2022 17:33:53 log_status(397) -- Drogno_6: ready	battery: 3.63                    	kalman var: 0.0 0.0 0.0                    	batterySag: 0.5	link quality: 39	flight time: 0s                    	pos 1.57 1.50 2.61	yaw: -160.75	msg/s 0.0
INFO: 26-10-2022 17:33:54 log_status(397) -- Drogno_6: ready	battery: 3.67                    	kalman var: 0.0 0.0 0.0                    	batterySag: 0.5	link quality: 42	flight time: 0s                    	pos 1.68 1.48 2.69	yaw: -155.50	msg/s 0.0
INFO: 26-10-2022 17:33:55 log_status(397) -- Drogno_6: ready	battery: 3.66                    	kalman var: 0.0 0.0 0.0                    	batterySag: 0.5	link quality: 55	flight time: 0s                    	pos 1.66 1.48 2.65	yaw: -142.25	msg/s 0.0
INFO: 26-10-2022 17:33:57 log_status(397) -- Drogno_6: ready	battery: 3.65                    	kalman var: 0.0 0.0 0.0                    	batterySag: 0.5	link quality: 38	flight time: 0s                    	pos 1.18 1.53 2.42	yaw: -136.62	msg/s 0.0
WARNING: 26-10-2022 17:33:57 evaluateBattery(607) -- battery under 3.45v
INFO: 26-10-2022 17:33:58 log_status(397) -- Drogno_6: out of BOX	battery: 3.35                    	kalman var: 0.001 0.001 0.001                    	batterySag: 0.5	link quality: 36	flight time: 0s                    	pos -2.88 1.63 0.04	yaw: -133.25	msg/s 0.0
INFO: 26-10-2022 17:33:58 check_out_of_boxiness(631) -- Landing due trespassing!
INFO: 26-10-2022 17:33:58 check_out_of_boxiness(631) -- Landing due trespassing!
WARNING: 26-10-2022 17:33:58 evaluateBattery(607) -- battery under 3.45v
INFO: 26-10-2022 17:33:58 check_out_of_boxiness(631) -- Landing due trespassing!
INFO: 26-10-2022 17:33:58 check_out_of_boxiness(631) -- Landing due trespassing!
WARNING: 26-10-2022 17:33:58 evaluateBattery(607) -- battery under 3.45v
INFO: 26-10-2022 17:33:59 log_status(397) -- Drogno_6: ready	battery: 3.37                    	kalman var: 0.001 0.0 0.0                    	batterySag: 0.5	link quality: 35	flight time: 0s                    	pos -1.00 1.48 1.09	yaw: 0.16	msg/s 0.0
WARNING: 26-10-2022 17:33:59 evaluateBattery(607) -- battery under 3.45v
WARNING: 26-10-2022 17:33:59 evaluateBattery(607) -- battery under 3.45v
INFO: 26-10-2022 17:34:00 log_status(397) -- Drogno_6: ready	battery: 3.23                    	kalman var: 0.007 0.0 0.001                    	batterySag: 0.5	link quality: 35	flight time: 0s                    	pos -2.36 1.45 0.43	yaw: -0.65	msg/s 0.0
WARNING: 26-10-2022 17:34:00 evaluateBattery(607) -- battery under 3.45v
INFO: 26-10-2022 17:34:00 check_out_of_boxiness(631) -- Landing due trespassing!
INFO: 26-10-2022 17:34:01 check_out_of_boxiness(631) -- Landing due trespassing!
WARNING: 26-10-2022 17:34:01 evaluateBattery(607) -- battery under 3.45v
INFO: 26-10-2022 17:34:01 log_status(397) -- Drogno_6: landed	battery: 3.38                    	kalman var: 0.002 0.001 0.001                    	batterySag: 0.5	link quality: 35	flight time: 0s                    	pos -5.11 1.62 -1.59	yaw: -71.62	msg/s 0.0
WARNING: 26-10-2022 17:34:01 exit(678) -- closing Drogno_6
