INFO: 26-10-2022 17:38:27 __init__(111) -- This is drone log from Drogno_6
INFO: 26-10-2022 17:38:28 log_status(393) -- Logger started
INFO: 26-10-2022 17:38:30 log_status(397) -- Drogno_6: ready	battery: 4.06                    	kalman var: 0.0 0.0 0.0                    	batterySag: 0.5	link quality: 39	flight time: 0s                    	pos 0.00 0.00 0.00	yaw: 0.00	msg/s 0.0
INFO: 26-10-2022 17:38:31 log_status(397) -- Drogno_6: ready	battery: 4.06                    	kalman var: 0.0 0.0 0.0                    	batterySag: 0.5	link quality: 35	flight time: 0s                    	pos 0.00 0.00 0.00	yaw: 0.00	msg/s 0.0
INFO: 26-10-2022 17:38:32 log_status(397) -- Drogno_6: ready	battery: 4.06                    	kalman var: 0.0 0.0 0.0                    	batterySag: 0.5	link quality: 39	flight time: 0s                    	pos 0.00 0.00 0.00	yaw: 0.00	msg/s 0.0
INFO: 26-10-2022 17:38:33 log_status(397) -- Drogno_6: ready	battery: 4.06                    	kalman var: 0.0 0.0 0.0                    	batterySag: 0.5	link quality: 44	flight time: 0s                    	pos 0.00 0.00 0.00	yaw: 0.00	msg/s 0.0
INFO: 26-10-2022 17:38:34 log_status(397) -- Drogno_6: ready	battery: 4.06                    	kalman var: 0.0 0.0 0.0                    	batterySag: 0.5	link quality: 46	flight time: 0s                    	pos 0.00 0.00 0.00	yaw: 0.00	msg/s 0.0
INFO: 26-10-2022 17:38:35 log_status(397) -- Drogno_6: ready	battery: 4.05                    	kalman var: 0.0 0.0 0.0                    	batterySag: 0.5	link quality: 44	flight time: 0s                    	pos 0.00 0.00 0.00	yaw: 0.00	msg/s 0.0
INFO: 26-10-2022 17:38:36 log_status(397) -- Drogno_6: ready	battery: 4.06                    	kalman var: 0.0 0.0 0.0                    	batterySag: 0.5	link quality: 44	flight time: 0s                    	pos 0.00 0.00 0.00	yaw: 0.00	msg/s 0.0
INFO: 26-10-2022 17:38:37 log_status(397) -- Drogno_6: ready	battery: 4.06                    	kalman var: 0.0 0.0 0.0                    	batterySag: 0.5	link quality: 50	flight time: 0s                    	pos 0.00 0.00 0.00	yaw: 0.00	msg/s 0.0
INFO: 26-10-2022 17:38:39 log_status(397) -- Drogno_6: ready	battery: 4.06                    	kalman var: 0.0 0.0 0.0                    	batterySag: 0.5	link quality: 47	flight time: 0s                    	pos 0.00 0.00 0.00	yaw: 0.00	msg/s 0.0
INFO: 26-10-2022 17:38:40 log_status(397) -- Drogno_6: ready	battery: 4.05                    	kalman var: 0.0 0.0 0.0                    	batterySag: 0.5	link quality: 42	flight time: 0s                    	pos 0.00 0.00 0.00	yaw: 0.00	msg/s 0.0
INFO: 26-10-2022 17:38:41 log_status(397) -- Drogno_6: ready	battery: 4.05                    	kalman var: 0.0 0.0 0.0                    	batterySag: 0.5	link quality: 37	flight time: 0s                    	pos 0.00 0.00 0.00	yaw: 0.00	msg/s 0.0
INFO: 26-10-2022 17:38:42 log_status(397) -- Drogno_6: landed	battery: 4.05                    	kalman var: 0.0 0.0 0.0                    	batterySag: 0.5	link quality: 38	flight time: 0s                    	pos 0.00 0.00 0.00	yaw: 0.00	msg/s 0.0
INFO: 26-10-2022 17:38:43 log_status(397) -- Drogno_6: ready	battery: 4.05                    	kalman var: 0.0 0.0 0.0                    	batterySag: 0.5	link quality: 37	flight time: 0s                    	pos 0.00 0.00 0.00	yaw: 0.00	msg/s 0.0
INFO: 26-10-2022 17:38:44 log_status(397) -- Drogno_6: ready	battery: 4.05                    	kalman var: 0.0 0.0 0.0                    	batterySag: 0.5	link quality: 38	flight time: 0s                    	pos 0.00 0.00 0.00	yaw: 0.00	msg/s 0.0
WARNING: 26-10-2022 17:38:45 exit(678) -- closing Drogno_6
INFO: 26-10-2022 17:39:01 __init__(111) -- This is drone log from Drogno_6
INFO: 26-10-2022 17:39:02 log_status(393) -- Logger started
INFO: 26-10-2022 17:39:07 log_status(397) -- Drogno_6: ready	battery: 4.05                    	kalman var: 0.0 0.0 0.0                    	batterySag: 0.5	link quality: 39	flight time: 0s                    	pos 0.00 0.00 0.00	yaw: 0.00	msg/s 0.0
INFO: 26-10-2022 17:39:08 log_status(397) -- Drogno_6: ready	battery: 4.05                    	kalman var: 0.0 0.0 0.0                    	batterySag: 0.5	link quality: 39	flight time: 0s                    	pos 0.00 0.00 0.00	yaw: 0.00	msg/s 0.0
INFO: 26-10-2022 17:39:09 log_status(397) -- Drogno_6: ready	battery: 4.05                    	kalman var: 0.0 0.0 0.0                    	batterySag: 0.5	link quality: 39	flight time: 0s                    	pos 0.00 0.00 0.00	yaw: 0.00	msg/s 0.0
INFO: 26-10-2022 17:39:10 log_status(397) -- Drogno_6: ready	battery: 4.05                    	kalman var: 0.0 0.0 0.0                    	batterySag: 0.5	link quality: 39	flight time: 0s                    	pos 0.00 0.00 0.00	yaw: 0.00	msg/s 0.0
INFO: 26-10-2022 17:39:11 log_status(397) -- Drogno_6: ready	battery: 4.05                    	kalman var: 0.0 0.0 0.0                    	batterySag: 0.5	link quality: 39	flight time: 0s                    	pos 0.00 0.00 0.00	yaw: 0.00	msg/s 0.0
INFO: 26-10-2022 17:39:13 log_status(397) -- Drogno_6: hovering	battery: 4.05                    	kalman var: 0.0 0.0 0.0                    	batterySag: 0.5	link quality: 39	flight time: 0s                    	pos 0.00 0.00 0.00	yaw: 0.00	msg/s 0.0
INFO: 26-10-2022 17:39:14 log_status(397) -- Drogno_6: ready	battery: 4.05                    	kalman var: 0.0 0.0 0.0                    	batterySag: 0.5	link quality: 39	flight time: 0s                    	pos 0.00 0.00 0.00	yaw: 0.00	msg/s 0.0
INFO: 26-10-2022 17:39:15 log_status(397) -- Drogno_6: ready	battery: 4.05                    	kalman var: 0.0 0.0 0.0                    	batterySag: 0.5	link quality: 39	flight time: 0s                    	pos 0.00 0.00 0.00	yaw: 0.00	msg/s 0.0
INFO: 26-10-2022 17:39:16 log_status(397) -- Drogno_6: ready	battery: 4.05                    	kalman var: 0.0 0.0 0.0                    	batterySag: 0.5	link quality: 41	flight time: 0s                    	pos 0.00 0.00 0.00	yaw: 0.00	msg/s 0.0
INFO: 26-10-2022 17:39:17 log_status(397) -- Drogno_6: ready	battery: 4.05                    	kalman var: 0.0 0.0 0.0                    	batterySag: 0.5	link quality: 51	flight time: 0s                    	pos 0.00 0.00 0.00	yaw: 0.00	msg/s 0.0
INFO: 26-10-2022 17:39:18 log_status(397) -- Drogno_6: ready	battery: 4.05                    	kalman var: 0.0 0.0 0.0                    	batterySag: 0.5	link quality: 40	flight time: 0s                    	pos 0.00 0.00 0.00	yaw: 0.00	msg/s 0.0
INFO: 26-10-2022 17:39:19 log_status(397) -- Drogno_6: ready	battery: 4.05                    	kalman var: 0.0 0.0 0.0                    	batterySag: 0.5	link quality: 40	flight time: 0s                    	pos 0.00 0.00 0.00	yaw: 0.00	msg/s 0.0
INFO: 26-10-2022 17:39:20 log_status(397) -- Drogno_6: ready	battery: 4.05                    	kalman var: 0.0 0.0 0.0                    	batterySag: 0.5	link quality: 46	flight time: 0s                    	pos 0.00 0.00 0.00	yaw: 0.00	msg/s 0.0
INFO: 26-10-2022 17:39:21 log_status(397) -- Drogno_6: ready	battery: 4.05                    	kalman var: 0.0 0.0 0.0                    	batterySag: 0.5	link quality: 44	flight time: 0s                    	pos 0.00 0.00 0.00	yaw: 0.00	msg/s 0.0
INFO: 26-10-2022 17:39:22 log_status(397) -- Drogno_6: ready	battery: 4.05                    	kalman var: 0.0 0.0 0.0                    	batterySag: 0.5	link quality: 35	flight time: 0s                    	pos 0.00 0.00 0.00	yaw: 0.00	msg/s 0.0
INFO: 26-10-2022 17:39:24 log_status(397) -- Drogno_6: ready	battery: 4.05                    	kalman var: 0.0 0.0 0.0                    	batterySag: 0.5	link quality: 42	flight time: 0s                    	pos 0.00 0.00 0.00	yaw: 0.00	msg/s 0.0
INFO: 26-10-2022 17:39:25 log_status(397) -- Drogno_6: ready	battery: 4.05                    	kalman var: 0.0 0.0 0.0                    	batterySag: 0.5	link quality: 45	flight time: 0s                    	pos 0.00 0.00 0.00	yaw: 0.00	msg/s 0.0
INFO: 26-10-2022 17:39:26 log_status(397) -- Drogno_6: ready	battery: 4.05                    	kalman var: 0.0 0.0 0.0                    	batterySag: 0.5	link quality: 47	flight time: 0s                    	pos 0.00 0.00 0.00	yaw: 0.00	msg/s 0.0
INFO: 26-10-2022 17:39:27 log_status(397) -- Drogno_6: ready	battery: 4.05                    	kalman var: 0.0 0.0 0.0                    	batterySag: 0.5	link quality: 49	flight time: 0s                    	pos 0.00 0.00 0.00	yaw: 0.00	msg/s 0.0
WARNING: 26-10-2022 17:39:28 evaluateBattery(607) -- battery under 3.45v
ERROR: 26-10-2022 17:39:28 evaluateBattery(617) -- battery under 3.2V ! I AM GOING DOWN
INFO: 26-10-2022 17:39:28 log_status(397) -- Drogno_6: ready	battery: 4.03                    	kalman var: 0.004 0.012 0.003                    	batterySag: 0.5	link quality: 42	flight time: 0s                    	pos -1.26 1.38 -0.62	yaw: 1.38	msg/s 0.0
WARNING: 26-10-2022 17:39:28 exit(678) -- closing Drogno_6
