INFO: 31-10-2022 17:26:12 __init__(113) -- This is drone log from Drogno_1
INFO: 31-10-2022 17:26:15 log_status(191) -- Logger started
INFO: 31-10-2022 17:26:16 log_status(195) -- Drogno_1: ready	battery: 4.19                    	kalman var: 0.01 0.01 0.001                    	batterySag: 0.5	link quality: 46	flight time: 0s                    	pos 0.03 -0.08 -0.00	yaw: 0.00	msg/s 0.9
INFO: 31-10-2022 17:26:17 log_status(195) -- Drogno_1: BAD kalman	battery: 4.2                    	kalman var: 0.041 0.041 0.002                    	batterySag: 0.5	link quality: 46	flight time: 0s                    	pos 0.12 -0.31 0.00	yaw: 0.00	msg/s 0.0
INFO: 31-10-2022 17:26:18 log_status(195) -- Drogno_1: BAD kalman	battery: 4.2                    	kalman var: 0.109 0.109 0.003                    	batterySag: 0.5	link quality: 46	flight time: 0s                    	pos 0.31 -0.80 0.00	yaw: -0.01	msg/s 0.0
INFO: 31-10-2022 17:26:19 log_status(195) -- Drogno_1: BAD kalman	battery: 4.2                    	kalman var: 0.214 0.214 0.005                    	batterySag: 0.5	link quality: 46	flight time: 0s                    	pos 0.59 -1.52 -0.00	yaw: -0.02	msg/s 0.0
INFO: 31-10-2022 17:26:21 log_status(195) -- Drogno_1: BAD kalman	battery: 4.2                    	kalman var: 0.332 0.332 0.006                    	batterySag: 0.5	link quality: 46	flight time: 0s                    	pos 0.91 -2.29 -0.01	yaw: -0.03	msg/s 0.0
INFO: 31-10-2022 17:26:22 log_status(195) -- Drogno_1: out of BOX	battery: 4.2                    	kalman var: 0.514 0.514 0.007                    	batterySag: 0.5	link quality: 46	flight time: 0s                    	pos 1.40 -3.44 -0.02	yaw: -0.03	msg/s 0.0
INFO: 31-10-2022 17:26:23 log_status(195) -- Drogno_1: out of BOX	battery: 4.2                    	kalman var: 0.701 0.701 0.008                    	batterySag: 0.5	link quality: 46	flight time: 0s                    	pos 1.90 -4.57 -0.03	yaw: -0.04	msg/s 0.0
INFO: 31-10-2022 17:26:24 log_status(195) -- Drogno_1: out of BOX	battery: 4.2                    	kalman var: 0.971 0.971 0.009                    	batterySag: 0.5	link quality: 46	flight time: 0s                    	pos 2.61 -6.13 -0.05	yaw: -0.05	msg/s 0.0
INFO: 31-10-2022 17:26:25 log_status(195) -- Drogno_1: out of BOX	battery: 4.2                    	kalman var: 1.236 1.236 0.01                    	batterySag: 0.5	link quality: 46	flight time: 0s                    	pos 3.30 -7.62 -0.07	yaw: -0.05	msg/s 0.0
INFO: 31-10-2022 17:26:26 log_status(195) -- Drogno_1: out of BOX	battery: 4.2                    	kalman var: 1.606 1.606 0.012                    	batterySag: 0.5	link quality: 46	flight time: 0s                    	pos 4.26 -9.62 -0.10	yaw: -0.06	msg/s 0.0
INFO: 31-10-2022 17:26:27 log_status(195) -- Drogno_1: out of BOX	battery: 4.2                    	kalman var: 1.961 1.961 0.013                    	batterySag: 0.5	link quality: 46	flight time: 0s                    	pos 5.16 -11.47 -0.12	yaw: -0.05	msg/s 0.0
INFO: 31-10-2022 17:26:28 log_status(195) -- Drogno_1: ready	battery: 4.2                    	kalman var: 2.439 2.439 0.014                    	batterySag: 0.5	link quality: 46	flight time: 0s                    	pos 6.38 -13.90 -0.16	yaw: -0.06	msg/s 0.0
INFO: 31-10-2022 17:26:29 log_status(195) -- Drogno_1: ready	battery: 4.2                    	kalman var: 2.893 2.893 0.015                    	batterySag: 0.5	link quality: 46	flight time: 0s                    	pos 7.50 -16.12 -0.19	yaw: -0.06	msg/s 0.0
INFO: 31-10-2022 17:26:30 log_status(195) -- Drogno_1: ready	battery: 4.2                    	kalman var: 3.498 3.498 0.016                    	batterySag: 0.5	link quality: 46	flight time: 0s                    	pos 8.99 -19.02 -0.23	yaw: -0.06	msg/s 0.0
INFO: 31-10-2022 17:26:32 log_status(195) -- Drogno_1: ready	battery: 4.2                    	kalman var: 4.059 4.059 0.018                    	batterySag: 0.5	link quality: 46	flight time: 0s                    	pos 10.35 -21.61 -0.27	yaw: -0.06	msg/s 0.0
INFO: 31-10-2022 17:26:33 log_status(195) -- Drogno_1: ready	battery: 4.2                    	kalman var: 4.801 4.801 0.019                    	batterySag: 0.5	link quality: 47	flight time: 0s                    	pos 12.14 -24.97 -0.32	yaw: -0.06	msg/s 0.0
INFO: 31-10-2022 17:26:34 log_status(195) -- Drogno_1: ready	battery: 4.19                    	kalman var: 5.48 5.48 0.02                    	batterySag: 0.5	link quality: 46	flight time: 0s                    	pos 13.75 -27.95 -0.36	yaw: -0.07	msg/s 0.0
INFO: 31-10-2022 17:26:35 log_status(195) -- Drogno_1: ready	battery: 4.2                    	kalman var: 6.371 6.371 0.022                    	batterySag: 0.5	link quality: 47	flight time: 0s                    	pos 15.84 -31.77 -0.42	yaw: -0.07	msg/s 0.0
INFO: 31-10-2022 17:26:36 log_status(195) -- Drogno_1: ready	battery: 4.2                    	kalman var: 7.176 7.176 0.023                    	batterySag: 0.5	link quality: 47	flight time: 0s                    	pos 17.70 -35.12 -0.46	yaw: -0.07	msg/s 0.0
INFO: 31-10-2022 17:26:37 log_status(195) -- Drogno_1: ready	battery: 4.2                    	kalman var: 8.227 8.227 0.025                    	batterySag: 0.5	link quality: 46	flight time: 0s                    	pos 20.08 -39.41 -0.53	yaw: -0.05	msg/s 0.0
INFO: 31-10-2022 17:26:38 log_status(195) -- Drogno_1: ready	battery: 4.2                    	kalman var: 9.164 9.172 0.026                    	batterySag: 0.5	link quality: 47	flight time: 0s                    	pos 22.20 -43.16 -0.58	yaw: -0.04	msg/s 0.0
INFO: 31-10-2022 17:26:39 log_status(195) -- Drogno_1: ready	battery: 4.2                    	kalman var: 10.383 10.391 0.027                    	batterySag: 0.5	link quality: 47	flight time: 0s                    	pos 24.89 -47.88 -0.65	yaw: -0.04	msg/s 0.0
INFO: 31-10-2022 17:26:40 log_status(195) -- Drogno_1: ready	battery: 4.2                    	kalman var: 11.477 11.477 0.028                    	batterySag: 0.5	link quality: 46	flight time: 0s                    	pos 27.25 -52.03 -0.71	yaw: -0.05	msg/s 0.0
INFO: 31-10-2022 17:26:41 log_status(195) -- Drogno_1: ready	battery: 4.2                    	kalman var: 12.883 12.883 0.03                    	batterySag: 0.5	link quality: 46	flight time: 0s                    	pos 30.23 -57.22 -0.79	yaw: -0.05	msg/s 0.0
INFO: 31-10-2022 17:26:43 log_status(195) -- Drogno_1: ready	battery: 4.2                    	kalman var: 14.125 14.133 0.032                    	batterySag: 0.5	link quality: 46	flight time: 0s                    	pos 32.84 -61.75 -0.86	yaw: -0.04	msg/s 0.0
INFO: 31-10-2022 17:26:44 log_status(195) -- Drogno_1: ready	battery: 4.2                    	kalman var: 15.727 15.727 0.033                    	batterySag: 0.5	link quality: 46	flight time: 0s                    	pos 36.12 -67.44 -0.95	yaw: -0.04	msg/s 0.0
INFO: 31-10-2022 17:26:45 log_status(195) -- Drogno_1: ready	battery: 4.2                    	kalman var: 17.141 17.141 0.035                    	batterySag: 0.5	link quality: 46	flight time: 0s                    	pos 38.97 -72.31 -1.02	yaw: -0.04	msg/s 0.0
INFO: 31-10-2022 17:26:46 log_status(195) -- Drogno_1: ready	battery: 4.2                    	kalman var: 18.797 16.531 3.193                    	batterySag: 0.5	link quality: 49	flight time: 0s                    	pos 42.56 -78.50 -1.08	yaw: -19.08	msg/s 0.0
INFO: 31-10-2022 17:26:47 log_status(195) -- Drogno_1: ready	battery: 4.2                    	kalman var: 19.062 17.938 6.238                    	batterySag: 0.5	link quality: 43	flight time: 0s                    	pos 45.88 -83.69 -1.03	yaw: -31.42	msg/s 0.0
INFO: 31-10-2022 17:26:48 log_status(195) -- Drogno_1: ready	battery: 3.73                    	kalman var: 23.0 17.594 6.617                    	batterySag: 0.5	link quality: 37	flight time: 1s                    	pos 49.81 -91.81 -2.28	yaw: -29.48	msg/s 0.0
INFO: 31-10-2022 17:26:49 log_status(195) -- Drogno_1: ready	battery: 3.62                    	kalman var: 0.001 0.001 0.0                    	batterySag: 0.5	link quality: 37	flight time: 2s                    	pos 0.00 -0.00 -0.08	yaw: -0.69	msg/s 0.0
INFO: 31-10-2022 17:26:50 log_status(195) -- Drogno_1: ready	battery: 3.68                    	kalman var: 0.003 0.003 0.001                    	batterySag: 0.5	link quality: 38	flight time: 3s                    	pos 0.03 0.03 0.03	yaw: -1.38	msg/s 0.0
INFO: 31-10-2022 17:26:51 log_status(195) -- Drogno_1: ready	battery: 3.67                    	kalman var: 0.003 0.003 0.001                    	batterySag: 0.5	link quality: 38	flight time: 4s                    	pos 0.19 0.19 0.19	yaw: -1.74	msg/s 0.0
INFO: 31-10-2022 17:26:52 log_status(195) -- Drogno_1: ready	battery: 3.66                    	kalman var: 0.003 0.003 0.001                    	batterySag: 0.5	link quality: 38	flight time: 5s                    	pos 0.47 0.47 0.47	yaw: -2.22	msg/s 0.0
INFO: 31-10-2022 17:26:54 log_status(195) -- Drogno_1: ready	battery: 3.67                    	kalman var: 0.003 0.003 0.001                    	batterySag: 0.5	link quality: 39	flight time: 6s                    	pos 0.89 0.89 0.89	yaw: -7.19	msg/s 0.0
INFO: 31-10-2022 17:26:55 log_status(195) -- Drogno_1: ready	battery: 3.66                    	kalman var: 0.003 0.003 0.001                    	batterySag: 0.5	link quality: 41	flight time: 7s                    	pos 1.53 1.53 1.53	yaw: -9.47	msg/s 0.0
INFO: 31-10-2022 17:26:56 log_status(195) -- Drogno_1: ready	battery: 3.66                    	kalman var: 0.003 0.003 0.001                    	batterySag: 0.5	link quality: 42	flight time: 8s                    	pos 2.32 2.32 2.32	yaw: -8.90	msg/s 0.0
INFO: 31-10-2022 17:26:57 log_status(195) -- Drogno_1: ready	battery: 3.65                    	kalman var: 0.003 0.003 0.001                    	batterySag: 0.5	link quality: 41	flight time: 9s                    	pos 3.05 3.05 3.05	yaw: -6.30	msg/s 0.0
INFO: 31-10-2022 17:26:58 log_status(195) -- Drogno_1: ready	battery: 3.63                    	kalman var: 0.003 0.003 0.001                    	batterySag: 0.5	link quality: 42	flight time: 10s                    	pos -0.02 -0.02 -0.02	yaw: 2.55	msg/s 0.0
INFO: 31-10-2022 17:26:59 log_status(195) -- Drogno_1: ready	battery: 3.61                    	kalman var: 0.003 0.003 0.001                    	batterySag: 0.5	link quality: 41	flight time: 12s                    	pos -0.18 -0.18 -0.18	yaw: 6.32	msg/s 0.0
INFO: 31-10-2022 17:27:00 log_status(195) -- Drogno_1: ready	battery: 3.61                    	kalman var: 0.003 0.003 0.001                    	batterySag: 0.5	link quality: 41	flight time: 13s                    	pos -0.64 -0.64 -0.64	yaw: 4.52	msg/s 0.0
INFO: 31-10-2022 17:27:01 log_status(195) -- Drogno_1: ready	battery: 3.58                    	kalman var: 0.003 0.003 0.001                    	batterySag: 0.5	link quality: 42	flight time: 14s                    	pos -1.28 -1.28 -1.28	yaw: 6.43	msg/s 0.0
INFO: 31-10-2022 17:27:02 log_status(195) -- Drogno_1: ready	battery: 3.58                    	kalman var: 0.003 0.003 0.001                    	batterySag: 0.5	link quality: 42	flight time: 15s                    	pos -2.35 -2.35 -2.35	yaw: 6.02	msg/s 0.0
INFO: 31-10-2022 17:27:03 log_status(195) -- Drogno_1: ready	battery: 3.57                    	kalman var: 0.003 0.003 0.001                    	batterySag: 0.5	link quality: 42	flight time: 16s                    	pos -3.88 -3.88 -3.88	yaw: 5.50	msg/s 0.0
INFO: 31-10-2022 17:27:05 log_status(195) -- Drogno_1: ready	battery: 3.57                    	kalman var: 0.003 0.003 0.001                    	batterySag: 0.5	link quality: 42	flight time: 17s                    	pos -5.93 -5.93 -5.93	yaw: 6.05	msg/s 0.0
INFO: 31-10-2022 17:27:06 log_status(195) -- Drogno_1: ready	battery: 3.58                    	kalman var: 0.003 0.003 0.001                    	batterySag: 0.5	link quality: 43	flight time: 18s                    	pos -8.63 -8.63 -8.63	yaw: 8.32	msg/s 0.0
INFO: 31-10-2022 17:27:07 log_status(195) -- Drogno_1: ready	battery: 3.57                    	kalman var: 0.003 0.003 0.001                    	batterySag: 0.5	link quality: 42	flight time: 19s                    	pos -12.42 -12.42 -12.42	yaw: 5.31	msg/s 0.0
INFO: 31-10-2022 17:27:08 log_status(195) -- Drogno_1: ready	battery: 3.57                    	kalman var: 0.003 0.003 0.001                    	batterySag: 0.5	link quality: 43	flight time: 20s                    	pos -16.78 -16.78 -16.78	yaw: 3.67	msg/s 0.0
INFO: 31-10-2022 17:27:09 log_status(195) -- Drogno_1: ready	battery: 3.56                    	kalman var: 0.003 0.003 0.001                    	batterySag: 0.5	link quality: 44	flight time: 21s                    	pos -21.30 -21.30 -21.30	yaw: 2.34	msg/s 0.0
INFO: 31-10-2022 17:27:10 log_status(195) -- Drogno_1: ready	battery: 3.56                    	kalman var: 0.003 0.003 0.001                    	batterySag: 0.5	link quality: 43	flight time: 23s                    	pos -25.81 -25.81 -25.81	yaw: 2.20	msg/s 0.0
WARNING: 31-10-2022 17:27:11 exit(691) -- closing Drogno_1
