INFO: 28-10-2022 22:02:29 __init__(112) -- This is drone log from Drogno_3
INFO: 28-10-2022 22:02:32 log_status(191) -- Logger started
INFO: 28-10-2022 22:02:33 log_status(195) -- Drogno_3: ready	battery: 4.19                    	kalman var: 0.01 0.01 0.001                    	batterySag: 0.5	link quality: 36	flight time: 0s                    	pos 0.01 -0.10 -0.00	yaw: 0.01	msg/s 0.9
INFO: 28-10-2022 22:02:34 log_status(195) -- Drogno_3: BAD kalman	battery: 4.19                    	kalman var: 0.041 0.041 0.002                    	batterySag: 0.5	link quality: 36	flight time: 0s                    	pos 0.05 -0.43 -0.01	yaw: 0.01	msg/s 0.0
INFO: 28-10-2022 22:02:35 log_status(195) -- Drogno_3: BAD kalman	battery: 4.19                    	kalman var: 0.109 0.109 0.003                    	batterySag: 0.5	link quality: 36	flight time: 0s                    	pos 0.13 -1.12 -0.02	yaw: 0.02	msg/s 0.0
INFO: 28-10-2022 22:02:36 log_status(195) -- Drogno_3: BAD kalman	battery: 4.19                    	kalman var: 0.215 0.215 0.005                    	batterySag: 0.5	link quality: 36	flight time: 0s                    	pos 0.26 -2.12 -0.03	yaw: 0.04	msg/s 0.0
INFO: 28-10-2022 22:02:38 log_status(195) -- Drogno_3: out of BOX	battery: 4.19                    	kalman var: 0.333 0.333 0.006                    	batterySag: 0.5	link quality: 36	flight time: 0s                    	pos 0.40 -3.21 -0.05	yaw: 0.06	msg/s 0.0
INFO: 28-10-2022 22:02:39 log_status(195) -- Drogno_3: out of BOX	battery: 4.19                    	kalman var: 0.516 0.516 0.007                    	batterySag: 0.5	link quality: 36	flight time: 0s                    	pos 0.63 -4.80 -0.08	yaw: 0.06	msg/s 0.0
INFO: 28-10-2022 22:02:40 log_status(195) -- Drogno_3: out of BOX	battery: 4.19                    	kalman var: 0.701 0.701 0.008                    	batterySag: 0.5	link quality: 36	flight time: 0s                    	pos 0.86 -6.36 -0.10	yaw: 0.05	msg/s 0.0
INFO: 28-10-2022 22:02:41 log_status(195) -- Drogno_3: out of BOX	battery: 4.19                    	kalman var: 0.972 0.972 0.009                    	batterySag: 0.5	link quality: 36	flight time: 0s                    	pos 1.20 -8.55 -0.13	yaw: 0.06	msg/s 0.0
INFO: 28-10-2022 22:02:42 log_status(195) -- Drogno_3: out of BOX	battery: 4.19                    	kalman var: 1.239 1.239 0.01                    	batterySag: 0.5	link quality: 37	flight time: 0s                    	pos 1.53 -10.61 -0.16	yaw: 0.06	msg/s 0.0
INFO: 28-10-2022 22:02:43 log_status(195) -- Drogno_3: out of BOX	battery: 4.19                    	kalman var: 1.611 1.611 0.012                    	batterySag: 0.5	link quality: 36	flight time: 0s                    	pos 1.98 -13.38 -0.19	yaw: 0.07	msg/s 0.0
INFO: 28-10-2022 22:02:44 log_status(195) -- Drogno_3: out of BOX	battery: 4.19                    	kalman var: 1.967 1.967 0.013                    	batterySag: 0.5	link quality: 36	flight time: 0s                    	pos 2.41 -15.95 -0.23	yaw: 0.08	msg/s 0.0
INFO: 28-10-2022 22:02:45 log_status(195) -- Drogno_3: out of BOX	battery: 4.19                    	kalman var: 2.451 2.451 0.014                    	batterySag: 0.5	link quality: 36	flight time: 0s                    	pos 2.99 -19.31 -0.27	yaw: 0.08	msg/s 0.0
INFO: 28-10-2022 22:02:46 log_status(195) -- Drogno_3: out of BOX	battery: 4.19                    	kalman var: 2.906 2.906 0.015                    	batterySag: 0.5	link quality: 36	flight time: 0s                    	pos 3.52 -22.36 -0.31	yaw: 0.08	msg/s 0.0
INFO: 28-10-2022 22:02:47 log_status(195) -- Drogno_3: out of BOX	battery: 4.19                    	kalman var: 3.514 3.514 0.016                    	batterySag: 0.5	link quality: 36	flight time: 0s                    	pos 4.22 -26.33 -0.35	yaw: 0.09	msg/s 0.0
INFO: 28-10-2022 22:02:49 log_status(195) -- Drogno_3: out of BOX	battery: 4.19                    	kalman var: 4.078 4.078 0.018                    	batterySag: 0.5	link quality: 36	flight time: 0s                    	pos 4.86 -29.89 -0.39	yaw: 0.11	msg/s 0.0
INFO: 28-10-2022 22:02:50 log_status(195) -- Drogno_3: out of BOX	battery: 4.19                    	kalman var: 4.816 4.816 0.019                    	batterySag: 0.5	link quality: 36	flight time: 0s                    	pos 5.69 -34.44 -0.43	yaw: 0.11	msg/s 0.0
INFO: 28-10-2022 22:02:51 log_status(195) -- Drogno_3: out of BOX	battery: 4.19                    	kalman var: 5.5 5.5 0.02                    	batterySag: 0.5	link quality: 36	flight time: 0s                    	pos 6.45 -38.50 -0.48	yaw: 0.11	msg/s 0.0
INFO: 28-10-2022 22:02:52 log_status(195) -- Drogno_3: out of BOX	battery: 4.19                    	kalman var: 6.391 6.395 0.021                    	batterySag: 0.5	link quality: 36	flight time: 0s                    	pos 7.43 -43.69 -0.53	yaw: 0.12	msg/s 0.0
INFO: 28-10-2022 22:02:53 log_status(195) -- Drogno_3: out of BOX	battery: 4.19                    	kalman var: 7.203 7.203 0.022                    	batterySag: 0.5	link quality: 36	flight time: 0s                    	pos 8.30 -48.25 -0.58	yaw: 0.12	msg/s 0.0
INFO: 28-10-2022 22:02:54 log_status(195) -- Drogno_3: out of BOX	battery: 4.19                    	kalman var: 8.258 8.258 0.024                    	batterySag: 0.5	link quality: 36	flight time: 0s                    	pos 9.41 -54.03 -0.64	yaw: 0.12	msg/s 0.0
INFO: 28-10-2022 22:02:55 log_status(195) -- Drogno_3: out of BOX	battery: 4.19                    	kalman var: 9.203 9.203 0.025                    	batterySag: 0.5	link quality: 36	flight time: 0s                    	pos 10.40 -59.12 -0.70	yaw: 0.12	msg/s 0.0
INFO: 28-10-2022 22:02:56 log_status(195) -- Drogno_3: out of BOX	battery: 4.19                    	kalman var: 10.43 10.43 0.026                    	batterySag: 0.5	link quality: 36	flight time: 0s                    	pos 11.65 -65.50 -0.77	yaw: 0.13	msg/s 0.0
INFO: 28-10-2022 22:02:57 log_status(195) -- Drogno_3: out of BOX	battery: 4.19                    	kalman var: 11.523 11.523 0.027                    	batterySag: 0.5	link quality: 36	flight time: 0s                    	pos 12.75 -71.12 -0.82	yaw: 0.13	msg/s 0.0
INFO: 28-10-2022 22:02:58 log_status(195) -- Drogno_3: out of BOX	battery: 4.19                    	kalman var: 12.93 12.938 0.029                    	batterySag: 0.5	link quality: 36	flight time: 0s                    	pos 14.14 -78.12 -0.90	yaw: 0.14	msg/s 0.0
INFO: 28-10-2022 22:03:00 log_status(195) -- Drogno_3: out of BOX	battery: 4.19                    	kalman var: 14.188 14.188 0.03                    	batterySag: 0.5	link quality: 36	flight time: 0s                    	pos 15.36 -84.25 -0.96	yaw: 0.13	msg/s 0.0
INFO: 28-10-2022 22:03:01 log_status(195) -- Drogno_3: out of BOX	battery: 4.19                    	kalman var: 15.789 15.789 0.031                    	batterySag: 0.5	link quality: 36	flight time: 0s                    	pos 16.89 -91.88 -1.04	yaw: 0.13	msg/s 0.0
INFO: 28-10-2022 22:03:02 log_status(195) -- Drogno_3: out of BOX	battery: 4.19                    	kalman var: 17.219 17.219 0.033                    	batterySag: 0.5	link quality: 36	flight time: 0s                    	pos 18.23 -98.50 -1.10	yaw: 0.13	msg/s 0.0
INFO: 28-10-2022 22:03:03 log_status(195) -- Drogno_3: ready	battery: 4.19                    	kalman var: 0.01 0.01 0.001                    	batterySag: 0.5	link quality: 36	flight time: 0s                    	pos 0.01 -0.10 -0.00	yaw: 0.02	msg/s 0.0
INFO: 28-10-2022 22:03:04 log_status(195) -- Drogno_3: BAD kalman	battery: 4.19                    	kalman var: 0.04 0.04 0.002                    	batterySag: 0.5	link quality: 36	flight time: 0s                    	pos 0.05 -0.41 -0.01	yaw: 0.04	msg/s 0.0
INFO: 28-10-2022 22:03:05 log_status(195) -- Drogno_3: BAD kalman	battery: 4.19                    	kalman var: 0.108 0.108 0.003                    	batterySag: 0.5	link quality: 36	flight time: 0s                    	pos 0.13 -1.07 -0.02	yaw: 0.05	msg/s 0.0
INFO: 28-10-2022 22:03:06 log_status(195) -- Drogno_3: BAD kalman	battery: 4.19                    	kalman var: 0.192 0.192 0.005                    	batterySag: 0.5	link quality: 36	flight time: 0s                    	pos 0.24 -1.87 -0.03	yaw: 0.05	msg/s 0.0
INFO: 28-10-2022 22:03:07 log_status(195) -- Drogno_3: out of BOX	battery: 4.19                    	kalman var: 0.331 0.331 0.006                    	batterySag: 0.5	link quality: 36	flight time: 0s                    	pos 0.41 -3.11 -0.05	yaw: 0.07	msg/s 0.0
INFO: 28-10-2022 22:03:08 log_status(195) -- Drogno_3: out of BOX	battery: 4.19                    	kalman var: 0.479 0.479 0.007                    	batterySag: 0.5	link quality: 36	flight time: 0s                    	pos 0.59 -4.39 -0.08	yaw: 0.08	msg/s 0.0
INFO: 28-10-2022 22:03:09 log_status(195) -- Drogno_3: out of BOX	battery: 4.19                    	kalman var: 0.7 0.7 0.008                    	batterySag: 0.5	link quality: 36	flight time: 0s                    	pos 0.84 -6.22 -0.11	yaw: 0.09	msg/s 0.0
INFO: 28-10-2022 22:03:11 log_status(195) -- Drogno_3: out of BOX	battery: 4.19                    	kalman var: 0.922 0.922 0.009                    	batterySag: 0.5	link quality: 36	flight time: 0s                    	pos 1.10 -7.99 -0.15	yaw: 0.08	msg/s 0.0
INFO: 28-10-2022 22:03:12 log_status(195) -- Drogno_3: out of BOX	battery: 4.19                    	kalman var: 1.237 1.237 0.01                    	batterySag: 0.5	link quality: 36	flight time: 0s                    	pos 1.46 -10.41 -0.20	yaw: 0.09	msg/s 0.0
INFO: 28-10-2022 22:03:13 log_status(195) -- Drogno_3: out of BOX	battery: 4.19                    	kalman var: 1.543 1.543 0.011                    	batterySag: 0.5	link quality: 36	flight time: 0s                    	pos 1.80 -12.68 -0.24	yaw: 0.09	msg/s 0.0
INFO: 28-10-2022 22:03:14 log_status(195) -- Drogno_3: out of BOX	battery: 4.19                    	kalman var: 1.964 1.964 0.013                    	batterySag: 0.5	link quality: 36	flight time: 0s                    	pos 2.27 -15.70 -0.30	yaw: 0.09	msg/s 0.0
INFO: 28-10-2022 22:03:15 log_status(195) -- Drogno_3: out of BOX	battery: 4.19                    	kalman var: 2.363 2.363 0.014                    	batterySag: 0.5	link quality: 36	flight time: 0s                    	pos 2.71 -18.47 -0.35	yaw: 0.10	msg/s 0.0
INFO: 28-10-2022 22:03:16 log_status(195) -- Drogno_3: out of BOX	battery: 4.19                    	kalman var: 2.902 2.902 0.015                    	batterySag: 0.5	link quality: 36	flight time: 0s                    	pos 3.29 -22.09 -0.42	yaw: 0.11	msg/s 0.0
INFO: 28-10-2022 22:03:17 log_status(195) -- Drogno_3: out of BOX	battery: 4.19                    	kalman var: 3.4 3.4 0.016                    	batterySag: 0.5	link quality: 36	flight time: 0s                    	pos 3.82 -25.33 -0.48	yaw: 0.11	msg/s 0.0
INFO: 28-10-2022 22:03:18 log_status(195) -- Drogno_3: out of BOX	battery: 4.19                    	kalman var: 4.07 4.07 0.018                    	batterySag: 0.5	link quality: 36	flight time: 0s                    	pos 4.52 -29.56 -0.56	yaw: 0.11	msg/s 0.0
INFO: 28-10-2022 22:03:19 log_status(195) -- Drogno_3: out of BOX	battery: 4.19                    	kalman var: 4.688 4.688 0.019                    	batterySag: 0.5	link quality: 36	flight time: 0s                    	pos 5.16 -33.34 -0.63	yaw: 0.11	msg/s 0.0
INFO: 28-10-2022 22:03:20 log_status(195) -- Drogno_3: out of BOX	battery: 4.19                    	kalman var: 5.496 5.496 0.02                    	batterySag: 0.5	link quality: 36	flight time: 0s                    	pos 5.98 -38.19 -0.73	yaw: 0.13	msg/s 0.0
INFO: 28-10-2022 22:03:22 log_status(195) -- Drogno_3: out of BOX	battery: 4.19                    	kalman var: 6.234 6.234 0.021                    	batterySag: 0.5	link quality: 36	flight time: 0s                    	pos 6.73 -42.47 -0.81	yaw: 0.14	msg/s 0.0
INFO: 28-10-2022 22:03:23 log_status(195) -- Drogno_3: out of BOX	battery: 4.19                    	kalman var: 7.191 7.191 0.022                    	batterySag: 0.5	link quality: 36	flight time: 0s                    	pos 7.68 -47.91 -0.91	yaw: 0.14	msg/s 0.0
INFO: 28-10-2022 22:03:24 log_status(195) -- Drogno_3: out of BOX	battery: 4.19                    	kalman var: 8.062 8.062 0.023                    	batterySag: 0.5	link quality: 36	flight time: 0s                    	pos 8.53 -52.69 -1.00	yaw: 0.14	msg/s 0.0
INFO: 28-10-2022 22:03:25 log_status(195) -- Drogno_3: out of BOX	battery: 4.19                    	kalman var: 9.195 9.195 0.025                    	batterySag: 0.5	link quality: 36	flight time: 0s                    	pos 9.62 -58.78 -1.11	yaw: 0.14	msg/s 0.0
INFO: 28-10-2022 22:03:26 log_status(195) -- Drogno_3: out of BOX	battery: 4.19                    	kalman var: 10.211 10.211 0.026                    	batterySag: 0.5	link quality: 36	flight time: 0s                    	pos 10.60 -64.12 -1.21	yaw: 0.15	msg/s 0.0
INFO: 28-10-2022 22:03:27 log_status(195) -- Drogno_3: out of BOX	battery: 4.19                    	kalman var: 11.516 11.516 0.027                    	batterySag: 0.5	link quality: 36	flight time: 0s                    	pos 11.84 -70.81 -1.33	yaw: 0.15	msg/s 0.0
INFO: 28-10-2022 22:03:28 log_status(195) -- Drogno_3: out of BOX	battery: 4.19                    	kalman var: 12.68 12.68 0.029                    	batterySag: 0.5	link quality: 36	flight time: 0s                    	pos 12.95 -76.62 -1.44	yaw: 0.15	msg/s 0.0
INFO: 28-10-2022 22:03:29 log_status(195) -- Drogno_3: out of BOX	battery: 4.19                    	kalman var: 14.18 14.18 0.03                    	batterySag: 0.5	link quality: 36	flight time: 0s                    	pos 14.34 -83.88 -1.57	yaw: 0.16	msg/s 0.0
INFO: 28-10-2022 22:03:30 log_status(195) -- Drogno_3: out of BOX	battery: 4.19                    	kalman var: 15.508 15.508 0.031                    	batterySag: 0.5	link quality: 36	flight time: 0s                    	pos 15.56 -90.25 -1.68	yaw: 0.16	msg/s 0.0
INFO: 28-10-2022 22:03:31 log_status(195) -- Drogno_3: out of BOX	battery: 4.19                    	kalman var: 17.188 17.188 0.033                    	batterySag: 0.5	link quality: 36	flight time: 0s                    	pos 17.08 -98.06 -1.81	yaw: 0.16	msg/s 0.0
INFO: 28-10-2022 22:03:33 log_status(195) -- Drogno_3: ready	battery: 4.19                    	kalman var: 0.005 0.005 0.001                    	batterySag: 0.5	link quality: 36	flight time: 0s                    	pos 0.01 -0.05 -0.00	yaw: 0.01	msg/s 0.0
INFO: 28-10-2022 22:03:34 log_status(195) -- Drogno_3: BAD kalman	battery: 4.19                    	kalman var: 0.038 0.038 0.002                    	batterySag: 0.5	link quality: 36	flight time: 0s                    	pos 0.04 -0.39 -0.01	yaw: 0.02	msg/s 0.0
INFO: 28-10-2022 22:03:35 log_status(195) -- Drogno_3: BAD kalman	battery: 4.19                    	kalman var: 0.091 0.091 0.003                    	batterySag: 0.5	link quality: 36	flight time: 0s                    	pos 0.10 -0.91 -0.02	yaw: 0.04	msg/s 0.0
INFO: 28-10-2022 22:03:36 log_status(195) -- Drogno_3: BAD kalman	battery: 4.19                    	kalman var: 0.188 0.188 0.004                    	batterySag: 0.5	link quality: 36	flight time: 0s                    	pos 0.20 -1.83 -0.04	yaw: 0.05	msg/s 0.0
INFO: 28-10-2022 22:03:37 log_status(195) -- Drogno_3: out of BOX	battery: 4.19                    	kalman var: 0.299 0.299 0.006                    	batterySag: 0.5	link quality: 36	flight time: 0s                    	pos 0.32 -2.83 -0.06	yaw: 0.05	msg/s 0.0
INFO: 28-10-2022 22:03:38 log_status(195) -- Drogno_3: out of BOX	battery: 4.19                    	kalman var: 0.472 0.472 0.007                    	batterySag: 0.5	link quality: 36	flight time: 0s                    	pos 0.50 -4.33 -0.09	yaw: 0.06	msg/s 0.0
INFO: 28-10-2022 22:03:39 log_status(195) -- Drogno_3: out of BOX	battery: 4.19                    	kalman var: 0.651 0.651 0.008                    	batterySag: 0.5	link quality: 36	flight time: 0s                    	pos 0.69 -5.82 -0.13	yaw: 0.06	msg/s 0.0
INFO: 28-10-2022 22:03:40 log_status(195) -- Drogno_3: out of BOX	battery: 4.19                    	kalman var: 0.909 0.909 0.009                    	batterySag: 0.5	link quality: 36	flight time: 0s                    	pos 0.95 -7.89 -0.18	yaw: 0.09	msg/s 0.0
INFO: 28-10-2022 22:03:41 log_status(195) -- Drogno_3: out of BOX	battery: 4.19                    	kalman var: 1.166 1.166 0.01                    	batterySag: 0.5	link quality: 36	flight time: 0s                    	pos 1.20 -9.88 -0.23	yaw: 0.10	msg/s 0.0
INFO: 28-10-2022 22:03:42 log_status(195) -- Drogno_3: out of BOX	battery: 4.19                    	kalman var: 1.525 1.525 0.011                    	batterySag: 0.5	link quality: 36	flight time: 0s                    	pos 1.54 -12.57 -0.30	yaw: 0.10	msg/s 0.0
INFO: 28-10-2022 22:03:44 log_status(195) -- Drogno_3: out of BOX	battery: 4.19                    	kalman var: 1.87 1.87 0.013                    	batterySag: 0.5	link quality: 36	flight time: 0s                    	pos 1.87 -15.05 -0.37	yaw: 0.10	msg/s 0.0
INFO: 28-10-2022 22:03:45 log_status(195) -- Drogno_3: out of BOX	battery: 4.19                    	kalman var: 2.34 2.34 0.014                    	batterySag: 0.5	link quality: 36	flight time: 0s                    	pos 2.32 -18.34 -0.46	yaw: 0.11	msg/s 0.0
INFO: 28-10-2022 22:03:46 log_status(195) -- Drogno_3: out of BOX	battery: 4.19                    	kalman var: 2.783 2.783 0.015                    	batterySag: 0.5	link quality: 36	flight time: 0s                    	pos 2.74 -21.34 -0.54	yaw: 0.10	msg/s 0.0
INFO: 28-10-2022 22:03:47 log_status(195) -- Drogno_3: out of BOX	battery: 4.19                    	kalman var: 3.377 3.377 0.016                    	batterySag: 0.5	link quality: 36	flight time: 0s                    	pos 3.29 -25.23 -0.64	yaw: 0.12	msg/s 0.0
INFO: 28-10-2022 22:03:48 log_status(195) -- Drogno_3: out of BOX	battery: 4.19                    	kalman var: 3.926 3.926 0.017                    	batterySag: 0.5	link quality: 36	flight time: 0s                    	pos 3.80 -28.75 -0.73	yaw: 0.12	msg/s 0.0
INFO: 28-10-2022 22:03:49 log_status(195) -- Drogno_3: out of BOX	battery: 4.19                    	kalman var: 4.656 4.656 0.019                    	batterySag: 0.5	link quality: 36	flight time: 0s                    	pos 4.47 -33.25 -0.84	yaw: 0.13	msg/s 0.0
INFO: 28-10-2022 22:03:50 log_status(195) -- Drogno_3: out of BOX	battery: 4.19                    	kalman var: 5.324 5.324 0.02                    	batterySag: 0.5	link quality: 36	flight time: 0s                    	pos 5.09 -37.25 -0.94	yaw: 0.14	msg/s 0.0
INFO: 28-10-2022 22:03:51 log_status(195) -- Drogno_3: out of BOX	battery: 4.19                    	kalman var: 6.191 6.191 0.021                    	batterySag: 0.5	link quality: 36	flight time: 0s                    	pos 5.87 -42.31 -1.06	yaw: 0.14	msg/s 0.0
INFO: 28-10-2022 22:03:52 log_status(195) -- Drogno_3: out of BOX	battery: 4.19                    	kalman var: 6.984 6.984 0.022                    	batterySag: 0.5	link quality: 36	flight time: 0s                    	pos 6.57 -46.81 -1.16	yaw: 0.14	msg/s 0.0
INFO: 28-10-2022 22:03:53 log_status(195) -- Drogno_3: out of BOX	battery: 4.19                    	kalman var: 8.023 8.023 0.023                    	batterySag: 0.5	link quality: 36	flight time: 0s                    	pos 7.49 -52.53 -1.29	yaw: 0.14	msg/s 0.0
INFO: 28-10-2022 22:03:55 log_status(195) -- Drogno_3: out of BOX	battery: 4.19                    	kalman var: 8.953 8.953 0.024                    	batterySag: 0.5	link quality: 36	flight time: 0s                    	pos 8.30 -57.56 -1.41	yaw: 0.14	msg/s 0.0
INFO: 28-10-2022 22:03:56 log_status(195) -- Drogno_3: out of BOX	battery: 4.19                    	kalman var: 10.164 10.164 0.026                    	batterySag: 0.5	link quality: 36	flight time: 0s                    	pos 9.33 -63.84 -1.55	yaw: 0.14	msg/s 0.0
INFO: 28-10-2022 22:03:57 log_status(195) -- Drogno_3: out of BOX	battery: 4.19                    	kalman var: 11.242 11.242 0.027                    	batterySag: 0.5	link quality: 36	flight time: 0s                    	pos 10.24 -69.38 -1.67	yaw: 0.16	msg/s 0.0
INFO: 28-10-2022 22:03:58 log_status(195) -- Drogno_3: out of BOX	battery: 4.19                    	kalman var: 12.625 12.625 0.028                    	batterySag: 0.5	link quality: 36	flight time: 0s                    	pos 11.38 -76.31 -1.82	yaw: 0.16	msg/s 0.0
INFO: 28-10-2022 22:03:59 log_status(195) -- Drogno_3: out of BOX	battery: 4.19                    	kalman var: 13.859 13.859 0.029                    	batterySag: 0.5	link quality: 36	flight time: 0s                    	pos 12.39 -82.31 -1.95	yaw: 0.16	msg/s 0.0
INFO: 28-10-2022 22:04:00 log_status(195) -- Drogno_3: out of BOX	battery: 4.19                    	kalman var: 15.445 15.445 0.031                    	batterySag: 0.5	link quality: 36	flight time: 0s                    	pos 13.66 -89.88 -2.11	yaw: 0.14	msg/s 0.0
INFO: 28-10-2022 22:04:01 log_status(195) -- Drogno_3: out of BOX	battery: 4.19                    	kalman var: 16.828 16.828 0.032                    	batterySag: 0.5	link quality: 36	flight time: 0s                    	pos 14.76 -96.31 -2.25	yaw: 0.13	msg/s 0.0
INFO: 28-10-2022 22:04:02 log_status(195) -- Drogno_3: ready	battery: 4.19                    	kalman var: 0.004 0.004 0.001                    	batterySag: 0.5	link quality: 36	flight time: 0s                    	pos 0.00 -0.05 -0.00	yaw: 0.00	msg/s 0.0
INFO: 28-10-2022 22:04:03 log_status(195) -- Drogno_3: BAD kalman	battery: 4.19                    	kalman var: 0.028 0.028 0.002                    	batterySag: 0.5	link quality: 36	flight time: 0s                    	pos 0.02 -0.29 -0.01	yaw: 0.01	msg/s 0.0
INFO: 28-10-2022 22:04:04 log_status(195) -- Drogno_3: BAD kalman	battery: 4.19                    	kalman var: 0.087 0.087 0.003                    	batterySag: 0.5	link quality: 36	flight time: 0s                    	pos 0.08 -0.88 -0.02	yaw: 0.02	msg/s 0.0
INFO: 28-10-2022 22:04:06 log_status(195) -- Drogno_3: BAD kalman	battery: 4.19                    	kalman var: 0.164 0.164 0.004                    	batterySag: 0.5	link quality: 36	flight time: 0s                    	pos 0.17 -1.60 -0.04	yaw: 0.03	msg/s 0.0
INFO: 28-10-2022 22:04:07 log_status(195) -- Drogno_3: BAD kalman	battery: 4.19                    	kalman var: 0.291 0.291 0.005                    	batterySag: 0.5	link quality: 36	flight time: 0s                    	pos 0.31 -2.75 -0.07	yaw: 0.05	msg/s 0.0
INFO: 28-10-2022 22:04:08 log_status(195) -- Drogno_3: out of BOX	battery: 4.19                    	kalman var: 0.43 0.43 0.006                    	batterySag: 0.5	link quality: 36	flight time: 0s                    	pos 0.47 -3.95 -0.11	yaw: 0.06	msg/s 0.0
INFO: 28-10-2022 22:04:09 log_status(195) -- Drogno_3: out of BOX	battery: 4.19                    	kalman var: 0.637 0.637 0.008                    	batterySag: 0.5	link quality: 36	flight time: 0s                    	pos 0.70 -5.67 -0.15	yaw: 0.06	msg/s 0.0
INFO: 28-10-2022 22:04:10 log_status(195) -- Drogno_3: out of BOX	battery: 4.19                    	kalman var: 0.848 0.848 0.009                    	batterySag: 0.5	link quality: 36	flight time: 0s                    	pos 0.95 -7.36 -0.20	yaw: 0.06	msg/s 0.0
INFO: 28-10-2022 22:04:11 log_status(195) -- Drogno_3: out of BOX	battery: 4.19                    	kalman var: 1.148 1.148 0.01                    	batterySag: 0.5	link quality: 36	flight time: 0s                    	pos 1.29 -9.68 -0.28	yaw: 0.07	msg/s 0.0
INFO: 28-10-2022 22:04:12 log_status(195) -- Drogno_3: out of BOX	battery: 4.19                    	kalman var: 1.441 1.441 0.011                    	batterySag: 0.5	link quality: 36	flight time: 0s                    	pos 1.63 -11.87 -0.34	yaw: 0.08	msg/s 0.0
INFO: 28-10-2022 22:04:13 log_status(195) -- Drogno_3: out of BOX	battery: 4.19                    	kalman var: 1.847 1.847 0.012                    	batterySag: 0.5	link quality: 36	flight time: 0s                    	pos 2.08 -14.79 -0.44	yaw: 0.10	msg/s 0.0
INFO: 28-10-2022 22:04:14 log_status(195) -- Drogno_3: out of BOX	battery: 4.19                    	kalman var: 2.232 2.232 0.014                    	batterySag: 0.5	link quality: 36	flight time: 0s                    	pos 2.50 -17.48 -0.52	yaw: 0.10	msg/s 0.0
INFO: 28-10-2022 22:04:15 log_status(195) -- Drogno_3: out of BOX	battery: 4.19                    	kalman var: 2.75 2.75 0.015                    	batterySag: 0.5	link quality: 36	flight time: 0s                    	pos 3.06 -20.98 -0.63	yaw: 0.10	msg/s 0.0
INFO: 28-10-2022 22:04:17 log_status(195) -- Drogno_3: out of BOX	battery: 4.19                    	kalman var: 3.234 3.234 0.016                    	batterySag: 0.5	link quality: 36	flight time: 0s                    	pos 3.57 -24.17 -0.73	yaw: 0.10	msg/s 0.0
INFO: 28-10-2022 22:04:18 log_status(195) -- Drogno_3: out of BOX	battery: 4.19                    	kalman var: 3.885 3.885 0.017                    	batterySag: 0.5	link quality: 36	flight time: 0s                    	pos 4.25 -28.30 -0.86	yaw: 0.11	msg/s 0.0
INFO: 28-10-2022 22:04:19 log_status(195) -- Drogno_3: out of BOX	battery: 4.19                    	kalman var: 4.484 4.484 0.018                    	batterySag: 0.5	link quality: 36	flight time: 0s                    	pos 4.86 -31.98 -0.97	yaw: 0.11	msg/s 0.0
INFO: 28-10-2022 22:04:20 log_status(195) -- Drogno_3: out of BOX	battery: 4.19                    	kalman var: 5.273 5.273 0.02                    	batterySag: 0.5	link quality: 36	flight time: 0s                    	pos 5.65 -36.72 -1.10	yaw: 0.10	msg/s 0.0
INFO: 28-10-2022 22:04:21 log_status(195) -- Drogno_3: out of BOX	battery: 4.19                    	kalman var: 5.992 5.992 0.021                    	batterySag: 0.5	link quality: 36	flight time: 0s                    	pos 6.37 -40.94 -1.22	yaw: 0.12	msg/s 0.0
INFO: 28-10-2022 22:04:22 log_status(195) -- Drogno_3: out of BOX	battery: 4.19                    	kalman var: 6.934 6.934 0.022                    	batterySag: 0.5	link quality: 36	flight time: 0s                    	pos 7.27 -46.28 -1.37	yaw: 0.11	msg/s 0.0
INFO: 28-10-2022 22:04:23 log_status(195) -- Drogno_3: out of BOX	battery: 4.19                    	kalman var: 7.785 7.785 0.023                    	batterySag: 0.5	link quality: 36	flight time: 0s                    	pos 8.08 -51.00 -1.50	yaw: 0.12	msg/s 0.0
INFO: 28-10-2022 22:04:24 log_status(195) -- Drogno_3: out of BOX	battery: 4.19                    	kalman var: 8.883 8.883 0.024                    	batterySag: 0.5	link quality: 36	flight time: 0s                    	pos 9.09 -56.91 -1.66	yaw: 0.12	msg/s 0.0
INFO: 28-10-2022 22:04:25 log_status(195) -- Drogno_3: out of BOX	battery: 4.19                    	kalman var: 9.875 9.875 0.026                    	batterySag: 0.5	link quality: 36	flight time: 0s                    	pos 10.00 -62.12 -1.80	yaw: 0.12	msg/s 0.0
INFO: 28-10-2022 22:04:26 log_status(195) -- Drogno_3: out of BOX	battery: 4.19                    	kalman var: 11.156 11.156 0.027                    	batterySag: 0.5	link quality: 36	flight time: 0s                    	pos 11.15 -68.69 -1.98	yaw: 0.12	msg/s 0.0
INFO: 28-10-2022 22:04:28 log_status(195) -- Drogno_3: out of BOX	battery: 4.19                    	kalman var: 12.297 12.297 0.028                    	batterySag: 0.5	link quality: 36	flight time: 0s                    	pos 12.16 -74.44 -2.14	yaw: 0.13	msg/s 0.0
INFO: 28-10-2022 22:04:29 log_status(195) -- Drogno_3: out of BOX	battery: 4.19                    	kalman var: 13.766 13.766 0.029                    	batterySag: 0.5	link quality: 36	flight time: 0s                    	pos 13.43 -81.62 -2.34	yaw: 0.13	msg/s 0.0
INFO: 28-10-2022 22:04:30 log_status(195) -- Drogno_3: out of BOX	battery: 4.19                    	kalman var: 15.344 15.344 0.031                    	batterySag: 0.5	link quality: 36	flight time: 0s                    	pos 14.77 -89.19 -2.54	yaw: 0.14	msg/s 0.0
INFO: 28-10-2022 22:04:31 log_status(195) -- Drogno_3: out of BOX	battery: 4.19                    	kalman var: 16.734 16.734 0.032                    	batterySag: 0.5	link quality: 36	flight time: 0s                    	pos 15.95 -95.69 -2.72	yaw: 0.14	msg/s 0.0
INFO: 28-10-2022 22:04:32 log_status(195) -- Drogno_3: ready	battery: 4.19                    	kalman var: 0.003 0.003 0.001                    	batterySag: 0.5	link quality: 36	flight time: 0s                    	pos 0.00 -0.03 -0.00	yaw: 0.01	msg/s 0.0
INFO: 28-10-2022 22:04:33 log_status(195) -- Drogno_3: BAD kalman	battery: 4.19                    	kalman var: 0.025 0.025 0.002                    	batterySag: 0.5	link quality: 36	flight time: 0s                    	pos 0.03 -0.25 -0.01	yaw: 0.02	msg/s 0.0
INFO: 28-10-2022 22:04:34 log_status(195) -- Drogno_3: BAD kalman	battery: 4.19                    	kalman var: 0.08 0.08 0.003                    	batterySag: 0.5	link quality: 36	flight time: 0s                    	pos 0.09 -0.80 -0.03	yaw: 0.04	msg/s 0.0
INFO: 28-10-2022 22:04:35 log_status(195) -- Drogno_3: BAD kalman	battery: 4.19                    	kalman var: 0.154 0.154 0.004                    	batterySag: 0.5	link quality: 36	flight time: 0s                    	pos 0.17 -1.50 -0.05	yaw: 0.04	msg/s 0.0
INFO: 28-10-2022 22:04:36 log_status(195) -- Drogno_3: BAD kalman	battery: 4.19                    	kalman var: 0.278 0.278 0.005                    	batterySag: 0.5	link quality: 36	flight time: 0s                    	pos 0.31 -2.61 -0.09	yaw: 0.04	msg/s 0.0
INFO: 28-10-2022 22:04:37 log_status(195) -- Drogno_3: out of BOX	battery: 4.19                    	kalman var: 0.414 0.414 0.006                    	batterySag: 0.5	link quality: 36	flight time: 0s                    	pos 0.46 -3.77 -0.13	yaw: 0.05	msg/s 0.0
INFO: 28-10-2022 22:04:39 log_status(195) -- Drogno_3: out of BOX	battery: 4.19                    	kalman var: 0.618 0.618 0.008                    	batterySag: 0.5	link quality: 36	flight time: 0s                    	pos 0.67 -5.45 -0.18	yaw: 0.07	msg/s 0.0
INFO: 28-10-2022 22:04:40 log_status(195) -- Drogno_3: out of BOX	battery: 4.19                    	kalman var: 0.824 0.824 0.009                    	batterySag: 0.5	link quality: 36	flight time: 0s                    	pos 0.88 -7.07 -0.23	yaw: 0.09	msg/s 0.0
INFO: 28-10-2022 22:04:41 log_status(195) -- Drogno_3: out of BOX	battery: 4.19                    	kalman var: 1.12 1.12 0.01                    	batterySag: 0.5	link quality: 36	flight time: 0s                    	pos 1.18 -9.31 -0.31	yaw: 0.09	msg/s 0.0
INFO: 28-10-2022 22:04:42 log_status(195) -- Drogno_3: out of BOX	battery: 4.19                    	kalman var: 1.409 1.409 0.011                    	batterySag: 0.5	link quality: 36	flight time: 0s                    	pos 1.47 -11.42 -0.37	yaw: 0.09	msg/s 0.0
INFO: 28-10-2022 22:04:43 log_status(195) -- Drogno_3: out of BOX	battery: 4.19                    	kalman var: 1.811 1.811 0.012                    	batterySag: 0.5	link quality: 36	flight time: 0s                    	pos 1.86 -14.25 -0.47	yaw: 0.09	msg/s 0.0
INFO: 28-10-2022 22:04:44 log_status(195) -- Drogno_3: out of BOX	battery: 4.19                    	kalman var: 2.191 2.191 0.013                    	batterySag: 0.5	link quality: 36	flight time: 0s                    	pos 2.22 -16.84 -0.55	yaw: 0.10	msg/s 0.0
INFO: 28-10-2022 22:04:45 log_status(195) -- Drogno_3: out of BOX	battery: 4.19                    	kalman var: 2.707 2.707 0.015                    	batterySag: 0.5	link quality: 36	flight time: 0s                    	pos 2.71 -20.23 -0.66	yaw: 0.10	msg/s 0.0
INFO: 28-10-2022 22:04:46 log_status(195) -- Drogno_3: out of BOX	battery: 4.19                    	kalman var: 3.189 3.189 0.016                    	batterySag: 0.5	link quality: 36	flight time: 0s                    	pos 3.17 -23.31 -0.77	yaw: 0.10	msg/s 0.0
INFO: 28-10-2022 22:04:47 log_status(195) -- Drogno_3: out of BOX	battery: 4.19                    	kalman var: 3.832 3.832 0.017                    	batterySag: 0.5	link quality: 36	flight time: 0s                    	pos 3.76 -27.30 -0.90	yaw: 0.11	msg/s 0.0
INFO: 28-10-2022 22:04:48 log_status(195) -- Drogno_3: out of BOX	battery: 4.19                    	kalman var: 4.426 4.426 0.018                    	batterySag: 0.5	link quality: 36	flight time: 0s                    	pos 4.31 -30.88 -1.02	yaw: 0.12	msg/s 0.0
INFO: 28-10-2022 22:04:50 log_status(195) -- Drogno_3: out of BOX	battery: 4.19                    	kalman var: 5.203 5.203 0.019                    	batterySag: 0.5	link quality: 36	flight time: 0s                    	pos 5.01 -35.41 -1.16	yaw: 0.13	msg/s 0.0
INFO: 28-10-2022 22:04:51 log_status(195) -- Drogno_3: out of BOX	battery: 4.19                    	kalman var: 5.918 5.918 0.021                    	batterySag: 0.5	link quality: 36	flight time: 0s                    	pos 5.64 -39.47 -1.29	yaw: 0.13	msg/s 0.0
INFO: 28-10-2022 22:04:52 log_status(195) -- Drogno_3: out of BOX	battery: 4.19                    	kalman var: 6.855 6.855 0.022                    	batterySag: 0.5	link quality: 36	flight time: 0s                    	pos 6.46 -44.62 -1.45	yaw: 0.13	msg/s 0.0
INFO: 28-10-2022 22:04:53 log_status(195) -- Drogno_3: out of BOX	battery: 4.19                    	kalman var: 7.699 7.699 0.023                    	batterySag: 0.5	link quality: 36	flight time: 0s                    	pos 7.18 -49.16 -1.60	yaw: 0.13	msg/s 0.0
INFO: 28-10-2022 22:04:54 log_status(195) -- Drogno_3: out of BOX	battery: 4.19                    	kalman var: 8.797 8.797 0.024                    	batterySag: 0.5	link quality: 36	flight time: 0s                    	pos 8.10 -54.91 -1.78	yaw: 0.12	msg/s 0.0
INFO: 28-10-2022 22:04:55 log_status(195) -- Drogno_3: out of BOX	battery: 4.19                    	kalman var: 9.789 9.789 0.025                    	batterySag: 0.5	link quality: 36	flight time: 0s                    	pos 8.91 -59.97 -1.95	yaw: 0.12	msg/s 0.0
INFO: 28-10-2022 22:04:56 log_status(195) -- Drogno_3: out of BOX	battery: 4.19                    	kalman var: 11.062 11.062 0.027                    	batterySag: 0.5	link quality: 36	flight time: 0s                    	pos 9.92 -66.31 -2.15	yaw: 0.14	msg/s 0.0
INFO: 28-10-2022 22:04:57 log_status(195) -- Drogno_3: out of BOX	battery: 4.19                    	kalman var: 12.188 12.188 0.028                    	batterySag: 0.5	link quality: 36	flight time: 0s                    	pos 10.80 -71.75 -2.33	yaw: 0.12	msg/s 0.0
INFO: 28-10-2022 22:04:58 log_status(195) -- Drogno_3: out of BOX	battery: 4.19                    	kalman var: 13.648 13.648 0.029                    	batterySag: 0.5	link quality: 36	flight time: 0s                    	pos 11.92 -78.69 -2.56	yaw: 0.12	msg/s 0.0
INFO: 28-10-2022 22:04:59 log_status(195) -- Drogno_3: out of BOX	battery: 4.19                    	kalman var: 14.945 14.945 0.03                    	batterySag: 0.5	link quality: 36	flight time: 0s                    	pos 12.91 -84.75 -2.75	yaw: 0.13	msg/s 0.0
INFO: 28-10-2022 22:05:01 log_status(195) -- Drogno_3: out of BOX	battery: 4.19                    	kalman var: 16.609 16.609 0.031                    	batterySag: 0.5	link quality: 36	flight time: 0s                    	pos 14.13 -92.25 -2.99	yaw: 0.13	msg/s 0.0
INFO: 28-10-2022 22:05:02 log_status(195) -- Drogno_3: out of BOX	battery: 4.19                    	kalman var: 18.078 18.078 0.033                    	batterySag: 0.5	link quality: 36	flight time: 0s                    	pos 15.20 -98.81 -3.19	yaw: 0.14	msg/s 0.0
INFO: 28-10-2022 22:05:03 log_status(195) -- Drogno_3: BAD kalman	battery: 4.19                    	kalman var: 0.011 0.011 0.001                    	batterySag: 0.5	link quality: 36	flight time: 0s                    	pos 0.01 -0.11 -0.00	yaw: 0.01	msg/s 0.0
INFO: 28-10-2022 22:05:04 log_status(195) -- Drogno_3: BAD kalman	battery: 4.19                    	kalman var: 0.042 0.042 0.002                    	batterySag: 0.5	link quality: 36	flight time: 0s                    	pos 0.05 -0.43 -0.02	yaw: 0.02	msg/s 0.0
INFO: 28-10-2022 22:05:05 log_status(195) -- Drogno_3: BAD kalman	battery: 4.19                    	kalman var: 0.111 0.111 0.003                    	batterySag: 0.5	link quality: 36	flight time: 0s                    	pos 0.12 -1.11 -0.04	yaw: 0.03	msg/s 0.0
INFO: 28-10-2022 22:05:06 log_status(195) -- Drogno_3: BAD kalman	battery: 4.19                    	kalman var: 0.197 0.197 0.005                    	batterySag: 0.5	link quality: 36	flight time: 0s                    	pos 0.20 -1.91 -0.06	yaw: 0.05	msg/s 0.0
INFO: 28-10-2022 22:05:07 log_status(195) -- Drogno_3: out of BOX	battery: 4.19                    	kalman var: 0.336 0.336 0.006                    	batterySag: 0.5	link quality: 36	flight time: 0s                    	pos 0.33 -3.16 -0.10	yaw: 0.06	msg/s 0.0
INFO: 28-10-2022 22:05:08 log_status(195) -- Drogno_3: out of BOX	battery: 4.19                    	kalman var: 0.486 0.486 0.007                    	batterySag: 0.5	link quality: 36	flight time: 0s                    	pos 0.47 -4.45 -0.14	yaw: 0.07	msg/s 0.0
INFO: 28-10-2022 22:05:09 log_status(195) -- Drogno_3: out of BOX	battery: 4.19                    	kalman var: 0.708 0.708 0.008                    	batterySag: 0.5	link quality: 36	flight time: 0s                    	pos 0.68 -6.29 -0.19	yaw: 0.07	msg/s 0.0
INFO: 28-10-2022 22:05:10 log_status(195) -- Drogno_3: out of BOX	battery: 4.19                    	kalman var: 0.932 0.932 0.009                    	batterySag: 0.5	link quality: 36	flight time: 0s                    	pos 0.89 -8.06 -0.25	yaw: 0.08	msg/s 0.0
INFO: 28-10-2022 22:05:12 log_status(195) -- Drogno_3: out of BOX	battery: 4.19                    	kalman var: 1.249 1.249 0.01                    	batterySag: 0.5	link quality: 36	flight time: 0s                    	pos 1.17 -10.48 -0.31	yaw: 0.10	msg/s 0.0
INFO: 28-10-2022 22:05:13 log_status(195) -- Drogno_3: out of BOX	battery: 4.19                    	kalman var: 1.556 1.556 0.012                    	batterySag: 0.5	link quality: 36	flight time: 0s                    	pos 1.43 -12.74 -0.38	yaw: 0.09	msg/s 0.0
INFO: 28-10-2022 22:05:14 log_status(195) -- Drogno_3: out of BOX	battery: 4.19                    	kalman var: 1.976 1.976 0.013                    	batterySag: 0.5	link quality: 36	flight time: 0s                    	pos 1.79 -15.73 -0.46	yaw: 0.10	msg/s 0.0
INFO: 28-10-2022 22:05:15 log_status(195) -- Drogno_3: out of BOX	battery: 4.19                    	kalman var: 2.375 2.375 0.014                    	batterySag: 0.5	link quality: 36	flight time: 0s                    	pos 2.12 -18.48 -0.54	yaw: 0.10	msg/s 0.0
INFO: 28-10-2022 22:05:16 log_status(195) -- Drogno_3: out of BOX	battery: 4.19                    	kalman var: 2.916 2.916 0.015                    	batterySag: 0.5	link quality: 36	flight time: 0s                    	pos 2.56 -22.08 -0.65	yaw: 0.10	msg/s 0.0
INFO: 28-10-2022 22:05:17 log_status(195) -- Drogno_3: out of BOX	battery: 4.19                    	kalman var: 3.42 3.42 0.016                    	batterySag: 0.5	link quality: 36	flight time: 0s                    	pos 2.97 -25.34 -0.74	yaw: 0.10	msg/s 0.0
INFO: 28-10-2022 22:05:18 log_status(195) -- Drogno_3: out of BOX	battery: 4.19                    	kalman var: 4.094 4.094 0.017                    	batterySag: 0.5	link quality: 36	flight time: 0s                    	pos 3.50 -29.55 -0.87	yaw: 0.10	msg/s 0.0
INFO: 28-10-2022 22:05:19 log_status(195) -- Drogno_3: out of BOX	battery: 4.19                    	kalman var: 4.711 4.711 0.019                    	batterySag: 0.5	link quality: 36	flight time: 0s                    	pos 3.99 -33.31 -0.98	yaw: 0.10	msg/s 0.0
INFO: 28-10-2022 22:05:20 log_status(195) -- Drogno_3: out of BOX	battery: 4.19                    	kalman var: 5.516 5.516 0.02                    	batterySag: 0.5	link quality: 36	flight time: 0s                    	pos 4.62 -38.06 -1.12	yaw: 0.12	msg/s 0.0
INFO: 28-10-2022 22:05:21 log_status(195) -- Drogno_3: out of BOX	battery: 4.19                    	kalman var: 6.258 6.258 0.021                    	batterySag: 0.5	link quality: 36	flight time: 0s                    	pos 5.19 -42.31 -1.25	yaw: 0.12	msg/s 0.0
INFO: 28-10-2022 22:05:23 log_status(195) -- Drogno_3: out of BOX	battery: 4.19                    	kalman var: 7.223 7.223 0.022                    	batterySag: 0.5	link quality: 36	flight time: 0s                    	pos 5.92 -47.72 -1.40	yaw: 0.12	msg/s 0.0
INFO: 28-10-2022 22:05:24 log_status(195) -- Drogno_3: out of BOX	battery: 4.19                    	kalman var: 8.094 8.094 0.023                    	batterySag: 0.5	link quality: 36	flight time: 0s                    	pos 6.58 -52.47 -1.54	yaw: 0.12	msg/s 0.0
INFO: 28-10-2022 22:05:25 log_status(195) -- Drogno_3: out of BOX	battery: 4.19                    	kalman var: 9.227 9.227 0.025                    	batterySag: 0.5	link quality: 36	flight time: 0s                    	pos 7.42 -58.47 -1.71	yaw: 0.11	msg/s 0.0
INFO: 28-10-2022 22:05:26 log_status(195) -- Drogno_3: out of BOX	battery: 4.19                    	kalman var: 10.242 10.242 0.026                    	batterySag: 0.5	link quality: 36	flight time: 0s                    	pos 8.16 -63.72 -1.85	yaw: 0.12	msg/s 0.0
INFO: 28-10-2022 22:05:27 log_status(195) -- Drogno_3: out of BOX	battery: 4.19                    	kalman var: 11.555 11.555 0.027                    	batterySag: 0.5	link quality: 36	flight time: 0s                    	pos 9.09 -70.31 -2.04	yaw: 0.13	msg/s 0.0
INFO: 28-10-2022 22:05:28 log_status(195) -- Drogno_3: out of BOX	battery: 4.19                    	kalman var: 12.711 12.711 0.028                    	batterySag: 0.5	link quality: 36	flight time: 0s                    	pos 9.89 -76.00 -2.19	yaw: 0.13	msg/s 0.0
INFO: 28-10-2022 22:05:29 log_status(195) -- Drogno_3: out of BOX	battery: 4.19                    	kalman var: 14.211 14.211 0.029                    	batterySag: 0.5	link quality: 36	flight time: 0s                    	pos 10.91 -83.25 -2.38	yaw: 0.13	msg/s 0.0
INFO: 28-10-2022 22:05:30 log_status(195) -- Drogno_3: out of BOX	battery: 4.19                    	kalman var: 15.539 15.539 0.031                    	batterySag: 0.5	link quality: 36	flight time: 0s                    	pos 11.81 -89.50 -2.55	yaw: 0.12	msg/s 0.0
INFO: 28-10-2022 22:05:31 log_status(195) -- Drogno_3: out of BOX	battery: 4.19                    	kalman var: 17.234 17.234 0.032                    	batterySag: 0.5	link quality: 36	flight time: 0s                    	pos 12.94 -97.31 -2.76	yaw: 0.11	msg/s 0.0
INFO: 28-10-2022 22:05:32 log_status(195) -- Drogno_3: ready	battery: 4.19                    	kalman var: 0.004 0.004 0.001                    	batterySag: 0.5	link quality: 36	flight time: 0s                    	pos 0.00 -0.04 -0.00	yaw: 0.01	msg/s 0.0
INFO: 28-10-2022 22:05:34 log_status(195) -- Drogno_3: BAD kalman	battery: 4.19                    	kalman var: 0.034 0.034 0.002                    	batterySag: 0.5	link quality: 36	flight time: 0s                    	pos 0.04 -0.34 -0.01	yaw: 0.01	msg/s 0.0
INFO: 28-10-2022 22:05:35 log_status(195) -- Drogno_3: BAD kalman	battery: 4.19                    	kalman var: 0.083 0.083 0.003                    	batterySag: 0.5	link quality: 36	flight time: 0s                    	pos 0.11 -0.83 -0.02	yaw: 0.01	msg/s 0.0
INFO: 28-10-2022 22:05:36 log_status(195) -- Drogno_3: BAD kalman	battery: 4.19                    	kalman var: 0.176 0.176 0.004                    	batterySag: 0.5	link quality: 36	flight time: 0s                    	pos 0.22 -1.69 -0.05	yaw: 0.02	msg/s 0.0
INFO: 28-10-2022 22:05:37 log_status(195) -- Drogno_3: BAD kalman	battery: 4.19                    	kalman var: 0.283 0.283 0.005                    	batterySag: 0.5	link quality: 36	flight time: 0s                    	pos 0.35 -2.66 -0.08	yaw: 0.03	msg/s 0.0
INFO: 28-10-2022 22:05:38 log_status(195) -- Drogno_3: out of BOX	battery: 4.19                    	kalman var: 0.451 0.451 0.007                    	batterySag: 0.5	link quality: 36	flight time: 0s                    	pos 0.55 -4.11 -0.13	yaw: 0.04	msg/s 0.0
INFO: 28-10-2022 22:05:39 log_status(195) -- Drogno_3: out of BOX	battery: 4.19                    	kalman var: 0.626 0.626 0.008                    	batterySag: 0.5	link quality: 36	flight time: 0s                    	pos 0.75 -5.55 -0.18	yaw: 0.05	msg/s 0.0
INFO: 28-10-2022 22:05:40 log_status(195) -- Drogno_3: out of BOX	battery: 4.19                    	kalman var: 0.882 0.882 0.009                    	batterySag: 0.5	link quality: 36	flight time: 0s                    	pos 1.03 -7.59 -0.24	yaw: 0.06	msg/s 0.0
INFO: 28-10-2022 22:05:41 log_status(195) -- Drogno_3: out of BOX	battery: 4.19                    	kalman var: 1.134 1.134 0.01                    	batterySag: 0.5	link quality: 36	flight time: 0s                    	pos 1.30 -9.52 -0.30	yaw: 0.07	msg/s 0.0
INFO: 28-10-2022 22:05:42 log_status(195) -- Drogno_3: out of BOX	battery: 4.19                    	kalman var: 1.488 1.488 0.011                    	batterySag: 0.5	link quality: 36	flight time: 0s                    	pos 1.67 -12.15 -0.38	yaw: 0.07	msg/s 0.0
INFO: 28-10-2022 22:05:43 log_status(195) -- Drogno_3: out of BOX	battery: 4.19                    	kalman var: 1.825 1.825 0.012                    	batterySag: 0.5	link quality: 36	flight time: 0s                    	pos 2.01 -14.57 -0.46	yaw: 0.08	msg/s 0.0
INFO: 28-10-2022 22:05:45 log_status(195) -- Drogno_3: out of BOX	battery: 4.19                    	kalman var: 2.291 2.291 0.014                    	batterySag: 0.5	link quality: 36	flight time: 0s                    	pos 2.47 -17.80 -0.55	yaw: 0.09	msg/s 0.0
INFO: 28-10-2022 22:05:46 log_status(195) -- Drogno_3: out of BOX	battery: 4.19                    	kalman var: 2.727 2.727 0.015                    	batterySag: 0.5	link quality: 36	flight time: 0s                    	pos 2.89 -20.73 -0.64	yaw: 0.09	msg/s 0.0
INFO: 28-10-2022 22:05:47 log_status(195) -- Drogno_3: out of BOX	battery: 4.19                    	kalman var: 3.314 3.314 0.016                    	batterySag: 0.5	link quality: 36	flight time: 0s                    	pos 3.45 -24.56 -0.76	yaw: 0.11	msg/s 0.0
INFO: 28-10-2022 22:05:48 log_status(195) -- Drogno_3: out of BOX	battery: 4.19                    	kalman var: 3.857 3.857 0.017                    	batterySag: 0.5	link quality: 36	flight time: 0s                    	pos 3.95 -28.02 -0.86	yaw: 0.11	msg/s 0.0
INFO: 28-10-2022 22:05:49 log_status(195) -- Drogno_3: out of BOX	battery: 4.19                    	kalman var: 4.574 4.574 0.018                    	batterySag: 0.5	link quality: 36	flight time: 0s                    	pos 4.60 -32.44 -0.99	yaw: 0.11	msg/s 0.0
INFO: 28-10-2022 22:05:50 log_status(195) -- Drogno_3: out of BOX	battery: 4.19                    	kalman var: 5.234 5.234 0.019                    	batterySag: 0.5	link quality: 36	flight time: 0s                    	pos 5.19 -36.38 -1.11	yaw: 0.11	msg/s 0.0
INFO: 28-10-2022 22:05:51 log_status(195) -- Drogno_3: out of BOX	battery: 4.19                    	kalman var: 6.102 6.102 0.021                    	batterySag: 0.5	link quality: 36	flight time: 0s                    	pos 5.95 -41.44 -1.25	yaw: 0.11	msg/s 0.0
INFO: 28-10-2022 22:05:52 log_status(195) -- Drogno_3: out of BOX	battery: 4.19                    	kalman var: 6.891 6.891 0.022                    	batterySag: 0.5	link quality: 36	flight time: 0s                    	pos 6.62 -45.91 -1.38	yaw: 0.12	msg/s 0.0
INFO: 28-10-2022 22:05:53 log_status(195) -- Drogno_3: out of BOX	battery: 4.19                    	kalman var: 7.918 7.918 0.023                    	batterySag: 0.5	link quality: 36	flight time: 0s                    	pos 7.47 -51.56 -1.54	yaw: 0.13	msg/s 0.0
INFO: 28-10-2022 22:05:54 log_status(195) -- Drogno_3: out of BOX	battery: 4.19                    	kalman var: 8.844 8.844 0.024                    	batterySag: 0.5	link quality: 36	flight time: 0s                    	pos 8.23 -56.53 -1.69	yaw: 0.13	msg/s 0.0
INFO: 28-10-2022 22:05:56 log_status(195) -- Drogno_3: out of BOX	battery: 4.19                    	kalman var: 10.039 10.039 0.026                    	batterySag: 0.5	link quality: 36	flight time: 0s                    	pos 9.19 -62.81 -1.86	yaw: 0.12	msg/s 0.0
INFO: 28-10-2022 22:05:57 log_status(195) -- Drogno_3: out of BOX	battery: 4.19                    	kalman var: 11.109 11.109 0.027                    	batterySag: 0.5	link quality: 36	flight time: 0s                    	pos 10.03 -68.31 -2.02	yaw: 0.11	msg/s 0.0
INFO: 28-10-2022 22:05:58 log_status(195) -- Drogno_3: out of BOX	battery: 4.19                    	kalman var: 12.477 12.477 0.028                    	batterySag: 0.5	link quality: 36	flight time: 0s                    	pos 11.09 -75.12 -2.21	yaw: 0.12	msg/s 0.0
INFO: 28-10-2022 22:05:59 log_status(195) -- Drogno_3: out of BOX	battery: 4.19                    	kalman var: 13.703 13.703 0.029                    	batterySag: 0.5	link quality: 36	flight time: 0s                    	pos 12.01 -81.12 -2.37	yaw: 0.12	msg/s 0.0
INFO: 28-10-2022 22:06:00 log_status(195) -- Drogno_3: out of BOX	battery: 4.19                    	kalman var: 15.273 15.273 0.031                    	batterySag: 0.5	link quality: 36	flight time: 0s                    	pos 13.16 -88.62 -2.58	yaw: 0.12	msg/s 0.0
INFO: 28-10-2022 22:06:01 log_status(195) -- Drogno_3: out of BOX	battery: 4.19                    	kalman var: 16.672 16.672 0.032                    	batterySag: 0.5	link quality: 36	flight time: 0s                    	pos 14.17 -95.12 -2.76	yaw: 0.11	msg/s 0.0
INFO: 28-10-2022 22:06:02 log_status(195) -- Drogno_3: ready	battery: 4.19                    	kalman var: 0.002 0.002 0.001                    	batterySag: 0.5	link quality: 36	flight time: 0s                    	pos 0.00 -0.02 -0.00	yaw: 0.01	msg/s 0.0
INFO: 28-10-2022 22:06:03 log_status(195) -- Drogno_3: BAD kalman	battery: 4.19                    	kalman var: 0.022 0.022 0.002                    	batterySag: 0.5	link quality: 36	flight time: 0s                    	pos 0.02 -0.23 -0.01	yaw: 0.03	msg/s 0.0
INFO: 28-10-2022 22:06:04 log_status(195) -- Drogno_3: BAD kalman	battery: 4.19                    	kalman var: 0.076 0.076 0.003                    	batterySag: 0.5	link quality: 36	flight time: 0s                    	pos 0.08 -0.75 -0.02	yaw: 0.06	msg/s 0.0
INFO: 28-10-2022 22:06:05 log_status(195) -- Drogno_3: BAD kalman	battery: 4.19                    	kalman var: 0.147 0.147 0.004                    	batterySag: 0.5	link quality: 36	flight time: 0s                    	pos 0.16 -1.44 -0.04	yaw: 0.07	msg/s 0.0
INFO: 28-10-2022 22:06:07 log_status(195) -- Drogno_3: BAD kalman	battery: 4.19                    	kalman var: 0.269 0.269 0.005                    	batterySag: 0.5	link quality: 36	flight time: 0s                    	pos 0.30 -2.54 -0.08	yaw: 0.08	msg/s 0.0
INFO: 28-10-2022 22:06:08 log_status(195) -- Drogno_3: out of BOX	battery: 4.19                    	kalman var: 0.402 0.402 0.006                    	batterySag: 0.5	link quality: 36	flight time: 0s                    	pos 0.44 -3.71 -0.12	yaw: 0.08	msg/s 0.0
INFO: 28-10-2022 22:06:09 log_status(195) -- Drogno_3: out of BOX	battery: 4.19                    	kalman var: 0.603 0.603 0.008                    	batterySag: 0.5	link quality: 36	flight time: 0s                    	pos 0.65 -5.40 -0.18	yaw: 0.08	msg/s 0.0
INFO: 28-10-2022 22:06:10 log_status(195) -- Drogno_3: out of BOX	battery: 4.19                    	kalman var: 0.808 0.808 0.009                    	batterySag: 0.5	link quality: 36	flight time: 0s                    	pos 0.86 -7.05 -0.23	yaw: 0.09	msg/s 0.0
INFO: 28-10-2022 22:06:11 log_status(195) -- Drogno_3: out of BOX	battery: 4.19                    	kalman var: 1.101 1.101 0.01                    	batterySag: 0.5	link quality: 36	flight time: 0s                    	pos 1.15 -9.34 -0.31	yaw: 0.08	msg/s 0.0
INFO: 28-10-2022 22:06:12 log_status(195) -- Drogno_3: out of BOX	battery: 4.19                    	kalman var: 1.387 1.387 0.011                    	batterySag: 0.5	link quality: 36	flight time: 0s                    	pos 1.43 -11.48 -0.37	yaw: 0.08	msg/s 0.0
INFO: 28-10-2022 22:06:13 log_status(195) -- Drogno_3: out of BOX	battery: 4.19                    	kalman var: 1.78 1.78 0.012                    	batterySag: 0.5	link quality: 36	flight time: 0s                    	pos 1.81 -14.35 -0.46	yaw: 0.07	msg/s 0.0
INFO: 28-10-2022 22:06:14 log_status(195) -- Drogno_3: out of BOX	battery: 4.19                    	kalman var: 2.156 2.156 0.013                    	batterySag: 0.5	link quality: 36	flight time: 0s                    	pos 2.16 -17.00 -0.55	yaw: 0.08	msg/s 0.0
INFO: 28-10-2022 22:06:15 log_status(195) -- Drogno_3: out of BOX	battery: 4.19                    	kalman var: 2.668 2.668 0.015                    	batterySag: 0.5	link quality: 36	flight time: 0s                    	pos 2.64 -20.50 -0.66	yaw: 0.10	msg/s 0.0
INFO: 28-10-2022 22:06:17 log_status(195) -- Drogno_3: out of BOX	battery: 4.19                    	kalman var: 3.146 3.146 0.016                    	batterySag: 0.5	link quality: 36	flight time: 0s                    	pos 3.07 -23.66 -0.75	yaw: 0.11	msg/s 0.0
INFO: 28-10-2022 22:06:18 log_status(195) -- Drogno_3: out of BOX	battery: 4.19                    	kalman var: 3.785 3.785 0.017                    	batterySag: 0.5	link quality: 36	flight time: 0s                    	pos 3.64 -27.75 -0.88	yaw: 0.11	msg/s 0.0
INFO: 28-10-2022 22:06:19 log_status(195) -- Drogno_3: out of BOX	battery: 4.19                    	kalman var: 4.375 4.375 0.018                    	batterySag: 0.5	link quality: 36	flight time: 0s                    	pos 4.16 -31.42 -1.00	yaw: 0.11	msg/s 0.0
INFO: 28-10-2022 22:06:20 log_status(195) -- Drogno_3: out of BOX	battery: 4.19                    	kalman var: 5.152 5.152 0.019                    	batterySag: 0.5	link quality: 36	flight time: 0s                    	pos 4.83 -36.12 -1.15	yaw: 0.13	msg/s 0.0
INFO: 28-10-2022 22:06:21 log_status(195) -- Drogno_3: out of BOX	battery: 4.19                    	kalman var: 5.855 5.855 0.02                    	batterySag: 0.5	link quality: 36	flight time: 0s                    	pos 5.42 -40.28 -1.28	yaw: 0.13	msg/s 0.0
INFO: 28-10-2022 22:06:22 log_status(195) -- Drogno_3: out of BOX	battery: 4.19                    	kalman var: 6.785 6.785 0.022                    	batterySag: 0.5	link quality: 36	flight time: 0s                    	pos 6.19 -45.62 -1.44	yaw: 0.12	msg/s 0.0
INFO: 28-10-2022 22:06:23 log_status(195) -- Drogno_3: out of BOX	battery: 4.19                    	kalman var: 7.625 7.625 0.023                    	batterySag: 0.5	link quality: 36	flight time: 0s                    	pos 6.86 -50.31 -1.58	yaw: 0.13	msg/s 0.0
INFO: 28-10-2022 22:06:24 log_status(195) -- Drogno_3: out of BOX	battery: 4.19                    	kalman var: 8.719 8.719 0.024                    	batterySag: 0.5	link quality: 36	flight time: 0s                    	pos 7.72 -56.28 -1.75	yaw: 0.13	msg/s 0.0
INFO: 28-10-2022 22:06:25 log_status(195) -- Drogno_3: out of BOX	battery: 4.19                    	kalman var: 9.898 9.898 0.025                    	batterySag: 0.5	link quality: 36	flight time: 0s                    	pos 8.63 -62.56 -1.94	yaw: 0.15	msg/s 0.0
INFO: 28-10-2022 22:06:26 log_status(195) -- Drogno_3: out of BOX	battery: 4.19                    	kalman var: 10.961 10.961 0.027                    	batterySag: 0.5	link quality: 36	flight time: 0s                    	pos 9.43 -68.06 -2.09	yaw: 0.15	msg/s 0.0
INFO: 28-10-2022 22:06:28 log_status(195) -- Drogno_3: out of BOX	battery: 4.19                    	kalman var: 12.328 12.328 0.028                    	batterySag: 0.5	link quality: 36	flight time: 0s                    	pos 10.44 -75.00 -2.29	yaw: 0.16	msg/s 0.0
INFO: 28-10-2022 22:06:29 log_status(195) -- Drogno_3: out of BOX	battery: 4.19                    	kalman var: 13.547 13.547 0.029                    	batterySag: 0.5	link quality: 36	flight time: 0s                    	pos 11.33 -81.00 -2.46	yaw: 0.14	msg/s 0.0
INFO: 28-10-2022 22:06:30 log_status(195) -- Drogno_3: out of BOX	battery: 4.19                    	kalman var: 15.094 15.094 0.03                    	batterySag: 0.5	link quality: 36	flight time: 0s                    	pos 12.42 -88.50 -2.67	yaw: 0.14	msg/s 0.0
INFO: 28-10-2022 22:06:31 log_status(195) -- Drogno_3: out of BOX	battery: 4.19                    	kalman var: 16.469 16.469 0.032                    	batterySag: 0.5	link quality: 36	flight time: 0s                    	pos 13.38 -95.06 -2.85	yaw: 0.15	msg/s 0.0
INFO: 28-10-2022 22:06:32 log_status(195) -- Drogno_3: ready	battery: 4.19                    	kalman var: 0.002 0.002 0.001                    	batterySag: 0.5	link quality: 36	flight time: 0s                    	pos 0.00 -0.02 -0.00	yaw: 0.00	msg/s 0.0
INFO: 28-10-2022 22:06:33 log_status(195) -- Drogno_3: BAD kalman	battery: 4.19                    	kalman var: 0.022 0.022 0.002                    	batterySag: 0.5	link quality: 36	flight time: 0s                    	pos 0.02 -0.23 -0.01	yaw: 0.01	msg/s 0.0
INFO: 28-10-2022 22:06:34 log_status(195) -- Drogno_3: BAD kalman	battery: 4.19                    	kalman var: 0.076 0.076 0.003                    	batterySag: 0.5	link quality: 37	flight time: 0s                    	pos 0.08 -0.76 -0.02	yaw: 0.03	msg/s 0.0
INFO: 28-10-2022 22:06:35 log_status(195) -- Drogno_3: BAD kalman	battery: 4.19                    	kalman var: 0.147 0.147 0.004                    	batterySag: 0.5	link quality: 36	flight time: 0s                    	pos 0.15 -1.45 -0.04	yaw: 0.04	msg/s 0.0
INFO: 28-10-2022 22:06:36 log_status(195) -- Drogno_3: BAD kalman	battery: 4.19                    	kalman var: 0.268 0.268 0.005                    	batterySag: 0.5	link quality: 36	flight time: 0s                    	pos 0.27 -2.57 -0.07	yaw: 0.06	msg/s 0.0
INFO: 28-10-2022 22:06:37 log_status(195) -- Drogno_3: out of BOX	battery: 4.19                    	kalman var: 0.401 0.401 0.006                    	batterySag: 0.5	link quality: 36	flight time: 0s                    	pos 0.41 -3.74 -0.11	yaw: 0.07	msg/s 0.0
INFO: 28-10-2022 22:06:39 log_status(195) -- Drogno_3: out of BOX	battery: 4.19                    	kalman var: 0.603 0.603 0.008                    	batterySag: 0.5	link quality: 36	flight time: 0s                    	pos 0.61 -5.45 -0.16	yaw: 0.09	msg/s 0.0
INFO: 28-10-2022 22:06:40 log_status(195) -- Drogno_3: out of BOX	battery: 4.19                    	kalman var: 0.806 0.806 0.009                    	batterySag: 0.5	link quality: 36	flight time: 0s                    	pos 0.82 -7.11 -0.20	yaw: 0.10	msg/s 0.0
INFO: 28-10-2022 22:06:41 log_status(195) -- Drogno_3: out of BOX	battery: 4.19                    	kalman var: 1.099 1.099 0.01                    	batterySag: 0.5	link quality: 36	flight time: 0s                    	pos 1.11 -9.41 -0.27	yaw: 0.10	msg/s 0.0
INFO: 28-10-2022 22:06:42 log_status(195) -- Drogno_3: out of BOX	battery: 4.19                    	kalman var: 1.385 1.385 0.011                    	batterySag: 0.5	link quality: 36	flight time: 0s                    	pos 1.39 -11.59 -0.33	yaw: 0.10	msg/s 0.0
INFO: 28-10-2022 22:06:43 log_status(195) -- Drogno_3: out of BOX	battery: 4.19                    	kalman var: 1.781 1.781 0.012                    	batterySag: 0.5	link quality: 36	flight time: 0s                    	pos 1.76 -14.50 -0.42	yaw: 0.10	msg/s 0.0
INFO: 28-10-2022 22:06:44 log_status(195) -- Drogno_3: out of BOX	battery: 4.19                    	kalman var: 2.158 2.158 0.013                    	batterySag: 0.5	link quality: 36	flight time: 0s                    	pos 2.12 -17.19 -0.50	yaw: 0.09	msg/s 0.0
INFO: 28-10-2022 22:06:45 log_status(195) -- Drogno_3: out of BOX	battery: 4.19                    	kalman var: 2.664 2.664 0.015                    	batterySag: 0.5	link quality: 36	flight time: 0s                    	pos 2.58 -20.67 -0.59	yaw: 0.09	msg/s 0.0
INFO: 28-10-2022 22:06:46 log_status(195) -- Drogno_3: out of BOX	battery: 4.19                    	kalman var: 3.143 3.143 0.016                    	batterySag: 0.5	link quality: 36	flight time: 0s                    	pos 3.00 -23.88 -0.68	yaw: 0.10	msg/s 0.0
INFO: 28-10-2022 22:06:47 log_status(195) -- Drogno_3: out of BOX	battery: 4.19                    	kalman var: 3.779 3.779 0.017                    	batterySag: 0.5	link quality: 36	flight time: 0s                    	pos 3.54 -28.00 -0.80	yaw: 0.11	msg/s 0.0
INFO: 28-10-2022 22:06:48 log_status(195) -- Drogno_3: out of BOX	battery: 4.19                    	kalman var: 4.367 4.367 0.018                    	batterySag: 0.5	link quality: 36	flight time: 0s                    	pos 4.02 -31.70 -0.90	yaw: 0.12	msg/s 0.0
INFO: 28-10-2022 22:06:50 log_status(195) -- Drogno_3: out of BOX	battery: 4.19                    	kalman var: 5.148 5.148 0.019                    	batterySag: 0.5	link quality: 36	flight time: 0s                    	pos 4.64 -36.47 -1.04	yaw: 0.12	msg/s 0.0
INFO: 28-10-2022 22:06:51 log_status(195) -- Drogno_3: out of BOX	battery: 4.19                    	kalman var: 5.855 5.855 0.02                    	batterySag: 0.5	link quality: 36	flight time: 0s                    	pos 5.20 -40.69 -1.16	yaw: 0.12	msg/s 0.0
INFO: 28-10-2022 22:06:52 log_status(195) -- Drogno_3: out of BOX	battery: 4.19                    	kalman var: 6.785 6.785 0.022                    	batterySag: 0.5	link quality: 36	flight time: 0s                    	pos 5.90 -46.06 -1.31	yaw: 0.13	msg/s 0.0
INFO: 28-10-2022 22:06:53 log_status(195) -- Drogno_3: out of BOX	battery: 4.19                    	kalman var: 7.625 7.625 0.023                    	batterySag: 0.5	link quality: 36	flight time: 0s                    	pos 6.51 -50.78 -1.44	yaw: 0.14	msg/s 0.0
INFO: 28-10-2022 22:06:54 log_status(195) -- Drogno_3: out of BOX	battery: 4.19                    	kalman var: 8.719 8.719 0.024                    	batterySag: 0.5	link quality: 36	flight time: 0s                    	pos 7.29 -56.78 -1.61	yaw: 0.13	msg/s 0.0
INFO: 28-10-2022 22:06:55 log_status(195) -- Drogno_3: out of BOX	battery: 4.19                    	kalman var: 9.695 9.695 0.025                    	batterySag: 0.5	link quality: 36	flight time: 0s                    	pos 7.97 -62.00 -1.75	yaw: 0.13	msg/s 0.0
INFO: 28-10-2022 22:06:56 log_status(195) -- Drogno_3: out of BOX	battery: 4.19                    	kalman var: 10.961 10.961 0.026                    	batterySag: 0.5	link quality: 36	flight time: 0s                    	pos 8.83 -68.62 -1.93	yaw: 0.13	msg/s 0.0
INFO: 28-10-2022 22:06:57 log_status(195) -- Drogno_3: out of BOX	battery: 4.19                    	kalman var: 12.086 12.086 0.028                    	batterySag: 0.5	link quality: 36	flight time: 0s                    	pos 9.56 -74.31 -2.09	yaw: 0.14	msg/s 0.0
INFO: 28-10-2022 22:06:58 log_status(195) -- Drogno_3: out of BOX	battery: 4.19                    	kalman var: 13.539 13.539 0.029                    	batterySag: 0.5	link quality: 36	flight time: 0s                    	pos 10.49 -81.56 -2.29	yaw: 0.14	msg/s 0.0
INFO: 28-10-2022 22:06:59 log_status(195) -- Drogno_3: out of BOX	battery: 4.19                    	kalman var: 14.828 14.828 0.03                    	batterySag: 0.5	link quality: 36	flight time: 0s                    	pos 11.30 -87.81 -2.47	yaw: 0.15	msg/s 0.0
INFO: 28-10-2022 22:07:01 log_status(195) -- Drogno_3: out of BOX	battery: 4.19                    	kalman var: 16.484 16.484 0.031                    	batterySag: 0.5	link quality: 36	flight time: 0s                    	pos 12.31 -95.62 -2.68	yaw: 0.14	msg/s 0.0
INFO: 28-10-2022 22:07:02 log_status(195) -- Drogno_3: ready	battery: 4.19                    	kalman var: 0.001 0.001 0.0                    	batterySag: 0.5	link quality: 36	flight time: 0s                    	pos 0.00 -0.01 -0.00	yaw: 0.02	msg/s 0.0
INFO: 28-10-2022 22:07:03 log_status(195) -- Drogno_3: BAD kalman	battery: 4.19                    	kalman var: 0.025 0.025 0.002                    	batterySag: 0.5	link quality: 36	flight time: 0s                    	pos 0.03 -0.26 -0.01	yaw: 0.04	msg/s 0.0
INFO: 28-10-2022 22:07:04 log_status(195) -- Drogno_3: BAD kalman	battery: 4.19                    	kalman var: 0.069 0.069 0.003                    	batterySag: 0.5	link quality: 36	flight time: 0s                    	pos 0.09 -0.70 -0.03	yaw: 0.06	msg/s 0.0
INFO: 28-10-2022 22:07:05 log_status(195) -- Drogno_3: BAD kalman	battery: 4.19                    	kalman var: 0.154 0.154 0.004                    	batterySag: 0.5	link quality: 36	flight time: 0s                    	pos 0.19 -1.51 -0.06	yaw: 0.06	msg/s 0.0
INFO: 28-10-2022 22:07:06 log_status(195) -- Drogno_3: BAD kalman	battery: 4.19                    	kalman var: 0.255 0.255 0.005                    	batterySag: 0.5	link quality: 36	flight time: 0s                    	pos 0.32 -2.43 -0.09	yaw: 0.06	msg/s 0.0
INFO: 28-10-2022 22:07:07 log_status(195) -- Drogno_3: out of BOX	battery: 4.19                    	kalman var: 0.413 0.413 0.006                    	batterySag: 0.5	link quality: 36	flight time: 0s                    	pos 0.52 -3.82 -0.14	yaw: 0.08	msg/s 0.0
INFO: 28-10-2022 22:07:08 log_status(195) -- Drogno_3: out of BOX	battery: 4.19                    	kalman var: 0.58 0.58 0.007                    	batterySag: 0.5	link quality: 36	flight time: 0s                    	pos 0.71 -5.23 -0.19	yaw: 0.09	msg/s 0.0
INFO: 28-10-2022 22:07:09 log_status(195) -- Drogno_3: out of BOX	battery: 4.19                    	kalman var: 0.824 0.824 0.009                    	batterySag: 0.5	link quality: 36	flight time: 0s                    	pos 1.00 -7.22 -0.26	yaw: 0.10	msg/s 0.0
INFO: 28-10-2022 22:07:10 log_status(195) -- Drogno_3: out of BOX	battery: 4.19                    	kalman var: 1.067 1.067 0.01                    	batterySag: 0.5	link quality: 36	flight time: 0s                    	pos 1.28 -9.13 -0.33	yaw: 0.11	msg/s 0.0
INFO: 28-10-2022 22:07:12 log_status(195) -- Drogno_3: out of BOX	battery: 4.19                    	kalman var: 1.409 1.409 0.011                    	batterySag: 0.5	link quality: 36	flight time: 0s                    	pos 1.67 -11.74 -0.42	yaw: 0.10	msg/s 0.0
INFO: 28-10-2022 22:07:13 log_status(195) -- Drogno_3: out of BOX	battery: 4.19                    	kalman var: 1.738 1.738 0.012                    	batterySag: 0.5	link quality: 36	flight time: 0s                    	pos 2.02 -14.17 -0.50	yaw: 0.11	msg/s 0.0
INFO: 28-10-2022 22:07:14 log_status(195) -- Drogno_3: out of BOX	battery: 4.19                    	kalman var: 2.189 2.189 0.013                    	batterySag: 0.5	link quality: 36	flight time: 0s                    	pos 2.49 -17.41 -0.61	yaw: 0.11	msg/s 0.0
INFO: 28-10-2022 22:07:15 log_status(195) -- Drogno_3: out of BOX	battery: 4.19                    	kalman var: 2.615 2.615 0.014                    	batterySag: 0.5	link quality: 36	flight time: 0s                    	pos 2.93 -20.34 -0.71	yaw: 0.10	msg/s 0.0
INFO: 28-10-2022 22:07:16 log_status(195) -- Drogno_3: out of BOX	battery: 4.19                    	kalman var: 3.184 3.184 0.016                    	batterySag: 0.5	link quality: 36	flight time: 0s                    	pos 3.50 -24.16 -0.84	yaw: 0.09	msg/s 0.0
INFO: 28-10-2022 22:07:17 log_status(195) -- Drogno_3: out of BOX	battery: 4.19                    	kalman var: 3.713 3.713 0.017                    	batterySag: 0.5	link quality: 36	flight time: 0s                    	pos 4.01 -27.62 -0.96	yaw: 0.09	msg/s 0.0
INFO: 28-10-2022 22:07:18 log_status(195) -- Drogno_3: out of BOX	battery: 4.19                    	kalman var: 4.418 4.418 0.018                    	batterySag: 0.5	link quality: 36	flight time: 0s                    	pos 4.67 -32.09 -1.10	yaw: 0.11	msg/s 0.0
INFO: 28-10-2022 22:07:19 log_status(195) -- Drogno_3: out of BOX	battery: 4.19                    	kalman var: 5.066 5.066 0.019                    	batterySag: 0.5	link quality: 36	flight time: 0s                    	pos 5.26 -36.09 -1.24	yaw: 0.11	msg/s 0.0
INFO: 28-10-2022 22:07:20 log_status(195) -- Drogno_3: out of BOX	battery: 4.19                    	kalman var: 5.918 5.918 0.021                    	batterySag: 0.5	link quality: 36	flight time: 0s                    	pos 6.02 -41.16 -1.41	yaw: 0.10	msg/s 0.0
INFO: 28-10-2022 22:07:21 log_status(195) -- Drogno_3: out of BOX	battery: 4.19                    	kalman var: 6.691 6.691 0.022                    	batterySag: 0.5	link quality: 36	flight time: 0s                    	pos 6.69 -45.69 -1.55	yaw: 0.10	msg/s 0.0
INFO: 28-10-2022 22:07:23 log_status(195) -- Drogno_3: out of BOX	battery: 4.19                    	kalman var: 7.695 7.695 0.023                    	batterySag: 0.5	link quality: 36	flight time: 0s                    	pos 7.54 -51.41 -1.74	yaw: 0.11	msg/s 0.0
INFO: 28-10-2022 22:07:24 log_status(195) -- Drogno_3: out of BOX	battery: 4.19                    	kalman var: 8.594 8.594 0.024                    	batterySag: 0.5	link quality: 36	flight time: 0s                    	pos 8.27 -56.41 -1.90	yaw: 0.12	msg/s 0.0
INFO: 28-10-2022 22:07:25 log_status(195) -- Drogno_3: out of BOX	battery: 4.19                    	kalman var: 9.773 9.773 0.025                    	batterySag: 0.5	link quality: 36	flight time: 0s                    	pos 9.20 -62.75 -2.10	yaw: 0.11	msg/s 0.0
INFO: 28-10-2022 22:07:26 log_status(195) -- Drogno_3: out of BOX	battery: 4.19                    	kalman var: 10.82 10.82 0.027                    	batterySag: 0.5	link quality: 36	flight time: 0s                    	pos 10.02 -68.31 -2.27	yaw: 0.11	msg/s 0.0
INFO: 28-10-2022 22:07:27 log_status(195) -- Drogno_3: out of BOX	battery: 4.19                    	kalman var: 12.18 12.18 0.028                    	batterySag: 0.5	link quality: 36	flight time: 0s                    	pos 11.05 -75.38 -2.48	yaw: 0.09	msg/s 0.0
INFO: 28-10-2022 22:07:28 log_status(195) -- Drogno_3: out of BOX	battery: 4.19                    	kalman var: 13.391 13.391 0.029                    	batterySag: 0.5	link quality: 36	flight time: 0s                    	pos 11.95 -81.44 -2.66	yaw: 0.10	msg/s 0.0
INFO: 28-10-2022 22:07:29 log_status(195) -- Drogno_3: out of BOX	battery: 4.19                    	kalman var: 14.938 14.938 0.031                    	batterySag: 0.5	link quality: 36	flight time: 0s                    	pos 13.07 -89.12 -2.89	yaw: 0.11	msg/s 0.0
INFO: 28-10-2022 22:07:30 log_status(195) -- Drogno_3: out of BOX	battery: 4.19                    	kalman var: 16.312 16.312 0.032                    	batterySag: 0.5	link quality: 36	flight time: 0s                    	pos 14.05 -95.75 -3.09	yaw: 0.12	msg/s 0.0
INFO: 28-10-2022 22:07:31 log_status(195) -- Drogno_3: ready	battery: 4.19                    	kalman var: 0.003 0.003 0.001                    	batterySag: 0.5	link quality: 36	flight time: 0s                    	pos 0.00 -0.03 -0.00	yaw: 0.01	msg/s 0.0
INFO: 28-10-2022 22:07:32 log_status(195) -- Drogno_3: BAD kalman	battery: 4.19                    	kalman var: 0.025 0.025 0.002                    	batterySag: 0.5	link quality: 36	flight time: 0s                    	pos 0.03 -0.26 -0.01	yaw: 0.02	msg/s 0.0
INFO: 28-10-2022 22:07:34 log_status(195) -- Drogno_3: BAD kalman	battery: 4.19                    	kalman var: 0.081 0.081 0.003                    	batterySag: 0.5	link quality: 36	flight time: 0s                    	pos 0.08 -0.81 -0.03	yaw: 0.03	msg/s 0.0
INFO: 28-10-2022 22:07:35 log_status(195) -- Drogno_3: BAD kalman	battery: 4.19                    	kalman var: 0.156 0.156 0.004                    	batterySag: 0.5	link quality: 36	flight time: 0s                    	pos 0.15 -1.51 -0.05	yaw: 0.05	msg/s 0.0
INFO: 28-10-2022 22:07:36 log_status(195) -- Drogno_3: BAD kalman	battery: 4.19                    	kalman var: 0.28 0.28 0.005                    	batterySag: 0.5	link quality: 36	flight time: 0s                    	pos 0.27 -2.64 -0.08	yaw: 0.06	msg/s 0.0
INFO: 28-10-2022 22:07:37 log_status(195) -- Drogno_3: out of BOX	battery: 4.19                    	kalman var: 0.417 0.417 0.006                    	batterySag: 0.5	link quality: 36	flight time: 0s                    	pos 0.40 -3.83 -0.12	yaw: 0.06	msg/s 0.0
INFO: 28-10-2022 22:07:38 log_status(195) -- Drogno_3: out of BOX	battery: 4.19                    	kalman var: 0.622 0.622 0.008                    	batterySag: 0.5	link quality: 36	flight time: 0s                    	pos 0.60 -5.55 -0.17	yaw: 0.06	msg/s 0.0
INFO: 28-10-2022 22:07:39 log_status(195) -- Drogno_3: out of BOX	battery: 4.19                    	kalman var: 0.83 0.83 0.009                    	batterySag: 0.5	link quality: 36	flight time: 0s                    	pos 0.81 -7.23 -0.22	yaw: 0.07	msg/s 0.0
INFO: 28-10-2022 22:07:40 log_status(195) -- Drogno_3: out of BOX	battery: 4.19                    	kalman var: 1.127 1.127 0.01                    	batterySag: 0.5	link quality: 36	flight time: 0s                    	pos 1.09 -9.55 -0.28	yaw: 0.09	msg/s 0.0
INFO: 28-10-2022 22:07:41 log_status(195) -- Drogno_3: out of BOX	battery: 4.19                    	kalman var: 1.417 1.417 0.011                    	batterySag: 0.5	link quality: 36	flight time: 0s                    	pos 1.37 -11.74 -0.35	yaw: 0.10	msg/s 0.0
INFO: 28-10-2022 22:07:42 log_status(195) -- Drogno_3: out of BOX	battery: 4.19                    	kalman var: 1.816 1.816 0.012                    	batterySag: 0.5	link quality: 36	flight time: 0s                    	pos 1.74 -14.66 -0.43	yaw: 0.11	msg/s 0.0
INFO: 28-10-2022 22:07:43 log_status(195) -- Drogno_3: out of BOX	battery: 4.19                    	kalman var: 2.197 2.197 0.013                    	batterySag: 0.5	link quality: 36	flight time: 0s                    	pos 2.09 -17.34 -0.51	yaw: 0.11	msg/s 0.0
INFO: 28-10-2022 22:07:45 log_status(195) -- Drogno_3: out of BOX	battery: 4.19                    	kalman var: 2.715 2.715 0.015                    	batterySag: 0.5	link quality: 36	flight time: 0s                    	pos 2.54 -20.91 -0.62	yaw: 0.12	msg/s 0.0
INFO: 28-10-2022 22:07:46 log_status(195) -- Drogno_3: out of BOX	battery: 4.19                    	kalman var: 3.197 3.197 0.016                    	batterySag: 0.5	link quality: 36	flight time: 0s                    	pos 2.94 -24.12 -0.71	yaw: 0.13	msg/s 0.0
INFO: 28-10-2022 22:07:47 log_status(195) -- Drogno_3: out of BOX	battery: 4.19                    	kalman var: 3.844 3.844 0.017                    	batterySag: 0.5	link quality: 36	flight time: 0s                    	pos 3.47 -28.30 -0.82	yaw: 0.12	msg/s 0.0
INFO: 28-10-2022 22:07:48 log_status(195) -- Drogno_3: out of BOX	battery: 4.19                    	kalman var: 4.438 4.438 0.018                    	batterySag: 0.5	link quality: 36	flight time: 0s                    	pos 3.94 -32.03 -0.93	yaw: 0.13	msg/s 0.0
INFO: 28-10-2022 22:07:49 log_status(195) -- Drogno_3: out of BOX	battery: 4.19                    	kalman var: 5.219 5.219 0.019                    	batterySag: 0.5	link quality: 36	flight time: 0s                    	pos 4.54 -36.78 -1.06	yaw: 0.12	msg/s 0.0
INFO: 28-10-2022 22:07:50 log_status(195) -- Drogno_3: out of BOX	battery: 4.19                    	kalman var: 5.934 5.934 0.021                    	batterySag: 0.5	link quality: 36	flight time: 0s                    	pos 5.08 -41.03 -1.18	yaw: 0.13	msg/s 0.0
INFO: 28-10-2022 22:07:51 log_status(195) -- Drogno_3: out of BOX	battery: 4.19                    	kalman var: 6.871 6.871 0.022                    	batterySag: 0.5	link quality: 36	flight time: 0s                    	pos 5.76 -46.47 -1.33	yaw: 0.14	msg/s 0.0
INFO: 28-10-2022 22:07:52 log_status(195) -- Drogno_3: out of BOX	battery: 4.19                    	kalman var: 7.715 7.715 0.023                    	batterySag: 0.5	link quality: 36	flight time: 0s                    	pos 6.37 -51.22 -1.46	yaw: 0.14	msg/s 0.0
INFO: 28-10-2022 22:07:53 log_status(195) -- Drogno_3: out of BOX	battery: 4.19                    	kalman var: 8.812 8.812 0.024                    	batterySag: 0.5	link quality: 36	flight time: 0s                    	pos 7.14 -57.28 -1.62	yaw: 0.14	msg/s 0.0
INFO: 28-10-2022 22:07:54 log_status(195) -- Drogno_3: out of BOX	battery: 4.19                    	kalman var: 9.805 9.805 0.025                    	batterySag: 0.5	link quality: 36	flight time: 0s                    	pos 7.82 -62.56 -1.76	yaw: 0.15	msg/s 0.0
INFO: 28-10-2022 22:07:56 log_status(195) -- Drogno_3: out of BOX	battery: 4.19                    	kalman var: 11.078 11.078 0.027                    	batterySag: 0.5	link quality: 36	flight time: 0s                    	pos 8.67 -69.25 -1.93	yaw: 0.15	msg/s 0.0
INFO: 28-10-2022 22:07:57 log_status(195) -- Drogno_3: out of BOX	battery: 4.19                    	kalman var: 12.219 12.219 0.028                    	batterySag: 0.5	link quality: 36	flight time: 0s                    	pos 9.41 -75.06 -2.08	yaw: 0.17	msg/s 0.0
INFO: 28-10-2022 22:07:58 log_status(195) -- Drogno_3: out of BOX	battery: 4.19                    	kalman var: 13.664 13.664 0.029                    	batterySag: 0.5	link quality: 36	flight time: 0s                    	pos 10.35 -82.31 -2.26	yaw: 0.15	msg/s 0.0
INFO: 28-10-2022 22:07:59 log_status(195) -- Drogno_3: out of BOX	battery: 4.19                    	kalman var: 14.961 14.961 0.03                    	batterySag: 0.5	link quality: 36	flight time: 0s                    	pos 11.18 -88.69 -2.43	yaw: 0.15	msg/s 0.0
INFO: 28-10-2022 22:08:00 log_status(195) -- Drogno_3: out of BOX	battery: 4.19                    	kalman var: 16.625 16.625 0.032                    	batterySag: 0.5	link quality: 36	flight time: 0s                    	pos 12.22 -96.69 -2.63	yaw: 0.15	msg/s 0.0
INFO: 28-10-2022 22:08:01 log_status(195) -- Drogno_3: ready	battery: 4.19                    	kalman var: 0.003 0.003 0.001                    	batterySag: 0.5	link quality: 36	flight time: 0s                    	pos 0.00 -0.03 -0.00	yaw: 0.01	msg/s 0.0
INFO: 28-10-2022 22:08:02 log_status(195) -- Drogno_3: BAD kalman	battery: 4.19                    	kalman var: 0.031 0.031 0.002                    	batterySag: 0.5	link quality: 36	flight time: 0s                    	pos 0.03 -0.32 -0.01	yaw: 0.03	msg/s 0.0
WARNING: 28-10-2022 22:08:03 exit(680) -- closing Drogno_3
