INFO: 28-10-2022 19:54:41 __init__(112) -- This is drone log from Drogno_3
INFO: 28-10-2022 19:54:44 log_status(183) -- Logger started
INFO: 28-10-2022 19:54:45 log_status(187) -- Drogno_3: ready	battery: 4.19                    	kalman var: 0.01 0.01 0.001                    	batterySag: 0.5	link quality: 49	flight time: 0s                    	pos -0.03 -0.02 0.00	yaw: 0.01	msg/s 0.9
INFO: 28-10-2022 19:54:46 log_status(187) -- Drogno_3: BAD kalman	battery: 4.19                    	kalman var: 0.041 0.041 0.002                    	batterySag: 0.5	link quality: 49	flight time: 0s                    	pos -0.14 -0.09 0.01	yaw: 0.00	msg/s 0.0
INFO: 28-10-2022 19:54:47 log_status(187) -- Drogno_3: BAD kalman	battery: 4.19                    	kalman var: 0.109 0.109 0.003                    	batterySag: 0.5	link quality: 49	flight time: 0s                    	pos -0.36 -0.24 0.02	yaw: 0.01	msg/s 0.0
INFO: 28-10-2022 19:54:48 log_status(187) -- Drogno_3: BAD kalman	battery: 4.19                    	kalman var: 0.214 0.214 0.005                    	batterySag: 0.5	link quality: 47	flight time: 0s                    	pos -0.69 -0.46 0.04	yaw: 0.01	msg/s 0.0
INFO: 28-10-2022 19:54:49 log_status(187) -- Drogno_3: BAD kalman	battery: 4.19                    	kalman var: 0.332 0.332 0.006                    	batterySag: 0.5	link quality: 48	flight time: 0s                    	pos -1.04 -0.72 0.07	yaw: 0.01	msg/s 0.0
INFO: 28-10-2022 19:54:50 log_status(187) -- Drogno_3: BAD kalman	battery: 4.19                    	kalman var: 0.514 0.514 0.007                    	batterySag: 0.5	link quality: 47	flight time: 0s                    	pos -1.57 -1.10 0.10	yaw: 0.01	msg/s 0.0
INFO: 28-10-2022 19:54:51 log_status(187) -- Drogno_3: BAD kalman	battery: 4.19                    	kalman var: 0.701 0.701 0.008                    	batterySag: 0.5	link quality: 47	flight time: 0s                    	pos -2.08 -1.49 0.13	yaw: 0.02	msg/s 0.0
INFO: 28-10-2022 19:54:52 log_status(187) -- Drogno_3: out of BOX	battery: 4.19                    	kalman var: 0.971 0.971 0.009                    	batterySag: 0.5	link quality: 47	flight time: 0s                    	pos -2.79 -2.04 0.17	yaw: 0.01	msg/s 0.0
INFO: 28-10-2022 19:54:54 log_status(187) -- Drogno_3: out of BOX	battery: 4.19                    	kalman var: 1.237 1.237 0.01                    	batterySag: 0.5	link quality: 48	flight time: 0s                    	pos -3.47 -2.57 0.21	yaw: 0.02	msg/s 0.0
INFO: 28-10-2022 19:54:55 log_status(187) -- Drogno_3: out of BOX	battery: 4.19                    	kalman var: 1.604 1.604 0.012                    	batterySag: 0.5	link quality: 47	flight time: 0s                    	pos -4.37 -3.28 0.27	yaw: 0.01	msg/s 0.0
INFO: 28-10-2022 19:54:56 log_status(187) -- Drogno_3: out of BOX	battery: 4.19                    	kalman var: 1.962 1.962 0.013                    	batterySag: 0.5	link quality: 47	flight time: 0s                    	pos -5.21 -3.96 0.31	yaw: 0.01	msg/s 0.0
INFO: 28-10-2022 19:54:57 log_status(187) -- Drogno_3: out of BOX	battery: 4.19                    	kalman var: 2.441 2.441 0.014                    	batterySag: 0.5	link quality: 47	flight time: 0s                    	pos -6.28 -4.86 0.37	yaw: 0.01	msg/s 0.0
INFO: 28-10-2022 19:54:58 log_status(187) -- Drogno_3: out of BOX	battery: 4.19                    	kalman var: 2.893 2.893 0.015                    	batterySag: 0.5	link quality: 47	flight time: 0s                    	pos -7.27 -5.68 0.42	yaw: 0.00	msg/s 0.0
INFO: 28-10-2022 19:54:59 log_status(187) -- Drogno_3: out of BOX	battery: 4.19                    	kalman var: 3.498 3.498 0.016                    	batterySag: 0.5	link quality: 48	flight time: 0s                    	pos -8.55 -6.77 0.48	yaw: 0.01	msg/s 0.0
INFO: 28-10-2022 19:55:00 log_status(187) -- Drogno_3: out of BOX	battery: 4.19                    	kalman var: 4.059 4.059 0.017                    	batterySag: 0.5	link quality: 48	flight time: 0s                    	pos -9.70 -7.75 0.54	yaw: 0.00	msg/s 0.0
INFO: 28-10-2022 19:55:01 log_status(187) -- Drogno_3: out of BOX	battery: 4.19                    	kalman var: 4.801 4.801 0.019                    	batterySag: 0.5	link quality: 48	flight time: 0s                    	pos -11.19 -9.03 0.61	yaw: -0.00	msg/s 0.0
INFO: 28-10-2022 19:55:02 log_status(187) -- Drogno_3: out of BOX	battery: 4.19                    	kalman var: 5.48 5.48 0.02                    	batterySag: 0.5	link quality: 48	flight time: 0s                    	pos -12.50 -10.18 0.67	yaw: -0.01	msg/s 0.0
INFO: 28-10-2022 19:55:03 log_status(187) -- Drogno_3: out of BOX	battery: 4.19                    	kalman var: 6.363 6.363 0.021                    	batterySag: 0.5	link quality: 49	flight time: 0s                    	pos -14.16 -11.65 0.74	yaw: -0.01	msg/s 0.0
INFO: 28-10-2022 19:55:05 log_status(187) -- Drogno_3: out of BOX	battery: 4.19                    	kalman var: 7.168 7.168 0.022                    	batterySag: 0.5	link quality: 49	flight time: 0s                    	pos -15.64 -12.97 0.80	yaw: -0.00	msg/s 0.0
INFO: 28-10-2022 19:55:06 log_status(187) -- Drogno_3: out of BOX	battery: 4.19                    	kalman var: 8.211 8.211 0.024                    	batterySag: 0.5	link quality: 49	flight time: 0s                    	pos -17.52 -14.66 0.88	yaw: 0.00	msg/s 0.0
INFO: 28-10-2022 19:55:07 log_status(187) -- Drogno_3: out of BOX	battery: 4.19                    	kalman var: 9.156 9.156 0.025                    	batterySag: 0.5	link quality: 47	flight time: 0s                    	pos -19.17 -16.14 0.94	yaw: -0.00	msg/s 0.0
INFO: 28-10-2022 19:55:08 log_status(187) -- Drogno_3: out of BOX	battery: 4.19                    	kalman var: 10.375 10.375 0.026                    	batterySag: 0.5	link quality: 48	flight time: 0s                    	pos -21.27 -18.05 1.01	yaw: -0.00	msg/s 0.0
INFO: 28-10-2022 19:55:09 log_status(187) -- Drogno_3: out of BOX	battery: 4.19                    	kalman var: 11.461 11.461 0.027                    	batterySag: 0.5	link quality: 47	flight time: 0s                    	pos -23.09 -19.72 1.07	yaw: -0.00	msg/s 0.0
INFO: 28-10-2022 19:55:10 log_status(187) -- Drogno_3: out of BOX	battery: 4.19                    	kalman var: 12.852 12.852 0.029                    	batterySag: 0.5	link quality: 47	flight time: 0s                    	pos -25.39 -21.81 1.14	yaw: -0.01	msg/s 0.0
INFO: 28-10-2022 19:55:11 log_status(187) -- Drogno_3: out of BOX	battery: 4.19                    	kalman var: 14.102 14.102 0.03                    	batterySag: 0.5	link quality: 48	flight time: 0s                    	pos -27.41 -23.67 1.21	yaw: -0.01	msg/s 0.0
INFO: 28-10-2022 19:55:12 log_status(187) -- Drogno_3: out of BOX	battery: 4.19                    	kalman var: 15.695 15.688 0.031                    	batterySag: 0.5	link quality: 48	flight time: 0s                    	pos -29.94 -26.00 1.29	yaw: -0.02	msg/s 0.0
INFO: 28-10-2022 19:55:13 log_status(187) -- Drogno_3: out of BOX	battery: 4.19                    	kalman var: 17.109 17.109 0.033                    	batterySag: 0.5	link quality: 47	flight time: 0s                    	pos -32.16 -28.03 1.36	yaw: -0.02	msg/s 0.0
INFO: 28-10-2022 19:55:14 log_status(187) -- Drogno_3: out of BOX	battery: 4.19                    	kalman var: 18.906 18.906 0.034                    	batterySag: 0.5	link quality: 48	flight time: 0s                    	pos -34.91 -30.59 1.44	yaw: -0.01	msg/s 0.0
INFO: 28-10-2022 19:55:16 log_status(187) -- Drogno_3: out of BOX	battery: 4.19                    	kalman var: 20.5 20.5 0.035                    	batterySag: 0.5	link quality: 45	flight time: 0s                    	pos -37.31 -32.81 1.51	yaw: -0.01	msg/s 0.0
INFO: 28-10-2022 19:55:17 log_status(187) -- Drogno_3: out of BOX	battery: 4.19                    	kalman var: 22.5 22.5 0.037                    	batterySag: 0.5	link quality: 42	flight time: 0s                    	pos -40.28 -35.56 1.60	yaw: -0.01	msg/s 0.0
INFO: 28-10-2022 19:55:18 log_status(187) -- Drogno_3: out of BOX	battery: 4.19                    	kalman var: 24.672 24.656 0.038                    	batterySag: 0.5	link quality: 40	flight time: 0s                    	pos -42.97 -38.03 1.68	yaw: -33.75	msg/s 0.0
INFO: 28-10-2022 19:55:19 log_status(187) -- Drogno_3: out of BOX	battery: 4.19                    	kalman var: 27.344 27.344 0.042                    	batterySag: 0.5	link quality: 53	flight time: 0s                    	pos -46.09 -41.47 1.76	yaw: -73.62	msg/s 0.0
INFO: 28-10-2022 19:55:20 log_status(187) -- Drogno_3: out of BOX	battery: 4.19                    	kalman var: 28.906 28.906 0.043                    	batterySag: 0.5	link quality: 52	flight time: 0s                    	pos -48.59 -44.69 1.83	yaw: -67.00	msg/s 0.0
INFO: 28-10-2022 19:55:21 log_status(187) -- Drogno_3: out of BOX	battery: 4.19                    	kalman var: 31.172 31.141 0.046                    	batterySag: 0.5	link quality: 49	flight time: 0s                    	pos -51.41 -49.12 1.92	yaw: -58.50	msg/s 0.0
INFO: 28-10-2022 19:55:22 log_status(187) -- Drogno_3: out of BOX	battery: 4.19                    	kalman var: 32.969 32.938 0.047                    	batterySag: 0.5	link quality: 43	flight time: 0s                    	pos -53.53 -53.19 2.01	yaw: -53.12	msg/s 0.0
INFO: 28-10-2022 19:55:23 log_status(187) -- Drogno_3: out of BOX	battery: 4.19                    	kalman var: 35.25 35.188 0.049                    	batterySag: 0.5	link quality: 43	flight time: 0s                    	pos -55.88 -58.53 2.12	yaw: -47.34	msg/s 0.0
INFO: 28-10-2022 19:55:24 log_status(187) -- Drogno_3: out of BOX	battery: 4.19                    	kalman var: 37.25 37.188 0.05                    	batterySag: 0.5	link quality: 43	flight time: 0s                    	pos -57.66 -63.34 2.21	yaw: -42.97	msg/s 0.0
INFO: 28-10-2022 19:55:25 log_status(187) -- Drogno_3: out of BOX	battery: 4.19                    	kalman var: 39.781 39.75 0.052                    	batterySag: 0.5	link quality: 43	flight time: 0s                    	pos -59.56 -69.56 2.31	yaw: -38.19	msg/s 0.0
INFO: 28-10-2022 19:55:27 log_status(187) -- Drogno_3: out of BOX	battery: 4.19                    	kalman var: 42.031 41.969 0.054                    	batterySag: 0.5	link quality: 43	flight time: 0s                    	pos -60.97 -75.12 2.41	yaw: -34.59	msg/s 0.0
INFO: 28-10-2022 19:55:28 log_status(187) -- Drogno_3: out of BOX	battery: 4.19                    	kalman var: 44.844 44.781 0.056                    	batterySag: 0.5	link quality: 43	flight time: 0s                    	pos -62.44 -82.12 2.52	yaw: -30.73	msg/s 0.0
INFO: 28-10-2022 19:55:29 log_status(187) -- Drogno_3: out of BOX	battery: 4.19                    	kalman var: 47.281 47.25 0.057                    	batterySag: 0.5	link quality: 43	flight time: 0s                    	pos -63.50 -88.25 2.62	yaw: -27.86	msg/s 0.0
INFO: 28-10-2022 19:55:30 log_status(187) -- Drogno_3: out of BOX	battery: 4.19                    	kalman var: 50.406 50.344 0.059                    	batterySag: 0.5	link quality: 43	flight time: 0s                    	pos -64.62 -96.06 2.74	yaw: -24.72	msg/s 0.0
INFO: 28-10-2022 19:55:31 log_status(187) -- Drogno_3: ready	battery: 4.19                    	kalman var: 0.002 0.002 0.001                    	batterySag: 0.5	link quality: 43	flight time: 0s                    	pos -0.00 -0.02 0.00	yaw: 0.01	msg/s 0.0
INFO: 28-10-2022 19:55:32 log_status(187) -- Drogno_3: BAD kalman	battery: 4.19                    	kalman var: 0.027 0.027 0.002                    	batterySag: 0.5	link quality: 43	flight time: 0s                    	pos -0.05 -0.29 0.00	yaw: -0.00	msg/s 0.0
INFO: 28-10-2022 19:55:33 log_status(187) -- Drogno_3: BAD kalman	battery: 4.19                    	kalman var: 0.072 0.072 0.003                    	batterySag: 0.5	link quality: 43	flight time: 0s                    	pos -0.12 -0.76 0.00	yaw: -0.02	msg/s 0.0
INFO: 28-10-2022 19:55:34 log_status(187) -- Drogno_3: BAD kalman	battery: 4.19                    	kalman var: 0.159 0.159 0.004                    	batterySag: 0.5	link quality: 43	flight time: 0s                    	pos -0.26 -1.64 0.00	yaw: -0.00	msg/s 0.0
INFO: 28-10-2022 19:55:35 log_status(187) -- Drogno_3: BAD kalman	battery: 4.19                    	kalman var: 0.261 0.261 0.005                    	batterySag: 0.5	link quality: 44	flight time: 0s                    	pos -0.43 -2.63 0.00	yaw: 0.01	msg/s 0.0
INFO: 28-10-2022 19:55:36 log_status(187) -- Drogno_3: out of BOX	battery: 4.19                    	kalman var: 0.423 0.423 0.006                    	batterySag: 0.5	link quality: 43	flight time: 0s                    	pos -0.68 -4.15 0.00	yaw: 0.01	msg/s 0.0
INFO: 28-10-2022 19:55:38 log_status(187) -- Drogno_3: out of BOX	battery: 4.19                    	kalman var: 0.589 0.589 0.007                    	batterySag: 0.5	link quality: 44	flight time: 0s                    	pos -0.95 -5.67 0.00	yaw: 0.01	msg/s 0.0
INFO: 28-10-2022 19:55:39 log_status(187) -- Drogno_3: out of BOX	battery: 4.19                    	kalman var: 0.835 0.835 0.009                    	batterySag: 0.5	link quality: 43	flight time: 0s                    	pos -1.33 -7.83 0.00	yaw: 0.01	msg/s 0.0
INFO: 28-10-2022 19:55:40 log_status(187) -- Drogno_3: out of BOX	battery: 4.19                    	kalman var: 1.08 1.08 0.01                    	batterySag: 0.5	link quality: 44	flight time: 0s                    	pos -1.71 -9.91 0.00	yaw: 0.01	msg/s 0.0
INFO: 28-10-2022 19:55:41 log_status(187) -- Drogno_3: out of BOX	battery: 4.19                    	kalman var: 1.424 1.424 0.011                    	batterySag: 0.5	link quality: 43	flight time: 0s                    	pos -2.24 -12.75 0.00	yaw: 0.03	msg/s 0.0
INFO: 28-10-2022 19:55:42 log_status(187) -- Drogno_3: out of BOX	battery: 4.19                    	kalman var: 1.756 1.756 0.012                    	batterySag: 0.5	link quality: 44	flight time: 0s                    	pos -2.75 -15.41 0.00	yaw: 0.03	msg/s 0.0
INFO: 28-10-2022 19:55:43 log_status(187) -- Drogno_3: out of BOX	battery: 4.19                    	kalman var: 2.205 2.205 0.013                    	batterySag: 0.5	link quality: 44	flight time: 0s                    	pos -3.43 -18.91 -0.00	yaw: 0.03	msg/s 0.0
INFO: 28-10-2022 19:55:44 log_status(187) -- Drogno_3: out of BOX	battery: 4.19                    	kalman var: 2.631 2.631 0.015                    	batterySag: 0.5	link quality: 44	flight time: 0s                    	pos -4.06 -22.14 -0.01	yaw: 0.03	msg/s 0.0
INFO: 28-10-2022 19:55:45 log_status(187) -- Drogno_3: out of BOX	battery: 4.19                    	kalman var: 3.205 3.205 0.016                    	batterySag: 0.5	link quality: 44	flight time: 0s                    	pos -4.90 -26.38 -0.02	yaw: 0.03	msg/s 0.0
INFO: 28-10-2022 19:55:46 log_status(187) -- Drogno_3: out of BOX	battery: 4.19                    	kalman var: 3.738 3.738 0.017                    	batterySag: 0.5	link quality: 44	flight time: 0s                    	pos -5.68 -30.19 -0.04	yaw: 0.04	msg/s 0.0
INFO: 28-10-2022 19:55:47 log_status(187) -- Drogno_3: out of BOX	battery: 4.19                    	kalman var: 4.438 4.438 0.018                    	batterySag: 0.5	link quality: 44	flight time: 0s                    	pos -6.68 -35.06 -0.05	yaw: 0.05	msg/s 0.0
INFO: 28-10-2022 19:55:49 log_status(187) -- Drogno_3: out of BOX	battery: 4.19                    	kalman var: 5.086 5.086 0.02                    	batterySag: 0.5	link quality: 44	flight time: 0s                    	pos -7.59 -39.50 -0.07	yaw: 0.04	msg/s 0.0
INFO: 28-10-2022 19:55:50 log_status(187) -- Drogno_3: out of BOX	battery: 4.19                    	kalman var: 5.938 5.938 0.021                    	batterySag: 0.5	link quality: 44	flight time: 0s                    	pos -8.77 -45.16 -0.09	yaw: 0.03	msg/s 0.0
INFO: 28-10-2022 19:55:51 log_status(187) -- Drogno_3: out of BOX	battery: 4.19                    	kalman var: 6.707 6.707 0.022                    	batterySag: 0.5	link quality: 44	flight time: 0s                    	pos -9.82 -50.16 -0.11	yaw: 0.03	msg/s 0.0
INFO: 28-10-2022 19:55:52 log_status(187) -- Drogno_3: out of BOX	battery: 4.19                    	kalman var: 7.715 7.715 0.024                    	batterySag: 0.5	link quality: 44	flight time: 0s                    	pos -11.18 -56.53 -0.14	yaw: 0.03	msg/s 0.0
INFO: 28-10-2022 19:55:53 log_status(187) -- Drogno_3: out of BOX	battery: 4.19                    	kalman var: 8.617 8.617 0.025                    	batterySag: 0.5	link quality: 44	flight time: 0s                    	pos -12.38 -62.09 -0.17	yaw: 0.03	msg/s 0.0
INFO: 28-10-2022 19:55:54 log_status(187) -- Drogno_3: out of BOX	battery: 4.19                    	kalman var: 9.789 9.789 0.027                    	batterySag: 0.5	link quality: 43	flight time: 0s                    	pos -13.93 -69.19 -0.20	yaw: 0.03	msg/s 0.0
INFO: 28-10-2022 19:55:55 log_status(187) -- Drogno_3: out of BOX	battery: 4.19                    	kalman var: 10.836 10.836 0.028                    	batterySag: 0.5	link quality: 42	flight time: 0s                    	pos -15.29 -75.44 -0.22	yaw: 0.03	msg/s 0.0
INFO: 28-10-2022 19:55:56 log_status(187) -- Drogno_3: out of BOX	battery: 4.19                    	kalman var: 12.195 12.188 0.03                    	batterySag: 0.5	link quality: 43	flight time: 0s                    	pos -17.03 -83.25 -0.25	yaw: 0.02	msg/s 0.0
INFO: 28-10-2022 19:55:57 log_status(187) -- Drogno_3: out of BOX	battery: 4.19                    	kalman var: 13.398 13.398 0.031                    	batterySag: 0.5	link quality: 42	flight time: 0s                    	pos -18.55 -90.12 -0.27	yaw: 0.03	msg/s 0.0
INFO: 28-10-2022 19:55:58 log_status(187) -- Drogno_3: out of BOX	battery: 4.19                    	kalman var: 14.938 14.938 0.033                    	batterySag: 0.5	link quality: 42	flight time: 0s                    	pos -20.48 -98.69 -0.29	yaw: 0.03	msg/s 0.0
INFO: 28-10-2022 19:56:00 log_status(187) -- Drogno_3: ready	battery: 4.19                    	kalman var: 0.007 0.007 0.001                    	batterySag: 0.5	link quality: 42	flight time: 0s                    	pos -0.01 -0.07 -0.00	yaw: -0.00	msg/s 0.0
INFO: 28-10-2022 19:56:01 log_status(187) -- Drogno_3: BAD kalman	battery: 4.19                    	kalman var: 0.042 0.042 0.002                    	batterySag: 0.5	link quality: 43	flight time: 0s                    	pos -0.08 -0.44 -0.01	yaw: -0.00	msg/s 0.0
INFO: 28-10-2022 19:56:02 log_status(187) -- Drogno_3: BAD kalman	battery: 4.19                    	kalman var: 0.098 0.098 0.003                    	batterySag: 0.5	link quality: 43	flight time: 0s                    	pos -0.18 -1.00 -0.02	yaw: 0.01	msg/s 0.0
INFO: 28-10-2022 19:56:03 log_status(187) -- Drogno_3: BAD kalman	battery: 4.19                    	kalman var: 0.198 0.198 0.005                    	batterySag: 0.5	link quality: 43	flight time: 0s                    	pos -0.35 -1.98 -0.03	yaw: 0.01	msg/s 0.0
INFO: 28-10-2022 19:56:04 log_status(187) -- Drogno_3: out of BOX	battery: 4.19                    	kalman var: 0.312 0.312 0.006                    	batterySag: 0.5	link quality: 43	flight time: 0s                    	pos -0.56 -3.07 -0.05	yaw: 0.01	msg/s 0.0
INFO: 28-10-2022 19:56:05 log_status(187) -- Drogno_3: out of BOX	battery: 4.19                    	kalman var: 0.488 0.488 0.007                    	batterySag: 0.5	link quality: 44	flight time: 0s                    	pos -0.87 -4.70 -0.08	yaw: 0.01	msg/s 0.0
INFO: 28-10-2022 19:56:06 log_status(187) -- Drogno_3: out of BOX	battery: 4.19                    	kalman var: 0.669 0.669 0.008                    	batterySag: 0.5	link quality: 44	flight time: 0s                    	pos -1.19 -6.33 -0.11	yaw: 0.01	msg/s 0.0
INFO: 28-10-2022 19:56:07 log_status(187) -- Drogno_3: out of BOX	battery: 4.19                    	kalman var: 0.933 0.933 0.009                    	batterySag: 0.5	link quality: 44	flight time: 0s                    	pos -1.64 -8.62 -0.14	yaw: 0.01	msg/s 0.0
INFO: 28-10-2022 19:56:08 log_status(187) -- Drogno_3: out of BOX	battery: 4.19                    	kalman var: 1.192 1.192 0.01                    	batterySag: 0.5	link quality: 43	flight time: 0s                    	pos -2.09 -10.83 -0.18	yaw: 0.02	msg/s 0.0
INFO: 28-10-2022 19:56:09 log_status(187) -- Drogno_3: out of BOX	battery: 4.19                    	kalman var: 1.557 1.557 0.012                    	batterySag: 0.5	link quality: 43	flight time: 0s                    	pos -2.72 -13.82 -0.23	yaw: 0.02	msg/s 0.0
INFO: 28-10-2022 19:56:11 log_status(187) -- Drogno_3: out of BOX	battery: 4.19                    	kalman var: 1.905 1.905 0.013                    	batterySag: 0.5	link quality: 42	flight time: 0s                    	pos -3.31 -16.61 -0.27	yaw: 0.02	msg/s 0.0
INFO: 28-10-2022 19:56:12 log_status(187) -- Drogno_3: out of BOX	battery: 4.19                    	kalman var: 2.377 2.377 0.014                    	batterySag: 0.5	link quality: 43	flight time: 0s                    	pos -4.09 -20.28 -0.33	yaw: 0.00	msg/s 0.0
INFO: 28-10-2022 19:56:13 log_status(187) -- Drogno_3: out of BOX	battery: 4.19                    	kalman var: 2.822 2.822 0.015                    	batterySag: 0.5	link quality: 43	flight time: 0s                    	pos -4.84 -23.66 -0.39	yaw: 0.00	msg/s 0.0
INFO: 28-10-2022 19:56:14 log_status(187) -- Drogno_3: out of BOX	battery: 4.19                    	kalman var: 3.42 3.42 0.017                    	batterySag: 0.5	link quality: 42	flight time: 0s                    	pos -5.82 -28.06 -0.46	yaw: 0.01	msg/s 0.0
INFO: 28-10-2022 19:56:15 log_status(187) -- Drogno_3: out of BOX	battery: 4.19                    	kalman var: 3.975 3.975 0.018                    	batterySag: 0.5	link quality: 42	flight time: 0s                    	pos -6.73 -32.06 -0.52	yaw: 0.01	msg/s 0.0
INFO: 28-10-2022 19:56:16 log_status(187) -- Drogno_3: out of BOX	battery: 4.19                    	kalman var: 4.711 4.707 0.019                    	batterySag: 0.5	link quality: 43	flight time: 0s                    	pos -7.91 -37.19 -0.60	yaw: 0.01	msg/s 0.0
INFO: 28-10-2022 19:56:17 log_status(187) -- Drogno_3: out of BOX	battery: 4.19                    	kalman var: 5.379 5.379 0.02                    	batterySag: 0.5	link quality: 42	flight time: 0s                    	pos -8.97 -41.78 -0.67	yaw: 0.01	msg/s 0.0
INFO: 28-10-2022 19:56:18 log_status(187) -- Drogno_3: out of BOX	battery: 4.19                    	kalman var: 6.254 6.254 0.022                    	batterySag: 0.5	link quality: 42	flight time: 0s                    	pos -10.34 -47.62 -0.75	yaw: 0.03	msg/s 0.0
INFO: 28-10-2022 19:56:19 log_status(187) -- Drogno_3: out of BOX	battery: 4.19                    	kalman var: 7.051 7.051 0.023                    	batterySag: 0.5	link quality: 43	flight time: 0s                    	pos -11.56 -52.81 -0.83	yaw: 0.03	msg/s 0.0
INFO: 28-10-2022 19:56:20 log_status(187) -- Drogno_3: out of BOX	battery: 4.19                    	kalman var: 8.086 8.086 0.025                    	batterySag: 0.5	link quality: 42	flight time: 0s                    	pos -13.14 -59.41 -0.91	yaw: 0.03	msg/s 0.0
INFO: 28-10-2022 19:56:22 log_status(187) -- Drogno_3: out of BOX	battery: 4.19                    	kalman var: 9.016 9.016 0.026                    	batterySag: 0.5	link quality: 42	flight time: 0s                    	pos -14.54 -65.25 -0.99	yaw: 0.03	msg/s 0.0
INFO: 28-10-2022 19:56:23 log_status(187) -- Drogno_3: out of BOX	battery: 4.19                    	kalman var: 10.227 10.227 0.028                    	batterySag: 0.5	link quality: 42	flight time: 0s                    	pos -16.31 -72.56 -1.07	yaw: 0.03	msg/s 0.0
INFO: 28-10-2022 19:56:24 log_status(187) -- Drogno_3: out of BOX	battery: 4.19                    	kalman var: 11.305 11.305 0.03                    	batterySag: 0.5	link quality: 43	flight time: 0s                    	pos -17.89 -79.00 -1.14	yaw: 0.03	msg/s 0.0
INFO: 28-10-2022 19:56:25 log_status(187) -- Drogno_3: out of BOX	battery: 4.19                    	kalman var: 12.695 12.695 0.031                    	batterySag: 0.5	link quality: 43	flight time: 0s                    	pos -19.88 -87.12 -1.23	yaw: 0.03	msg/s 0.0
INFO: 28-10-2022 19:56:26 log_status(187) -- Drogno_3: out of BOX	battery: 4.19                    	kalman var: 13.93 13.93 0.033                    	batterySag: 0.5	link quality: 43	flight time: 0s                    	pos -21.62 -94.12 -1.29	yaw: 0.02	msg/s 0.0
INFO: 28-10-2022 19:56:27 log_status(187) -- Drogno_3: ready	battery: 4.19                    	kalman var: 0.002 0.002 0.001                    	batterySag: 0.5	link quality: 42	flight time: 0s                    	pos -0.00 -0.02 -0.00	yaw: -0.00	msg/s 0.0
INFO: 28-10-2022 19:56:28 log_status(187) -- Drogno_3: BAD kalman	battery: 4.19                    	kalman var: 0.02 0.02 0.002                    	batterySag: 0.5	link quality: 43	flight time: 0s                    	pos -0.03 -0.21 -0.00	yaw: -0.00	msg/s 0.0
INFO: 28-10-2022 19:56:29 log_status(187) -- Drogno_3: BAD kalman	battery: 4.19                    	kalman var: 0.071 0.071 0.003                    	batterySag: 0.5	link quality: 43	flight time: 0s                    	pos -0.13 -0.73 -0.01	yaw: 0.01	msg/s 0.0
INFO: 28-10-2022 19:56:30 log_status(187) -- Drogno_3: BAD kalman	battery: 4.19                    	kalman var: 0.158 0.158 0.004                    	batterySag: 0.5	link quality: 43	flight time: 0s                    	pos -0.29 -1.58 -0.03	yaw: 0.00	msg/s 0.0
INFO: 28-10-2022 19:56:31 log_status(187) -- Drogno_3: BAD kalman	battery: 4.19                    	kalman var: 0.26 0.26 0.005                    	batterySag: 0.5	link quality: 44	flight time: 0s                    	pos -0.48 -2.54 -0.04	yaw: -0.00	msg/s 0.0
INFO: 28-10-2022 19:56:33 log_status(187) -- Drogno_3: out of BOX	battery: 4.19                    	kalman var: 0.421 0.421 0.006                    	batterySag: 0.5	link quality: 43	flight time: 0s                    	pos -0.78 -4.02 -0.07	yaw: -0.00	msg/s 0.0
INFO: 28-10-2022 19:56:34 log_status(187) -- Drogno_3: out of BOX	battery: 4.19                    	kalman var: 0.589 0.589 0.007                    	batterySag: 0.5	link quality: 44	flight time: 0s                    	pos -1.10 -5.53 -0.09	yaw: -0.01	msg/s 0.0
INFO: 28-10-2022 19:56:35 log_status(187) -- Drogno_3: out of BOX	battery: 4.19                    	kalman var: 0.835 0.835 0.009                    	batterySag: 0.5	link quality: 44	flight time: 0s                    	pos -1.57 -7.67 -0.12	yaw: 0.01	msg/s 0.0
INFO: 28-10-2022 19:56:36 log_status(187) -- Drogno_3: out of BOX	battery: 4.19                    	kalman var: 1.08 1.08 0.01                    	batterySag: 0.5	link quality: 44	flight time: 0s                    	pos -2.03 -9.74 -0.15	yaw: 0.01	msg/s 0.0
INFO: 28-10-2022 19:56:37 log_status(187) -- Drogno_3: out of BOX	battery: 4.19                    	kalman var: 1.421 1.421 0.011                    	batterySag: 0.5	link quality: 44	flight time: 0s                    	pos -2.67 -12.55 -0.19	yaw: 0.01	msg/s 0.0
INFO: 28-10-2022 19:56:38 log_status(187) -- Drogno_3: out of BOX	battery: 4.19                    	kalman var: 1.751 1.751 0.012                    	batterySag: 0.5	link quality: 44	flight time: 0s                    	pos -3.27 -15.18 -0.23	yaw: 0.00	msg/s 0.0
INFO: 28-10-2022 19:56:39 log_status(187) -- Drogno_3: out of BOX	battery: 4.19                    	kalman var: 2.203 2.203 0.014                    	batterySag: 0.5	link quality: 44	flight time: 0s                    	pos -4.09 -18.69 -0.28	yaw: 0.01	msg/s 0.0
INFO: 28-10-2022 19:56:40 log_status(187) -- Drogno_3: out of BOX	battery: 4.19                    	kalman var: 2.629 2.629 0.015                    	batterySag: 0.5	link quality: 44	flight time: 0s                    	pos -4.85 -21.91 -0.32	yaw: 0.01	msg/s 0.0
INFO: 28-10-2022 19:56:41 log_status(187) -- Drogno_3: out of BOX	battery: 4.19                    	kalman var: 3.203 3.203 0.016                    	batterySag: 0.5	link quality: 44	flight time: 0s                    	pos -5.86 -26.14 -0.38	yaw: 0.02	msg/s 0.0
INFO: 28-10-2022 19:56:42 log_status(187) -- Drogno_3: out of BOX	battery: 4.19                    	kalman var: 3.734 3.734 0.017                    	batterySag: 0.5	link quality: 44	flight time: 0s                    	pos -6.79 -29.95 -0.44	yaw: 0.02	msg/s 0.0
INFO: 28-10-2022 19:56:44 log_status(187) -- Drogno_3: out of BOX	battery: 4.19                    	kalman var: 4.441 4.438 0.019                    	batterySag: 0.5	link quality: 43	flight time: 0s                    	pos -8.01 -34.91 -0.51	yaw: 0.03	msg/s 0.0
INFO: 28-10-2022 19:56:45 log_status(187) -- Drogno_3: out of BOX	battery: 4.19                    	kalman var: 5.086 5.086 0.02                    	batterySag: 0.5	link quality: 43	flight time: 0s                    	pos -9.11 -39.34 -0.57	yaw: 0.03	msg/s 0.0
INFO: 28-10-2022 19:56:46 log_status(187) -- Drogno_3: out of BOX	battery: 4.19                    	kalman var: 5.938 5.938 0.021                    	batterySag: 0.5	link quality: 43	flight time: 0s                    	pos -10.55 -45.03 -0.65	yaw: 0.04	msg/s 0.0
INFO: 28-10-2022 19:56:47 log_status(187) -- Drogno_3: out of BOX	battery: 4.19                    	kalman var: 6.703 6.703 0.023                    	batterySag: 0.5	link quality: 43	flight time: 0s                    	pos -11.82 -50.03 -0.72	yaw: 0.03	msg/s 0.0
INFO: 28-10-2022 19:56:48 log_status(187) -- Drogno_3: out of BOX	battery: 4.19                    	kalman var: 7.711 7.711 0.025                    	batterySag: 0.5	link quality: 43	flight time: 0s                    	pos -13.47 -56.50 -0.80	yaw: 0.02	msg/s 0.0
INFO: 28-10-2022 19:56:49 log_status(187) -- Drogno_3: out of BOX	battery: 4.19                    	kalman var: 8.617 8.617 0.026                    	batterySag: 0.5	link quality: 42	flight time: 0s                    	pos -14.95 -62.16 -0.87	yaw: 0.02	msg/s 0.0
INFO: 28-10-2022 19:56:50 log_status(187) -- Drogno_3: out of BOX	battery: 4.19                    	kalman var: 9.789 9.789 0.028                    	batterySag: 0.5	link quality: 43	flight time: 0s                    	pos -16.81 -69.38 -0.95	yaw: 0.01	msg/s 0.0
INFO: 28-10-2022 19:56:51 log_status(187) -- Drogno_3: out of BOX	battery: 4.19                    	kalman var: 10.844 10.844 0.029                    	batterySag: 0.5	link quality: 43	flight time: 0s                    	pos -18.47 -75.69 -1.01	yaw: 0.02	msg/s 0.0
INFO: 28-10-2022 19:56:52 log_status(187) -- Drogno_3: out of BOX	battery: 4.19                    	kalman var: 12.195 12.195 0.031                    	batterySag: 0.5	link quality: 43	flight time: 0s                    	pos -20.56 -83.56 -1.09	yaw: 0.02	msg/s 0.0
INFO: 28-10-2022 19:56:53 log_status(187) -- Drogno_3: out of BOX	battery: 4.19                    	kalman var: 13.398 13.398 0.033                    	batterySag: 0.5	link quality: 43	flight time: 0s                    	pos -22.41 -90.50 -1.16	yaw: 0.01	msg/s 0.0
INFO: 28-10-2022 19:56:55 log_status(187) -- Drogno_3: out of BOX	battery: 4.19                    	kalman var: 14.93 14.93 0.035                    	batterySag: 0.5	link quality: 43	flight time: 0s                    	pos -24.70 -99.12 -1.23	yaw: 0.01	msg/s 0.0
INFO: 28-10-2022 19:56:56 log_status(187) -- Drogno_3: ready	battery: 4.19                    	kalman var: 0.008 0.008 0.001                    	batterySag: 0.5	link quality: 42	flight time: 0s                    	pos -0.01 -0.08 -0.00	yaw: 0.00	msg/s 0.0
INFO: 28-10-2022 19:56:57 log_status(187) -- Drogno_3: BAD kalman	battery: 4.19                    	kalman var: 0.046 0.046 0.002                    	batterySag: 0.5	link quality: 43	flight time: 0s                    	pos -0.08 -0.48 -0.01	yaw: 0.00	msg/s 0.0
INFO: 28-10-2022 19:56:58 log_status(187) -- Drogno_3: BAD kalman	battery: 4.19                    	kalman var: 0.102 0.102 0.003                    	batterySag: 0.5	link quality: 43	flight time: 0s                    	pos -0.18 -1.05 -0.02	yaw: -0.00	msg/s 0.0
INFO: 28-10-2022 19:56:59 log_status(187) -- Drogno_3: BAD kalman	battery: 4.19                    	kalman var: 0.205 0.205 0.005                    	batterySag: 0.5	link quality: 43	flight time: 0s                    	pos -0.35 -2.06 -0.05	yaw: -0.00	msg/s 0.9
INFO: 28-10-2022 19:57:00 log_status(187) -- Drogno_3: out of BOX	battery: 4.19                    	kalman var: 0.32 0.32 0.006                    	batterySag: 0.5	link quality: 43	flight time: 0s                    	pos -0.54 -3.15 -0.07	yaw: 0.00	msg/s 0.9
INFO: 28-10-2022 19:57:01 log_status(187) -- Drogno_3: out of BOX	battery: 4.19                    	kalman var: 0.498 0.498 0.007                    	batterySag: 0.5	link quality: 43	flight time: 0s                    	pos -0.85 -4.81 -0.11	yaw: 0.02	msg/s 1.8
INFO: 28-10-2022 19:57:02 log_status(187) -- Drogno_3: out of BOX	battery: 4.19                    	kalman var: 0.682 0.682 0.008                    	batterySag: 0.5	link quality: 43	flight time: 0s                    	pos -1.17 -6.46 -0.14	yaw: 0.02	msg/s 0.0
INFO: 28-10-2022 19:57:03 log_status(187) -- Drogno_3: out of BOX	battery: 4.19                    	kalman var: 0.949 0.949 0.009                    	batterySag: 0.5	link quality: 43	flight time: 0s                    	pos -1.64 -8.79 -0.19	yaw: 0.02	msg/s 0.9
INFO: 28-10-2022 19:57:04 log_status(187) -- Drogno_3: out of BOX	battery: 4.19                    	kalman var: 1.211 1.211 0.01                    	batterySag: 0.5	link quality: 43	flight time: 0s                    	pos -2.10 -11.02 -0.24	yaw: 0.02	msg/s 1.8
INFO: 28-10-2022 19:57:06 log_status(187) -- Drogno_3: out of BOX	battery: 4.19                    	kalman var: 1.577 1.577 0.012                    	batterySag: 0.5	link quality: 43	flight time: 0s                    	pos -2.75 -14.05 -0.30	yaw: 0.03	msg/s 1.8
INFO: 28-10-2022 19:57:07 log_status(187) -- Drogno_3: out of BOX	battery: 4.19                    	kalman var: 1.929 1.929 0.013                    	batterySag: 0.5	link quality: 43	flight time: 0s                    	pos -3.38 -16.88 -0.36	yaw: 0.03	msg/s 2.7
INFO: 28-10-2022 19:57:08 log_status(187) -- Drogno_3: out of BOX	battery: 4.19                    	kalman var: 2.408 2.408 0.014                    	batterySag: 0.5	link quality: 43	flight time: 0s                    	pos -4.23 -20.62 -0.44	yaw: 0.03	msg/s 0.9
INFO: 28-10-2022 19:57:09 log_status(187) -- Drogno_3: out of BOX	battery: 4.19                    	kalman var: 2.854 2.854 0.015                    	batterySag: 0.5	link quality: 43	flight time: 0s                    	pos -5.03 -24.03 -0.51	yaw: 0.02	msg/s 0.9
INFO: 28-10-2022 19:57:10 log_status(187) -- Drogno_3: out of BOX	battery: 4.19                    	kalman var: 3.455 3.455 0.017                    	batterySag: 0.5	link quality: 43	flight time: 0s                    	pos -6.09 -28.53 -0.60	yaw: 0.02	msg/s 0.0
INFO: 28-10-2022 19:57:11 log_status(187) -- Drogno_3: out of BOX	battery: 4.19                    	kalman var: 4.012 4.012 0.018                    	batterySag: 0.5	link quality: 43	flight time: 0s                    	pos -7.08 -32.59 -0.67	yaw: 0.02	msg/s 0.9
INFO: 28-10-2022 19:57:12 log_status(187) -- Drogno_3: out of BOX	battery: 4.19                    	kalman var: 4.746 4.746 0.02                    	batterySag: 0.5	link quality: 43	flight time: 0s                    	pos -8.36 -37.81 -0.76	yaw: 0.03	msg/s 2.7
INFO: 28-10-2022 19:57:13 log_status(187) -- Drogno_3: out of BOX	battery: 4.19                    	kalman var: 5.418 5.418 0.021                    	batterySag: 0.5	link quality: 43	flight time: 0s                    	pos -9.53 -42.47 -0.84	yaw: 0.04	msg/s 1.8
INFO: 28-10-2022 19:57:14 log_status(187) -- Drogno_3: out of BOX	battery: 4.19                    	kalman var: 6.301 6.301 0.022                    	batterySag: 0.5	link quality: 43	flight time: 0s                    	pos -11.04 -48.47 -0.94	yaw: 0.03	msg/s 1.8
INFO: 28-10-2022 19:57:15 log_status(187) -- Drogno_3: out of BOX	battery: 4.19                    	kalman var: 7.102 7.102 0.024                    	batterySag: 0.5	link quality: 43	flight time: 0s                    	pos -12.39 -53.81 -1.03	yaw: 0.03	msg/s 0.9
INFO: 28-10-2022 19:57:17 log_status(187) -- Drogno_3: out of BOX	battery: 4.19                    	kalman var: 8.148 8.141 0.026                    	batterySag: 0.5	link quality: 43	flight time: 0s                    	pos -14.14 -60.56 -1.13	yaw: 0.03	msg/s 0.9
INFO: 28-10-2022 19:57:18 log_status(187) -- Drogno_3: out of BOX	battery: 4.19                    	kalman var: 9.086 9.078 0.027                    	batterySag: 0.5	link quality: 43	flight time: 0s                    	pos -15.70 -66.56 -1.22	yaw: 0.04	msg/s 0.0
INFO: 28-10-2022 19:57:19 log_status(187) -- Drogno_3: out of BOX	battery: 4.19                    	kalman var: 10.297 10.297 0.029                    	batterySag: 0.5	link quality: 43	flight time: 0s                    	pos -17.69 -74.06 -1.34	yaw: 0.04	msg/s 1.8
INFO: 28-10-2022 19:57:20 log_status(187) -- Drogno_3: out of BOX	battery: 4.19                    	kalman var: 11.383 11.383 0.031                    	batterySag: 0.5	link quality: 43	flight time: 0s                    	pos -19.45 -80.75 -1.44	yaw: 0.03	msg/s 1.8
INFO: 28-10-2022 19:57:21 log_status(187) -- Drogno_3: out of BOX	battery: 4.19                    	kalman var: 12.773 12.773 0.033                    	batterySag: 0.5	link quality: 43	flight time: 0s                    	pos -21.69 -89.06 -1.55	yaw: 0.02	msg/s 1.8
INFO: 28-10-2022 19:57:22 log_status(187) -- Drogno_3: out of BOX	battery: 4.19                    	kalman var: 14.008 14.008 0.035                    	batterySag: 0.5	link quality: 43	flight time: 0s                    	pos -23.64 -96.25 -1.64	yaw: 0.03	msg/s 1.8
INFO: 28-10-2022 19:57:23 log_status(187) -- Drogno_3: ready	battery: 4.19                    	kalman var: 0.005 0.005 0.001                    	batterySag: 0.5	link quality: 43	flight time: 0s                    	pos -0.01 -0.05 -0.00	yaw: -0.00	msg/s 0.9
INFO: 28-10-2022 19:57:24 log_status(187) -- Drogno_3: BAD kalman	battery: 4.19                    	kalman var: 0.03 0.03 0.002                    	batterySag: 0.5	link quality: 43	flight time: 0s                    	pos -0.05 -0.32 -0.01	yaw: -0.01	msg/s 0.9
INFO: 28-10-2022 19:57:25 log_status(187) -- Drogno_3: BAD kalman	battery: 4.19                    	kalman var: 0.09 0.09 0.003                    	batterySag: 0.5	link quality: 43	flight time: 0s                    	pos -0.16 -0.93 -0.03	yaw: 0.00	msg/s 0.0
INFO: 28-10-2022 19:57:26 log_status(187) -- Drogno_3: BAD kalman	battery: 4.19                    	kalman var: 0.167 0.167 0.004                    	batterySag: 0.5	link quality: 43	flight time: 0s                    	pos -0.31 -1.70 -0.04	yaw: 0.00	msg/s 1.8
INFO: 28-10-2022 19:57:28 log_status(187) -- Drogno_3: out of BOX	battery: 4.19                    	kalman var: 0.296 0.296 0.005                    	batterySag: 0.5	link quality: 43	flight time: 0s                    	pos -0.56 -2.95 -0.07	yaw: 0.00	msg/s 1.8
INFO: 28-10-2022 19:57:29 log_status(187) -- Drogno_3: out of BOX	battery: 4.19                    	kalman var: 0.436 0.436 0.007                    	batterySag: 0.5	link quality: 43	flight time: 0s                    	pos -0.84 -4.26 -0.09	yaw: 0.00	msg/s 2.7
INFO: 28-10-2022 19:57:30 log_status(187) -- Drogno_3: out of BOX	battery: 4.19                    	kalman var: 0.645 0.645 0.008                    	batterySag: 0.5	link quality: 43	flight time: 0s                    	pos -1.26 -6.17 -0.12	yaw: -0.00	msg/s 0.9
INFO: 28-10-2022 19:57:31 log_status(187) -- Drogno_3: out of BOX	battery: 4.19                    	kalman var: 0.857 0.857 0.009                    	batterySag: 0.5	link quality: 43	flight time: 0s                    	pos -1.68 -8.05 -0.16	yaw: 0.01	msg/s 0.9
INFO: 28-10-2022 19:57:32 log_status(187) -- Drogno_3: out of BOX	battery: 4.19                    	kalman var: 1.159 1.159 0.01                    	batterySag: 0.5	link quality: 42	flight time: 0s                    	pos -2.29 -10.64 -0.20	yaw: 0.02	msg/s 0.9
INFO: 28-10-2022 19:57:33 log_status(187) -- Drogno_3: out of BOX	battery: 4.19                    	kalman var: 1.452 1.452 0.011                    	batterySag: 0.5	link quality: 43	flight time: 0s                    	pos -2.87 -13.10 -0.24	yaw: 0.03	msg/s 0.0
INFO: 28-10-2022 19:57:34 log_status(187) -- Drogno_3: out of BOX	battery: 4.19                    	kalman var: 1.5 1.786 0.515                    	batterySag: 0.5	link quality: 45	flight time: 0s                    	pos -3.64 -16.47 -0.27	yaw: -30.19	msg/s 2.7
INFO: 28-10-2022 19:57:35 log_status(187) -- Drogno_3: out of BOX	battery: 4.19                    	kalman var: 1.816 2.188 0.544                    	batterySag: 0.5	link quality: 46	flight time: 0s                    	pos -4.09 -19.52 -0.25	yaw: -25.03	msg/s 1.8
INFO: 28-10-2022 19:57:36 log_status(187) -- Drogno_3: out of BOX	battery: 4.19                    	kalman var: 2.105 2.688 0.779                    	batterySag: 0.5	link quality: 46	flight time: 0s                    	pos -3.78 -23.44 -0.14	yaw: -19.66	msg/s 1.8
INFO: 28-10-2022 19:57:38 log_status(187) -- Drogno_3: out of BOX	battery: 4.19                    	kalman var: 0.496 3.188 2.904                    	batterySag: 0.5	link quality: 46	flight time: 0s                    	pos -2.32 -26.80 -0.04	yaw: -7.21	msg/s 0.9
INFO: 28-10-2022 19:57:39 log_status(187) -- Drogno_3: out of BOX	battery: 4.19                    	kalman var: 4.129 3.857 0.021                    	batterySag: 0.5	link quality: 36	flight time: 0s                    	pos 1.87 -30.89 -0.29	yaw: -9.30	msg/s 0.9
INFO: 28-10-2022 19:57:40 log_status(187) -- Drogno_3: out of BOX	battery: 4.19                    	kalman var: 4.727 4.43 0.026                    	batterySag: 0.5	link quality: 37	flight time: 0s                    	pos 7.57 -34.25 -0.60	yaw: -8.39	msg/s 0.9
INFO: 28-10-2022 19:57:41 log_status(187) -- Drogno_3: out of BOX	battery: 4.19                    	kalman var: 5.52 5.191 0.033                    	batterySag: 0.5	link quality: 38	flight time: 0s                    	pos 16.77 -38.22 -1.03	yaw: -7.41	msg/s 0.9
INFO: 28-10-2022 19:57:42 log_status(187) -- Drogno_3: ready	battery: 4.19                    	kalman var: 0.001 0.001 0.0                    	batterySag: 0.5	link quality: 39	flight time: 0s                    	pos 0.00 -0.01 0.00	yaw: -0.00	msg/s 1.8
INFO: 28-10-2022 19:57:43 log_status(187) -- Drogno_3: BAD kalman	battery: 4.19                    	kalman var: 0.023 0.023 0.002                    	batterySag: 0.5	link quality: 39	flight time: 0s                    	pos 0.00 -0.23 -0.00	yaw: 0.01	msg/s 1.8
INFO: 28-10-2022 19:57:44 log_status(187) -- Drogno_3: BAD kalman	battery: 4.19                    	kalman var: 0.065 0.065 0.003                    	batterySag: 0.5	link quality: 39	flight time: 0s                    	pos 0.00 -0.65 -0.01	yaw: 0.01	msg/s 1.8
INFO: 28-10-2022 19:57:45 log_status(187) -- Drogno_3: BAD kalman	battery: 4.19                    	kalman var: 0.149 0.149 0.004                    	batterySag: 0.5	link quality: 39	flight time: 0s                    	pos 0.00 -1.45 -0.01	yaw: 0.01	msg/s 1.8
INFO: 28-10-2022 19:57:46 log_status(187) -- Drogno_3: BAD kalman	battery: 4.19                    	kalman var: 0.247 0.247 0.005                    	batterySag: 0.5	link quality: 39	flight time: 0s                    	pos -0.01 -2.37 -0.02	yaw: 0.01	msg/s 0.9
INFO: 28-10-2022 19:57:47 log_status(187) -- Drogno_3: out of BOX	battery: 4.19                    	kalman var: 0.404 0.404 0.006                    	batterySag: 0.5	link quality: 39	flight time: 0s                    	pos -0.05 -3.79 -0.04	yaw: 0.00	msg/s 0.0
INFO: 28-10-2022 19:57:49 log_status(187) -- Drogno_3: out of BOX	battery: 4.19                    	kalman var: 0.568 0.568 0.007                    	batterySag: 0.5	link quality: 38	flight time: 0s                    	pos -0.11 -5.24 -0.06	yaw: 0.01	msg/s 0.9
INFO: 28-10-2022 19:57:50 log_status(187) -- Drogno_3: out of BOX	battery: 4.19                    	kalman var: 0.808 0.808 0.009                    	batterySag: 0.5	link quality: 38	flight time: 0s                    	pos -0.21 -7.29 -0.09	yaw: -0.00	msg/s 1.8
INFO: 28-10-2022 19:57:51 log_status(187) -- Drogno_3: out of BOX	battery: 4.19                    	kalman var: 1.048 1.048 0.01                    	batterySag: 0.5	link quality: 38	flight time: 0s                    	pos -0.33 -9.30 -0.13	yaw: -0.01	msg/s 2.7
INFO: 28-10-2022 19:57:52 log_status(187) -- Drogno_3: out of BOX	battery: 4.19                    	kalman var: 1.387 1.387 0.011                    	batterySag: 0.5	link quality: 38	flight time: 0s                    	pos -0.52 -12.05 -0.17	yaw: -0.02	msg/s 1.8
INFO: 28-10-2022 19:57:53 log_status(187) -- Drogno_3: out of BOX	battery: 4.19                    	kalman var: 1.713 1.713 0.012                    	batterySag: 0.5	link quality: 38	flight time: 0s                    	pos -0.73 -14.65 -0.21	yaw: -0.01	msg/s 0.9
INFO: 28-10-2022 19:57:54 log_status(187) -- Drogno_3: out of BOX	battery: 4.19                    	kalman var: 2.158 2.158 0.013                    	batterySag: 0.5	link quality: 38	flight time: 0s                    	pos -1.04 -18.11 -0.27	yaw: -0.01	msg/s 0.9
INFO: 28-10-2022 19:57:55 log_status(187) -- Drogno_3: out of BOX	battery: 4.19                    	kalman var: 2.576 2.576 0.015                    	batterySag: 0.5	link quality: 38	flight time: 0s                    	pos -1.35 -21.25 -0.31	yaw: -0.01	msg/s 0.0
INFO: 28-10-2022 19:57:56 log_status(187) -- Drogno_3: out of BOX	battery: 4.19                    	kalman var: 3.143 3.143 0.016                    	batterySag: 0.5	link quality: 38	flight time: 0s                    	pos -1.79 -25.44 -0.37	yaw: -0.00	msg/s 0.0
INFO: 28-10-2022 19:57:57 log_status(187) -- Drogno_3: out of BOX	battery: 4.19                    	kalman var: 3.668 3.668 0.017                    	batterySag: 0.5	link quality: 38	flight time: 0s                    	pos -2.20 -29.23 -0.42	yaw: -0.01	msg/s 0.0
INFO: 28-10-2022 19:57:58 log_status(187) -- Drogno_3: out of BOX	battery: 4.19                    	kalman var: 4.367 4.367 0.019                    	batterySag: 0.5	link quality: 38	flight time: 0s                    	pos -2.77 -34.16 -0.49	yaw: 0.01	msg/s 0.0
INFO: 28-10-2022 19:58:00 log_status(187) -- Drogno_3: out of BOX	battery: 4.19                    	kalman var: 5.008 5.008 0.02                    	batterySag: 0.5	link quality: 38	flight time: 0s                    	pos -3.31 -38.56 -0.55	yaw: 0.02	msg/s 0.0
INFO: 28-10-2022 19:58:01 log_status(187) -- Drogno_3: out of BOX	battery: 4.19                    	kalman var: 5.848 5.848 0.022                    	batterySag: 0.5	link quality: 38	flight time: 0s                    	pos -4.03 -44.22 -0.62	yaw: 0.02	msg/s 0.0
INFO: 28-10-2022 19:58:02 log_status(187) -- Drogno_3: out of BOX	battery: 4.19                    	kalman var: 6.605 6.605 0.023                    	batterySag: 0.5	link quality: 38	flight time: 0s                    	pos -4.68 -49.22 -0.69	yaw: 0.02	msg/s 0.0
INFO: 28-10-2022 19:58:03 log_status(187) -- Drogno_3: out of BOX	battery: 4.19                    	kalman var: 7.605 7.605 0.025                    	batterySag: 0.5	link quality: 38	flight time: 0s                    	pos -5.55 -55.62 -0.76	yaw: 0.01	msg/s 0.0
INFO: 28-10-2022 19:58:04 log_status(187) -- Drogno_3: out of BOX	battery: 4.19                    	kalman var: 8.508 8.5 0.027                    	batterySag: 0.5	link quality: 38	flight time: 0s                    	pos -6.34 -61.28 -0.83	yaw: 0.01	msg/s 0.0
INFO: 28-10-2022 19:58:05 log_status(187) -- Drogno_3: out of BOX	battery: 4.19                    	kalman var: 9.672 9.664 0.029                    	batterySag: 0.5	link quality: 38	flight time: 0s                    	pos -7.38 -68.50 -0.91	yaw: 0.02	msg/s 0.0
INFO: 28-10-2022 19:58:06 log_status(187) -- Drogno_3: out of BOX	battery: 4.19                    	kalman var: 10.711 10.711 0.031                    	batterySag: 0.5	link quality: 38	flight time: 0s                    	pos -8.30 -74.75 -0.98	yaw: 0.02	msg/s 0.0
INFO: 28-10-2022 19:58:07 log_status(187) -- Drogno_3: out of BOX	battery: 4.19                    	kalman var: 12.055 12.047 0.033                    	batterySag: 0.5	link quality: 38	flight time: 0s                    	pos -9.52 -82.69 -1.07	yaw: 0.01	msg/s 0.0
INFO: 28-10-2022 19:58:08 log_status(187) -- Drogno_3: out of BOX	battery: 4.19                    	kalman var: 13.242 13.234 0.035                    	batterySag: 0.5	link quality: 38	flight time: 0s                    	pos -10.58 -89.56 -1.14	yaw: 0.01	msg/s 0.0
INFO: 28-10-2022 19:58:09 log_status(187) -- Drogno_3: out of BOX	battery: 4.19                    	kalman var: 14.773 14.766 0.038                    	batterySag: 0.5	link quality: 38	flight time: 0s                    	pos -11.96 -98.31 -1.22	yaw: 0.02	msg/s 0.0
INFO: 28-10-2022 19:58:11 log_status(187) -- Drogno_3: ready	battery: 4.19                    	kalman var: 0.006 0.006 0.001                    	batterySag: 0.5	link quality: 38	flight time: 0s                    	pos 0.00 -0.06 -0.00	yaw: 0.00	msg/s 0.0
INFO: 28-10-2022 19:58:12 log_status(187) -- Drogno_3: BAD kalman	battery: 4.19                    	kalman var: 0.04 0.04 0.002                    	batterySag: 0.5	link quality: 38	flight time: 0s                    	pos 0.01 -0.41 -0.00	yaw: 0.01	msg/s 0.0
INFO: 28-10-2022 19:58:13 log_status(187) -- Drogno_3: BAD kalman	battery: 4.19                    	kalman var: 0.094 0.094 0.003                    	batterySag: 0.5	link quality: 38	flight time: 0s                    	pos 0.02 -0.94 -0.00	yaw: 0.01	msg/s 0.0
INFO: 28-10-2022 19:58:14 log_status(187) -- Drogno_3: BAD kalman	battery: 4.19                    	kalman var: 0.192 0.192 0.004                    	batterySag: 0.5	link quality: 38	flight time: 0s                    	pos 0.03 -1.88 -0.02	yaw: 0.00	msg/s 0.0
INFO: 28-10-2022 19:58:15 log_status(187) -- Drogno_3: out of BOX	battery: 4.19                    	kalman var: 0.304 0.304 0.006                    	batterySag: 0.5	link quality: 38	flight time: 0s                    	pos 0.03 -2.93 -0.03	yaw: 0.01	msg/s 0.0
INFO: 28-10-2022 19:58:16 log_status(187) -- Drogno_3: out of BOX	battery: 4.19                    	kalman var: 0.478 0.478 0.007                    	batterySag: 0.5	link quality: 38	flight time: 0s                    	pos -0.00 -4.51 -0.05	yaw: 0.01	msg/s 0.0
INFO: 28-10-2022 19:58:17 log_status(187) -- Drogno_3: out of BOX	battery: 4.19                    	kalman var: 0.699 0.699 0.008                    	batterySag: 0.5	link quality: 38	flight time: 0s                    	pos -0.07 -6.46 -0.08	yaw: 0.02	msg/s 0.0
INFO: 28-10-2022 19:58:18 log_status(187) -- Drogno_3: out of BOX	battery: 4.19                    	kalman var: 0.92 0.92 0.009                    	batterySag: 0.5	link quality: 38	flight time: 0s                    	pos -0.16 -8.36 -0.10	yaw: 0.01	msg/s 0.0
INFO: 28-10-2022 19:58:19 log_status(187) -- Drogno_3: out of BOX	battery: 4.19                    	kalman var: 1.235 1.235 0.01                    	batterySag: 0.5	link quality: 38	flight time: 0s                    	pos -0.30 -10.98 -0.14	yaw: 0.02	msg/s 0.0
INFO: 28-10-2022 19:58:20 log_status(187) -- Drogno_3: out of BOX	battery: 4.19                    	kalman var: 1.54 1.539 0.012                    	batterySag: 0.5	link quality: 38	flight time: 0s                    	pos -0.45 -13.47 -0.17	yaw: 0.02	msg/s 0.0
INFO: 28-10-2022 19:58:22 log_status(187) -- Drogno_3: out of BOX	battery: 4.19                    	kalman var: 1.957 1.957 0.013                    	batterySag: 0.5	link quality: 38	flight time: 0s                    	pos -0.69 -16.78 -0.22	yaw: 0.02	msg/s 0.0
INFO: 28-10-2022 19:58:23 log_status(187) -- Drogno_3: out of BOX	battery: 4.19                    	kalman var: 2.354 2.354 0.014                    	batterySag: 0.5	link quality: 38	flight time: 0s                    	pos -0.92 -19.86 -0.26	yaw: 0.01	msg/s 0.0
INFO: 28-10-2022 19:58:24 log_status(187) -- Drogno_3: out of BOX	battery: 4.19                    	kalman var: 2.891 2.891 0.016                    	batterySag: 0.5	link quality: 38	flight time: 0s                    	pos -1.26 -23.91 -0.32	yaw: 0.01	msg/s 0.0
INFO: 28-10-2022 19:58:25 log_status(187) -- Drogno_3: out of BOX	battery: 4.19                    	kalman var: 3.393 3.393 0.017                    	batterySag: 0.5	link quality: 38	flight time: 0s                    	pos -1.60 -27.59 -0.38	yaw: 0.01	msg/s 0.0
INFO: 28-10-2022 19:58:26 log_status(187) -- Drogno_3: out of BOX	battery: 4.19                    	kalman var: 4.059 4.059 0.018                    	batterySag: 0.5	link quality: 38	flight time: 0s                    	pos -2.07 -32.41 -0.45	yaw: 0.00	msg/s 0.0
INFO: 28-10-2022 19:58:27 log_status(187) -- Drogno_3: out of BOX	battery: 4.19                    	kalman var: 4.672 4.672 0.02                    	batterySag: 0.5	link quality: 38	flight time: 0s                    	pos -2.52 -36.72 -0.52	yaw: 0.01	msg/s 0.0
INFO: 28-10-2022 19:58:28 log_status(187) -- Drogno_3: out of BOX	battery: 4.19                    	kalman var: 5.48 5.477 0.021                    	batterySag: 0.5	link quality: 39	flight time: 0s                    	pos -3.13 -42.25 -0.60	yaw: 0.01	msg/s 0.0
INFO: 28-10-2022 19:58:29 log_status(187) -- Drogno_3: out of BOX	battery: 4.19                    	kalman var: 6.215 6.215 0.023                    	batterySag: 0.5	link quality: 38	flight time: 0s                    	pos -3.71 -47.19 -0.67	yaw: 0.01	msg/s 0.0
INFO: 28-10-2022 19:58:30 log_status(187) -- Drogno_3: out of BOX	battery: 4.19                    	kalman var: 7.168 7.168 0.025                    	batterySag: 0.5	link quality: 38	flight time: 0s                    	pos -4.47 -53.47 -0.76	yaw: -0.00	msg/s 0.0
INFO: 28-10-2022 19:58:31 log_status(187) -- Drogno_3: out of BOX	battery: 4.19                    	kalman var: 8.039 8.039 0.026                    	batterySag: 0.5	link quality: 38	flight time: 0s                    	pos -5.19 -59.06 -0.84	yaw: 0.01	msg/s 0.0
INFO: 28-10-2022 19:58:33 log_status(187) -- Drogno_3: out of BOX	battery: 4.19                    	kalman var: 9.164 9.164 0.028                    	batterySag: 0.5	link quality: 38	flight time: 0s                    	pos -6.14 -66.12 -0.93	yaw: 0.02	msg/s 0.0
INFO: 28-10-2022 19:58:34 log_status(187) -- Drogno_3: out of BOX	battery: 4.19                    	kalman var: 10.172 10.172 0.03                    	batterySag: 0.5	link quality: 39	flight time: 0s                    	pos -7.00 -72.38 -1.01	yaw: 0.01	msg/s 0.0
INFO: 28-10-2022 19:58:35 log_status(187) -- Drogno_3: out of BOX	battery: 4.19                    	kalman var: 11.469 11.469 0.033                    	batterySag: 0.5	link quality: 39	flight time: 0s                    	pos -8.12 -80.25 -1.10	yaw: 0.00	msg/s 0.0
INFO: 28-10-2022 19:58:36 log_status(187) -- Drogno_3: out of BOX	battery: 4.19                    	kalman var: 12.633 12.633 0.035                    	batterySag: 0.5	link quality: 38	flight time: 0s                    	pos -9.13 -87.12 -1.17	yaw: 0.00	msg/s 0.0
INFO: 28-10-2022 19:58:37 log_status(187) -- Drogno_3: out of BOX	battery: 4.19                    	kalman var: 14.117 14.117 0.037                    	batterySag: 0.5	link quality: 38	flight time: 0s                    	pos -10.44 -95.81 -1.27	yaw: 0.01	msg/s 0.0
INFO: 28-10-2022 19:58:38 log_status(187) -- Drogno_3: ready	battery: 4.19                    	kalman var: 0.002 0.002 0.001                    	batterySag: 0.5	link quality: 38	flight time: 0s                    	pos 0.00 -0.02 -0.00	yaw: -0.00	msg/s 0.0
INFO: 28-10-2022 19:58:39 log_status(187) -- Drogno_3: BAD kalman	battery: 4.19                    	kalman var: 0.027 0.027 0.002                    	batterySag: 0.5	link quality: 38	flight time: 0s                    	pos 0.00 -0.28 -0.01	yaw: 0.00	msg/s 0.0
INFO: 28-10-2022 19:58:40 log_status(187) -- Drogno_3: BAD kalman	battery: 4.19                    	kalman var: 0.073 0.073 0.003                    	batterySag: 0.5	link quality: 38	flight time: 0s                    	pos -0.00 -0.74 -0.02	yaw: 0.00	msg/s 0.0
INFO: 28-10-2022 19:58:41 log_status(187) -- Drogno_3: BAD kalman	battery: 4.19                    	kalman var: 0.161 0.161 0.004                    	batterySag: 0.5	link quality: 38	flight time: 0s                    	pos -0.03 -1.59 -0.03	yaw: 0.01	msg/s 0.0
INFO: 28-10-2022 19:58:42 log_status(187) -- Drogno_3: BAD kalman	battery: 4.19                    	kalman var: 0.264 0.264 0.005                    	batterySag: 0.5	link quality: 39	flight time: 0s                    	pos -0.07 -2.56 -0.05	yaw: 0.01	msg/s 0.0
INFO: 28-10-2022 19:58:44 log_status(187) -- Drogno_3: out of BOX	battery: 4.19                    	kalman var: 0.425 0.425 0.006                    	batterySag: 0.5	link quality: 39	flight time: 0s                    	pos -0.17 -4.04 -0.08	yaw: -0.00	msg/s 0.0
INFO: 28-10-2022 19:58:45 log_status(187) -- Drogno_3: out of BOX	battery: 4.19                    	kalman var: 0.594 0.594 0.008                    	batterySag: 0.5	link quality: 38	flight time: 0s                    	pos -0.29 -5.55 -0.11	yaw: -0.00	msg/s 0.0
INFO: 28-10-2022 19:58:46 log_status(187) -- Drogno_3: out of BOX	battery: 4.19                    	kalman var: 0.84 0.84 0.009                    	batterySag: 0.5	link quality: 39	flight time: 0s                    	pos -0.48 -7.68 -0.15	yaw: -0.00	msg/s 0.0
INFO: 28-10-2022 19:58:47 log_status(187) -- Drogno_3: out of BOX	battery: 4.19                    	kalman var: 1.085 1.085 0.01                    	batterySag: 0.5	link quality: 39	flight time: 0s                    	pos -0.69 -9.76 -0.18	yaw: 0.01	msg/s 0.0
INFO: 28-10-2022 19:58:48 log_status(187) -- Drogno_3: out of BOX	battery: 4.19                    	kalman var: 1.43 1.43 0.011                    	batterySag: 0.5	link quality: 39	flight time: 0s                    	pos -1.01 -12.59 -0.24	yaw: 0.02	msg/s 0.0
INFO: 28-10-2022 19:58:49 log_status(187) -- Drogno_3: out of BOX	battery: 4.19                    	kalman var: 1.76 1.76 0.012                    	batterySag: 0.5	link quality: 39	flight time: 0s                    	pos -1.34 -15.25 -0.28	yaw: -0.00	msg/s 0.0
INFO: 28-10-2022 19:58:50 log_status(187) -- Drogno_3: out of BOX	battery: 4.19                    	kalman var: 2.215 2.213 0.014                    	batterySag: 0.5	link quality: 39	flight time: 0s                    	pos -1.80 -18.80 -0.34	yaw: -0.01	msg/s 0.0
INFO: 28-10-2022 19:58:51 log_status(187) -- Drogno_3: out of BOX	battery: 4.19                    	kalman var: 2.643 2.643 0.015                    	batterySag: 0.5	link quality: 38	flight time: 0s                    	pos -2.26 -22.05 -0.39	yaw: -0.00	msg/s 0.0
INFO: 28-10-2022 19:58:52 log_status(187) -- Drogno_3: out of BOX	battery: 4.19                    	kalman var: 3.215 3.215 0.016                    	batterySag: 0.5	link quality: 38	flight time: 0s                    	pos -2.88 -26.31 -0.46	yaw: 0.00	msg/s 0.0
INFO: 28-10-2022 19:58:53 log_status(187) -- Drogno_3: out of BOX	battery: 4.19                    	kalman var: 3.744 3.744 0.018                    	batterySag: 0.5	link quality: 39	flight time: 0s                    	pos -3.47 -30.16 -0.52	yaw: 0.00	msg/s 0.0
INFO: 28-10-2022 19:58:55 log_status(187) -- Drogno_3: out of BOX	battery: 4.19                    	kalman var: 4.449 4.449 0.019                    	batterySag: 0.5	link quality: 39	flight time: 0s                    	pos -4.27 -35.16 -0.60	yaw: 0.00	msg/s 0.0
INFO: 28-10-2022 19:58:56 log_status(187) -- Drogno_3: out of BOX	battery: 4.19                    	kalman var: 5.098 5.098 0.021                    	batterySag: 0.5	link quality: 39	flight time: 0s                    	pos -5.00 -39.66 -0.67	yaw: -0.00	msg/s 0.0
INFO: 28-10-2022 19:58:57 log_status(187) -- Drogno_3: out of BOX	battery: 4.19                    	kalman var: 5.949 5.949 0.023                    	batterySag: 0.5	link quality: 38	flight time: 0s                    	pos -5.97 -45.41 -0.75	yaw: 0.00	msg/s 0.0
INFO: 28-10-2022 19:58:58 log_status(187) -- Drogno_3: out of BOX	battery: 4.19                    	kalman var: 6.723 6.723 0.024                    	batterySag: 0.5	link quality: 38	flight time: 0s                    	pos -6.86 -50.53 -0.82	yaw: 0.01	msg/s 0.0
INFO: 28-10-2022 19:58:59 log_status(187) -- Drogno_3: out of BOX	battery: 4.19                    	kalman var: 7.73 7.73 0.026                    	batterySag: 0.5	link quality: 39	flight time: 0s                    	pos -8.03 -57.06 -0.91	yaw: 0.02	msg/s 0.0
INFO: 28-10-2022 19:59:00 log_status(187) -- Drogno_3: out of BOX	battery: 4.19                    	kalman var: 8.633 8.633 0.028                    	batterySag: 0.5	link quality: 38	flight time: 0s                    	pos -9.08 -62.78 -0.99	yaw: 0.03	msg/s 0.0
INFO: 28-10-2022 19:59:01 log_status(187) -- Drogno_3: out of BOX	battery: 4.19                    	kalman var: 9.805 9.805 0.03                    	batterySag: 0.5	link quality: 38	flight time: 0s                    	pos -10.44 -70.06 -1.09	yaw: 0.04	msg/s 0.0
INFO: 28-10-2022 19:59:02 log_status(187) -- Drogno_3: out of BOX	battery: 4.19                    	kalman var: 10.859 10.859 0.032                    	batterySag: 0.5	link quality: 39	flight time: 0s                    	pos -11.65 -76.44 -1.17	yaw: 0.03	msg/s 0.0
INFO: 28-10-2022 19:59:03 log_status(187) -- Drogno_3: out of BOX	battery: 4.19                    	kalman var: 12.211 12.211 0.035                    	batterySag: 0.5	link quality: 38	flight time: 0s                    	pos -13.20 -84.56 -1.28	yaw: 0.04	msg/s 0.0
INFO: 28-10-2022 19:59:04 log_status(187) -- Drogno_3: out of BOX	battery: 4.19                    	kalman var: 13.422 13.422 0.037                    	batterySag: 0.5	link quality: 38	flight time: 0s                    	pos -14.58 -91.56 -1.36	yaw: 0.04	msg/s 0.0
INFO: 28-10-2022 19:59:06 log_status(187) -- Drogno_3: ready	battery: 4.19                    	kalman var: 0.0 0.0 0.0                    	batterySag: 0.5	link quality: 38	flight time: 0s                    	pos 0.00 -0.00 0.00	yaw: 0.00	msg/s 0.0
INFO: 28-10-2022 19:59:07 log_status(187) -- Drogno_3: BAD kalman	battery: 4.19                    	kalman var: 0.011 0.011 0.001                    	batterySag: 0.5	link quality: 38	flight time: 0s                    	pos 0.00 -0.11 -0.00	yaw: -0.00	msg/s 0.0
INFO: 28-10-2022 19:59:08 log_status(187) -- Drogno_3: BAD kalman	battery: 4.19                    	kalman var: 0.053 0.053 0.002                    	batterySag: 0.5	link quality: 38	flight time: 0s                    	pos 0.01 -0.53 -0.01	yaw: 0.00	msg/s 0.0
INFO: 28-10-2022 19:59:09 log_status(187) -- Drogno_3: BAD kalman	battery: 4.19                    	kalman var: 0.114 0.114 0.004                    	batterySag: 0.5	link quality: 38	flight time: 0s                    	pos -0.01 -1.13 -0.02	yaw: 0.01	msg/s 0.0
INFO: 28-10-2022 19:59:10 log_status(187) -- Drogno_3: BAD kalman	battery: 4.19                    	kalman var: 0.221 0.221 0.005                    	batterySag: 0.5	link quality: 38	flight time: 0s                    	pos -0.04 -2.15 -0.04	yaw: 0.02	msg/s 0.0
INFO: 28-10-2022 19:59:11 log_status(187) -- Drogno_3: out of BOX	battery: 4.19                    	kalman var: 0.341 0.341 0.006                    	batterySag: 0.5	link quality: 38	flight time: 0s                    	pos -0.09 -3.27 -0.06	yaw: 0.02	msg/s 0.0
INFO: 28-10-2022 19:59:12 log_status(187) -- Drogno_3: out of BOX	battery: 4.19                    	kalman var: 0.526 0.526 0.007                    	batterySag: 0.5	link quality: 38	flight time: 0s                    	pos -0.18 -4.94 -0.08	yaw: 0.02	msg/s 0.0
INFO: 28-10-2022 19:59:13 log_status(187) -- Drogno_3: out of BOX	battery: 4.19                    	kalman var: 0.715 0.715 0.008                    	batterySag: 0.5	link quality: 38	flight time: 0s                    	pos -0.30 -6.60 -0.11	yaw: 0.02	msg/s 0.0
INFO: 28-10-2022 19:59:14 log_status(187) -- Drogno_3: out of BOX	battery: 4.19                    	kalman var: 0.987 0.987 0.009                    	batterySag: 0.5	link quality: 38	flight time: 0s                    	pos -0.51 -8.93 -0.14	yaw: 0.03	msg/s 0.0
INFO: 28-10-2022 19:59:15 log_status(187) -- Drogno_3: out of BOX	battery: 4.19                    	kalman var: 1.256 1.256 0.011                    	batterySag: 0.5	link quality: 38	flight time: 0s                    	pos -0.73 -11.16 -0.17	yaw: 0.03	msg/s 0.0
INFO: 28-10-2022 19:59:17 log_status(187) -- Drogno_3: out of BOX	battery: 4.19                    	kalman var: 1.631 1.631 0.012                    	batterySag: 0.5	link quality: 38	flight time: 0s                    	pos -1.06 -14.20 -0.21	yaw: 0.02	msg/s 0.0
INFO: 28-10-2022 19:59:18 log_status(187) -- Drogno_3: out of BOX	battery: 4.19                    	kalman var: 1.988 1.988 0.013                    	batterySag: 0.5	link quality: 38	flight time: 0s                    	pos -1.39 -17.03 -0.25	yaw: 0.02	msg/s 0.0
INFO: 28-10-2022 19:59:19 log_status(187) -- Drogno_3: out of BOX	battery: 4.19                    	kalman var: 2.475 2.475 0.015                    	batterySag: 0.5	link quality: 38	flight time: 0s                    	pos -1.87 -20.78 -0.30	yaw: 0.02	msg/s 0.0
INFO: 28-10-2022 19:59:20 log_status(187) -- Drogno_3: out of BOX	battery: 4.19                    	kalman var: 2.926 2.926 0.016                    	batterySag: 0.5	link quality: 38	flight time: 0s                    	pos -2.33 -24.19 -0.34	yaw: 0.03	msg/s 0.0
INFO: 28-10-2022 19:59:21 log_status(187) -- Drogno_3: out of BOX	battery: 4.19                    	kalman var: 3.535 3.535 0.017                    	batterySag: 0.5	link quality: 38	flight time: 0s                    	pos -2.97 -28.69 -0.40	yaw: 0.03	msg/s 0.0
INFO: 28-10-2022 19:59:22 log_status(187) -- Drogno_3: out of BOX	battery: 4.19                    	kalman var: 4.102 4.102 0.019                    	batterySag: 0.5	link quality: 38	flight time: 0s                    	pos -3.58 -32.75 -0.45	yaw: 0.02	msg/s 0.0
INFO: 28-10-2022 19:59:23 log_status(187) -- Drogno_3: out of BOX	battery: 4.19                    	kalman var: 4.848 4.848 0.02                    	batterySag: 0.5	link quality: 38	flight time: 0s                    	pos -4.40 -38.03 -0.50	yaw: 0.00	msg/s 0.0
INFO: 28-10-2022 19:59:24 log_status(187) -- Drogno_3: out of BOX	battery: 4.19                    	kalman var: 5.531 5.531 0.022                    	batterySag: 0.5	link quality: 38	flight time: 0s                    	pos -5.16 -42.72 -0.55	yaw: 0.00	msg/s 0.0
INFO: 28-10-2022 19:59:25 log_status(187) -- Drogno_3: out of BOX	battery: 4.19                    	kalman var: 6.422 6.418 0.024                    	batterySag: 0.5	link quality: 38	flight time: 0s                    	pos -6.16 -48.72 -0.61	yaw: 0.01	msg/s 0.0
INFO: 28-10-2022 19:59:26 log_status(187) -- Drogno_3: out of BOX	battery: 4.19                    	kalman var: 7.23 7.23 0.025                    	batterySag: 0.5	link quality: 39	flight time: 0s                    	pos -7.07 -54.03 -0.66	yaw: 0.01	msg/s 0.0
INFO: 28-10-2022 19:59:28 log_status(187) -- Drogno_3: out of BOX	battery: 4.19                    	kalman var: 8.281 8.281 0.028                    	batterySag: 0.5	link quality: 39	flight time: 0s                    	pos -8.27 -60.84 -0.72	yaw: 0.00	msg/s 0.0
WARNING: 28-10-2022 19:59:28 exit(678) -- closing Drogno_3
